[2022-09-02T11:47:25.454+0000] {processor.py:153} INFO - Started process (PID=280) to work on /home/airflow/.local/lib/python3.7/site-packages/airflow/example_dags/example_bash_operator.py
[2022-09-02T11:47:25.456+0000] {processor.py:640} INFO - Processing file /home/airflow/.local/lib/python3.7/site-packages/airflow/example_dags/example_bash_operator.py for tasks to queue
[2022-09-02T11:47:25.457+0000] {logging_mixin.py:115} INFO - [2022-09-02T11:47:25.457+0000] {dagbag.py:508} INFO - Filling up the DagBag from /home/airflow/.local/lib/python3.7/site-packages/airflow/example_dags/example_bash_operator.py
[2022-09-02T11:47:25.466+0000] {processor.py:650} INFO - DAG(s) dict_keys(['example_bash_operator']) retrieved from /home/airflow/.local/lib/python3.7/site-packages/airflow/example_dags/example_bash_operator.py
[2022-09-02T11:47:25.532+0000] {logging_mixin.py:115} INFO - [2022-09-02T11:47:25.532+0000] {manager.py:508} INFO - Created Permission View: can edit on DAG:example_bash_operator
[2022-09-02T11:47:25.539+0000] {logging_mixin.py:115} INFO - [2022-09-02T11:47:25.539+0000] {manager.py:508} INFO - Created Permission View: can delete on DAG:example_bash_operator
[2022-09-02T11:47:25.544+0000] {logging_mixin.py:115} INFO - [2022-09-02T11:47:25.544+0000] {manager.py:508} INFO - Created Permission View: can read on DAG:example_bash_operator
[2022-09-02T11:47:25.546+0000] {logging_mixin.py:115} INFO - [2022-09-02T11:47:25.546+0000] {dag.py:2429} INFO - Sync 1 DAGs
[2022-09-02T11:47:25.552+0000] {logging_mixin.py:115} INFO - [2022-09-02T11:47:25.552+0000] {dag.py:2448} INFO - Creating ORM DAG for example_bash_operator
[2022-09-02T11:47:25.561+0000] {logging_mixin.py:115} INFO - [2022-09-02T11:47:25.561+0000] {dag.py:2981} INFO - Setting next_dagrun for example_bash_operator to 2022-09-01T00:00:00+00:00, run_after=2022-09-02T00:00:00+00:00
[2022-09-02T11:47:25.571+0000] {processor.py:161} INFO - Processing /home/airflow/.local/lib/python3.7/site-packages/airflow/example_dags/example_bash_operator.py took 0.120 seconds
[2022-09-02T11:47:55.668+0000] {processor.py:153} INFO - Started process (PID=477) to work on /home/airflow/.local/lib/python3.7/site-packages/airflow/example_dags/example_bash_operator.py
[2022-09-02T11:47:55.670+0000] {processor.py:640} INFO - Processing file /home/airflow/.local/lib/python3.7/site-packages/airflow/example_dags/example_bash_operator.py for tasks to queue
[2022-09-02T11:47:55.671+0000] {logging_mixin.py:115} INFO - [2022-09-02T11:47:55.671+0000] {dagbag.py:508} INFO - Filling up the DagBag from /home/airflow/.local/lib/python3.7/site-packages/airflow/example_dags/example_bash_operator.py
[2022-09-02T11:47:55.678+0000] {processor.py:650} INFO - DAG(s) dict_keys(['example_bash_operator']) retrieved from /home/airflow/.local/lib/python3.7/site-packages/airflow/example_dags/example_bash_operator.py
[2022-09-02T11:47:55.702+0000] {logging_mixin.py:115} INFO - [2022-09-02T11:47:55.702+0000] {dag.py:2429} INFO - Sync 1 DAGs
[2022-09-02T11:47:55.717+0000] {logging_mixin.py:115} INFO - [2022-09-02T11:47:55.717+0000] {dag.py:2981} INFO - Setting next_dagrun for example_bash_operator to 2022-09-01T00:00:00+00:00, run_after=2022-09-02T00:00:00+00:00
[2022-09-02T11:47:55.726+0000] {processor.py:161} INFO - Processing /home/airflow/.local/lib/python3.7/site-packages/airflow/example_dags/example_bash_operator.py took 0.060 seconds
[2022-09-02T11:48:25.937+0000] {processor.py:153} INFO - Started process (PID=677) to work on /home/airflow/.local/lib/python3.7/site-packages/airflow/example_dags/example_bash_operator.py
[2022-09-02T11:48:25.938+0000] {processor.py:640} INFO - Processing file /home/airflow/.local/lib/python3.7/site-packages/airflow/example_dags/example_bash_operator.py for tasks to queue
[2022-09-02T11:48:25.939+0000] {logging_mixin.py:115} INFO - [2022-09-02T11:48:25.939+0000] {dagbag.py:508} INFO - Filling up the DagBag from /home/airflow/.local/lib/python3.7/site-packages/airflow/example_dags/example_bash_operator.py
[2022-09-02T11:48:25.947+0000] {processor.py:650} INFO - DAG(s) dict_keys(['example_bash_operator']) retrieved from /home/airflow/.local/lib/python3.7/site-packages/airflow/example_dags/example_bash_operator.py
[2022-09-02T11:48:25.968+0000] {logging_mixin.py:115} INFO - [2022-09-02T11:48:25.968+0000] {dag.py:2429} INFO - Sync 1 DAGs
[2022-09-02T11:48:25.982+0000] {logging_mixin.py:115} INFO - [2022-09-02T11:48:25.982+0000] {dag.py:2981} INFO - Setting next_dagrun for example_bash_operator to 2022-09-01T00:00:00+00:00, run_after=2022-09-02T00:00:00+00:00
[2022-09-02T11:48:25.989+0000] {processor.py:161} INFO - Processing /home/airflow/.local/lib/python3.7/site-packages/airflow/example_dags/example_bash_operator.py took 0.055 seconds
[2022-09-02T11:48:56.854+0000] {processor.py:153} INFO - Started process (PID=871) to work on /home/airflow/.local/lib/python3.7/site-packages/airflow/example_dags/example_bash_operator.py
[2022-09-02T11:48:56.856+0000] {processor.py:640} INFO - Processing file /home/airflow/.local/lib/python3.7/site-packages/airflow/example_dags/example_bash_operator.py for tasks to queue
[2022-09-02T11:48:56.857+0000] {logging_mixin.py:115} INFO - [2022-09-02T11:48:56.857+0000] {dagbag.py:508} INFO - Filling up the DagBag from /home/airflow/.local/lib/python3.7/site-packages/airflow/example_dags/example_bash_operator.py
[2022-09-02T11:48:56.865+0000] {processor.py:650} INFO - DAG(s) dict_keys(['example_bash_operator']) retrieved from /home/airflow/.local/lib/python3.7/site-packages/airflow/example_dags/example_bash_operator.py
[2022-09-02T11:48:56.889+0000] {logging_mixin.py:115} INFO - [2022-09-02T11:48:56.889+0000] {dag.py:2429} INFO - Sync 1 DAGs
[2022-09-02T11:48:56.906+0000] {logging_mixin.py:115} INFO - [2022-09-02T11:48:56.906+0000] {dag.py:2981} INFO - Setting next_dagrun for example_bash_operator to 2022-09-01T00:00:00+00:00, run_after=2022-09-02T00:00:00+00:00
[2022-09-02T11:48:56.918+0000] {processor.py:161} INFO - Processing /home/airflow/.local/lib/python3.7/site-packages/airflow/example_dags/example_bash_operator.py took 0.066 seconds
[2022-09-02T11:49:27.712+0000] {processor.py:153} INFO - Started process (PID=1068) to work on /home/airflow/.local/lib/python3.7/site-packages/airflow/example_dags/example_bash_operator.py
[2022-09-02T11:49:27.714+0000] {processor.py:640} INFO - Processing file /home/airflow/.local/lib/python3.7/site-packages/airflow/example_dags/example_bash_operator.py for tasks to queue
[2022-09-02T11:49:27.715+0000] {logging_mixin.py:115} INFO - [2022-09-02T11:49:27.715+0000] {dagbag.py:508} INFO - Filling up the DagBag from /home/airflow/.local/lib/python3.7/site-packages/airflow/example_dags/example_bash_operator.py
[2022-09-02T11:49:27.723+0000] {processor.py:650} INFO - DAG(s) dict_keys(['example_bash_operator']) retrieved from /home/airflow/.local/lib/python3.7/site-packages/airflow/example_dags/example_bash_operator.py
[2022-09-02T11:49:27.749+0000] {logging_mixin.py:115} INFO - [2022-09-02T11:49:27.749+0000] {dag.py:2429} INFO - Sync 1 DAGs
[2022-09-02T11:49:27.766+0000] {logging_mixin.py:115} INFO - [2022-09-02T11:49:27.766+0000] {dag.py:2981} INFO - Setting next_dagrun for example_bash_operator to 2022-09-01T00:00:00+00:00, run_after=2022-09-02T00:00:00+00:00
[2022-09-02T11:49:27.775+0000] {processor.py:161} INFO - Processing /home/airflow/.local/lib/python3.7/site-packages/airflow/example_dags/example_bash_operator.py took 0.065 seconds
[2022-09-02T11:49:58.586+0000] {processor.py:153} INFO - Started process (PID=1256) to work on /home/airflow/.local/lib/python3.7/site-packages/airflow/example_dags/example_bash_operator.py
[2022-09-02T11:49:58.588+0000] {processor.py:640} INFO - Processing file /home/airflow/.local/lib/python3.7/site-packages/airflow/example_dags/example_bash_operator.py for tasks to queue
[2022-09-02T11:49:58.590+0000] {logging_mixin.py:115} INFO - [2022-09-02T11:49:58.590+0000] {dagbag.py:508} INFO - Filling up the DagBag from /home/airflow/.local/lib/python3.7/site-packages/airflow/example_dags/example_bash_operator.py
[2022-09-02T11:49:58.598+0000] {processor.py:650} INFO - DAG(s) dict_keys(['example_bash_operator']) retrieved from /home/airflow/.local/lib/python3.7/site-packages/airflow/example_dags/example_bash_operator.py
[2022-09-02T11:49:58.624+0000] {logging_mixin.py:115} INFO - [2022-09-02T11:49:58.624+0000] {dag.py:2429} INFO - Sync 1 DAGs
[2022-09-02T11:49:58.639+0000] {logging_mixin.py:115} INFO - [2022-09-02T11:49:58.639+0000] {dag.py:2981} INFO - Setting next_dagrun for example_bash_operator to 2022-09-01T00:00:00+00:00, run_after=2022-09-02T00:00:00+00:00
[2022-09-02T11:49:58.647+0000] {processor.py:161} INFO - Processing /home/airflow/.local/lib/python3.7/site-packages/airflow/example_dags/example_bash_operator.py took 0.064 seconds
[2022-09-02T11:50:29.432+0000] {processor.py:153} INFO - Started process (PID=1453) to work on /home/airflow/.local/lib/python3.7/site-packages/airflow/example_dags/example_bash_operator.py
[2022-09-02T11:50:29.434+0000] {processor.py:640} INFO - Processing file /home/airflow/.local/lib/python3.7/site-packages/airflow/example_dags/example_bash_operator.py for tasks to queue
[2022-09-02T11:50:29.435+0000] {logging_mixin.py:115} INFO - [2022-09-02T11:50:29.435+0000] {dagbag.py:508} INFO - Filling up the DagBag from /home/airflow/.local/lib/python3.7/site-packages/airflow/example_dags/example_bash_operator.py
[2022-09-02T11:50:29.444+0000] {processor.py:650} INFO - DAG(s) dict_keys(['example_bash_operator']) retrieved from /home/airflow/.local/lib/python3.7/site-packages/airflow/example_dags/example_bash_operator.py
[2022-09-02T11:50:29.465+0000] {logging_mixin.py:115} INFO - [2022-09-02T11:50:29.465+0000] {dag.py:2429} INFO - Sync 1 DAGs
[2022-09-02T11:50:29.480+0000] {logging_mixin.py:115} INFO - [2022-09-02T11:50:29.480+0000] {dag.py:2981} INFO - Setting next_dagrun for example_bash_operator to 2022-09-01T00:00:00+00:00, run_after=2022-09-02T00:00:00+00:00
[2022-09-02T11:50:29.487+0000] {processor.py:161} INFO - Processing /home/airflow/.local/lib/python3.7/site-packages/airflow/example_dags/example_bash_operator.py took 0.057 seconds
[2022-09-02T11:51:00.085+0000] {processor.py:153} INFO - Started process (PID=1652) to work on /home/airflow/.local/lib/python3.7/site-packages/airflow/example_dags/example_bash_operator.py
[2022-09-02T11:51:00.087+0000] {processor.py:640} INFO - Processing file /home/airflow/.local/lib/python3.7/site-packages/airflow/example_dags/example_bash_operator.py for tasks to queue
[2022-09-02T11:51:00.088+0000] {logging_mixin.py:115} INFO - [2022-09-02T11:51:00.088+0000] {dagbag.py:508} INFO - Filling up the DagBag from /home/airflow/.local/lib/python3.7/site-packages/airflow/example_dags/example_bash_operator.py
[2022-09-02T11:51:00.096+0000] {processor.py:650} INFO - DAG(s) dict_keys(['example_bash_operator']) retrieved from /home/airflow/.local/lib/python3.7/site-packages/airflow/example_dags/example_bash_operator.py
[2022-09-02T11:51:00.117+0000] {logging_mixin.py:115} INFO - [2022-09-02T11:51:00.117+0000] {dag.py:2429} INFO - Sync 1 DAGs
[2022-09-02T11:51:00.132+0000] {logging_mixin.py:115} INFO - [2022-09-02T11:51:00.131+0000] {dag.py:2981} INFO - Setting next_dagrun for example_bash_operator to 2022-09-01T00:00:00+00:00, run_after=2022-09-02T00:00:00+00:00
[2022-09-02T11:51:00.141+0000] {processor.py:161} INFO - Processing /home/airflow/.local/lib/python3.7/site-packages/airflow/example_dags/example_bash_operator.py took 0.057 seconds
[2022-09-02T11:51:30.885+0000] {processor.py:153} INFO - Started process (PID=1850) to work on /home/airflow/.local/lib/python3.7/site-packages/airflow/example_dags/example_bash_operator.py
[2022-09-02T11:51:30.886+0000] {processor.py:640} INFO - Processing file /home/airflow/.local/lib/python3.7/site-packages/airflow/example_dags/example_bash_operator.py for tasks to queue
[2022-09-02T11:51:30.888+0000] {logging_mixin.py:115} INFO - [2022-09-02T11:51:30.887+0000] {dagbag.py:508} INFO - Filling up the DagBag from /home/airflow/.local/lib/python3.7/site-packages/airflow/example_dags/example_bash_operator.py
[2022-09-02T11:51:30.896+0000] {processor.py:650} INFO - DAG(s) dict_keys(['example_bash_operator']) retrieved from /home/airflow/.local/lib/python3.7/site-packages/airflow/example_dags/example_bash_operator.py
[2022-09-02T11:51:30.919+0000] {logging_mixin.py:115} INFO - [2022-09-02T11:51:30.918+0000] {dag.py:2429} INFO - Sync 1 DAGs
[2022-09-02T11:51:30.938+0000] {logging_mixin.py:115} INFO - [2022-09-02T11:51:30.938+0000] {dag.py:2981} INFO - Setting next_dagrun for example_bash_operator to 2022-09-01T00:00:00+00:00, run_after=2022-09-02T00:00:00+00:00
[2022-09-02T11:51:30.949+0000] {processor.py:161} INFO - Processing /home/airflow/.local/lib/python3.7/site-packages/airflow/example_dags/example_bash_operator.py took 0.066 seconds
[2022-09-02T11:52:01.788+0000] {processor.py:153} INFO - Started process (PID=2047) to work on /home/airflow/.local/lib/python3.7/site-packages/airflow/example_dags/example_bash_operator.py
[2022-09-02T11:52:01.791+0000] {processor.py:640} INFO - Processing file /home/airflow/.local/lib/python3.7/site-packages/airflow/example_dags/example_bash_operator.py for tasks to queue
[2022-09-02T11:52:01.792+0000] {logging_mixin.py:115} INFO - [2022-09-02T11:52:01.792+0000] {dagbag.py:508} INFO - Filling up the DagBag from /home/airflow/.local/lib/python3.7/site-packages/airflow/example_dags/example_bash_operator.py
[2022-09-02T11:52:01.801+0000] {processor.py:650} INFO - DAG(s) dict_keys(['example_bash_operator']) retrieved from /home/airflow/.local/lib/python3.7/site-packages/airflow/example_dags/example_bash_operator.py
[2022-09-02T11:52:01.826+0000] {logging_mixin.py:115} INFO - [2022-09-02T11:52:01.826+0000] {dag.py:2429} INFO - Sync 1 DAGs
[2022-09-02T11:52:01.848+0000] {logging_mixin.py:115} INFO - [2022-09-02T11:52:01.848+0000] {dag.py:2981} INFO - Setting next_dagrun for example_bash_operator to 2022-09-01T00:00:00+00:00, run_after=2022-09-02T00:00:00+00:00
[2022-09-02T11:52:01.858+0000] {processor.py:161} INFO - Processing /home/airflow/.local/lib/python3.7/site-packages/airflow/example_dags/example_bash_operator.py took 0.072 seconds
[2022-09-02T11:52:32.690+0000] {processor.py:153} INFO - Started process (PID=2244) to work on /home/airflow/.local/lib/python3.7/site-packages/airflow/example_dags/example_bash_operator.py
[2022-09-02T11:52:32.692+0000] {processor.py:640} INFO - Processing file /home/airflow/.local/lib/python3.7/site-packages/airflow/example_dags/example_bash_operator.py for tasks to queue
[2022-09-02T11:52:32.693+0000] {logging_mixin.py:115} INFO - [2022-09-02T11:52:32.693+0000] {dagbag.py:508} INFO - Filling up the DagBag from /home/airflow/.local/lib/python3.7/site-packages/airflow/example_dags/example_bash_operator.py
[2022-09-02T11:52:32.701+0000] {processor.py:650} INFO - DAG(s) dict_keys(['example_bash_operator']) retrieved from /home/airflow/.local/lib/python3.7/site-packages/airflow/example_dags/example_bash_operator.py
[2022-09-02T11:52:32.721+0000] {logging_mixin.py:115} INFO - [2022-09-02T11:52:32.721+0000] {dag.py:2429} INFO - Sync 1 DAGs
[2022-09-02T11:52:32.737+0000] {logging_mixin.py:115} INFO - [2022-09-02T11:52:32.737+0000] {dag.py:2981} INFO - Setting next_dagrun for example_bash_operator to 2022-09-01T00:00:00+00:00, run_after=2022-09-02T00:00:00+00:00
[2022-09-02T11:52:32.745+0000] {processor.py:161} INFO - Processing /home/airflow/.local/lib/python3.7/site-packages/airflow/example_dags/example_bash_operator.py took 0.057 seconds
[2022-09-02T11:53:03.366+0000] {processor.py:153} INFO - Started process (PID=2433) to work on /home/airflow/.local/lib/python3.7/site-packages/airflow/example_dags/example_bash_operator.py
[2022-09-02T11:53:03.369+0000] {processor.py:640} INFO - Processing file /home/airflow/.local/lib/python3.7/site-packages/airflow/example_dags/example_bash_operator.py for tasks to queue
[2022-09-02T11:53:03.370+0000] {logging_mixin.py:115} INFO - [2022-09-02T11:53:03.370+0000] {dagbag.py:508} INFO - Filling up the DagBag from /home/airflow/.local/lib/python3.7/site-packages/airflow/example_dags/example_bash_operator.py
[2022-09-02T11:53:03.378+0000] {processor.py:650} INFO - DAG(s) dict_keys(['example_bash_operator']) retrieved from /home/airflow/.local/lib/python3.7/site-packages/airflow/example_dags/example_bash_operator.py
[2022-09-02T11:53:03.403+0000] {logging_mixin.py:115} INFO - [2022-09-02T11:53:03.402+0000] {dag.py:2429} INFO - Sync 1 DAGs
[2022-09-02T11:53:03.420+0000] {logging_mixin.py:115} INFO - [2022-09-02T11:53:03.420+0000] {dag.py:2981} INFO - Setting next_dagrun for example_bash_operator to 2022-09-01T00:00:00+00:00, run_after=2022-09-02T00:00:00+00:00
[2022-09-02T11:53:03.430+0000] {processor.py:161} INFO - Processing /home/airflow/.local/lib/python3.7/site-packages/airflow/example_dags/example_bash_operator.py took 0.065 seconds
[2022-09-02T11:53:34.204+0000] {processor.py:153} INFO - Started process (PID=2631) to work on /home/airflow/.local/lib/python3.7/site-packages/airflow/example_dags/example_bash_operator.py
[2022-09-02T11:53:34.206+0000] {processor.py:640} INFO - Processing file /home/airflow/.local/lib/python3.7/site-packages/airflow/example_dags/example_bash_operator.py for tasks to queue
[2022-09-02T11:53:34.207+0000] {logging_mixin.py:115} INFO - [2022-09-02T11:53:34.207+0000] {dagbag.py:508} INFO - Filling up the DagBag from /home/airflow/.local/lib/python3.7/site-packages/airflow/example_dags/example_bash_operator.py
[2022-09-02T11:53:34.214+0000] {processor.py:650} INFO - DAG(s) dict_keys(['example_bash_operator']) retrieved from /home/airflow/.local/lib/python3.7/site-packages/airflow/example_dags/example_bash_operator.py
[2022-09-02T11:53:34.236+0000] {logging_mixin.py:115} INFO - [2022-09-02T11:53:34.236+0000] {dag.py:2429} INFO - Sync 1 DAGs
[2022-09-02T11:53:34.253+0000] {logging_mixin.py:115} INFO - [2022-09-02T11:53:34.253+0000] {dag.py:2981} INFO - Setting next_dagrun for example_bash_operator to 2022-09-01T00:00:00+00:00, run_after=2022-09-02T00:00:00+00:00
[2022-09-02T11:53:34.261+0000] {processor.py:161} INFO - Processing /home/airflow/.local/lib/python3.7/site-packages/airflow/example_dags/example_bash_operator.py took 0.059 seconds
[2022-09-02T11:54:04.995+0000] {processor.py:153} INFO - Started process (PID=2828) to work on /home/airflow/.local/lib/python3.7/site-packages/airflow/example_dags/example_bash_operator.py
[2022-09-02T11:54:04.997+0000] {processor.py:640} INFO - Processing file /home/airflow/.local/lib/python3.7/site-packages/airflow/example_dags/example_bash_operator.py for tasks to queue
[2022-09-02T11:54:04.998+0000] {logging_mixin.py:115} INFO - [2022-09-02T11:54:04.998+0000] {dagbag.py:508} INFO - Filling up the DagBag from /home/airflow/.local/lib/python3.7/site-packages/airflow/example_dags/example_bash_operator.py
[2022-09-02T11:54:05.006+0000] {processor.py:650} INFO - DAG(s) dict_keys(['example_bash_operator']) retrieved from /home/airflow/.local/lib/python3.7/site-packages/airflow/example_dags/example_bash_operator.py
[2022-09-02T11:54:05.027+0000] {logging_mixin.py:115} INFO - [2022-09-02T11:54:05.027+0000] {dag.py:2429} INFO - Sync 1 DAGs
[2022-09-02T11:54:05.043+0000] {logging_mixin.py:115} INFO - [2022-09-02T11:54:05.043+0000] {dag.py:2981} INFO - Setting next_dagrun for example_bash_operator to 2022-09-01T00:00:00+00:00, run_after=2022-09-02T00:00:00+00:00
[2022-09-02T11:54:05.052+0000] {processor.py:161} INFO - Processing /home/airflow/.local/lib/python3.7/site-packages/airflow/example_dags/example_bash_operator.py took 0.059 seconds
[2022-09-02T11:54:35.795+0000] {processor.py:153} INFO - Started process (PID=3024) to work on /home/airflow/.local/lib/python3.7/site-packages/airflow/example_dags/example_bash_operator.py
[2022-09-02T11:54:35.797+0000] {processor.py:640} INFO - Processing file /home/airflow/.local/lib/python3.7/site-packages/airflow/example_dags/example_bash_operator.py for tasks to queue
[2022-09-02T11:54:35.798+0000] {logging_mixin.py:115} INFO - [2022-09-02T11:54:35.798+0000] {dagbag.py:508} INFO - Filling up the DagBag from /home/airflow/.local/lib/python3.7/site-packages/airflow/example_dags/example_bash_operator.py
[2022-09-02T11:54:35.808+0000] {processor.py:650} INFO - DAG(s) dict_keys(['example_bash_operator']) retrieved from /home/airflow/.local/lib/python3.7/site-packages/airflow/example_dags/example_bash_operator.py
[2022-09-02T11:54:35.831+0000] {logging_mixin.py:115} INFO - [2022-09-02T11:54:35.830+0000] {dag.py:2429} INFO - Sync 1 DAGs
[2022-09-02T11:54:35.846+0000] {logging_mixin.py:115} INFO - [2022-09-02T11:54:35.846+0000] {dag.py:2981} INFO - Setting next_dagrun for example_bash_operator to 2022-09-01T00:00:00+00:00, run_after=2022-09-02T00:00:00+00:00
[2022-09-02T11:54:35.855+0000] {processor.py:161} INFO - Processing /home/airflow/.local/lib/python3.7/site-packages/airflow/example_dags/example_bash_operator.py took 0.062 seconds
[2022-09-02T11:55:06.580+0000] {processor.py:153} INFO - Started process (PID=3222) to work on /home/airflow/.local/lib/python3.7/site-packages/airflow/example_dags/example_bash_operator.py
[2022-09-02T11:55:06.581+0000] {processor.py:640} INFO - Processing file /home/airflow/.local/lib/python3.7/site-packages/airflow/example_dags/example_bash_operator.py for tasks to queue
[2022-09-02T11:55:06.583+0000] {logging_mixin.py:115} INFO - [2022-09-02T11:55:06.582+0000] {dagbag.py:508} INFO - Filling up the DagBag from /home/airflow/.local/lib/python3.7/site-packages/airflow/example_dags/example_bash_operator.py
[2022-09-02T11:55:06.591+0000] {processor.py:650} INFO - DAG(s) dict_keys(['example_bash_operator']) retrieved from /home/airflow/.local/lib/python3.7/site-packages/airflow/example_dags/example_bash_operator.py
[2022-09-02T11:55:06.614+0000] {logging_mixin.py:115} INFO - [2022-09-02T11:55:06.614+0000] {dag.py:2429} INFO - Sync 1 DAGs
[2022-09-02T11:55:06.629+0000] {logging_mixin.py:115} INFO - [2022-09-02T11:55:06.629+0000] {dag.py:2981} INFO - Setting next_dagrun for example_bash_operator to 2022-09-01T00:00:00+00:00, run_after=2022-09-02T00:00:00+00:00
[2022-09-02T11:55:06.637+0000] {processor.py:161} INFO - Processing /home/airflow/.local/lib/python3.7/site-packages/airflow/example_dags/example_bash_operator.py took 0.059 seconds
[2022-09-02T11:55:37.368+0000] {processor.py:153} INFO - Started process (PID=3420) to work on /home/airflow/.local/lib/python3.7/site-packages/airflow/example_dags/example_bash_operator.py
[2022-09-02T11:55:37.369+0000] {processor.py:640} INFO - Processing file /home/airflow/.local/lib/python3.7/site-packages/airflow/example_dags/example_bash_operator.py for tasks to queue
[2022-09-02T11:55:37.372+0000] {logging_mixin.py:115} INFO - [2022-09-02T11:55:37.371+0000] {dagbag.py:508} INFO - Filling up the DagBag from /home/airflow/.local/lib/python3.7/site-packages/airflow/example_dags/example_bash_operator.py
[2022-09-02T11:55:37.380+0000] {processor.py:650} INFO - DAG(s) dict_keys(['example_bash_operator']) retrieved from /home/airflow/.local/lib/python3.7/site-packages/airflow/example_dags/example_bash_operator.py
[2022-09-02T11:55:37.404+0000] {logging_mixin.py:115} INFO - [2022-09-02T11:55:37.403+0000] {dag.py:2429} INFO - Sync 1 DAGs
[2022-09-02T11:55:37.418+0000] {logging_mixin.py:115} INFO - [2022-09-02T11:55:37.418+0000] {dag.py:2981} INFO - Setting next_dagrun for example_bash_operator to 2022-09-01T00:00:00+00:00, run_after=2022-09-02T00:00:00+00:00
[2022-09-02T11:55:37.427+0000] {processor.py:161} INFO - Processing /home/airflow/.local/lib/python3.7/site-packages/airflow/example_dags/example_bash_operator.py took 0.061 seconds
[2022-09-02T11:56:08.178+0000] {processor.py:153} INFO - Started process (PID=3616) to work on /home/airflow/.local/lib/python3.7/site-packages/airflow/example_dags/example_bash_operator.py
[2022-09-02T11:56:08.180+0000] {processor.py:640} INFO - Processing file /home/airflow/.local/lib/python3.7/site-packages/airflow/example_dags/example_bash_operator.py for tasks to queue
[2022-09-02T11:56:08.181+0000] {logging_mixin.py:115} INFO - [2022-09-02T11:56:08.181+0000] {dagbag.py:508} INFO - Filling up the DagBag from /home/airflow/.local/lib/python3.7/site-packages/airflow/example_dags/example_bash_operator.py
[2022-09-02T11:56:08.190+0000] {processor.py:650} INFO - DAG(s) dict_keys(['example_bash_operator']) retrieved from /home/airflow/.local/lib/python3.7/site-packages/airflow/example_dags/example_bash_operator.py
[2022-09-02T11:56:08.219+0000] {logging_mixin.py:115} INFO - [2022-09-02T11:56:08.218+0000] {dag.py:2429} INFO - Sync 1 DAGs
[2022-09-02T11:56:08.238+0000] {logging_mixin.py:115} INFO - [2022-09-02T11:56:08.238+0000] {dag.py:2981} INFO - Setting next_dagrun for example_bash_operator to 2022-09-01T00:00:00+00:00, run_after=2022-09-02T00:00:00+00:00
[2022-09-02T11:56:08.249+0000] {processor.py:161} INFO - Processing /home/airflow/.local/lib/python3.7/site-packages/airflow/example_dags/example_bash_operator.py took 0.073 seconds
[2022-09-02T11:56:39.020+0000] {processor.py:153} INFO - Started process (PID=3803) to work on /home/airflow/.local/lib/python3.7/site-packages/airflow/example_dags/example_bash_operator.py
[2022-09-02T11:56:39.022+0000] {processor.py:640} INFO - Processing file /home/airflow/.local/lib/python3.7/site-packages/airflow/example_dags/example_bash_operator.py for tasks to queue
[2022-09-02T11:56:39.023+0000] {logging_mixin.py:115} INFO - [2022-09-02T11:56:39.023+0000] {dagbag.py:508} INFO - Filling up the DagBag from /home/airflow/.local/lib/python3.7/site-packages/airflow/example_dags/example_bash_operator.py
[2022-09-02T11:56:39.031+0000] {processor.py:650} INFO - DAG(s) dict_keys(['example_bash_operator']) retrieved from /home/airflow/.local/lib/python3.7/site-packages/airflow/example_dags/example_bash_operator.py
[2022-09-02T11:56:39.052+0000] {logging_mixin.py:115} INFO - [2022-09-02T11:56:39.052+0000] {dag.py:2429} INFO - Sync 1 DAGs
[2022-09-02T11:56:39.069+0000] {logging_mixin.py:115} INFO - [2022-09-02T11:56:39.068+0000] {dag.py:2981} INFO - Setting next_dagrun for example_bash_operator to 2022-09-01T00:00:00+00:00, run_after=2022-09-02T00:00:00+00:00
[2022-09-02T11:56:39.077+0000] {processor.py:161} INFO - Processing /home/airflow/.local/lib/python3.7/site-packages/airflow/example_dags/example_bash_operator.py took 0.059 seconds
[2022-09-02T11:57:09.819+0000] {processor.py:153} INFO - Started process (PID=4000) to work on /home/airflow/.local/lib/python3.7/site-packages/airflow/example_dags/example_bash_operator.py
[2022-09-02T11:57:09.820+0000] {processor.py:640} INFO - Processing file /home/airflow/.local/lib/python3.7/site-packages/airflow/example_dags/example_bash_operator.py for tasks to queue
[2022-09-02T11:57:09.822+0000] {logging_mixin.py:115} INFO - [2022-09-02T11:57:09.822+0000] {dagbag.py:508} INFO - Filling up the DagBag from /home/airflow/.local/lib/python3.7/site-packages/airflow/example_dags/example_bash_operator.py
[2022-09-02T11:57:09.831+0000] {processor.py:650} INFO - DAG(s) dict_keys(['example_bash_operator']) retrieved from /home/airflow/.local/lib/python3.7/site-packages/airflow/example_dags/example_bash_operator.py
[2022-09-02T11:57:09.866+0000] {logging_mixin.py:115} INFO - [2022-09-02T11:57:09.866+0000] {dag.py:2429} INFO - Sync 1 DAGs
[2022-09-02T11:57:09.882+0000] {logging_mixin.py:115} INFO - [2022-09-02T11:57:09.882+0000] {dag.py:2981} INFO - Setting next_dagrun for example_bash_operator to 2022-09-01T00:00:00+00:00, run_after=2022-09-02T00:00:00+00:00
[2022-09-02T11:57:09.891+0000] {processor.py:161} INFO - Processing /home/airflow/.local/lib/python3.7/site-packages/airflow/example_dags/example_bash_operator.py took 0.074 seconds
[2022-09-02T11:57:40.698+0000] {processor.py:153} INFO - Started process (PID=4195) to work on /home/airflow/.local/lib/python3.7/site-packages/airflow/example_dags/example_bash_operator.py
[2022-09-02T11:57:40.700+0000] {processor.py:640} INFO - Processing file /home/airflow/.local/lib/python3.7/site-packages/airflow/example_dags/example_bash_operator.py for tasks to queue
[2022-09-02T11:57:40.701+0000] {logging_mixin.py:115} INFO - [2022-09-02T11:57:40.701+0000] {dagbag.py:508} INFO - Filling up the DagBag from /home/airflow/.local/lib/python3.7/site-packages/airflow/example_dags/example_bash_operator.py
[2022-09-02T11:57:40.710+0000] {processor.py:650} INFO - DAG(s) dict_keys(['example_bash_operator']) retrieved from /home/airflow/.local/lib/python3.7/site-packages/airflow/example_dags/example_bash_operator.py
[2022-09-02T11:57:40.730+0000] {logging_mixin.py:115} INFO - [2022-09-02T11:57:40.730+0000] {dag.py:2429} INFO - Sync 1 DAGs
[2022-09-02T11:57:40.750+0000] {logging_mixin.py:115} INFO - [2022-09-02T11:57:40.750+0000] {dag.py:2981} INFO - Setting next_dagrun for example_bash_operator to 2022-09-01T00:00:00+00:00, run_after=2022-09-02T00:00:00+00:00
[2022-09-02T11:57:40.759+0000] {processor.py:161} INFO - Processing /home/airflow/.local/lib/python3.7/site-packages/airflow/example_dags/example_bash_operator.py took 0.064 seconds
[2022-09-02T11:58:11.579+0000] {processor.py:153} INFO - Started process (PID=4392) to work on /home/airflow/.local/lib/python3.7/site-packages/airflow/example_dags/example_bash_operator.py
[2022-09-02T11:58:11.581+0000] {processor.py:640} INFO - Processing file /home/airflow/.local/lib/python3.7/site-packages/airflow/example_dags/example_bash_operator.py for tasks to queue
[2022-09-02T11:58:11.582+0000] {logging_mixin.py:115} INFO - [2022-09-02T11:58:11.582+0000] {dagbag.py:508} INFO - Filling up the DagBag from /home/airflow/.local/lib/python3.7/site-packages/airflow/example_dags/example_bash_operator.py
[2022-09-02T11:58:11.590+0000] {processor.py:650} INFO - DAG(s) dict_keys(['example_bash_operator']) retrieved from /home/airflow/.local/lib/python3.7/site-packages/airflow/example_dags/example_bash_operator.py
[2022-09-02T11:58:11.612+0000] {logging_mixin.py:115} INFO - [2022-09-02T11:58:11.612+0000] {dag.py:2429} INFO - Sync 1 DAGs
[2022-09-02T11:58:11.628+0000] {logging_mixin.py:115} INFO - [2022-09-02T11:58:11.627+0000] {dag.py:2981} INFO - Setting next_dagrun for example_bash_operator to 2022-09-01T00:00:00+00:00, run_after=2022-09-02T00:00:00+00:00
[2022-09-02T11:58:11.638+0000] {processor.py:161} INFO - Processing /home/airflow/.local/lib/python3.7/site-packages/airflow/example_dags/example_bash_operator.py took 0.061 seconds
[2022-09-02T11:58:42.357+0000] {processor.py:153} INFO - Started process (PID=4589) to work on /home/airflow/.local/lib/python3.7/site-packages/airflow/example_dags/example_bash_operator.py
[2022-09-02T11:58:42.358+0000] {processor.py:640} INFO - Processing file /home/airflow/.local/lib/python3.7/site-packages/airflow/example_dags/example_bash_operator.py for tasks to queue
[2022-09-02T11:58:42.359+0000] {logging_mixin.py:115} INFO - [2022-09-02T11:58:42.359+0000] {dagbag.py:508} INFO - Filling up the DagBag from /home/airflow/.local/lib/python3.7/site-packages/airflow/example_dags/example_bash_operator.py
[2022-09-02T11:58:42.367+0000] {processor.py:650} INFO - DAG(s) dict_keys(['example_bash_operator']) retrieved from /home/airflow/.local/lib/python3.7/site-packages/airflow/example_dags/example_bash_operator.py
[2022-09-02T11:58:42.391+0000] {logging_mixin.py:115} INFO - [2022-09-02T11:58:42.391+0000] {dag.py:2429} INFO - Sync 1 DAGs
[2022-09-02T11:58:42.408+0000] {logging_mixin.py:115} INFO - [2022-09-02T11:58:42.408+0000] {dag.py:2981} INFO - Setting next_dagrun for example_bash_operator to 2022-09-01T00:00:00+00:00, run_after=2022-09-02T00:00:00+00:00
[2022-09-02T11:58:42.415+0000] {processor.py:161} INFO - Processing /home/airflow/.local/lib/python3.7/site-packages/airflow/example_dags/example_bash_operator.py took 0.061 seconds
[2022-09-02T11:59:13.333+0000] {processor.py:153} INFO - Started process (PID=4786) to work on /home/airflow/.local/lib/python3.7/site-packages/airflow/example_dags/example_bash_operator.py
[2022-09-02T11:59:13.335+0000] {processor.py:640} INFO - Processing file /home/airflow/.local/lib/python3.7/site-packages/airflow/example_dags/example_bash_operator.py for tasks to queue
[2022-09-02T11:59:13.336+0000] {logging_mixin.py:115} INFO - [2022-09-02T11:59:13.336+0000] {dagbag.py:508} INFO - Filling up the DagBag from /home/airflow/.local/lib/python3.7/site-packages/airflow/example_dags/example_bash_operator.py
[2022-09-02T11:59:13.345+0000] {processor.py:650} INFO - DAG(s) dict_keys(['example_bash_operator']) retrieved from /home/airflow/.local/lib/python3.7/site-packages/airflow/example_dags/example_bash_operator.py
[2022-09-02T11:59:13.369+0000] {logging_mixin.py:115} INFO - [2022-09-02T11:59:13.369+0000] {dag.py:2429} INFO - Sync 1 DAGs
[2022-09-02T11:59:13.396+0000] {logging_mixin.py:115} INFO - [2022-09-02T11:59:13.396+0000] {dag.py:2981} INFO - Setting next_dagrun for example_bash_operator to 2022-09-01T00:00:00+00:00, run_after=2022-09-02T00:00:00+00:00
[2022-09-02T11:59:13.405+0000] {processor.py:161} INFO - Processing /home/airflow/.local/lib/python3.7/site-packages/airflow/example_dags/example_bash_operator.py took 0.074 seconds
[2022-09-02T11:59:44.081+0000] {processor.py:153} INFO - Started process (PID=4974) to work on /home/airflow/.local/lib/python3.7/site-packages/airflow/example_dags/example_bash_operator.py
[2022-09-02T11:59:44.083+0000] {processor.py:640} INFO - Processing file /home/airflow/.local/lib/python3.7/site-packages/airflow/example_dags/example_bash_operator.py for tasks to queue
[2022-09-02T11:59:44.084+0000] {logging_mixin.py:115} INFO - [2022-09-02T11:59:44.084+0000] {dagbag.py:508} INFO - Filling up the DagBag from /home/airflow/.local/lib/python3.7/site-packages/airflow/example_dags/example_bash_operator.py
[2022-09-02T11:59:44.092+0000] {processor.py:650} INFO - DAG(s) dict_keys(['example_bash_operator']) retrieved from /home/airflow/.local/lib/python3.7/site-packages/airflow/example_dags/example_bash_operator.py
[2022-09-02T11:59:44.122+0000] {logging_mixin.py:115} INFO - [2022-09-02T11:59:44.122+0000] {dag.py:2429} INFO - Sync 1 DAGs
[2022-09-02T11:59:44.154+0000] {logging_mixin.py:115} INFO - [2022-09-02T11:59:44.154+0000] {dag.py:2981} INFO - Setting next_dagrun for example_bash_operator to 2022-09-01T00:00:00+00:00, run_after=2022-09-02T00:00:00+00:00
[2022-09-02T11:59:44.195+0000] {processor.py:161} INFO - Processing /home/airflow/.local/lib/python3.7/site-packages/airflow/example_dags/example_bash_operator.py took 0.116 seconds
[2022-09-02T12:00:14.968+0000] {processor.py:153} INFO - Started process (PID=5171) to work on /home/airflow/.local/lib/python3.7/site-packages/airflow/example_dags/example_bash_operator.py
[2022-09-02T12:00:14.971+0000] {processor.py:640} INFO - Processing file /home/airflow/.local/lib/python3.7/site-packages/airflow/example_dags/example_bash_operator.py for tasks to queue
[2022-09-02T12:00:14.972+0000] {logging_mixin.py:115} INFO - [2022-09-02T12:00:14.972+0000] {dagbag.py:508} INFO - Filling up the DagBag from /home/airflow/.local/lib/python3.7/site-packages/airflow/example_dags/example_bash_operator.py
[2022-09-02T12:00:14.981+0000] {processor.py:650} INFO - DAG(s) dict_keys(['example_bash_operator']) retrieved from /home/airflow/.local/lib/python3.7/site-packages/airflow/example_dags/example_bash_operator.py
[2022-09-02T12:00:15.005+0000] {logging_mixin.py:115} INFO - [2022-09-02T12:00:15.004+0000] {dag.py:2429} INFO - Sync 1 DAGs
[2022-09-02T12:00:15.035+0000] {logging_mixin.py:115} INFO - [2022-09-02T12:00:15.034+0000] {dag.py:2981} INFO - Setting next_dagrun for example_bash_operator to 2022-09-01T00:00:00+00:00, run_after=2022-09-02T00:00:00+00:00
[2022-09-02T12:00:15.046+0000] {processor.py:161} INFO - Processing /home/airflow/.local/lib/python3.7/site-packages/airflow/example_dags/example_bash_operator.py took 0.080 seconds
[2022-09-02T12:00:45.816+0000] {processor.py:153} INFO - Started process (PID=5368) to work on /home/airflow/.local/lib/python3.7/site-packages/airflow/example_dags/example_bash_operator.py
[2022-09-02T12:00:45.817+0000] {processor.py:640} INFO - Processing file /home/airflow/.local/lib/python3.7/site-packages/airflow/example_dags/example_bash_operator.py for tasks to queue
[2022-09-02T12:00:45.818+0000] {logging_mixin.py:115} INFO - [2022-09-02T12:00:45.818+0000] {dagbag.py:508} INFO - Filling up the DagBag from /home/airflow/.local/lib/python3.7/site-packages/airflow/example_dags/example_bash_operator.py
[2022-09-02T12:00:45.826+0000] {processor.py:650} INFO - DAG(s) dict_keys(['example_bash_operator']) retrieved from /home/airflow/.local/lib/python3.7/site-packages/airflow/example_dags/example_bash_operator.py
[2022-09-02T12:00:45.847+0000] {logging_mixin.py:115} INFO - [2022-09-02T12:00:45.847+0000] {dag.py:2429} INFO - Sync 1 DAGs
[2022-09-02T12:00:45.864+0000] {logging_mixin.py:115} INFO - [2022-09-02T12:00:45.864+0000] {dag.py:2981} INFO - Setting next_dagrun for example_bash_operator to 2022-09-01T00:00:00+00:00, run_after=2022-09-02T00:00:00+00:00
[2022-09-02T12:00:45.874+0000] {processor.py:161} INFO - Processing /home/airflow/.local/lib/python3.7/site-packages/airflow/example_dags/example_bash_operator.py took 0.060 seconds
[2022-09-02T12:01:16.411+0000] {processor.py:153} INFO - Started process (PID=5565) to work on /home/airflow/.local/lib/python3.7/site-packages/airflow/example_dags/example_bash_operator.py
[2022-09-02T12:01:16.412+0000] {processor.py:640} INFO - Processing file /home/airflow/.local/lib/python3.7/site-packages/airflow/example_dags/example_bash_operator.py for tasks to queue
[2022-09-02T12:01:16.413+0000] {logging_mixin.py:115} INFO - [2022-09-02T12:01:16.413+0000] {dagbag.py:508} INFO - Filling up the DagBag from /home/airflow/.local/lib/python3.7/site-packages/airflow/example_dags/example_bash_operator.py
[2022-09-02T12:01:16.420+0000] {processor.py:650} INFO - DAG(s) dict_keys(['example_bash_operator']) retrieved from /home/airflow/.local/lib/python3.7/site-packages/airflow/example_dags/example_bash_operator.py
[2022-09-02T12:01:16.442+0000] {logging_mixin.py:115} INFO - [2022-09-02T12:01:16.442+0000] {dag.py:2429} INFO - Sync 1 DAGs
[2022-09-02T12:01:16.456+0000] {logging_mixin.py:115} INFO - [2022-09-02T12:01:16.456+0000] {dag.py:2981} INFO - Setting next_dagrun for example_bash_operator to 2022-09-01T00:00:00+00:00, run_after=2022-09-02T00:00:00+00:00
[2022-09-02T12:01:16.462+0000] {processor.py:161} INFO - Processing /home/airflow/.local/lib/python3.7/site-packages/airflow/example_dags/example_bash_operator.py took 0.054 seconds
[2022-09-02T12:01:47.230+0000] {processor.py:153} INFO - Started process (PID=5764) to work on /home/airflow/.local/lib/python3.7/site-packages/airflow/example_dags/example_bash_operator.py
[2022-09-02T12:01:47.232+0000] {processor.py:640} INFO - Processing file /home/airflow/.local/lib/python3.7/site-packages/airflow/example_dags/example_bash_operator.py for tasks to queue
[2022-09-02T12:01:47.233+0000] {logging_mixin.py:115} INFO - [2022-09-02T12:01:47.233+0000] {dagbag.py:508} INFO - Filling up the DagBag from /home/airflow/.local/lib/python3.7/site-packages/airflow/example_dags/example_bash_operator.py
[2022-09-02T12:01:47.240+0000] {processor.py:650} INFO - DAG(s) dict_keys(['example_bash_operator']) retrieved from /home/airflow/.local/lib/python3.7/site-packages/airflow/example_dags/example_bash_operator.py
[2022-09-02T12:01:47.260+0000] {logging_mixin.py:115} INFO - [2022-09-02T12:01:47.259+0000] {dag.py:2429} INFO - Sync 1 DAGs
[2022-09-02T12:01:47.272+0000] {logging_mixin.py:115} INFO - [2022-09-02T12:01:47.272+0000] {dag.py:2981} INFO - Setting next_dagrun for example_bash_operator to 2022-09-01T00:00:00+00:00, run_after=2022-09-02T00:00:00+00:00
[2022-09-02T12:01:47.280+0000] {processor.py:161} INFO - Processing /home/airflow/.local/lib/python3.7/site-packages/airflow/example_dags/example_bash_operator.py took 0.052 seconds
[2022-09-02T12:02:18.083+0000] {processor.py:153} INFO - Started process (PID=5979) to work on /home/airflow/.local/lib/python3.7/site-packages/airflow/example_dags/example_bash_operator.py
[2022-09-02T12:02:18.086+0000] {processor.py:640} INFO - Processing file /home/airflow/.local/lib/python3.7/site-packages/airflow/example_dags/example_bash_operator.py for tasks to queue
[2022-09-02T12:02:18.087+0000] {logging_mixin.py:115} INFO - [2022-09-02T12:02:18.087+0000] {dagbag.py:508} INFO - Filling up the DagBag from /home/airflow/.local/lib/python3.7/site-packages/airflow/example_dags/example_bash_operator.py
[2022-09-02T12:02:18.095+0000] {processor.py:650} INFO - DAG(s) dict_keys(['example_bash_operator']) retrieved from /home/airflow/.local/lib/python3.7/site-packages/airflow/example_dags/example_bash_operator.py
[2022-09-02T12:02:18.117+0000] {logging_mixin.py:115} INFO - [2022-09-02T12:02:18.117+0000] {dag.py:2429} INFO - Sync 1 DAGs
[2022-09-02T12:02:18.133+0000] {logging_mixin.py:115} INFO - [2022-09-02T12:02:18.133+0000] {dag.py:2981} INFO - Setting next_dagrun for example_bash_operator to 2022-09-02T00:00:00+00:00, run_after=2022-09-03T00:00:00+00:00
[2022-09-02T12:02:18.141+0000] {processor.py:161} INFO - Processing /home/airflow/.local/lib/python3.7/site-packages/airflow/example_dags/example_bash_operator.py took 0.061 seconds
[2022-09-02T12:02:48.977+0000] {processor.py:153} INFO - Started process (PID=6174) to work on /home/airflow/.local/lib/python3.7/site-packages/airflow/example_dags/example_bash_operator.py
[2022-09-02T12:02:48.979+0000] {processor.py:640} INFO - Processing file /home/airflow/.local/lib/python3.7/site-packages/airflow/example_dags/example_bash_operator.py for tasks to queue
[2022-09-02T12:02:48.980+0000] {logging_mixin.py:115} INFO - [2022-09-02T12:02:48.980+0000] {dagbag.py:508} INFO - Filling up the DagBag from /home/airflow/.local/lib/python3.7/site-packages/airflow/example_dags/example_bash_operator.py
[2022-09-02T12:02:48.988+0000] {processor.py:650} INFO - DAG(s) dict_keys(['example_bash_operator']) retrieved from /home/airflow/.local/lib/python3.7/site-packages/airflow/example_dags/example_bash_operator.py
[2022-09-02T12:02:49.011+0000] {logging_mixin.py:115} INFO - [2022-09-02T12:02:49.011+0000] {dag.py:2429} INFO - Sync 1 DAGs
[2022-09-02T12:02:49.031+0000] {logging_mixin.py:115} INFO - [2022-09-02T12:02:49.031+0000] {dag.py:2981} INFO - Setting next_dagrun for example_bash_operator to 2022-09-02T00:00:00+00:00, run_after=2022-09-03T00:00:00+00:00
[2022-09-02T12:02:49.039+0000] {processor.py:161} INFO - Processing /home/airflow/.local/lib/python3.7/site-packages/airflow/example_dags/example_bash_operator.py took 0.064 seconds
[2022-09-02T12:03:19.743+0000] {processor.py:153} INFO - Started process (PID=6362) to work on /home/airflow/.local/lib/python3.7/site-packages/airflow/example_dags/example_bash_operator.py
[2022-09-02T12:03:19.745+0000] {processor.py:640} INFO - Processing file /home/airflow/.local/lib/python3.7/site-packages/airflow/example_dags/example_bash_operator.py for tasks to queue
[2022-09-02T12:03:19.746+0000] {logging_mixin.py:115} INFO - [2022-09-02T12:03:19.746+0000] {dagbag.py:508} INFO - Filling up the DagBag from /home/airflow/.local/lib/python3.7/site-packages/airflow/example_dags/example_bash_operator.py
[2022-09-02T12:03:19.754+0000] {processor.py:650} INFO - DAG(s) dict_keys(['example_bash_operator']) retrieved from /home/airflow/.local/lib/python3.7/site-packages/airflow/example_dags/example_bash_operator.py
[2022-09-02T12:03:19.777+0000] {logging_mixin.py:115} INFO - [2022-09-02T12:03:19.777+0000] {dag.py:2429} INFO - Sync 1 DAGs
[2022-09-02T12:03:19.794+0000] {logging_mixin.py:115} INFO - [2022-09-02T12:03:19.794+0000] {dag.py:2981} INFO - Setting next_dagrun for example_bash_operator to 2022-09-02T00:00:00+00:00, run_after=2022-09-03T00:00:00+00:00
[2022-09-02T12:03:19.802+0000] {processor.py:161} INFO - Processing /home/airflow/.local/lib/python3.7/site-packages/airflow/example_dags/example_bash_operator.py took 0.061 seconds
[2022-09-02T12:03:50.526+0000] {processor.py:153} INFO - Started process (PID=6558) to work on /home/airflow/.local/lib/python3.7/site-packages/airflow/example_dags/example_bash_operator.py
[2022-09-02T12:03:50.528+0000] {processor.py:640} INFO - Processing file /home/airflow/.local/lib/python3.7/site-packages/airflow/example_dags/example_bash_operator.py for tasks to queue
[2022-09-02T12:03:50.529+0000] {logging_mixin.py:115} INFO - [2022-09-02T12:03:50.529+0000] {dagbag.py:508} INFO - Filling up the DagBag from /home/airflow/.local/lib/python3.7/site-packages/airflow/example_dags/example_bash_operator.py
[2022-09-02T12:03:50.537+0000] {processor.py:650} INFO - DAG(s) dict_keys(['example_bash_operator']) retrieved from /home/airflow/.local/lib/python3.7/site-packages/airflow/example_dags/example_bash_operator.py
[2022-09-02T12:03:50.564+0000] {logging_mixin.py:115} INFO - [2022-09-02T12:03:50.564+0000] {dag.py:2429} INFO - Sync 1 DAGs
[2022-09-02T12:03:50.583+0000] {logging_mixin.py:115} INFO - [2022-09-02T12:03:50.583+0000] {dag.py:2981} INFO - Setting next_dagrun for example_bash_operator to 2022-09-02T00:00:00+00:00, run_after=2022-09-03T00:00:00+00:00
[2022-09-02T12:03:50.591+0000] {processor.py:161} INFO - Processing /home/airflow/.local/lib/python3.7/site-packages/airflow/example_dags/example_bash_operator.py took 0.067 seconds
[2022-09-02T12:04:21.278+0000] {processor.py:153} INFO - Started process (PID=6756) to work on /home/airflow/.local/lib/python3.7/site-packages/airflow/example_dags/example_bash_operator.py
[2022-09-02T12:04:21.280+0000] {processor.py:640} INFO - Processing file /home/airflow/.local/lib/python3.7/site-packages/airflow/example_dags/example_bash_operator.py for tasks to queue
[2022-09-02T12:04:21.282+0000] {logging_mixin.py:115} INFO - [2022-09-02T12:04:21.282+0000] {dagbag.py:508} INFO - Filling up the DagBag from /home/airflow/.local/lib/python3.7/site-packages/airflow/example_dags/example_bash_operator.py
[2022-09-02T12:04:21.290+0000] {processor.py:650} INFO - DAG(s) dict_keys(['example_bash_operator']) retrieved from /home/airflow/.local/lib/python3.7/site-packages/airflow/example_dags/example_bash_operator.py
[2022-09-02T12:04:21.313+0000] {logging_mixin.py:115} INFO - [2022-09-02T12:04:21.313+0000] {dag.py:2429} INFO - Sync 1 DAGs
[2022-09-02T12:04:21.331+0000] {logging_mixin.py:115} INFO - [2022-09-02T12:04:21.331+0000] {dag.py:2981} INFO - Setting next_dagrun for example_bash_operator to 2022-09-02T00:00:00+00:00, run_after=2022-09-03T00:00:00+00:00
[2022-09-02T12:04:21.340+0000] {processor.py:161} INFO - Processing /home/airflow/.local/lib/python3.7/site-packages/airflow/example_dags/example_bash_operator.py took 0.063 seconds
[2022-09-02T12:04:52.165+0000] {processor.py:153} INFO - Started process (PID=6953) to work on /home/airflow/.local/lib/python3.7/site-packages/airflow/example_dags/example_bash_operator.py
[2022-09-02T12:04:52.167+0000] {processor.py:640} INFO - Processing file /home/airflow/.local/lib/python3.7/site-packages/airflow/example_dags/example_bash_operator.py for tasks to queue
[2022-09-02T12:04:52.169+0000] {logging_mixin.py:115} INFO - [2022-09-02T12:04:52.169+0000] {dagbag.py:508} INFO - Filling up the DagBag from /home/airflow/.local/lib/python3.7/site-packages/airflow/example_dags/example_bash_operator.py
[2022-09-02T12:04:52.178+0000] {processor.py:650} INFO - DAG(s) dict_keys(['example_bash_operator']) retrieved from /home/airflow/.local/lib/python3.7/site-packages/airflow/example_dags/example_bash_operator.py
[2022-09-02T12:04:52.201+0000] {logging_mixin.py:115} INFO - [2022-09-02T12:04:52.201+0000] {dag.py:2429} INFO - Sync 1 DAGs
[2022-09-02T12:04:52.217+0000] {logging_mixin.py:115} INFO - [2022-09-02T12:04:52.217+0000] {dag.py:2981} INFO - Setting next_dagrun for example_bash_operator to 2022-09-02T00:00:00+00:00, run_after=2022-09-03T00:00:00+00:00
[2022-09-02T12:04:52.226+0000] {processor.py:161} INFO - Processing /home/airflow/.local/lib/python3.7/site-packages/airflow/example_dags/example_bash_operator.py took 0.063 seconds
[2022-09-02T12:05:22.947+0000] {processor.py:153} INFO - Started process (PID=7151) to work on /home/airflow/.local/lib/python3.7/site-packages/airflow/example_dags/example_bash_operator.py
[2022-09-02T12:05:22.949+0000] {processor.py:640} INFO - Processing file /home/airflow/.local/lib/python3.7/site-packages/airflow/example_dags/example_bash_operator.py for tasks to queue
[2022-09-02T12:05:22.950+0000] {logging_mixin.py:115} INFO - [2022-09-02T12:05:22.950+0000] {dagbag.py:508} INFO - Filling up the DagBag from /home/airflow/.local/lib/python3.7/site-packages/airflow/example_dags/example_bash_operator.py
[2022-09-02T12:05:22.958+0000] {processor.py:650} INFO - DAG(s) dict_keys(['example_bash_operator']) retrieved from /home/airflow/.local/lib/python3.7/site-packages/airflow/example_dags/example_bash_operator.py
[2022-09-02T12:05:22.983+0000] {logging_mixin.py:115} INFO - [2022-09-02T12:05:22.982+0000] {dag.py:2429} INFO - Sync 1 DAGs
[2022-09-02T12:05:22.999+0000] {logging_mixin.py:115} INFO - [2022-09-02T12:05:22.999+0000] {dag.py:2981} INFO - Setting next_dagrun for example_bash_operator to 2022-09-02T00:00:00+00:00, run_after=2022-09-03T00:00:00+00:00
[2022-09-02T12:05:23.008+0000] {processor.py:161} INFO - Processing /home/airflow/.local/lib/python3.7/site-packages/airflow/example_dags/example_bash_operator.py took 0.063 seconds
[2022-09-02T12:05:53.704+0000] {processor.py:153} INFO - Started process (PID=7348) to work on /home/airflow/.local/lib/python3.7/site-packages/airflow/example_dags/example_bash_operator.py
[2022-09-02T12:05:53.706+0000] {processor.py:640} INFO - Processing file /home/airflow/.local/lib/python3.7/site-packages/airflow/example_dags/example_bash_operator.py for tasks to queue
[2022-09-02T12:05:53.708+0000] {logging_mixin.py:115} INFO - [2022-09-02T12:05:53.707+0000] {dagbag.py:508} INFO - Filling up the DagBag from /home/airflow/.local/lib/python3.7/site-packages/airflow/example_dags/example_bash_operator.py
[2022-09-02T12:05:53.720+0000] {processor.py:650} INFO - DAG(s) dict_keys(['example_bash_operator']) retrieved from /home/airflow/.local/lib/python3.7/site-packages/airflow/example_dags/example_bash_operator.py
[2022-09-02T12:05:53.749+0000] {logging_mixin.py:115} INFO - [2022-09-02T12:05:53.748+0000] {dag.py:2429} INFO - Sync 1 DAGs
[2022-09-02T12:05:53.766+0000] {logging_mixin.py:115} INFO - [2022-09-02T12:05:53.766+0000] {dag.py:2981} INFO - Setting next_dagrun for example_bash_operator to 2022-09-02T00:00:00+00:00, run_after=2022-09-03T00:00:00+00:00
[2022-09-02T12:05:53.776+0000] {processor.py:161} INFO - Processing /home/airflow/.local/lib/python3.7/site-packages/airflow/example_dags/example_bash_operator.py took 0.074 seconds
[2022-09-02T12:06:24.562+0000] {processor.py:153} INFO - Started process (PID=7537) to work on /home/airflow/.local/lib/python3.7/site-packages/airflow/example_dags/example_bash_operator.py
[2022-09-02T12:06:24.565+0000] {processor.py:640} INFO - Processing file /home/airflow/.local/lib/python3.7/site-packages/airflow/example_dags/example_bash_operator.py for tasks to queue
[2022-09-02T12:06:24.566+0000] {logging_mixin.py:115} INFO - [2022-09-02T12:06:24.566+0000] {dagbag.py:508} INFO - Filling up the DagBag from /home/airflow/.local/lib/python3.7/site-packages/airflow/example_dags/example_bash_operator.py
[2022-09-02T12:06:24.575+0000] {processor.py:650} INFO - DAG(s) dict_keys(['example_bash_operator']) retrieved from /home/airflow/.local/lib/python3.7/site-packages/airflow/example_dags/example_bash_operator.py
[2022-09-02T12:06:24.597+0000] {logging_mixin.py:115} INFO - [2022-09-02T12:06:24.597+0000] {dag.py:2429} INFO - Sync 1 DAGs
[2022-09-02T12:06:24.614+0000] {logging_mixin.py:115} INFO - [2022-09-02T12:06:24.614+0000] {dag.py:2981} INFO - Setting next_dagrun for example_bash_operator to 2022-09-02T00:00:00+00:00, run_after=2022-09-03T00:00:00+00:00
[2022-09-02T12:06:24.625+0000] {processor.py:161} INFO - Processing /home/airflow/.local/lib/python3.7/site-packages/airflow/example_dags/example_bash_operator.py took 0.065 seconds
[2022-09-02T12:06:55.426+0000] {processor.py:153} INFO - Started process (PID=7733) to work on /home/airflow/.local/lib/python3.7/site-packages/airflow/example_dags/example_bash_operator.py
[2022-09-02T12:06:55.428+0000] {processor.py:640} INFO - Processing file /home/airflow/.local/lib/python3.7/site-packages/airflow/example_dags/example_bash_operator.py for tasks to queue
[2022-09-02T12:06:55.429+0000] {logging_mixin.py:115} INFO - [2022-09-02T12:06:55.429+0000] {dagbag.py:508} INFO - Filling up the DagBag from /home/airflow/.local/lib/python3.7/site-packages/airflow/example_dags/example_bash_operator.py
[2022-09-02T12:06:55.437+0000] {processor.py:650} INFO - DAG(s) dict_keys(['example_bash_operator']) retrieved from /home/airflow/.local/lib/python3.7/site-packages/airflow/example_dags/example_bash_operator.py
[2022-09-02T12:06:55.460+0000] {logging_mixin.py:115} INFO - [2022-09-02T12:06:55.460+0000] {dag.py:2429} INFO - Sync 1 DAGs
[2022-09-02T12:06:55.476+0000] {logging_mixin.py:115} INFO - [2022-09-02T12:06:55.476+0000] {dag.py:2981} INFO - Setting next_dagrun for example_bash_operator to 2022-09-02T00:00:00+00:00, run_after=2022-09-03T00:00:00+00:00
[2022-09-02T12:06:55.488+0000] {processor.py:161} INFO - Processing /home/airflow/.local/lib/python3.7/site-packages/airflow/example_dags/example_bash_operator.py took 0.064 seconds
[2022-09-02T12:07:26.388+0000] {processor.py:153} INFO - Started process (PID=7932) to work on /home/airflow/.local/lib/python3.7/site-packages/airflow/example_dags/example_bash_operator.py
[2022-09-02T12:07:26.390+0000] {processor.py:640} INFO - Processing file /home/airflow/.local/lib/python3.7/site-packages/airflow/example_dags/example_bash_operator.py for tasks to queue
[2022-09-02T12:07:26.391+0000] {logging_mixin.py:115} INFO - [2022-09-02T12:07:26.391+0000] {dagbag.py:508} INFO - Filling up the DagBag from /home/airflow/.local/lib/python3.7/site-packages/airflow/example_dags/example_bash_operator.py
[2022-09-02T12:07:26.399+0000] {processor.py:650} INFO - DAG(s) dict_keys(['example_bash_operator']) retrieved from /home/airflow/.local/lib/python3.7/site-packages/airflow/example_dags/example_bash_operator.py
[2022-09-02T12:07:26.420+0000] {logging_mixin.py:115} INFO - [2022-09-02T12:07:26.419+0000] {dag.py:2429} INFO - Sync 1 DAGs
[2022-09-02T12:07:26.440+0000] {logging_mixin.py:115} INFO - [2022-09-02T12:07:26.440+0000] {dag.py:2981} INFO - Setting next_dagrun for example_bash_operator to 2022-09-02T00:00:00+00:00, run_after=2022-09-03T00:00:00+00:00
[2022-09-02T12:07:26.451+0000] {processor.py:161} INFO - Processing /home/airflow/.local/lib/python3.7/site-packages/airflow/example_dags/example_bash_operator.py took 0.065 seconds
[2022-09-02T12:07:57.301+0000] {processor.py:153} INFO - Started process (PID=8127) to work on /home/airflow/.local/lib/python3.7/site-packages/airflow/example_dags/example_bash_operator.py
[2022-09-02T12:07:57.303+0000] {processor.py:640} INFO - Processing file /home/airflow/.local/lib/python3.7/site-packages/airflow/example_dags/example_bash_operator.py for tasks to queue
[2022-09-02T12:07:57.305+0000] {logging_mixin.py:115} INFO - [2022-09-02T12:07:57.305+0000] {dagbag.py:508} INFO - Filling up the DagBag from /home/airflow/.local/lib/python3.7/site-packages/airflow/example_dags/example_bash_operator.py
[2022-09-02T12:07:57.313+0000] {processor.py:650} INFO - DAG(s) dict_keys(['example_bash_operator']) retrieved from /home/airflow/.local/lib/python3.7/site-packages/airflow/example_dags/example_bash_operator.py
[2022-09-02T12:07:57.336+0000] {logging_mixin.py:115} INFO - [2022-09-02T12:07:57.336+0000] {dag.py:2429} INFO - Sync 1 DAGs
[2022-09-02T12:07:57.353+0000] {logging_mixin.py:115} INFO - [2022-09-02T12:07:57.353+0000] {dag.py:2981} INFO - Setting next_dagrun for example_bash_operator to 2022-09-02T00:00:00+00:00, run_after=2022-09-03T00:00:00+00:00
[2022-09-02T12:07:57.361+0000] {processor.py:161} INFO - Processing /home/airflow/.local/lib/python3.7/site-packages/airflow/example_dags/example_bash_operator.py took 0.062 seconds
