[2022-09-02T11:47:23.198+0000] {processor.py:153} INFO - Started process (PID=169) to work on /home/airflow/.local/lib/python3.7/site-packages/airflow/example_dags/example_dag_decorator.py
[2022-09-02T11:47:23.200+0000] {processor.py:640} INFO - Processing file /home/airflow/.local/lib/python3.7/site-packages/airflow/example_dags/example_dag_decorator.py for tasks to queue
[2022-09-02T11:47:23.203+0000] {logging_mixin.py:115} INFO - [2022-09-02T11:47:23.202+0000] {dagbag.py:508} INFO - Filling up the DagBag from /home/airflow/.local/lib/python3.7/site-packages/airflow/example_dags/example_dag_decorator.py
[2022-09-02T11:47:23.242+0000] {processor.py:650} INFO - DAG(s) dict_keys(['example_dag_decorator']) retrieved from /home/airflow/.local/lib/python3.7/site-packages/airflow/example_dags/example_dag_decorator.py
[2022-09-02T11:47:23.311+0000] {logging_mixin.py:115} INFO - [2022-09-02T11:47:23.311+0000] {manager.py:508} INFO - Created Permission View: can edit on DAG:example_dag_decorator
[2022-09-02T11:47:23.319+0000] {logging_mixin.py:115} INFO - [2022-09-02T11:47:23.319+0000] {manager.py:508} INFO - Created Permission View: can delete on DAG:example_dag_decorator
[2022-09-02T11:47:23.325+0000] {logging_mixin.py:115} INFO - [2022-09-02T11:47:23.325+0000] {manager.py:508} INFO - Created Permission View: can read on DAG:example_dag_decorator
[2022-09-02T11:47:23.327+0000] {logging_mixin.py:115} INFO - [2022-09-02T11:47:23.327+0000] {dag.py:2429} INFO - Sync 1 DAGs
[2022-09-02T11:47:23.334+0000] {logging_mixin.py:115} INFO - [2022-09-02T11:47:23.334+0000] {dag.py:2448} INFO - Creating ORM DAG for example_dag_decorator
[2022-09-02T11:47:23.342+0000] {logging_mixin.py:115} INFO - [2022-09-02T11:47:23.342+0000] {dag.py:2981} INFO - Setting next_dagrun for example_dag_decorator to None, run_after=None
[2022-09-02T11:47:23.356+0000] {processor.py:161} INFO - Processing /home/airflow/.local/lib/python3.7/site-packages/airflow/example_dags/example_dag_decorator.py took 0.165 seconds
[2022-09-02T11:47:53.460+0000] {processor.py:153} INFO - Started process (PID=365) to work on /home/airflow/.local/lib/python3.7/site-packages/airflow/example_dags/example_dag_decorator.py
[2022-09-02T11:47:53.463+0000] {processor.py:640} INFO - Processing file /home/airflow/.local/lib/python3.7/site-packages/airflow/example_dags/example_dag_decorator.py for tasks to queue
[2022-09-02T11:47:53.464+0000] {logging_mixin.py:115} INFO - [2022-09-02T11:47:53.464+0000] {dagbag.py:508} INFO - Filling up the DagBag from /home/airflow/.local/lib/python3.7/site-packages/airflow/example_dags/example_dag_decorator.py
[2022-09-02T11:47:53.494+0000] {processor.py:650} INFO - DAG(s) dict_keys(['example_dag_decorator']) retrieved from /home/airflow/.local/lib/python3.7/site-packages/airflow/example_dags/example_dag_decorator.py
[2022-09-02T11:47:53.539+0000] {logging_mixin.py:115} INFO - [2022-09-02T11:47:53.539+0000] {dag.py:2429} INFO - Sync 1 DAGs
[2022-09-02T11:47:53.553+0000] {logging_mixin.py:115} INFO - [2022-09-02T11:47:53.553+0000] {dag.py:2981} INFO - Setting next_dagrun for example_dag_decorator to None, run_after=None
[2022-09-02T11:47:53.563+0000] {processor.py:161} INFO - Processing /home/airflow/.local/lib/python3.7/site-packages/airflow/example_dags/example_dag_decorator.py took 0.107 seconds
[2022-09-02T11:48:23.664+0000] {processor.py:153} INFO - Started process (PID=567) to work on /home/airflow/.local/lib/python3.7/site-packages/airflow/example_dags/example_dag_decorator.py
[2022-09-02T11:48:23.666+0000] {processor.py:640} INFO - Processing file /home/airflow/.local/lib/python3.7/site-packages/airflow/example_dags/example_dag_decorator.py for tasks to queue
[2022-09-02T11:48:23.668+0000] {logging_mixin.py:115} INFO - [2022-09-02T11:48:23.667+0000] {dagbag.py:508} INFO - Filling up the DagBag from /home/airflow/.local/lib/python3.7/site-packages/airflow/example_dags/example_dag_decorator.py
[2022-09-02T11:48:23.683+0000] {processor.py:650} INFO - DAG(s) dict_keys(['example_dag_decorator']) retrieved from /home/airflow/.local/lib/python3.7/site-packages/airflow/example_dags/example_dag_decorator.py
[2022-09-02T11:48:23.727+0000] {logging_mixin.py:115} INFO - [2022-09-02T11:48:23.727+0000] {dag.py:2429} INFO - Sync 1 DAGs
[2022-09-02T11:48:23.739+0000] {logging_mixin.py:115} INFO - [2022-09-02T11:48:23.739+0000] {dag.py:2981} INFO - Setting next_dagrun for example_dag_decorator to None, run_after=None
[2022-09-02T11:48:23.749+0000] {processor.py:161} INFO - Processing /home/airflow/.local/lib/python3.7/site-packages/airflow/example_dags/example_dag_decorator.py took 0.088 seconds
[2022-09-02T11:48:53.831+0000] {processor.py:153} INFO - Started process (PID=760) to work on /home/airflow/.local/lib/python3.7/site-packages/airflow/example_dags/example_dag_decorator.py
[2022-09-02T11:48:53.832+0000] {processor.py:640} INFO - Processing file /home/airflow/.local/lib/python3.7/site-packages/airflow/example_dags/example_dag_decorator.py for tasks to queue
[2022-09-02T11:48:53.833+0000] {logging_mixin.py:115} INFO - [2022-09-02T11:48:53.833+0000] {dagbag.py:508} INFO - Filling up the DagBag from /home/airflow/.local/lib/python3.7/site-packages/airflow/example_dags/example_dag_decorator.py
[2022-09-02T11:48:53.846+0000] {processor.py:650} INFO - DAG(s) dict_keys(['example_dag_decorator']) retrieved from /home/airflow/.local/lib/python3.7/site-packages/airflow/example_dags/example_dag_decorator.py
[2022-09-02T11:48:53.885+0000] {logging_mixin.py:115} INFO - [2022-09-02T11:48:53.885+0000] {dag.py:2429} INFO - Sync 1 DAGs
[2022-09-02T11:48:53.896+0000] {logging_mixin.py:115} INFO - [2022-09-02T11:48:53.896+0000] {dag.py:2981} INFO - Setting next_dagrun for example_dag_decorator to None, run_after=None
[2022-09-02T11:48:53.904+0000] {processor.py:161} INFO - Processing /home/airflow/.local/lib/python3.7/site-packages/airflow/example_dags/example_dag_decorator.py took 0.076 seconds
[2022-09-02T11:49:24.597+0000] {processor.py:153} INFO - Started process (PID=947) to work on /home/airflow/.local/lib/python3.7/site-packages/airflow/example_dags/example_dag_decorator.py
[2022-09-02T11:49:24.599+0000] {processor.py:640} INFO - Processing file /home/airflow/.local/lib/python3.7/site-packages/airflow/example_dags/example_dag_decorator.py for tasks to queue
[2022-09-02T11:49:24.601+0000] {logging_mixin.py:115} INFO - [2022-09-02T11:49:24.601+0000] {dagbag.py:508} INFO - Filling up the DagBag from /home/airflow/.local/lib/python3.7/site-packages/airflow/example_dags/example_dag_decorator.py
[2022-09-02T11:49:24.622+0000] {processor.py:650} INFO - DAG(s) dict_keys(['example_dag_decorator']) retrieved from /home/airflow/.local/lib/python3.7/site-packages/airflow/example_dags/example_dag_decorator.py
[2022-09-02T11:49:24.668+0000] {logging_mixin.py:115} INFO - [2022-09-02T11:49:24.667+0000] {dag.py:2429} INFO - Sync 1 DAGs
[2022-09-02T11:49:24.680+0000] {logging_mixin.py:115} INFO - [2022-09-02T11:49:24.680+0000] {dag.py:2981} INFO - Setting next_dagrun for example_dag_decorator to None, run_after=None
[2022-09-02T11:49:24.689+0000] {processor.py:161} INFO - Processing /home/airflow/.local/lib/python3.7/site-packages/airflow/example_dags/example_dag_decorator.py took 0.096 seconds
[2022-09-02T11:49:55.515+0000] {processor.py:153} INFO - Started process (PID=1146) to work on /home/airflow/.local/lib/python3.7/site-packages/airflow/example_dags/example_dag_decorator.py
[2022-09-02T11:49:55.517+0000] {processor.py:640} INFO - Processing file /home/airflow/.local/lib/python3.7/site-packages/airflow/example_dags/example_dag_decorator.py for tasks to queue
[2022-09-02T11:49:55.518+0000] {logging_mixin.py:115} INFO - [2022-09-02T11:49:55.518+0000] {dagbag.py:508} INFO - Filling up the DagBag from /home/airflow/.local/lib/python3.7/site-packages/airflow/example_dags/example_dag_decorator.py
[2022-09-02T11:49:55.537+0000] {processor.py:650} INFO - DAG(s) dict_keys(['example_dag_decorator']) retrieved from /home/airflow/.local/lib/python3.7/site-packages/airflow/example_dags/example_dag_decorator.py
[2022-09-02T11:49:55.578+0000] {logging_mixin.py:115} INFO - [2022-09-02T11:49:55.577+0000] {dag.py:2429} INFO - Sync 1 DAGs
[2022-09-02T11:49:55.590+0000] {logging_mixin.py:115} INFO - [2022-09-02T11:49:55.590+0000] {dag.py:2981} INFO - Setting next_dagrun for example_dag_decorator to None, run_after=None
[2022-09-02T11:49:55.600+0000] {processor.py:161} INFO - Processing /home/airflow/.local/lib/python3.7/site-packages/airflow/example_dags/example_dag_decorator.py took 0.087 seconds
[2022-09-02T11:50:26.285+0000] {processor.py:153} INFO - Started process (PID=1343) to work on /home/airflow/.local/lib/python3.7/site-packages/airflow/example_dags/example_dag_decorator.py
[2022-09-02T11:50:26.286+0000] {processor.py:640} INFO - Processing file /home/airflow/.local/lib/python3.7/site-packages/airflow/example_dags/example_dag_decorator.py for tasks to queue
[2022-09-02T11:50:26.288+0000] {logging_mixin.py:115} INFO - [2022-09-02T11:50:26.288+0000] {dagbag.py:508} INFO - Filling up the DagBag from /home/airflow/.local/lib/python3.7/site-packages/airflow/example_dags/example_dag_decorator.py
[2022-09-02T11:50:26.304+0000] {processor.py:650} INFO - DAG(s) dict_keys(['example_dag_decorator']) retrieved from /home/airflow/.local/lib/python3.7/site-packages/airflow/example_dags/example_dag_decorator.py
[2022-09-02T11:50:26.347+0000] {logging_mixin.py:115} INFO - [2022-09-02T11:50:26.347+0000] {dag.py:2429} INFO - Sync 1 DAGs
[2022-09-02T11:50:26.361+0000] {logging_mixin.py:115} INFO - [2022-09-02T11:50:26.361+0000] {dag.py:2981} INFO - Setting next_dagrun for example_dag_decorator to None, run_after=None
[2022-09-02T11:50:26.369+0000] {processor.py:161} INFO - Processing /home/airflow/.local/lib/python3.7/site-packages/airflow/example_dags/example_dag_decorator.py took 0.087 seconds
[2022-09-02T11:50:57.081+0000] {processor.py:153} INFO - Started process (PID=1542) to work on /home/airflow/.local/lib/python3.7/site-packages/airflow/example_dags/example_dag_decorator.py
[2022-09-02T11:50:57.083+0000] {processor.py:640} INFO - Processing file /home/airflow/.local/lib/python3.7/site-packages/airflow/example_dags/example_dag_decorator.py for tasks to queue
[2022-09-02T11:50:57.085+0000] {logging_mixin.py:115} INFO - [2022-09-02T11:50:57.085+0000] {dagbag.py:508} INFO - Filling up the DagBag from /home/airflow/.local/lib/python3.7/site-packages/airflow/example_dags/example_dag_decorator.py
[2022-09-02T11:50:57.102+0000] {processor.py:650} INFO - DAG(s) dict_keys(['example_dag_decorator']) retrieved from /home/airflow/.local/lib/python3.7/site-packages/airflow/example_dags/example_dag_decorator.py
[2022-09-02T11:50:57.146+0000] {logging_mixin.py:115} INFO - [2022-09-02T11:50:57.146+0000] {dag.py:2429} INFO - Sync 1 DAGs
[2022-09-02T11:50:57.158+0000] {logging_mixin.py:115} INFO - [2022-09-02T11:50:57.158+0000] {dag.py:2981} INFO - Setting next_dagrun for example_dag_decorator to None, run_after=None
[2022-09-02T11:50:57.166+0000] {processor.py:161} INFO - Processing /home/airflow/.local/lib/python3.7/site-packages/airflow/example_dags/example_dag_decorator.py took 0.090 seconds
[2022-09-02T11:51:27.803+0000] {processor.py:153} INFO - Started process (PID=1739) to work on /home/airflow/.local/lib/python3.7/site-packages/airflow/example_dags/example_dag_decorator.py
[2022-09-02T11:51:27.806+0000] {processor.py:640} INFO - Processing file /home/airflow/.local/lib/python3.7/site-packages/airflow/example_dags/example_dag_decorator.py for tasks to queue
[2022-09-02T11:51:27.808+0000] {logging_mixin.py:115} INFO - [2022-09-02T11:51:27.808+0000] {dagbag.py:508} INFO - Filling up the DagBag from /home/airflow/.local/lib/python3.7/site-packages/airflow/example_dags/example_dag_decorator.py
[2022-09-02T11:51:27.831+0000] {processor.py:650} INFO - DAG(s) dict_keys(['example_dag_decorator']) retrieved from /home/airflow/.local/lib/python3.7/site-packages/airflow/example_dags/example_dag_decorator.py
[2022-09-02T11:51:27.876+0000] {logging_mixin.py:115} INFO - [2022-09-02T11:51:27.876+0000] {dag.py:2429} INFO - Sync 1 DAGs
[2022-09-02T11:51:27.890+0000] {logging_mixin.py:115} INFO - [2022-09-02T11:51:27.889+0000] {dag.py:2981} INFO - Setting next_dagrun for example_dag_decorator to None, run_after=None
[2022-09-02T11:51:27.899+0000] {processor.py:161} INFO - Processing /home/airflow/.local/lib/python3.7/site-packages/airflow/example_dags/example_dag_decorator.py took 0.100 seconds
[2022-09-02T11:51:58.552+0000] {processor.py:153} INFO - Started process (PID=1935) to work on /home/airflow/.local/lib/python3.7/site-packages/airflow/example_dags/example_dag_decorator.py
[2022-09-02T11:51:58.554+0000] {processor.py:640} INFO - Processing file /home/airflow/.local/lib/python3.7/site-packages/airflow/example_dags/example_dag_decorator.py for tasks to queue
[2022-09-02T11:51:58.557+0000] {logging_mixin.py:115} INFO - [2022-09-02T11:51:58.557+0000] {dagbag.py:508} INFO - Filling up the DagBag from /home/airflow/.local/lib/python3.7/site-packages/airflow/example_dags/example_dag_decorator.py
[2022-09-02T11:51:58.580+0000] {processor.py:650} INFO - DAG(s) dict_keys(['example_dag_decorator']) retrieved from /home/airflow/.local/lib/python3.7/site-packages/airflow/example_dags/example_dag_decorator.py
[2022-09-02T11:51:58.638+0000] {logging_mixin.py:115} INFO - [2022-09-02T11:51:58.637+0000] {dag.py:2429} INFO - Sync 1 DAGs
[2022-09-02T11:51:58.652+0000] {logging_mixin.py:115} INFO - [2022-09-02T11:51:58.652+0000] {dag.py:2981} INFO - Setting next_dagrun for example_dag_decorator to None, run_after=None
[2022-09-02T11:51:58.661+0000] {processor.py:161} INFO - Processing /home/airflow/.local/lib/python3.7/site-packages/airflow/example_dags/example_dag_decorator.py took 0.113 seconds
[2022-09-02T11:52:29.584+0000] {processor.py:153} INFO - Started process (PID=2125) to work on /home/airflow/.local/lib/python3.7/site-packages/airflow/example_dags/example_dag_decorator.py
[2022-09-02T11:52:29.586+0000] {processor.py:640} INFO - Processing file /home/airflow/.local/lib/python3.7/site-packages/airflow/example_dags/example_dag_decorator.py for tasks to queue
[2022-09-02T11:52:29.588+0000] {logging_mixin.py:115} INFO - [2022-09-02T11:52:29.588+0000] {dagbag.py:508} INFO - Filling up the DagBag from /home/airflow/.local/lib/python3.7/site-packages/airflow/example_dags/example_dag_decorator.py
[2022-09-02T11:52:29.605+0000] {processor.py:650} INFO - DAG(s) dict_keys(['example_dag_decorator']) retrieved from /home/airflow/.local/lib/python3.7/site-packages/airflow/example_dags/example_dag_decorator.py
[2022-09-02T11:52:29.649+0000] {logging_mixin.py:115} INFO - [2022-09-02T11:52:29.649+0000] {dag.py:2429} INFO - Sync 1 DAGs
[2022-09-02T11:52:29.666+0000] {logging_mixin.py:115} INFO - [2022-09-02T11:52:29.666+0000] {dag.py:2981} INFO - Setting next_dagrun for example_dag_decorator to None, run_after=None
[2022-09-02T11:52:29.674+0000] {processor.py:161} INFO - Processing /home/airflow/.local/lib/python3.7/site-packages/airflow/example_dags/example_dag_decorator.py took 0.095 seconds
[2022-09-02T11:53:00.306+0000] {processor.py:153} INFO - Started process (PID=2323) to work on /home/airflow/.local/lib/python3.7/site-packages/airflow/example_dags/example_dag_decorator.py
[2022-09-02T11:53:00.308+0000] {processor.py:640} INFO - Processing file /home/airflow/.local/lib/python3.7/site-packages/airflow/example_dags/example_dag_decorator.py for tasks to queue
[2022-09-02T11:53:00.309+0000] {logging_mixin.py:115} INFO - [2022-09-02T11:53:00.309+0000] {dagbag.py:508} INFO - Filling up the DagBag from /home/airflow/.local/lib/python3.7/site-packages/airflow/example_dags/example_dag_decorator.py
[2022-09-02T11:53:00.327+0000] {processor.py:650} INFO - DAG(s) dict_keys(['example_dag_decorator']) retrieved from /home/airflow/.local/lib/python3.7/site-packages/airflow/example_dags/example_dag_decorator.py
[2022-09-02T11:53:00.372+0000] {logging_mixin.py:115} INFO - [2022-09-02T11:53:00.371+0000] {dag.py:2429} INFO - Sync 1 DAGs
[2022-09-02T11:53:00.384+0000] {logging_mixin.py:115} INFO - [2022-09-02T11:53:00.384+0000] {dag.py:2981} INFO - Setting next_dagrun for example_dag_decorator to None, run_after=None
[2022-09-02T11:53:00.393+0000] {processor.py:161} INFO - Processing /home/airflow/.local/lib/python3.7/site-packages/airflow/example_dags/example_dag_decorator.py took 0.089 seconds
[2022-09-02T11:53:31.061+0000] {processor.py:153} INFO - Started process (PID=2521) to work on /home/airflow/.local/lib/python3.7/site-packages/airflow/example_dags/example_dag_decorator.py
[2022-09-02T11:53:31.063+0000] {processor.py:640} INFO - Processing file /home/airflow/.local/lib/python3.7/site-packages/airflow/example_dags/example_dag_decorator.py for tasks to queue
[2022-09-02T11:53:31.064+0000] {logging_mixin.py:115} INFO - [2022-09-02T11:53:31.063+0000] {dagbag.py:508} INFO - Filling up the DagBag from /home/airflow/.local/lib/python3.7/site-packages/airflow/example_dags/example_dag_decorator.py
[2022-09-02T11:53:31.079+0000] {processor.py:650} INFO - DAG(s) dict_keys(['example_dag_decorator']) retrieved from /home/airflow/.local/lib/python3.7/site-packages/airflow/example_dags/example_dag_decorator.py
[2022-09-02T11:53:31.098+0000] {logging_mixin.py:115} INFO - [2022-09-02T11:53:31.098+0000] {dag.py:2429} INFO - Sync 1 DAGs
[2022-09-02T11:53:31.113+0000] {logging_mixin.py:115} INFO - [2022-09-02T11:53:31.113+0000] {dag.py:2981} INFO - Setting next_dagrun for example_dag_decorator to None, run_after=None
[2022-09-02T11:53:31.122+0000] {processor.py:161} INFO - Processing /home/airflow/.local/lib/python3.7/site-packages/airflow/example_dags/example_dag_decorator.py took 0.063 seconds
[2022-09-02T11:54:01.861+0000] {processor.py:153} INFO - Started process (PID=2718) to work on /home/airflow/.local/lib/python3.7/site-packages/airflow/example_dags/example_dag_decorator.py
[2022-09-02T11:54:01.863+0000] {processor.py:640} INFO - Processing file /home/airflow/.local/lib/python3.7/site-packages/airflow/example_dags/example_dag_decorator.py for tasks to queue
[2022-09-02T11:54:01.864+0000] {logging_mixin.py:115} INFO - [2022-09-02T11:54:01.864+0000] {dagbag.py:508} INFO - Filling up the DagBag from /home/airflow/.local/lib/python3.7/site-packages/airflow/example_dags/example_dag_decorator.py
[2022-09-02T11:54:01.883+0000] {processor.py:650} INFO - DAG(s) dict_keys(['example_dag_decorator']) retrieved from /home/airflow/.local/lib/python3.7/site-packages/airflow/example_dags/example_dag_decorator.py
[2022-09-02T11:54:01.932+0000] {logging_mixin.py:115} INFO - [2022-09-02T11:54:01.931+0000] {dag.py:2429} INFO - Sync 1 DAGs
[2022-09-02T11:54:01.944+0000] {logging_mixin.py:115} INFO - [2022-09-02T11:54:01.944+0000] {dag.py:2981} INFO - Setting next_dagrun for example_dag_decorator to None, run_after=None
[2022-09-02T11:54:01.956+0000] {processor.py:161} INFO - Processing /home/airflow/.local/lib/python3.7/site-packages/airflow/example_dags/example_dag_decorator.py took 0.098 seconds
[2022-09-02T11:54:32.676+0000] {processor.py:153} INFO - Started process (PID=2913) to work on /home/airflow/.local/lib/python3.7/site-packages/airflow/example_dags/example_dag_decorator.py
[2022-09-02T11:54:32.679+0000] {processor.py:640} INFO - Processing file /home/airflow/.local/lib/python3.7/site-packages/airflow/example_dags/example_dag_decorator.py for tasks to queue
[2022-09-02T11:54:32.682+0000] {logging_mixin.py:115} INFO - [2022-09-02T11:54:32.682+0000] {dagbag.py:508} INFO - Filling up the DagBag from /home/airflow/.local/lib/python3.7/site-packages/airflow/example_dags/example_dag_decorator.py
[2022-09-02T11:54:32.704+0000] {processor.py:650} INFO - DAG(s) dict_keys(['example_dag_decorator']) retrieved from /home/airflow/.local/lib/python3.7/site-packages/airflow/example_dags/example_dag_decorator.py
[2022-09-02T11:54:32.750+0000] {logging_mixin.py:115} INFO - [2022-09-02T11:54:32.750+0000] {dag.py:2429} INFO - Sync 1 DAGs
[2022-09-02T11:54:32.763+0000] {logging_mixin.py:115} INFO - [2022-09-02T11:54:32.762+0000] {dag.py:2981} INFO - Setting next_dagrun for example_dag_decorator to None, run_after=None
[2022-09-02T11:54:32.772+0000] {processor.py:161} INFO - Processing /home/airflow/.local/lib/python3.7/site-packages/airflow/example_dags/example_dag_decorator.py took 0.102 seconds
[2022-09-02T11:55:03.403+0000] {processor.py:153} INFO - Started process (PID=3112) to work on /home/airflow/.local/lib/python3.7/site-packages/airflow/example_dags/example_dag_decorator.py
[2022-09-02T11:55:03.405+0000] {processor.py:640} INFO - Processing file /home/airflow/.local/lib/python3.7/site-packages/airflow/example_dags/example_dag_decorator.py for tasks to queue
[2022-09-02T11:55:03.406+0000] {logging_mixin.py:115} INFO - [2022-09-02T11:55:03.406+0000] {dagbag.py:508} INFO - Filling up the DagBag from /home/airflow/.local/lib/python3.7/site-packages/airflow/example_dags/example_dag_decorator.py
[2022-09-02T11:55:03.421+0000] {processor.py:650} INFO - DAG(s) dict_keys(['example_dag_decorator']) retrieved from /home/airflow/.local/lib/python3.7/site-packages/airflow/example_dags/example_dag_decorator.py
[2022-09-02T11:55:03.464+0000] {logging_mixin.py:115} INFO - [2022-09-02T11:55:03.464+0000] {dag.py:2429} INFO - Sync 1 DAGs
[2022-09-02T11:55:03.478+0000] {logging_mixin.py:115} INFO - [2022-09-02T11:55:03.478+0000] {dag.py:2981} INFO - Setting next_dagrun for example_dag_decorator to None, run_after=None
[2022-09-02T11:55:03.486+0000] {processor.py:161} INFO - Processing /home/airflow/.local/lib/python3.7/site-packages/airflow/example_dags/example_dag_decorator.py took 0.085 seconds
[2022-09-02T11:55:34.264+0000] {processor.py:153} INFO - Started process (PID=3300) to work on /home/airflow/.local/lib/python3.7/site-packages/airflow/example_dags/example_dag_decorator.py
[2022-09-02T11:55:34.266+0000] {processor.py:640} INFO - Processing file /home/airflow/.local/lib/python3.7/site-packages/airflow/example_dags/example_dag_decorator.py for tasks to queue
[2022-09-02T11:55:34.268+0000] {logging_mixin.py:115} INFO - [2022-09-02T11:55:34.268+0000] {dagbag.py:508} INFO - Filling up the DagBag from /home/airflow/.local/lib/python3.7/site-packages/airflow/example_dags/example_dag_decorator.py
[2022-09-02T11:55:34.284+0000] {processor.py:650} INFO - DAG(s) dict_keys(['example_dag_decorator']) retrieved from /home/airflow/.local/lib/python3.7/site-packages/airflow/example_dags/example_dag_decorator.py
[2022-09-02T11:55:34.305+0000] {logging_mixin.py:115} INFO - [2022-09-02T11:55:34.305+0000] {dag.py:2429} INFO - Sync 1 DAGs
[2022-09-02T11:55:34.319+0000] {logging_mixin.py:115} INFO - [2022-09-02T11:55:34.319+0000] {dag.py:2981} INFO - Setting next_dagrun for example_dag_decorator to None, run_after=None
[2022-09-02T11:55:34.328+0000] {processor.py:161} INFO - Processing /home/airflow/.local/lib/python3.7/site-packages/airflow/example_dags/example_dag_decorator.py took 0.067 seconds
[2022-09-02T11:56:05.008+0000] {processor.py:153} INFO - Started process (PID=3497) to work on /home/airflow/.local/lib/python3.7/site-packages/airflow/example_dags/example_dag_decorator.py
[2022-09-02T11:56:05.010+0000] {processor.py:640} INFO - Processing file /home/airflow/.local/lib/python3.7/site-packages/airflow/example_dags/example_dag_decorator.py for tasks to queue
[2022-09-02T11:56:05.012+0000] {logging_mixin.py:115} INFO - [2022-09-02T11:56:05.012+0000] {dagbag.py:508} INFO - Filling up the DagBag from /home/airflow/.local/lib/python3.7/site-packages/airflow/example_dags/example_dag_decorator.py
[2022-09-02T11:56:05.029+0000] {processor.py:650} INFO - DAG(s) dict_keys(['example_dag_decorator']) retrieved from /home/airflow/.local/lib/python3.7/site-packages/airflow/example_dags/example_dag_decorator.py
[2022-09-02T11:56:05.076+0000] {logging_mixin.py:115} INFO - [2022-09-02T11:56:05.076+0000] {dag.py:2429} INFO - Sync 1 DAGs
[2022-09-02T11:56:05.088+0000] {logging_mixin.py:115} INFO - [2022-09-02T11:56:05.088+0000] {dag.py:2981} INFO - Setting next_dagrun for example_dag_decorator to None, run_after=None
[2022-09-02T11:56:05.097+0000] {processor.py:161} INFO - Processing /home/airflow/.local/lib/python3.7/site-packages/airflow/example_dags/example_dag_decorator.py took 0.094 seconds
[2022-09-02T11:56:35.989+0000] {processor.py:153} INFO - Started process (PID=3693) to work on /home/airflow/.local/lib/python3.7/site-packages/airflow/example_dags/example_dag_decorator.py
[2022-09-02T11:56:35.990+0000] {processor.py:640} INFO - Processing file /home/airflow/.local/lib/python3.7/site-packages/airflow/example_dags/example_dag_decorator.py for tasks to queue
[2022-09-02T11:56:35.993+0000] {logging_mixin.py:115} INFO - [2022-09-02T11:56:35.993+0000] {dagbag.py:508} INFO - Filling up the DagBag from /home/airflow/.local/lib/python3.7/site-packages/airflow/example_dags/example_dag_decorator.py
[2022-09-02T11:56:36.011+0000] {processor.py:650} INFO - DAG(s) dict_keys(['example_dag_decorator']) retrieved from /home/airflow/.local/lib/python3.7/site-packages/airflow/example_dags/example_dag_decorator.py
[2022-09-02T11:56:36.030+0000] {logging_mixin.py:115} INFO - [2022-09-02T11:56:36.029+0000] {dag.py:2429} INFO - Sync 1 DAGs
[2022-09-02T11:56:36.044+0000] {logging_mixin.py:115} INFO - [2022-09-02T11:56:36.044+0000] {dag.py:2981} INFO - Setting next_dagrun for example_dag_decorator to None, run_after=None
[2022-09-02T11:56:36.054+0000] {processor.py:161} INFO - Processing /home/airflow/.local/lib/python3.7/site-packages/airflow/example_dags/example_dag_decorator.py took 0.069 seconds
[2022-09-02T11:57:06.709+0000] {processor.py:153} INFO - Started process (PID=3890) to work on /home/airflow/.local/lib/python3.7/site-packages/airflow/example_dags/example_dag_decorator.py
[2022-09-02T11:57:06.711+0000] {processor.py:640} INFO - Processing file /home/airflow/.local/lib/python3.7/site-packages/airflow/example_dags/example_dag_decorator.py for tasks to queue
[2022-09-02T11:57:06.713+0000] {logging_mixin.py:115} INFO - [2022-09-02T11:57:06.713+0000] {dagbag.py:508} INFO - Filling up the DagBag from /home/airflow/.local/lib/python3.7/site-packages/airflow/example_dags/example_dag_decorator.py
[2022-09-02T11:57:06.731+0000] {processor.py:650} INFO - DAG(s) dict_keys(['example_dag_decorator']) retrieved from /home/airflow/.local/lib/python3.7/site-packages/airflow/example_dags/example_dag_decorator.py
[2022-09-02T11:57:06.777+0000] {logging_mixin.py:115} INFO - [2022-09-02T11:57:06.777+0000] {dag.py:2429} INFO - Sync 1 DAGs
[2022-09-02T11:57:06.791+0000] {logging_mixin.py:115} INFO - [2022-09-02T11:57:06.790+0000] {dag.py:2981} INFO - Setting next_dagrun for example_dag_decorator to None, run_after=None
[2022-09-02T11:57:06.799+0000] {processor.py:161} INFO - Processing /home/airflow/.local/lib/python3.7/site-packages/airflow/example_dags/example_dag_decorator.py took 0.093 seconds
[2022-09-02T11:57:37.591+0000] {processor.py:153} INFO - Started process (PID=4085) to work on /home/airflow/.local/lib/python3.7/site-packages/airflow/example_dags/example_dag_decorator.py
[2022-09-02T11:57:37.593+0000] {processor.py:640} INFO - Processing file /home/airflow/.local/lib/python3.7/site-packages/airflow/example_dags/example_dag_decorator.py for tasks to queue
[2022-09-02T11:57:37.594+0000] {logging_mixin.py:115} INFO - [2022-09-02T11:57:37.594+0000] {dagbag.py:508} INFO - Filling up the DagBag from /home/airflow/.local/lib/python3.7/site-packages/airflow/example_dags/example_dag_decorator.py
[2022-09-02T11:57:37.613+0000] {processor.py:650} INFO - DAG(s) dict_keys(['example_dag_decorator']) retrieved from /home/airflow/.local/lib/python3.7/site-packages/airflow/example_dags/example_dag_decorator.py
[2022-09-02T11:57:37.655+0000] {logging_mixin.py:115} INFO - [2022-09-02T11:57:37.655+0000] {dag.py:2429} INFO - Sync 1 DAGs
[2022-09-02T11:57:37.673+0000] {logging_mixin.py:115} INFO - [2022-09-02T11:57:37.672+0000] {dag.py:2981} INFO - Setting next_dagrun for example_dag_decorator to None, run_after=None
[2022-09-02T11:57:37.682+0000] {processor.py:161} INFO - Processing /home/airflow/.local/lib/python3.7/site-packages/airflow/example_dags/example_dag_decorator.py took 0.094 seconds
[2022-09-02T11:58:08.384+0000] {processor.py:153} INFO - Started process (PID=4282) to work on /home/airflow/.local/lib/python3.7/site-packages/airflow/example_dags/example_dag_decorator.py
[2022-09-02T11:58:08.386+0000] {processor.py:640} INFO - Processing file /home/airflow/.local/lib/python3.7/site-packages/airflow/example_dags/example_dag_decorator.py for tasks to queue
[2022-09-02T11:58:08.389+0000] {logging_mixin.py:115} INFO - [2022-09-02T11:58:08.388+0000] {dagbag.py:508} INFO - Filling up the DagBag from /home/airflow/.local/lib/python3.7/site-packages/airflow/example_dags/example_dag_decorator.py
[2022-09-02T11:58:08.406+0000] {processor.py:650} INFO - DAG(s) dict_keys(['example_dag_decorator']) retrieved from /home/airflow/.local/lib/python3.7/site-packages/airflow/example_dags/example_dag_decorator.py
[2022-09-02T11:58:08.449+0000] {logging_mixin.py:115} INFO - [2022-09-02T11:58:08.449+0000] {dag.py:2429} INFO - Sync 1 DAGs
[2022-09-02T11:58:08.462+0000] {logging_mixin.py:115} INFO - [2022-09-02T11:58:08.462+0000] {dag.py:2981} INFO - Setting next_dagrun for example_dag_decorator to None, run_after=None
[2022-09-02T11:58:08.472+0000] {processor.py:161} INFO - Processing /home/airflow/.local/lib/python3.7/site-packages/airflow/example_dags/example_dag_decorator.py took 0.091 seconds
[2022-09-02T11:58:39.246+0000] {processor.py:153} INFO - Started process (PID=4479) to work on /home/airflow/.local/lib/python3.7/site-packages/airflow/example_dags/example_dag_decorator.py
[2022-09-02T11:58:39.247+0000] {processor.py:640} INFO - Processing file /home/airflow/.local/lib/python3.7/site-packages/airflow/example_dags/example_dag_decorator.py for tasks to queue
[2022-09-02T11:58:39.248+0000] {logging_mixin.py:115} INFO - [2022-09-02T11:58:39.248+0000] {dagbag.py:508} INFO - Filling up the DagBag from /home/airflow/.local/lib/python3.7/site-packages/airflow/example_dags/example_dag_decorator.py
[2022-09-02T11:58:39.268+0000] {processor.py:650} INFO - DAG(s) dict_keys(['example_dag_decorator']) retrieved from /home/airflow/.local/lib/python3.7/site-packages/airflow/example_dags/example_dag_decorator.py
[2022-09-02T11:58:39.321+0000] {logging_mixin.py:115} INFO - [2022-09-02T11:58:39.321+0000] {dag.py:2429} INFO - Sync 1 DAGs
[2022-09-02T11:58:39.336+0000] {logging_mixin.py:115} INFO - [2022-09-02T11:58:39.336+0000] {dag.py:2981} INFO - Setting next_dagrun for example_dag_decorator to None, run_after=None
[2022-09-02T11:58:39.347+0000] {processor.py:161} INFO - Processing /home/airflow/.local/lib/python3.7/site-packages/airflow/example_dags/example_dag_decorator.py took 0.105 seconds
[2022-09-02T11:59:10.154+0000] {processor.py:153} INFO - Started process (PID=4666) to work on /home/airflow/.local/lib/python3.7/site-packages/airflow/example_dags/example_dag_decorator.py
[2022-09-02T11:59:10.156+0000] {processor.py:640} INFO - Processing file /home/airflow/.local/lib/python3.7/site-packages/airflow/example_dags/example_dag_decorator.py for tasks to queue
[2022-09-02T11:59:10.158+0000] {logging_mixin.py:115} INFO - [2022-09-02T11:59:10.158+0000] {dagbag.py:508} INFO - Filling up the DagBag from /home/airflow/.local/lib/python3.7/site-packages/airflow/example_dags/example_dag_decorator.py
[2022-09-02T11:59:10.184+0000] {processor.py:650} INFO - DAG(s) dict_keys(['example_dag_decorator']) retrieved from /home/airflow/.local/lib/python3.7/site-packages/airflow/example_dags/example_dag_decorator.py
[2022-09-02T11:59:10.235+0000] {logging_mixin.py:115} INFO - [2022-09-02T11:59:10.235+0000] {dag.py:2429} INFO - Sync 1 DAGs
[2022-09-02T11:59:10.248+0000] {logging_mixin.py:115} INFO - [2022-09-02T11:59:10.248+0000] {dag.py:2981} INFO - Setting next_dagrun for example_dag_decorator to None, run_after=None
[2022-09-02T11:59:10.275+0000] {processor.py:161} INFO - Processing /home/airflow/.local/lib/python3.7/site-packages/airflow/example_dags/example_dag_decorator.py took 0.127 seconds
[2022-09-02T11:59:40.964+0000] {processor.py:153} INFO - Started process (PID=4864) to work on /home/airflow/.local/lib/python3.7/site-packages/airflow/example_dags/example_dag_decorator.py
[2022-09-02T11:59:40.967+0000] {processor.py:640} INFO - Processing file /home/airflow/.local/lib/python3.7/site-packages/airflow/example_dags/example_dag_decorator.py for tasks to queue
[2022-09-02T11:59:40.969+0000] {logging_mixin.py:115} INFO - [2022-09-02T11:59:40.969+0000] {dagbag.py:508} INFO - Filling up the DagBag from /home/airflow/.local/lib/python3.7/site-packages/airflow/example_dags/example_dag_decorator.py
[2022-09-02T11:59:40.986+0000] {processor.py:650} INFO - DAG(s) dict_keys(['example_dag_decorator']) retrieved from /home/airflow/.local/lib/python3.7/site-packages/airflow/example_dags/example_dag_decorator.py
[2022-09-02T11:59:41.016+0000] {logging_mixin.py:115} INFO - [2022-09-02T11:59:41.016+0000] {dag.py:2429} INFO - Sync 1 DAGs
[2022-09-02T11:59:41.033+0000] {logging_mixin.py:115} INFO - [2022-09-02T11:59:41.032+0000] {dag.py:2981} INFO - Setting next_dagrun for example_dag_decorator to None, run_after=None
[2022-09-02T11:59:41.046+0000] {processor.py:161} INFO - Processing /home/airflow/.local/lib/python3.7/site-packages/airflow/example_dags/example_dag_decorator.py took 0.087 seconds
[2022-09-02T12:00:11.930+0000] {processor.py:153} INFO - Started process (PID=5060) to work on /home/airflow/.local/lib/python3.7/site-packages/airflow/example_dags/example_dag_decorator.py
[2022-09-02T12:00:11.932+0000] {processor.py:640} INFO - Processing file /home/airflow/.local/lib/python3.7/site-packages/airflow/example_dags/example_dag_decorator.py for tasks to queue
[2022-09-02T12:00:11.934+0000] {logging_mixin.py:115} INFO - [2022-09-02T12:00:11.934+0000] {dagbag.py:508} INFO - Filling up the DagBag from /home/airflow/.local/lib/python3.7/site-packages/airflow/example_dags/example_dag_decorator.py
[2022-09-02T12:00:11.953+0000] {processor.py:650} INFO - DAG(s) dict_keys(['example_dag_decorator']) retrieved from /home/airflow/.local/lib/python3.7/site-packages/airflow/example_dags/example_dag_decorator.py
[2022-09-02T12:00:11.998+0000] {logging_mixin.py:115} INFO - [2022-09-02T12:00:11.998+0000] {dag.py:2429} INFO - Sync 1 DAGs
[2022-09-02T12:00:12.012+0000] {logging_mixin.py:115} INFO - [2022-09-02T12:00:12.012+0000] {dag.py:2981} INFO - Setting next_dagrun for example_dag_decorator to None, run_after=None
[2022-09-02T12:00:12.023+0000] {processor.py:161} INFO - Processing /home/airflow/.local/lib/python3.7/site-packages/airflow/example_dags/example_dag_decorator.py took 0.097 seconds
[2022-09-02T12:00:42.729+0000] {processor.py:153} INFO - Started process (PID=5258) to work on /home/airflow/.local/lib/python3.7/site-packages/airflow/example_dags/example_dag_decorator.py
[2022-09-02T12:00:42.731+0000] {processor.py:640} INFO - Processing file /home/airflow/.local/lib/python3.7/site-packages/airflow/example_dags/example_dag_decorator.py for tasks to queue
[2022-09-02T12:00:42.732+0000] {logging_mixin.py:115} INFO - [2022-09-02T12:00:42.732+0000] {dagbag.py:508} INFO - Filling up the DagBag from /home/airflow/.local/lib/python3.7/site-packages/airflow/example_dags/example_dag_decorator.py
[2022-09-02T12:00:42.751+0000] {processor.py:650} INFO - DAG(s) dict_keys(['example_dag_decorator']) retrieved from /home/airflow/.local/lib/python3.7/site-packages/airflow/example_dags/example_dag_decorator.py
[2022-09-02T12:00:42.772+0000] {logging_mixin.py:115} INFO - [2022-09-02T12:00:42.772+0000] {dag.py:2429} INFO - Sync 1 DAGs
[2022-09-02T12:00:42.786+0000] {logging_mixin.py:115} INFO - [2022-09-02T12:00:42.786+0000] {dag.py:2981} INFO - Setting next_dagrun for example_dag_decorator to None, run_after=None
[2022-09-02T12:00:42.794+0000] {processor.py:161} INFO - Processing /home/airflow/.local/lib/python3.7/site-packages/airflow/example_dags/example_dag_decorator.py took 0.068 seconds
[2022-09-02T12:01:13.408+0000] {processor.py:153} INFO - Started process (PID=5455) to work on /home/airflow/.local/lib/python3.7/site-packages/airflow/example_dags/example_dag_decorator.py
[2022-09-02T12:01:13.412+0000] {processor.py:640} INFO - Processing file /home/airflow/.local/lib/python3.7/site-packages/airflow/example_dags/example_dag_decorator.py for tasks to queue
[2022-09-02T12:01:13.414+0000] {logging_mixin.py:115} INFO - [2022-09-02T12:01:13.414+0000] {dagbag.py:508} INFO - Filling up the DagBag from /home/airflow/.local/lib/python3.7/site-packages/airflow/example_dags/example_dag_decorator.py
[2022-09-02T12:01:13.432+0000] {processor.py:650} INFO - DAG(s) dict_keys(['example_dag_decorator']) retrieved from /home/airflow/.local/lib/python3.7/site-packages/airflow/example_dags/example_dag_decorator.py
[2022-09-02T12:01:13.483+0000] {logging_mixin.py:115} INFO - [2022-09-02T12:01:13.483+0000] {dag.py:2429} INFO - Sync 1 DAGs
[2022-09-02T12:01:13.494+0000] {logging_mixin.py:115} INFO - [2022-09-02T12:01:13.494+0000] {dag.py:2981} INFO - Setting next_dagrun for example_dag_decorator to None, run_after=None
[2022-09-02T12:01:13.503+0000] {processor.py:161} INFO - Processing /home/airflow/.local/lib/python3.7/site-packages/airflow/example_dags/example_dag_decorator.py took 0.098 seconds
[2022-09-02T12:01:44.076+0000] {processor.py:153} INFO - Started process (PID=5651) to work on /home/airflow/.local/lib/python3.7/site-packages/airflow/example_dags/example_dag_decorator.py
[2022-09-02T12:01:44.078+0000] {processor.py:640} INFO - Processing file /home/airflow/.local/lib/python3.7/site-packages/airflow/example_dags/example_dag_decorator.py for tasks to queue
[2022-09-02T12:01:44.080+0000] {logging_mixin.py:115} INFO - [2022-09-02T12:01:44.080+0000] {dagbag.py:508} INFO - Filling up the DagBag from /home/airflow/.local/lib/python3.7/site-packages/airflow/example_dags/example_dag_decorator.py
[2022-09-02T12:01:44.115+0000] {processor.py:650} INFO - DAG(s) dict_keys(['example_dag_decorator']) retrieved from /home/airflow/.local/lib/python3.7/site-packages/airflow/example_dags/example_dag_decorator.py
[2022-09-02T12:01:44.177+0000] {logging_mixin.py:115} INFO - [2022-09-02T12:01:44.177+0000] {dag.py:2429} INFO - Sync 1 DAGs
[2022-09-02T12:01:44.190+0000] {logging_mixin.py:115} INFO - [2022-09-02T12:01:44.190+0000] {dag.py:2981} INFO - Setting next_dagrun for example_dag_decorator to None, run_after=None
[2022-09-02T12:01:44.201+0000] {processor.py:161} INFO - Processing /home/airflow/.local/lib/python3.7/site-packages/airflow/example_dags/example_dag_decorator.py took 0.131 seconds
[2022-09-02T12:02:14.883+0000] {processor.py:153} INFO - Started process (PID=5856) to work on /home/airflow/.local/lib/python3.7/site-packages/airflow/example_dags/example_dag_decorator.py
[2022-09-02T12:02:14.886+0000] {processor.py:640} INFO - Processing file /home/airflow/.local/lib/python3.7/site-packages/airflow/example_dags/example_dag_decorator.py for tasks to queue
[2022-09-02T12:02:14.888+0000] {logging_mixin.py:115} INFO - [2022-09-02T12:02:14.888+0000] {dagbag.py:508} INFO - Filling up the DagBag from /home/airflow/.local/lib/python3.7/site-packages/airflow/example_dags/example_dag_decorator.py
[2022-09-02T12:02:14.908+0000] {processor.py:650} INFO - DAG(s) dict_keys(['example_dag_decorator']) retrieved from /home/airflow/.local/lib/python3.7/site-packages/airflow/example_dags/example_dag_decorator.py
[2022-09-02T12:02:14.957+0000] {logging_mixin.py:115} INFO - [2022-09-02T12:02:14.957+0000] {dag.py:2429} INFO - Sync 1 DAGs
[2022-09-02T12:02:14.970+0000] {logging_mixin.py:115} INFO - [2022-09-02T12:02:14.970+0000] {dag.py:2981} INFO - Setting next_dagrun for example_dag_decorator to None, run_after=None
[2022-09-02T12:02:14.979+0000] {processor.py:161} INFO - Processing /home/airflow/.local/lib/python3.7/site-packages/airflow/example_dags/example_dag_decorator.py took 0.101 seconds
[2022-09-02T12:02:45.872+0000] {processor.py:153} INFO - Started process (PID=6055) to work on /home/airflow/.local/lib/python3.7/site-packages/airflow/example_dags/example_dag_decorator.py
[2022-09-02T12:02:45.874+0000] {processor.py:640} INFO - Processing file /home/airflow/.local/lib/python3.7/site-packages/airflow/example_dags/example_dag_decorator.py for tasks to queue
[2022-09-02T12:02:45.875+0000] {logging_mixin.py:115} INFO - [2022-09-02T12:02:45.875+0000] {dagbag.py:508} INFO - Filling up the DagBag from /home/airflow/.local/lib/python3.7/site-packages/airflow/example_dags/example_dag_decorator.py
[2022-09-02T12:02:45.892+0000] {processor.py:650} INFO - DAG(s) dict_keys(['example_dag_decorator']) retrieved from /home/airflow/.local/lib/python3.7/site-packages/airflow/example_dags/example_dag_decorator.py
[2022-09-02T12:02:45.939+0000] {logging_mixin.py:115} INFO - [2022-09-02T12:02:45.939+0000] {dag.py:2429} INFO - Sync 1 DAGs
[2022-09-02T12:02:45.957+0000] {logging_mixin.py:115} INFO - [2022-09-02T12:02:45.957+0000] {dag.py:2981} INFO - Setting next_dagrun for example_dag_decorator to None, run_after=None
[2022-09-02T12:02:45.965+0000] {processor.py:161} INFO - Processing /home/airflow/.local/lib/python3.7/site-packages/airflow/example_dags/example_dag_decorator.py took 0.096 seconds
[2022-09-02T12:03:16.673+0000] {processor.py:153} INFO - Started process (PID=6252) to work on /home/airflow/.local/lib/python3.7/site-packages/airflow/example_dags/example_dag_decorator.py
[2022-09-02T12:03:16.675+0000] {processor.py:640} INFO - Processing file /home/airflow/.local/lib/python3.7/site-packages/airflow/example_dags/example_dag_decorator.py for tasks to queue
[2022-09-02T12:03:16.676+0000] {logging_mixin.py:115} INFO - [2022-09-02T12:03:16.676+0000] {dagbag.py:508} INFO - Filling up the DagBag from /home/airflow/.local/lib/python3.7/site-packages/airflow/example_dags/example_dag_decorator.py
[2022-09-02T12:03:16.691+0000] {processor.py:650} INFO - DAG(s) dict_keys(['example_dag_decorator']) retrieved from /home/airflow/.local/lib/python3.7/site-packages/airflow/example_dags/example_dag_decorator.py
[2022-09-02T12:03:16.739+0000] {logging_mixin.py:115} INFO - [2022-09-02T12:03:16.739+0000] {dag.py:2429} INFO - Sync 1 DAGs
[2022-09-02T12:03:16.753+0000] {logging_mixin.py:115} INFO - [2022-09-02T12:03:16.753+0000] {dag.py:2981} INFO - Setting next_dagrun for example_dag_decorator to None, run_after=None
[2022-09-02T12:03:16.766+0000] {processor.py:161} INFO - Processing /home/airflow/.local/lib/python3.7/site-packages/airflow/example_dags/example_dag_decorator.py took 0.098 seconds
[2022-09-02T12:03:47.432+0000] {processor.py:153} INFO - Started process (PID=6447) to work on /home/airflow/.local/lib/python3.7/site-packages/airflow/example_dags/example_dag_decorator.py
[2022-09-02T12:03:47.434+0000] {processor.py:640} INFO - Processing file /home/airflow/.local/lib/python3.7/site-packages/airflow/example_dags/example_dag_decorator.py for tasks to queue
[2022-09-02T12:03:47.436+0000] {logging_mixin.py:115} INFO - [2022-09-02T12:03:47.435+0000] {dagbag.py:508} INFO - Filling up the DagBag from /home/airflow/.local/lib/python3.7/site-packages/airflow/example_dags/example_dag_decorator.py
[2022-09-02T12:03:47.454+0000] {processor.py:650} INFO - DAG(s) dict_keys(['example_dag_decorator']) retrieved from /home/airflow/.local/lib/python3.7/site-packages/airflow/example_dags/example_dag_decorator.py
[2022-09-02T12:03:47.499+0000] {logging_mixin.py:115} INFO - [2022-09-02T12:03:47.499+0000] {dag.py:2429} INFO - Sync 1 DAGs
[2022-09-02T12:03:47.514+0000] {logging_mixin.py:115} INFO - [2022-09-02T12:03:47.514+0000] {dag.py:2981} INFO - Setting next_dagrun for example_dag_decorator to None, run_after=None
[2022-09-02T12:03:47.524+0000] {processor.py:161} INFO - Processing /home/airflow/.local/lib/python3.7/site-packages/airflow/example_dags/example_dag_decorator.py took 0.094 seconds
[2022-09-02T12:04:18.129+0000] {processor.py:153} INFO - Started process (PID=6646) to work on /home/airflow/.local/lib/python3.7/site-packages/airflow/example_dags/example_dag_decorator.py
[2022-09-02T12:04:18.131+0000] {processor.py:640} INFO - Processing file /home/airflow/.local/lib/python3.7/site-packages/airflow/example_dags/example_dag_decorator.py for tasks to queue
[2022-09-02T12:04:18.133+0000] {logging_mixin.py:115} INFO - [2022-09-02T12:04:18.133+0000] {dagbag.py:508} INFO - Filling up the DagBag from /home/airflow/.local/lib/python3.7/site-packages/airflow/example_dags/example_dag_decorator.py
[2022-09-02T12:04:18.150+0000] {processor.py:650} INFO - DAG(s) dict_keys(['example_dag_decorator']) retrieved from /home/airflow/.local/lib/python3.7/site-packages/airflow/example_dags/example_dag_decorator.py
[2022-09-02T12:04:18.173+0000] {logging_mixin.py:115} INFO - [2022-09-02T12:04:18.173+0000] {dag.py:2429} INFO - Sync 1 DAGs
[2022-09-02T12:04:18.187+0000] {logging_mixin.py:115} INFO - [2022-09-02T12:04:18.187+0000] {dag.py:2981} INFO - Setting next_dagrun for example_dag_decorator to None, run_after=None
[2022-09-02T12:04:18.227+0000] {processor.py:161} INFO - Processing /home/airflow/.local/lib/python3.7/site-packages/airflow/example_dags/example_dag_decorator.py took 0.101 seconds
[2022-09-02T12:04:48.962+0000] {processor.py:153} INFO - Started process (PID=6842) to work on /home/airflow/.local/lib/python3.7/site-packages/airflow/example_dags/example_dag_decorator.py
[2022-09-02T12:04:48.964+0000] {processor.py:640} INFO - Processing file /home/airflow/.local/lib/python3.7/site-packages/airflow/example_dags/example_dag_decorator.py for tasks to queue
[2022-09-02T12:04:48.966+0000] {logging_mixin.py:115} INFO - [2022-09-02T12:04:48.966+0000] {dagbag.py:508} INFO - Filling up the DagBag from /home/airflow/.local/lib/python3.7/site-packages/airflow/example_dags/example_dag_decorator.py
[2022-09-02T12:04:48.986+0000] {processor.py:650} INFO - DAG(s) dict_keys(['example_dag_decorator']) retrieved from /home/airflow/.local/lib/python3.7/site-packages/airflow/example_dags/example_dag_decorator.py
[2022-09-02T12:04:49.033+0000] {logging_mixin.py:115} INFO - [2022-09-02T12:04:49.032+0000] {dag.py:2429} INFO - Sync 1 DAGs
[2022-09-02T12:04:49.045+0000] {logging_mixin.py:115} INFO - [2022-09-02T12:04:49.045+0000] {dag.py:2981} INFO - Setting next_dagrun for example_dag_decorator to None, run_after=None
[2022-09-02T12:04:49.054+0000] {processor.py:161} INFO - Processing /home/airflow/.local/lib/python3.7/site-packages/airflow/example_dags/example_dag_decorator.py took 0.094 seconds
[2022-09-02T12:05:19.828+0000] {processor.py:153} INFO - Started process (PID=7029) to work on /home/airflow/.local/lib/python3.7/site-packages/airflow/example_dags/example_dag_decorator.py
[2022-09-02T12:05:19.830+0000] {processor.py:640} INFO - Processing file /home/airflow/.local/lib/python3.7/site-packages/airflow/example_dags/example_dag_decorator.py for tasks to queue
[2022-09-02T12:05:19.832+0000] {logging_mixin.py:115} INFO - [2022-09-02T12:05:19.832+0000] {dagbag.py:508} INFO - Filling up the DagBag from /home/airflow/.local/lib/python3.7/site-packages/airflow/example_dags/example_dag_decorator.py
[2022-09-02T12:05:19.863+0000] {processor.py:650} INFO - DAG(s) dict_keys(['example_dag_decorator']) retrieved from /home/airflow/.local/lib/python3.7/site-packages/airflow/example_dags/example_dag_decorator.py
[2022-09-02T12:05:19.889+0000] {logging_mixin.py:115} INFO - [2022-09-02T12:05:19.889+0000] {dag.py:2429} INFO - Sync 1 DAGs
[2022-09-02T12:05:19.905+0000] {logging_mixin.py:115} INFO - [2022-09-02T12:05:19.905+0000] {dag.py:2981} INFO - Setting next_dagrun for example_dag_decorator to None, run_after=None
[2022-09-02T12:05:19.914+0000] {processor.py:161} INFO - Processing /home/airflow/.local/lib/python3.7/site-packages/airflow/example_dags/example_dag_decorator.py took 0.091 seconds
[2022-09-02T12:05:50.622+0000] {processor.py:153} INFO - Started process (PID=7229) to work on /home/airflow/.local/lib/python3.7/site-packages/airflow/example_dags/example_dag_decorator.py
[2022-09-02T12:05:50.623+0000] {processor.py:640} INFO - Processing file /home/airflow/.local/lib/python3.7/site-packages/airflow/example_dags/example_dag_decorator.py for tasks to queue
[2022-09-02T12:05:50.625+0000] {logging_mixin.py:115} INFO - [2022-09-02T12:05:50.625+0000] {dagbag.py:508} INFO - Filling up the DagBag from /home/airflow/.local/lib/python3.7/site-packages/airflow/example_dags/example_dag_decorator.py
[2022-09-02T12:05:50.642+0000] {processor.py:650} INFO - DAG(s) dict_keys(['example_dag_decorator']) retrieved from /home/airflow/.local/lib/python3.7/site-packages/airflow/example_dags/example_dag_decorator.py
[2022-09-02T12:05:50.663+0000] {logging_mixin.py:115} INFO - [2022-09-02T12:05:50.663+0000] {dag.py:2429} INFO - Sync 1 DAGs
[2022-09-02T12:05:50.675+0000] {logging_mixin.py:115} INFO - [2022-09-02T12:05:50.675+0000] {dag.py:2981} INFO - Setting next_dagrun for example_dag_decorator to None, run_after=None
[2022-09-02T12:05:50.685+0000] {processor.py:161} INFO - Processing /home/airflow/.local/lib/python3.7/site-packages/airflow/example_dags/example_dag_decorator.py took 0.067 seconds
[2022-09-02T12:06:21.422+0000] {processor.py:153} INFO - Started process (PID=7427) to work on /home/airflow/.local/lib/python3.7/site-packages/airflow/example_dags/example_dag_decorator.py
[2022-09-02T12:06:21.424+0000] {processor.py:640} INFO - Processing file /home/airflow/.local/lib/python3.7/site-packages/airflow/example_dags/example_dag_decorator.py for tasks to queue
[2022-09-02T12:06:21.426+0000] {logging_mixin.py:115} INFO - [2022-09-02T12:06:21.426+0000] {dagbag.py:508} INFO - Filling up the DagBag from /home/airflow/.local/lib/python3.7/site-packages/airflow/example_dags/example_dag_decorator.py
[2022-09-02T12:06:21.442+0000] {processor.py:650} INFO - DAG(s) dict_keys(['example_dag_decorator']) retrieved from /home/airflow/.local/lib/python3.7/site-packages/airflow/example_dags/example_dag_decorator.py
[2022-09-02T12:06:21.485+0000] {logging_mixin.py:115} INFO - [2022-09-02T12:06:21.485+0000] {dag.py:2429} INFO - Sync 1 DAGs
[2022-09-02T12:06:21.500+0000] {logging_mixin.py:115} INFO - [2022-09-02T12:06:21.499+0000] {dag.py:2981} INFO - Setting next_dagrun for example_dag_decorator to None, run_after=None
[2022-09-02T12:06:21.508+0000] {processor.py:161} INFO - Processing /home/airflow/.local/lib/python3.7/site-packages/airflow/example_dags/example_dag_decorator.py took 0.089 seconds
[2022-09-02T12:06:52.244+0000] {processor.py:153} INFO - Started process (PID=7622) to work on /home/airflow/.local/lib/python3.7/site-packages/airflow/example_dags/example_dag_decorator.py
[2022-09-02T12:06:52.245+0000] {processor.py:640} INFO - Processing file /home/airflow/.local/lib/python3.7/site-packages/airflow/example_dags/example_dag_decorator.py for tasks to queue
[2022-09-02T12:06:52.247+0000] {logging_mixin.py:115} INFO - [2022-09-02T12:06:52.246+0000] {dagbag.py:508} INFO - Filling up the DagBag from /home/airflow/.local/lib/python3.7/site-packages/airflow/example_dags/example_dag_decorator.py
[2022-09-02T12:06:52.263+0000] {processor.py:650} INFO - DAG(s) dict_keys(['example_dag_decorator']) retrieved from /home/airflow/.local/lib/python3.7/site-packages/airflow/example_dags/example_dag_decorator.py
[2022-09-02T12:06:52.312+0000] {logging_mixin.py:115} INFO - [2022-09-02T12:06:52.312+0000] {dag.py:2429} INFO - Sync 1 DAGs
[2022-09-02T12:06:52.325+0000] {logging_mixin.py:115} INFO - [2022-09-02T12:06:52.325+0000] {dag.py:2981} INFO - Setting next_dagrun for example_dag_decorator to None, run_after=None
[2022-09-02T12:06:52.335+0000] {processor.py:161} INFO - Processing /home/airflow/.local/lib/python3.7/site-packages/airflow/example_dags/example_dag_decorator.py took 0.093 seconds
[2022-09-02T12:07:23.134+0000] {processor.py:153} INFO - Started process (PID=7820) to work on /home/airflow/.local/lib/python3.7/site-packages/airflow/example_dags/example_dag_decorator.py
[2022-09-02T12:07:23.136+0000] {processor.py:640} INFO - Processing file /home/airflow/.local/lib/python3.7/site-packages/airflow/example_dags/example_dag_decorator.py for tasks to queue
[2022-09-02T12:07:23.137+0000] {logging_mixin.py:115} INFO - [2022-09-02T12:07:23.137+0000] {dagbag.py:508} INFO - Filling up the DagBag from /home/airflow/.local/lib/python3.7/site-packages/airflow/example_dags/example_dag_decorator.py
[2022-09-02T12:07:23.151+0000] {processor.py:650} INFO - DAG(s) dict_keys(['example_dag_decorator']) retrieved from /home/airflow/.local/lib/python3.7/site-packages/airflow/example_dags/example_dag_decorator.py
[2022-09-02T12:07:23.173+0000] {logging_mixin.py:115} INFO - [2022-09-02T12:07:23.172+0000] {dag.py:2429} INFO - Sync 1 DAGs
[2022-09-02T12:07:23.186+0000] {logging_mixin.py:115} INFO - [2022-09-02T12:07:23.186+0000] {dag.py:2981} INFO - Setting next_dagrun for example_dag_decorator to None, run_after=None
[2022-09-02T12:07:23.196+0000] {processor.py:161} INFO - Processing /home/airflow/.local/lib/python3.7/site-packages/airflow/example_dags/example_dag_decorator.py took 0.064 seconds
[2022-09-02T12:07:54.136+0000] {processor.py:153} INFO - Started process (PID=8017) to work on /home/airflow/.local/lib/python3.7/site-packages/airflow/example_dags/example_dag_decorator.py
[2022-09-02T12:07:54.138+0000] {processor.py:640} INFO - Processing file /home/airflow/.local/lib/python3.7/site-packages/airflow/example_dags/example_dag_decorator.py for tasks to queue
[2022-09-02T12:07:54.139+0000] {logging_mixin.py:115} INFO - [2022-09-02T12:07:54.139+0000] {dagbag.py:508} INFO - Filling up the DagBag from /home/airflow/.local/lib/python3.7/site-packages/airflow/example_dags/example_dag_decorator.py
[2022-09-02T12:07:54.155+0000] {processor.py:650} INFO - DAG(s) dict_keys(['example_dag_decorator']) retrieved from /home/airflow/.local/lib/python3.7/site-packages/airflow/example_dags/example_dag_decorator.py
[2022-09-02T12:07:54.200+0000] {logging_mixin.py:115} INFO - [2022-09-02T12:07:54.200+0000] {dag.py:2429} INFO - Sync 1 DAGs
[2022-09-02T12:07:54.214+0000] {logging_mixin.py:115} INFO - [2022-09-02T12:07:54.214+0000] {dag.py:2981} INFO - Setting next_dagrun for example_dag_decorator to None, run_after=None
[2022-09-02T12:07:54.223+0000] {processor.py:161} INFO - Processing /home/airflow/.local/lib/python3.7/site-packages/airflow/example_dags/example_dag_decorator.py took 0.092 seconds
