[2022-09-02T11:47:24.630+0000] {processor.py:153} INFO - Started process (PID=235) to work on /home/airflow/.local/lib/python3.7/site-packages/airflow/example_dags/example_external_task_marker_dag.py
[2022-09-02T11:47:24.632+0000] {processor.py:640} INFO - Processing file /home/airflow/.local/lib/python3.7/site-packages/airflow/example_dags/example_external_task_marker_dag.py for tasks to queue
[2022-09-02T11:47:24.633+0000] {logging_mixin.py:115} INFO - [2022-09-02T11:47:24.633+0000] {dagbag.py:508} INFO - Filling up the DagBag from /home/airflow/.local/lib/python3.7/site-packages/airflow/example_dags/example_external_task_marker_dag.py
[2022-09-02T11:47:24.637+0000] {processor.py:650} INFO - DAG(s) dict_keys(['example_external_task_marker_parent', 'example_external_task_marker_child']) retrieved from /home/airflow/.local/lib/python3.7/site-packages/airflow/example_dags/example_external_task_marker_dag.py
[2022-09-02T11:47:24.697+0000] {logging_mixin.py:115} INFO - [2022-09-02T11:47:24.696+0000] {manager.py:508} INFO - Created Permission View: can edit on DAG:example_external_task_marker_parent
[2022-09-02T11:47:24.705+0000] {logging_mixin.py:115} INFO - [2022-09-02T11:47:24.705+0000] {manager.py:508} INFO - Created Permission View: can delete on DAG:example_external_task_marker_parent
[2022-09-02T11:47:24.713+0000] {logging_mixin.py:115} INFO - [2022-09-02T11:47:24.713+0000] {manager.py:508} INFO - Created Permission View: can read on DAG:example_external_task_marker_parent
[2022-09-02T11:47:24.801+0000] {logging_mixin.py:115} INFO - [2022-09-02T11:47:24.801+0000] {manager.py:508} INFO - Created Permission View: can edit on DAG:example_external_task_marker_child
[2022-09-02T11:47:24.806+0000] {logging_mixin.py:115} INFO - [2022-09-02T11:47:24.806+0000] {manager.py:508} INFO - Created Permission View: can delete on DAG:example_external_task_marker_child
[2022-09-02T11:47:24.810+0000] {logging_mixin.py:115} INFO - [2022-09-02T11:47:24.810+0000] {manager.py:508} INFO - Created Permission View: can read on DAG:example_external_task_marker_child
[2022-09-02T11:47:24.811+0000] {logging_mixin.py:115} INFO - [2022-09-02T11:47:24.811+0000] {dag.py:2429} INFO - Sync 2 DAGs
[2022-09-02T11:47:24.817+0000] {logging_mixin.py:115} INFO - [2022-09-02T11:47:24.817+0000] {dag.py:2448} INFO - Creating ORM DAG for example_external_task_marker_child
[2022-09-02T11:47:24.819+0000] {logging_mixin.py:115} INFO - [2022-09-02T11:47:24.818+0000] {dag.py:2448} INFO - Creating ORM DAG for example_external_task_marker_parent
[2022-09-02T11:47:24.827+0000] {logging_mixin.py:115} INFO - [2022-09-02T11:47:24.827+0000] {dag.py:2981} INFO - Setting next_dagrun for example_external_task_marker_child to None, run_after=None
[2022-09-02T11:47:24.829+0000] {logging_mixin.py:115} INFO - [2022-09-02T11:47:24.829+0000] {dag.py:2981} INFO - Setting next_dagrun for example_external_task_marker_parent to None, run_after=None
[2022-09-02T11:47:24.841+0000] {processor.py:161} INFO - Processing /home/airflow/.local/lib/python3.7/site-packages/airflow/example_dags/example_external_task_marker_dag.py took 0.213 seconds
[2022-09-02T11:47:55.160+0000] {processor.py:153} INFO - Started process (PID=432) to work on /home/airflow/.local/lib/python3.7/site-packages/airflow/example_dags/example_external_task_marker_dag.py
[2022-09-02T11:47:55.162+0000] {processor.py:640} INFO - Processing file /home/airflow/.local/lib/python3.7/site-packages/airflow/example_dags/example_external_task_marker_dag.py for tasks to queue
[2022-09-02T11:47:55.163+0000] {logging_mixin.py:115} INFO - [2022-09-02T11:47:55.163+0000] {dagbag.py:508} INFO - Filling up the DagBag from /home/airflow/.local/lib/python3.7/site-packages/airflow/example_dags/example_external_task_marker_dag.py
[2022-09-02T11:47:55.168+0000] {processor.py:650} INFO - DAG(s) dict_keys(['example_external_task_marker_parent', 'example_external_task_marker_child']) retrieved from /home/airflow/.local/lib/python3.7/site-packages/airflow/example_dags/example_external_task_marker_dag.py
[2022-09-02T11:47:55.269+0000] {logging_mixin.py:115} INFO - [2022-09-02T11:47:55.269+0000] {dag.py:2429} INFO - Sync 2 DAGs
[2022-09-02T11:47:55.285+0000] {logging_mixin.py:115} INFO - [2022-09-02T11:47:55.285+0000] {dag.py:2981} INFO - Setting next_dagrun for example_external_task_marker_child to None, run_after=None
[2022-09-02T11:47:55.287+0000] {logging_mixin.py:115} INFO - [2022-09-02T11:47:55.287+0000] {dag.py:2981} INFO - Setting next_dagrun for example_external_task_marker_parent to None, run_after=None
[2022-09-02T11:47:55.296+0000] {processor.py:161} INFO - Processing /home/airflow/.local/lib/python3.7/site-packages/airflow/example_dags/example_external_task_marker_dag.py took 0.138 seconds
[2022-09-02T11:48:25.411+0000] {processor.py:153} INFO - Started process (PID=635) to work on /home/airflow/.local/lib/python3.7/site-packages/airflow/example_dags/example_external_task_marker_dag.py
[2022-09-02T11:48:25.412+0000] {processor.py:640} INFO - Processing file /home/airflow/.local/lib/python3.7/site-packages/airflow/example_dags/example_external_task_marker_dag.py for tasks to queue
[2022-09-02T11:48:25.414+0000] {logging_mixin.py:115} INFO - [2022-09-02T11:48:25.413+0000] {dagbag.py:508} INFO - Filling up the DagBag from /home/airflow/.local/lib/python3.7/site-packages/airflow/example_dags/example_external_task_marker_dag.py
[2022-09-02T11:48:25.417+0000] {processor.py:650} INFO - DAG(s) dict_keys(['example_external_task_marker_parent', 'example_external_task_marker_child']) retrieved from /home/airflow/.local/lib/python3.7/site-packages/airflow/example_dags/example_external_task_marker_dag.py
[2022-09-02T11:48:25.516+0000] {logging_mixin.py:115} INFO - [2022-09-02T11:48:25.516+0000] {dag.py:2429} INFO - Sync 2 DAGs
[2022-09-02T11:48:25.531+0000] {logging_mixin.py:115} INFO - [2022-09-02T11:48:25.531+0000] {dag.py:2981} INFO - Setting next_dagrun for example_external_task_marker_child to None, run_after=None
[2022-09-02T11:48:25.533+0000] {logging_mixin.py:115} INFO - [2022-09-02T11:48:25.532+0000] {dag.py:2981} INFO - Setting next_dagrun for example_external_task_marker_parent to None, run_after=None
[2022-09-02T11:48:25.542+0000] {processor.py:161} INFO - Processing /home/airflow/.local/lib/python3.7/site-packages/airflow/example_dags/example_external_task_marker_dag.py took 0.134 seconds
[2022-09-02T11:48:56.394+0000] {processor.py:153} INFO - Started process (PID=826) to work on /home/airflow/.local/lib/python3.7/site-packages/airflow/example_dags/example_external_task_marker_dag.py
[2022-09-02T11:48:56.396+0000] {processor.py:640} INFO - Processing file /home/airflow/.local/lib/python3.7/site-packages/airflow/example_dags/example_external_task_marker_dag.py for tasks to queue
[2022-09-02T11:48:56.397+0000] {logging_mixin.py:115} INFO - [2022-09-02T11:48:56.397+0000] {dagbag.py:508} INFO - Filling up the DagBag from /home/airflow/.local/lib/python3.7/site-packages/airflow/example_dags/example_external_task_marker_dag.py
[2022-09-02T11:48:56.400+0000] {processor.py:650} INFO - DAG(s) dict_keys(['example_external_task_marker_parent', 'example_external_task_marker_child']) retrieved from /home/airflow/.local/lib/python3.7/site-packages/airflow/example_dags/example_external_task_marker_dag.py
[2022-09-02T11:48:56.502+0000] {logging_mixin.py:115} INFO - [2022-09-02T11:48:56.502+0000] {dag.py:2429} INFO - Sync 2 DAGs
[2022-09-02T11:48:56.516+0000] {logging_mixin.py:115} INFO - [2022-09-02T11:48:56.516+0000] {dag.py:2981} INFO - Setting next_dagrun for example_external_task_marker_child to None, run_after=None
[2022-09-02T11:48:56.517+0000] {logging_mixin.py:115} INFO - [2022-09-02T11:48:56.517+0000] {dag.py:2981} INFO - Setting next_dagrun for example_external_task_marker_parent to None, run_after=None
[2022-09-02T11:48:56.527+0000] {processor.py:161} INFO - Processing /home/airflow/.local/lib/python3.7/site-packages/airflow/example_dags/example_external_task_marker_dag.py took 0.135 seconds
[2022-09-02T11:49:27.214+0000] {processor.py:153} INFO - Started process (PID=1014) to work on /home/airflow/.local/lib/python3.7/site-packages/airflow/example_dags/example_external_task_marker_dag.py
[2022-09-02T11:49:27.217+0000] {processor.py:640} INFO - Processing file /home/airflow/.local/lib/python3.7/site-packages/airflow/example_dags/example_external_task_marker_dag.py for tasks to queue
[2022-09-02T11:49:27.219+0000] {logging_mixin.py:115} INFO - [2022-09-02T11:49:27.219+0000] {dagbag.py:508} INFO - Filling up the DagBag from /home/airflow/.local/lib/python3.7/site-packages/airflow/example_dags/example_external_task_marker_dag.py
[2022-09-02T11:49:27.223+0000] {processor.py:650} INFO - DAG(s) dict_keys(['example_external_task_marker_parent', 'example_external_task_marker_child']) retrieved from /home/airflow/.local/lib/python3.7/site-packages/airflow/example_dags/example_external_task_marker_dag.py
[2022-09-02T11:49:27.347+0000] {logging_mixin.py:115} INFO - [2022-09-02T11:49:27.347+0000] {dag.py:2429} INFO - Sync 2 DAGs
[2022-09-02T11:49:27.363+0000] {logging_mixin.py:115} INFO - [2022-09-02T11:49:27.363+0000] {dag.py:2981} INFO - Setting next_dagrun for example_external_task_marker_child to None, run_after=None
[2022-09-02T11:49:27.365+0000] {logging_mixin.py:115} INFO - [2022-09-02T11:49:27.364+0000] {dag.py:2981} INFO - Setting next_dagrun for example_external_task_marker_parent to None, run_after=None
[2022-09-02T11:49:27.375+0000] {processor.py:161} INFO - Processing /home/airflow/.local/lib/python3.7/site-packages/airflow/example_dags/example_external_task_marker_dag.py took 0.164 seconds
[2022-09-02T11:49:58.095+0000] {processor.py:153} INFO - Started process (PID=1211) to work on /home/airflow/.local/lib/python3.7/site-packages/airflow/example_dags/example_external_task_marker_dag.py
[2022-09-02T11:49:58.114+0000] {processor.py:640} INFO - Processing file /home/airflow/.local/lib/python3.7/site-packages/airflow/example_dags/example_external_task_marker_dag.py for tasks to queue
[2022-09-02T11:49:58.115+0000] {logging_mixin.py:115} INFO - [2022-09-02T11:49:58.115+0000] {dagbag.py:508} INFO - Filling up the DagBag from /home/airflow/.local/lib/python3.7/site-packages/airflow/example_dags/example_external_task_marker_dag.py
[2022-09-02T11:49:58.119+0000] {processor.py:650} INFO - DAG(s) dict_keys(['example_external_task_marker_parent', 'example_external_task_marker_child']) retrieved from /home/airflow/.local/lib/python3.7/site-packages/airflow/example_dags/example_external_task_marker_dag.py
[2022-09-02T11:49:58.215+0000] {logging_mixin.py:115} INFO - [2022-09-02T11:49:58.215+0000] {dag.py:2429} INFO - Sync 2 DAGs
[2022-09-02T11:49:58.227+0000] {logging_mixin.py:115} INFO - [2022-09-02T11:49:58.227+0000] {dag.py:2981} INFO - Setting next_dagrun for example_external_task_marker_child to None, run_after=None
[2022-09-02T11:49:58.229+0000] {logging_mixin.py:115} INFO - [2022-09-02T11:49:58.229+0000] {dag.py:2981} INFO - Setting next_dagrun for example_external_task_marker_parent to None, run_after=None
[2022-09-02T11:49:58.236+0000] {processor.py:161} INFO - Processing /home/airflow/.local/lib/python3.7/site-packages/airflow/example_dags/example_external_task_marker_dag.py took 0.143 seconds
[2022-09-02T11:50:28.959+0000] {processor.py:153} INFO - Started process (PID=1410) to work on /home/airflow/.local/lib/python3.7/site-packages/airflow/example_dags/example_external_task_marker_dag.py
[2022-09-02T11:50:28.961+0000] {processor.py:640} INFO - Processing file /home/airflow/.local/lib/python3.7/site-packages/airflow/example_dags/example_external_task_marker_dag.py for tasks to queue
[2022-09-02T11:50:28.962+0000] {logging_mixin.py:115} INFO - [2022-09-02T11:50:28.961+0000] {dagbag.py:508} INFO - Filling up the DagBag from /home/airflow/.local/lib/python3.7/site-packages/airflow/example_dags/example_external_task_marker_dag.py
[2022-09-02T11:50:28.965+0000] {processor.py:650} INFO - DAG(s) dict_keys(['example_external_task_marker_parent', 'example_external_task_marker_child']) retrieved from /home/airflow/.local/lib/python3.7/site-packages/airflow/example_dags/example_external_task_marker_dag.py
[2022-09-02T11:50:29.067+0000] {logging_mixin.py:115} INFO - [2022-09-02T11:50:29.067+0000] {dag.py:2429} INFO - Sync 2 DAGs
[2022-09-02T11:50:29.079+0000] {logging_mixin.py:115} INFO - [2022-09-02T11:50:29.079+0000] {dag.py:2981} INFO - Setting next_dagrun for example_external_task_marker_child to None, run_after=None
[2022-09-02T11:50:29.080+0000] {logging_mixin.py:115} INFO - [2022-09-02T11:50:29.080+0000] {dag.py:2981} INFO - Setting next_dagrun for example_external_task_marker_parent to None, run_after=None
[2022-09-02T11:50:29.088+0000] {processor.py:161} INFO - Processing /home/airflow/.local/lib/python3.7/site-packages/airflow/example_dags/example_external_task_marker_dag.py took 0.131 seconds
[2022-09-02T11:50:59.676+0000] {processor.py:153} INFO - Started process (PID=1609) to work on /home/airflow/.local/lib/python3.7/site-packages/airflow/example_dags/example_external_task_marker_dag.py
[2022-09-02T11:50:59.677+0000] {processor.py:640} INFO - Processing file /home/airflow/.local/lib/python3.7/site-packages/airflow/example_dags/example_external_task_marker_dag.py for tasks to queue
[2022-09-02T11:50:59.678+0000] {logging_mixin.py:115} INFO - [2022-09-02T11:50:59.678+0000] {dagbag.py:508} INFO - Filling up the DagBag from /home/airflow/.local/lib/python3.7/site-packages/airflow/example_dags/example_external_task_marker_dag.py
[2022-09-02T11:50:59.682+0000] {processor.py:650} INFO - DAG(s) dict_keys(['example_external_task_marker_parent', 'example_external_task_marker_child']) retrieved from /home/airflow/.local/lib/python3.7/site-packages/airflow/example_dags/example_external_task_marker_dag.py
[2022-09-02T11:50:59.774+0000] {logging_mixin.py:115} INFO - [2022-09-02T11:50:59.774+0000] {dag.py:2429} INFO - Sync 2 DAGs
[2022-09-02T11:50:59.787+0000] {logging_mixin.py:115} INFO - [2022-09-02T11:50:59.787+0000] {dag.py:2981} INFO - Setting next_dagrun for example_external_task_marker_child to None, run_after=None
[2022-09-02T11:50:59.788+0000] {logging_mixin.py:115} INFO - [2022-09-02T11:50:59.788+0000] {dag.py:2981} INFO - Setting next_dagrun for example_external_task_marker_parent to None, run_after=None
[2022-09-02T11:50:59.796+0000] {processor.py:161} INFO - Processing /home/airflow/.local/lib/python3.7/site-packages/airflow/example_dags/example_external_task_marker_dag.py took 0.122 seconds
[2022-09-02T11:51:30.406+0000] {processor.py:153} INFO - Started process (PID=1805) to work on /home/airflow/.local/lib/python3.7/site-packages/airflow/example_dags/example_external_task_marker_dag.py
[2022-09-02T11:51:30.407+0000] {processor.py:640} INFO - Processing file /home/airflow/.local/lib/python3.7/site-packages/airflow/example_dags/example_external_task_marker_dag.py for tasks to queue
[2022-09-02T11:51:30.408+0000] {logging_mixin.py:115} INFO - [2022-09-02T11:51:30.408+0000] {dagbag.py:508} INFO - Filling up the DagBag from /home/airflow/.local/lib/python3.7/site-packages/airflow/example_dags/example_external_task_marker_dag.py
[2022-09-02T11:51:30.412+0000] {processor.py:650} INFO - DAG(s) dict_keys(['example_external_task_marker_parent', 'example_external_task_marker_child']) retrieved from /home/airflow/.local/lib/python3.7/site-packages/airflow/example_dags/example_external_task_marker_dag.py
[2022-09-02T11:51:30.506+0000] {logging_mixin.py:115} INFO - [2022-09-02T11:51:30.505+0000] {dag.py:2429} INFO - Sync 2 DAGs
[2022-09-02T11:51:30.520+0000] {logging_mixin.py:115} INFO - [2022-09-02T11:51:30.520+0000] {dag.py:2981} INFO - Setting next_dagrun for example_external_task_marker_child to None, run_after=None
[2022-09-02T11:51:30.522+0000] {logging_mixin.py:115} INFO - [2022-09-02T11:51:30.522+0000] {dag.py:2981} INFO - Setting next_dagrun for example_external_task_marker_parent to None, run_after=None
[2022-09-02T11:51:30.530+0000] {processor.py:161} INFO - Processing /home/airflow/.local/lib/python3.7/site-packages/airflow/example_dags/example_external_task_marker_dag.py took 0.126 seconds
[2022-09-02T11:52:01.164+0000] {processor.py:153} INFO - Started process (PID=2002) to work on /home/airflow/.local/lib/python3.7/site-packages/airflow/example_dags/example_external_task_marker_dag.py
[2022-09-02T11:52:01.166+0000] {processor.py:640} INFO - Processing file /home/airflow/.local/lib/python3.7/site-packages/airflow/example_dags/example_external_task_marker_dag.py for tasks to queue
[2022-09-02T11:52:01.169+0000] {logging_mixin.py:115} INFO - [2022-09-02T11:52:01.168+0000] {dagbag.py:508} INFO - Filling up the DagBag from /home/airflow/.local/lib/python3.7/site-packages/airflow/example_dags/example_external_task_marker_dag.py
[2022-09-02T11:52:01.172+0000] {processor.py:650} INFO - DAG(s) dict_keys(['example_external_task_marker_parent', 'example_external_task_marker_child']) retrieved from /home/airflow/.local/lib/python3.7/site-packages/airflow/example_dags/example_external_task_marker_dag.py
[2022-09-02T11:52:01.275+0000] {logging_mixin.py:115} INFO - [2022-09-02T11:52:01.275+0000] {dag.py:2429} INFO - Sync 2 DAGs
[2022-09-02T11:52:01.289+0000] {logging_mixin.py:115} INFO - [2022-09-02T11:52:01.289+0000] {dag.py:2981} INFO - Setting next_dagrun for example_external_task_marker_child to None, run_after=None
[2022-09-02T11:52:01.291+0000] {logging_mixin.py:115} INFO - [2022-09-02T11:52:01.291+0000] {dag.py:2981} INFO - Setting next_dagrun for example_external_task_marker_parent to None, run_after=None
[2022-09-02T11:52:01.300+0000] {processor.py:161} INFO - Processing /home/airflow/.local/lib/python3.7/site-packages/airflow/example_dags/example_external_task_marker_dag.py took 0.138 seconds
[2022-09-02T11:52:32.161+0000] {processor.py:153} INFO - Started process (PID=2199) to work on /home/airflow/.local/lib/python3.7/site-packages/airflow/example_dags/example_external_task_marker_dag.py
[2022-09-02T11:52:32.163+0000] {processor.py:640} INFO - Processing file /home/airflow/.local/lib/python3.7/site-packages/airflow/example_dags/example_external_task_marker_dag.py for tasks to queue
[2022-09-02T11:52:32.164+0000] {logging_mixin.py:115} INFO - [2022-09-02T11:52:32.164+0000] {dagbag.py:508} INFO - Filling up the DagBag from /home/airflow/.local/lib/python3.7/site-packages/airflow/example_dags/example_external_task_marker_dag.py
[2022-09-02T11:52:32.168+0000] {processor.py:650} INFO - DAG(s) dict_keys(['example_external_task_marker_parent', 'example_external_task_marker_child']) retrieved from /home/airflow/.local/lib/python3.7/site-packages/airflow/example_dags/example_external_task_marker_dag.py
[2022-09-02T11:52:32.269+0000] {logging_mixin.py:115} INFO - [2022-09-02T11:52:32.269+0000] {dag.py:2429} INFO - Sync 2 DAGs
[2022-09-02T11:52:32.283+0000] {logging_mixin.py:115} INFO - [2022-09-02T11:52:32.283+0000] {dag.py:2981} INFO - Setting next_dagrun for example_external_task_marker_child to None, run_after=None
[2022-09-02T11:52:32.284+0000] {logging_mixin.py:115} INFO - [2022-09-02T11:52:32.284+0000] {dag.py:2981} INFO - Setting next_dagrun for example_external_task_marker_parent to None, run_after=None
[2022-09-02T11:52:32.293+0000] {processor.py:161} INFO - Processing /home/airflow/.local/lib/python3.7/site-packages/airflow/example_dags/example_external_task_marker_dag.py took 0.135 seconds
[2022-09-02T11:53:02.858+0000] {processor.py:153} INFO - Started process (PID=2388) to work on /home/airflow/.local/lib/python3.7/site-packages/airflow/example_dags/example_external_task_marker_dag.py
[2022-09-02T11:53:02.860+0000] {processor.py:640} INFO - Processing file /home/airflow/.local/lib/python3.7/site-packages/airflow/example_dags/example_external_task_marker_dag.py for tasks to queue
[2022-09-02T11:53:02.861+0000] {logging_mixin.py:115} INFO - [2022-09-02T11:53:02.861+0000] {dagbag.py:508} INFO - Filling up the DagBag from /home/airflow/.local/lib/python3.7/site-packages/airflow/example_dags/example_external_task_marker_dag.py
[2022-09-02T11:53:02.865+0000] {processor.py:650} INFO - DAG(s) dict_keys(['example_external_task_marker_parent', 'example_external_task_marker_child']) retrieved from /home/airflow/.local/lib/python3.7/site-packages/airflow/example_dags/example_external_task_marker_dag.py
[2022-09-02T11:53:02.960+0000] {logging_mixin.py:115} INFO - [2022-09-02T11:53:02.960+0000] {dag.py:2429} INFO - Sync 2 DAGs
[2022-09-02T11:53:02.974+0000] {logging_mixin.py:115} INFO - [2022-09-02T11:53:02.974+0000] {dag.py:2981} INFO - Setting next_dagrun for example_external_task_marker_child to None, run_after=None
[2022-09-02T11:53:02.975+0000] {logging_mixin.py:115} INFO - [2022-09-02T11:53:02.975+0000] {dag.py:2981} INFO - Setting next_dagrun for example_external_task_marker_parent to None, run_after=None
[2022-09-02T11:53:02.982+0000] {processor.py:161} INFO - Processing /home/airflow/.local/lib/python3.7/site-packages/airflow/example_dags/example_external_task_marker_dag.py took 0.127 seconds
[2022-09-02T11:53:33.735+0000] {processor.py:153} INFO - Started process (PID=2586) to work on /home/airflow/.local/lib/python3.7/site-packages/airflow/example_dags/example_external_task_marker_dag.py
[2022-09-02T11:53:33.737+0000] {processor.py:640} INFO - Processing file /home/airflow/.local/lib/python3.7/site-packages/airflow/example_dags/example_external_task_marker_dag.py for tasks to queue
[2022-09-02T11:53:33.738+0000] {logging_mixin.py:115} INFO - [2022-09-02T11:53:33.738+0000] {dagbag.py:508} INFO - Filling up the DagBag from /home/airflow/.local/lib/python3.7/site-packages/airflow/example_dags/example_external_task_marker_dag.py
[2022-09-02T11:53:33.742+0000] {processor.py:650} INFO - DAG(s) dict_keys(['example_external_task_marker_parent', 'example_external_task_marker_child']) retrieved from /home/airflow/.local/lib/python3.7/site-packages/airflow/example_dags/example_external_task_marker_dag.py
[2022-09-02T11:53:33.840+0000] {logging_mixin.py:115} INFO - [2022-09-02T11:53:33.840+0000] {dag.py:2429} INFO - Sync 2 DAGs
[2022-09-02T11:53:33.854+0000] {logging_mixin.py:115} INFO - [2022-09-02T11:53:33.854+0000] {dag.py:2981} INFO - Setting next_dagrun for example_external_task_marker_child to None, run_after=None
[2022-09-02T11:53:33.855+0000] {logging_mixin.py:115} INFO - [2022-09-02T11:53:33.855+0000] {dag.py:2981} INFO - Setting next_dagrun for example_external_task_marker_parent to None, run_after=None
[2022-09-02T11:53:33.866+0000] {processor.py:161} INFO - Processing /home/airflow/.local/lib/python3.7/site-packages/airflow/example_dags/example_external_task_marker_dag.py took 0.133 seconds
[2022-09-02T11:54:04.489+0000] {processor.py:153} INFO - Started process (PID=2783) to work on /home/airflow/.local/lib/python3.7/site-packages/airflow/example_dags/example_external_task_marker_dag.py
[2022-09-02T11:54:04.491+0000] {processor.py:640} INFO - Processing file /home/airflow/.local/lib/python3.7/site-packages/airflow/example_dags/example_external_task_marker_dag.py for tasks to queue
[2022-09-02T11:54:04.493+0000] {logging_mixin.py:115} INFO - [2022-09-02T11:54:04.493+0000] {dagbag.py:508} INFO - Filling up the DagBag from /home/airflow/.local/lib/python3.7/site-packages/airflow/example_dags/example_external_task_marker_dag.py
[2022-09-02T11:54:04.497+0000] {processor.py:650} INFO - DAG(s) dict_keys(['example_external_task_marker_parent', 'example_external_task_marker_child']) retrieved from /home/airflow/.local/lib/python3.7/site-packages/airflow/example_dags/example_external_task_marker_dag.py
[2022-09-02T11:54:04.594+0000] {logging_mixin.py:115} INFO - [2022-09-02T11:54:04.594+0000] {dag.py:2429} INFO - Sync 2 DAGs
[2022-09-02T11:54:04.609+0000] {logging_mixin.py:115} INFO - [2022-09-02T11:54:04.609+0000] {dag.py:2981} INFO - Setting next_dagrun for example_external_task_marker_child to None, run_after=None
[2022-09-02T11:54:04.610+0000] {logging_mixin.py:115} INFO - [2022-09-02T11:54:04.610+0000] {dag.py:2981} INFO - Setting next_dagrun for example_external_task_marker_parent to None, run_after=None
[2022-09-02T11:54:04.620+0000] {processor.py:161} INFO - Processing /home/airflow/.local/lib/python3.7/site-packages/airflow/example_dags/example_external_task_marker_dag.py took 0.133 seconds
[2022-09-02T11:54:35.306+0000] {processor.py:153} INFO - Started process (PID=2979) to work on /home/airflow/.local/lib/python3.7/site-packages/airflow/example_dags/example_external_task_marker_dag.py
[2022-09-02T11:54:35.307+0000] {processor.py:640} INFO - Processing file /home/airflow/.local/lib/python3.7/site-packages/airflow/example_dags/example_external_task_marker_dag.py for tasks to queue
[2022-09-02T11:54:35.310+0000] {logging_mixin.py:115} INFO - [2022-09-02T11:54:35.310+0000] {dagbag.py:508} INFO - Filling up the DagBag from /home/airflow/.local/lib/python3.7/site-packages/airflow/example_dags/example_external_task_marker_dag.py
[2022-09-02T11:54:35.315+0000] {processor.py:650} INFO - DAG(s) dict_keys(['example_external_task_marker_parent', 'example_external_task_marker_child']) retrieved from /home/airflow/.local/lib/python3.7/site-packages/airflow/example_dags/example_external_task_marker_dag.py
[2022-09-02T11:54:35.418+0000] {logging_mixin.py:115} INFO - [2022-09-02T11:54:35.418+0000] {dag.py:2429} INFO - Sync 2 DAGs
[2022-09-02T11:54:35.431+0000] {logging_mixin.py:115} INFO - [2022-09-02T11:54:35.430+0000] {dag.py:2981} INFO - Setting next_dagrun for example_external_task_marker_child to None, run_after=None
[2022-09-02T11:54:35.432+0000] {logging_mixin.py:115} INFO - [2022-09-02T11:54:35.432+0000] {dag.py:2981} INFO - Setting next_dagrun for example_external_task_marker_parent to None, run_after=None
[2022-09-02T11:54:35.440+0000] {processor.py:161} INFO - Processing /home/airflow/.local/lib/python3.7/site-packages/airflow/example_dags/example_external_task_marker_dag.py took 0.137 seconds
[2022-09-02T11:55:06.077+0000] {processor.py:153} INFO - Started process (PID=3179) to work on /home/airflow/.local/lib/python3.7/site-packages/airflow/example_dags/example_external_task_marker_dag.py
[2022-09-02T11:55:06.078+0000] {processor.py:640} INFO - Processing file /home/airflow/.local/lib/python3.7/site-packages/airflow/example_dags/example_external_task_marker_dag.py for tasks to queue
[2022-09-02T11:55:06.080+0000] {logging_mixin.py:115} INFO - [2022-09-02T11:55:06.080+0000] {dagbag.py:508} INFO - Filling up the DagBag from /home/airflow/.local/lib/python3.7/site-packages/airflow/example_dags/example_external_task_marker_dag.py
[2022-09-02T11:55:06.083+0000] {processor.py:650} INFO - DAG(s) dict_keys(['example_external_task_marker_parent', 'example_external_task_marker_child']) retrieved from /home/airflow/.local/lib/python3.7/site-packages/airflow/example_dags/example_external_task_marker_dag.py
[2022-09-02T11:55:06.184+0000] {logging_mixin.py:115} INFO - [2022-09-02T11:55:06.183+0000] {dag.py:2429} INFO - Sync 2 DAGs
[2022-09-02T11:55:06.198+0000] {logging_mixin.py:115} INFO - [2022-09-02T11:55:06.198+0000] {dag.py:2981} INFO - Setting next_dagrun for example_external_task_marker_child to None, run_after=None
[2022-09-02T11:55:06.200+0000] {logging_mixin.py:115} INFO - [2022-09-02T11:55:06.200+0000] {dag.py:2981} INFO - Setting next_dagrun for example_external_task_marker_parent to None, run_after=None
[2022-09-02T11:55:06.209+0000] {processor.py:161} INFO - Processing /home/airflow/.local/lib/python3.7/site-packages/airflow/example_dags/example_external_task_marker_dag.py took 0.137 seconds
[2022-09-02T11:55:36.897+0000] {processor.py:153} INFO - Started process (PID=3375) to work on /home/airflow/.local/lib/python3.7/site-packages/airflow/example_dags/example_external_task_marker_dag.py
[2022-09-02T11:55:36.899+0000] {processor.py:640} INFO - Processing file /home/airflow/.local/lib/python3.7/site-packages/airflow/example_dags/example_external_task_marker_dag.py for tasks to queue
[2022-09-02T11:55:36.900+0000] {logging_mixin.py:115} INFO - [2022-09-02T11:55:36.900+0000] {dagbag.py:508} INFO - Filling up the DagBag from /home/airflow/.local/lib/python3.7/site-packages/airflow/example_dags/example_external_task_marker_dag.py
[2022-09-02T11:55:36.904+0000] {processor.py:650} INFO - DAG(s) dict_keys(['example_external_task_marker_parent', 'example_external_task_marker_child']) retrieved from /home/airflow/.local/lib/python3.7/site-packages/airflow/example_dags/example_external_task_marker_dag.py
[2022-09-02T11:55:37.009+0000] {logging_mixin.py:115} INFO - [2022-09-02T11:55:37.009+0000] {dag.py:2429} INFO - Sync 2 DAGs
[2022-09-02T11:55:37.024+0000] {logging_mixin.py:115} INFO - [2022-09-02T11:55:37.024+0000] {dag.py:2981} INFO - Setting next_dagrun for example_external_task_marker_child to None, run_after=None
[2022-09-02T11:55:37.027+0000] {logging_mixin.py:115} INFO - [2022-09-02T11:55:37.027+0000] {dag.py:2981} INFO - Setting next_dagrun for example_external_task_marker_parent to None, run_after=None
[2022-09-02T11:55:37.035+0000] {processor.py:161} INFO - Processing /home/airflow/.local/lib/python3.7/site-packages/airflow/example_dags/example_external_task_marker_dag.py took 0.140 seconds
[2022-09-02T11:56:07.675+0000] {processor.py:153} INFO - Started process (PID=3569) to work on /home/airflow/.local/lib/python3.7/site-packages/airflow/example_dags/example_external_task_marker_dag.py
[2022-09-02T11:56:07.677+0000] {processor.py:640} INFO - Processing file /home/airflow/.local/lib/python3.7/site-packages/airflow/example_dags/example_external_task_marker_dag.py for tasks to queue
[2022-09-02T11:56:07.678+0000] {logging_mixin.py:115} INFO - [2022-09-02T11:56:07.678+0000] {dagbag.py:508} INFO - Filling up the DagBag from /home/airflow/.local/lib/python3.7/site-packages/airflow/example_dags/example_external_task_marker_dag.py
[2022-09-02T11:56:07.682+0000] {processor.py:650} INFO - DAG(s) dict_keys(['example_external_task_marker_parent', 'example_external_task_marker_child']) retrieved from /home/airflow/.local/lib/python3.7/site-packages/airflow/example_dags/example_external_task_marker_dag.py
[2022-09-02T11:56:07.787+0000] {logging_mixin.py:115} INFO - [2022-09-02T11:56:07.787+0000] {dag.py:2429} INFO - Sync 2 DAGs
[2022-09-02T11:56:07.802+0000] {logging_mixin.py:115} INFO - [2022-09-02T11:56:07.802+0000] {dag.py:2981} INFO - Setting next_dagrun for example_external_task_marker_child to None, run_after=None
[2022-09-02T11:56:07.803+0000] {logging_mixin.py:115} INFO - [2022-09-02T11:56:07.803+0000] {dag.py:2981} INFO - Setting next_dagrun for example_external_task_marker_parent to None, run_after=None
[2022-09-02T11:56:07.812+0000] {processor.py:161} INFO - Processing /home/airflow/.local/lib/python3.7/site-packages/airflow/example_dags/example_external_task_marker_dag.py took 0.139 seconds
[2022-09-02T11:56:38.600+0000] {processor.py:153} INFO - Started process (PID=3760) to work on /home/airflow/.local/lib/python3.7/site-packages/airflow/example_dags/example_external_task_marker_dag.py
[2022-09-02T11:56:38.602+0000] {processor.py:640} INFO - Processing file /home/airflow/.local/lib/python3.7/site-packages/airflow/example_dags/example_external_task_marker_dag.py for tasks to queue
[2022-09-02T11:56:38.603+0000] {logging_mixin.py:115} INFO - [2022-09-02T11:56:38.603+0000] {dagbag.py:508} INFO - Filling up the DagBag from /home/airflow/.local/lib/python3.7/site-packages/airflow/example_dags/example_external_task_marker_dag.py
[2022-09-02T11:56:38.607+0000] {processor.py:650} INFO - DAG(s) dict_keys(['example_external_task_marker_parent', 'example_external_task_marker_child']) retrieved from /home/airflow/.local/lib/python3.7/site-packages/airflow/example_dags/example_external_task_marker_dag.py
[2022-09-02T11:56:38.707+0000] {logging_mixin.py:115} INFO - [2022-09-02T11:56:38.707+0000] {dag.py:2429} INFO - Sync 2 DAGs
[2022-09-02T11:56:38.721+0000] {logging_mixin.py:115} INFO - [2022-09-02T11:56:38.721+0000] {dag.py:2981} INFO - Setting next_dagrun for example_external_task_marker_child to None, run_after=None
[2022-09-02T11:56:38.722+0000] {logging_mixin.py:115} INFO - [2022-09-02T11:56:38.722+0000] {dag.py:2981} INFO - Setting next_dagrun for example_external_task_marker_parent to None, run_after=None
[2022-09-02T11:56:38.729+0000] {processor.py:161} INFO - Processing /home/airflow/.local/lib/python3.7/site-packages/airflow/example_dags/example_external_task_marker_dag.py took 0.131 seconds
[2022-09-02T11:57:09.336+0000] {processor.py:153} INFO - Started process (PID=3955) to work on /home/airflow/.local/lib/python3.7/site-packages/airflow/example_dags/example_external_task_marker_dag.py
[2022-09-02T11:57:09.338+0000] {processor.py:640} INFO - Processing file /home/airflow/.local/lib/python3.7/site-packages/airflow/example_dags/example_external_task_marker_dag.py for tasks to queue
[2022-09-02T11:57:09.340+0000] {logging_mixin.py:115} INFO - [2022-09-02T11:57:09.340+0000] {dagbag.py:508} INFO - Filling up the DagBag from /home/airflow/.local/lib/python3.7/site-packages/airflow/example_dags/example_external_task_marker_dag.py
[2022-09-02T11:57:09.344+0000] {processor.py:650} INFO - DAG(s) dict_keys(['example_external_task_marker_parent', 'example_external_task_marker_child']) retrieved from /home/airflow/.local/lib/python3.7/site-packages/airflow/example_dags/example_external_task_marker_dag.py
[2022-09-02T11:57:09.442+0000] {logging_mixin.py:115} INFO - [2022-09-02T11:57:09.442+0000] {dag.py:2429} INFO - Sync 2 DAGs
[2022-09-02T11:57:09.455+0000] {logging_mixin.py:115} INFO - [2022-09-02T11:57:09.455+0000] {dag.py:2981} INFO - Setting next_dagrun for example_external_task_marker_child to None, run_after=None
[2022-09-02T11:57:09.456+0000] {logging_mixin.py:115} INFO - [2022-09-02T11:57:09.456+0000] {dag.py:2981} INFO - Setting next_dagrun for example_external_task_marker_parent to None, run_after=None
[2022-09-02T11:57:09.464+0000] {processor.py:161} INFO - Processing /home/airflow/.local/lib/python3.7/site-packages/airflow/example_dags/example_external_task_marker_dag.py took 0.130 seconds
[2022-09-02T11:57:40.240+0000] {processor.py:153} INFO - Started process (PID=4152) to work on /home/airflow/.local/lib/python3.7/site-packages/airflow/example_dags/example_external_task_marker_dag.py
[2022-09-02T11:57:40.243+0000] {processor.py:640} INFO - Processing file /home/airflow/.local/lib/python3.7/site-packages/airflow/example_dags/example_external_task_marker_dag.py for tasks to queue
[2022-09-02T11:57:40.244+0000] {logging_mixin.py:115} INFO - [2022-09-02T11:57:40.244+0000] {dagbag.py:508} INFO - Filling up the DagBag from /home/airflow/.local/lib/python3.7/site-packages/airflow/example_dags/example_external_task_marker_dag.py
[2022-09-02T11:57:40.248+0000] {processor.py:650} INFO - DAG(s) dict_keys(['example_external_task_marker_parent', 'example_external_task_marker_child']) retrieved from /home/airflow/.local/lib/python3.7/site-packages/airflow/example_dags/example_external_task_marker_dag.py
[2022-09-02T11:57:40.338+0000] {logging_mixin.py:115} INFO - [2022-09-02T11:57:40.338+0000] {dag.py:2429} INFO - Sync 2 DAGs
[2022-09-02T11:57:40.352+0000] {logging_mixin.py:115} INFO - [2022-09-02T11:57:40.352+0000] {dag.py:2981} INFO - Setting next_dagrun for example_external_task_marker_child to None, run_after=None
[2022-09-02T11:57:40.354+0000] {logging_mixin.py:115} INFO - [2022-09-02T11:57:40.354+0000] {dag.py:2981} INFO - Setting next_dagrun for example_external_task_marker_parent to None, run_after=None
[2022-09-02T11:57:40.362+0000] {processor.py:161} INFO - Processing /home/airflow/.local/lib/python3.7/site-packages/airflow/example_dags/example_external_task_marker_dag.py took 0.125 seconds
[2022-09-02T11:58:11.137+0000] {processor.py:153} INFO - Started process (PID=4349) to work on /home/airflow/.local/lib/python3.7/site-packages/airflow/example_dags/example_external_task_marker_dag.py
[2022-09-02T11:58:11.138+0000] {processor.py:640} INFO - Processing file /home/airflow/.local/lib/python3.7/site-packages/airflow/example_dags/example_external_task_marker_dag.py for tasks to queue
[2022-09-02T11:58:11.140+0000] {logging_mixin.py:115} INFO - [2022-09-02T11:58:11.139+0000] {dagbag.py:508} INFO - Filling up the DagBag from /home/airflow/.local/lib/python3.7/site-packages/airflow/example_dags/example_external_task_marker_dag.py
[2022-09-02T11:58:11.145+0000] {processor.py:650} INFO - DAG(s) dict_keys(['example_external_task_marker_parent', 'example_external_task_marker_child']) retrieved from /home/airflow/.local/lib/python3.7/site-packages/airflow/example_dags/example_external_task_marker_dag.py
[2022-09-02T11:58:11.257+0000] {logging_mixin.py:115} INFO - [2022-09-02T11:58:11.257+0000] {dag.py:2429} INFO - Sync 2 DAGs
[2022-09-02T11:58:11.271+0000] {logging_mixin.py:115} INFO - [2022-09-02T11:58:11.271+0000] {dag.py:2981} INFO - Setting next_dagrun for example_external_task_marker_child to None, run_after=None
[2022-09-02T11:58:11.273+0000] {logging_mixin.py:115} INFO - [2022-09-02T11:58:11.273+0000] {dag.py:2981} INFO - Setting next_dagrun for example_external_task_marker_parent to None, run_after=None
[2022-09-02T11:58:11.282+0000] {processor.py:161} INFO - Processing /home/airflow/.local/lib/python3.7/site-packages/airflow/example_dags/example_external_task_marker_dag.py took 0.148 seconds
[2022-09-02T11:58:41.864+0000] {processor.py:153} INFO - Started process (PID=4544) to work on /home/airflow/.local/lib/python3.7/site-packages/airflow/example_dags/example_external_task_marker_dag.py
[2022-09-02T11:58:41.866+0000] {processor.py:640} INFO - Processing file /home/airflow/.local/lib/python3.7/site-packages/airflow/example_dags/example_external_task_marker_dag.py for tasks to queue
[2022-09-02T11:58:41.868+0000] {logging_mixin.py:115} INFO - [2022-09-02T11:58:41.867+0000] {dagbag.py:508} INFO - Filling up the DagBag from /home/airflow/.local/lib/python3.7/site-packages/airflow/example_dags/example_external_task_marker_dag.py
[2022-09-02T11:58:41.871+0000] {processor.py:650} INFO - DAG(s) dict_keys(['example_external_task_marker_parent', 'example_external_task_marker_child']) retrieved from /home/airflow/.local/lib/python3.7/site-packages/airflow/example_dags/example_external_task_marker_dag.py
[2022-09-02T11:58:41.977+0000] {logging_mixin.py:115} INFO - [2022-09-02T11:58:41.977+0000] {dag.py:2429} INFO - Sync 2 DAGs
[2022-09-02T11:58:41.991+0000] {logging_mixin.py:115} INFO - [2022-09-02T11:58:41.991+0000] {dag.py:2981} INFO - Setting next_dagrun for example_external_task_marker_child to None, run_after=None
[2022-09-02T11:58:41.992+0000] {logging_mixin.py:115} INFO - [2022-09-02T11:58:41.992+0000] {dag.py:2981} INFO - Setting next_dagrun for example_external_task_marker_parent to None, run_after=None
[2022-09-02T11:58:42.001+0000] {processor.py:161} INFO - Processing /home/airflow/.local/lib/python3.7/site-packages/airflow/example_dags/example_external_task_marker_dag.py took 0.139 seconds
[2022-09-02T11:59:12.812+0000] {processor.py:153} INFO - Started process (PID=4741) to work on /home/airflow/.local/lib/python3.7/site-packages/airflow/example_dags/example_external_task_marker_dag.py
[2022-09-02T11:59:12.814+0000] {processor.py:640} INFO - Processing file /home/airflow/.local/lib/python3.7/site-packages/airflow/example_dags/example_external_task_marker_dag.py for tasks to queue
[2022-09-02T11:59:12.815+0000] {logging_mixin.py:115} INFO - [2022-09-02T11:59:12.815+0000] {dagbag.py:508} INFO - Filling up the DagBag from /home/airflow/.local/lib/python3.7/site-packages/airflow/example_dags/example_external_task_marker_dag.py
[2022-09-02T11:59:12.820+0000] {processor.py:650} INFO - DAG(s) dict_keys(['example_external_task_marker_parent', 'example_external_task_marker_child']) retrieved from /home/airflow/.local/lib/python3.7/site-packages/airflow/example_dags/example_external_task_marker_dag.py
[2022-09-02T11:59:12.926+0000] {logging_mixin.py:115} INFO - [2022-09-02T11:59:12.926+0000] {dag.py:2429} INFO - Sync 2 DAGs
[2022-09-02T11:59:12.941+0000] {logging_mixin.py:115} INFO - [2022-09-02T11:59:12.941+0000] {dag.py:2981} INFO - Setting next_dagrun for example_external_task_marker_child to None, run_after=None
[2022-09-02T11:59:12.943+0000] {logging_mixin.py:115} INFO - [2022-09-02T11:59:12.943+0000] {dag.py:2981} INFO - Setting next_dagrun for example_external_task_marker_parent to None, run_after=None
[2022-09-02T11:59:12.951+0000] {processor.py:161} INFO - Processing /home/airflow/.local/lib/python3.7/site-packages/airflow/example_dags/example_external_task_marker_dag.py took 0.142 seconds
[2022-09-02T11:59:43.600+0000] {processor.py:153} INFO - Started process (PID=4929) to work on /home/airflow/.local/lib/python3.7/site-packages/airflow/example_dags/example_external_task_marker_dag.py
[2022-09-02T11:59:43.602+0000] {processor.py:640} INFO - Processing file /home/airflow/.local/lib/python3.7/site-packages/airflow/example_dags/example_external_task_marker_dag.py for tasks to queue
[2022-09-02T11:59:43.603+0000] {logging_mixin.py:115} INFO - [2022-09-02T11:59:43.603+0000] {dagbag.py:508} INFO - Filling up the DagBag from /home/airflow/.local/lib/python3.7/site-packages/airflow/example_dags/example_external_task_marker_dag.py
[2022-09-02T11:59:43.606+0000] {processor.py:650} INFO - DAG(s) dict_keys(['example_external_task_marker_parent', 'example_external_task_marker_child']) retrieved from /home/airflow/.local/lib/python3.7/site-packages/airflow/example_dags/example_external_task_marker_dag.py
[2022-09-02T11:59:43.701+0000] {logging_mixin.py:115} INFO - [2022-09-02T11:59:43.701+0000] {dag.py:2429} INFO - Sync 2 DAGs
[2022-09-02T11:59:43.713+0000] {logging_mixin.py:115} INFO - [2022-09-02T11:59:43.713+0000] {dag.py:2981} INFO - Setting next_dagrun for example_external_task_marker_child to None, run_after=None
[2022-09-02T11:59:43.714+0000] {logging_mixin.py:115} INFO - [2022-09-02T11:59:43.714+0000] {dag.py:2981} INFO - Setting next_dagrun for example_external_task_marker_parent to None, run_after=None
[2022-09-02T11:59:43.722+0000] {processor.py:161} INFO - Processing /home/airflow/.local/lib/python3.7/site-packages/airflow/example_dags/example_external_task_marker_dag.py took 0.124 seconds
[2022-09-02T12:00:14.501+0000] {processor.py:153} INFO - Started process (PID=5126) to work on /home/airflow/.local/lib/python3.7/site-packages/airflow/example_dags/example_external_task_marker_dag.py
[2022-09-02T12:00:14.503+0000] {processor.py:640} INFO - Processing file /home/airflow/.local/lib/python3.7/site-packages/airflow/example_dags/example_external_task_marker_dag.py for tasks to queue
[2022-09-02T12:00:14.503+0000] {logging_mixin.py:115} INFO - [2022-09-02T12:00:14.503+0000] {dagbag.py:508} INFO - Filling up the DagBag from /home/airflow/.local/lib/python3.7/site-packages/airflow/example_dags/example_external_task_marker_dag.py
[2022-09-02T12:00:14.507+0000] {processor.py:650} INFO - DAG(s) dict_keys(['example_external_task_marker_parent', 'example_external_task_marker_child']) retrieved from /home/airflow/.local/lib/python3.7/site-packages/airflow/example_dags/example_external_task_marker_dag.py
[2022-09-02T12:00:14.609+0000] {logging_mixin.py:115} INFO - [2022-09-02T12:00:14.609+0000] {dag.py:2429} INFO - Sync 2 DAGs
[2022-09-02T12:00:14.624+0000] {logging_mixin.py:115} INFO - [2022-09-02T12:00:14.624+0000] {dag.py:2981} INFO - Setting next_dagrun for example_external_task_marker_child to None, run_after=None
[2022-09-02T12:00:14.626+0000] {logging_mixin.py:115} INFO - [2022-09-02T12:00:14.626+0000] {dag.py:2981} INFO - Setting next_dagrun for example_external_task_marker_parent to None, run_after=None
[2022-09-02T12:00:14.635+0000] {processor.py:161} INFO - Processing /home/airflow/.local/lib/python3.7/site-packages/airflow/example_dags/example_external_task_marker_dag.py took 0.136 seconds
[2022-09-02T12:00:45.336+0000] {processor.py:153} INFO - Started process (PID=5323) to work on /home/airflow/.local/lib/python3.7/site-packages/airflow/example_dags/example_external_task_marker_dag.py
[2022-09-02T12:00:45.338+0000] {processor.py:640} INFO - Processing file /home/airflow/.local/lib/python3.7/site-packages/airflow/example_dags/example_external_task_marker_dag.py for tasks to queue
[2022-09-02T12:00:45.339+0000] {logging_mixin.py:115} INFO - [2022-09-02T12:00:45.339+0000] {dagbag.py:508} INFO - Filling up the DagBag from /home/airflow/.local/lib/python3.7/site-packages/airflow/example_dags/example_external_task_marker_dag.py
[2022-09-02T12:00:45.342+0000] {processor.py:650} INFO - DAG(s) dict_keys(['example_external_task_marker_parent', 'example_external_task_marker_child']) retrieved from /home/airflow/.local/lib/python3.7/site-packages/airflow/example_dags/example_external_task_marker_dag.py
[2022-09-02T12:00:45.438+0000] {logging_mixin.py:115} INFO - [2022-09-02T12:00:45.438+0000] {dag.py:2429} INFO - Sync 2 DAGs
[2022-09-02T12:00:45.453+0000] {logging_mixin.py:115} INFO - [2022-09-02T12:00:45.452+0000] {dag.py:2981} INFO - Setting next_dagrun for example_external_task_marker_child to None, run_after=None
[2022-09-02T12:00:45.455+0000] {logging_mixin.py:115} INFO - [2022-09-02T12:00:45.455+0000] {dag.py:2981} INFO - Setting next_dagrun for example_external_task_marker_parent to None, run_after=None
[2022-09-02T12:00:45.465+0000] {processor.py:161} INFO - Processing /home/airflow/.local/lib/python3.7/site-packages/airflow/example_dags/example_external_task_marker_dag.py took 0.131 seconds
[2022-09-02T12:01:15.999+0000] {processor.py:153} INFO - Started process (PID=5522) to work on /home/airflow/.local/lib/python3.7/site-packages/airflow/example_dags/example_external_task_marker_dag.py
[2022-09-02T12:01:16.001+0000] {processor.py:640} INFO - Processing file /home/airflow/.local/lib/python3.7/site-packages/airflow/example_dags/example_external_task_marker_dag.py for tasks to queue
[2022-09-02T12:01:16.002+0000] {logging_mixin.py:115} INFO - [2022-09-02T12:01:16.002+0000] {dagbag.py:508} INFO - Filling up the DagBag from /home/airflow/.local/lib/python3.7/site-packages/airflow/example_dags/example_external_task_marker_dag.py
[2022-09-02T12:01:16.005+0000] {processor.py:650} INFO - DAG(s) dict_keys(['example_external_task_marker_parent', 'example_external_task_marker_child']) retrieved from /home/airflow/.local/lib/python3.7/site-packages/airflow/example_dags/example_external_task_marker_dag.py
[2022-09-02T12:01:16.102+0000] {logging_mixin.py:115} INFO - [2022-09-02T12:01:16.102+0000] {dag.py:2429} INFO - Sync 2 DAGs
[2022-09-02T12:01:16.115+0000] {logging_mixin.py:115} INFO - [2022-09-02T12:01:16.115+0000] {dag.py:2981} INFO - Setting next_dagrun for example_external_task_marker_child to None, run_after=None
[2022-09-02T12:01:16.116+0000] {logging_mixin.py:115} INFO - [2022-09-02T12:01:16.116+0000] {dag.py:2981} INFO - Setting next_dagrun for example_external_task_marker_parent to None, run_after=None
[2022-09-02T12:01:16.124+0000] {processor.py:161} INFO - Processing /home/airflow/.local/lib/python3.7/site-packages/airflow/example_dags/example_external_task_marker_dag.py took 0.128 seconds
[2022-09-02T12:01:46.763+0000] {processor.py:153} INFO - Started process (PID=5717) to work on /home/airflow/.local/lib/python3.7/site-packages/airflow/example_dags/example_external_task_marker_dag.py
[2022-09-02T12:01:46.765+0000] {processor.py:640} INFO - Processing file /home/airflow/.local/lib/python3.7/site-packages/airflow/example_dags/example_external_task_marker_dag.py for tasks to queue
[2022-09-02T12:01:46.766+0000] {logging_mixin.py:115} INFO - [2022-09-02T12:01:46.766+0000] {dagbag.py:508} INFO - Filling up the DagBag from /home/airflow/.local/lib/python3.7/site-packages/airflow/example_dags/example_external_task_marker_dag.py
[2022-09-02T12:01:46.769+0000] {processor.py:650} INFO - DAG(s) dict_keys(['example_external_task_marker_parent', 'example_external_task_marker_child']) retrieved from /home/airflow/.local/lib/python3.7/site-packages/airflow/example_dags/example_external_task_marker_dag.py
[2022-09-02T12:01:46.868+0000] {logging_mixin.py:115} INFO - [2022-09-02T12:01:46.868+0000] {dag.py:2429} INFO - Sync 2 DAGs
[2022-09-02T12:01:46.880+0000] {logging_mixin.py:115} INFO - [2022-09-02T12:01:46.880+0000] {dag.py:2981} INFO - Setting next_dagrun for example_external_task_marker_child to None, run_after=None
[2022-09-02T12:01:46.881+0000] {logging_mixin.py:115} INFO - [2022-09-02T12:01:46.881+0000] {dag.py:2981} INFO - Setting next_dagrun for example_external_task_marker_parent to None, run_after=None
[2022-09-02T12:01:46.891+0000] {processor.py:161} INFO - Processing /home/airflow/.local/lib/python3.7/site-packages/airflow/example_dags/example_external_task_marker_dag.py took 0.131 seconds
[2022-09-02T12:02:17.564+0000] {processor.py:153} INFO - Started process (PID=5932) to work on /home/airflow/.local/lib/python3.7/site-packages/airflow/example_dags/example_external_task_marker_dag.py
[2022-09-02T12:02:17.566+0000] {processor.py:640} INFO - Processing file /home/airflow/.local/lib/python3.7/site-packages/airflow/example_dags/example_external_task_marker_dag.py for tasks to queue
[2022-09-02T12:02:17.569+0000] {logging_mixin.py:115} INFO - [2022-09-02T12:02:17.568+0000] {dagbag.py:508} INFO - Filling up the DagBag from /home/airflow/.local/lib/python3.7/site-packages/airflow/example_dags/example_external_task_marker_dag.py
[2022-09-02T12:02:17.572+0000] {processor.py:650} INFO - DAG(s) dict_keys(['example_external_task_marker_parent', 'example_external_task_marker_child']) retrieved from /home/airflow/.local/lib/python3.7/site-packages/airflow/example_dags/example_external_task_marker_dag.py
[2022-09-02T12:02:17.676+0000] {logging_mixin.py:115} INFO - [2022-09-02T12:02:17.676+0000] {dag.py:2429} INFO - Sync 2 DAGs
[2022-09-02T12:02:17.689+0000] {logging_mixin.py:115} INFO - [2022-09-02T12:02:17.689+0000] {dag.py:2981} INFO - Setting next_dagrun for example_external_task_marker_child to None, run_after=None
[2022-09-02T12:02:17.690+0000] {logging_mixin.py:115} INFO - [2022-09-02T12:02:17.690+0000] {dag.py:2981} INFO - Setting next_dagrun for example_external_task_marker_parent to None, run_after=None
[2022-09-02T12:02:17.700+0000] {processor.py:161} INFO - Processing /home/airflow/.local/lib/python3.7/site-packages/airflow/example_dags/example_external_task_marker_dag.py took 0.138 seconds
[2022-09-02T12:02:48.481+0000] {processor.py:153} INFO - Started process (PID=6127) to work on /home/airflow/.local/lib/python3.7/site-packages/airflow/example_dags/example_external_task_marker_dag.py
[2022-09-02T12:02:48.483+0000] {processor.py:640} INFO - Processing file /home/airflow/.local/lib/python3.7/site-packages/airflow/example_dags/example_external_task_marker_dag.py for tasks to queue
[2022-09-02T12:02:48.484+0000] {logging_mixin.py:115} INFO - [2022-09-02T12:02:48.484+0000] {dagbag.py:508} INFO - Filling up the DagBag from /home/airflow/.local/lib/python3.7/site-packages/airflow/example_dags/example_external_task_marker_dag.py
[2022-09-02T12:02:48.487+0000] {processor.py:650} INFO - DAG(s) dict_keys(['example_external_task_marker_parent', 'example_external_task_marker_child']) retrieved from /home/airflow/.local/lib/python3.7/site-packages/airflow/example_dags/example_external_task_marker_dag.py
[2022-09-02T12:02:48.590+0000] {logging_mixin.py:115} INFO - [2022-09-02T12:02:48.590+0000] {dag.py:2429} INFO - Sync 2 DAGs
[2022-09-02T12:02:48.604+0000] {logging_mixin.py:115} INFO - [2022-09-02T12:02:48.603+0000] {dag.py:2981} INFO - Setting next_dagrun for example_external_task_marker_child to None, run_after=None
[2022-09-02T12:02:48.605+0000] {logging_mixin.py:115} INFO - [2022-09-02T12:02:48.605+0000] {dag.py:2981} INFO - Setting next_dagrun for example_external_task_marker_parent to None, run_after=None
[2022-09-02T12:02:48.614+0000] {processor.py:161} INFO - Processing /home/airflow/.local/lib/python3.7/site-packages/airflow/example_dags/example_external_task_marker_dag.py took 0.135 seconds
[2022-09-02T12:03:19.276+0000] {processor.py:153} INFO - Started process (PID=6317) to work on /home/airflow/.local/lib/python3.7/site-packages/airflow/example_dags/example_external_task_marker_dag.py
[2022-09-02T12:03:19.278+0000] {processor.py:640} INFO - Processing file /home/airflow/.local/lib/python3.7/site-packages/airflow/example_dags/example_external_task_marker_dag.py for tasks to queue
[2022-09-02T12:03:19.279+0000] {logging_mixin.py:115} INFO - [2022-09-02T12:03:19.279+0000] {dagbag.py:508} INFO - Filling up the DagBag from /home/airflow/.local/lib/python3.7/site-packages/airflow/example_dags/example_external_task_marker_dag.py
[2022-09-02T12:03:19.282+0000] {processor.py:650} INFO - DAG(s) dict_keys(['example_external_task_marker_parent', 'example_external_task_marker_child']) retrieved from /home/airflow/.local/lib/python3.7/site-packages/airflow/example_dags/example_external_task_marker_dag.py
[2022-09-02T12:03:19.375+0000] {logging_mixin.py:115} INFO - [2022-09-02T12:03:19.375+0000] {dag.py:2429} INFO - Sync 2 DAGs
[2022-09-02T12:03:19.388+0000] {logging_mixin.py:115} INFO - [2022-09-02T12:03:19.388+0000] {dag.py:2981} INFO - Setting next_dagrun for example_external_task_marker_child to None, run_after=None
[2022-09-02T12:03:19.391+0000] {logging_mixin.py:115} INFO - [2022-09-02T12:03:19.391+0000] {dag.py:2981} INFO - Setting next_dagrun for example_external_task_marker_parent to None, run_after=None
[2022-09-02T12:03:19.398+0000] {processor.py:161} INFO - Processing /home/airflow/.local/lib/python3.7/site-packages/airflow/example_dags/example_external_task_marker_dag.py took 0.125 seconds
[2022-09-02T12:03:50.069+0000] {processor.py:153} INFO - Started process (PID=6513) to work on /home/airflow/.local/lib/python3.7/site-packages/airflow/example_dags/example_external_task_marker_dag.py
[2022-09-02T12:03:50.071+0000] {processor.py:640} INFO - Processing file /home/airflow/.local/lib/python3.7/site-packages/airflow/example_dags/example_external_task_marker_dag.py for tasks to queue
[2022-09-02T12:03:50.073+0000] {logging_mixin.py:115} INFO - [2022-09-02T12:03:50.072+0000] {dagbag.py:508} INFO - Filling up the DagBag from /home/airflow/.local/lib/python3.7/site-packages/airflow/example_dags/example_external_task_marker_dag.py
[2022-09-02T12:03:50.076+0000] {processor.py:650} INFO - DAG(s) dict_keys(['example_external_task_marker_parent', 'example_external_task_marker_child']) retrieved from /home/airflow/.local/lib/python3.7/site-packages/airflow/example_dags/example_external_task_marker_dag.py
[2022-09-02T12:03:50.170+0000] {logging_mixin.py:115} INFO - [2022-09-02T12:03:50.170+0000] {dag.py:2429} INFO - Sync 2 DAGs
[2022-09-02T12:03:50.184+0000] {logging_mixin.py:115} INFO - [2022-09-02T12:03:50.184+0000] {dag.py:2981} INFO - Setting next_dagrun for example_external_task_marker_child to None, run_after=None
[2022-09-02T12:03:50.185+0000] {logging_mixin.py:115} INFO - [2022-09-02T12:03:50.185+0000] {dag.py:2981} INFO - Setting next_dagrun for example_external_task_marker_parent to None, run_after=None
[2022-09-02T12:03:50.197+0000] {processor.py:161} INFO - Processing /home/airflow/.local/lib/python3.7/site-packages/airflow/example_dags/example_external_task_marker_dag.py took 0.130 seconds
[2022-09-02T12:04:20.771+0000] {processor.py:153} INFO - Started process (PID=6711) to work on /home/airflow/.local/lib/python3.7/site-packages/airflow/example_dags/example_external_task_marker_dag.py
[2022-09-02T12:04:20.773+0000] {processor.py:640} INFO - Processing file /home/airflow/.local/lib/python3.7/site-packages/airflow/example_dags/example_external_task_marker_dag.py for tasks to queue
[2022-09-02T12:04:20.774+0000] {logging_mixin.py:115} INFO - [2022-09-02T12:04:20.774+0000] {dagbag.py:508} INFO - Filling up the DagBag from /home/airflow/.local/lib/python3.7/site-packages/airflow/example_dags/example_external_task_marker_dag.py
[2022-09-02T12:04:20.777+0000] {processor.py:650} INFO - DAG(s) dict_keys(['example_external_task_marker_parent', 'example_external_task_marker_child']) retrieved from /home/airflow/.local/lib/python3.7/site-packages/airflow/example_dags/example_external_task_marker_dag.py
[2022-09-02T12:04:20.876+0000] {logging_mixin.py:115} INFO - [2022-09-02T12:04:20.875+0000] {dag.py:2429} INFO - Sync 2 DAGs
[2022-09-02T12:04:20.890+0000] {logging_mixin.py:115} INFO - [2022-09-02T12:04:20.890+0000] {dag.py:2981} INFO - Setting next_dagrun for example_external_task_marker_child to None, run_after=None
[2022-09-02T12:04:20.891+0000] {logging_mixin.py:115} INFO - [2022-09-02T12:04:20.891+0000] {dag.py:2981} INFO - Setting next_dagrun for example_external_task_marker_parent to None, run_after=None
[2022-09-02T12:04:20.899+0000] {processor.py:161} INFO - Processing /home/airflow/.local/lib/python3.7/site-packages/airflow/example_dags/example_external_task_marker_dag.py took 0.131 seconds
[2022-09-02T12:04:51.663+0000] {processor.py:153} INFO - Started process (PID=6910) to work on /home/airflow/.local/lib/python3.7/site-packages/airflow/example_dags/example_external_task_marker_dag.py
[2022-09-02T12:04:51.665+0000] {processor.py:640} INFO - Processing file /home/airflow/.local/lib/python3.7/site-packages/airflow/example_dags/example_external_task_marker_dag.py for tasks to queue
[2022-09-02T12:04:51.667+0000] {logging_mixin.py:115} INFO - [2022-09-02T12:04:51.667+0000] {dagbag.py:508} INFO - Filling up the DagBag from /home/airflow/.local/lib/python3.7/site-packages/airflow/example_dags/example_external_task_marker_dag.py
[2022-09-02T12:04:51.670+0000] {processor.py:650} INFO - DAG(s) dict_keys(['example_external_task_marker_parent', 'example_external_task_marker_child']) retrieved from /home/airflow/.local/lib/python3.7/site-packages/airflow/example_dags/example_external_task_marker_dag.py
[2022-09-02T12:04:51.766+0000] {logging_mixin.py:115} INFO - [2022-09-02T12:04:51.766+0000] {dag.py:2429} INFO - Sync 2 DAGs
[2022-09-02T12:04:51.778+0000] {logging_mixin.py:115} INFO - [2022-09-02T12:04:51.778+0000] {dag.py:2981} INFO - Setting next_dagrun for example_external_task_marker_child to None, run_after=None
[2022-09-02T12:04:51.780+0000] {logging_mixin.py:115} INFO - [2022-09-02T12:04:51.780+0000] {dag.py:2981} INFO - Setting next_dagrun for example_external_task_marker_parent to None, run_after=None
[2022-09-02T12:04:51.788+0000] {processor.py:161} INFO - Processing /home/airflow/.local/lib/python3.7/site-packages/airflow/example_dags/example_external_task_marker_dag.py took 0.127 seconds
[2022-09-02T12:05:22.469+0000] {processor.py:153} INFO - Started process (PID=7106) to work on /home/airflow/.local/lib/python3.7/site-packages/airflow/example_dags/example_external_task_marker_dag.py
[2022-09-02T12:05:22.470+0000] {processor.py:640} INFO - Processing file /home/airflow/.local/lib/python3.7/site-packages/airflow/example_dags/example_external_task_marker_dag.py for tasks to queue
[2022-09-02T12:05:22.472+0000] {logging_mixin.py:115} INFO - [2022-09-02T12:05:22.472+0000] {dagbag.py:508} INFO - Filling up the DagBag from /home/airflow/.local/lib/python3.7/site-packages/airflow/example_dags/example_external_task_marker_dag.py
[2022-09-02T12:05:22.475+0000] {processor.py:650} INFO - DAG(s) dict_keys(['example_external_task_marker_parent', 'example_external_task_marker_child']) retrieved from /home/airflow/.local/lib/python3.7/site-packages/airflow/example_dags/example_external_task_marker_dag.py
[2022-09-02T12:05:22.573+0000] {logging_mixin.py:115} INFO - [2022-09-02T12:05:22.573+0000] {dag.py:2429} INFO - Sync 2 DAGs
[2022-09-02T12:05:22.586+0000] {logging_mixin.py:115} INFO - [2022-09-02T12:05:22.586+0000] {dag.py:2981} INFO - Setting next_dagrun for example_external_task_marker_child to None, run_after=None
[2022-09-02T12:05:22.588+0000] {logging_mixin.py:115} INFO - [2022-09-02T12:05:22.588+0000] {dag.py:2981} INFO - Setting next_dagrun for example_external_task_marker_parent to None, run_after=None
[2022-09-02T12:05:22.595+0000] {processor.py:161} INFO - Processing /home/airflow/.local/lib/python3.7/site-packages/airflow/example_dags/example_external_task_marker_dag.py took 0.129 seconds
[2022-09-02T12:05:53.158+0000] {processor.py:153} INFO - Started process (PID=7303) to work on /home/airflow/.local/lib/python3.7/site-packages/airflow/example_dags/example_external_task_marker_dag.py
[2022-09-02T12:05:53.159+0000] {processor.py:640} INFO - Processing file /home/airflow/.local/lib/python3.7/site-packages/airflow/example_dags/example_external_task_marker_dag.py for tasks to queue
[2022-09-02T12:05:53.161+0000] {logging_mixin.py:115} INFO - [2022-09-02T12:05:53.160+0000] {dagbag.py:508} INFO - Filling up the DagBag from /home/airflow/.local/lib/python3.7/site-packages/airflow/example_dags/example_external_task_marker_dag.py
[2022-09-02T12:05:53.164+0000] {processor.py:650} INFO - DAG(s) dict_keys(['example_external_task_marker_parent', 'example_external_task_marker_child']) retrieved from /home/airflow/.local/lib/python3.7/site-packages/airflow/example_dags/example_external_task_marker_dag.py
[2022-09-02T12:05:53.268+0000] {logging_mixin.py:115} INFO - [2022-09-02T12:05:53.268+0000] {dag.py:2429} INFO - Sync 2 DAGs
[2022-09-02T12:05:53.281+0000] {logging_mixin.py:115} INFO - [2022-09-02T12:05:53.281+0000] {dag.py:2981} INFO - Setting next_dagrun for example_external_task_marker_child to None, run_after=None
[2022-09-02T12:05:53.283+0000] {logging_mixin.py:115} INFO - [2022-09-02T12:05:53.283+0000] {dag.py:2981} INFO - Setting next_dagrun for example_external_task_marker_parent to None, run_after=None
[2022-09-02T12:05:53.293+0000] {processor.py:161} INFO - Processing /home/airflow/.local/lib/python3.7/site-packages/airflow/example_dags/example_external_task_marker_dag.py took 0.137 seconds
[2022-09-02T12:06:24.063+0000] {processor.py:153} INFO - Started process (PID=7492) to work on /home/airflow/.local/lib/python3.7/site-packages/airflow/example_dags/example_external_task_marker_dag.py
[2022-09-02T12:06:24.065+0000] {processor.py:640} INFO - Processing file /home/airflow/.local/lib/python3.7/site-packages/airflow/example_dags/example_external_task_marker_dag.py for tasks to queue
[2022-09-02T12:06:24.066+0000] {logging_mixin.py:115} INFO - [2022-09-02T12:06:24.066+0000] {dagbag.py:508} INFO - Filling up the DagBag from /home/airflow/.local/lib/python3.7/site-packages/airflow/example_dags/example_external_task_marker_dag.py
[2022-09-02T12:06:24.069+0000] {processor.py:650} INFO - DAG(s) dict_keys(['example_external_task_marker_parent', 'example_external_task_marker_child']) retrieved from /home/airflow/.local/lib/python3.7/site-packages/airflow/example_dags/example_external_task_marker_dag.py
[2022-09-02T12:06:24.169+0000] {logging_mixin.py:115} INFO - [2022-09-02T12:06:24.169+0000] {dag.py:2429} INFO - Sync 2 DAGs
[2022-09-02T12:06:24.183+0000] {logging_mixin.py:115} INFO - [2022-09-02T12:06:24.183+0000] {dag.py:2981} INFO - Setting next_dagrun for example_external_task_marker_child to None, run_after=None
[2022-09-02T12:06:24.185+0000] {logging_mixin.py:115} INFO - [2022-09-02T12:06:24.185+0000] {dag.py:2981} INFO - Setting next_dagrun for example_external_task_marker_parent to None, run_after=None
[2022-09-02T12:06:24.193+0000] {processor.py:161} INFO - Processing /home/airflow/.local/lib/python3.7/site-packages/airflow/example_dags/example_external_task_marker_dag.py took 0.133 seconds
[2022-09-02T12:06:54.912+0000] {processor.py:153} INFO - Started process (PID=7690) to work on /home/airflow/.local/lib/python3.7/site-packages/airflow/example_dags/example_external_task_marker_dag.py
[2022-09-02T12:06:54.914+0000] {processor.py:640} INFO - Processing file /home/airflow/.local/lib/python3.7/site-packages/airflow/example_dags/example_external_task_marker_dag.py for tasks to queue
[2022-09-02T12:06:54.916+0000] {logging_mixin.py:115} INFO - [2022-09-02T12:06:54.916+0000] {dagbag.py:508} INFO - Filling up the DagBag from /home/airflow/.local/lib/python3.7/site-packages/airflow/example_dags/example_external_task_marker_dag.py
[2022-09-02T12:06:54.921+0000] {processor.py:650} INFO - DAG(s) dict_keys(['example_external_task_marker_parent', 'example_external_task_marker_child']) retrieved from /home/airflow/.local/lib/python3.7/site-packages/airflow/example_dags/example_external_task_marker_dag.py
[2022-09-02T12:06:55.027+0000] {logging_mixin.py:115} INFO - [2022-09-02T12:06:55.027+0000] {dag.py:2429} INFO - Sync 2 DAGs
[2022-09-02T12:06:55.043+0000] {logging_mixin.py:115} INFO - [2022-09-02T12:06:55.043+0000] {dag.py:2981} INFO - Setting next_dagrun for example_external_task_marker_child to None, run_after=None
[2022-09-02T12:06:55.045+0000] {logging_mixin.py:115} INFO - [2022-09-02T12:06:55.045+0000] {dag.py:2981} INFO - Setting next_dagrun for example_external_task_marker_parent to None, run_after=None
[2022-09-02T12:06:55.055+0000] {processor.py:161} INFO - Processing /home/airflow/.local/lib/python3.7/site-packages/airflow/example_dags/example_external_task_marker_dag.py took 0.145 seconds
[2022-09-02T12:07:25.839+0000] {processor.py:153} INFO - Started process (PID=7887) to work on /home/airflow/.local/lib/python3.7/site-packages/airflow/example_dags/example_external_task_marker_dag.py
[2022-09-02T12:07:25.841+0000] {processor.py:640} INFO - Processing file /home/airflow/.local/lib/python3.7/site-packages/airflow/example_dags/example_external_task_marker_dag.py for tasks to queue
[2022-09-02T12:07:25.843+0000] {logging_mixin.py:115} INFO - [2022-09-02T12:07:25.843+0000] {dagbag.py:508} INFO - Filling up the DagBag from /home/airflow/.local/lib/python3.7/site-packages/airflow/example_dags/example_external_task_marker_dag.py
[2022-09-02T12:07:25.847+0000] {processor.py:650} INFO - DAG(s) dict_keys(['example_external_task_marker_parent', 'example_external_task_marker_child']) retrieved from /home/airflow/.local/lib/python3.7/site-packages/airflow/example_dags/example_external_task_marker_dag.py
[2022-09-02T12:07:25.961+0000] {logging_mixin.py:115} INFO - [2022-09-02T12:07:25.961+0000] {dag.py:2429} INFO - Sync 2 DAGs
[2022-09-02T12:07:25.975+0000] {logging_mixin.py:115} INFO - [2022-09-02T12:07:25.975+0000] {dag.py:2981} INFO - Setting next_dagrun for example_external_task_marker_child to None, run_after=None
[2022-09-02T12:07:25.976+0000] {logging_mixin.py:115} INFO - [2022-09-02T12:07:25.976+0000] {dag.py:2981} INFO - Setting next_dagrun for example_external_task_marker_parent to None, run_after=None
[2022-09-02T12:07:25.984+0000] {processor.py:161} INFO - Processing /home/airflow/.local/lib/python3.7/site-packages/airflow/example_dags/example_external_task_marker_dag.py took 0.149 seconds
[2022-09-02T12:07:56.788+0000] {processor.py:153} INFO - Started process (PID=8082) to work on /home/airflow/.local/lib/python3.7/site-packages/airflow/example_dags/example_external_task_marker_dag.py
[2022-09-02T12:07:56.790+0000] {processor.py:640} INFO - Processing file /home/airflow/.local/lib/python3.7/site-packages/airflow/example_dags/example_external_task_marker_dag.py for tasks to queue
[2022-09-02T12:07:56.791+0000] {logging_mixin.py:115} INFO - [2022-09-02T12:07:56.791+0000] {dagbag.py:508} INFO - Filling up the DagBag from /home/airflow/.local/lib/python3.7/site-packages/airflow/example_dags/example_external_task_marker_dag.py
[2022-09-02T12:07:56.795+0000] {processor.py:650} INFO - DAG(s) dict_keys(['example_external_task_marker_parent', 'example_external_task_marker_child']) retrieved from /home/airflow/.local/lib/python3.7/site-packages/airflow/example_dags/example_external_task_marker_dag.py
[2022-09-02T12:07:56.902+0000] {logging_mixin.py:115} INFO - [2022-09-02T12:07:56.902+0000] {dag.py:2429} INFO - Sync 2 DAGs
[2022-09-02T12:07:56.918+0000] {logging_mixin.py:115} INFO - [2022-09-02T12:07:56.918+0000] {dag.py:2981} INFO - Setting next_dagrun for example_external_task_marker_child to None, run_after=None
[2022-09-02T12:07:56.920+0000] {logging_mixin.py:115} INFO - [2022-09-02T12:07:56.919+0000] {dag.py:2981} INFO - Setting next_dagrun for example_external_task_marker_parent to None, run_after=None
[2022-09-02T12:07:56.928+0000] {processor.py:161} INFO - Processing /home/airflow/.local/lib/python3.7/site-packages/airflow/example_dags/example_external_task_marker_dag.py took 0.143 seconds
