[2022-09-02T11:47:25.903+0000] {processor.py:153} INFO - Started process (PID=310) to work on /home/airflow/.local/lib/python3.7/site-packages/airflow/example_dags/example_xcom.py
[2022-09-02T11:47:25.904+0000] {processor.py:640} INFO - Processing file /home/airflow/.local/lib/python3.7/site-packages/airflow/example_dags/example_xcom.py for tasks to queue
[2022-09-02T11:47:25.905+0000] {logging_mixin.py:115} INFO - [2022-09-02T11:47:25.905+0000] {dagbag.py:508} INFO - Filling up the DagBag from /home/airflow/.local/lib/python3.7/site-packages/airflow/example_dags/example_xcom.py
[2022-09-02T11:47:25.918+0000] {processor.py:650} INFO - DAG(s) dict_keys(['example_xcom']) retrieved from /home/airflow/.local/lib/python3.7/site-packages/airflow/example_dags/example_xcom.py
[2022-09-02T11:47:25.976+0000] {logging_mixin.py:115} INFO - [2022-09-02T11:47:25.976+0000] {manager.py:508} INFO - Created Permission View: can edit on DAG:example_xcom
[2022-09-02T11:47:25.985+0000] {logging_mixin.py:115} INFO - [2022-09-02T11:47:25.985+0000] {manager.py:508} INFO - Created Permission View: can delete on DAG:example_xcom
[2022-09-02T11:47:25.994+0000] {logging_mixin.py:115} INFO - [2022-09-02T11:47:25.994+0000] {manager.py:508} INFO - Created Permission View: can read on DAG:example_xcom
[2022-09-02T11:47:25.996+0000] {logging_mixin.py:115} INFO - [2022-09-02T11:47:25.996+0000] {dag.py:2429} INFO - Sync 1 DAGs
[2022-09-02T11:47:26.004+0000] {logging_mixin.py:115} INFO - [2022-09-02T11:47:26.004+0000] {dag.py:2448} INFO - Creating ORM DAG for example_xcom
[2022-09-02T11:47:26.013+0000] {logging_mixin.py:115} INFO - [2022-09-02T11:47:26.013+0000] {dag.py:2981} INFO - Setting next_dagrun for example_xcom to 2021-01-01T00:00:00+00:00, run_after=2021-01-01T00:00:00+00:00
[2022-09-02T11:47:26.024+0000] {processor.py:161} INFO - Processing /home/airflow/.local/lib/python3.7/site-packages/airflow/example_dags/example_xcom.py took 0.124 seconds
[2022-09-02T11:47:56.089+0000] {processor.py:153} INFO - Started process (PID=509) to work on /home/airflow/.local/lib/python3.7/site-packages/airflow/example_dags/example_xcom.py
[2022-09-02T11:47:56.093+0000] {processor.py:640} INFO - Processing file /home/airflow/.local/lib/python3.7/site-packages/airflow/example_dags/example_xcom.py for tasks to queue
[2022-09-02T11:47:56.095+0000] {logging_mixin.py:115} INFO - [2022-09-02T11:47:56.095+0000] {dagbag.py:508} INFO - Filling up the DagBag from /home/airflow/.local/lib/python3.7/site-packages/airflow/example_dags/example_xcom.py
[2022-09-02T11:47:56.107+0000] {processor.py:650} INFO - DAG(s) dict_keys(['example_xcom']) retrieved from /home/airflow/.local/lib/python3.7/site-packages/airflow/example_dags/example_xcom.py
[2022-09-02T11:47:56.153+0000] {logging_mixin.py:115} INFO - [2022-09-02T11:47:56.153+0000] {dag.py:2429} INFO - Sync 1 DAGs
[2022-09-02T11:47:56.165+0000] {logging_mixin.py:115} INFO - [2022-09-02T11:47:56.165+0000] {dag.py:2981} INFO - Setting next_dagrun for example_xcom to 2021-01-01T00:00:00+00:00, run_after=2021-01-01T00:00:00+00:00
[2022-09-02T11:47:56.174+0000] {processor.py:161} INFO - Processing /home/airflow/.local/lib/python3.7/site-packages/airflow/example_dags/example_xcom.py took 0.089 seconds
[2022-09-02T11:48:26.256+0000] {processor.py:153} INFO - Started process (PID=705) to work on /home/airflow/.local/lib/python3.7/site-packages/airflow/example_dags/example_xcom.py
[2022-09-02T11:48:26.258+0000] {processor.py:640} INFO - Processing file /home/airflow/.local/lib/python3.7/site-packages/airflow/example_dags/example_xcom.py for tasks to queue
[2022-09-02T11:48:26.259+0000] {logging_mixin.py:115} INFO - [2022-09-02T11:48:26.259+0000] {dagbag.py:508} INFO - Filling up the DagBag from /home/airflow/.local/lib/python3.7/site-packages/airflow/example_dags/example_xcom.py
[2022-09-02T11:48:26.273+0000] {processor.py:650} INFO - DAG(s) dict_keys(['example_xcom']) retrieved from /home/airflow/.local/lib/python3.7/site-packages/airflow/example_dags/example_xcom.py
[2022-09-02T11:48:26.320+0000] {logging_mixin.py:115} INFO - [2022-09-02T11:48:26.319+0000] {dag.py:2429} INFO - Sync 1 DAGs
[2022-09-02T11:48:26.334+0000] {logging_mixin.py:115} INFO - [2022-09-02T11:48:26.334+0000] {dag.py:2981} INFO - Setting next_dagrun for example_xcom to 2021-01-01T00:00:00+00:00, run_after=2021-01-01T00:00:00+00:00
[2022-09-02T11:48:26.345+0000] {processor.py:161} INFO - Processing /home/airflow/.local/lib/python3.7/site-packages/airflow/example_dags/example_xcom.py took 0.091 seconds
[2022-09-02T11:48:57.107+0000] {processor.py:153} INFO - Started process (PID=901) to work on /home/airflow/.local/lib/python3.7/site-packages/airflow/example_dags/example_xcom.py
[2022-09-02T11:48:57.109+0000] {processor.py:640} INFO - Processing file /home/airflow/.local/lib/python3.7/site-packages/airflow/example_dags/example_xcom.py for tasks to queue
[2022-09-02T11:48:57.110+0000] {logging_mixin.py:115} INFO - [2022-09-02T11:48:57.110+0000] {dagbag.py:508} INFO - Filling up the DagBag from /home/airflow/.local/lib/python3.7/site-packages/airflow/example_dags/example_xcom.py
[2022-09-02T11:48:57.122+0000] {processor.py:650} INFO - DAG(s) dict_keys(['example_xcom']) retrieved from /home/airflow/.local/lib/python3.7/site-packages/airflow/example_dags/example_xcom.py
[2022-09-02T11:48:57.164+0000] {logging_mixin.py:115} INFO - [2022-09-02T11:48:57.164+0000] {dag.py:2429} INFO - Sync 1 DAGs
[2022-09-02T11:48:57.178+0000] {logging_mixin.py:115} INFO - [2022-09-02T11:48:57.178+0000] {dag.py:2981} INFO - Setting next_dagrun for example_xcom to 2021-01-01T00:00:00+00:00, run_after=2021-01-01T00:00:00+00:00
[2022-09-02T11:48:57.187+0000] {processor.py:161} INFO - Processing /home/airflow/.local/lib/python3.7/site-packages/airflow/example_dags/example_xcom.py took 0.082 seconds
[2022-09-02T11:49:28.024+0000] {processor.py:153} INFO - Started process (PID=1098) to work on /home/airflow/.local/lib/python3.7/site-packages/airflow/example_dags/example_xcom.py
[2022-09-02T11:49:28.026+0000] {processor.py:640} INFO - Processing file /home/airflow/.local/lib/python3.7/site-packages/airflow/example_dags/example_xcom.py for tasks to queue
[2022-09-02T11:49:28.028+0000] {logging_mixin.py:115} INFO - [2022-09-02T11:49:28.028+0000] {dagbag.py:508} INFO - Filling up the DagBag from /home/airflow/.local/lib/python3.7/site-packages/airflow/example_dags/example_xcom.py
[2022-09-02T11:49:28.043+0000] {processor.py:650} INFO - DAG(s) dict_keys(['example_xcom']) retrieved from /home/airflow/.local/lib/python3.7/site-packages/airflow/example_dags/example_xcom.py
[2022-09-02T11:49:28.098+0000] {logging_mixin.py:115} INFO - [2022-09-02T11:49:28.098+0000] {dag.py:2429} INFO - Sync 1 DAGs
[2022-09-02T11:49:28.115+0000] {logging_mixin.py:115} INFO - [2022-09-02T11:49:28.114+0000] {dag.py:2981} INFO - Setting next_dagrun for example_xcom to 2021-01-01T00:00:00+00:00, run_after=2021-01-01T00:00:00+00:00
[2022-09-02T11:49:28.124+0000] {processor.py:161} INFO - Processing /home/airflow/.local/lib/python3.7/site-packages/airflow/example_dags/example_xcom.py took 0.104 seconds
[2022-09-02T11:49:58.836+0000] {processor.py:153} INFO - Started process (PID=1286) to work on /home/airflow/.local/lib/python3.7/site-packages/airflow/example_dags/example_xcom.py
[2022-09-02T11:49:58.838+0000] {processor.py:640} INFO - Processing file /home/airflow/.local/lib/python3.7/site-packages/airflow/example_dags/example_xcom.py for tasks to queue
[2022-09-02T11:49:58.839+0000] {logging_mixin.py:115} INFO - [2022-09-02T11:49:58.839+0000] {dagbag.py:508} INFO - Filling up the DagBag from /home/airflow/.local/lib/python3.7/site-packages/airflow/example_dags/example_xcom.py
[2022-09-02T11:49:58.851+0000] {processor.py:650} INFO - DAG(s) dict_keys(['example_xcom']) retrieved from /home/airflow/.local/lib/python3.7/site-packages/airflow/example_dags/example_xcom.py
[2022-09-02T11:49:58.894+0000] {logging_mixin.py:115} INFO - [2022-09-02T11:49:58.893+0000] {dag.py:2429} INFO - Sync 1 DAGs
[2022-09-02T11:49:58.904+0000] {logging_mixin.py:115} INFO - [2022-09-02T11:49:58.904+0000] {dag.py:2981} INFO - Setting next_dagrun for example_xcom to 2021-01-01T00:00:00+00:00, run_after=2021-01-01T00:00:00+00:00
[2022-09-02T11:49:58.913+0000] {processor.py:161} INFO - Processing /home/airflow/.local/lib/python3.7/site-packages/airflow/example_dags/example_xcom.py took 0.080 seconds
[2022-09-02T11:50:29.660+0000] {processor.py:153} INFO - Started process (PID=1483) to work on /home/airflow/.local/lib/python3.7/site-packages/airflow/example_dags/example_xcom.py
[2022-09-02T11:50:29.662+0000] {processor.py:640} INFO - Processing file /home/airflow/.local/lib/python3.7/site-packages/airflow/example_dags/example_xcom.py for tasks to queue
[2022-09-02T11:50:29.663+0000] {logging_mixin.py:115} INFO - [2022-09-02T11:50:29.663+0000] {dagbag.py:508} INFO - Filling up the DagBag from /home/airflow/.local/lib/python3.7/site-packages/airflow/example_dags/example_xcom.py
[2022-09-02T11:50:29.674+0000] {processor.py:650} INFO - DAG(s) dict_keys(['example_xcom']) retrieved from /home/airflow/.local/lib/python3.7/site-packages/airflow/example_dags/example_xcom.py
[2022-09-02T11:50:29.717+0000] {logging_mixin.py:115} INFO - [2022-09-02T11:50:29.717+0000] {dag.py:2429} INFO - Sync 1 DAGs
[2022-09-02T11:50:29.729+0000] {logging_mixin.py:115} INFO - [2022-09-02T11:50:29.729+0000] {dag.py:2981} INFO - Setting next_dagrun for example_xcom to 2021-01-01T00:00:00+00:00, run_after=2021-01-01T00:00:00+00:00
[2022-09-02T11:50:29.738+0000] {processor.py:161} INFO - Processing /home/airflow/.local/lib/python3.7/site-packages/airflow/example_dags/example_xcom.py took 0.080 seconds
[2022-09-02T11:51:00.335+0000] {processor.py:153} INFO - Started process (PID=1682) to work on /home/airflow/.local/lib/python3.7/site-packages/airflow/example_dags/example_xcom.py
[2022-09-02T11:51:00.337+0000] {processor.py:640} INFO - Processing file /home/airflow/.local/lib/python3.7/site-packages/airflow/example_dags/example_xcom.py for tasks to queue
[2022-09-02T11:51:00.338+0000] {logging_mixin.py:115} INFO - [2022-09-02T11:51:00.337+0000] {dagbag.py:508} INFO - Filling up the DagBag from /home/airflow/.local/lib/python3.7/site-packages/airflow/example_dags/example_xcom.py
[2022-09-02T11:51:00.348+0000] {processor.py:650} INFO - DAG(s) dict_keys(['example_xcom']) retrieved from /home/airflow/.local/lib/python3.7/site-packages/airflow/example_dags/example_xcom.py
[2022-09-02T11:51:00.389+0000] {logging_mixin.py:115} INFO - [2022-09-02T11:51:00.389+0000] {dag.py:2429} INFO - Sync 1 DAGs
[2022-09-02T11:51:00.401+0000] {logging_mixin.py:115} INFO - [2022-09-02T11:51:00.401+0000] {dag.py:2981} INFO - Setting next_dagrun for example_xcom to 2021-01-01T00:00:00+00:00, run_after=2021-01-01T00:00:00+00:00
[2022-09-02T11:51:00.410+0000] {processor.py:161} INFO - Processing /home/airflow/.local/lib/python3.7/site-packages/airflow/example_dags/example_xcom.py took 0.077 seconds
[2022-09-02T11:51:31.146+0000] {processor.py:153} INFO - Started process (PID=1880) to work on /home/airflow/.local/lib/python3.7/site-packages/airflow/example_dags/example_xcom.py
[2022-09-02T11:51:31.148+0000] {processor.py:640} INFO - Processing file /home/airflow/.local/lib/python3.7/site-packages/airflow/example_dags/example_xcom.py for tasks to queue
[2022-09-02T11:51:31.149+0000] {logging_mixin.py:115} INFO - [2022-09-02T11:51:31.149+0000] {dagbag.py:508} INFO - Filling up the DagBag from /home/airflow/.local/lib/python3.7/site-packages/airflow/example_dags/example_xcom.py
[2022-09-02T11:51:31.161+0000] {processor.py:650} INFO - DAG(s) dict_keys(['example_xcom']) retrieved from /home/airflow/.local/lib/python3.7/site-packages/airflow/example_dags/example_xcom.py
[2022-09-02T11:51:31.205+0000] {logging_mixin.py:115} INFO - [2022-09-02T11:51:31.205+0000] {dag.py:2429} INFO - Sync 1 DAGs
[2022-09-02T11:51:31.221+0000] {logging_mixin.py:115} INFO - [2022-09-02T11:51:31.220+0000] {dag.py:2981} INFO - Setting next_dagrun for example_xcom to 2021-01-01T00:00:00+00:00, run_after=2021-01-01T00:00:00+00:00
[2022-09-02T11:51:31.231+0000] {processor.py:161} INFO - Processing /home/airflow/.local/lib/python3.7/site-packages/airflow/example_dags/example_xcom.py took 0.087 seconds
[2022-09-02T11:52:02.055+0000] {processor.py:153} INFO - Started process (PID=2077) to work on /home/airflow/.local/lib/python3.7/site-packages/airflow/example_dags/example_xcom.py
[2022-09-02T11:52:02.057+0000] {processor.py:640} INFO - Processing file /home/airflow/.local/lib/python3.7/site-packages/airflow/example_dags/example_xcom.py for tasks to queue
[2022-09-02T11:52:02.058+0000] {logging_mixin.py:115} INFO - [2022-09-02T11:52:02.058+0000] {dagbag.py:508} INFO - Filling up the DagBag from /home/airflow/.local/lib/python3.7/site-packages/airflow/example_dags/example_xcom.py
[2022-09-02T11:52:02.069+0000] {processor.py:650} INFO - DAG(s) dict_keys(['example_xcom']) retrieved from /home/airflow/.local/lib/python3.7/site-packages/airflow/example_dags/example_xcom.py
[2022-09-02T11:52:02.111+0000] {logging_mixin.py:115} INFO - [2022-09-02T11:52:02.111+0000] {dag.py:2429} INFO - Sync 1 DAGs
[2022-09-02T11:52:02.125+0000] {logging_mixin.py:115} INFO - [2022-09-02T11:52:02.125+0000] {dag.py:2981} INFO - Setting next_dagrun for example_xcom to 2021-01-01T00:00:00+00:00, run_after=2021-01-01T00:00:00+00:00
[2022-09-02T11:52:02.135+0000] {processor.py:161} INFO - Processing /home/airflow/.local/lib/python3.7/site-packages/airflow/example_dags/example_xcom.py took 0.082 seconds
[2022-09-02T11:52:32.952+0000] {processor.py:153} INFO - Started process (PID=2274) to work on /home/airflow/.local/lib/python3.7/site-packages/airflow/example_dags/example_xcom.py
[2022-09-02T11:52:32.953+0000] {processor.py:640} INFO - Processing file /home/airflow/.local/lib/python3.7/site-packages/airflow/example_dags/example_xcom.py for tasks to queue
[2022-09-02T11:52:32.955+0000] {logging_mixin.py:115} INFO - [2022-09-02T11:52:32.955+0000] {dagbag.py:508} INFO - Filling up the DagBag from /home/airflow/.local/lib/python3.7/site-packages/airflow/example_dags/example_xcom.py
[2022-09-02T11:52:32.965+0000] {processor.py:650} INFO - DAG(s) dict_keys(['example_xcom']) retrieved from /home/airflow/.local/lib/python3.7/site-packages/airflow/example_dags/example_xcom.py
[2022-09-02T11:52:33.008+0000] {logging_mixin.py:115} INFO - [2022-09-02T11:52:33.008+0000] {dag.py:2429} INFO - Sync 1 DAGs
[2022-09-02T11:52:33.020+0000] {logging_mixin.py:115} INFO - [2022-09-02T11:52:33.020+0000] {dag.py:2981} INFO - Setting next_dagrun for example_xcom to 2021-01-01T00:00:00+00:00, run_after=2021-01-01T00:00:00+00:00
[2022-09-02T11:52:33.029+0000] {processor.py:161} INFO - Processing /home/airflow/.local/lib/python3.7/site-packages/airflow/example_dags/example_xcom.py took 0.079 seconds
[2022-09-02T11:53:03.627+0000] {processor.py:153} INFO - Started process (PID=2470) to work on /home/airflow/.local/lib/python3.7/site-packages/airflow/example_dags/example_xcom.py
[2022-09-02T11:53:03.628+0000] {processor.py:640} INFO - Processing file /home/airflow/.local/lib/python3.7/site-packages/airflow/example_dags/example_xcom.py for tasks to queue
[2022-09-02T11:53:03.630+0000] {logging_mixin.py:115} INFO - [2022-09-02T11:53:03.629+0000] {dagbag.py:508} INFO - Filling up the DagBag from /home/airflow/.local/lib/python3.7/site-packages/airflow/example_dags/example_xcom.py
[2022-09-02T11:53:03.641+0000] {processor.py:650} INFO - DAG(s) dict_keys(['example_xcom']) retrieved from /home/airflow/.local/lib/python3.7/site-packages/airflow/example_dags/example_xcom.py
[2022-09-02T11:53:03.683+0000] {logging_mixin.py:115} INFO - [2022-09-02T11:53:03.683+0000] {dag.py:2429} INFO - Sync 1 DAGs
[2022-09-02T11:53:03.698+0000] {logging_mixin.py:115} INFO - [2022-09-02T11:53:03.697+0000] {dag.py:2981} INFO - Setting next_dagrun for example_xcom to 2021-01-01T00:00:00+00:00, run_after=2021-01-01T00:00:00+00:00
[2022-09-02T11:53:03.708+0000] {processor.py:161} INFO - Processing /home/airflow/.local/lib/python3.7/site-packages/airflow/example_dags/example_xcom.py took 0.084 seconds
[2022-09-02T11:53:34.443+0000] {processor.py:153} INFO - Started process (PID=2661) to work on /home/airflow/.local/lib/python3.7/site-packages/airflow/example_dags/example_xcom.py
[2022-09-02T11:53:34.444+0000] {processor.py:640} INFO - Processing file /home/airflow/.local/lib/python3.7/site-packages/airflow/example_dags/example_xcom.py for tasks to queue
[2022-09-02T11:53:34.446+0000] {logging_mixin.py:115} INFO - [2022-09-02T11:53:34.446+0000] {dagbag.py:508} INFO - Filling up the DagBag from /home/airflow/.local/lib/python3.7/site-packages/airflow/example_dags/example_xcom.py
[2022-09-02T11:53:34.458+0000] {processor.py:650} INFO - DAG(s) dict_keys(['example_xcom']) retrieved from /home/airflow/.local/lib/python3.7/site-packages/airflow/example_dags/example_xcom.py
[2022-09-02T11:53:34.499+0000] {logging_mixin.py:115} INFO - [2022-09-02T11:53:34.499+0000] {dag.py:2429} INFO - Sync 1 DAGs
[2022-09-02T11:53:34.513+0000] {logging_mixin.py:115} INFO - [2022-09-02T11:53:34.513+0000] {dag.py:2981} INFO - Setting next_dagrun for example_xcom to 2021-01-01T00:00:00+00:00, run_after=2021-01-01T00:00:00+00:00
[2022-09-02T11:53:34.522+0000] {processor.py:161} INFO - Processing /home/airflow/.local/lib/python3.7/site-packages/airflow/example_dags/example_xcom.py took 0.081 seconds
[2022-09-02T11:54:05.240+0000] {processor.py:153} INFO - Started process (PID=2858) to work on /home/airflow/.local/lib/python3.7/site-packages/airflow/example_dags/example_xcom.py
[2022-09-02T11:54:05.242+0000] {processor.py:640} INFO - Processing file /home/airflow/.local/lib/python3.7/site-packages/airflow/example_dags/example_xcom.py for tasks to queue
[2022-09-02T11:54:05.243+0000] {logging_mixin.py:115} INFO - [2022-09-02T11:54:05.242+0000] {dagbag.py:508} INFO - Filling up the DagBag from /home/airflow/.local/lib/python3.7/site-packages/airflow/example_dags/example_xcom.py
[2022-09-02T11:54:05.254+0000] {processor.py:650} INFO - DAG(s) dict_keys(['example_xcom']) retrieved from /home/airflow/.local/lib/python3.7/site-packages/airflow/example_dags/example_xcom.py
[2022-09-02T11:54:05.295+0000] {logging_mixin.py:115} INFO - [2022-09-02T11:54:05.295+0000] {dag.py:2429} INFO - Sync 1 DAGs
[2022-09-02T11:54:05.310+0000] {logging_mixin.py:115} INFO - [2022-09-02T11:54:05.309+0000] {dag.py:2981} INFO - Setting next_dagrun for example_xcom to 2021-01-01T00:00:00+00:00, run_after=2021-01-01T00:00:00+00:00
[2022-09-02T11:54:05.318+0000] {processor.py:161} INFO - Processing /home/airflow/.local/lib/python3.7/site-packages/airflow/example_dags/example_xcom.py took 0.081 seconds
[2022-09-02T11:54:36.036+0000] {processor.py:153} INFO - Started process (PID=3054) to work on /home/airflow/.local/lib/python3.7/site-packages/airflow/example_dags/example_xcom.py
[2022-09-02T11:54:36.038+0000] {processor.py:640} INFO - Processing file /home/airflow/.local/lib/python3.7/site-packages/airflow/example_dags/example_xcom.py for tasks to queue
[2022-09-02T11:54:36.039+0000] {logging_mixin.py:115} INFO - [2022-09-02T11:54:36.039+0000] {dagbag.py:508} INFO - Filling up the DagBag from /home/airflow/.local/lib/python3.7/site-packages/airflow/example_dags/example_xcom.py
[2022-09-02T11:54:36.050+0000] {processor.py:650} INFO - DAG(s) dict_keys(['example_xcom']) retrieved from /home/airflow/.local/lib/python3.7/site-packages/airflow/example_dags/example_xcom.py
[2022-09-02T11:54:36.069+0000] {logging_mixin.py:115} INFO - [2022-09-02T11:54:36.069+0000] {dag.py:2429} INFO - Sync 1 DAGs
[2022-09-02T11:54:36.085+0000] {logging_mixin.py:115} INFO - [2022-09-02T11:54:36.085+0000] {dag.py:2981} INFO - Setting next_dagrun for example_xcom to 2021-01-01T00:00:00+00:00, run_after=2021-01-01T00:00:00+00:00
[2022-09-02T11:54:36.094+0000] {processor.py:161} INFO - Processing /home/airflow/.local/lib/python3.7/site-packages/airflow/example_dags/example_xcom.py took 0.060 seconds
[2022-09-02T11:55:06.817+0000] {processor.py:153} INFO - Started process (PID=3252) to work on /home/airflow/.local/lib/python3.7/site-packages/airflow/example_dags/example_xcom.py
[2022-09-02T11:55:06.819+0000] {processor.py:640} INFO - Processing file /home/airflow/.local/lib/python3.7/site-packages/airflow/example_dags/example_xcom.py for tasks to queue
[2022-09-02T11:55:06.820+0000] {logging_mixin.py:115} INFO - [2022-09-02T11:55:06.820+0000] {dagbag.py:508} INFO - Filling up the DagBag from /home/airflow/.local/lib/python3.7/site-packages/airflow/example_dags/example_xcom.py
[2022-09-02T11:55:06.832+0000] {processor.py:650} INFO - DAG(s) dict_keys(['example_xcom']) retrieved from /home/airflow/.local/lib/python3.7/site-packages/airflow/example_dags/example_xcom.py
[2022-09-02T11:55:06.894+0000] {logging_mixin.py:115} INFO - [2022-09-02T11:55:06.894+0000] {dag.py:2429} INFO - Sync 1 DAGs
[2022-09-02T11:55:06.910+0000] {logging_mixin.py:115} INFO - [2022-09-02T11:55:06.910+0000] {dag.py:2981} INFO - Setting next_dagrun for example_xcom to 2021-01-01T00:00:00+00:00, run_after=2021-01-01T00:00:00+00:00
[2022-09-02T11:55:06.919+0000] {processor.py:161} INFO - Processing /home/airflow/.local/lib/python3.7/site-packages/airflow/example_dags/example_xcom.py took 0.105 seconds
[2022-09-02T11:55:37.609+0000] {processor.py:153} INFO - Started process (PID=3450) to work on /home/airflow/.local/lib/python3.7/site-packages/airflow/example_dags/example_xcom.py
[2022-09-02T11:55:37.611+0000] {processor.py:640} INFO - Processing file /home/airflow/.local/lib/python3.7/site-packages/airflow/example_dags/example_xcom.py for tasks to queue
[2022-09-02T11:55:37.612+0000] {logging_mixin.py:115} INFO - [2022-09-02T11:55:37.612+0000] {dagbag.py:508} INFO - Filling up the DagBag from /home/airflow/.local/lib/python3.7/site-packages/airflow/example_dags/example_xcom.py
[2022-09-02T11:55:37.622+0000] {processor.py:650} INFO - DAG(s) dict_keys(['example_xcom']) retrieved from /home/airflow/.local/lib/python3.7/site-packages/airflow/example_dags/example_xcom.py
[2022-09-02T11:55:37.671+0000] {logging_mixin.py:115} INFO - [2022-09-02T11:55:37.671+0000] {dag.py:2429} INFO - Sync 1 DAGs
[2022-09-02T11:55:37.684+0000] {logging_mixin.py:115} INFO - [2022-09-02T11:55:37.683+0000] {dag.py:2981} INFO - Setting next_dagrun for example_xcom to 2021-01-01T00:00:00+00:00, run_after=2021-01-01T00:00:00+00:00
[2022-09-02T11:55:37.692+0000] {processor.py:161} INFO - Processing /home/airflow/.local/lib/python3.7/site-packages/airflow/example_dags/example_xcom.py took 0.085 seconds
[2022-09-02T11:56:08.553+0000] {processor.py:153} INFO - Started process (PID=3646) to work on /home/airflow/.local/lib/python3.7/site-packages/airflow/example_dags/example_xcom.py
[2022-09-02T11:56:08.554+0000] {processor.py:640} INFO - Processing file /home/airflow/.local/lib/python3.7/site-packages/airflow/example_dags/example_xcom.py for tasks to queue
[2022-09-02T11:56:08.555+0000] {logging_mixin.py:115} INFO - [2022-09-02T11:56:08.555+0000] {dagbag.py:508} INFO - Filling up the DagBag from /home/airflow/.local/lib/python3.7/site-packages/airflow/example_dags/example_xcom.py
[2022-09-02T11:56:08.567+0000] {processor.py:650} INFO - DAG(s) dict_keys(['example_xcom']) retrieved from /home/airflow/.local/lib/python3.7/site-packages/airflow/example_dags/example_xcom.py
[2022-09-02T11:56:08.612+0000] {logging_mixin.py:115} INFO - [2022-09-02T11:56:08.612+0000] {dag.py:2429} INFO - Sync 1 DAGs
[2022-09-02T11:56:08.624+0000] {logging_mixin.py:115} INFO - [2022-09-02T11:56:08.624+0000] {dag.py:2981} INFO - Setting next_dagrun for example_xcom to 2021-01-01T00:00:00+00:00, run_after=2021-01-01T00:00:00+00:00
[2022-09-02T11:56:08.634+0000] {processor.py:161} INFO - Processing /home/airflow/.local/lib/python3.7/site-packages/airflow/example_dags/example_xcom.py took 0.084 seconds
[2022-09-02T11:56:39.313+0000] {processor.py:153} INFO - Started process (PID=3833) to work on /home/airflow/.local/lib/python3.7/site-packages/airflow/example_dags/example_xcom.py
[2022-09-02T11:56:39.315+0000] {processor.py:640} INFO - Processing file /home/airflow/.local/lib/python3.7/site-packages/airflow/example_dags/example_xcom.py for tasks to queue
[2022-09-02T11:56:39.317+0000] {logging_mixin.py:115} INFO - [2022-09-02T11:56:39.317+0000] {dagbag.py:508} INFO - Filling up the DagBag from /home/airflow/.local/lib/python3.7/site-packages/airflow/example_dags/example_xcom.py
[2022-09-02T11:56:39.331+0000] {processor.py:650} INFO - DAG(s) dict_keys(['example_xcom']) retrieved from /home/airflow/.local/lib/python3.7/site-packages/airflow/example_dags/example_xcom.py
[2022-09-02T11:56:39.376+0000] {logging_mixin.py:115} INFO - [2022-09-02T11:56:39.376+0000] {dag.py:2429} INFO - Sync 1 DAGs
[2022-09-02T11:56:39.389+0000] {logging_mixin.py:115} INFO - [2022-09-02T11:56:39.389+0000] {dag.py:2981} INFO - Setting next_dagrun for example_xcom to 2021-01-01T00:00:00+00:00, run_after=2021-01-01T00:00:00+00:00
[2022-09-02T11:56:39.397+0000] {processor.py:161} INFO - Processing /home/airflow/.local/lib/python3.7/site-packages/airflow/example_dags/example_xcom.py took 0.087 seconds
[2022-09-02T11:57:10.078+0000] {processor.py:153} INFO - Started process (PID=4030) to work on /home/airflow/.local/lib/python3.7/site-packages/airflow/example_dags/example_xcom.py
[2022-09-02T11:57:10.081+0000] {processor.py:640} INFO - Processing file /home/airflow/.local/lib/python3.7/site-packages/airflow/example_dags/example_xcom.py for tasks to queue
[2022-09-02T11:57:10.082+0000] {logging_mixin.py:115} INFO - [2022-09-02T11:57:10.082+0000] {dagbag.py:508} INFO - Filling up the DagBag from /home/airflow/.local/lib/python3.7/site-packages/airflow/example_dags/example_xcom.py
[2022-09-02T11:57:10.093+0000] {processor.py:650} INFO - DAG(s) dict_keys(['example_xcom']) retrieved from /home/airflow/.local/lib/python3.7/site-packages/airflow/example_dags/example_xcom.py
[2022-09-02T11:57:10.136+0000] {logging_mixin.py:115} INFO - [2022-09-02T11:57:10.136+0000] {dag.py:2429} INFO - Sync 1 DAGs
[2022-09-02T11:57:10.149+0000] {logging_mixin.py:115} INFO - [2022-09-02T11:57:10.149+0000] {dag.py:2981} INFO - Setting next_dagrun for example_xcom to 2021-01-01T00:00:00+00:00, run_after=2021-01-01T00:00:00+00:00
[2022-09-02T11:57:10.158+0000] {processor.py:161} INFO - Processing /home/airflow/.local/lib/python3.7/site-packages/airflow/example_dags/example_xcom.py took 0.083 seconds
[2022-09-02T11:57:40.949+0000] {processor.py:153} INFO - Started process (PID=4225) to work on /home/airflow/.local/lib/python3.7/site-packages/airflow/example_dags/example_xcom.py
[2022-09-02T11:57:40.951+0000] {processor.py:640} INFO - Processing file /home/airflow/.local/lib/python3.7/site-packages/airflow/example_dags/example_xcom.py for tasks to queue
[2022-09-02T11:57:40.952+0000] {logging_mixin.py:115} INFO - [2022-09-02T11:57:40.952+0000] {dagbag.py:508} INFO - Filling up the DagBag from /home/airflow/.local/lib/python3.7/site-packages/airflow/example_dags/example_xcom.py
[2022-09-02T11:57:40.964+0000] {processor.py:650} INFO - DAG(s) dict_keys(['example_xcom']) retrieved from /home/airflow/.local/lib/python3.7/site-packages/airflow/example_dags/example_xcom.py
[2022-09-02T11:57:41.008+0000] {logging_mixin.py:115} INFO - [2022-09-02T11:57:41.008+0000] {dag.py:2429} INFO - Sync 1 DAGs
[2022-09-02T11:57:41.022+0000] {logging_mixin.py:115} INFO - [2022-09-02T11:57:41.021+0000] {dag.py:2981} INFO - Setting next_dagrun for example_xcom to 2021-01-01T00:00:00+00:00, run_after=2021-01-01T00:00:00+00:00
[2022-09-02T11:57:41.029+0000] {processor.py:161} INFO - Processing /home/airflow/.local/lib/python3.7/site-packages/airflow/example_dags/example_xcom.py took 0.082 seconds
[2022-09-02T11:58:11.831+0000] {processor.py:153} INFO - Started process (PID=4422) to work on /home/airflow/.local/lib/python3.7/site-packages/airflow/example_dags/example_xcom.py
[2022-09-02T11:58:11.833+0000] {processor.py:640} INFO - Processing file /home/airflow/.local/lib/python3.7/site-packages/airflow/example_dags/example_xcom.py for tasks to queue
[2022-09-02T11:58:11.834+0000] {logging_mixin.py:115} INFO - [2022-09-02T11:58:11.834+0000] {dagbag.py:508} INFO - Filling up the DagBag from /home/airflow/.local/lib/python3.7/site-packages/airflow/example_dags/example_xcom.py
[2022-09-02T11:58:11.846+0000] {processor.py:650} INFO - DAG(s) dict_keys(['example_xcom']) retrieved from /home/airflow/.local/lib/python3.7/site-packages/airflow/example_dags/example_xcom.py
[2022-09-02T11:58:11.865+0000] {logging_mixin.py:115} INFO - [2022-09-02T11:58:11.865+0000] {dag.py:2429} INFO - Sync 1 DAGs
[2022-09-02T11:58:11.882+0000] {logging_mixin.py:115} INFO - [2022-09-02T11:58:11.882+0000] {dag.py:2981} INFO - Setting next_dagrun for example_xcom to 2021-01-01T00:00:00+00:00, run_after=2021-01-01T00:00:00+00:00
[2022-09-02T11:58:11.892+0000] {processor.py:161} INFO - Processing /home/airflow/.local/lib/python3.7/site-packages/airflow/example_dags/example_xcom.py took 0.063 seconds
[2022-09-02T11:58:42.739+0000] {processor.py:153} INFO - Started process (PID=4621) to work on /home/airflow/.local/lib/python3.7/site-packages/airflow/example_dags/example_xcom.py
[2022-09-02T11:58:42.742+0000] {processor.py:640} INFO - Processing file /home/airflow/.local/lib/python3.7/site-packages/airflow/example_dags/example_xcom.py for tasks to queue
[2022-09-02T11:58:42.743+0000] {logging_mixin.py:115} INFO - [2022-09-02T11:58:42.743+0000] {dagbag.py:508} INFO - Filling up the DagBag from /home/airflow/.local/lib/python3.7/site-packages/airflow/example_dags/example_xcom.py
[2022-09-02T11:58:42.756+0000] {processor.py:650} INFO - DAG(s) dict_keys(['example_xcom']) retrieved from /home/airflow/.local/lib/python3.7/site-packages/airflow/example_dags/example_xcom.py
[2022-09-02T11:58:42.817+0000] {logging_mixin.py:115} INFO - [2022-09-02T11:58:42.817+0000] {dag.py:2429} INFO - Sync 1 DAGs
[2022-09-02T11:58:42.832+0000] {logging_mixin.py:115} INFO - [2022-09-02T11:58:42.832+0000] {dag.py:2981} INFO - Setting next_dagrun for example_xcom to 2021-01-01T00:00:00+00:00, run_after=2021-01-01T00:00:00+00:00
[2022-09-02T11:58:42.847+0000] {processor.py:161} INFO - Processing /home/airflow/.local/lib/python3.7/site-packages/airflow/example_dags/example_xcom.py took 0.110 seconds
[2022-09-02T11:59:13.586+0000] {processor.py:153} INFO - Started process (PID=4816) to work on /home/airflow/.local/lib/python3.7/site-packages/airflow/example_dags/example_xcom.py
[2022-09-02T11:59:13.588+0000] {processor.py:640} INFO - Processing file /home/airflow/.local/lib/python3.7/site-packages/airflow/example_dags/example_xcom.py for tasks to queue
[2022-09-02T11:59:13.589+0000] {logging_mixin.py:115} INFO - [2022-09-02T11:59:13.589+0000] {dagbag.py:508} INFO - Filling up the DagBag from /home/airflow/.local/lib/python3.7/site-packages/airflow/example_dags/example_xcom.py
[2022-09-02T11:59:13.599+0000] {processor.py:650} INFO - DAG(s) dict_keys(['example_xcom']) retrieved from /home/airflow/.local/lib/python3.7/site-packages/airflow/example_dags/example_xcom.py
[2022-09-02T11:59:13.645+0000] {logging_mixin.py:115} INFO - [2022-09-02T11:59:13.645+0000] {dag.py:2429} INFO - Sync 1 DAGs
[2022-09-02T11:59:13.656+0000] {logging_mixin.py:115} INFO - [2022-09-02T11:59:13.656+0000] {dag.py:2981} INFO - Setting next_dagrun for example_xcom to 2021-01-01T00:00:00+00:00, run_after=2021-01-01T00:00:00+00:00
[2022-09-02T11:59:13.665+0000] {processor.py:161} INFO - Processing /home/airflow/.local/lib/python3.7/site-packages/airflow/example_dags/example_xcom.py took 0.081 seconds
[2022-09-02T11:59:44.524+0000] {processor.py:153} INFO - Started process (PID=5015) to work on /home/airflow/.local/lib/python3.7/site-packages/airflow/example_dags/example_xcom.py
[2022-09-02T11:59:44.526+0000] {processor.py:640} INFO - Processing file /home/airflow/.local/lib/python3.7/site-packages/airflow/example_dags/example_xcom.py for tasks to queue
[2022-09-02T11:59:44.527+0000] {logging_mixin.py:115} INFO - [2022-09-02T11:59:44.527+0000] {dagbag.py:508} INFO - Filling up the DagBag from /home/airflow/.local/lib/python3.7/site-packages/airflow/example_dags/example_xcom.py
[2022-09-02T11:59:44.539+0000] {processor.py:650} INFO - DAG(s) dict_keys(['example_xcom']) retrieved from /home/airflow/.local/lib/python3.7/site-packages/airflow/example_dags/example_xcom.py
[2022-09-02T11:59:44.584+0000] {logging_mixin.py:115} INFO - [2022-09-02T11:59:44.584+0000] {dag.py:2429} INFO - Sync 1 DAGs
[2022-09-02T11:59:44.597+0000] {logging_mixin.py:115} INFO - [2022-09-02T11:59:44.597+0000] {dag.py:2981} INFO - Setting next_dagrun for example_xcom to 2021-01-01T00:00:00+00:00, run_after=2021-01-01T00:00:00+00:00
[2022-09-02T11:59:44.608+0000] {processor.py:161} INFO - Processing /home/airflow/.local/lib/python3.7/site-packages/airflow/example_dags/example_xcom.py took 0.086 seconds
[2022-09-02T12:00:15.310+0000] {processor.py:153} INFO - Started process (PID=5203) to work on /home/airflow/.local/lib/python3.7/site-packages/airflow/example_dags/example_xcom.py
[2022-09-02T12:00:15.312+0000] {processor.py:640} INFO - Processing file /home/airflow/.local/lib/python3.7/site-packages/airflow/example_dags/example_xcom.py for tasks to queue
[2022-09-02T12:00:15.314+0000] {logging_mixin.py:115} INFO - [2022-09-02T12:00:15.314+0000] {dagbag.py:508} INFO - Filling up the DagBag from /home/airflow/.local/lib/python3.7/site-packages/airflow/example_dags/example_xcom.py
[2022-09-02T12:00:15.325+0000] {processor.py:650} INFO - DAG(s) dict_keys(['example_xcom']) retrieved from /home/airflow/.local/lib/python3.7/site-packages/airflow/example_dags/example_xcom.py
[2022-09-02T12:00:15.363+0000] {logging_mixin.py:115} INFO - [2022-09-02T12:00:15.363+0000] {dag.py:2429} INFO - Sync 1 DAGs
[2022-09-02T12:00:15.376+0000] {logging_mixin.py:115} INFO - [2022-09-02T12:00:15.375+0000] {dag.py:2981} INFO - Setting next_dagrun for example_xcom to 2021-01-01T00:00:00+00:00, run_after=2021-01-01T00:00:00+00:00
[2022-09-02T12:00:15.390+0000] {processor.py:161} INFO - Processing /home/airflow/.local/lib/python3.7/site-packages/airflow/example_dags/example_xcom.py took 0.082 seconds
[2022-09-02T12:00:46.063+0000] {processor.py:153} INFO - Started process (PID=5398) to work on /home/airflow/.local/lib/python3.7/site-packages/airflow/example_dags/example_xcom.py
[2022-09-02T12:00:46.065+0000] {processor.py:640} INFO - Processing file /home/airflow/.local/lib/python3.7/site-packages/airflow/example_dags/example_xcom.py for tasks to queue
[2022-09-02T12:00:46.066+0000] {logging_mixin.py:115} INFO - [2022-09-02T12:00:46.066+0000] {dagbag.py:508} INFO - Filling up the DagBag from /home/airflow/.local/lib/python3.7/site-packages/airflow/example_dags/example_xcom.py
[2022-09-02T12:00:46.076+0000] {processor.py:650} INFO - DAG(s) dict_keys(['example_xcom']) retrieved from /home/airflow/.local/lib/python3.7/site-packages/airflow/example_dags/example_xcom.py
[2022-09-02T12:00:46.119+0000] {logging_mixin.py:115} INFO - [2022-09-02T12:00:46.119+0000] {dag.py:2429} INFO - Sync 1 DAGs
[2022-09-02T12:00:46.130+0000] {logging_mixin.py:115} INFO - [2022-09-02T12:00:46.130+0000] {dag.py:2981} INFO - Setting next_dagrun for example_xcom to 2021-01-01T00:00:00+00:00, run_after=2021-01-01T00:00:00+00:00
[2022-09-02T12:00:46.139+0000] {processor.py:161} INFO - Processing /home/airflow/.local/lib/python3.7/site-packages/airflow/example_dags/example_xcom.py took 0.078 seconds
[2022-09-02T12:01:16.665+0000] {processor.py:153} INFO - Started process (PID=5595) to work on /home/airflow/.local/lib/python3.7/site-packages/airflow/example_dags/example_xcom.py
[2022-09-02T12:01:16.666+0000] {processor.py:640} INFO - Processing file /home/airflow/.local/lib/python3.7/site-packages/airflow/example_dags/example_xcom.py for tasks to queue
[2022-09-02T12:01:16.667+0000] {logging_mixin.py:115} INFO - [2022-09-02T12:01:16.667+0000] {dagbag.py:508} INFO - Filling up the DagBag from /home/airflow/.local/lib/python3.7/site-packages/airflow/example_dags/example_xcom.py
[2022-09-02T12:01:16.678+0000] {processor.py:650} INFO - DAG(s) dict_keys(['example_xcom']) retrieved from /home/airflow/.local/lib/python3.7/site-packages/airflow/example_dags/example_xcom.py
[2022-09-02T12:01:16.726+0000] {logging_mixin.py:115} INFO - [2022-09-02T12:01:16.726+0000] {dag.py:2429} INFO - Sync 1 DAGs
[2022-09-02T12:01:16.739+0000] {logging_mixin.py:115} INFO - [2022-09-02T12:01:16.739+0000] {dag.py:2981} INFO - Setting next_dagrun for example_xcom to 2021-01-01T00:00:00+00:00, run_after=2021-01-01T00:00:00+00:00
[2022-09-02T12:01:16.749+0000] {processor.py:161} INFO - Processing /home/airflow/.local/lib/python3.7/site-packages/airflow/example_dags/example_xcom.py took 0.087 seconds
[2022-09-02T12:01:47.486+0000] {processor.py:153} INFO - Started process (PID=5792) to work on /home/airflow/.local/lib/python3.7/site-packages/airflow/example_dags/example_xcom.py
[2022-09-02T12:01:47.487+0000] {processor.py:640} INFO - Processing file /home/airflow/.local/lib/python3.7/site-packages/airflow/example_dags/example_xcom.py for tasks to queue
[2022-09-02T12:01:47.488+0000] {logging_mixin.py:115} INFO - [2022-09-02T12:01:47.488+0000] {dagbag.py:508} INFO - Filling up the DagBag from /home/airflow/.local/lib/python3.7/site-packages/airflow/example_dags/example_xcom.py
[2022-09-02T12:01:47.499+0000] {processor.py:650} INFO - DAG(s) dict_keys(['example_xcom']) retrieved from /home/airflow/.local/lib/python3.7/site-packages/airflow/example_dags/example_xcom.py
[2022-09-02T12:01:47.517+0000] {logging_mixin.py:115} INFO - [2022-09-02T12:01:47.517+0000] {dag.py:2429} INFO - Sync 1 DAGs
[2022-09-02T12:01:47.532+0000] {logging_mixin.py:115} INFO - [2022-09-02T12:01:47.532+0000] {dag.py:2981} INFO - Setting next_dagrun for example_xcom to 2021-01-01T00:00:00+00:00, run_after=2021-01-01T00:00:00+00:00
[2022-09-02T12:01:47.541+0000] {processor.py:161} INFO - Processing /home/airflow/.local/lib/python3.7/site-packages/airflow/example_dags/example_xcom.py took 0.058 seconds
[2022-09-02T12:02:18.332+0000] {processor.py:153} INFO - Started process (PID=6007) to work on /home/airflow/.local/lib/python3.7/site-packages/airflow/example_dags/example_xcom.py
[2022-09-02T12:02:18.333+0000] {processor.py:640} INFO - Processing file /home/airflow/.local/lib/python3.7/site-packages/airflow/example_dags/example_xcom.py for tasks to queue
[2022-09-02T12:02:18.334+0000] {logging_mixin.py:115} INFO - [2022-09-02T12:02:18.334+0000] {dagbag.py:508} INFO - Filling up the DagBag from /home/airflow/.local/lib/python3.7/site-packages/airflow/example_dags/example_xcom.py
[2022-09-02T12:02:18.345+0000] {processor.py:650} INFO - DAG(s) dict_keys(['example_xcom']) retrieved from /home/airflow/.local/lib/python3.7/site-packages/airflow/example_dags/example_xcom.py
[2022-09-02T12:02:18.389+0000] {logging_mixin.py:115} INFO - [2022-09-02T12:02:18.389+0000] {dag.py:2429} INFO - Sync 1 DAGs
[2022-09-02T12:02:18.404+0000] {logging_mixin.py:115} INFO - [2022-09-02T12:02:18.404+0000] {dag.py:2981} INFO - Setting next_dagrun for example_xcom to 2021-01-01T00:00:00+00:00, run_after=2021-01-01T00:00:00+00:00
[2022-09-02T12:02:18.432+0000] {processor.py:161} INFO - Processing /home/airflow/.local/lib/python3.7/site-packages/airflow/example_dags/example_xcom.py took 0.102 seconds
[2022-09-02T12:02:49.268+0000] {processor.py:153} INFO - Started process (PID=6204) to work on /home/airflow/.local/lib/python3.7/site-packages/airflow/example_dags/example_xcom.py
[2022-09-02T12:02:49.269+0000] {processor.py:640} INFO - Processing file /home/airflow/.local/lib/python3.7/site-packages/airflow/example_dags/example_xcom.py for tasks to queue
[2022-09-02T12:02:49.271+0000] {logging_mixin.py:115} INFO - [2022-09-02T12:02:49.271+0000] {dagbag.py:508} INFO - Filling up the DagBag from /home/airflow/.local/lib/python3.7/site-packages/airflow/example_dags/example_xcom.py
[2022-09-02T12:02:49.282+0000] {processor.py:650} INFO - DAG(s) dict_keys(['example_xcom']) retrieved from /home/airflow/.local/lib/python3.7/site-packages/airflow/example_dags/example_xcom.py
[2022-09-02T12:02:49.330+0000] {logging_mixin.py:115} INFO - [2022-09-02T12:02:49.330+0000] {dag.py:2429} INFO - Sync 1 DAGs
[2022-09-02T12:02:49.344+0000] {logging_mixin.py:115} INFO - [2022-09-02T12:02:49.343+0000] {dag.py:2981} INFO - Setting next_dagrun for example_xcom to 2021-01-01T00:00:00+00:00, run_after=2021-01-01T00:00:00+00:00
[2022-09-02T12:02:49.354+0000] {processor.py:161} INFO - Processing /home/airflow/.local/lib/python3.7/site-packages/airflow/example_dags/example_xcom.py took 0.090 seconds
[2022-09-02T12:03:20.042+0000] {processor.py:153} INFO - Started process (PID=6394) to work on /home/airflow/.local/lib/python3.7/site-packages/airflow/example_dags/example_xcom.py
[2022-09-02T12:03:20.044+0000] {processor.py:640} INFO - Processing file /home/airflow/.local/lib/python3.7/site-packages/airflow/example_dags/example_xcom.py for tasks to queue
[2022-09-02T12:03:20.046+0000] {logging_mixin.py:115} INFO - [2022-09-02T12:03:20.046+0000] {dagbag.py:508} INFO - Filling up the DagBag from /home/airflow/.local/lib/python3.7/site-packages/airflow/example_dags/example_xcom.py
[2022-09-02T12:03:20.063+0000] {processor.py:650} INFO - DAG(s) dict_keys(['example_xcom']) retrieved from /home/airflow/.local/lib/python3.7/site-packages/airflow/example_dags/example_xcom.py
[2022-09-02T12:03:20.081+0000] {logging_mixin.py:115} INFO - [2022-09-02T12:03:20.081+0000] {dag.py:2429} INFO - Sync 1 DAGs
[2022-09-02T12:03:20.096+0000] {logging_mixin.py:115} INFO - [2022-09-02T12:03:20.096+0000] {dag.py:2981} INFO - Setting next_dagrun for example_xcom to 2021-01-01T00:00:00+00:00, run_after=2021-01-01T00:00:00+00:00
[2022-09-02T12:03:20.104+0000] {processor.py:161} INFO - Processing /home/airflow/.local/lib/python3.7/site-packages/airflow/example_dags/example_xcom.py took 0.064 seconds
[2022-09-02T12:03:50.792+0000] {processor.py:153} INFO - Started process (PID=6588) to work on /home/airflow/.local/lib/python3.7/site-packages/airflow/example_dags/example_xcom.py
[2022-09-02T12:03:50.794+0000] {processor.py:640} INFO - Processing file /home/airflow/.local/lib/python3.7/site-packages/airflow/example_dags/example_xcom.py for tasks to queue
[2022-09-02T12:03:50.795+0000] {logging_mixin.py:115} INFO - [2022-09-02T12:03:50.795+0000] {dagbag.py:508} INFO - Filling up the DagBag from /home/airflow/.local/lib/python3.7/site-packages/airflow/example_dags/example_xcom.py
[2022-09-02T12:03:50.805+0000] {processor.py:650} INFO - DAG(s) dict_keys(['example_xcom']) retrieved from /home/airflow/.local/lib/python3.7/site-packages/airflow/example_dags/example_xcom.py
[2022-09-02T12:03:50.846+0000] {logging_mixin.py:115} INFO - [2022-09-02T12:03:50.846+0000] {dag.py:2429} INFO - Sync 1 DAGs
[2022-09-02T12:03:50.859+0000] {logging_mixin.py:115} INFO - [2022-09-02T12:03:50.859+0000] {dag.py:2981} INFO - Setting next_dagrun for example_xcom to 2021-01-01T00:00:00+00:00, run_after=2021-01-01T00:00:00+00:00
[2022-09-02T12:03:50.867+0000] {processor.py:161} INFO - Processing /home/airflow/.local/lib/python3.7/site-packages/airflow/example_dags/example_xcom.py took 0.078 seconds
[2022-09-02T12:04:21.524+0000] {processor.py:153} INFO - Started process (PID=6786) to work on /home/airflow/.local/lib/python3.7/site-packages/airflow/example_dags/example_xcom.py
[2022-09-02T12:04:21.526+0000] {processor.py:640} INFO - Processing file /home/airflow/.local/lib/python3.7/site-packages/airflow/example_dags/example_xcom.py for tasks to queue
[2022-09-02T12:04:21.527+0000] {logging_mixin.py:115} INFO - [2022-09-02T12:04:21.527+0000] {dagbag.py:508} INFO - Filling up the DagBag from /home/airflow/.local/lib/python3.7/site-packages/airflow/example_dags/example_xcom.py
[2022-09-02T12:04:21.538+0000] {processor.py:650} INFO - DAG(s) dict_keys(['example_xcom']) retrieved from /home/airflow/.local/lib/python3.7/site-packages/airflow/example_dags/example_xcom.py
[2022-09-02T12:04:21.581+0000] {logging_mixin.py:115} INFO - [2022-09-02T12:04:21.581+0000] {dag.py:2429} INFO - Sync 1 DAGs
[2022-09-02T12:04:21.595+0000] {logging_mixin.py:115} INFO - [2022-09-02T12:04:21.595+0000] {dag.py:2981} INFO - Setting next_dagrun for example_xcom to 2021-01-01T00:00:00+00:00, run_after=2021-01-01T00:00:00+00:00
[2022-09-02T12:04:21.605+0000] {processor.py:161} INFO - Processing /home/airflow/.local/lib/python3.7/site-packages/airflow/example_dags/example_xcom.py took 0.083 seconds
[2022-09-02T12:04:52.412+0000] {processor.py:153} INFO - Started process (PID=6983) to work on /home/airflow/.local/lib/python3.7/site-packages/airflow/example_dags/example_xcom.py
[2022-09-02T12:04:52.415+0000] {processor.py:640} INFO - Processing file /home/airflow/.local/lib/python3.7/site-packages/airflow/example_dags/example_xcom.py for tasks to queue
[2022-09-02T12:04:52.417+0000] {logging_mixin.py:115} INFO - [2022-09-02T12:04:52.417+0000] {dagbag.py:508} INFO - Filling up the DagBag from /home/airflow/.local/lib/python3.7/site-packages/airflow/example_dags/example_xcom.py
[2022-09-02T12:04:52.431+0000] {processor.py:650} INFO - DAG(s) dict_keys(['example_xcom']) retrieved from /home/airflow/.local/lib/python3.7/site-packages/airflow/example_dags/example_xcom.py
[2022-09-02T12:04:52.481+0000] {logging_mixin.py:115} INFO - [2022-09-02T12:04:52.481+0000] {dag.py:2429} INFO - Sync 1 DAGs
[2022-09-02T12:04:52.494+0000] {logging_mixin.py:115} INFO - [2022-09-02T12:04:52.494+0000] {dag.py:2981} INFO - Setting next_dagrun for example_xcom to 2021-01-01T00:00:00+00:00, run_after=2021-01-01T00:00:00+00:00
[2022-09-02T12:04:52.504+0000] {processor.py:161} INFO - Processing /home/airflow/.local/lib/python3.7/site-packages/airflow/example_dags/example_xcom.py took 0.094 seconds
[2022-09-02T12:05:23.200+0000] {processor.py:153} INFO - Started process (PID=7181) to work on /home/airflow/.local/lib/python3.7/site-packages/airflow/example_dags/example_xcom.py
[2022-09-02T12:05:23.201+0000] {processor.py:640} INFO - Processing file /home/airflow/.local/lib/python3.7/site-packages/airflow/example_dags/example_xcom.py for tasks to queue
[2022-09-02T12:05:23.204+0000] {logging_mixin.py:115} INFO - [2022-09-02T12:05:23.204+0000] {dagbag.py:508} INFO - Filling up the DagBag from /home/airflow/.local/lib/python3.7/site-packages/airflow/example_dags/example_xcom.py
[2022-09-02T12:05:23.216+0000] {processor.py:650} INFO - DAG(s) dict_keys(['example_xcom']) retrieved from /home/airflow/.local/lib/python3.7/site-packages/airflow/example_dags/example_xcom.py
[2022-09-02T12:05:23.260+0000] {logging_mixin.py:115} INFO - [2022-09-02T12:05:23.260+0000] {dag.py:2429} INFO - Sync 1 DAGs
[2022-09-02T12:05:23.273+0000] {logging_mixin.py:115} INFO - [2022-09-02T12:05:23.273+0000] {dag.py:2981} INFO - Setting next_dagrun for example_xcom to 2021-01-01T00:00:00+00:00, run_after=2021-01-01T00:00:00+00:00
[2022-09-02T12:05:23.282+0000] {processor.py:161} INFO - Processing /home/airflow/.local/lib/python3.7/site-packages/airflow/example_dags/example_xcom.py took 0.085 seconds
[2022-09-02T12:05:53.995+0000] {processor.py:153} INFO - Started process (PID=7378) to work on /home/airflow/.local/lib/python3.7/site-packages/airflow/example_dags/example_xcom.py
[2022-09-02T12:05:53.996+0000] {processor.py:640} INFO - Processing file /home/airflow/.local/lib/python3.7/site-packages/airflow/example_dags/example_xcom.py for tasks to queue
[2022-09-02T12:05:53.998+0000] {logging_mixin.py:115} INFO - [2022-09-02T12:05:53.998+0000] {dagbag.py:508} INFO - Filling up the DagBag from /home/airflow/.local/lib/python3.7/site-packages/airflow/example_dags/example_xcom.py
[2022-09-02T12:05:54.009+0000] {processor.py:650} INFO - DAG(s) dict_keys(['example_xcom']) retrieved from /home/airflow/.local/lib/python3.7/site-packages/airflow/example_dags/example_xcom.py
[2022-09-02T12:05:54.054+0000] {logging_mixin.py:115} INFO - [2022-09-02T12:05:54.053+0000] {dag.py:2429} INFO - Sync 1 DAGs
[2022-09-02T12:05:54.065+0000] {logging_mixin.py:115} INFO - [2022-09-02T12:05:54.065+0000] {dag.py:2981} INFO - Setting next_dagrun for example_xcom to 2021-01-01T00:00:00+00:00, run_after=2021-01-01T00:00:00+00:00
[2022-09-02T12:05:54.075+0000] {processor.py:161} INFO - Processing /home/airflow/.local/lib/python3.7/site-packages/airflow/example_dags/example_xcom.py took 0.083 seconds
[2022-09-02T12:06:24.823+0000] {processor.py:153} INFO - Started process (PID=7567) to work on /home/airflow/.local/lib/python3.7/site-packages/airflow/example_dags/example_xcom.py
[2022-09-02T12:06:24.825+0000] {processor.py:640} INFO - Processing file /home/airflow/.local/lib/python3.7/site-packages/airflow/example_dags/example_xcom.py for tasks to queue
[2022-09-02T12:06:24.826+0000] {logging_mixin.py:115} INFO - [2022-09-02T12:06:24.826+0000] {dagbag.py:508} INFO - Filling up the DagBag from /home/airflow/.local/lib/python3.7/site-packages/airflow/example_dags/example_xcom.py
[2022-09-02T12:06:24.837+0000] {processor.py:650} INFO - DAG(s) dict_keys(['example_xcom']) retrieved from /home/airflow/.local/lib/python3.7/site-packages/airflow/example_dags/example_xcom.py
[2022-09-02T12:06:24.881+0000] {logging_mixin.py:115} INFO - [2022-09-02T12:06:24.881+0000] {dag.py:2429} INFO - Sync 1 DAGs
[2022-09-02T12:06:24.894+0000] {logging_mixin.py:115} INFO - [2022-09-02T12:06:24.894+0000] {dag.py:2981} INFO - Setting next_dagrun for example_xcom to 2021-01-01T00:00:00+00:00, run_after=2021-01-01T00:00:00+00:00
[2022-09-02T12:06:24.905+0000] {processor.py:161} INFO - Processing /home/airflow/.local/lib/python3.7/site-packages/airflow/example_dags/example_xcom.py took 0.084 seconds
[2022-09-02T12:06:55.699+0000] {processor.py:153} INFO - Started process (PID=7763) to work on /home/airflow/.local/lib/python3.7/site-packages/airflow/example_dags/example_xcom.py
[2022-09-02T12:06:55.701+0000] {processor.py:640} INFO - Processing file /home/airflow/.local/lib/python3.7/site-packages/airflow/example_dags/example_xcom.py for tasks to queue
[2022-09-02T12:06:55.702+0000] {logging_mixin.py:115} INFO - [2022-09-02T12:06:55.702+0000] {dagbag.py:508} INFO - Filling up the DagBag from /home/airflow/.local/lib/python3.7/site-packages/airflow/example_dags/example_xcom.py
[2022-09-02T12:06:55.714+0000] {processor.py:650} INFO - DAG(s) dict_keys(['example_xcom']) retrieved from /home/airflow/.local/lib/python3.7/site-packages/airflow/example_dags/example_xcom.py
[2022-09-02T12:06:55.759+0000] {logging_mixin.py:115} INFO - [2022-09-02T12:06:55.759+0000] {dag.py:2429} INFO - Sync 1 DAGs
[2022-09-02T12:06:55.772+0000] {logging_mixin.py:115} INFO - [2022-09-02T12:06:55.772+0000] {dag.py:2981} INFO - Setting next_dagrun for example_xcom to 2021-01-01T00:00:00+00:00, run_after=2021-01-01T00:00:00+00:00
[2022-09-02T12:06:55.782+0000] {processor.py:161} INFO - Processing /home/airflow/.local/lib/python3.7/site-packages/airflow/example_dags/example_xcom.py took 0.086 seconds
[2022-09-02T12:07:26.701+0000] {processor.py:153} INFO - Started process (PID=7960) to work on /home/airflow/.local/lib/python3.7/site-packages/airflow/example_dags/example_xcom.py
[2022-09-02T12:07:26.703+0000] {processor.py:640} INFO - Processing file /home/airflow/.local/lib/python3.7/site-packages/airflow/example_dags/example_xcom.py for tasks to queue
[2022-09-02T12:07:26.704+0000] {logging_mixin.py:115} INFO - [2022-09-02T12:07:26.704+0000] {dagbag.py:508} INFO - Filling up the DagBag from /home/airflow/.local/lib/python3.7/site-packages/airflow/example_dags/example_xcom.py
[2022-09-02T12:07:26.716+0000] {processor.py:650} INFO - DAG(s) dict_keys(['example_xcom']) retrieved from /home/airflow/.local/lib/python3.7/site-packages/airflow/example_dags/example_xcom.py
[2022-09-02T12:07:26.762+0000] {logging_mixin.py:115} INFO - [2022-09-02T12:07:26.761+0000] {dag.py:2429} INFO - Sync 1 DAGs
[2022-09-02T12:07:26.774+0000] {logging_mixin.py:115} INFO - [2022-09-02T12:07:26.774+0000] {dag.py:2981} INFO - Setting next_dagrun for example_xcom to 2021-01-01T00:00:00+00:00, run_after=2021-01-01T00:00:00+00:00
[2022-09-02T12:07:26.784+0000] {processor.py:161} INFO - Processing /home/airflow/.local/lib/python3.7/site-packages/airflow/example_dags/example_xcom.py took 0.086 seconds
[2022-09-02T12:07:57.603+0000] {processor.py:153} INFO - Started process (PID=8159) to work on /home/airflow/.local/lib/python3.7/site-packages/airflow/example_dags/example_xcom.py
[2022-09-02T12:07:57.605+0000] {processor.py:640} INFO - Processing file /home/airflow/.local/lib/python3.7/site-packages/airflow/example_dags/example_xcom.py for tasks to queue
[2022-09-02T12:07:57.606+0000] {logging_mixin.py:115} INFO - [2022-09-02T12:07:57.606+0000] {dagbag.py:508} INFO - Filling up the DagBag from /home/airflow/.local/lib/python3.7/site-packages/airflow/example_dags/example_xcom.py
[2022-09-02T12:07:57.618+0000] {processor.py:650} INFO - DAG(s) dict_keys(['example_xcom']) retrieved from /home/airflow/.local/lib/python3.7/site-packages/airflow/example_dags/example_xcom.py
[2022-09-02T12:07:57.660+0000] {logging_mixin.py:115} INFO - [2022-09-02T12:07:57.660+0000] {dag.py:2429} INFO - Sync 1 DAGs
[2022-09-02T12:07:57.675+0000] {logging_mixin.py:115} INFO - [2022-09-02T12:07:57.675+0000] {dag.py:2981} INFO - Setting next_dagrun for example_xcom to 2021-01-01T00:00:00+00:00, run_after=2021-01-01T00:00:00+00:00
[2022-09-02T12:07:57.689+0000] {processor.py:161} INFO - Processing /home/airflow/.local/lib/python3.7/site-packages/airflow/example_dags/example_xcom.py took 0.087 seconds
