[2022-09-02T11:47:23.509+0000] {processor.py:153} INFO - Started process (PID=182) to work on /home/airflow/.local/lib/python3.7/site-packages/airflow/example_dags/example_short_circuit_operator.py
[2022-09-02T11:47:23.511+0000] {processor.py:640} INFO - Processing file /home/airflow/.local/lib/python3.7/site-packages/airflow/example_dags/example_short_circuit_operator.py for tasks to queue
[2022-09-02T11:47:23.512+0000] {logging_mixin.py:115} INFO - [2022-09-02T11:47:23.512+0000] {dagbag.py:508} INFO - Filling up the DagBag from /home/airflow/.local/lib/python3.7/site-packages/airflow/example_dags/example_short_circuit_operator.py
[2022-09-02T11:47:23.519+0000] {processor.py:650} INFO - DAG(s) dict_keys(['example_short_circuit_operator']) retrieved from /home/airflow/.local/lib/python3.7/site-packages/airflow/example_dags/example_short_circuit_operator.py
[2022-09-02T11:47:23.577+0000] {logging_mixin.py:115} INFO - [2022-09-02T11:47:23.577+0000] {manager.py:508} INFO - Created Permission View: can edit on DAG:example_short_circuit_operator
[2022-09-02T11:47:23.585+0000] {logging_mixin.py:115} INFO - [2022-09-02T11:47:23.585+0000] {manager.py:508} INFO - Created Permission View: can delete on DAG:example_short_circuit_operator
[2022-09-02T11:47:23.591+0000] {logging_mixin.py:115} INFO - [2022-09-02T11:47:23.590+0000] {manager.py:508} INFO - Created Permission View: can read on DAG:example_short_circuit_operator
[2022-09-02T11:47:23.592+0000] {logging_mixin.py:115} INFO - [2022-09-02T11:47:23.592+0000] {dag.py:2429} INFO - Sync 1 DAGs
[2022-09-02T11:47:23.598+0000] {logging_mixin.py:115} INFO - [2022-09-02T11:47:23.598+0000] {dag.py:2448} INFO - Creating ORM DAG for example_short_circuit_operator
[2022-09-02T11:47:23.607+0000] {logging_mixin.py:115} INFO - [2022-09-02T11:47:23.607+0000] {dag.py:2981} INFO - Setting next_dagrun for example_short_circuit_operator to 2022-09-01T11:47:23.607228+00:00, run_after=2022-09-02T11:47:23.607228+00:00
[2022-09-02T11:47:23.620+0000] {processor.py:161} INFO - Processing /home/airflow/.local/lib/python3.7/site-packages/airflow/example_dags/example_short_circuit_operator.py took 0.113 seconds
[2022-09-02T11:47:54.599+0000] {processor.py:153} INFO - Started process (PID=379) to work on /home/airflow/.local/lib/python3.7/site-packages/airflow/example_dags/example_short_circuit_operator.py
[2022-09-02T11:47:54.602+0000] {processor.py:640} INFO - Processing file /home/airflow/.local/lib/python3.7/site-packages/airflow/example_dags/example_short_circuit_operator.py for tasks to queue
[2022-09-02T11:47:54.605+0000] {logging_mixin.py:115} INFO - [2022-09-02T11:47:54.605+0000] {dagbag.py:508} INFO - Filling up the DagBag from /home/airflow/.local/lib/python3.7/site-packages/airflow/example_dags/example_short_circuit_operator.py
[2022-09-02T11:47:54.618+0000] {processor.py:650} INFO - DAG(s) dict_keys(['example_short_circuit_operator']) retrieved from /home/airflow/.local/lib/python3.7/site-packages/airflow/example_dags/example_short_circuit_operator.py
[2022-09-02T11:47:54.649+0000] {logging_mixin.py:115} INFO - [2022-09-02T11:47:54.649+0000] {dag.py:2429} INFO - Sync 1 DAGs
[2022-09-02T11:47:54.671+0000] {logging_mixin.py:115} INFO - [2022-09-02T11:47:54.671+0000] {dag.py:2981} INFO - Setting next_dagrun for example_short_circuit_operator to 2022-09-01T11:47:54.671268+00:00, run_after=2022-09-02T11:47:54.671268+00:00
[2022-09-02T11:47:54.684+0000] {processor.py:161} INFO - Processing /home/airflow/.local/lib/python3.7/site-packages/airflow/example_dags/example_short_circuit_operator.py took 0.089 seconds
[2022-09-02T11:48:24.773+0000] {processor.py:153} INFO - Started process (PID=577) to work on /home/airflow/.local/lib/python3.7/site-packages/airflow/example_dags/example_short_circuit_operator.py
[2022-09-02T11:48:24.777+0000] {processor.py:640} INFO - Processing file /home/airflow/.local/lib/python3.7/site-packages/airflow/example_dags/example_short_circuit_operator.py for tasks to queue
[2022-09-02T11:48:24.779+0000] {logging_mixin.py:115} INFO - [2022-09-02T11:48:24.779+0000] {dagbag.py:508} INFO - Filling up the DagBag from /home/airflow/.local/lib/python3.7/site-packages/airflow/example_dags/example_short_circuit_operator.py
[2022-09-02T11:48:24.792+0000] {processor.py:650} INFO - DAG(s) dict_keys(['example_short_circuit_operator']) retrieved from /home/airflow/.local/lib/python3.7/site-packages/airflow/example_dags/example_short_circuit_operator.py
[2022-09-02T11:48:24.821+0000] {logging_mixin.py:115} INFO - [2022-09-02T11:48:24.821+0000] {dag.py:2429} INFO - Sync 1 DAGs
[2022-09-02T11:48:24.844+0000] {logging_mixin.py:115} INFO - [2022-09-02T11:48:24.844+0000] {dag.py:2981} INFO - Setting next_dagrun for example_short_circuit_operator to 2022-09-01T11:48:24.844338+00:00, run_after=2022-09-02T11:48:24.844338+00:00
[2022-09-02T11:48:24.858+0000] {processor.py:161} INFO - Processing /home/airflow/.local/lib/python3.7/site-packages/airflow/example_dags/example_short_circuit_operator.py took 0.088 seconds
[2022-09-02T11:48:54.931+0000] {processor.py:153} INFO - Started process (PID=771) to work on /home/airflow/.local/lib/python3.7/site-packages/airflow/example_dags/example_short_circuit_operator.py
[2022-09-02T11:48:54.933+0000] {processor.py:640} INFO - Processing file /home/airflow/.local/lib/python3.7/site-packages/airflow/example_dags/example_short_circuit_operator.py for tasks to queue
[2022-09-02T11:48:54.934+0000] {logging_mixin.py:115} INFO - [2022-09-02T11:48:54.934+0000] {dagbag.py:508} INFO - Filling up the DagBag from /home/airflow/.local/lib/python3.7/site-packages/airflow/example_dags/example_short_circuit_operator.py
[2022-09-02T11:48:54.941+0000] {processor.py:650} INFO - DAG(s) dict_keys(['example_short_circuit_operator']) retrieved from /home/airflow/.local/lib/python3.7/site-packages/airflow/example_dags/example_short_circuit_operator.py
[2022-09-02T11:48:54.960+0000] {logging_mixin.py:115} INFO - [2022-09-02T11:48:54.960+0000] {dag.py:2429} INFO - Sync 1 DAGs
[2022-09-02T11:48:54.974+0000] {logging_mixin.py:115} INFO - [2022-09-02T11:48:54.974+0000] {dag.py:2981} INFO - Setting next_dagrun for example_short_circuit_operator to 2022-09-01T11:48:54.973977+00:00, run_after=2022-09-02T11:48:54.973977+00:00
[2022-09-02T11:48:54.984+0000] {processor.py:161} INFO - Processing /home/airflow/.local/lib/python3.7/site-packages/airflow/example_dags/example_short_circuit_operator.py took 0.056 seconds
[2022-09-02T11:49:25.744+0000] {processor.py:153} INFO - Started process (PID=961) to work on /home/airflow/.local/lib/python3.7/site-packages/airflow/example_dags/example_short_circuit_operator.py
[2022-09-02T11:49:25.748+0000] {processor.py:640} INFO - Processing file /home/airflow/.local/lib/python3.7/site-packages/airflow/example_dags/example_short_circuit_operator.py for tasks to queue
[2022-09-02T11:49:25.750+0000] {logging_mixin.py:115} INFO - [2022-09-02T11:49:25.750+0000] {dagbag.py:508} INFO - Filling up the DagBag from /home/airflow/.local/lib/python3.7/site-packages/airflow/example_dags/example_short_circuit_operator.py
[2022-09-02T11:49:25.759+0000] {processor.py:650} INFO - DAG(s) dict_keys(['example_short_circuit_operator']) retrieved from /home/airflow/.local/lib/python3.7/site-packages/airflow/example_dags/example_short_circuit_operator.py
[2022-09-02T11:49:25.782+0000] {logging_mixin.py:115} INFO - [2022-09-02T11:49:25.782+0000] {dag.py:2429} INFO - Sync 1 DAGs
[2022-09-02T11:49:25.796+0000] {logging_mixin.py:115} INFO - [2022-09-02T11:49:25.796+0000] {dag.py:2981} INFO - Setting next_dagrun for example_short_circuit_operator to 2022-09-01T11:49:25.796351+00:00, run_after=2022-09-02T11:49:25.796351+00:00
[2022-09-02T11:49:25.805+0000] {processor.py:161} INFO - Processing /home/airflow/.local/lib/python3.7/site-packages/airflow/example_dags/example_short_circuit_operator.py took 0.066 seconds
[2022-09-02T11:49:56.643+0000] {processor.py:153} INFO - Started process (PID=1158) to work on /home/airflow/.local/lib/python3.7/site-packages/airflow/example_dags/example_short_circuit_operator.py
[2022-09-02T11:49:56.645+0000] {processor.py:640} INFO - Processing file /home/airflow/.local/lib/python3.7/site-packages/airflow/example_dags/example_short_circuit_operator.py for tasks to queue
[2022-09-02T11:49:56.648+0000] {logging_mixin.py:115} INFO - [2022-09-02T11:49:56.648+0000] {dagbag.py:508} INFO - Filling up the DagBag from /home/airflow/.local/lib/python3.7/site-packages/airflow/example_dags/example_short_circuit_operator.py
[2022-09-02T11:49:56.656+0000] {processor.py:650} INFO - DAG(s) dict_keys(['example_short_circuit_operator']) retrieved from /home/airflow/.local/lib/python3.7/site-packages/airflow/example_dags/example_short_circuit_operator.py
[2022-09-02T11:49:56.675+0000] {logging_mixin.py:115} INFO - [2022-09-02T11:49:56.675+0000] {dag.py:2429} INFO - Sync 1 DAGs
[2022-09-02T11:49:56.690+0000] {logging_mixin.py:115} INFO - [2022-09-02T11:49:56.689+0000] {dag.py:2981} INFO - Setting next_dagrun for example_short_circuit_operator to 2022-09-01T11:49:56.689808+00:00, run_after=2022-09-02T11:49:56.689808+00:00
[2022-09-02T11:49:56.699+0000] {processor.py:161} INFO - Processing /home/airflow/.local/lib/python3.7/site-packages/airflow/example_dags/example_short_circuit_operator.py took 0.060 seconds
[2022-09-02T11:50:27.432+0000] {processor.py:153} INFO - Started process (PID=1355) to work on /home/airflow/.local/lib/python3.7/site-packages/airflow/example_dags/example_short_circuit_operator.py
[2022-09-02T11:50:27.434+0000] {processor.py:640} INFO - Processing file /home/airflow/.local/lib/python3.7/site-packages/airflow/example_dags/example_short_circuit_operator.py for tasks to queue
[2022-09-02T11:50:27.436+0000] {logging_mixin.py:115} INFO - [2022-09-02T11:50:27.436+0000] {dagbag.py:508} INFO - Filling up the DagBag from /home/airflow/.local/lib/python3.7/site-packages/airflow/example_dags/example_short_circuit_operator.py
[2022-09-02T11:50:27.444+0000] {processor.py:650} INFO - DAG(s) dict_keys(['example_short_circuit_operator']) retrieved from /home/airflow/.local/lib/python3.7/site-packages/airflow/example_dags/example_short_circuit_operator.py
[2022-09-02T11:50:27.464+0000] {logging_mixin.py:115} INFO - [2022-09-02T11:50:27.464+0000] {dag.py:2429} INFO - Sync 1 DAGs
[2022-09-02T11:50:27.477+0000] {logging_mixin.py:115} INFO - [2022-09-02T11:50:27.477+0000] {dag.py:2981} INFO - Setting next_dagrun for example_short_circuit_operator to 2022-09-01T11:50:27.477436+00:00, run_after=2022-09-02T11:50:27.477436+00:00
[2022-09-02T11:50:27.486+0000] {processor.py:161} INFO - Processing /home/airflow/.local/lib/python3.7/site-packages/airflow/example_dags/example_short_circuit_operator.py took 0.059 seconds
[2022-09-02T11:50:58.193+0000] {processor.py:153} INFO - Started process (PID=1554) to work on /home/airflow/.local/lib/python3.7/site-packages/airflow/example_dags/example_short_circuit_operator.py
[2022-09-02T11:50:58.195+0000] {processor.py:640} INFO - Processing file /home/airflow/.local/lib/python3.7/site-packages/airflow/example_dags/example_short_circuit_operator.py for tasks to queue
[2022-09-02T11:50:58.196+0000] {logging_mixin.py:115} INFO - [2022-09-02T11:50:58.196+0000] {dagbag.py:508} INFO - Filling up the DagBag from /home/airflow/.local/lib/python3.7/site-packages/airflow/example_dags/example_short_circuit_operator.py
[2022-09-02T11:50:58.202+0000] {processor.py:650} INFO - DAG(s) dict_keys(['example_short_circuit_operator']) retrieved from /home/airflow/.local/lib/python3.7/site-packages/airflow/example_dags/example_short_circuit_operator.py
[2022-09-02T11:50:58.221+0000] {logging_mixin.py:115} INFO - [2022-09-02T11:50:58.221+0000] {dag.py:2429} INFO - Sync 1 DAGs
[2022-09-02T11:50:58.234+0000] {logging_mixin.py:115} INFO - [2022-09-02T11:50:58.234+0000] {dag.py:2981} INFO - Setting next_dagrun for example_short_circuit_operator to 2022-09-01T11:50:58.233879+00:00, run_after=2022-09-02T11:50:58.233879+00:00
[2022-09-02T11:50:58.243+0000] {processor.py:161} INFO - Processing /home/airflow/.local/lib/python3.7/site-packages/airflow/example_dags/example_short_circuit_operator.py took 0.052 seconds
[2022-09-02T11:51:28.937+0000] {processor.py:153} INFO - Started process (PID=1752) to work on /home/airflow/.local/lib/python3.7/site-packages/airflow/example_dags/example_short_circuit_operator.py
[2022-09-02T11:51:28.941+0000] {processor.py:640} INFO - Processing file /home/airflow/.local/lib/python3.7/site-packages/airflow/example_dags/example_short_circuit_operator.py for tasks to queue
[2022-09-02T11:51:28.942+0000] {logging_mixin.py:115} INFO - [2022-09-02T11:51:28.942+0000] {dagbag.py:508} INFO - Filling up the DagBag from /home/airflow/.local/lib/python3.7/site-packages/airflow/example_dags/example_short_circuit_operator.py
[2022-09-02T11:51:28.950+0000] {processor.py:650} INFO - DAG(s) dict_keys(['example_short_circuit_operator']) retrieved from /home/airflow/.local/lib/python3.7/site-packages/airflow/example_dags/example_short_circuit_operator.py
[2022-09-02T11:51:28.971+0000] {logging_mixin.py:115} INFO - [2022-09-02T11:51:28.971+0000] {dag.py:2429} INFO - Sync 1 DAGs
[2022-09-02T11:51:28.984+0000] {logging_mixin.py:115} INFO - [2022-09-02T11:51:28.984+0000] {dag.py:2981} INFO - Setting next_dagrun for example_short_circuit_operator to 2022-09-01T11:51:28.984747+00:00, run_after=2022-09-02T11:51:28.984747+00:00
[2022-09-02T11:51:28.994+0000] {processor.py:161} INFO - Processing /home/airflow/.local/lib/python3.7/site-packages/airflow/example_dags/example_short_circuit_operator.py took 0.060 seconds
[2022-09-02T11:51:59.701+0000] {processor.py:153} INFO - Started process (PID=1949) to work on /home/airflow/.local/lib/python3.7/site-packages/airflow/example_dags/example_short_circuit_operator.py
[2022-09-02T11:51:59.703+0000] {processor.py:640} INFO - Processing file /home/airflow/.local/lib/python3.7/site-packages/airflow/example_dags/example_short_circuit_operator.py for tasks to queue
[2022-09-02T11:51:59.705+0000] {logging_mixin.py:115} INFO - [2022-09-02T11:51:59.704+0000] {dagbag.py:508} INFO - Filling up the DagBag from /home/airflow/.local/lib/python3.7/site-packages/airflow/example_dags/example_short_circuit_operator.py
[2022-09-02T11:51:59.713+0000] {processor.py:650} INFO - DAG(s) dict_keys(['example_short_circuit_operator']) retrieved from /home/airflow/.local/lib/python3.7/site-packages/airflow/example_dags/example_short_circuit_operator.py
[2022-09-02T11:51:59.739+0000] {logging_mixin.py:115} INFO - [2022-09-02T11:51:59.739+0000] {dag.py:2429} INFO - Sync 1 DAGs
[2022-09-02T11:51:59.754+0000] {logging_mixin.py:115} INFO - [2022-09-02T11:51:59.754+0000] {dag.py:2981} INFO - Setting next_dagrun for example_short_circuit_operator to 2022-09-01T11:51:59.754613+00:00, run_after=2022-09-02T11:51:59.754613+00:00
[2022-09-02T11:51:59.765+0000] {processor.py:161} INFO - Processing /home/airflow/.local/lib/python3.7/site-packages/airflow/example_dags/example_short_circuit_operator.py took 0.067 seconds
[2022-09-02T11:52:30.736+0000] {processor.py:153} INFO - Started process (PID=2137) to work on /home/airflow/.local/lib/python3.7/site-packages/airflow/example_dags/example_short_circuit_operator.py
[2022-09-02T11:52:30.739+0000] {processor.py:640} INFO - Processing file /home/airflow/.local/lib/python3.7/site-packages/airflow/example_dags/example_short_circuit_operator.py for tasks to queue
[2022-09-02T11:52:30.741+0000] {logging_mixin.py:115} INFO - [2022-09-02T11:52:30.740+0000] {dagbag.py:508} INFO - Filling up the DagBag from /home/airflow/.local/lib/python3.7/site-packages/airflow/example_dags/example_short_circuit_operator.py
[2022-09-02T11:52:30.751+0000] {processor.py:650} INFO - DAG(s) dict_keys(['example_short_circuit_operator']) retrieved from /home/airflow/.local/lib/python3.7/site-packages/airflow/example_dags/example_short_circuit_operator.py
[2022-09-02T11:52:30.773+0000] {logging_mixin.py:115} INFO - [2022-09-02T11:52:30.773+0000] {dag.py:2429} INFO - Sync 1 DAGs
[2022-09-02T11:52:30.788+0000] {logging_mixin.py:115} INFO - [2022-09-02T11:52:30.788+0000] {dag.py:2981} INFO - Setting next_dagrun for example_short_circuit_operator to 2022-09-01T11:52:30.788171+00:00, run_after=2022-09-02T11:52:30.788171+00:00
[2022-09-02T11:52:30.796+0000] {processor.py:161} INFO - Processing /home/airflow/.local/lib/python3.7/site-packages/airflow/example_dags/example_short_circuit_operator.py took 0.064 seconds
[2022-09-02T11:53:01.420+0000] {processor.py:153} INFO - Started process (PID=2335) to work on /home/airflow/.local/lib/python3.7/site-packages/airflow/example_dags/example_short_circuit_operator.py
[2022-09-02T11:53:01.421+0000] {processor.py:640} INFO - Processing file /home/airflow/.local/lib/python3.7/site-packages/airflow/example_dags/example_short_circuit_operator.py for tasks to queue
[2022-09-02T11:53:01.423+0000] {logging_mixin.py:115} INFO - [2022-09-02T11:53:01.423+0000] {dagbag.py:508} INFO - Filling up the DagBag from /home/airflow/.local/lib/python3.7/site-packages/airflow/example_dags/example_short_circuit_operator.py
[2022-09-02T11:53:01.430+0000] {processor.py:650} INFO - DAG(s) dict_keys(['example_short_circuit_operator']) retrieved from /home/airflow/.local/lib/python3.7/site-packages/airflow/example_dags/example_short_circuit_operator.py
[2022-09-02T11:53:01.449+0000] {logging_mixin.py:115} INFO - [2022-09-02T11:53:01.449+0000] {dag.py:2429} INFO - Sync 1 DAGs
[2022-09-02T11:53:01.466+0000] {logging_mixin.py:115} INFO - [2022-09-02T11:53:01.466+0000] {dag.py:2981} INFO - Setting next_dagrun for example_short_circuit_operator to 2022-09-01T11:53:01.466576+00:00, run_after=2022-09-02T11:53:01.466576+00:00
[2022-09-02T11:53:01.474+0000] {processor.py:161} INFO - Processing /home/airflow/.local/lib/python3.7/site-packages/airflow/example_dags/example_short_circuit_operator.py took 0.057 seconds
[2022-09-02T11:53:32.196+0000] {processor.py:153} INFO - Started process (PID=2533) to work on /home/airflow/.local/lib/python3.7/site-packages/airflow/example_dags/example_short_circuit_operator.py
[2022-09-02T11:53:32.200+0000] {processor.py:640} INFO - Processing file /home/airflow/.local/lib/python3.7/site-packages/airflow/example_dags/example_short_circuit_operator.py for tasks to queue
[2022-09-02T11:53:32.202+0000] {logging_mixin.py:115} INFO - [2022-09-02T11:53:32.202+0000] {dagbag.py:508} INFO - Filling up the DagBag from /home/airflow/.local/lib/python3.7/site-packages/airflow/example_dags/example_short_circuit_operator.py
[2022-09-02T11:53:32.211+0000] {processor.py:650} INFO - DAG(s) dict_keys(['example_short_circuit_operator']) retrieved from /home/airflow/.local/lib/python3.7/site-packages/airflow/example_dags/example_short_circuit_operator.py
[2022-09-02T11:53:32.233+0000] {logging_mixin.py:115} INFO - [2022-09-02T11:53:32.233+0000] {dag.py:2429} INFO - Sync 1 DAGs
[2022-09-02T11:53:32.248+0000] {logging_mixin.py:115} INFO - [2022-09-02T11:53:32.248+0000] {dag.py:2981} INFO - Setting next_dagrun for example_short_circuit_operator to 2022-09-01T11:53:32.248146+00:00, run_after=2022-09-02T11:53:32.248146+00:00
[2022-09-02T11:53:32.256+0000] {processor.py:161} INFO - Processing /home/airflow/.local/lib/python3.7/site-packages/airflow/example_dags/example_short_circuit_operator.py took 0.069 seconds
[2022-09-02T11:54:03.017+0000] {processor.py:153} INFO - Started process (PID=2730) to work on /home/airflow/.local/lib/python3.7/site-packages/airflow/example_dags/example_short_circuit_operator.py
[2022-09-02T11:54:03.020+0000] {processor.py:640} INFO - Processing file /home/airflow/.local/lib/python3.7/site-packages/airflow/example_dags/example_short_circuit_operator.py for tasks to queue
[2022-09-02T11:54:03.023+0000] {logging_mixin.py:115} INFO - [2022-09-02T11:54:03.023+0000] {dagbag.py:508} INFO - Filling up the DagBag from /home/airflow/.local/lib/python3.7/site-packages/airflow/example_dags/example_short_circuit_operator.py
[2022-09-02T11:54:03.032+0000] {processor.py:650} INFO - DAG(s) dict_keys(['example_short_circuit_operator']) retrieved from /home/airflow/.local/lib/python3.7/site-packages/airflow/example_dags/example_short_circuit_operator.py
[2022-09-02T11:54:03.051+0000] {logging_mixin.py:115} INFO - [2022-09-02T11:54:03.051+0000] {dag.py:2429} INFO - Sync 1 DAGs
[2022-09-02T11:54:03.067+0000] {logging_mixin.py:115} INFO - [2022-09-02T11:54:03.067+0000] {dag.py:2981} INFO - Setting next_dagrun for example_short_circuit_operator to 2022-09-01T11:54:03.067453+00:00, run_after=2022-09-02T11:54:03.067453+00:00
[2022-09-02T11:54:03.077+0000] {processor.py:161} INFO - Processing /home/airflow/.local/lib/python3.7/site-packages/airflow/example_dags/example_short_circuit_operator.py took 0.065 seconds
[2022-09-02T11:54:33.818+0000] {processor.py:153} INFO - Started process (PID=2926) to work on /home/airflow/.local/lib/python3.7/site-packages/airflow/example_dags/example_short_circuit_operator.py
[2022-09-02T11:54:33.820+0000] {processor.py:640} INFO - Processing file /home/airflow/.local/lib/python3.7/site-packages/airflow/example_dags/example_short_circuit_operator.py for tasks to queue
[2022-09-02T11:54:33.822+0000] {logging_mixin.py:115} INFO - [2022-09-02T11:54:33.822+0000] {dagbag.py:508} INFO - Filling up the DagBag from /home/airflow/.local/lib/python3.7/site-packages/airflow/example_dags/example_short_circuit_operator.py
[2022-09-02T11:54:33.831+0000] {processor.py:650} INFO - DAG(s) dict_keys(['example_short_circuit_operator']) retrieved from /home/airflow/.local/lib/python3.7/site-packages/airflow/example_dags/example_short_circuit_operator.py
[2022-09-02T11:54:33.852+0000] {logging_mixin.py:115} INFO - [2022-09-02T11:54:33.852+0000] {dag.py:2429} INFO - Sync 1 DAGs
[2022-09-02T11:54:33.867+0000] {logging_mixin.py:115} INFO - [2022-09-02T11:54:33.867+0000] {dag.py:2981} INFO - Setting next_dagrun for example_short_circuit_operator to 2022-09-01T11:54:33.867405+00:00, run_after=2022-09-02T11:54:33.867405+00:00
[2022-09-02T11:54:33.875+0000] {processor.py:161} INFO - Processing /home/airflow/.local/lib/python3.7/site-packages/airflow/example_dags/example_short_circuit_operator.py took 0.061 seconds
[2022-09-02T11:55:04.537+0000] {processor.py:153} INFO - Started process (PID=3124) to work on /home/airflow/.local/lib/python3.7/site-packages/airflow/example_dags/example_short_circuit_operator.py
[2022-09-02T11:55:04.539+0000] {processor.py:640} INFO - Processing file /home/airflow/.local/lib/python3.7/site-packages/airflow/example_dags/example_short_circuit_operator.py for tasks to queue
[2022-09-02T11:55:04.540+0000] {logging_mixin.py:115} INFO - [2022-09-02T11:55:04.540+0000] {dagbag.py:508} INFO - Filling up the DagBag from /home/airflow/.local/lib/python3.7/site-packages/airflow/example_dags/example_short_circuit_operator.py
[2022-09-02T11:55:04.550+0000] {processor.py:650} INFO - DAG(s) dict_keys(['example_short_circuit_operator']) retrieved from /home/airflow/.local/lib/python3.7/site-packages/airflow/example_dags/example_short_circuit_operator.py
[2022-09-02T11:55:04.571+0000] {logging_mixin.py:115} INFO - [2022-09-02T11:55:04.571+0000] {dag.py:2429} INFO - Sync 1 DAGs
[2022-09-02T11:55:04.586+0000] {logging_mixin.py:115} INFO - [2022-09-02T11:55:04.585+0000] {dag.py:2981} INFO - Setting next_dagrun for example_short_circuit_operator to 2022-09-01T11:55:04.585822+00:00, run_after=2022-09-02T11:55:04.585822+00:00
[2022-09-02T11:55:04.593+0000] {processor.py:161} INFO - Processing /home/airflow/.local/lib/python3.7/site-packages/airflow/example_dags/example_short_circuit_operator.py took 0.060 seconds
[2022-09-02T11:55:35.357+0000] {processor.py:153} INFO - Started process (PID=3322) to work on /home/airflow/.local/lib/python3.7/site-packages/airflow/example_dags/example_short_circuit_operator.py
[2022-09-02T11:55:35.376+0000] {processor.py:640} INFO - Processing file /home/airflow/.local/lib/python3.7/site-packages/airflow/example_dags/example_short_circuit_operator.py for tasks to queue
[2022-09-02T11:55:35.398+0000] {logging_mixin.py:115} INFO - [2022-09-02T11:55:35.398+0000] {dagbag.py:508} INFO - Filling up the DagBag from /home/airflow/.local/lib/python3.7/site-packages/airflow/example_dags/example_short_circuit_operator.py
[2022-09-02T11:55:35.405+0000] {processor.py:650} INFO - DAG(s) dict_keys(['example_short_circuit_operator']) retrieved from /home/airflow/.local/lib/python3.7/site-packages/airflow/example_dags/example_short_circuit_operator.py
[2022-09-02T11:55:35.437+0000] {logging_mixin.py:115} INFO - [2022-09-02T11:55:35.437+0000] {dag.py:2429} INFO - Sync 1 DAGs
[2022-09-02T11:55:35.461+0000] {logging_mixin.py:115} INFO - [2022-09-02T11:55:35.460+0000] {dag.py:2981} INFO - Setting next_dagrun for example_short_circuit_operator to 2022-09-01T11:55:35.460780+00:00, run_after=2022-09-02T11:55:35.460780+00:00
[2022-09-02T11:55:35.471+0000] {processor.py:161} INFO - Processing /home/airflow/.local/lib/python3.7/site-packages/airflow/example_dags/example_short_circuit_operator.py took 0.118 seconds
[2022-09-02T11:56:06.153+0000] {processor.py:153} INFO - Started process (PID=3509) to work on /home/airflow/.local/lib/python3.7/site-packages/airflow/example_dags/example_short_circuit_operator.py
[2022-09-02T11:56:06.156+0000] {processor.py:640} INFO - Processing file /home/airflow/.local/lib/python3.7/site-packages/airflow/example_dags/example_short_circuit_operator.py for tasks to queue
[2022-09-02T11:56:06.158+0000] {logging_mixin.py:115} INFO - [2022-09-02T11:56:06.158+0000] {dagbag.py:508} INFO - Filling up the DagBag from /home/airflow/.local/lib/python3.7/site-packages/airflow/example_dags/example_short_circuit_operator.py
[2022-09-02T11:56:06.169+0000] {processor.py:650} INFO - DAG(s) dict_keys(['example_short_circuit_operator']) retrieved from /home/airflow/.local/lib/python3.7/site-packages/airflow/example_dags/example_short_circuit_operator.py
[2022-09-02T11:56:06.192+0000] {logging_mixin.py:115} INFO - [2022-09-02T11:56:06.192+0000] {dag.py:2429} INFO - Sync 1 DAGs
[2022-09-02T11:56:06.208+0000] {logging_mixin.py:115} INFO - [2022-09-02T11:56:06.208+0000] {dag.py:2981} INFO - Setting next_dagrun for example_short_circuit_operator to 2022-09-01T11:56:06.208416+00:00, run_after=2022-09-02T11:56:06.208416+00:00
[2022-09-02T11:56:06.216+0000] {processor.py:161} INFO - Processing /home/airflow/.local/lib/python3.7/site-packages/airflow/example_dags/example_short_circuit_operator.py took 0.067 seconds
[2022-09-02T11:56:37.099+0000] {processor.py:153} INFO - Started process (PID=3705) to work on /home/airflow/.local/lib/python3.7/site-packages/airflow/example_dags/example_short_circuit_operator.py
[2022-09-02T11:56:37.102+0000] {processor.py:640} INFO - Processing file /home/airflow/.local/lib/python3.7/site-packages/airflow/example_dags/example_short_circuit_operator.py for tasks to queue
[2022-09-02T11:56:37.103+0000] {logging_mixin.py:115} INFO - [2022-09-02T11:56:37.103+0000] {dagbag.py:508} INFO - Filling up the DagBag from /home/airflow/.local/lib/python3.7/site-packages/airflow/example_dags/example_short_circuit_operator.py
[2022-09-02T11:56:37.112+0000] {processor.py:650} INFO - DAG(s) dict_keys(['example_short_circuit_operator']) retrieved from /home/airflow/.local/lib/python3.7/site-packages/airflow/example_dags/example_short_circuit_operator.py
[2022-09-02T11:56:37.132+0000] {logging_mixin.py:115} INFO - [2022-09-02T11:56:37.132+0000] {dag.py:2429} INFO - Sync 1 DAGs
[2022-09-02T11:56:37.148+0000] {logging_mixin.py:115} INFO - [2022-09-02T11:56:37.148+0000] {dag.py:2981} INFO - Setting next_dagrun for example_short_circuit_operator to 2022-09-01T11:56:37.148168+00:00, run_after=2022-09-02T11:56:37.148168+00:00
[2022-09-02T11:56:37.157+0000] {processor.py:161} INFO - Processing /home/airflow/.local/lib/python3.7/site-packages/airflow/example_dags/example_short_circuit_operator.py took 0.060 seconds
[2022-09-02T11:57:07.869+0000] {processor.py:153} INFO - Started process (PID=3902) to work on /home/airflow/.local/lib/python3.7/site-packages/airflow/example_dags/example_short_circuit_operator.py
[2022-09-02T11:57:07.872+0000] {processor.py:640} INFO - Processing file /home/airflow/.local/lib/python3.7/site-packages/airflow/example_dags/example_short_circuit_operator.py for tasks to queue
[2022-09-02T11:57:07.874+0000] {logging_mixin.py:115} INFO - [2022-09-02T11:57:07.874+0000] {dagbag.py:508} INFO - Filling up the DagBag from /home/airflow/.local/lib/python3.7/site-packages/airflow/example_dags/example_short_circuit_operator.py
[2022-09-02T11:57:07.883+0000] {processor.py:650} INFO - DAG(s) dict_keys(['example_short_circuit_operator']) retrieved from /home/airflow/.local/lib/python3.7/site-packages/airflow/example_dags/example_short_circuit_operator.py
[2022-09-02T11:57:07.908+0000] {logging_mixin.py:115} INFO - [2022-09-02T11:57:07.908+0000] {dag.py:2429} INFO - Sync 1 DAGs
[2022-09-02T11:57:07.924+0000] {logging_mixin.py:115} INFO - [2022-09-02T11:57:07.924+0000] {dag.py:2981} INFO - Setting next_dagrun for example_short_circuit_operator to 2022-09-01T11:57:07.923987+00:00, run_after=2022-09-02T11:57:07.923987+00:00
[2022-09-02T11:57:07.931+0000] {processor.py:161} INFO - Processing /home/airflow/.local/lib/python3.7/site-packages/airflow/example_dags/example_short_circuit_operator.py took 0.068 seconds
[2022-09-02T11:57:38.735+0000] {processor.py:153} INFO - Started process (PID=4097) to work on /home/airflow/.local/lib/python3.7/site-packages/airflow/example_dags/example_short_circuit_operator.py
[2022-09-02T11:57:38.738+0000] {processor.py:640} INFO - Processing file /home/airflow/.local/lib/python3.7/site-packages/airflow/example_dags/example_short_circuit_operator.py for tasks to queue
[2022-09-02T11:57:38.740+0000] {logging_mixin.py:115} INFO - [2022-09-02T11:57:38.739+0000] {dagbag.py:508} INFO - Filling up the DagBag from /home/airflow/.local/lib/python3.7/site-packages/airflow/example_dags/example_short_circuit_operator.py
[2022-09-02T11:57:38.748+0000] {processor.py:650} INFO - DAG(s) dict_keys(['example_short_circuit_operator']) retrieved from /home/airflow/.local/lib/python3.7/site-packages/airflow/example_dags/example_short_circuit_operator.py
[2022-09-02T11:57:38.767+0000] {logging_mixin.py:115} INFO - [2022-09-02T11:57:38.767+0000] {dag.py:2429} INFO - Sync 1 DAGs
[2022-09-02T11:57:38.783+0000] {logging_mixin.py:115} INFO - [2022-09-02T11:57:38.782+0000] {dag.py:2981} INFO - Setting next_dagrun for example_short_circuit_operator to 2022-09-01T11:57:38.782752+00:00, run_after=2022-09-02T11:57:38.782752+00:00
[2022-09-02T11:57:38.791+0000] {processor.py:161} INFO - Processing /home/airflow/.local/lib/python3.7/site-packages/airflow/example_dags/example_short_circuit_operator.py took 0.061 seconds
[2022-09-02T11:58:09.550+0000] {processor.py:153} INFO - Started process (PID=4294) to work on /home/airflow/.local/lib/python3.7/site-packages/airflow/example_dags/example_short_circuit_operator.py
[2022-09-02T11:58:09.553+0000] {processor.py:640} INFO - Processing file /home/airflow/.local/lib/python3.7/site-packages/airflow/example_dags/example_short_circuit_operator.py for tasks to queue
[2022-09-02T11:58:09.556+0000] {logging_mixin.py:115} INFO - [2022-09-02T11:58:09.555+0000] {dagbag.py:508} INFO - Filling up the DagBag from /home/airflow/.local/lib/python3.7/site-packages/airflow/example_dags/example_short_circuit_operator.py
[2022-09-02T11:58:09.565+0000] {processor.py:650} INFO - DAG(s) dict_keys(['example_short_circuit_operator']) retrieved from /home/airflow/.local/lib/python3.7/site-packages/airflow/example_dags/example_short_circuit_operator.py
[2022-09-02T11:58:09.584+0000] {logging_mixin.py:115} INFO - [2022-09-02T11:58:09.583+0000] {dag.py:2429} INFO - Sync 1 DAGs
[2022-09-02T11:58:09.599+0000] {logging_mixin.py:115} INFO - [2022-09-02T11:58:09.599+0000] {dag.py:2981} INFO - Setting next_dagrun for example_short_circuit_operator to 2022-09-01T11:58:09.599314+00:00, run_after=2022-09-02T11:58:09.599314+00:00
[2022-09-02T11:58:09.608+0000] {processor.py:161} INFO - Processing /home/airflow/.local/lib/python3.7/site-packages/airflow/example_dags/example_short_circuit_operator.py took 0.062 seconds
[2022-09-02T11:58:40.409+0000] {processor.py:153} INFO - Started process (PID=4491) to work on /home/airflow/.local/lib/python3.7/site-packages/airflow/example_dags/example_short_circuit_operator.py
[2022-09-02T11:58:40.411+0000] {processor.py:640} INFO - Processing file /home/airflow/.local/lib/python3.7/site-packages/airflow/example_dags/example_short_circuit_operator.py for tasks to queue
[2022-09-02T11:58:40.413+0000] {logging_mixin.py:115} INFO - [2022-09-02T11:58:40.413+0000] {dagbag.py:508} INFO - Filling up the DagBag from /home/airflow/.local/lib/python3.7/site-packages/airflow/example_dags/example_short_circuit_operator.py
[2022-09-02T11:58:40.422+0000] {processor.py:650} INFO - DAG(s) dict_keys(['example_short_circuit_operator']) retrieved from /home/airflow/.local/lib/python3.7/site-packages/airflow/example_dags/example_short_circuit_operator.py
[2022-09-02T11:58:40.442+0000] {logging_mixin.py:115} INFO - [2022-09-02T11:58:40.442+0000] {dag.py:2429} INFO - Sync 1 DAGs
[2022-09-02T11:58:40.456+0000] {logging_mixin.py:115} INFO - [2022-09-02T11:58:40.456+0000] {dag.py:2981} INFO - Setting next_dagrun for example_short_circuit_operator to 2022-09-01T11:58:40.456575+00:00, run_after=2022-09-02T11:58:40.456575+00:00
[2022-09-02T11:58:40.465+0000] {processor.py:161} INFO - Processing /home/airflow/.local/lib/python3.7/site-packages/airflow/example_dags/example_short_circuit_operator.py took 0.060 seconds
[2022-09-02T11:59:11.341+0000] {processor.py:153} INFO - Started process (PID=4679) to work on /home/airflow/.local/lib/python3.7/site-packages/airflow/example_dags/example_short_circuit_operator.py
[2022-09-02T11:59:11.344+0000] {processor.py:640} INFO - Processing file /home/airflow/.local/lib/python3.7/site-packages/airflow/example_dags/example_short_circuit_operator.py for tasks to queue
[2022-09-02T11:59:11.346+0000] {logging_mixin.py:115} INFO - [2022-09-02T11:59:11.346+0000] {dagbag.py:508} INFO - Filling up the DagBag from /home/airflow/.local/lib/python3.7/site-packages/airflow/example_dags/example_short_circuit_operator.py
[2022-09-02T11:59:11.355+0000] {processor.py:650} INFO - DAG(s) dict_keys(['example_short_circuit_operator']) retrieved from /home/airflow/.local/lib/python3.7/site-packages/airflow/example_dags/example_short_circuit_operator.py
[2022-09-02T11:59:11.384+0000] {logging_mixin.py:115} INFO - [2022-09-02T11:59:11.384+0000] {dag.py:2429} INFO - Sync 1 DAGs
[2022-09-02T11:59:11.399+0000] {logging_mixin.py:115} INFO - [2022-09-02T11:59:11.399+0000] {dag.py:2981} INFO - Setting next_dagrun for example_short_circuit_operator to 2022-09-01T11:59:11.399332+00:00, run_after=2022-09-02T11:59:11.399332+00:00
[2022-09-02T11:59:11.408+0000] {processor.py:161} INFO - Processing /home/airflow/.local/lib/python3.7/site-packages/airflow/example_dags/example_short_circuit_operator.py took 0.072 seconds
[2022-09-02T11:59:42.108+0000] {processor.py:153} INFO - Started process (PID=4876) to work on /home/airflow/.local/lib/python3.7/site-packages/airflow/example_dags/example_short_circuit_operator.py
[2022-09-02T11:59:42.111+0000] {processor.py:640} INFO - Processing file /home/airflow/.local/lib/python3.7/site-packages/airflow/example_dags/example_short_circuit_operator.py for tasks to queue
[2022-09-02T11:59:42.113+0000] {logging_mixin.py:115} INFO - [2022-09-02T11:59:42.113+0000] {dagbag.py:508} INFO - Filling up the DagBag from /home/airflow/.local/lib/python3.7/site-packages/airflow/example_dags/example_short_circuit_operator.py
[2022-09-02T11:59:42.120+0000] {processor.py:650} INFO - DAG(s) dict_keys(['example_short_circuit_operator']) retrieved from /home/airflow/.local/lib/python3.7/site-packages/airflow/example_dags/example_short_circuit_operator.py
[2022-09-02T11:59:42.144+0000] {logging_mixin.py:115} INFO - [2022-09-02T11:59:42.144+0000] {dag.py:2429} INFO - Sync 1 DAGs
[2022-09-02T11:59:42.161+0000] {logging_mixin.py:115} INFO - [2022-09-02T11:59:42.161+0000] {dag.py:2981} INFO - Setting next_dagrun for example_short_circuit_operator to 2022-09-01T11:59:42.161163+00:00, run_after=2022-09-02T11:59:42.161163+00:00
[2022-09-02T11:59:42.170+0000] {processor.py:161} INFO - Processing /home/airflow/.local/lib/python3.7/site-packages/airflow/example_dags/example_short_circuit_operator.py took 0.065 seconds
[2022-09-02T12:00:13.052+0000] {processor.py:153} INFO - Started process (PID=5073) to work on /home/airflow/.local/lib/python3.7/site-packages/airflow/example_dags/example_short_circuit_operator.py
[2022-09-02T12:00:13.054+0000] {processor.py:640} INFO - Processing file /home/airflow/.local/lib/python3.7/site-packages/airflow/example_dags/example_short_circuit_operator.py for tasks to queue
[2022-09-02T12:00:13.056+0000] {logging_mixin.py:115} INFO - [2022-09-02T12:00:13.056+0000] {dagbag.py:508} INFO - Filling up the DagBag from /home/airflow/.local/lib/python3.7/site-packages/airflow/example_dags/example_short_circuit_operator.py
[2022-09-02T12:00:13.063+0000] {processor.py:650} INFO - DAG(s) dict_keys(['example_short_circuit_operator']) retrieved from /home/airflow/.local/lib/python3.7/site-packages/airflow/example_dags/example_short_circuit_operator.py
[2022-09-02T12:00:13.084+0000] {logging_mixin.py:115} INFO - [2022-09-02T12:00:13.083+0000] {dag.py:2429} INFO - Sync 1 DAGs
[2022-09-02T12:00:13.100+0000] {logging_mixin.py:115} INFO - [2022-09-02T12:00:13.100+0000] {dag.py:2981} INFO - Setting next_dagrun for example_short_circuit_operator to 2022-09-01T12:00:13.099965+00:00, run_after=2022-09-02T12:00:13.099965+00:00
[2022-09-02T12:00:13.107+0000] {processor.py:161} INFO - Processing /home/airflow/.local/lib/python3.7/site-packages/airflow/example_dags/example_short_circuit_operator.py took 0.059 seconds
[2022-09-02T12:00:43.845+0000] {processor.py:153} INFO - Started process (PID=5270) to work on /home/airflow/.local/lib/python3.7/site-packages/airflow/example_dags/example_short_circuit_operator.py
[2022-09-02T12:00:43.847+0000] {processor.py:640} INFO - Processing file /home/airflow/.local/lib/python3.7/site-packages/airflow/example_dags/example_short_circuit_operator.py for tasks to queue
[2022-09-02T12:00:43.849+0000] {logging_mixin.py:115} INFO - [2022-09-02T12:00:43.849+0000] {dagbag.py:508} INFO - Filling up the DagBag from /home/airflow/.local/lib/python3.7/site-packages/airflow/example_dags/example_short_circuit_operator.py
[2022-09-02T12:00:43.857+0000] {processor.py:650} INFO - DAG(s) dict_keys(['example_short_circuit_operator']) retrieved from /home/airflow/.local/lib/python3.7/site-packages/airflow/example_dags/example_short_circuit_operator.py
[2022-09-02T12:00:43.879+0000] {logging_mixin.py:115} INFO - [2022-09-02T12:00:43.879+0000] {dag.py:2429} INFO - Sync 1 DAGs
[2022-09-02T12:00:43.903+0000] {logging_mixin.py:115} INFO - [2022-09-02T12:00:43.903+0000] {dag.py:2981} INFO - Setting next_dagrun for example_short_circuit_operator to 2022-09-01T12:00:43.903140+00:00, run_after=2022-09-02T12:00:43.903140+00:00
[2022-09-02T12:00:43.911+0000] {processor.py:161} INFO - Processing /home/airflow/.local/lib/python3.7/site-packages/airflow/example_dags/example_short_circuit_operator.py took 0.071 seconds
[2022-09-02T12:01:14.531+0000] {processor.py:153} INFO - Started process (PID=5467) to work on /home/airflow/.local/lib/python3.7/site-packages/airflow/example_dags/example_short_circuit_operator.py
[2022-09-02T12:01:14.534+0000] {processor.py:640} INFO - Processing file /home/airflow/.local/lib/python3.7/site-packages/airflow/example_dags/example_short_circuit_operator.py for tasks to queue
[2022-09-02T12:01:14.536+0000] {logging_mixin.py:115} INFO - [2022-09-02T12:01:14.536+0000] {dagbag.py:508} INFO - Filling up the DagBag from /home/airflow/.local/lib/python3.7/site-packages/airflow/example_dags/example_short_circuit_operator.py
[2022-09-02T12:01:14.544+0000] {processor.py:650} INFO - DAG(s) dict_keys(['example_short_circuit_operator']) retrieved from /home/airflow/.local/lib/python3.7/site-packages/airflow/example_dags/example_short_circuit_operator.py
[2022-09-02T12:01:14.565+0000] {logging_mixin.py:115} INFO - [2022-09-02T12:01:14.564+0000] {dag.py:2429} INFO - Sync 1 DAGs
[2022-09-02T12:01:14.579+0000] {logging_mixin.py:115} INFO - [2022-09-02T12:01:14.579+0000] {dag.py:2981} INFO - Setting next_dagrun for example_short_circuit_operator to 2022-09-01T12:01:14.579259+00:00, run_after=2022-09-02T12:01:14.579259+00:00
[2022-09-02T12:01:14.587+0000] {processor.py:161} INFO - Processing /home/airflow/.local/lib/python3.7/site-packages/airflow/example_dags/example_short_circuit_operator.py took 0.058 seconds
[2022-09-02T12:01:45.231+0000] {processor.py:153} INFO - Started process (PID=5664) to work on /home/airflow/.local/lib/python3.7/site-packages/airflow/example_dags/example_short_circuit_operator.py
[2022-09-02T12:01:45.235+0000] {processor.py:640} INFO - Processing file /home/airflow/.local/lib/python3.7/site-packages/airflow/example_dags/example_short_circuit_operator.py for tasks to queue
[2022-09-02T12:01:45.237+0000] {logging_mixin.py:115} INFO - [2022-09-02T12:01:45.237+0000] {dagbag.py:508} INFO - Filling up the DagBag from /home/airflow/.local/lib/python3.7/site-packages/airflow/example_dags/example_short_circuit_operator.py
[2022-09-02T12:01:45.248+0000] {processor.py:650} INFO - DAG(s) dict_keys(['example_short_circuit_operator']) retrieved from /home/airflow/.local/lib/python3.7/site-packages/airflow/example_dags/example_short_circuit_operator.py
[2022-09-02T12:01:45.269+0000] {logging_mixin.py:115} INFO - [2022-09-02T12:01:45.269+0000] {dag.py:2429} INFO - Sync 1 DAGs
[2022-09-02T12:01:45.284+0000] {logging_mixin.py:115} INFO - [2022-09-02T12:01:45.284+0000] {dag.py:2981} INFO - Setting next_dagrun for example_short_circuit_operator to 2022-09-01T12:01:45.284185+00:00, run_after=2022-09-02T12:01:45.284185+00:00
[2022-09-02T12:01:45.292+0000] {processor.py:161} INFO - Processing /home/airflow/.local/lib/python3.7/site-packages/airflow/example_dags/example_short_circuit_operator.py took 0.063 seconds
[2022-09-02T12:02:16.009+0000] {processor.py:153} INFO - Started process (PID=5879) to work on /home/airflow/.local/lib/python3.7/site-packages/airflow/example_dags/example_short_circuit_operator.py
[2022-09-02T12:02:16.011+0000] {processor.py:640} INFO - Processing file /home/airflow/.local/lib/python3.7/site-packages/airflow/example_dags/example_short_circuit_operator.py for tasks to queue
[2022-09-02T12:02:16.012+0000] {logging_mixin.py:115} INFO - [2022-09-02T12:02:16.012+0000] {dagbag.py:508} INFO - Filling up the DagBag from /home/airflow/.local/lib/python3.7/site-packages/airflow/example_dags/example_short_circuit_operator.py
[2022-09-02T12:02:16.020+0000] {processor.py:650} INFO - DAG(s) dict_keys(['example_short_circuit_operator']) retrieved from /home/airflow/.local/lib/python3.7/site-packages/airflow/example_dags/example_short_circuit_operator.py
[2022-09-02T12:02:16.042+0000] {logging_mixin.py:115} INFO - [2022-09-02T12:02:16.041+0000] {dag.py:2429} INFO - Sync 1 DAGs
[2022-09-02T12:02:16.061+0000] {logging_mixin.py:115} INFO - [2022-09-02T12:02:16.061+0000] {dag.py:2981} INFO - Setting next_dagrun for example_short_circuit_operator to 2022-09-01T12:02:16.060811+00:00, run_after=2022-09-02T12:02:16.060811+00:00
[2022-09-02T12:02:16.071+0000] {processor.py:161} INFO - Processing /home/airflow/.local/lib/python3.7/site-packages/airflow/example_dags/example_short_circuit_operator.py took 0.065 seconds
[2022-09-02T12:02:47.024+0000] {processor.py:153} INFO - Started process (PID=6067) to work on /home/airflow/.local/lib/python3.7/site-packages/airflow/example_dags/example_short_circuit_operator.py
[2022-09-02T12:02:47.028+0000] {processor.py:640} INFO - Processing file /home/airflow/.local/lib/python3.7/site-packages/airflow/example_dags/example_short_circuit_operator.py for tasks to queue
[2022-09-02T12:02:47.030+0000] {logging_mixin.py:115} INFO - [2022-09-02T12:02:47.030+0000] {dagbag.py:508} INFO - Filling up the DagBag from /home/airflow/.local/lib/python3.7/site-packages/airflow/example_dags/example_short_circuit_operator.py
[2022-09-02T12:02:47.042+0000] {processor.py:650} INFO - DAG(s) dict_keys(['example_short_circuit_operator']) retrieved from /home/airflow/.local/lib/python3.7/site-packages/airflow/example_dags/example_short_circuit_operator.py
[2022-09-02T12:02:47.067+0000] {logging_mixin.py:115} INFO - [2022-09-02T12:02:47.067+0000] {dag.py:2429} INFO - Sync 1 DAGs
[2022-09-02T12:02:47.082+0000] {logging_mixin.py:115} INFO - [2022-09-02T12:02:47.082+0000] {dag.py:2981} INFO - Setting next_dagrun for example_short_circuit_operator to 2022-09-01T12:02:47.082067+00:00, run_after=2022-09-02T12:02:47.082067+00:00
[2022-09-02T12:02:47.090+0000] {processor.py:161} INFO - Processing /home/airflow/.local/lib/python3.7/site-packages/airflow/example_dags/example_short_circuit_operator.py took 0.070 seconds
[2022-09-02T12:03:17.808+0000] {processor.py:153} INFO - Started process (PID=6264) to work on /home/airflow/.local/lib/python3.7/site-packages/airflow/example_dags/example_short_circuit_operator.py
[2022-09-02T12:03:17.811+0000] {processor.py:640} INFO - Processing file /home/airflow/.local/lib/python3.7/site-packages/airflow/example_dags/example_short_circuit_operator.py for tasks to queue
[2022-09-02T12:03:17.813+0000] {logging_mixin.py:115} INFO - [2022-09-02T12:03:17.813+0000] {dagbag.py:508} INFO - Filling up the DagBag from /home/airflow/.local/lib/python3.7/site-packages/airflow/example_dags/example_short_circuit_operator.py
[2022-09-02T12:03:17.822+0000] {processor.py:650} INFO - DAG(s) dict_keys(['example_short_circuit_operator']) retrieved from /home/airflow/.local/lib/python3.7/site-packages/airflow/example_dags/example_short_circuit_operator.py
[2022-09-02T12:03:17.845+0000] {logging_mixin.py:115} INFO - [2022-09-02T12:03:17.845+0000] {dag.py:2429} INFO - Sync 1 DAGs
[2022-09-02T12:03:17.860+0000] {logging_mixin.py:115} INFO - [2022-09-02T12:03:17.860+0000] {dag.py:2981} INFO - Setting next_dagrun for example_short_circuit_operator to 2022-09-01T12:03:17.859941+00:00, run_after=2022-09-02T12:03:17.859941+00:00
[2022-09-02T12:03:17.868+0000] {processor.py:161} INFO - Processing /home/airflow/.local/lib/python3.7/site-packages/airflow/example_dags/example_short_circuit_operator.py took 0.063 seconds
[2022-09-02T12:03:48.600+0000] {processor.py:153} INFO - Started process (PID=6460) to work on /home/airflow/.local/lib/python3.7/site-packages/airflow/example_dags/example_short_circuit_operator.py
[2022-09-02T12:03:48.603+0000] {processor.py:640} INFO - Processing file /home/airflow/.local/lib/python3.7/site-packages/airflow/example_dags/example_short_circuit_operator.py for tasks to queue
[2022-09-02T12:03:48.605+0000] {logging_mixin.py:115} INFO - [2022-09-02T12:03:48.605+0000] {dagbag.py:508} INFO - Filling up the DagBag from /home/airflow/.local/lib/python3.7/site-packages/airflow/example_dags/example_short_circuit_operator.py
[2022-09-02T12:03:48.614+0000] {processor.py:650} INFO - DAG(s) dict_keys(['example_short_circuit_operator']) retrieved from /home/airflow/.local/lib/python3.7/site-packages/airflow/example_dags/example_short_circuit_operator.py
[2022-09-02T12:03:48.634+0000] {logging_mixin.py:115} INFO - [2022-09-02T12:03:48.634+0000] {dag.py:2429} INFO - Sync 1 DAGs
[2022-09-02T12:03:48.649+0000] {logging_mixin.py:115} INFO - [2022-09-02T12:03:48.648+0000] {dag.py:2981} INFO - Setting next_dagrun for example_short_circuit_operator to 2022-09-01T12:03:48.648712+00:00, run_after=2022-09-02T12:03:48.648712+00:00
[2022-09-02T12:03:48.656+0000] {processor.py:161} INFO - Processing /home/airflow/.local/lib/python3.7/site-packages/airflow/example_dags/example_short_circuit_operator.py took 0.061 seconds
[2022-09-02T12:04:19.315+0000] {processor.py:153} INFO - Started process (PID=6658) to work on /home/airflow/.local/lib/python3.7/site-packages/airflow/example_dags/example_short_circuit_operator.py
[2022-09-02T12:04:19.320+0000] {processor.py:640} INFO - Processing file /home/airflow/.local/lib/python3.7/site-packages/airflow/example_dags/example_short_circuit_operator.py for tasks to queue
[2022-09-02T12:04:19.322+0000] {logging_mixin.py:115} INFO - [2022-09-02T12:04:19.321+0000] {dagbag.py:508} INFO - Filling up the DagBag from /home/airflow/.local/lib/python3.7/site-packages/airflow/example_dags/example_short_circuit_operator.py
[2022-09-02T12:04:19.331+0000] {processor.py:650} INFO - DAG(s) dict_keys(['example_short_circuit_operator']) retrieved from /home/airflow/.local/lib/python3.7/site-packages/airflow/example_dags/example_short_circuit_operator.py
[2022-09-02T12:04:19.354+0000] {logging_mixin.py:115} INFO - [2022-09-02T12:04:19.354+0000] {dag.py:2429} INFO - Sync 1 DAGs
[2022-09-02T12:04:19.369+0000] {logging_mixin.py:115} INFO - [2022-09-02T12:04:19.369+0000] {dag.py:2981} INFO - Setting next_dagrun for example_short_circuit_operator to 2022-09-01T12:04:19.369209+00:00, run_after=2022-09-02T12:04:19.369209+00:00
[2022-09-02T12:04:19.378+0000] {processor.py:161} INFO - Processing /home/airflow/.local/lib/python3.7/site-packages/airflow/example_dags/example_short_circuit_operator.py took 0.069 seconds
[2022-09-02T12:04:50.109+0000] {processor.py:153} INFO - Started process (PID=6855) to work on /home/airflow/.local/lib/python3.7/site-packages/airflow/example_dags/example_short_circuit_operator.py
[2022-09-02T12:04:50.111+0000] {processor.py:640} INFO - Processing file /home/airflow/.local/lib/python3.7/site-packages/airflow/example_dags/example_short_circuit_operator.py for tasks to queue
[2022-09-02T12:04:50.113+0000] {logging_mixin.py:115} INFO - [2022-09-02T12:04:50.113+0000] {dagbag.py:508} INFO - Filling up the DagBag from /home/airflow/.local/lib/python3.7/site-packages/airflow/example_dags/example_short_circuit_operator.py
[2022-09-02T12:04:50.121+0000] {processor.py:650} INFO - DAG(s) dict_keys(['example_short_circuit_operator']) retrieved from /home/airflow/.local/lib/python3.7/site-packages/airflow/example_dags/example_short_circuit_operator.py
[2022-09-02T12:04:50.142+0000] {logging_mixin.py:115} INFO - [2022-09-02T12:04:50.142+0000] {dag.py:2429} INFO - Sync 1 DAGs
[2022-09-02T12:04:50.158+0000] {logging_mixin.py:115} INFO - [2022-09-02T12:04:50.158+0000] {dag.py:2981} INFO - Setting next_dagrun for example_short_circuit_operator to 2022-09-01T12:04:50.158584+00:00, run_after=2022-09-02T12:04:50.158584+00:00
[2022-09-02T12:04:50.167+0000] {processor.py:161} INFO - Processing /home/airflow/.local/lib/python3.7/site-packages/airflow/example_dags/example_short_circuit_operator.py took 0.061 seconds
[2022-09-02T12:05:20.943+0000] {processor.py:153} INFO - Started process (PID=7053) to work on /home/airflow/.local/lib/python3.7/site-packages/airflow/example_dags/example_short_circuit_operator.py
[2022-09-02T12:05:20.945+0000] {processor.py:640} INFO - Processing file /home/airflow/.local/lib/python3.7/site-packages/airflow/example_dags/example_short_circuit_operator.py for tasks to queue
[2022-09-02T12:05:20.947+0000] {logging_mixin.py:115} INFO - [2022-09-02T12:05:20.947+0000] {dagbag.py:508} INFO - Filling up the DagBag from /home/airflow/.local/lib/python3.7/site-packages/airflow/example_dags/example_short_circuit_operator.py
[2022-09-02T12:05:20.956+0000] {processor.py:650} INFO - DAG(s) dict_keys(['example_short_circuit_operator']) retrieved from /home/airflow/.local/lib/python3.7/site-packages/airflow/example_dags/example_short_circuit_operator.py
[2022-09-02T12:05:20.983+0000] {logging_mixin.py:115} INFO - [2022-09-02T12:05:20.983+0000] {dag.py:2429} INFO - Sync 1 DAGs
[2022-09-02T12:05:21.010+0000] {logging_mixin.py:115} INFO - [2022-09-02T12:05:21.010+0000] {dag.py:2981} INFO - Setting next_dagrun for example_short_circuit_operator to 2022-09-01T12:05:21.010476+00:00, run_after=2022-09-02T12:05:21.010476+00:00
[2022-09-02T12:05:21.023+0000] {processor.py:161} INFO - Processing /home/airflow/.local/lib/python3.7/site-packages/airflow/example_dags/example_short_circuit_operator.py took 0.083 seconds
[2022-09-02T12:05:51.724+0000] {processor.py:153} INFO - Started process (PID=7241) to work on /home/airflow/.local/lib/python3.7/site-packages/airflow/example_dags/example_short_circuit_operator.py
[2022-09-02T12:05:51.725+0000] {processor.py:640} INFO - Processing file /home/airflow/.local/lib/python3.7/site-packages/airflow/example_dags/example_short_circuit_operator.py for tasks to queue
[2022-09-02T12:05:51.726+0000] {logging_mixin.py:115} INFO - [2022-09-02T12:05:51.726+0000] {dagbag.py:508} INFO - Filling up the DagBag from /home/airflow/.local/lib/python3.7/site-packages/airflow/example_dags/example_short_circuit_operator.py
[2022-09-02T12:05:51.732+0000] {processor.py:650} INFO - DAG(s) dict_keys(['example_short_circuit_operator']) retrieved from /home/airflow/.local/lib/python3.7/site-packages/airflow/example_dags/example_short_circuit_operator.py
[2022-09-02T12:05:51.753+0000] {logging_mixin.py:115} INFO - [2022-09-02T12:05:51.752+0000] {dag.py:2429} INFO - Sync 1 DAGs
[2022-09-02T12:05:51.771+0000] {logging_mixin.py:115} INFO - [2022-09-02T12:05:51.770+0000] {dag.py:2981} INFO - Setting next_dagrun for example_short_circuit_operator to 2022-09-01T12:05:51.770771+00:00, run_after=2022-09-02T12:05:51.770771+00:00
[2022-09-02T12:05:51.778+0000] {processor.py:161} INFO - Processing /home/airflow/.local/lib/python3.7/site-packages/airflow/example_dags/example_short_circuit_operator.py took 0.057 seconds
[2022-09-02T12:06:22.586+0000] {processor.py:153} INFO - Started process (PID=7439) to work on /home/airflow/.local/lib/python3.7/site-packages/airflow/example_dags/example_short_circuit_operator.py
[2022-09-02T12:06:22.590+0000] {processor.py:640} INFO - Processing file /home/airflow/.local/lib/python3.7/site-packages/airflow/example_dags/example_short_circuit_operator.py for tasks to queue
[2022-09-02T12:06:22.593+0000] {logging_mixin.py:115} INFO - [2022-09-02T12:06:22.593+0000] {dagbag.py:508} INFO - Filling up the DagBag from /home/airflow/.local/lib/python3.7/site-packages/airflow/example_dags/example_short_circuit_operator.py
[2022-09-02T12:06:22.602+0000] {processor.py:650} INFO - DAG(s) dict_keys(['example_short_circuit_operator']) retrieved from /home/airflow/.local/lib/python3.7/site-packages/airflow/example_dags/example_short_circuit_operator.py
[2022-09-02T12:06:22.623+0000] {logging_mixin.py:115} INFO - [2022-09-02T12:06:22.622+0000] {dag.py:2429} INFO - Sync 1 DAGs
[2022-09-02T12:06:22.638+0000] {logging_mixin.py:115} INFO - [2022-09-02T12:06:22.638+0000] {dag.py:2981} INFO - Setting next_dagrun for example_short_circuit_operator to 2022-09-01T12:06:22.638329+00:00, run_after=2022-09-02T12:06:22.638329+00:00
[2022-09-02T12:06:22.647+0000] {processor.py:161} INFO - Processing /home/airflow/.local/lib/python3.7/site-packages/airflow/example_dags/example_short_circuit_operator.py took 0.067 seconds
[2022-09-02T12:06:53.377+0000] {processor.py:153} INFO - Started process (PID=7635) to work on /home/airflow/.local/lib/python3.7/site-packages/airflow/example_dags/example_short_circuit_operator.py
[2022-09-02T12:06:53.380+0000] {processor.py:640} INFO - Processing file /home/airflow/.local/lib/python3.7/site-packages/airflow/example_dags/example_short_circuit_operator.py for tasks to queue
[2022-09-02T12:06:53.382+0000] {logging_mixin.py:115} INFO - [2022-09-02T12:06:53.382+0000] {dagbag.py:508} INFO - Filling up the DagBag from /home/airflow/.local/lib/python3.7/site-packages/airflow/example_dags/example_short_circuit_operator.py
[2022-09-02T12:06:53.393+0000] {processor.py:650} INFO - DAG(s) dict_keys(['example_short_circuit_operator']) retrieved from /home/airflow/.local/lib/python3.7/site-packages/airflow/example_dags/example_short_circuit_operator.py
[2022-09-02T12:06:53.413+0000] {logging_mixin.py:115} INFO - [2022-09-02T12:06:53.413+0000] {dag.py:2429} INFO - Sync 1 DAGs
[2022-09-02T12:06:53.430+0000] {logging_mixin.py:115} INFO - [2022-09-02T12:06:53.429+0000] {dag.py:2981} INFO - Setting next_dagrun for example_short_circuit_operator to 2022-09-01T12:06:53.429765+00:00, run_after=2022-09-02T12:06:53.429765+00:00
[2022-09-02T12:06:53.438+0000] {processor.py:161} INFO - Processing /home/airflow/.local/lib/python3.7/site-packages/airflow/example_dags/example_short_circuit_operator.py took 0.064 seconds
[2022-09-02T12:07:24.239+0000] {processor.py:153} INFO - Started process (PID=7832) to work on /home/airflow/.local/lib/python3.7/site-packages/airflow/example_dags/example_short_circuit_operator.py
[2022-09-02T12:07:24.241+0000] {processor.py:640} INFO - Processing file /home/airflow/.local/lib/python3.7/site-packages/airflow/example_dags/example_short_circuit_operator.py for tasks to queue
[2022-09-02T12:07:24.243+0000] {logging_mixin.py:115} INFO - [2022-09-02T12:07:24.243+0000] {dagbag.py:508} INFO - Filling up the DagBag from /home/airflow/.local/lib/python3.7/site-packages/airflow/example_dags/example_short_circuit_operator.py
[2022-09-02T12:07:24.252+0000] {processor.py:650} INFO - DAG(s) dict_keys(['example_short_circuit_operator']) retrieved from /home/airflow/.local/lib/python3.7/site-packages/airflow/example_dags/example_short_circuit_operator.py
[2022-09-02T12:07:24.281+0000] {logging_mixin.py:115} INFO - [2022-09-02T12:07:24.281+0000] {dag.py:2429} INFO - Sync 1 DAGs
[2022-09-02T12:07:24.306+0000] {logging_mixin.py:115} INFO - [2022-09-02T12:07:24.306+0000] {dag.py:2981} INFO - Setting next_dagrun for example_short_circuit_operator to 2022-09-01T12:07:24.306441+00:00, run_after=2022-09-02T12:07:24.306441+00:00
[2022-09-02T12:07:24.316+0000] {processor.py:161} INFO - Processing /home/airflow/.local/lib/python3.7/site-packages/airflow/example_dags/example_short_circuit_operator.py took 0.082 seconds
[2022-09-02T12:07:55.276+0000] {processor.py:153} INFO - Started process (PID=8029) to work on /home/airflow/.local/lib/python3.7/site-packages/airflow/example_dags/example_short_circuit_operator.py
[2022-09-02T12:07:55.278+0000] {processor.py:640} INFO - Processing file /home/airflow/.local/lib/python3.7/site-packages/airflow/example_dags/example_short_circuit_operator.py for tasks to queue
[2022-09-02T12:07:55.280+0000] {logging_mixin.py:115} INFO - [2022-09-02T12:07:55.280+0000] {dagbag.py:508} INFO - Filling up the DagBag from /home/airflow/.local/lib/python3.7/site-packages/airflow/example_dags/example_short_circuit_operator.py
[2022-09-02T12:07:55.288+0000] {processor.py:650} INFO - DAG(s) dict_keys(['example_short_circuit_operator']) retrieved from /home/airflow/.local/lib/python3.7/site-packages/airflow/example_dags/example_short_circuit_operator.py
[2022-09-02T12:07:55.309+0000] {logging_mixin.py:115} INFO - [2022-09-02T12:07:55.309+0000] {dag.py:2429} INFO - Sync 1 DAGs
[2022-09-02T12:07:55.325+0000] {logging_mixin.py:115} INFO - [2022-09-02T12:07:55.325+0000] {dag.py:2981} INFO - Setting next_dagrun for example_short_circuit_operator to 2022-09-01T12:07:55.325610+00:00, run_after=2022-09-02T12:07:55.325610+00:00
[2022-09-02T12:07:55.334+0000] {processor.py:161} INFO - Processing /home/airflow/.local/lib/python3.7/site-packages/airflow/example_dags/example_short_circuit_operator.py took 0.064 seconds
