[2022-09-02T11:47:23.789+0000] {processor.py:153} INFO - Started process (PID=200) to work on /home/airflow/.local/lib/python3.7/site-packages/airflow/example_dags/example_latest_only.py
[2022-09-02T11:47:23.790+0000] {processor.py:640} INFO - Processing file /home/airflow/.local/lib/python3.7/site-packages/airflow/example_dags/example_latest_only.py for tasks to queue
[2022-09-02T11:47:23.791+0000] {logging_mixin.py:115} INFO - [2022-09-02T11:47:23.791+0000] {dagbag.py:508} INFO - Filling up the DagBag from /home/airflow/.local/lib/python3.7/site-packages/airflow/example_dags/example_latest_only.py
[2022-09-02T11:47:23.795+0000] {processor.py:650} INFO - DAG(s) dict_keys(['latest_only']) retrieved from /home/airflow/.local/lib/python3.7/site-packages/airflow/example_dags/example_latest_only.py
[2022-09-02T11:47:23.865+0000] {logging_mixin.py:115} INFO - [2022-09-02T11:47:23.865+0000] {manager.py:508} INFO - Created Permission View: can edit on DAG:latest_only
[2022-09-02T11:47:23.900+0000] {logging_mixin.py:115} INFO - [2022-09-02T11:47:23.900+0000] {manager.py:508} INFO - Created Permission View: can delete on DAG:latest_only
[2022-09-02T11:47:23.915+0000] {logging_mixin.py:115} INFO - [2022-09-02T11:47:23.913+0000] {manager.py:508} INFO - Created Permission View: can read on DAG:latest_only
[2022-09-02T11:47:23.918+0000] {logging_mixin.py:115} INFO - [2022-09-02T11:47:23.918+0000] {dag.py:2429} INFO - Sync 1 DAGs
[2022-09-02T11:47:23.933+0000] {logging_mixin.py:115} INFO - [2022-09-02T11:47:23.933+0000] {dag.py:2448} INFO - Creating ORM DAG for latest_only
[2022-09-02T11:47:23.946+0000] {logging_mixin.py:115} INFO - [2022-09-02T11:47:23.946+0000] {dag.py:2981} INFO - Setting next_dagrun for latest_only to 2022-09-02T07:47:23.945704+00:00, run_after=2022-09-02T11:47:23.945704+00:00
[2022-09-02T11:47:23.965+0000] {processor.py:161} INFO - Processing /home/airflow/.local/lib/python3.7/site-packages/airflow/example_dags/example_latest_only.py took 0.179 seconds
[2022-09-02T11:47:54.815+0000] {processor.py:153} INFO - Started process (PID=397) to work on /home/airflow/.local/lib/python3.7/site-packages/airflow/example_dags/example_latest_only.py
[2022-09-02T11:47:54.817+0000] {processor.py:640} INFO - Processing file /home/airflow/.local/lib/python3.7/site-packages/airflow/example_dags/example_latest_only.py for tasks to queue
[2022-09-02T11:47:54.818+0000] {logging_mixin.py:115} INFO - [2022-09-02T11:47:54.818+0000] {dagbag.py:508} INFO - Filling up the DagBag from /home/airflow/.local/lib/python3.7/site-packages/airflow/example_dags/example_latest_only.py
[2022-09-02T11:47:54.823+0000] {processor.py:650} INFO - DAG(s) dict_keys(['latest_only']) retrieved from /home/airflow/.local/lib/python3.7/site-packages/airflow/example_dags/example_latest_only.py
[2022-09-02T11:47:54.844+0000] {logging_mixin.py:115} INFO - [2022-09-02T11:47:54.844+0000] {dag.py:2429} INFO - Sync 1 DAGs
[2022-09-02T11:47:54.859+0000] {logging_mixin.py:115} INFO - [2022-09-02T11:47:54.859+0000] {dag.py:2981} INFO - Setting next_dagrun for latest_only to 2022-09-02T07:47:54.859444+00:00, run_after=2022-09-02T11:47:54.859444+00:00
[2022-09-02T11:47:54.870+0000] {processor.py:161} INFO - Processing /home/airflow/.local/lib/python3.7/site-packages/airflow/example_dags/example_latest_only.py took 0.057 seconds
[2022-09-02T11:48:24.980+0000] {processor.py:153} INFO - Started process (PID=595) to work on /home/airflow/.local/lib/python3.7/site-packages/airflow/example_dags/example_latest_only.py
[2022-09-02T11:48:24.981+0000] {processor.py:640} INFO - Processing file /home/airflow/.local/lib/python3.7/site-packages/airflow/example_dags/example_latest_only.py for tasks to queue
[2022-09-02T11:48:24.982+0000] {logging_mixin.py:115} INFO - [2022-09-02T11:48:24.982+0000] {dagbag.py:508} INFO - Filling up the DagBag from /home/airflow/.local/lib/python3.7/site-packages/airflow/example_dags/example_latest_only.py
[2022-09-02T11:48:24.987+0000] {processor.py:650} INFO - DAG(s) dict_keys(['latest_only']) retrieved from /home/airflow/.local/lib/python3.7/site-packages/airflow/example_dags/example_latest_only.py
[2022-09-02T11:48:25.008+0000] {logging_mixin.py:115} INFO - [2022-09-02T11:48:25.008+0000] {dag.py:2429} INFO - Sync 1 DAGs
[2022-09-02T11:48:25.034+0000] {logging_mixin.py:115} INFO - [2022-09-02T11:48:25.034+0000] {dag.py:2981} INFO - Setting next_dagrun for latest_only to 2022-09-02T07:48:25.033846+00:00, run_after=2022-09-02T11:48:25.033846+00:00
[2022-09-02T11:48:25.046+0000] {processor.py:161} INFO - Processing /home/airflow/.local/lib/python3.7/site-packages/airflow/example_dags/example_latest_only.py took 0.069 seconds
[2022-09-02T11:48:55.089+0000] {processor.py:153} INFO - Started process (PID=791) to work on /home/airflow/.local/lib/python3.7/site-packages/airflow/example_dags/example_latest_only.py
[2022-09-02T11:48:55.091+0000] {processor.py:640} INFO - Processing file /home/airflow/.local/lib/python3.7/site-packages/airflow/example_dags/example_latest_only.py for tasks to queue
[2022-09-02T11:48:55.092+0000] {logging_mixin.py:115} INFO - [2022-09-02T11:48:55.092+0000] {dagbag.py:508} INFO - Filling up the DagBag from /home/airflow/.local/lib/python3.7/site-packages/airflow/example_dags/example_latest_only.py
[2022-09-02T11:48:55.096+0000] {processor.py:650} INFO - DAG(s) dict_keys(['latest_only']) retrieved from /home/airflow/.local/lib/python3.7/site-packages/airflow/example_dags/example_latest_only.py
[2022-09-02T11:48:55.114+0000] {logging_mixin.py:115} INFO - [2022-09-02T11:48:55.114+0000] {dag.py:2429} INFO - Sync 1 DAGs
[2022-09-02T11:48:55.128+0000] {logging_mixin.py:115} INFO - [2022-09-02T11:48:55.128+0000] {dag.py:2981} INFO - Setting next_dagrun for latest_only to 2022-09-02T07:48:55.128744+00:00, run_after=2022-09-02T11:48:55.128744+00:00
[2022-09-02T11:48:55.139+0000] {processor.py:161} INFO - Processing /home/airflow/.local/lib/python3.7/site-packages/airflow/example_dags/example_latest_only.py took 0.053 seconds
[2022-09-02T11:49:25.901+0000] {processor.py:153} INFO - Started process (PID=979) to work on /home/airflow/.local/lib/python3.7/site-packages/airflow/example_dags/example_latest_only.py
[2022-09-02T11:49:25.902+0000] {processor.py:640} INFO - Processing file /home/airflow/.local/lib/python3.7/site-packages/airflow/example_dags/example_latest_only.py for tasks to queue
[2022-09-02T11:49:25.903+0000] {logging_mixin.py:115} INFO - [2022-09-02T11:49:25.903+0000] {dagbag.py:508} INFO - Filling up the DagBag from /home/airflow/.local/lib/python3.7/site-packages/airflow/example_dags/example_latest_only.py
[2022-09-02T11:49:25.907+0000] {processor.py:650} INFO - DAG(s) dict_keys(['latest_only']) retrieved from /home/airflow/.local/lib/python3.7/site-packages/airflow/example_dags/example_latest_only.py
[2022-09-02T11:49:25.927+0000] {logging_mixin.py:115} INFO - [2022-09-02T11:49:25.926+0000] {dag.py:2429} INFO - Sync 1 DAGs
[2022-09-02T11:49:25.942+0000] {logging_mixin.py:115} INFO - [2022-09-02T11:49:25.941+0000] {dag.py:2981} INFO - Setting next_dagrun for latest_only to 2022-09-02T07:49:25.941739+00:00, run_after=2022-09-02T11:49:25.941739+00:00
[2022-09-02T11:49:25.952+0000] {processor.py:161} INFO - Processing /home/airflow/.local/lib/python3.7/site-packages/airflow/example_dags/example_latest_only.py took 0.053 seconds
[2022-09-02T11:49:56.795+0000] {processor.py:153} INFO - Started process (PID=1176) to work on /home/airflow/.local/lib/python3.7/site-packages/airflow/example_dags/example_latest_only.py
[2022-09-02T11:49:56.797+0000] {processor.py:640} INFO - Processing file /home/airflow/.local/lib/python3.7/site-packages/airflow/example_dags/example_latest_only.py for tasks to queue
[2022-09-02T11:49:56.798+0000] {logging_mixin.py:115} INFO - [2022-09-02T11:49:56.798+0000] {dagbag.py:508} INFO - Filling up the DagBag from /home/airflow/.local/lib/python3.7/site-packages/airflow/example_dags/example_latest_only.py
[2022-09-02T11:49:56.803+0000] {processor.py:650} INFO - DAG(s) dict_keys(['latest_only']) retrieved from /home/airflow/.local/lib/python3.7/site-packages/airflow/example_dags/example_latest_only.py
[2022-09-02T11:49:56.821+0000] {logging_mixin.py:115} INFO - [2022-09-02T11:49:56.821+0000] {dag.py:2429} INFO - Sync 1 DAGs
[2022-09-02T11:49:56.838+0000] {logging_mixin.py:115} INFO - [2022-09-02T11:49:56.838+0000] {dag.py:2981} INFO - Setting next_dagrun for latest_only to 2022-09-02T07:49:56.837979+00:00, run_after=2022-09-02T11:49:56.837979+00:00
[2022-09-02T11:49:56.847+0000] {processor.py:161} INFO - Processing /home/airflow/.local/lib/python3.7/site-packages/airflow/example_dags/example_latest_only.py took 0.055 seconds
[2022-09-02T11:50:27.585+0000] {processor.py:153} INFO - Started process (PID=1373) to work on /home/airflow/.local/lib/python3.7/site-packages/airflow/example_dags/example_latest_only.py
[2022-09-02T11:50:27.586+0000] {processor.py:640} INFO - Processing file /home/airflow/.local/lib/python3.7/site-packages/airflow/example_dags/example_latest_only.py for tasks to queue
[2022-09-02T11:50:27.587+0000] {logging_mixin.py:115} INFO - [2022-09-02T11:50:27.587+0000] {dagbag.py:508} INFO - Filling up the DagBag from /home/airflow/.local/lib/python3.7/site-packages/airflow/example_dags/example_latest_only.py
[2022-09-02T11:50:27.591+0000] {processor.py:650} INFO - DAG(s) dict_keys(['latest_only']) retrieved from /home/airflow/.local/lib/python3.7/site-packages/airflow/example_dags/example_latest_only.py
[2022-09-02T11:50:27.611+0000] {logging_mixin.py:115} INFO - [2022-09-02T11:50:27.611+0000] {dag.py:2429} INFO - Sync 1 DAGs
[2022-09-02T11:50:27.624+0000] {logging_mixin.py:115} INFO - [2022-09-02T11:50:27.624+0000] {dag.py:2981} INFO - Setting next_dagrun for latest_only to 2022-09-02T07:50:27.624467+00:00, run_after=2022-09-02T11:50:27.624467+00:00
[2022-09-02T11:50:27.635+0000] {processor.py:161} INFO - Processing /home/airflow/.local/lib/python3.7/site-packages/airflow/example_dags/example_latest_only.py took 0.052 seconds
[2022-09-02T11:50:58.340+0000] {processor.py:153} INFO - Started process (PID=1572) to work on /home/airflow/.local/lib/python3.7/site-packages/airflow/example_dags/example_latest_only.py
[2022-09-02T11:50:58.342+0000] {processor.py:640} INFO - Processing file /home/airflow/.local/lib/python3.7/site-packages/airflow/example_dags/example_latest_only.py for tasks to queue
[2022-09-02T11:50:58.343+0000] {logging_mixin.py:115} INFO - [2022-09-02T11:50:58.343+0000] {dagbag.py:508} INFO - Filling up the DagBag from /home/airflow/.local/lib/python3.7/site-packages/airflow/example_dags/example_latest_only.py
[2022-09-02T11:50:58.347+0000] {processor.py:650} INFO - DAG(s) dict_keys(['latest_only']) retrieved from /home/airflow/.local/lib/python3.7/site-packages/airflow/example_dags/example_latest_only.py
[2022-09-02T11:50:58.366+0000] {logging_mixin.py:115} INFO - [2022-09-02T11:50:58.365+0000] {dag.py:2429} INFO - Sync 1 DAGs
[2022-09-02T11:50:58.379+0000] {logging_mixin.py:115} INFO - [2022-09-02T11:50:58.379+0000] {dag.py:2981} INFO - Setting next_dagrun for latest_only to 2022-09-02T07:50:58.379296+00:00, run_after=2022-09-02T11:50:58.379296+00:00
[2022-09-02T11:50:58.389+0000] {processor.py:161} INFO - Processing /home/airflow/.local/lib/python3.7/site-packages/airflow/example_dags/example_latest_only.py took 0.051 seconds
[2022-09-02T11:51:29.093+0000] {processor.py:153} INFO - Started process (PID=1770) to work on /home/airflow/.local/lib/python3.7/site-packages/airflow/example_dags/example_latest_only.py
[2022-09-02T11:51:29.095+0000] {processor.py:640} INFO - Processing file /home/airflow/.local/lib/python3.7/site-packages/airflow/example_dags/example_latest_only.py for tasks to queue
[2022-09-02T11:51:29.096+0000] {logging_mixin.py:115} INFO - [2022-09-02T11:51:29.096+0000] {dagbag.py:508} INFO - Filling up the DagBag from /home/airflow/.local/lib/python3.7/site-packages/airflow/example_dags/example_latest_only.py
[2022-09-02T11:51:29.100+0000] {processor.py:650} INFO - DAG(s) dict_keys(['latest_only']) retrieved from /home/airflow/.local/lib/python3.7/site-packages/airflow/example_dags/example_latest_only.py
[2022-09-02T11:51:29.120+0000] {logging_mixin.py:115} INFO - [2022-09-02T11:51:29.120+0000] {dag.py:2429} INFO - Sync 1 DAGs
[2022-09-02T11:51:29.136+0000] {logging_mixin.py:115} INFO - [2022-09-02T11:51:29.135+0000] {dag.py:2981} INFO - Setting next_dagrun for latest_only to 2022-09-02T07:51:29.135829+00:00, run_after=2022-09-02T11:51:29.135829+00:00
[2022-09-02T11:51:29.146+0000] {processor.py:161} INFO - Processing /home/airflow/.local/lib/python3.7/site-packages/airflow/example_dags/example_latest_only.py took 0.055 seconds
[2022-09-02T11:51:59.871+0000] {processor.py:153} INFO - Started process (PID=1967) to work on /home/airflow/.local/lib/python3.7/site-packages/airflow/example_dags/example_latest_only.py
[2022-09-02T11:51:59.873+0000] {processor.py:640} INFO - Processing file /home/airflow/.local/lib/python3.7/site-packages/airflow/example_dags/example_latest_only.py for tasks to queue
[2022-09-02T11:51:59.874+0000] {logging_mixin.py:115} INFO - [2022-09-02T11:51:59.874+0000] {dagbag.py:508} INFO - Filling up the DagBag from /home/airflow/.local/lib/python3.7/site-packages/airflow/example_dags/example_latest_only.py
[2022-09-02T11:51:59.878+0000] {processor.py:650} INFO - DAG(s) dict_keys(['latest_only']) retrieved from /home/airflow/.local/lib/python3.7/site-packages/airflow/example_dags/example_latest_only.py
[2022-09-02T11:51:59.899+0000] {logging_mixin.py:115} INFO - [2022-09-02T11:51:59.899+0000] {dag.py:2429} INFO - Sync 1 DAGs
[2022-09-02T11:51:59.917+0000] {logging_mixin.py:115} INFO - [2022-09-02T11:51:59.916+0000] {dag.py:2981} INFO - Setting next_dagrun for latest_only to 2022-09-02T07:51:59.916831+00:00, run_after=2022-09-02T11:51:59.916831+00:00
[2022-09-02T11:51:59.927+0000] {processor.py:161} INFO - Processing /home/airflow/.local/lib/python3.7/site-packages/airflow/example_dags/example_latest_only.py took 0.059 seconds
[2022-09-02T11:52:30.892+0000] {processor.py:153} INFO - Started process (PID=2155) to work on /home/airflow/.local/lib/python3.7/site-packages/airflow/example_dags/example_latest_only.py
[2022-09-02T11:52:30.894+0000] {processor.py:640} INFO - Processing file /home/airflow/.local/lib/python3.7/site-packages/airflow/example_dags/example_latest_only.py for tasks to queue
[2022-09-02T11:52:30.895+0000] {logging_mixin.py:115} INFO - [2022-09-02T11:52:30.895+0000] {dagbag.py:508} INFO - Filling up the DagBag from /home/airflow/.local/lib/python3.7/site-packages/airflow/example_dags/example_latest_only.py
[2022-09-02T11:52:30.899+0000] {processor.py:650} INFO - DAG(s) dict_keys(['latest_only']) retrieved from /home/airflow/.local/lib/python3.7/site-packages/airflow/example_dags/example_latest_only.py
[2022-09-02T11:52:30.919+0000] {logging_mixin.py:115} INFO - [2022-09-02T11:52:30.919+0000] {dag.py:2429} INFO - Sync 1 DAGs
[2022-09-02T11:52:30.933+0000] {logging_mixin.py:115} INFO - [2022-09-02T11:52:30.933+0000] {dag.py:2981} INFO - Setting next_dagrun for latest_only to 2022-09-02T07:52:30.933518+00:00, run_after=2022-09-02T11:52:30.933518+00:00
[2022-09-02T11:52:30.943+0000] {processor.py:161} INFO - Processing /home/airflow/.local/lib/python3.7/site-packages/airflow/example_dags/example_latest_only.py took 0.053 seconds
[2022-09-02T11:53:01.572+0000] {processor.py:153} INFO - Started process (PID=2354) to work on /home/airflow/.local/lib/python3.7/site-packages/airflow/example_dags/example_latest_only.py
[2022-09-02T11:53:01.574+0000] {processor.py:640} INFO - Processing file /home/airflow/.local/lib/python3.7/site-packages/airflow/example_dags/example_latest_only.py for tasks to queue
[2022-09-02T11:53:01.577+0000] {logging_mixin.py:115} INFO - [2022-09-02T11:53:01.576+0000] {dagbag.py:508} INFO - Filling up the DagBag from /home/airflow/.local/lib/python3.7/site-packages/airflow/example_dags/example_latest_only.py
[2022-09-02T11:53:01.581+0000] {processor.py:650} INFO - DAG(s) dict_keys(['latest_only']) retrieved from /home/airflow/.local/lib/python3.7/site-packages/airflow/example_dags/example_latest_only.py
[2022-09-02T11:53:01.600+0000] {logging_mixin.py:115} INFO - [2022-09-02T11:53:01.600+0000] {dag.py:2429} INFO - Sync 1 DAGs
[2022-09-02T11:53:01.614+0000] {logging_mixin.py:115} INFO - [2022-09-02T11:53:01.614+0000] {dag.py:2981} INFO - Setting next_dagrun for latest_only to 2022-09-02T07:53:01.614682+00:00, run_after=2022-09-02T11:53:01.614682+00:00
[2022-09-02T11:53:01.625+0000] {processor.py:161} INFO - Processing /home/airflow/.local/lib/python3.7/site-packages/airflow/example_dags/example_latest_only.py took 0.055 seconds
[2022-09-02T11:53:32.363+0000] {processor.py:153} INFO - Started process (PID=2551) to work on /home/airflow/.local/lib/python3.7/site-packages/airflow/example_dags/example_latest_only.py
[2022-09-02T11:53:32.364+0000] {processor.py:640} INFO - Processing file /home/airflow/.local/lib/python3.7/site-packages/airflow/example_dags/example_latest_only.py for tasks to queue
[2022-09-02T11:53:32.365+0000] {logging_mixin.py:115} INFO - [2022-09-02T11:53:32.365+0000] {dagbag.py:508} INFO - Filling up the DagBag from /home/airflow/.local/lib/python3.7/site-packages/airflow/example_dags/example_latest_only.py
[2022-09-02T11:53:32.370+0000] {processor.py:650} INFO - DAG(s) dict_keys(['latest_only']) retrieved from /home/airflow/.local/lib/python3.7/site-packages/airflow/example_dags/example_latest_only.py
[2022-09-02T11:53:32.387+0000] {logging_mixin.py:115} INFO - [2022-09-02T11:53:32.387+0000] {dag.py:2429} INFO - Sync 1 DAGs
[2022-09-02T11:53:32.401+0000] {logging_mixin.py:115} INFO - [2022-09-02T11:53:32.401+0000] {dag.py:2981} INFO - Setting next_dagrun for latest_only to 2022-09-02T07:53:32.401239+00:00, run_after=2022-09-02T11:53:32.401239+00:00
[2022-09-02T11:53:32.411+0000] {processor.py:161} INFO - Processing /home/airflow/.local/lib/python3.7/site-packages/airflow/example_dags/example_latest_only.py took 0.051 seconds
[2022-09-02T11:54:03.188+0000] {processor.py:153} INFO - Started process (PID=2748) to work on /home/airflow/.local/lib/python3.7/site-packages/airflow/example_dags/example_latest_only.py
[2022-09-02T11:54:03.190+0000] {processor.py:640} INFO - Processing file /home/airflow/.local/lib/python3.7/site-packages/airflow/example_dags/example_latest_only.py for tasks to queue
[2022-09-02T11:54:03.191+0000] {logging_mixin.py:115} INFO - [2022-09-02T11:54:03.191+0000] {dagbag.py:508} INFO - Filling up the DagBag from /home/airflow/.local/lib/python3.7/site-packages/airflow/example_dags/example_latest_only.py
[2022-09-02T11:54:03.195+0000] {processor.py:650} INFO - DAG(s) dict_keys(['latest_only']) retrieved from /home/airflow/.local/lib/python3.7/site-packages/airflow/example_dags/example_latest_only.py
[2022-09-02T11:54:03.212+0000] {logging_mixin.py:115} INFO - [2022-09-02T11:54:03.212+0000] {dag.py:2429} INFO - Sync 1 DAGs
[2022-09-02T11:54:03.226+0000] {logging_mixin.py:115} INFO - [2022-09-02T11:54:03.226+0000] {dag.py:2981} INFO - Setting next_dagrun for latest_only to 2022-09-02T07:54:03.226630+00:00, run_after=2022-09-02T11:54:03.226630+00:00
[2022-09-02T11:54:03.236+0000] {processor.py:161} INFO - Processing /home/airflow/.local/lib/python3.7/site-packages/airflow/example_dags/example_latest_only.py took 0.051 seconds
[2022-09-02T11:54:33.969+0000] {processor.py:153} INFO - Started process (PID=2944) to work on /home/airflow/.local/lib/python3.7/site-packages/airflow/example_dags/example_latest_only.py
[2022-09-02T11:54:33.971+0000] {processor.py:640} INFO - Processing file /home/airflow/.local/lib/python3.7/site-packages/airflow/example_dags/example_latest_only.py for tasks to queue
[2022-09-02T11:54:33.972+0000] {logging_mixin.py:115} INFO - [2022-09-02T11:54:33.972+0000] {dagbag.py:508} INFO - Filling up the DagBag from /home/airflow/.local/lib/python3.7/site-packages/airflow/example_dags/example_latest_only.py
[2022-09-02T11:54:33.976+0000] {processor.py:650} INFO - DAG(s) dict_keys(['latest_only']) retrieved from /home/airflow/.local/lib/python3.7/site-packages/airflow/example_dags/example_latest_only.py
[2022-09-02T11:54:33.995+0000] {logging_mixin.py:115} INFO - [2022-09-02T11:54:33.995+0000] {dag.py:2429} INFO - Sync 1 DAGs
[2022-09-02T11:54:34.011+0000] {logging_mixin.py:115} INFO - [2022-09-02T11:54:34.010+0000] {dag.py:2981} INFO - Setting next_dagrun for latest_only to 2022-09-02T07:54:34.010814+00:00, run_after=2022-09-02T11:54:34.010814+00:00
[2022-09-02T11:54:34.022+0000] {processor.py:161} INFO - Processing /home/airflow/.local/lib/python3.7/site-packages/airflow/example_dags/example_latest_only.py took 0.055 seconds
[2022-09-02T11:55:04.692+0000] {processor.py:153} INFO - Started process (PID=3142) to work on /home/airflow/.local/lib/python3.7/site-packages/airflow/example_dags/example_latest_only.py
[2022-09-02T11:55:04.693+0000] {processor.py:640} INFO - Processing file /home/airflow/.local/lib/python3.7/site-packages/airflow/example_dags/example_latest_only.py for tasks to queue
[2022-09-02T11:55:04.695+0000] {logging_mixin.py:115} INFO - [2022-09-02T11:55:04.695+0000] {dagbag.py:508} INFO - Filling up the DagBag from /home/airflow/.local/lib/python3.7/site-packages/airflow/example_dags/example_latest_only.py
[2022-09-02T11:55:04.699+0000] {processor.py:650} INFO - DAG(s) dict_keys(['latest_only']) retrieved from /home/airflow/.local/lib/python3.7/site-packages/airflow/example_dags/example_latest_only.py
[2022-09-02T11:55:04.720+0000] {logging_mixin.py:115} INFO - [2022-09-02T11:55:04.719+0000] {dag.py:2429} INFO - Sync 1 DAGs
[2022-09-02T11:55:04.736+0000] {logging_mixin.py:115} INFO - [2022-09-02T11:55:04.736+0000] {dag.py:2981} INFO - Setting next_dagrun for latest_only to 2022-09-02T07:55:04.736355+00:00, run_after=2022-09-02T11:55:04.736355+00:00
[2022-09-02T11:55:04.747+0000] {processor.py:161} INFO - Processing /home/airflow/.local/lib/python3.7/site-packages/airflow/example_dags/example_latest_only.py took 0.058 seconds
[2022-09-02T11:55:35.573+0000] {processor.py:153} INFO - Started process (PID=3340) to work on /home/airflow/.local/lib/python3.7/site-packages/airflow/example_dags/example_latest_only.py
[2022-09-02T11:55:35.575+0000] {processor.py:640} INFO - Processing file /home/airflow/.local/lib/python3.7/site-packages/airflow/example_dags/example_latest_only.py for tasks to queue
[2022-09-02T11:55:35.576+0000] {logging_mixin.py:115} INFO - [2022-09-02T11:55:35.576+0000] {dagbag.py:508} INFO - Filling up the DagBag from /home/airflow/.local/lib/python3.7/site-packages/airflow/example_dags/example_latest_only.py
[2022-09-02T11:55:35.580+0000] {processor.py:650} INFO - DAG(s) dict_keys(['latest_only']) retrieved from /home/airflow/.local/lib/python3.7/site-packages/airflow/example_dags/example_latest_only.py
[2022-09-02T11:55:35.600+0000] {logging_mixin.py:115} INFO - [2022-09-02T11:55:35.600+0000] {dag.py:2429} INFO - Sync 1 DAGs
[2022-09-02T11:55:35.615+0000] {logging_mixin.py:115} INFO - [2022-09-02T11:55:35.615+0000] {dag.py:2981} INFO - Setting next_dagrun for latest_only to 2022-09-02T07:55:35.615332+00:00, run_after=2022-09-02T11:55:35.615332+00:00
[2022-09-02T11:55:35.633+0000] {processor.py:161} INFO - Processing /home/airflow/.local/lib/python3.7/site-packages/airflow/example_dags/example_latest_only.py took 0.063 seconds
[2022-09-02T11:56:06.316+0000] {processor.py:153} INFO - Started process (PID=3527) to work on /home/airflow/.local/lib/python3.7/site-packages/airflow/example_dags/example_latest_only.py
[2022-09-02T11:56:06.318+0000] {processor.py:640} INFO - Processing file /home/airflow/.local/lib/python3.7/site-packages/airflow/example_dags/example_latest_only.py for tasks to queue
[2022-09-02T11:56:06.319+0000] {logging_mixin.py:115} INFO - [2022-09-02T11:56:06.319+0000] {dagbag.py:508} INFO - Filling up the DagBag from /home/airflow/.local/lib/python3.7/site-packages/airflow/example_dags/example_latest_only.py
[2022-09-02T11:56:06.323+0000] {processor.py:650} INFO - DAG(s) dict_keys(['latest_only']) retrieved from /home/airflow/.local/lib/python3.7/site-packages/airflow/example_dags/example_latest_only.py
[2022-09-02T11:56:06.342+0000] {logging_mixin.py:115} INFO - [2022-09-02T11:56:06.341+0000] {dag.py:2429} INFO - Sync 1 DAGs
[2022-09-02T11:56:06.357+0000] {logging_mixin.py:115} INFO - [2022-09-02T11:56:06.357+0000] {dag.py:2981} INFO - Setting next_dagrun for latest_only to 2022-09-02T07:56:06.357651+00:00, run_after=2022-09-02T11:56:06.357651+00:00
[2022-09-02T11:56:06.369+0000] {processor.py:161} INFO - Processing /home/airflow/.local/lib/python3.7/site-packages/airflow/example_dags/example_latest_only.py took 0.055 seconds
[2022-09-02T11:56:37.259+0000] {processor.py:153} INFO - Started process (PID=3723) to work on /home/airflow/.local/lib/python3.7/site-packages/airflow/example_dags/example_latest_only.py
[2022-09-02T11:56:37.261+0000] {processor.py:640} INFO - Processing file /home/airflow/.local/lib/python3.7/site-packages/airflow/example_dags/example_latest_only.py for tasks to queue
[2022-09-02T11:56:37.262+0000] {logging_mixin.py:115} INFO - [2022-09-02T11:56:37.262+0000] {dagbag.py:508} INFO - Filling up the DagBag from /home/airflow/.local/lib/python3.7/site-packages/airflow/example_dags/example_latest_only.py
[2022-09-02T11:56:37.266+0000] {processor.py:650} INFO - DAG(s) dict_keys(['latest_only']) retrieved from /home/airflow/.local/lib/python3.7/site-packages/airflow/example_dags/example_latest_only.py
[2022-09-02T11:56:37.288+0000] {logging_mixin.py:115} INFO - [2022-09-02T11:56:37.288+0000] {dag.py:2429} INFO - Sync 1 DAGs
[2022-09-02T11:56:37.304+0000] {logging_mixin.py:115} INFO - [2022-09-02T11:56:37.304+0000] {dag.py:2981} INFO - Setting next_dagrun for latest_only to 2022-09-02T07:56:37.303880+00:00, run_after=2022-09-02T11:56:37.303880+00:00
[2022-09-02T11:56:37.314+0000] {processor.py:161} INFO - Processing /home/airflow/.local/lib/python3.7/site-packages/airflow/example_dags/example_latest_only.py took 0.057 seconds
[2022-09-02T11:57:08.027+0000] {processor.py:153} INFO - Started process (PID=3920) to work on /home/airflow/.local/lib/python3.7/site-packages/airflow/example_dags/example_latest_only.py
[2022-09-02T11:57:08.029+0000] {processor.py:640} INFO - Processing file /home/airflow/.local/lib/python3.7/site-packages/airflow/example_dags/example_latest_only.py for tasks to queue
[2022-09-02T11:57:08.030+0000] {logging_mixin.py:115} INFO - [2022-09-02T11:57:08.030+0000] {dagbag.py:508} INFO - Filling up the DagBag from /home/airflow/.local/lib/python3.7/site-packages/airflow/example_dags/example_latest_only.py
[2022-09-02T11:57:08.035+0000] {processor.py:650} INFO - DAG(s) dict_keys(['latest_only']) retrieved from /home/airflow/.local/lib/python3.7/site-packages/airflow/example_dags/example_latest_only.py
[2022-09-02T11:57:08.055+0000] {logging_mixin.py:115} INFO - [2022-09-02T11:57:08.055+0000] {dag.py:2429} INFO - Sync 1 DAGs
[2022-09-02T11:57:08.071+0000] {logging_mixin.py:115} INFO - [2022-09-02T11:57:08.070+0000] {dag.py:2981} INFO - Setting next_dagrun for latest_only to 2022-09-02T07:57:08.070790+00:00, run_after=2022-09-02T11:57:08.070790+00:00
[2022-09-02T11:57:08.081+0000] {processor.py:161} INFO - Processing /home/airflow/.local/lib/python3.7/site-packages/airflow/example_dags/example_latest_only.py took 0.057 seconds
[2022-09-02T11:57:38.887+0000] {processor.py:153} INFO - Started process (PID=4115) to work on /home/airflow/.local/lib/python3.7/site-packages/airflow/example_dags/example_latest_only.py
[2022-09-02T11:57:38.889+0000] {processor.py:640} INFO - Processing file /home/airflow/.local/lib/python3.7/site-packages/airflow/example_dags/example_latest_only.py for tasks to queue
[2022-09-02T11:57:38.891+0000] {logging_mixin.py:115} INFO - [2022-09-02T11:57:38.891+0000] {dagbag.py:508} INFO - Filling up the DagBag from /home/airflow/.local/lib/python3.7/site-packages/airflow/example_dags/example_latest_only.py
[2022-09-02T11:57:38.894+0000] {processor.py:650} INFO - DAG(s) dict_keys(['latest_only']) retrieved from /home/airflow/.local/lib/python3.7/site-packages/airflow/example_dags/example_latest_only.py
[2022-09-02T11:57:38.912+0000] {logging_mixin.py:115} INFO - [2022-09-02T11:57:38.912+0000] {dag.py:2429} INFO - Sync 1 DAGs
[2022-09-02T11:57:38.929+0000] {logging_mixin.py:115} INFO - [2022-09-02T11:57:38.929+0000] {dag.py:2981} INFO - Setting next_dagrun for latest_only to 2022-09-02T07:57:38.929260+00:00, run_after=2022-09-02T11:57:38.929260+00:00
[2022-09-02T11:57:38.937+0000] {processor.py:161} INFO - Processing /home/airflow/.local/lib/python3.7/site-packages/airflow/example_dags/example_latest_only.py took 0.052 seconds
[2022-09-02T11:58:09.730+0000] {processor.py:153} INFO - Started process (PID=4313) to work on /home/airflow/.local/lib/python3.7/site-packages/airflow/example_dags/example_latest_only.py
[2022-09-02T11:58:09.731+0000] {processor.py:640} INFO - Processing file /home/airflow/.local/lib/python3.7/site-packages/airflow/example_dags/example_latest_only.py for tasks to queue
[2022-09-02T11:58:09.733+0000] {logging_mixin.py:115} INFO - [2022-09-02T11:58:09.733+0000] {dagbag.py:508} INFO - Filling up the DagBag from /home/airflow/.local/lib/python3.7/site-packages/airflow/example_dags/example_latest_only.py
[2022-09-02T11:58:09.737+0000] {processor.py:650} INFO - DAG(s) dict_keys(['latest_only']) retrieved from /home/airflow/.local/lib/python3.7/site-packages/airflow/example_dags/example_latest_only.py
[2022-09-02T11:58:09.755+0000] {logging_mixin.py:115} INFO - [2022-09-02T11:58:09.755+0000] {dag.py:2429} INFO - Sync 1 DAGs
[2022-09-02T11:58:09.771+0000] {logging_mixin.py:115} INFO - [2022-09-02T11:58:09.771+0000] {dag.py:2981} INFO - Setting next_dagrun for latest_only to 2022-09-02T07:58:09.771265+00:00, run_after=2022-09-02T11:58:09.771265+00:00
[2022-09-02T11:58:09.778+0000] {processor.py:161} INFO - Processing /home/airflow/.local/lib/python3.7/site-packages/airflow/example_dags/example_latest_only.py took 0.051 seconds
[2022-09-02T11:58:40.573+0000] {processor.py:153} INFO - Started process (PID=4509) to work on /home/airflow/.local/lib/python3.7/site-packages/airflow/example_dags/example_latest_only.py
[2022-09-02T11:58:40.575+0000] {processor.py:640} INFO - Processing file /home/airflow/.local/lib/python3.7/site-packages/airflow/example_dags/example_latest_only.py for tasks to queue
[2022-09-02T11:58:40.577+0000] {logging_mixin.py:115} INFO - [2022-09-02T11:58:40.577+0000] {dagbag.py:508} INFO - Filling up the DagBag from /home/airflow/.local/lib/python3.7/site-packages/airflow/example_dags/example_latest_only.py
[2022-09-02T11:58:40.582+0000] {processor.py:650} INFO - DAG(s) dict_keys(['latest_only']) retrieved from /home/airflow/.local/lib/python3.7/site-packages/airflow/example_dags/example_latest_only.py
[2022-09-02T11:58:40.603+0000] {logging_mixin.py:115} INFO - [2022-09-02T11:58:40.603+0000] {dag.py:2429} INFO - Sync 1 DAGs
[2022-09-02T11:58:40.622+0000] {logging_mixin.py:115} INFO - [2022-09-02T11:58:40.622+0000] {dag.py:2981} INFO - Setting next_dagrun for latest_only to 2022-09-02T07:58:40.621944+00:00, run_after=2022-09-02T11:58:40.621944+00:00
[2022-09-02T11:58:40.630+0000] {processor.py:161} INFO - Processing /home/airflow/.local/lib/python3.7/site-packages/airflow/example_dags/example_latest_only.py took 0.059 seconds
[2022-09-02T11:59:11.515+0000] {processor.py:153} INFO - Started process (PID=4697) to work on /home/airflow/.local/lib/python3.7/site-packages/airflow/example_dags/example_latest_only.py
[2022-09-02T11:59:11.517+0000] {processor.py:640} INFO - Processing file /home/airflow/.local/lib/python3.7/site-packages/airflow/example_dags/example_latest_only.py for tasks to queue
[2022-09-02T11:59:11.519+0000] {logging_mixin.py:115} INFO - [2022-09-02T11:59:11.518+0000] {dagbag.py:508} INFO - Filling up the DagBag from /home/airflow/.local/lib/python3.7/site-packages/airflow/example_dags/example_latest_only.py
[2022-09-02T11:59:11.524+0000] {processor.py:650} INFO - DAG(s) dict_keys(['latest_only']) retrieved from /home/airflow/.local/lib/python3.7/site-packages/airflow/example_dags/example_latest_only.py
[2022-09-02T11:59:11.550+0000] {logging_mixin.py:115} INFO - [2022-09-02T11:59:11.550+0000] {dag.py:2429} INFO - Sync 1 DAGs
[2022-09-02T11:59:11.569+0000] {logging_mixin.py:115} INFO - [2022-09-02T11:59:11.569+0000] {dag.py:2981} INFO - Setting next_dagrun for latest_only to 2022-09-02T07:59:11.568806+00:00, run_after=2022-09-02T11:59:11.568806+00:00
[2022-09-02T11:59:11.579+0000] {processor.py:161} INFO - Processing /home/airflow/.local/lib/python3.7/site-packages/airflow/example_dags/example_latest_only.py took 0.066 seconds
[2022-09-02T11:59:42.279+0000] {processor.py:153} INFO - Started process (PID=4894) to work on /home/airflow/.local/lib/python3.7/site-packages/airflow/example_dags/example_latest_only.py
[2022-09-02T11:59:42.281+0000] {processor.py:640} INFO - Processing file /home/airflow/.local/lib/python3.7/site-packages/airflow/example_dags/example_latest_only.py for tasks to queue
[2022-09-02T11:59:42.282+0000] {logging_mixin.py:115} INFO - [2022-09-02T11:59:42.282+0000] {dagbag.py:508} INFO - Filling up the DagBag from /home/airflow/.local/lib/python3.7/site-packages/airflow/example_dags/example_latest_only.py
[2022-09-02T11:59:42.286+0000] {processor.py:650} INFO - DAG(s) dict_keys(['latest_only']) retrieved from /home/airflow/.local/lib/python3.7/site-packages/airflow/example_dags/example_latest_only.py
[2022-09-02T11:59:42.307+0000] {logging_mixin.py:115} INFO - [2022-09-02T11:59:42.307+0000] {dag.py:2429} INFO - Sync 1 DAGs
[2022-09-02T11:59:42.325+0000] {logging_mixin.py:115} INFO - [2022-09-02T11:59:42.325+0000] {dag.py:2981} INFO - Setting next_dagrun for latest_only to 2022-09-02T07:59:42.325655+00:00, run_after=2022-09-02T11:59:42.325655+00:00
[2022-09-02T11:59:42.335+0000] {processor.py:161} INFO - Processing /home/airflow/.local/lib/python3.7/site-packages/airflow/example_dags/example_latest_only.py took 0.059 seconds
[2022-09-02T12:00:13.210+0000] {processor.py:153} INFO - Started process (PID=5091) to work on /home/airflow/.local/lib/python3.7/site-packages/airflow/example_dags/example_latest_only.py
[2022-09-02T12:00:13.211+0000] {processor.py:640} INFO - Processing file /home/airflow/.local/lib/python3.7/site-packages/airflow/example_dags/example_latest_only.py for tasks to queue
[2022-09-02T12:00:13.212+0000] {logging_mixin.py:115} INFO - [2022-09-02T12:00:13.212+0000] {dagbag.py:508} INFO - Filling up the DagBag from /home/airflow/.local/lib/python3.7/site-packages/airflow/example_dags/example_latest_only.py
[2022-09-02T12:00:13.216+0000] {processor.py:650} INFO - DAG(s) dict_keys(['latest_only']) retrieved from /home/airflow/.local/lib/python3.7/site-packages/airflow/example_dags/example_latest_only.py
[2022-09-02T12:00:13.235+0000] {logging_mixin.py:115} INFO - [2022-09-02T12:00:13.235+0000] {dag.py:2429} INFO - Sync 1 DAGs
[2022-09-02T12:00:13.252+0000] {logging_mixin.py:115} INFO - [2022-09-02T12:00:13.252+0000] {dag.py:2981} INFO - Setting next_dagrun for latest_only to 2022-09-02T08:00:13.252467+00:00, run_after=2022-09-02T12:00:13.252467+00:00
[2022-09-02T12:00:13.260+0000] {processor.py:161} INFO - Processing /home/airflow/.local/lib/python3.7/site-packages/airflow/example_dags/example_latest_only.py took 0.053 seconds
[2022-09-02T12:00:44.006+0000] {processor.py:153} INFO - Started process (PID=5288) to work on /home/airflow/.local/lib/python3.7/site-packages/airflow/example_dags/example_latest_only.py
[2022-09-02T12:00:44.008+0000] {processor.py:640} INFO - Processing file /home/airflow/.local/lib/python3.7/site-packages/airflow/example_dags/example_latest_only.py for tasks to queue
[2022-09-02T12:00:44.010+0000] {logging_mixin.py:115} INFO - [2022-09-02T12:00:44.009+0000] {dagbag.py:508} INFO - Filling up the DagBag from /home/airflow/.local/lib/python3.7/site-packages/airflow/example_dags/example_latest_only.py
[2022-09-02T12:00:44.013+0000] {processor.py:650} INFO - DAG(s) dict_keys(['latest_only']) retrieved from /home/airflow/.local/lib/python3.7/site-packages/airflow/example_dags/example_latest_only.py
[2022-09-02T12:00:44.033+0000] {logging_mixin.py:115} INFO - [2022-09-02T12:00:44.033+0000] {dag.py:2429} INFO - Sync 1 DAGs
[2022-09-02T12:00:44.048+0000] {logging_mixin.py:115} INFO - [2022-09-02T12:00:44.048+0000] {dag.py:2981} INFO - Setting next_dagrun for latest_only to 2022-09-02T08:00:44.048402+00:00, run_after=2022-09-02T12:00:44.048402+00:00
[2022-09-02T12:00:44.058+0000] {processor.py:161} INFO - Processing /home/airflow/.local/lib/python3.7/site-packages/airflow/example_dags/example_latest_only.py took 0.053 seconds
[2022-09-02T12:01:14.681+0000] {processor.py:153} INFO - Started process (PID=5485) to work on /home/airflow/.local/lib/python3.7/site-packages/airflow/example_dags/example_latest_only.py
[2022-09-02T12:01:14.684+0000] {processor.py:640} INFO - Processing file /home/airflow/.local/lib/python3.7/site-packages/airflow/example_dags/example_latest_only.py for tasks to queue
[2022-09-02T12:01:14.685+0000] {logging_mixin.py:115} INFO - [2022-09-02T12:01:14.685+0000] {dagbag.py:508} INFO - Filling up the DagBag from /home/airflow/.local/lib/python3.7/site-packages/airflow/example_dags/example_latest_only.py
[2022-09-02T12:01:14.689+0000] {processor.py:650} INFO - DAG(s) dict_keys(['latest_only']) retrieved from /home/airflow/.local/lib/python3.7/site-packages/airflow/example_dags/example_latest_only.py
[2022-09-02T12:01:14.708+0000] {logging_mixin.py:115} INFO - [2022-09-02T12:01:14.708+0000] {dag.py:2429} INFO - Sync 1 DAGs
[2022-09-02T12:01:14.723+0000] {logging_mixin.py:115} INFO - [2022-09-02T12:01:14.723+0000] {dag.py:2981} INFO - Setting next_dagrun for latest_only to 2022-09-02T08:01:14.723420+00:00, run_after=2022-09-02T12:01:14.723420+00:00
[2022-09-02T12:01:14.731+0000] {processor.py:161} INFO - Processing /home/airflow/.local/lib/python3.7/site-packages/airflow/example_dags/example_latest_only.py took 0.052 seconds
[2022-09-02T12:01:45.388+0000] {processor.py:153} INFO - Started process (PID=5684) to work on /home/airflow/.local/lib/python3.7/site-packages/airflow/example_dags/example_latest_only.py
[2022-09-02T12:01:45.389+0000] {processor.py:640} INFO - Processing file /home/airflow/.local/lib/python3.7/site-packages/airflow/example_dags/example_latest_only.py for tasks to queue
[2022-09-02T12:01:45.390+0000] {logging_mixin.py:115} INFO - [2022-09-02T12:01:45.390+0000] {dagbag.py:508} INFO - Filling up the DagBag from /home/airflow/.local/lib/python3.7/site-packages/airflow/example_dags/example_latest_only.py
[2022-09-02T12:01:45.393+0000] {processor.py:650} INFO - DAG(s) dict_keys(['latest_only']) retrieved from /home/airflow/.local/lib/python3.7/site-packages/airflow/example_dags/example_latest_only.py
[2022-09-02T12:01:45.409+0000] {logging_mixin.py:115} INFO - [2022-09-02T12:01:45.409+0000] {dag.py:2429} INFO - Sync 1 DAGs
[2022-09-02T12:01:45.422+0000] {logging_mixin.py:115} INFO - [2022-09-02T12:01:45.422+0000] {dag.py:2981} INFO - Setting next_dagrun for latest_only to 2022-09-02T08:01:45.422144+00:00, run_after=2022-09-02T12:01:45.422144+00:00
[2022-09-02T12:01:45.428+0000] {processor.py:161} INFO - Processing /home/airflow/.local/lib/python3.7/site-packages/airflow/example_dags/example_latest_only.py took 0.043 seconds
[2022-09-02T12:02:16.195+0000] {processor.py:153} INFO - Started process (PID=5897) to work on /home/airflow/.local/lib/python3.7/site-packages/airflow/example_dags/example_latest_only.py
[2022-09-02T12:02:16.197+0000] {processor.py:640} INFO - Processing file /home/airflow/.local/lib/python3.7/site-packages/airflow/example_dags/example_latest_only.py for tasks to queue
[2022-09-02T12:02:16.198+0000] {logging_mixin.py:115} INFO - [2022-09-02T12:02:16.198+0000] {dagbag.py:508} INFO - Filling up the DagBag from /home/airflow/.local/lib/python3.7/site-packages/airflow/example_dags/example_latest_only.py
[2022-09-02T12:02:16.203+0000] {processor.py:650} INFO - DAG(s) dict_keys(['latest_only']) retrieved from /home/airflow/.local/lib/python3.7/site-packages/airflow/example_dags/example_latest_only.py
[2022-09-02T12:02:16.221+0000] {logging_mixin.py:115} INFO - [2022-09-02T12:02:16.221+0000] {dag.py:2429} INFO - Sync 1 DAGs
[2022-09-02T12:02:16.237+0000] {logging_mixin.py:115} INFO - [2022-09-02T12:02:16.237+0000] {dag.py:2981} INFO - Setting next_dagrun for latest_only to 2022-09-02T08:02:16.237497+00:00, run_after=2022-09-02T12:02:16.237497+00:00
[2022-09-02T12:02:16.246+0000] {processor.py:161} INFO - Processing /home/airflow/.local/lib/python3.7/site-packages/airflow/example_dags/example_latest_only.py took 0.053 seconds
[2022-09-02T12:02:47.186+0000] {processor.py:153} INFO - Started process (PID=6085) to work on /home/airflow/.local/lib/python3.7/site-packages/airflow/example_dags/example_latest_only.py
[2022-09-02T12:02:47.189+0000] {processor.py:640} INFO - Processing file /home/airflow/.local/lib/python3.7/site-packages/airflow/example_dags/example_latest_only.py for tasks to queue
[2022-09-02T12:02:47.190+0000] {logging_mixin.py:115} INFO - [2022-09-02T12:02:47.190+0000] {dagbag.py:508} INFO - Filling up the DagBag from /home/airflow/.local/lib/python3.7/site-packages/airflow/example_dags/example_latest_only.py
[2022-09-02T12:02:47.193+0000] {processor.py:650} INFO - DAG(s) dict_keys(['latest_only']) retrieved from /home/airflow/.local/lib/python3.7/site-packages/airflow/example_dags/example_latest_only.py
[2022-09-02T12:02:47.212+0000] {logging_mixin.py:115} INFO - [2022-09-02T12:02:47.211+0000] {dag.py:2429} INFO - Sync 1 DAGs
[2022-09-02T12:02:47.228+0000] {logging_mixin.py:115} INFO - [2022-09-02T12:02:47.228+0000] {dag.py:2981} INFO - Setting next_dagrun for latest_only to 2022-09-02T08:02:47.228119+00:00, run_after=2022-09-02T12:02:47.228119+00:00
[2022-09-02T12:02:47.236+0000] {processor.py:161} INFO - Processing /home/airflow/.local/lib/python3.7/site-packages/airflow/example_dags/example_latest_only.py took 0.053 seconds
[2022-09-02T12:03:17.971+0000] {processor.py:153} INFO - Started process (PID=6282) to work on /home/airflow/.local/lib/python3.7/site-packages/airflow/example_dags/example_latest_only.py
[2022-09-02T12:03:17.972+0000] {processor.py:640} INFO - Processing file /home/airflow/.local/lib/python3.7/site-packages/airflow/example_dags/example_latest_only.py for tasks to queue
[2022-09-02T12:03:17.975+0000] {logging_mixin.py:115} INFO - [2022-09-02T12:03:17.974+0000] {dagbag.py:508} INFO - Filling up the DagBag from /home/airflow/.local/lib/python3.7/site-packages/airflow/example_dags/example_latest_only.py
[2022-09-02T12:03:17.979+0000] {processor.py:650} INFO - DAG(s) dict_keys(['latest_only']) retrieved from /home/airflow/.local/lib/python3.7/site-packages/airflow/example_dags/example_latest_only.py
[2022-09-02T12:03:18.002+0000] {logging_mixin.py:115} INFO - [2022-09-02T12:03:18.002+0000] {dag.py:2429} INFO - Sync 1 DAGs
[2022-09-02T12:03:18.017+0000] {logging_mixin.py:115} INFO - [2022-09-02T12:03:18.017+0000] {dag.py:2981} INFO - Setting next_dagrun for latest_only to 2022-09-02T08:03:18.017208+00:00, run_after=2022-09-02T12:03:18.017208+00:00
[2022-09-02T12:03:18.026+0000] {processor.py:161} INFO - Processing /home/airflow/.local/lib/python3.7/site-packages/airflow/example_dags/example_latest_only.py took 0.058 seconds
[2022-09-02T12:03:48.747+0000] {processor.py:153} INFO - Started process (PID=6478) to work on /home/airflow/.local/lib/python3.7/site-packages/airflow/example_dags/example_latest_only.py
[2022-09-02T12:03:48.749+0000] {processor.py:640} INFO - Processing file /home/airflow/.local/lib/python3.7/site-packages/airflow/example_dags/example_latest_only.py for tasks to queue
[2022-09-02T12:03:48.750+0000] {logging_mixin.py:115} INFO - [2022-09-02T12:03:48.750+0000] {dagbag.py:508} INFO - Filling up the DagBag from /home/airflow/.local/lib/python3.7/site-packages/airflow/example_dags/example_latest_only.py
[2022-09-02T12:03:48.754+0000] {processor.py:650} INFO - DAG(s) dict_keys(['latest_only']) retrieved from /home/airflow/.local/lib/python3.7/site-packages/airflow/example_dags/example_latest_only.py
[2022-09-02T12:03:48.772+0000] {logging_mixin.py:115} INFO - [2022-09-02T12:03:48.771+0000] {dag.py:2429} INFO - Sync 1 DAGs
[2022-09-02T12:03:48.789+0000] {logging_mixin.py:115} INFO - [2022-09-02T12:03:48.789+0000] {dag.py:2981} INFO - Setting next_dagrun for latest_only to 2022-09-02T08:03:48.788742+00:00, run_after=2022-09-02T12:03:48.788742+00:00
[2022-09-02T12:03:48.796+0000] {processor.py:161} INFO - Processing /home/airflow/.local/lib/python3.7/site-packages/airflow/example_dags/example_latest_only.py took 0.051 seconds
[2022-09-02T12:04:19.480+0000] {processor.py:153} INFO - Started process (PID=6676) to work on /home/airflow/.local/lib/python3.7/site-packages/airflow/example_dags/example_latest_only.py
[2022-09-02T12:04:19.484+0000] {processor.py:640} INFO - Processing file /home/airflow/.local/lib/python3.7/site-packages/airflow/example_dags/example_latest_only.py for tasks to queue
[2022-09-02T12:04:19.485+0000] {logging_mixin.py:115} INFO - [2022-09-02T12:04:19.485+0000] {dagbag.py:508} INFO - Filling up the DagBag from /home/airflow/.local/lib/python3.7/site-packages/airflow/example_dags/example_latest_only.py
[2022-09-02T12:04:19.489+0000] {processor.py:650} INFO - DAG(s) dict_keys(['latest_only']) retrieved from /home/airflow/.local/lib/python3.7/site-packages/airflow/example_dags/example_latest_only.py
[2022-09-02T12:04:19.509+0000] {logging_mixin.py:115} INFO - [2022-09-02T12:04:19.509+0000] {dag.py:2429} INFO - Sync 1 DAGs
[2022-09-02T12:04:19.528+0000] {logging_mixin.py:115} INFO - [2022-09-02T12:04:19.527+0000] {dag.py:2981} INFO - Setting next_dagrun for latest_only to 2022-09-02T08:04:19.527818+00:00, run_after=2022-09-02T12:04:19.527818+00:00
[2022-09-02T12:04:19.535+0000] {processor.py:161} INFO - Processing /home/airflow/.local/lib/python3.7/site-packages/airflow/example_dags/example_latest_only.py took 0.058 seconds
[2022-09-02T12:04:50.273+0000] {processor.py:153} INFO - Started process (PID=6873) to work on /home/airflow/.local/lib/python3.7/site-packages/airflow/example_dags/example_latest_only.py
[2022-09-02T12:04:50.275+0000] {processor.py:640} INFO - Processing file /home/airflow/.local/lib/python3.7/site-packages/airflow/example_dags/example_latest_only.py for tasks to queue
[2022-09-02T12:04:50.276+0000] {logging_mixin.py:115} INFO - [2022-09-02T12:04:50.276+0000] {dagbag.py:508} INFO - Filling up the DagBag from /home/airflow/.local/lib/python3.7/site-packages/airflow/example_dags/example_latest_only.py
[2022-09-02T12:04:50.281+0000] {processor.py:650} INFO - DAG(s) dict_keys(['latest_only']) retrieved from /home/airflow/.local/lib/python3.7/site-packages/airflow/example_dags/example_latest_only.py
[2022-09-02T12:04:50.300+0000] {logging_mixin.py:115} INFO - [2022-09-02T12:04:50.300+0000] {dag.py:2429} INFO - Sync 1 DAGs
[2022-09-02T12:04:50.326+0000] {logging_mixin.py:115} INFO - [2022-09-02T12:04:50.326+0000] {dag.py:2981} INFO - Setting next_dagrun for latest_only to 2022-09-02T08:04:50.326497+00:00, run_after=2022-09-02T12:04:50.326497+00:00
[2022-09-02T12:04:50.335+0000] {processor.py:161} INFO - Processing /home/airflow/.local/lib/python3.7/site-packages/airflow/example_dags/example_latest_only.py took 0.065 seconds
[2022-09-02T12:05:21.155+0000] {processor.py:153} INFO - Started process (PID=7073) to work on /home/airflow/.local/lib/python3.7/site-packages/airflow/example_dags/example_latest_only.py
[2022-09-02T12:05:21.157+0000] {processor.py:640} INFO - Processing file /home/airflow/.local/lib/python3.7/site-packages/airflow/example_dags/example_latest_only.py for tasks to queue
[2022-09-02T12:05:21.159+0000] {logging_mixin.py:115} INFO - [2022-09-02T12:05:21.159+0000] {dagbag.py:508} INFO - Filling up the DagBag from /home/airflow/.local/lib/python3.7/site-packages/airflow/example_dags/example_latest_only.py
[2022-09-02T12:05:21.165+0000] {processor.py:650} INFO - DAG(s) dict_keys(['latest_only']) retrieved from /home/airflow/.local/lib/python3.7/site-packages/airflow/example_dags/example_latest_only.py
[2022-09-02T12:05:21.190+0000] {logging_mixin.py:115} INFO - [2022-09-02T12:05:21.190+0000] {dag.py:2429} INFO - Sync 1 DAGs
[2022-09-02T12:05:21.207+0000] {logging_mixin.py:115} INFO - [2022-09-02T12:05:21.207+0000] {dag.py:2981} INFO - Setting next_dagrun for latest_only to 2022-09-02T08:05:21.207325+00:00, run_after=2022-09-02T12:05:21.207325+00:00
[2022-09-02T12:05:21.216+0000] {processor.py:161} INFO - Processing /home/airflow/.local/lib/python3.7/site-packages/airflow/example_dags/example_latest_only.py took 0.063 seconds
[2022-09-02T12:05:51.888+0000] {processor.py:153} INFO - Started process (PID=7259) to work on /home/airflow/.local/lib/python3.7/site-packages/airflow/example_dags/example_latest_only.py
[2022-09-02T12:05:51.890+0000] {processor.py:640} INFO - Processing file /home/airflow/.local/lib/python3.7/site-packages/airflow/example_dags/example_latest_only.py for tasks to queue
[2022-09-02T12:05:51.891+0000] {logging_mixin.py:115} INFO - [2022-09-02T12:05:51.891+0000] {dagbag.py:508} INFO - Filling up the DagBag from /home/airflow/.local/lib/python3.7/site-packages/airflow/example_dags/example_latest_only.py
[2022-09-02T12:05:51.896+0000] {processor.py:650} INFO - DAG(s) dict_keys(['latest_only']) retrieved from /home/airflow/.local/lib/python3.7/site-packages/airflow/example_dags/example_latest_only.py
[2022-09-02T12:05:51.916+0000] {logging_mixin.py:115} INFO - [2022-09-02T12:05:51.916+0000] {dag.py:2429} INFO - Sync 1 DAGs
[2022-09-02T12:05:51.933+0000] {logging_mixin.py:115} INFO - [2022-09-02T12:05:51.933+0000] {dag.py:2981} INFO - Setting next_dagrun for latest_only to 2022-09-02T08:05:51.933655+00:00, run_after=2022-09-02T12:05:51.933655+00:00
[2022-09-02T12:05:51.942+0000] {processor.py:161} INFO - Processing /home/airflow/.local/lib/python3.7/site-packages/airflow/example_dags/example_latest_only.py took 0.057 seconds
[2022-09-02T12:06:22.746+0000] {processor.py:153} INFO - Started process (PID=7457) to work on /home/airflow/.local/lib/python3.7/site-packages/airflow/example_dags/example_latest_only.py
[2022-09-02T12:06:22.747+0000] {processor.py:640} INFO - Processing file /home/airflow/.local/lib/python3.7/site-packages/airflow/example_dags/example_latest_only.py for tasks to queue
[2022-09-02T12:06:22.749+0000] {logging_mixin.py:115} INFO - [2022-09-02T12:06:22.748+0000] {dagbag.py:508} INFO - Filling up the DagBag from /home/airflow/.local/lib/python3.7/site-packages/airflow/example_dags/example_latest_only.py
[2022-09-02T12:06:22.753+0000] {processor.py:650} INFO - DAG(s) dict_keys(['latest_only']) retrieved from /home/airflow/.local/lib/python3.7/site-packages/airflow/example_dags/example_latest_only.py
[2022-09-02T12:06:22.771+0000] {logging_mixin.py:115} INFO - [2022-09-02T12:06:22.771+0000] {dag.py:2429} INFO - Sync 1 DAGs
[2022-09-02T12:06:22.787+0000] {logging_mixin.py:115} INFO - [2022-09-02T12:06:22.787+0000] {dag.py:2981} INFO - Setting next_dagrun for latest_only to 2022-09-02T08:06:22.787209+00:00, run_after=2022-09-02T12:06:22.787209+00:00
[2022-09-02T12:06:22.795+0000] {processor.py:161} INFO - Processing /home/airflow/.local/lib/python3.7/site-packages/airflow/example_dags/example_latest_only.py took 0.052 seconds
[2022-09-02T12:06:53.542+0000] {processor.py:153} INFO - Started process (PID=7653) to work on /home/airflow/.local/lib/python3.7/site-packages/airflow/example_dags/example_latest_only.py
[2022-09-02T12:06:53.544+0000] {processor.py:640} INFO - Processing file /home/airflow/.local/lib/python3.7/site-packages/airflow/example_dags/example_latest_only.py for tasks to queue
[2022-09-02T12:06:53.545+0000] {logging_mixin.py:115} INFO - [2022-09-02T12:06:53.544+0000] {dagbag.py:508} INFO - Filling up the DagBag from /home/airflow/.local/lib/python3.7/site-packages/airflow/example_dags/example_latest_only.py
[2022-09-02T12:06:53.549+0000] {processor.py:650} INFO - DAG(s) dict_keys(['latest_only']) retrieved from /home/airflow/.local/lib/python3.7/site-packages/airflow/example_dags/example_latest_only.py
[2022-09-02T12:06:53.569+0000] {logging_mixin.py:115} INFO - [2022-09-02T12:06:53.569+0000] {dag.py:2429} INFO - Sync 1 DAGs
[2022-09-02T12:06:53.585+0000] {logging_mixin.py:115} INFO - [2022-09-02T12:06:53.585+0000] {dag.py:2981} INFO - Setting next_dagrun for latest_only to 2022-09-02T08:06:53.585530+00:00, run_after=2022-09-02T12:06:53.585530+00:00
[2022-09-02T12:06:53.594+0000] {processor.py:161} INFO - Processing /home/airflow/.local/lib/python3.7/site-packages/airflow/example_dags/example_latest_only.py took 0.054 seconds
[2022-09-02T12:07:24.459+0000] {processor.py:153} INFO - Started process (PID=7850) to work on /home/airflow/.local/lib/python3.7/site-packages/airflow/example_dags/example_latest_only.py
[2022-09-02T12:07:24.461+0000] {processor.py:640} INFO - Processing file /home/airflow/.local/lib/python3.7/site-packages/airflow/example_dags/example_latest_only.py for tasks to queue
[2022-09-02T12:07:24.464+0000] {logging_mixin.py:115} INFO - [2022-09-02T12:07:24.464+0000] {dagbag.py:508} INFO - Filling up the DagBag from /home/airflow/.local/lib/python3.7/site-packages/airflow/example_dags/example_latest_only.py
[2022-09-02T12:07:24.468+0000] {processor.py:650} INFO - DAG(s) dict_keys(['latest_only']) retrieved from /home/airflow/.local/lib/python3.7/site-packages/airflow/example_dags/example_latest_only.py
[2022-09-02T12:07:24.491+0000] {logging_mixin.py:115} INFO - [2022-09-02T12:07:24.491+0000] {dag.py:2429} INFO - Sync 1 DAGs
[2022-09-02T12:07:24.508+0000] {logging_mixin.py:115} INFO - [2022-09-02T12:07:24.508+0000] {dag.py:2981} INFO - Setting next_dagrun for latest_only to 2022-09-02T08:07:24.507984+00:00, run_after=2022-09-02T12:07:24.507984+00:00
[2022-09-02T12:07:24.518+0000] {processor.py:161} INFO - Processing /home/airflow/.local/lib/python3.7/site-packages/airflow/example_dags/example_latest_only.py took 0.061 seconds
[2022-09-02T12:07:55.443+0000] {processor.py:153} INFO - Started process (PID=8047) to work on /home/airflow/.local/lib/python3.7/site-packages/airflow/example_dags/example_latest_only.py
[2022-09-02T12:07:55.445+0000] {processor.py:640} INFO - Processing file /home/airflow/.local/lib/python3.7/site-packages/airflow/example_dags/example_latest_only.py for tasks to queue
[2022-09-02T12:07:55.447+0000] {logging_mixin.py:115} INFO - [2022-09-02T12:07:55.446+0000] {dagbag.py:508} INFO - Filling up the DagBag from /home/airflow/.local/lib/python3.7/site-packages/airflow/example_dags/example_latest_only.py
[2022-09-02T12:07:55.450+0000] {processor.py:650} INFO - DAG(s) dict_keys(['latest_only']) retrieved from /home/airflow/.local/lib/python3.7/site-packages/airflow/example_dags/example_latest_only.py
[2022-09-02T12:07:55.471+0000] {logging_mixin.py:115} INFO - [2022-09-02T12:07:55.471+0000] {dag.py:2429} INFO - Sync 1 DAGs
[2022-09-02T12:07:55.487+0000] {logging_mixin.py:115} INFO - [2022-09-02T12:07:55.487+0000] {dag.py:2981} INFO - Setting next_dagrun for latest_only to 2022-09-02T08:07:55.487296+00:00, run_after=2022-09-02T12:07:55.487296+00:00
[2022-09-02T12:07:55.496+0000] {processor.py:161} INFO - Processing /home/airflow/.local/lib/python3.7/site-packages/airflow/example_dags/example_latest_only.py took 0.055 seconds
