[2022-09-02T11:47:24.857+0000] {processor.py:153} INFO - Started process (PID=245) to work on /home/airflow/.local/lib/python3.7/site-packages/airflow/example_dags/example_branch_python_dop_operator_3.py
[2022-09-02T11:47:24.859+0000] {processor.py:640} INFO - Processing file /home/airflow/.local/lib/python3.7/site-packages/airflow/example_dags/example_branch_python_dop_operator_3.py for tasks to queue
[2022-09-02T11:47:24.860+0000] {logging_mixin.py:115} INFO - [2022-09-02T11:47:24.860+0000] {dagbag.py:508} INFO - Filling up the DagBag from /home/airflow/.local/lib/python3.7/site-packages/airflow/example_dags/example_branch_python_dop_operator_3.py
[2022-09-02T11:47:24.868+0000] {processor.py:650} INFO - DAG(s) dict_keys(['example_branch_dop_operator_v3']) retrieved from /home/airflow/.local/lib/python3.7/site-packages/airflow/example_dags/example_branch_python_dop_operator_3.py
[2022-09-02T11:47:24.923+0000] {logging_mixin.py:115} INFO - [2022-09-02T11:47:24.923+0000] {manager.py:508} INFO - Created Permission View: can edit on DAG:example_branch_dop_operator_v3
[2022-09-02T11:47:24.935+0000] {logging_mixin.py:115} INFO - [2022-09-02T11:47:24.935+0000] {manager.py:508} INFO - Created Permission View: can delete on DAG:example_branch_dop_operator_v3
[2022-09-02T11:47:24.992+0000] {logging_mixin.py:115} INFO - [2022-09-02T11:47:24.992+0000] {manager.py:508} INFO - Created Permission View: can read on DAG:example_branch_dop_operator_v3
[2022-09-02T11:47:24.993+0000] {logging_mixin.py:115} INFO - [2022-09-02T11:47:24.993+0000] {dag.py:2429} INFO - Sync 1 DAGs
[2022-09-02T11:47:25.000+0000] {logging_mixin.py:115} INFO - [2022-09-02T11:47:25.000+0000] {dag.py:2448} INFO - Creating ORM DAG for example_branch_dop_operator_v3
[2022-09-02T11:47:25.011+0000] {logging_mixin.py:115} INFO - [2022-09-02T11:47:25.010+0000] {dag.py:2981} INFO - Setting next_dagrun for example_branch_dop_operator_v3 to 2022-09-02T11:46:00+00:00, run_after=2022-09-02T11:47:00+00:00
[2022-09-02T11:47:25.022+0000] {processor.py:161} INFO - Processing /home/airflow/.local/lib/python3.7/site-packages/airflow/example_dags/example_branch_python_dop_operator_3.py took 0.167 seconds
[2022-09-02T11:47:55.264+0000] {processor.py:153} INFO - Started process (PID=442) to work on /home/airflow/.local/lib/python3.7/site-packages/airflow/example_dags/example_branch_python_dop_operator_3.py
[2022-09-02T11:47:55.266+0000] {processor.py:640} INFO - Processing file /home/airflow/.local/lib/python3.7/site-packages/airflow/example_dags/example_branch_python_dop_operator_3.py for tasks to queue
[2022-09-02T11:47:55.267+0000] {logging_mixin.py:115} INFO - [2022-09-02T11:47:55.267+0000] {dagbag.py:508} INFO - Filling up the DagBag from /home/airflow/.local/lib/python3.7/site-packages/airflow/example_dags/example_branch_python_dop_operator_3.py
[2022-09-02T11:47:55.274+0000] {processor.py:650} INFO - DAG(s) dict_keys(['example_branch_dop_operator_v3']) retrieved from /home/airflow/.local/lib/python3.7/site-packages/airflow/example_dags/example_branch_python_dop_operator_3.py
[2022-09-02T11:47:55.293+0000] {logging_mixin.py:115} INFO - [2022-09-02T11:47:55.293+0000] {dag.py:2429} INFO - Sync 1 DAGs
[2022-09-02T11:47:55.313+0000] {logging_mixin.py:115} INFO - [2022-09-02T11:47:55.313+0000] {dag.py:2981} INFO - Setting next_dagrun for example_branch_dop_operator_v3 to 2022-09-02T11:46:00+00:00, run_after=2022-09-02T11:47:00+00:00
[2022-09-02T11:47:55.326+0000] {processor.py:161} INFO - Processing /home/airflow/.local/lib/python3.7/site-packages/airflow/example_dags/example_branch_python_dop_operator_3.py took 0.065 seconds
[2022-09-02T11:48:25.476+0000] {processor.py:153} INFO - Started process (PID=640) to work on /home/airflow/.local/lib/python3.7/site-packages/airflow/example_dags/example_branch_python_dop_operator_3.py
[2022-09-02T11:48:25.478+0000] {processor.py:640} INFO - Processing file /home/airflow/.local/lib/python3.7/site-packages/airflow/example_dags/example_branch_python_dop_operator_3.py for tasks to queue
[2022-09-02T11:48:25.479+0000] {logging_mixin.py:115} INFO - [2022-09-02T11:48:25.479+0000] {dagbag.py:508} INFO - Filling up the DagBag from /home/airflow/.local/lib/python3.7/site-packages/airflow/example_dags/example_branch_python_dop_operator_3.py
[2022-09-02T11:48:25.486+0000] {processor.py:650} INFO - DAG(s) dict_keys(['example_branch_dop_operator_v3']) retrieved from /home/airflow/.local/lib/python3.7/site-packages/airflow/example_dags/example_branch_python_dop_operator_3.py
[2022-09-02T11:48:25.504+0000] {logging_mixin.py:115} INFO - [2022-09-02T11:48:25.504+0000] {dag.py:2429} INFO - Sync 1 DAGs
[2022-09-02T11:48:25.520+0000] {logging_mixin.py:115} INFO - [2022-09-02T11:48:25.520+0000] {dag.py:2981} INFO - Setting next_dagrun for example_branch_dop_operator_v3 to 2022-09-02T11:47:00+00:00, run_after=2022-09-02T11:48:00+00:00
[2022-09-02T11:48:25.531+0000] {processor.py:161} INFO - Processing /home/airflow/.local/lib/python3.7/site-packages/airflow/example_dags/example_branch_python_dop_operator_3.py took 0.057 seconds
[2022-09-02T11:48:56.528+0000] {processor.py:153} INFO - Started process (PID=836) to work on /home/airflow/.local/lib/python3.7/site-packages/airflow/example_dags/example_branch_python_dop_operator_3.py
[2022-09-02T11:48:56.529+0000] {processor.py:640} INFO - Processing file /home/airflow/.local/lib/python3.7/site-packages/airflow/example_dags/example_branch_python_dop_operator_3.py for tasks to queue
[2022-09-02T11:48:56.530+0000] {logging_mixin.py:115} INFO - [2022-09-02T11:48:56.530+0000] {dagbag.py:508} INFO - Filling up the DagBag from /home/airflow/.local/lib/python3.7/site-packages/airflow/example_dags/example_branch_python_dop_operator_3.py
[2022-09-02T11:48:56.538+0000] {processor.py:650} INFO - DAG(s) dict_keys(['example_branch_dop_operator_v3']) retrieved from /home/airflow/.local/lib/python3.7/site-packages/airflow/example_dags/example_branch_python_dop_operator_3.py
[2022-09-02T11:48:56.557+0000] {logging_mixin.py:115} INFO - [2022-09-02T11:48:56.557+0000] {dag.py:2429} INFO - Sync 1 DAGs
[2022-09-02T11:48:56.572+0000] {logging_mixin.py:115} INFO - [2022-09-02T11:48:56.572+0000] {dag.py:2981} INFO - Setting next_dagrun for example_branch_dop_operator_v3 to 2022-09-02T11:47:00+00:00, run_after=2022-09-02T11:48:00+00:00
[2022-09-02T11:48:56.582+0000] {processor.py:161} INFO - Processing /home/airflow/.local/lib/python3.7/site-packages/airflow/example_dags/example_branch_python_dop_operator_3.py took 0.056 seconds
[2022-09-02T11:49:27.370+0000] {processor.py:153} INFO - Started process (PID=1031) to work on /home/airflow/.local/lib/python3.7/site-packages/airflow/example_dags/example_branch_python_dop_operator_3.py
[2022-09-02T11:49:27.372+0000] {processor.py:640} INFO - Processing file /home/airflow/.local/lib/python3.7/site-packages/airflow/example_dags/example_branch_python_dop_operator_3.py for tasks to queue
[2022-09-02T11:49:27.373+0000] {logging_mixin.py:115} INFO - [2022-09-02T11:49:27.373+0000] {dagbag.py:508} INFO - Filling up the DagBag from /home/airflow/.local/lib/python3.7/site-packages/airflow/example_dags/example_branch_python_dop_operator_3.py
[2022-09-02T11:49:27.380+0000] {processor.py:650} INFO - DAG(s) dict_keys(['example_branch_dop_operator_v3']) retrieved from /home/airflow/.local/lib/python3.7/site-packages/airflow/example_dags/example_branch_python_dop_operator_3.py
[2022-09-02T11:49:27.399+0000] {logging_mixin.py:115} INFO - [2022-09-02T11:49:27.399+0000] {dag.py:2429} INFO - Sync 1 DAGs
[2022-09-02T11:49:27.417+0000] {logging_mixin.py:115} INFO - [2022-09-02T11:49:27.417+0000] {dag.py:2981} INFO - Setting next_dagrun for example_branch_dop_operator_v3 to 2022-09-02T11:48:00+00:00, run_after=2022-09-02T11:49:00+00:00
[2022-09-02T11:49:27.432+0000] {processor.py:161} INFO - Processing /home/airflow/.local/lib/python3.7/site-packages/airflow/example_dags/example_branch_python_dop_operator_3.py took 0.064 seconds
[2022-09-02T11:49:58.257+0000] {processor.py:153} INFO - Started process (PID=1223) to work on /home/airflow/.local/lib/python3.7/site-packages/airflow/example_dags/example_branch_python_dop_operator_3.py
[2022-09-02T11:49:58.260+0000] {processor.py:640} INFO - Processing file /home/airflow/.local/lib/python3.7/site-packages/airflow/example_dags/example_branch_python_dop_operator_3.py for tasks to queue
[2022-09-02T11:49:58.263+0000] {logging_mixin.py:115} INFO - [2022-09-02T11:49:58.262+0000] {dagbag.py:508} INFO - Filling up the DagBag from /home/airflow/.local/lib/python3.7/site-packages/airflow/example_dags/example_branch_python_dop_operator_3.py
[2022-09-02T11:49:58.269+0000] {processor.py:650} INFO - DAG(s) dict_keys(['example_branch_dop_operator_v3']) retrieved from /home/airflow/.local/lib/python3.7/site-packages/airflow/example_dags/example_branch_python_dop_operator_3.py
[2022-09-02T11:49:58.287+0000] {logging_mixin.py:115} INFO - [2022-09-02T11:49:58.287+0000] {dag.py:2429} INFO - Sync 1 DAGs
[2022-09-02T11:49:58.302+0000] {logging_mixin.py:115} INFO - [2022-09-02T11:49:58.302+0000] {dag.py:2981} INFO - Setting next_dagrun for example_branch_dop_operator_v3 to 2022-09-02T11:48:00+00:00, run_after=2022-09-02T11:49:00+00:00
[2022-09-02T11:49:58.311+0000] {processor.py:161} INFO - Processing /home/airflow/.local/lib/python3.7/site-packages/airflow/example_dags/example_branch_python_dop_operator_3.py took 0.056 seconds
[2022-09-02T11:50:29.039+0000] {processor.py:153} INFO - Started process (PID=1418) to work on /home/airflow/.local/lib/python3.7/site-packages/airflow/example_dags/example_branch_python_dop_operator_3.py
[2022-09-02T11:50:29.040+0000] {processor.py:640} INFO - Processing file /home/airflow/.local/lib/python3.7/site-packages/airflow/example_dags/example_branch_python_dop_operator_3.py for tasks to queue
[2022-09-02T11:50:29.042+0000] {logging_mixin.py:115} INFO - [2022-09-02T11:50:29.042+0000] {dagbag.py:508} INFO - Filling up the DagBag from /home/airflow/.local/lib/python3.7/site-packages/airflow/example_dags/example_branch_python_dop_operator_3.py
[2022-09-02T11:50:29.048+0000] {processor.py:650} INFO - DAG(s) dict_keys(['example_branch_dop_operator_v3']) retrieved from /home/airflow/.local/lib/python3.7/site-packages/airflow/example_dags/example_branch_python_dop_operator_3.py
[2022-09-02T11:50:29.065+0000] {logging_mixin.py:115} INFO - [2022-09-02T11:50:29.065+0000] {dag.py:2429} INFO - Sync 1 DAGs
[2022-09-02T11:50:29.080+0000] {logging_mixin.py:115} INFO - [2022-09-02T11:50:29.080+0000] {dag.py:2981} INFO - Setting next_dagrun for example_branch_dop_operator_v3 to 2022-09-02T11:49:00+00:00, run_after=2022-09-02T11:50:00+00:00
[2022-09-02T11:50:29.089+0000] {processor.py:161} INFO - Processing /home/airflow/.local/lib/python3.7/site-packages/airflow/example_dags/example_branch_python_dop_operator_3.py took 0.052 seconds
[2022-09-02T11:50:59.752+0000] {processor.py:153} INFO - Started process (PID=1617) to work on /home/airflow/.local/lib/python3.7/site-packages/airflow/example_dags/example_branch_python_dop_operator_3.py
[2022-09-02T11:50:59.753+0000] {processor.py:640} INFO - Processing file /home/airflow/.local/lib/python3.7/site-packages/airflow/example_dags/example_branch_python_dop_operator_3.py for tasks to queue
[2022-09-02T11:50:59.755+0000] {logging_mixin.py:115} INFO - [2022-09-02T11:50:59.755+0000] {dagbag.py:508} INFO - Filling up the DagBag from /home/airflow/.local/lib/python3.7/site-packages/airflow/example_dags/example_branch_python_dop_operator_3.py
[2022-09-02T11:50:59.761+0000] {processor.py:650} INFO - DAG(s) dict_keys(['example_branch_dop_operator_v3']) retrieved from /home/airflow/.local/lib/python3.7/site-packages/airflow/example_dags/example_branch_python_dop_operator_3.py
[2022-09-02T11:50:59.779+0000] {logging_mixin.py:115} INFO - [2022-09-02T11:50:59.779+0000] {dag.py:2429} INFO - Sync 1 DAGs
[2022-09-02T11:50:59.794+0000] {logging_mixin.py:115} INFO - [2022-09-02T11:50:59.794+0000] {dag.py:2981} INFO - Setting next_dagrun for example_branch_dop_operator_v3 to 2022-09-02T11:49:00+00:00, run_after=2022-09-02T11:50:00+00:00
[2022-09-02T11:50:59.804+0000] {processor.py:161} INFO - Processing /home/airflow/.local/lib/python3.7/site-packages/airflow/example_dags/example_branch_python_dop_operator_3.py took 0.055 seconds
[2022-09-02T11:51:30.558+0000] {processor.py:153} INFO - Started process (PID=1815) to work on /home/airflow/.local/lib/python3.7/site-packages/airflow/example_dags/example_branch_python_dop_operator_3.py
[2022-09-02T11:51:30.560+0000] {processor.py:640} INFO - Processing file /home/airflow/.local/lib/python3.7/site-packages/airflow/example_dags/example_branch_python_dop_operator_3.py for tasks to queue
[2022-09-02T11:51:30.564+0000] {logging_mixin.py:115} INFO - [2022-09-02T11:51:30.564+0000] {dagbag.py:508} INFO - Filling up the DagBag from /home/airflow/.local/lib/python3.7/site-packages/airflow/example_dags/example_branch_python_dop_operator_3.py
[2022-09-02T11:51:30.571+0000] {processor.py:650} INFO - DAG(s) dict_keys(['example_branch_dop_operator_v3']) retrieved from /home/airflow/.local/lib/python3.7/site-packages/airflow/example_dags/example_branch_python_dop_operator_3.py
[2022-09-02T11:51:30.590+0000] {logging_mixin.py:115} INFO - [2022-09-02T11:51:30.589+0000] {dag.py:2429} INFO - Sync 1 DAGs
[2022-09-02T11:51:30.605+0000] {logging_mixin.py:115} INFO - [2022-09-02T11:51:30.605+0000] {dag.py:2981} INFO - Setting next_dagrun for example_branch_dop_operator_v3 to 2022-09-02T11:50:00+00:00, run_after=2022-09-02T11:51:00+00:00
[2022-09-02T11:51:30.615+0000] {processor.py:161} INFO - Processing /home/airflow/.local/lib/python3.7/site-packages/airflow/example_dags/example_branch_python_dop_operator_3.py took 0.059 seconds
[2022-09-02T11:52:01.326+0000] {processor.py:153} INFO - Started process (PID=2014) to work on /home/airflow/.local/lib/python3.7/site-packages/airflow/example_dags/example_branch_python_dop_operator_3.py
[2022-09-02T11:52:01.328+0000] {processor.py:640} INFO - Processing file /home/airflow/.local/lib/python3.7/site-packages/airflow/example_dags/example_branch_python_dop_operator_3.py for tasks to queue
[2022-09-02T11:52:01.329+0000] {logging_mixin.py:115} INFO - [2022-09-02T11:52:01.329+0000] {dagbag.py:508} INFO - Filling up the DagBag from /home/airflow/.local/lib/python3.7/site-packages/airflow/example_dags/example_branch_python_dop_operator_3.py
[2022-09-02T11:52:01.335+0000] {processor.py:650} INFO - DAG(s) dict_keys(['example_branch_dop_operator_v3']) retrieved from /home/airflow/.local/lib/python3.7/site-packages/airflow/example_dags/example_branch_python_dop_operator_3.py
[2022-09-02T11:52:01.354+0000] {logging_mixin.py:115} INFO - [2022-09-02T11:52:01.354+0000] {dag.py:2429} INFO - Sync 1 DAGs
[2022-09-02T11:52:01.371+0000] {logging_mixin.py:115} INFO - [2022-09-02T11:52:01.371+0000] {dag.py:2981} INFO - Setting next_dagrun for example_branch_dop_operator_v3 to 2022-09-02T11:51:00+00:00, run_after=2022-09-02T11:52:00+00:00
[2022-09-02T11:52:01.410+0000] {processor.py:161} INFO - Processing /home/airflow/.local/lib/python3.7/site-packages/airflow/example_dags/example_branch_python_dop_operator_3.py took 0.087 seconds
[2022-09-02T11:52:32.319+0000] {processor.py:153} INFO - Started process (PID=2211) to work on /home/airflow/.local/lib/python3.7/site-packages/airflow/example_dags/example_branch_python_dop_operator_3.py
[2022-09-02T11:52:32.321+0000] {processor.py:640} INFO - Processing file /home/airflow/.local/lib/python3.7/site-packages/airflow/example_dags/example_branch_python_dop_operator_3.py for tasks to queue
[2022-09-02T11:52:32.322+0000] {logging_mixin.py:115} INFO - [2022-09-02T11:52:32.322+0000] {dagbag.py:508} INFO - Filling up the DagBag from /home/airflow/.local/lib/python3.7/site-packages/airflow/example_dags/example_branch_python_dop_operator_3.py
[2022-09-02T11:52:32.329+0000] {processor.py:650} INFO - DAG(s) dict_keys(['example_branch_dop_operator_v3']) retrieved from /home/airflow/.local/lib/python3.7/site-packages/airflow/example_dags/example_branch_python_dop_operator_3.py
[2022-09-02T11:52:32.346+0000] {logging_mixin.py:115} INFO - [2022-09-02T11:52:32.346+0000] {dag.py:2429} INFO - Sync 1 DAGs
[2022-09-02T11:52:32.360+0000] {logging_mixin.py:115} INFO - [2022-09-02T11:52:32.360+0000] {dag.py:2981} INFO - Setting next_dagrun for example_branch_dop_operator_v3 to 2022-09-02T11:51:00+00:00, run_after=2022-09-02T11:52:00+00:00
[2022-09-02T11:52:32.371+0000] {processor.py:161} INFO - Processing /home/airflow/.local/lib/python3.7/site-packages/airflow/example_dags/example_branch_python_dop_operator_3.py took 0.054 seconds
[2022-09-02T11:53:03.006+0000] {processor.py:153} INFO - Started process (PID=2400) to work on /home/airflow/.local/lib/python3.7/site-packages/airflow/example_dags/example_branch_python_dop_operator_3.py
[2022-09-02T11:53:03.008+0000] {processor.py:640} INFO - Processing file /home/airflow/.local/lib/python3.7/site-packages/airflow/example_dags/example_branch_python_dop_operator_3.py for tasks to queue
[2022-09-02T11:53:03.009+0000] {logging_mixin.py:115} INFO - [2022-09-02T11:53:03.009+0000] {dagbag.py:508} INFO - Filling up the DagBag from /home/airflow/.local/lib/python3.7/site-packages/airflow/example_dags/example_branch_python_dop_operator_3.py
[2022-09-02T11:53:03.015+0000] {processor.py:650} INFO - DAG(s) dict_keys(['example_branch_dop_operator_v3']) retrieved from /home/airflow/.local/lib/python3.7/site-packages/airflow/example_dags/example_branch_python_dop_operator_3.py
[2022-09-02T11:53:03.032+0000] {logging_mixin.py:115} INFO - [2022-09-02T11:53:03.032+0000] {dag.py:2429} INFO - Sync 1 DAGs
[2022-09-02T11:53:03.047+0000] {logging_mixin.py:115} INFO - [2022-09-02T11:53:03.047+0000] {dag.py:2981} INFO - Setting next_dagrun for example_branch_dop_operator_v3 to 2022-09-02T11:52:00+00:00, run_after=2022-09-02T11:53:00+00:00
[2022-09-02T11:53:03.056+0000] {processor.py:161} INFO - Processing /home/airflow/.local/lib/python3.7/site-packages/airflow/example_dags/example_branch_python_dop_operator_3.py took 0.052 seconds
[2022-09-02T11:53:33.868+0000] {processor.py:153} INFO - Started process (PID=2596) to work on /home/airflow/.local/lib/python3.7/site-packages/airflow/example_dags/example_branch_python_dop_operator_3.py
[2022-09-02T11:53:33.869+0000] {processor.py:640} INFO - Processing file /home/airflow/.local/lib/python3.7/site-packages/airflow/example_dags/example_branch_python_dop_operator_3.py for tasks to queue
[2022-09-02T11:53:33.870+0000] {logging_mixin.py:115} INFO - [2022-09-02T11:53:33.870+0000] {dagbag.py:508} INFO - Filling up the DagBag from /home/airflow/.local/lib/python3.7/site-packages/airflow/example_dags/example_branch_python_dop_operator_3.py
[2022-09-02T11:53:33.879+0000] {processor.py:650} INFO - DAG(s) dict_keys(['example_branch_dop_operator_v3']) retrieved from /home/airflow/.local/lib/python3.7/site-packages/airflow/example_dags/example_branch_python_dop_operator_3.py
[2022-09-02T11:53:33.899+0000] {logging_mixin.py:115} INFO - [2022-09-02T11:53:33.899+0000] {dag.py:2429} INFO - Sync 1 DAGs
[2022-09-02T11:53:33.915+0000] {logging_mixin.py:115} INFO - [2022-09-02T11:53:33.915+0000] {dag.py:2981} INFO - Setting next_dagrun for example_branch_dop_operator_v3 to 2022-09-02T11:52:00+00:00, run_after=2022-09-02T11:53:00+00:00
[2022-09-02T11:53:33.925+0000] {processor.py:161} INFO - Processing /home/airflow/.local/lib/python3.7/site-packages/airflow/example_dags/example_branch_python_dop_operator_3.py took 0.060 seconds
[2022-09-02T11:54:04.637+0000] {processor.py:153} INFO - Started process (PID=2795) to work on /home/airflow/.local/lib/python3.7/site-packages/airflow/example_dags/example_branch_python_dop_operator_3.py
[2022-09-02T11:54:04.639+0000] {processor.py:640} INFO - Processing file /home/airflow/.local/lib/python3.7/site-packages/airflow/example_dags/example_branch_python_dop_operator_3.py for tasks to queue
[2022-09-02T11:54:04.641+0000] {logging_mixin.py:115} INFO - [2022-09-02T11:54:04.641+0000] {dagbag.py:508} INFO - Filling up the DagBag from /home/airflow/.local/lib/python3.7/site-packages/airflow/example_dags/example_branch_python_dop_operator_3.py
[2022-09-02T11:54:04.649+0000] {processor.py:650} INFO - DAG(s) dict_keys(['example_branch_dop_operator_v3']) retrieved from /home/airflow/.local/lib/python3.7/site-packages/airflow/example_dags/example_branch_python_dop_operator_3.py
[2022-09-02T11:54:04.667+0000] {logging_mixin.py:115} INFO - [2022-09-02T11:54:04.667+0000] {dag.py:2429} INFO - Sync 1 DAGs
[2022-09-02T11:54:04.684+0000] {logging_mixin.py:115} INFO - [2022-09-02T11:54:04.684+0000] {dag.py:2981} INFO - Setting next_dagrun for example_branch_dop_operator_v3 to 2022-09-02T11:53:00+00:00, run_after=2022-09-02T11:54:00+00:00
[2022-09-02T11:54:04.695+0000] {processor.py:161} INFO - Processing /home/airflow/.local/lib/python3.7/site-packages/airflow/example_dags/example_branch_python_dop_operator_3.py took 0.061 seconds
[2022-09-02T11:54:35.461+0000] {processor.py:153} INFO - Started process (PID=2991) to work on /home/airflow/.local/lib/python3.7/site-packages/airflow/example_dags/example_branch_python_dop_operator_3.py
[2022-09-02T11:54:35.463+0000] {processor.py:640} INFO - Processing file /home/airflow/.local/lib/python3.7/site-packages/airflow/example_dags/example_branch_python_dop_operator_3.py for tasks to queue
[2022-09-02T11:54:35.464+0000] {logging_mixin.py:115} INFO - [2022-09-02T11:54:35.464+0000] {dagbag.py:508} INFO - Filling up the DagBag from /home/airflow/.local/lib/python3.7/site-packages/airflow/example_dags/example_branch_python_dop_operator_3.py
[2022-09-02T11:54:35.472+0000] {processor.py:650} INFO - DAG(s) dict_keys(['example_branch_dop_operator_v3']) retrieved from /home/airflow/.local/lib/python3.7/site-packages/airflow/example_dags/example_branch_python_dop_operator_3.py
[2022-09-02T11:54:35.489+0000] {logging_mixin.py:115} INFO - [2022-09-02T11:54:35.488+0000] {dag.py:2429} INFO - Sync 1 DAGs
[2022-09-02T11:54:35.504+0000] {logging_mixin.py:115} INFO - [2022-09-02T11:54:35.504+0000] {dag.py:2981} INFO - Setting next_dagrun for example_branch_dop_operator_v3 to 2022-09-02T11:53:00+00:00, run_after=2022-09-02T11:54:00+00:00
[2022-09-02T11:54:35.513+0000] {processor.py:161} INFO - Processing /home/airflow/.local/lib/python3.7/site-packages/airflow/example_dags/example_branch_python_dop_operator_3.py took 0.054 seconds
[2022-09-02T11:55:06.157+0000] {processor.py:153} INFO - Started process (PID=3187) to work on /home/airflow/.local/lib/python3.7/site-packages/airflow/example_dags/example_branch_python_dop_operator_3.py
[2022-09-02T11:55:06.158+0000] {processor.py:640} INFO - Processing file /home/airflow/.local/lib/python3.7/site-packages/airflow/example_dags/example_branch_python_dop_operator_3.py for tasks to queue
[2022-09-02T11:55:06.160+0000] {logging_mixin.py:115} INFO - [2022-09-02T11:55:06.160+0000] {dagbag.py:508} INFO - Filling up the DagBag from /home/airflow/.local/lib/python3.7/site-packages/airflow/example_dags/example_branch_python_dop_operator_3.py
[2022-09-02T11:55:06.167+0000] {processor.py:650} INFO - DAG(s) dict_keys(['example_branch_dop_operator_v3']) retrieved from /home/airflow/.local/lib/python3.7/site-packages/airflow/example_dags/example_branch_python_dop_operator_3.py
[2022-09-02T11:55:06.187+0000] {logging_mixin.py:115} INFO - [2022-09-02T11:55:06.187+0000] {dag.py:2429} INFO - Sync 1 DAGs
[2022-09-02T11:55:06.203+0000] {logging_mixin.py:115} INFO - [2022-09-02T11:55:06.203+0000] {dag.py:2981} INFO - Setting next_dagrun for example_branch_dop_operator_v3 to 2022-09-02T11:54:00+00:00, run_after=2022-09-02T11:55:00+00:00
[2022-09-02T11:55:06.214+0000] {processor.py:161} INFO - Processing /home/airflow/.local/lib/python3.7/site-packages/airflow/example_dags/example_branch_python_dop_operator_3.py took 0.061 seconds
[2022-09-02T11:55:37.043+0000] {processor.py:153} INFO - Started process (PID=3385) to work on /home/airflow/.local/lib/python3.7/site-packages/airflow/example_dags/example_branch_python_dop_operator_3.py
[2022-09-02T11:55:37.046+0000] {processor.py:640} INFO - Processing file /home/airflow/.local/lib/python3.7/site-packages/airflow/example_dags/example_branch_python_dop_operator_3.py for tasks to queue
[2022-09-02T11:55:37.047+0000] {logging_mixin.py:115} INFO - [2022-09-02T11:55:37.047+0000] {dagbag.py:508} INFO - Filling up the DagBag from /home/airflow/.local/lib/python3.7/site-packages/airflow/example_dags/example_branch_python_dop_operator_3.py
[2022-09-02T11:55:37.055+0000] {processor.py:650} INFO - DAG(s) dict_keys(['example_branch_dop_operator_v3']) retrieved from /home/airflow/.local/lib/python3.7/site-packages/airflow/example_dags/example_branch_python_dop_operator_3.py
[2022-09-02T11:55:37.073+0000] {logging_mixin.py:115} INFO - [2022-09-02T11:55:37.073+0000] {dag.py:2429} INFO - Sync 1 DAGs
[2022-09-02T11:55:37.090+0000] {logging_mixin.py:115} INFO - [2022-09-02T11:55:37.090+0000] {dag.py:2981} INFO - Setting next_dagrun for example_branch_dop_operator_v3 to 2022-09-02T11:54:00+00:00, run_after=2022-09-02T11:55:00+00:00
[2022-09-02T11:55:37.101+0000] {processor.py:161} INFO - Processing /home/airflow/.local/lib/python3.7/site-packages/airflow/example_dags/example_branch_python_dop_operator_3.py took 0.060 seconds
[2022-09-02T11:56:07.819+0000] {processor.py:153} INFO - Started process (PID=3581) to work on /home/airflow/.local/lib/python3.7/site-packages/airflow/example_dags/example_branch_python_dop_operator_3.py
[2022-09-02T11:56:07.821+0000] {processor.py:640} INFO - Processing file /home/airflow/.local/lib/python3.7/site-packages/airflow/example_dags/example_branch_python_dop_operator_3.py for tasks to queue
[2022-09-02T11:56:07.822+0000] {logging_mixin.py:115} INFO - [2022-09-02T11:56:07.822+0000] {dagbag.py:508} INFO - Filling up the DagBag from /home/airflow/.local/lib/python3.7/site-packages/airflow/example_dags/example_branch_python_dop_operator_3.py
[2022-09-02T11:56:07.829+0000] {processor.py:650} INFO - DAG(s) dict_keys(['example_branch_dop_operator_v3']) retrieved from /home/airflow/.local/lib/python3.7/site-packages/airflow/example_dags/example_branch_python_dop_operator_3.py
[2022-09-02T11:56:07.849+0000] {logging_mixin.py:115} INFO - [2022-09-02T11:56:07.849+0000] {dag.py:2429} INFO - Sync 1 DAGs
[2022-09-02T11:56:07.869+0000] {logging_mixin.py:115} INFO - [2022-09-02T11:56:07.869+0000] {dag.py:2981} INFO - Setting next_dagrun for example_branch_dop_operator_v3 to 2022-09-02T11:55:00+00:00, run_after=2022-09-02T11:56:00+00:00
[2022-09-02T11:56:07.880+0000] {processor.py:161} INFO - Processing /home/airflow/.local/lib/python3.7/site-packages/airflow/example_dags/example_branch_python_dop_operator_3.py took 0.063 seconds
[2022-09-02T11:56:38.685+0000] {processor.py:153} INFO - Started process (PID=3768) to work on /home/airflow/.local/lib/python3.7/site-packages/airflow/example_dags/example_branch_python_dop_operator_3.py
[2022-09-02T11:56:38.687+0000] {processor.py:640} INFO - Processing file /home/airflow/.local/lib/python3.7/site-packages/airflow/example_dags/example_branch_python_dop_operator_3.py for tasks to queue
[2022-09-02T11:56:38.688+0000] {logging_mixin.py:115} INFO - [2022-09-02T11:56:38.688+0000] {dagbag.py:508} INFO - Filling up the DagBag from /home/airflow/.local/lib/python3.7/site-packages/airflow/example_dags/example_branch_python_dop_operator_3.py
[2022-09-02T11:56:38.695+0000] {processor.py:650} INFO - DAG(s) dict_keys(['example_branch_dop_operator_v3']) retrieved from /home/airflow/.local/lib/python3.7/site-packages/airflow/example_dags/example_branch_python_dop_operator_3.py
[2022-09-02T11:56:38.713+0000] {logging_mixin.py:115} INFO - [2022-09-02T11:56:38.713+0000] {dag.py:2429} INFO - Sync 1 DAGs
[2022-09-02T11:56:38.728+0000] {logging_mixin.py:115} INFO - [2022-09-02T11:56:38.728+0000] {dag.py:2981} INFO - Setting next_dagrun for example_branch_dop_operator_v3 to 2022-09-02T11:55:00+00:00, run_after=2022-09-02T11:56:00+00:00
[2022-09-02T11:56:38.739+0000] {processor.py:161} INFO - Processing /home/airflow/.local/lib/python3.7/site-packages/airflow/example_dags/example_branch_python_dop_operator_3.py took 0.056 seconds
[2022-09-02T11:57:09.483+0000] {processor.py:153} INFO - Started process (PID=3967) to work on /home/airflow/.local/lib/python3.7/site-packages/airflow/example_dags/example_branch_python_dop_operator_3.py
[2022-09-02T11:57:09.485+0000] {processor.py:640} INFO - Processing file /home/airflow/.local/lib/python3.7/site-packages/airflow/example_dags/example_branch_python_dop_operator_3.py for tasks to queue
[2022-09-02T11:57:09.487+0000] {logging_mixin.py:115} INFO - [2022-09-02T11:57:09.486+0000] {dagbag.py:508} INFO - Filling up the DagBag from /home/airflow/.local/lib/python3.7/site-packages/airflow/example_dags/example_branch_python_dop_operator_3.py
[2022-09-02T11:57:09.494+0000] {processor.py:650} INFO - DAG(s) dict_keys(['example_branch_dop_operator_v3']) retrieved from /home/airflow/.local/lib/python3.7/site-packages/airflow/example_dags/example_branch_python_dop_operator_3.py
[2022-09-02T11:57:09.511+0000] {logging_mixin.py:115} INFO - [2022-09-02T11:57:09.511+0000] {dag.py:2429} INFO - Sync 1 DAGs
[2022-09-02T11:57:09.526+0000] {logging_mixin.py:115} INFO - [2022-09-02T11:57:09.526+0000] {dag.py:2981} INFO - Setting next_dagrun for example_branch_dop_operator_v3 to 2022-09-02T11:56:00+00:00, run_after=2022-09-02T11:57:00+00:00
[2022-09-02T11:57:09.535+0000] {processor.py:161} INFO - Processing /home/airflow/.local/lib/python3.7/site-packages/airflow/example_dags/example_branch_python_dop_operator_3.py took 0.054 seconds
[2022-09-02T11:57:40.357+0000] {processor.py:153} INFO - Started process (PID=4160) to work on /home/airflow/.local/lib/python3.7/site-packages/airflow/example_dags/example_branch_python_dop_operator_3.py
[2022-09-02T11:57:40.359+0000] {processor.py:640} INFO - Processing file /home/airflow/.local/lib/python3.7/site-packages/airflow/example_dags/example_branch_python_dop_operator_3.py for tasks to queue
[2022-09-02T11:57:40.360+0000] {logging_mixin.py:115} INFO - [2022-09-02T11:57:40.360+0000] {dagbag.py:508} INFO - Filling up the DagBag from /home/airflow/.local/lib/python3.7/site-packages/airflow/example_dags/example_branch_python_dop_operator_3.py
[2022-09-02T11:57:40.367+0000] {processor.py:650} INFO - DAG(s) dict_keys(['example_branch_dop_operator_v3']) retrieved from /home/airflow/.local/lib/python3.7/site-packages/airflow/example_dags/example_branch_python_dop_operator_3.py
[2022-09-02T11:57:40.390+0000] {logging_mixin.py:115} INFO - [2022-09-02T11:57:40.390+0000] {dag.py:2429} INFO - Sync 1 DAGs
[2022-09-02T11:57:40.411+0000] {logging_mixin.py:115} INFO - [2022-09-02T11:57:40.411+0000] {dag.py:2981} INFO - Setting next_dagrun for example_branch_dop_operator_v3 to 2022-09-02T11:56:00+00:00, run_after=2022-09-02T11:57:00+00:00
[2022-09-02T11:57:40.423+0000] {processor.py:161} INFO - Processing /home/airflow/.local/lib/python3.7/site-packages/airflow/example_dags/example_branch_python_dop_operator_3.py took 0.068 seconds
[2022-09-02T11:58:11.218+0000] {processor.py:153} INFO - Started process (PID=4357) to work on /home/airflow/.local/lib/python3.7/site-packages/airflow/example_dags/example_branch_python_dop_operator_3.py
[2022-09-02T11:58:11.220+0000] {processor.py:640} INFO - Processing file /home/airflow/.local/lib/python3.7/site-packages/airflow/example_dags/example_branch_python_dop_operator_3.py for tasks to queue
[2022-09-02T11:58:11.222+0000] {logging_mixin.py:115} INFO - [2022-09-02T11:58:11.222+0000] {dagbag.py:508} INFO - Filling up the DagBag from /home/airflow/.local/lib/python3.7/site-packages/airflow/example_dags/example_branch_python_dop_operator_3.py
[2022-09-02T11:58:11.229+0000] {processor.py:650} INFO - DAG(s) dict_keys(['example_branch_dop_operator_v3']) retrieved from /home/airflow/.local/lib/python3.7/site-packages/airflow/example_dags/example_branch_python_dop_operator_3.py
[2022-09-02T11:58:11.247+0000] {logging_mixin.py:115} INFO - [2022-09-02T11:58:11.247+0000] {dag.py:2429} INFO - Sync 1 DAGs
[2022-09-02T11:58:11.264+0000] {logging_mixin.py:115} INFO - [2022-09-02T11:58:11.264+0000] {dag.py:2981} INFO - Setting next_dagrun for example_branch_dop_operator_v3 to 2022-09-02T11:57:00+00:00, run_after=2022-09-02T11:58:00+00:00
[2022-09-02T11:58:11.273+0000] {processor.py:161} INFO - Processing /home/airflow/.local/lib/python3.7/site-packages/airflow/example_dags/example_branch_python_dop_operator_3.py took 0.057 seconds
[2022-09-02T11:58:42.019+0000] {processor.py:153} INFO - Started process (PID=4556) to work on /home/airflow/.local/lib/python3.7/site-packages/airflow/example_dags/example_branch_python_dop_operator_3.py
[2022-09-02T11:58:42.022+0000] {processor.py:640} INFO - Processing file /home/airflow/.local/lib/python3.7/site-packages/airflow/example_dags/example_branch_python_dop_operator_3.py for tasks to queue
[2022-09-02T11:58:42.023+0000] {logging_mixin.py:115} INFO - [2022-09-02T11:58:42.023+0000] {dagbag.py:508} INFO - Filling up the DagBag from /home/airflow/.local/lib/python3.7/site-packages/airflow/example_dags/example_branch_python_dop_operator_3.py
[2022-09-02T11:58:42.032+0000] {processor.py:650} INFO - DAG(s) dict_keys(['example_branch_dop_operator_v3']) retrieved from /home/airflow/.local/lib/python3.7/site-packages/airflow/example_dags/example_branch_python_dop_operator_3.py
[2022-09-02T11:58:42.051+0000] {logging_mixin.py:115} INFO - [2022-09-02T11:58:42.051+0000] {dag.py:2429} INFO - Sync 1 DAGs
[2022-09-02T11:58:42.068+0000] {logging_mixin.py:115} INFO - [2022-09-02T11:58:42.068+0000] {dag.py:2981} INFO - Setting next_dagrun for example_branch_dop_operator_v3 to 2022-09-02T11:57:00+00:00, run_after=2022-09-02T11:58:00+00:00
[2022-09-02T11:58:42.076+0000] {processor.py:161} INFO - Processing /home/airflow/.local/lib/python3.7/site-packages/airflow/example_dags/example_branch_python_dop_operator_3.py took 0.059 seconds
[2022-09-02T11:59:12.982+0000] {processor.py:153} INFO - Started process (PID=4753) to work on /home/airflow/.local/lib/python3.7/site-packages/airflow/example_dags/example_branch_python_dop_operator_3.py
[2022-09-02T11:59:12.984+0000] {processor.py:640} INFO - Processing file /home/airflow/.local/lib/python3.7/site-packages/airflow/example_dags/example_branch_python_dop_operator_3.py for tasks to queue
[2022-09-02T11:59:12.988+0000] {logging_mixin.py:115} INFO - [2022-09-02T11:59:12.988+0000] {dagbag.py:508} INFO - Filling up the DagBag from /home/airflow/.local/lib/python3.7/site-packages/airflow/example_dags/example_branch_python_dop_operator_3.py
[2022-09-02T11:59:12.996+0000] {processor.py:650} INFO - DAG(s) dict_keys(['example_branch_dop_operator_v3']) retrieved from /home/airflow/.local/lib/python3.7/site-packages/airflow/example_dags/example_branch_python_dop_operator_3.py
[2022-09-02T11:59:13.016+0000] {logging_mixin.py:115} INFO - [2022-09-02T11:59:13.016+0000] {dag.py:2429} INFO - Sync 1 DAGs
[2022-09-02T11:59:13.036+0000] {logging_mixin.py:115} INFO - [2022-09-02T11:59:13.036+0000] {dag.py:2981} INFO - Setting next_dagrun for example_branch_dop_operator_v3 to 2022-09-02T11:58:00+00:00, run_after=2022-09-02T11:59:00+00:00
[2022-09-02T11:59:13.045+0000] {processor.py:161} INFO - Processing /home/airflow/.local/lib/python3.7/site-packages/airflow/example_dags/example_branch_python_dop_operator_3.py took 0.069 seconds
[2022-09-02T11:59:43.746+0000] {processor.py:153} INFO - Started process (PID=4941) to work on /home/airflow/.local/lib/python3.7/site-packages/airflow/example_dags/example_branch_python_dop_operator_3.py
[2022-09-02T11:59:43.748+0000] {processor.py:640} INFO - Processing file /home/airflow/.local/lib/python3.7/site-packages/airflow/example_dags/example_branch_python_dop_operator_3.py for tasks to queue
[2022-09-02T11:59:43.749+0000] {logging_mixin.py:115} INFO - [2022-09-02T11:59:43.749+0000] {dagbag.py:508} INFO - Filling up the DagBag from /home/airflow/.local/lib/python3.7/site-packages/airflow/example_dags/example_branch_python_dop_operator_3.py
[2022-09-02T11:59:43.755+0000] {processor.py:650} INFO - DAG(s) dict_keys(['example_branch_dop_operator_v3']) retrieved from /home/airflow/.local/lib/python3.7/site-packages/airflow/example_dags/example_branch_python_dop_operator_3.py
[2022-09-02T11:59:43.773+0000] {logging_mixin.py:115} INFO - [2022-09-02T11:59:43.773+0000] {dag.py:2429} INFO - Sync 1 DAGs
[2022-09-02T11:59:43.788+0000] {logging_mixin.py:115} INFO - [2022-09-02T11:59:43.788+0000] {dag.py:2981} INFO - Setting next_dagrun for example_branch_dop_operator_v3 to 2022-09-02T11:58:00+00:00, run_after=2022-09-02T11:59:00+00:00
[2022-09-02T11:59:43.796+0000] {processor.py:161} INFO - Processing /home/airflow/.local/lib/python3.7/site-packages/airflow/example_dags/example_branch_python_dop_operator_3.py took 0.052 seconds
[2022-09-02T12:00:14.636+0000] {processor.py:153} INFO - Started process (PID=5136) to work on /home/airflow/.local/lib/python3.7/site-packages/airflow/example_dags/example_branch_python_dop_operator_3.py
[2022-09-02T12:00:14.638+0000] {processor.py:640} INFO - Processing file /home/airflow/.local/lib/python3.7/site-packages/airflow/example_dags/example_branch_python_dop_operator_3.py for tasks to queue
[2022-09-02T12:00:14.639+0000] {logging_mixin.py:115} INFO - [2022-09-02T12:00:14.639+0000] {dagbag.py:508} INFO - Filling up the DagBag from /home/airflow/.local/lib/python3.7/site-packages/airflow/example_dags/example_branch_python_dop_operator_3.py
[2022-09-02T12:00:14.646+0000] {processor.py:650} INFO - DAG(s) dict_keys(['example_branch_dop_operator_v3']) retrieved from /home/airflow/.local/lib/python3.7/site-packages/airflow/example_dags/example_branch_python_dop_operator_3.py
[2022-09-02T12:00:14.666+0000] {logging_mixin.py:115} INFO - [2022-09-02T12:00:14.666+0000] {dag.py:2429} INFO - Sync 1 DAGs
[2022-09-02T12:00:14.684+0000] {logging_mixin.py:115} INFO - [2022-09-02T12:00:14.684+0000] {dag.py:2981} INFO - Setting next_dagrun for example_branch_dop_operator_v3 to 2022-09-02T11:59:00+00:00, run_after=2022-09-02T12:00:00+00:00
[2022-09-02T12:00:14.692+0000] {processor.py:161} INFO - Processing /home/airflow/.local/lib/python3.7/site-packages/airflow/example_dags/example_branch_python_dop_operator_3.py took 0.058 seconds
[2022-09-02T12:00:45.458+0000] {processor.py:153} INFO - Started process (PID=5333) to work on /home/airflow/.local/lib/python3.7/site-packages/airflow/example_dags/example_branch_python_dop_operator_3.py
[2022-09-02T12:00:45.460+0000] {processor.py:640} INFO - Processing file /home/airflow/.local/lib/python3.7/site-packages/airflow/example_dags/example_branch_python_dop_operator_3.py for tasks to queue
[2022-09-02T12:00:45.461+0000] {logging_mixin.py:115} INFO - [2022-09-02T12:00:45.461+0000] {dagbag.py:508} INFO - Filling up the DagBag from /home/airflow/.local/lib/python3.7/site-packages/airflow/example_dags/example_branch_python_dop_operator_3.py
[2022-09-02T12:00:45.470+0000] {processor.py:650} INFO - DAG(s) dict_keys(['example_branch_dop_operator_v3']) retrieved from /home/airflow/.local/lib/python3.7/site-packages/airflow/example_dags/example_branch_python_dop_operator_3.py
[2022-09-02T12:00:45.493+0000] {logging_mixin.py:115} INFO - [2022-09-02T12:00:45.493+0000] {dag.py:2429} INFO - Sync 1 DAGs
[2022-09-02T12:00:45.545+0000] {logging_mixin.py:115} INFO - [2022-09-02T12:00:45.545+0000] {dag.py:2981} INFO - Setting next_dagrun for example_branch_dop_operator_v3 to 2022-09-02T11:59:00+00:00, run_after=2022-09-02T12:00:00+00:00
[2022-09-02T12:00:45.554+0000] {processor.py:161} INFO - Processing /home/airflow/.local/lib/python3.7/site-packages/airflow/example_dags/example_branch_python_dop_operator_3.py took 0.098 seconds
[2022-09-02T12:01:16.074+0000] {processor.py:153} INFO - Started process (PID=5530) to work on /home/airflow/.local/lib/python3.7/site-packages/airflow/example_dags/example_branch_python_dop_operator_3.py
[2022-09-02T12:01:16.075+0000] {processor.py:640} INFO - Processing file /home/airflow/.local/lib/python3.7/site-packages/airflow/example_dags/example_branch_python_dop_operator_3.py for tasks to queue
[2022-09-02T12:01:16.080+0000] {logging_mixin.py:115} INFO - [2022-09-02T12:01:16.080+0000] {dagbag.py:508} INFO - Filling up the DagBag from /home/airflow/.local/lib/python3.7/site-packages/airflow/example_dags/example_branch_python_dop_operator_3.py
[2022-09-02T12:01:16.088+0000] {processor.py:650} INFO - DAG(s) dict_keys(['example_branch_dop_operator_v3']) retrieved from /home/airflow/.local/lib/python3.7/site-packages/airflow/example_dags/example_branch_python_dop_operator_3.py
[2022-09-02T12:01:16.104+0000] {logging_mixin.py:115} INFO - [2022-09-02T12:01:16.104+0000] {dag.py:2429} INFO - Sync 1 DAGs
[2022-09-02T12:01:16.121+0000] {logging_mixin.py:115} INFO - [2022-09-02T12:01:16.121+0000] {dag.py:2981} INFO - Setting next_dagrun for example_branch_dop_operator_v3 to 2022-09-02T12:00:00+00:00, run_after=2022-09-02T12:01:00+00:00
[2022-09-02T12:01:16.130+0000] {processor.py:161} INFO - Processing /home/airflow/.local/lib/python3.7/site-packages/airflow/example_dags/example_branch_python_dop_operator_3.py took 0.058 seconds
[2022-09-02T12:01:46.904+0000] {processor.py:153} INFO - Started process (PID=5727) to work on /home/airflow/.local/lib/python3.7/site-packages/airflow/example_dags/example_branch_python_dop_operator_3.py
[2022-09-02T12:01:46.905+0000] {processor.py:640} INFO - Processing file /home/airflow/.local/lib/python3.7/site-packages/airflow/example_dags/example_branch_python_dop_operator_3.py for tasks to queue
[2022-09-02T12:01:46.907+0000] {logging_mixin.py:115} INFO - [2022-09-02T12:01:46.907+0000] {dagbag.py:508} INFO - Filling up the DagBag from /home/airflow/.local/lib/python3.7/site-packages/airflow/example_dags/example_branch_python_dop_operator_3.py
[2022-09-02T12:01:46.913+0000] {processor.py:650} INFO - DAG(s) dict_keys(['example_branch_dop_operator_v3']) retrieved from /home/airflow/.local/lib/python3.7/site-packages/airflow/example_dags/example_branch_python_dop_operator_3.py
[2022-09-02T12:01:46.931+0000] {logging_mixin.py:115} INFO - [2022-09-02T12:01:46.931+0000] {dag.py:2429} INFO - Sync 1 DAGs
[2022-09-02T12:01:46.949+0000] {logging_mixin.py:115} INFO - [2022-09-02T12:01:46.949+0000] {dag.py:2981} INFO - Setting next_dagrun for example_branch_dop_operator_v3 to 2022-09-02T12:00:00+00:00, run_after=2022-09-02T12:01:00+00:00
[2022-09-02T12:01:46.956+0000] {processor.py:161} INFO - Processing /home/airflow/.local/lib/python3.7/site-packages/airflow/example_dags/example_branch_python_dop_operator_3.py took 0.055 seconds
[2022-09-02T12:02:17.694+0000] {processor.py:153} INFO - Started process (PID=5942) to work on /home/airflow/.local/lib/python3.7/site-packages/airflow/example_dags/example_branch_python_dop_operator_3.py
[2022-09-02T12:02:17.696+0000] {processor.py:640} INFO - Processing file /home/airflow/.local/lib/python3.7/site-packages/airflow/example_dags/example_branch_python_dop_operator_3.py for tasks to queue
[2022-09-02T12:02:17.697+0000] {logging_mixin.py:115} INFO - [2022-09-02T12:02:17.697+0000] {dagbag.py:508} INFO - Filling up the DagBag from /home/airflow/.local/lib/python3.7/site-packages/airflow/example_dags/example_branch_python_dop_operator_3.py
[2022-09-02T12:02:17.704+0000] {processor.py:650} INFO - DAG(s) dict_keys(['example_branch_dop_operator_v3']) retrieved from /home/airflow/.local/lib/python3.7/site-packages/airflow/example_dags/example_branch_python_dop_operator_3.py
[2022-09-02T12:02:17.723+0000] {logging_mixin.py:115} INFO - [2022-09-02T12:02:17.723+0000] {dag.py:2429} INFO - Sync 1 DAGs
[2022-09-02T12:02:17.740+0000] {logging_mixin.py:115} INFO - [2022-09-02T12:02:17.740+0000] {dag.py:2981} INFO - Setting next_dagrun for example_branch_dop_operator_v3 to 2022-09-02T12:01:00+00:00, run_after=2022-09-02T12:02:00+00:00
[2022-09-02T12:02:17.748+0000] {processor.py:161} INFO - Processing /home/airflow/.local/lib/python3.7/site-packages/airflow/example_dags/example_branch_python_dop_operator_3.py took 0.056 seconds
[2022-09-02T12:02:48.631+0000] {processor.py:153} INFO - Started process (PID=6141) to work on /home/airflow/.local/lib/python3.7/site-packages/airflow/example_dags/example_branch_python_dop_operator_3.py
[2022-09-02T12:02:48.633+0000] {processor.py:640} INFO - Processing file /home/airflow/.local/lib/python3.7/site-packages/airflow/example_dags/example_branch_python_dop_operator_3.py for tasks to queue
[2022-09-02T12:02:48.634+0000] {logging_mixin.py:115} INFO - [2022-09-02T12:02:48.634+0000] {dagbag.py:508} INFO - Filling up the DagBag from /home/airflow/.local/lib/python3.7/site-packages/airflow/example_dags/example_branch_python_dop_operator_3.py
[2022-09-02T12:02:48.642+0000] {processor.py:650} INFO - DAG(s) dict_keys(['example_branch_dop_operator_v3']) retrieved from /home/airflow/.local/lib/python3.7/site-packages/airflow/example_dags/example_branch_python_dop_operator_3.py
[2022-09-02T12:02:48.659+0000] {logging_mixin.py:115} INFO - [2022-09-02T12:02:48.659+0000] {dag.py:2429} INFO - Sync 1 DAGs
[2022-09-02T12:02:48.677+0000] {logging_mixin.py:115} INFO - [2022-09-02T12:02:48.677+0000] {dag.py:2981} INFO - Setting next_dagrun for example_branch_dop_operator_v3 to 2022-09-02T12:01:00+00:00, run_after=2022-09-02T12:02:00+00:00
[2022-09-02T12:02:48.686+0000] {processor.py:161} INFO - Processing /home/airflow/.local/lib/python3.7/site-packages/airflow/example_dags/example_branch_python_dop_operator_3.py took 0.057 seconds
[2022-09-02T12:03:19.415+0000] {processor.py:153} INFO - Started process (PID=6329) to work on /home/airflow/.local/lib/python3.7/site-packages/airflow/example_dags/example_branch_python_dop_operator_3.py
[2022-09-02T12:03:19.417+0000] {processor.py:640} INFO - Processing file /home/airflow/.local/lib/python3.7/site-packages/airflow/example_dags/example_branch_python_dop_operator_3.py for tasks to queue
[2022-09-02T12:03:19.419+0000] {logging_mixin.py:115} INFO - [2022-09-02T12:03:19.418+0000] {dagbag.py:508} INFO - Filling up the DagBag from /home/airflow/.local/lib/python3.7/site-packages/airflow/example_dags/example_branch_python_dop_operator_3.py
[2022-09-02T12:03:19.425+0000] {processor.py:650} INFO - DAG(s) dict_keys(['example_branch_dop_operator_v3']) retrieved from /home/airflow/.local/lib/python3.7/site-packages/airflow/example_dags/example_branch_python_dop_operator_3.py
[2022-09-02T12:03:19.442+0000] {logging_mixin.py:115} INFO - [2022-09-02T12:03:19.442+0000] {dag.py:2429} INFO - Sync 1 DAGs
[2022-09-02T12:03:19.459+0000] {logging_mixin.py:115} INFO - [2022-09-02T12:03:19.459+0000] {dag.py:2981} INFO - Setting next_dagrun for example_branch_dop_operator_v3 to 2022-09-02T12:02:00+00:00, run_after=2022-09-02T12:03:00+00:00
[2022-09-02T12:03:19.466+0000] {processor.py:161} INFO - Processing /home/airflow/.local/lib/python3.7/site-packages/airflow/example_dags/example_branch_python_dop_operator_3.py took 0.054 seconds
[2022-09-02T12:03:50.200+0000] {processor.py:153} INFO - Started process (PID=6523) to work on /home/airflow/.local/lib/python3.7/site-packages/airflow/example_dags/example_branch_python_dop_operator_3.py
[2022-09-02T12:03:50.202+0000] {processor.py:640} INFO - Processing file /home/airflow/.local/lib/python3.7/site-packages/airflow/example_dags/example_branch_python_dop_operator_3.py for tasks to queue
[2022-09-02T12:03:50.203+0000] {logging_mixin.py:115} INFO - [2022-09-02T12:03:50.203+0000] {dagbag.py:508} INFO - Filling up the DagBag from /home/airflow/.local/lib/python3.7/site-packages/airflow/example_dags/example_branch_python_dop_operator_3.py
[2022-09-02T12:03:50.210+0000] {processor.py:650} INFO - DAG(s) dict_keys(['example_branch_dop_operator_v3']) retrieved from /home/airflow/.local/lib/python3.7/site-packages/airflow/example_dags/example_branch_python_dop_operator_3.py
[2022-09-02T12:03:50.228+0000] {logging_mixin.py:115} INFO - [2022-09-02T12:03:50.228+0000] {dag.py:2429} INFO - Sync 1 DAGs
[2022-09-02T12:03:50.246+0000] {logging_mixin.py:115} INFO - [2022-09-02T12:03:50.246+0000] {dag.py:2981} INFO - Setting next_dagrun for example_branch_dop_operator_v3 to 2022-09-02T12:02:00+00:00, run_after=2022-09-02T12:03:00+00:00
[2022-09-02T12:03:50.254+0000] {processor.py:161} INFO - Processing /home/airflow/.local/lib/python3.7/site-packages/airflow/example_dags/example_branch_python_dop_operator_3.py took 0.056 seconds
[2022-09-02T12:04:20.916+0000] {processor.py:153} INFO - Started process (PID=6723) to work on /home/airflow/.local/lib/python3.7/site-packages/airflow/example_dags/example_branch_python_dop_operator_3.py
[2022-09-02T12:04:20.918+0000] {processor.py:640} INFO - Processing file /home/airflow/.local/lib/python3.7/site-packages/airflow/example_dags/example_branch_python_dop_operator_3.py for tasks to queue
[2022-09-02T12:04:20.919+0000] {logging_mixin.py:115} INFO - [2022-09-02T12:04:20.919+0000] {dagbag.py:508} INFO - Filling up the DagBag from /home/airflow/.local/lib/python3.7/site-packages/airflow/example_dags/example_branch_python_dop_operator_3.py
[2022-09-02T12:04:20.928+0000] {processor.py:650} INFO - DAG(s) dict_keys(['example_branch_dop_operator_v3']) retrieved from /home/airflow/.local/lib/python3.7/site-packages/airflow/example_dags/example_branch_python_dop_operator_3.py
[2022-09-02T12:04:20.947+0000] {logging_mixin.py:115} INFO - [2022-09-02T12:04:20.947+0000] {dag.py:2429} INFO - Sync 1 DAGs
[2022-09-02T12:04:20.967+0000] {logging_mixin.py:115} INFO - [2022-09-02T12:04:20.967+0000] {dag.py:2981} INFO - Setting next_dagrun for example_branch_dop_operator_v3 to 2022-09-02T12:03:00+00:00, run_after=2022-09-02T12:04:00+00:00
[2022-09-02T12:04:20.977+0000] {processor.py:161} INFO - Processing /home/airflow/.local/lib/python3.7/site-packages/airflow/example_dags/example_branch_python_dop_operator_3.py took 0.063 seconds
[2022-09-02T12:04:51.736+0000] {processor.py:153} INFO - Started process (PID=6918) to work on /home/airflow/.local/lib/python3.7/site-packages/airflow/example_dags/example_branch_python_dop_operator_3.py
[2022-09-02T12:04:51.738+0000] {processor.py:640} INFO - Processing file /home/airflow/.local/lib/python3.7/site-packages/airflow/example_dags/example_branch_python_dop_operator_3.py for tasks to queue
[2022-09-02T12:04:51.739+0000] {logging_mixin.py:115} INFO - [2022-09-02T12:04:51.739+0000] {dagbag.py:508} INFO - Filling up the DagBag from /home/airflow/.local/lib/python3.7/site-packages/airflow/example_dags/example_branch_python_dop_operator_3.py
[2022-09-02T12:04:51.745+0000] {processor.py:650} INFO - DAG(s) dict_keys(['example_branch_dop_operator_v3']) retrieved from /home/airflow/.local/lib/python3.7/site-packages/airflow/example_dags/example_branch_python_dop_operator_3.py
[2022-09-02T12:04:51.763+0000] {logging_mixin.py:115} INFO - [2022-09-02T12:04:51.763+0000] {dag.py:2429} INFO - Sync 1 DAGs
[2022-09-02T12:04:51.780+0000] {logging_mixin.py:115} INFO - [2022-09-02T12:04:51.780+0000] {dag.py:2981} INFO - Setting next_dagrun for example_branch_dop_operator_v3 to 2022-09-02T12:03:00+00:00, run_after=2022-09-02T12:04:00+00:00
[2022-09-02T12:04:51.787+0000] {processor.py:161} INFO - Processing /home/airflow/.local/lib/python3.7/site-packages/airflow/example_dags/example_branch_python_dop_operator_3.py took 0.054 seconds
[2022-09-02T12:05:22.612+0000] {processor.py:153} INFO - Started process (PID=7118) to work on /home/airflow/.local/lib/python3.7/site-packages/airflow/example_dags/example_branch_python_dop_operator_3.py
[2022-09-02T12:05:22.614+0000] {processor.py:640} INFO - Processing file /home/airflow/.local/lib/python3.7/site-packages/airflow/example_dags/example_branch_python_dop_operator_3.py for tasks to queue
[2022-09-02T12:05:22.615+0000] {logging_mixin.py:115} INFO - [2022-09-02T12:05:22.615+0000] {dagbag.py:508} INFO - Filling up the DagBag from /home/airflow/.local/lib/python3.7/site-packages/airflow/example_dags/example_branch_python_dop_operator_3.py
[2022-09-02T12:05:22.623+0000] {processor.py:650} INFO - DAG(s) dict_keys(['example_branch_dop_operator_v3']) retrieved from /home/airflow/.local/lib/python3.7/site-packages/airflow/example_dags/example_branch_python_dop_operator_3.py
[2022-09-02T12:05:22.641+0000] {logging_mixin.py:115} INFO - [2022-09-02T12:05:22.641+0000] {dag.py:2429} INFO - Sync 1 DAGs
[2022-09-02T12:05:22.662+0000] {logging_mixin.py:115} INFO - [2022-09-02T12:05:22.662+0000] {dag.py:2981} INFO - Setting next_dagrun for example_branch_dop_operator_v3 to 2022-09-02T12:04:00+00:00, run_after=2022-09-02T12:05:00+00:00
[2022-09-02T12:05:22.671+0000] {processor.py:161} INFO - Processing /home/airflow/.local/lib/python3.7/site-packages/airflow/example_dags/example_branch_python_dop_operator_3.py took 0.061 seconds
[2022-09-02T12:05:53.317+0000] {processor.py:153} INFO - Started process (PID=7315) to work on /home/airflow/.local/lib/python3.7/site-packages/airflow/example_dags/example_branch_python_dop_operator_3.py
[2022-09-02T12:05:53.318+0000] {processor.py:640} INFO - Processing file /home/airflow/.local/lib/python3.7/site-packages/airflow/example_dags/example_branch_python_dop_operator_3.py for tasks to queue
[2022-09-02T12:05:53.320+0000] {logging_mixin.py:115} INFO - [2022-09-02T12:05:53.320+0000] {dagbag.py:508} INFO - Filling up the DagBag from /home/airflow/.local/lib/python3.7/site-packages/airflow/example_dags/example_branch_python_dop_operator_3.py
[2022-09-02T12:05:53.327+0000] {processor.py:650} INFO - DAG(s) dict_keys(['example_branch_dop_operator_v3']) retrieved from /home/airflow/.local/lib/python3.7/site-packages/airflow/example_dags/example_branch_python_dop_operator_3.py
[2022-09-02T12:05:53.343+0000] {logging_mixin.py:115} INFO - [2022-09-02T12:05:53.343+0000] {dag.py:2429} INFO - Sync 1 DAGs
[2022-09-02T12:05:53.361+0000] {logging_mixin.py:115} INFO - [2022-09-02T12:05:53.361+0000] {dag.py:2981} INFO - Setting next_dagrun for example_branch_dop_operator_v3 to 2022-09-02T12:04:00+00:00, run_after=2022-09-02T12:05:00+00:00
[2022-09-02T12:05:53.370+0000] {processor.py:161} INFO - Processing /home/airflow/.local/lib/python3.7/site-packages/airflow/example_dags/example_branch_python_dop_operator_3.py took 0.055 seconds
[2022-09-02T12:06:24.215+0000] {processor.py:153} INFO - Started process (PID=7504) to work on /home/airflow/.local/lib/python3.7/site-packages/airflow/example_dags/example_branch_python_dop_operator_3.py
[2022-09-02T12:06:24.217+0000] {processor.py:640} INFO - Processing file /home/airflow/.local/lib/python3.7/site-packages/airflow/example_dags/example_branch_python_dop_operator_3.py for tasks to queue
[2022-09-02T12:06:24.219+0000] {logging_mixin.py:115} INFO - [2022-09-02T12:06:24.218+0000] {dagbag.py:508} INFO - Filling up the DagBag from /home/airflow/.local/lib/python3.7/site-packages/airflow/example_dags/example_branch_python_dop_operator_3.py
[2022-09-02T12:06:24.225+0000] {processor.py:650} INFO - DAG(s) dict_keys(['example_branch_dop_operator_v3']) retrieved from /home/airflow/.local/lib/python3.7/site-packages/airflow/example_dags/example_branch_python_dop_operator_3.py
[2022-09-02T12:06:24.241+0000] {logging_mixin.py:115} INFO - [2022-09-02T12:06:24.241+0000] {dag.py:2429} INFO - Sync 1 DAGs
[2022-09-02T12:06:24.257+0000] {logging_mixin.py:115} INFO - [2022-09-02T12:06:24.257+0000] {dag.py:2981} INFO - Setting next_dagrun for example_branch_dop_operator_v3 to 2022-09-02T12:05:00+00:00, run_after=2022-09-02T12:06:00+00:00
[2022-09-02T12:06:24.265+0000] {processor.py:161} INFO - Processing /home/airflow/.local/lib/python3.7/site-packages/airflow/example_dags/example_branch_python_dop_operator_3.py took 0.052 seconds
[2022-09-02T12:06:55.002+0000] {processor.py:153} INFO - Started process (PID=7698) to work on /home/airflow/.local/lib/python3.7/site-packages/airflow/example_dags/example_branch_python_dop_operator_3.py
[2022-09-02T12:06:55.004+0000] {processor.py:640} INFO - Processing file /home/airflow/.local/lib/python3.7/site-packages/airflow/example_dags/example_branch_python_dop_operator_3.py for tasks to queue
[2022-09-02T12:06:55.006+0000] {logging_mixin.py:115} INFO - [2022-09-02T12:06:55.005+0000] {dagbag.py:508} INFO - Filling up the DagBag from /home/airflow/.local/lib/python3.7/site-packages/airflow/example_dags/example_branch_python_dop_operator_3.py
[2022-09-02T12:06:55.013+0000] {processor.py:650} INFO - DAG(s) dict_keys(['example_branch_dop_operator_v3']) retrieved from /home/airflow/.local/lib/python3.7/site-packages/airflow/example_dags/example_branch_python_dop_operator_3.py
[2022-09-02T12:06:55.034+0000] {logging_mixin.py:115} INFO - [2022-09-02T12:06:55.033+0000] {dag.py:2429} INFO - Sync 1 DAGs
[2022-09-02T12:06:55.054+0000] {logging_mixin.py:115} INFO - [2022-09-02T12:06:55.054+0000] {dag.py:2981} INFO - Setting next_dagrun for example_branch_dop_operator_v3 to 2022-09-02T12:05:00+00:00, run_after=2022-09-02T12:06:00+00:00
[2022-09-02T12:06:55.063+0000] {processor.py:161} INFO - Processing /home/airflow/.local/lib/python3.7/site-packages/airflow/example_dags/example_branch_python_dop_operator_3.py took 0.064 seconds
[2022-09-02T12:07:25.924+0000] {processor.py:153} INFO - Started process (PID=7895) to work on /home/airflow/.local/lib/python3.7/site-packages/airflow/example_dags/example_branch_python_dop_operator_3.py
[2022-09-02T12:07:25.928+0000] {processor.py:640} INFO - Processing file /home/airflow/.local/lib/python3.7/site-packages/airflow/example_dags/example_branch_python_dop_operator_3.py for tasks to queue
[2022-09-02T12:07:25.929+0000] {logging_mixin.py:115} INFO - [2022-09-02T12:07:25.929+0000] {dagbag.py:508} INFO - Filling up the DagBag from /home/airflow/.local/lib/python3.7/site-packages/airflow/example_dags/example_branch_python_dop_operator_3.py
[2022-09-02T12:07:25.936+0000] {processor.py:650} INFO - DAG(s) dict_keys(['example_branch_dop_operator_v3']) retrieved from /home/airflow/.local/lib/python3.7/site-packages/airflow/example_dags/example_branch_python_dop_operator_3.py
[2022-09-02T12:07:25.974+0000] {logging_mixin.py:115} INFO - [2022-09-02T12:07:25.974+0000] {dag.py:2429} INFO - Sync 1 DAGs
[2022-09-02T12:07:25.993+0000] {logging_mixin.py:115} INFO - [2022-09-02T12:07:25.993+0000] {dag.py:2981} INFO - Setting next_dagrun for example_branch_dop_operator_v3 to 2022-09-02T12:06:00+00:00, run_after=2022-09-02T12:07:00+00:00
[2022-09-02T12:07:26.004+0000] {processor.py:161} INFO - Processing /home/airflow/.local/lib/python3.7/site-packages/airflow/example_dags/example_branch_python_dop_operator_3.py took 0.082 seconds
[2022-09-02T12:07:56.938+0000] {processor.py:153} INFO - Started process (PID=8092) to work on /home/airflow/.local/lib/python3.7/site-packages/airflow/example_dags/example_branch_python_dop_operator_3.py
[2022-09-02T12:07:56.941+0000] {processor.py:640} INFO - Processing file /home/airflow/.local/lib/python3.7/site-packages/airflow/example_dags/example_branch_python_dop_operator_3.py for tasks to queue
[2022-09-02T12:07:56.942+0000] {logging_mixin.py:115} INFO - [2022-09-02T12:07:56.942+0000] {dagbag.py:508} INFO - Filling up the DagBag from /home/airflow/.local/lib/python3.7/site-packages/airflow/example_dags/example_branch_python_dop_operator_3.py
[2022-09-02T12:07:56.949+0000] {processor.py:650} INFO - DAG(s) dict_keys(['example_branch_dop_operator_v3']) retrieved from /home/airflow/.local/lib/python3.7/site-packages/airflow/example_dags/example_branch_python_dop_operator_3.py
[2022-09-02T12:07:56.970+0000] {logging_mixin.py:115} INFO - [2022-09-02T12:07:56.970+0000] {dag.py:2429} INFO - Sync 1 DAGs
[2022-09-02T12:07:56.988+0000] {logging_mixin.py:115} INFO - [2022-09-02T12:07:56.988+0000] {dag.py:2981} INFO - Setting next_dagrun for example_branch_dop_operator_v3 to 2022-09-02T12:06:00+00:00, run_after=2022-09-02T12:07:00+00:00
[2022-09-02T12:07:56.997+0000] {processor.py:161} INFO - Processing /home/airflow/.local/lib/python3.7/site-packages/airflow/example_dags/example_branch_python_dop_operator_3.py took 0.062 seconds
