[2022-09-02T11:47:25.385+0000] {processor.py:153} INFO - Started process (PID=275) to work on /home/airflow/.local/lib/python3.7/site-packages/airflow/example_dags/example_python_operator.py
[2022-09-02T11:47:25.386+0000] {processor.py:640} INFO - Processing file /home/airflow/.local/lib/python3.7/site-packages/airflow/example_dags/example_python_operator.py for tasks to queue
[2022-09-02T11:47:25.388+0000] {logging_mixin.py:115} INFO - [2022-09-02T11:47:25.388+0000] {dagbag.py:508} INFO - Filling up the DagBag from /home/airflow/.local/lib/python3.7/site-packages/airflow/example_dags/example_python_operator.py
[2022-09-02T11:47:25.400+0000] {processor.py:650} INFO - DAG(s) dict_keys(['example_python_operator']) retrieved from /home/airflow/.local/lib/python3.7/site-packages/airflow/example_dags/example_python_operator.py
[2022-09-02T11:47:25.458+0000] {logging_mixin.py:115} INFO - [2022-09-02T11:47:25.458+0000] {manager.py:508} INFO - Created Permission View: can edit on DAG:example_python_operator
[2022-09-02T11:47:25.465+0000] {logging_mixin.py:115} INFO - [2022-09-02T11:47:25.464+0000] {manager.py:508} INFO - Created Permission View: can delete on DAG:example_python_operator
[2022-09-02T11:47:25.470+0000] {logging_mixin.py:115} INFO - [2022-09-02T11:47:25.470+0000] {manager.py:508} INFO - Created Permission View: can read on DAG:example_python_operator
[2022-09-02T11:47:25.471+0000] {logging_mixin.py:115} INFO - [2022-09-02T11:47:25.471+0000] {dag.py:2429} INFO - Sync 1 DAGs
[2022-09-02T11:47:25.479+0000] {logging_mixin.py:115} INFO - [2022-09-02T11:47:25.479+0000] {dag.py:2448} INFO - Creating ORM DAG for example_python_operator
[2022-09-02T11:47:25.487+0000] {logging_mixin.py:115} INFO - [2022-09-02T11:47:25.487+0000] {dag.py:2981} INFO - Setting next_dagrun for example_python_operator to None, run_after=None
[2022-09-02T11:47:25.497+0000] {processor.py:161} INFO - Processing /home/airflow/.local/lib/python3.7/site-packages/airflow/example_dags/example_python_operator.py took 0.115 seconds
[2022-09-02T11:47:55.662+0000] {processor.py:153} INFO - Started process (PID=474) to work on /home/airflow/.local/lib/python3.7/site-packages/airflow/example_dags/example_python_operator.py
[2022-09-02T11:47:55.664+0000] {processor.py:640} INFO - Processing file /home/airflow/.local/lib/python3.7/site-packages/airflow/example_dags/example_python_operator.py for tasks to queue
[2022-09-02T11:47:55.665+0000] {logging_mixin.py:115} INFO - [2022-09-02T11:47:55.665+0000] {dagbag.py:508} INFO - Filling up the DagBag from /home/airflow/.local/lib/python3.7/site-packages/airflow/example_dags/example_python_operator.py
[2022-09-02T11:47:55.677+0000] {processor.py:650} INFO - DAG(s) dict_keys(['example_python_operator']) retrieved from /home/airflow/.local/lib/python3.7/site-packages/airflow/example_dags/example_python_operator.py
[2022-09-02T11:47:55.697+0000] {logging_mixin.py:115} INFO - [2022-09-02T11:47:55.696+0000] {dag.py:2429} INFO - Sync 1 DAGs
[2022-09-02T11:47:55.712+0000] {logging_mixin.py:115} INFO - [2022-09-02T11:47:55.712+0000] {dag.py:2981} INFO - Setting next_dagrun for example_python_operator to None, run_after=None
[2022-09-02T11:47:55.720+0000] {processor.py:161} INFO - Processing /home/airflow/.local/lib/python3.7/site-packages/airflow/example_dags/example_python_operator.py took 0.061 seconds
[2022-09-02T11:48:25.858+0000] {processor.py:153} INFO - Started process (PID=670) to work on /home/airflow/.local/lib/python3.7/site-packages/airflow/example_dags/example_python_operator.py
[2022-09-02T11:48:25.860+0000] {processor.py:640} INFO - Processing file /home/airflow/.local/lib/python3.7/site-packages/airflow/example_dags/example_python_operator.py for tasks to queue
[2022-09-02T11:48:25.861+0000] {logging_mixin.py:115} INFO - [2022-09-02T11:48:25.861+0000] {dagbag.py:508} INFO - Filling up the DagBag from /home/airflow/.local/lib/python3.7/site-packages/airflow/example_dags/example_python_operator.py
[2022-09-02T11:48:25.872+0000] {processor.py:650} INFO - DAG(s) dict_keys(['example_python_operator']) retrieved from /home/airflow/.local/lib/python3.7/site-packages/airflow/example_dags/example_python_operator.py
[2022-09-02T11:48:25.891+0000] {logging_mixin.py:115} INFO - [2022-09-02T11:48:25.891+0000] {dag.py:2429} INFO - Sync 1 DAGs
[2022-09-02T11:48:25.905+0000] {logging_mixin.py:115} INFO - [2022-09-02T11:48:25.905+0000] {dag.py:2981} INFO - Setting next_dagrun for example_python_operator to None, run_after=None
[2022-09-02T11:48:25.913+0000] {processor.py:161} INFO - Processing /home/airflow/.local/lib/python3.7/site-packages/airflow/example_dags/example_python_operator.py took 0.057 seconds
[2022-09-02T11:48:56.835+0000] {processor.py:153} INFO - Started process (PID=866) to work on /home/airflow/.local/lib/python3.7/site-packages/airflow/example_dags/example_python_operator.py
[2022-09-02T11:48:56.838+0000] {processor.py:640} INFO - Processing file /home/airflow/.local/lib/python3.7/site-packages/airflow/example_dags/example_python_operator.py for tasks to queue
[2022-09-02T11:48:56.840+0000] {logging_mixin.py:115} INFO - [2022-09-02T11:48:56.840+0000] {dagbag.py:508} INFO - Filling up the DagBag from /home/airflow/.local/lib/python3.7/site-packages/airflow/example_dags/example_python_operator.py
[2022-09-02T11:48:56.853+0000] {processor.py:650} INFO - DAG(s) dict_keys(['example_python_operator']) retrieved from /home/airflow/.local/lib/python3.7/site-packages/airflow/example_dags/example_python_operator.py
[2022-09-02T11:48:56.871+0000] {logging_mixin.py:115} INFO - [2022-09-02T11:48:56.871+0000] {dag.py:2429} INFO - Sync 1 DAGs
[2022-09-02T11:48:56.887+0000] {logging_mixin.py:115} INFO - [2022-09-02T11:48:56.887+0000] {dag.py:2981} INFO - Setting next_dagrun for example_python_operator to None, run_after=None
[2022-09-02T11:48:56.895+0000] {processor.py:161} INFO - Processing /home/airflow/.local/lib/python3.7/site-packages/airflow/example_dags/example_python_operator.py took 0.062 seconds
[2022-09-02T11:49:27.678+0000] {processor.py:153} INFO - Started process (PID=1063) to work on /home/airflow/.local/lib/python3.7/site-packages/airflow/example_dags/example_python_operator.py
[2022-09-02T11:49:27.680+0000] {processor.py:640} INFO - Processing file /home/airflow/.local/lib/python3.7/site-packages/airflow/example_dags/example_python_operator.py for tasks to queue
[2022-09-02T11:49:27.681+0000] {logging_mixin.py:115} INFO - [2022-09-02T11:49:27.681+0000] {dagbag.py:508} INFO - Filling up the DagBag from /home/airflow/.local/lib/python3.7/site-packages/airflow/example_dags/example_python_operator.py
[2022-09-02T11:49:27.694+0000] {processor.py:650} INFO - DAG(s) dict_keys(['example_python_operator']) retrieved from /home/airflow/.local/lib/python3.7/site-packages/airflow/example_dags/example_python_operator.py
[2022-09-02T11:49:27.716+0000] {logging_mixin.py:115} INFO - [2022-09-02T11:49:27.716+0000] {dag.py:2429} INFO - Sync 1 DAGs
[2022-09-02T11:49:27.734+0000] {logging_mixin.py:115} INFO - [2022-09-02T11:49:27.734+0000] {dag.py:2981} INFO - Setting next_dagrun for example_python_operator to None, run_after=None
[2022-09-02T11:49:27.743+0000] {processor.py:161} INFO - Processing /home/airflow/.local/lib/python3.7/site-packages/airflow/example_dags/example_python_operator.py took 0.070 seconds
[2022-09-02T11:49:58.537+0000] {processor.py:153} INFO - Started process (PID=1251) to work on /home/airflow/.local/lib/python3.7/site-packages/airflow/example_dags/example_python_operator.py
[2022-09-02T11:49:58.539+0000] {processor.py:640} INFO - Processing file /home/airflow/.local/lib/python3.7/site-packages/airflow/example_dags/example_python_operator.py for tasks to queue
[2022-09-02T11:49:58.540+0000] {logging_mixin.py:115} INFO - [2022-09-02T11:49:58.540+0000] {dagbag.py:508} INFO - Filling up the DagBag from /home/airflow/.local/lib/python3.7/site-packages/airflow/example_dags/example_python_operator.py
[2022-09-02T11:49:58.552+0000] {processor.py:650} INFO - DAG(s) dict_keys(['example_python_operator']) retrieved from /home/airflow/.local/lib/python3.7/site-packages/airflow/example_dags/example_python_operator.py
[2022-09-02T11:49:58.571+0000] {logging_mixin.py:115} INFO - [2022-09-02T11:49:58.571+0000] {dag.py:2429} INFO - Sync 1 DAGs
[2022-09-02T11:49:58.588+0000] {logging_mixin.py:115} INFO - [2022-09-02T11:49:58.588+0000] {dag.py:2981} INFO - Setting next_dagrun for example_python_operator to None, run_after=None
[2022-09-02T11:49:58.596+0000] {processor.py:161} INFO - Processing /home/airflow/.local/lib/python3.7/site-packages/airflow/example_dags/example_python_operator.py took 0.061 seconds
[2022-09-02T11:50:29.368+0000] {processor.py:153} INFO - Started process (PID=1448) to work on /home/airflow/.local/lib/python3.7/site-packages/airflow/example_dags/example_python_operator.py
[2022-09-02T11:50:29.370+0000] {processor.py:640} INFO - Processing file /home/airflow/.local/lib/python3.7/site-packages/airflow/example_dags/example_python_operator.py for tasks to queue
[2022-09-02T11:50:29.371+0000] {logging_mixin.py:115} INFO - [2022-09-02T11:50:29.371+0000] {dagbag.py:508} INFO - Filling up the DagBag from /home/airflow/.local/lib/python3.7/site-packages/airflow/example_dags/example_python_operator.py
[2022-09-02T11:50:29.382+0000] {processor.py:650} INFO - DAG(s) dict_keys(['example_python_operator']) retrieved from /home/airflow/.local/lib/python3.7/site-packages/airflow/example_dags/example_python_operator.py
[2022-09-02T11:50:29.399+0000] {logging_mixin.py:115} INFO - [2022-09-02T11:50:29.399+0000] {dag.py:2429} INFO - Sync 1 DAGs
[2022-09-02T11:50:29.414+0000] {logging_mixin.py:115} INFO - [2022-09-02T11:50:29.414+0000] {dag.py:2981} INFO - Setting next_dagrun for example_python_operator to None, run_after=None
[2022-09-02T11:50:29.423+0000] {processor.py:161} INFO - Processing /home/airflow/.local/lib/python3.7/site-packages/airflow/example_dags/example_python_operator.py took 0.057 seconds
[2022-09-02T11:51:00.066+0000] {processor.py:153} INFO - Started process (PID=1647) to work on /home/airflow/.local/lib/python3.7/site-packages/airflow/example_dags/example_python_operator.py
[2022-09-02T11:51:00.068+0000] {processor.py:640} INFO - Processing file /home/airflow/.local/lib/python3.7/site-packages/airflow/example_dags/example_python_operator.py for tasks to queue
[2022-09-02T11:51:00.069+0000] {logging_mixin.py:115} INFO - [2022-09-02T11:51:00.069+0000] {dagbag.py:508} INFO - Filling up the DagBag from /home/airflow/.local/lib/python3.7/site-packages/airflow/example_dags/example_python_operator.py
[2022-09-02T11:51:00.081+0000] {processor.py:650} INFO - DAG(s) dict_keys(['example_python_operator']) retrieved from /home/airflow/.local/lib/python3.7/site-packages/airflow/example_dags/example_python_operator.py
[2022-09-02T11:51:00.100+0000] {logging_mixin.py:115} INFO - [2022-09-02T11:51:00.100+0000] {dag.py:2429} INFO - Sync 1 DAGs
[2022-09-02T11:51:00.115+0000] {logging_mixin.py:115} INFO - [2022-09-02T11:51:00.115+0000] {dag.py:2981} INFO - Setting next_dagrun for example_python_operator to None, run_after=None
[2022-09-02T11:51:00.123+0000] {processor.py:161} INFO - Processing /home/airflow/.local/lib/python3.7/site-packages/airflow/example_dags/example_python_operator.py took 0.059 seconds
[2022-09-02T11:51:30.863+0000] {processor.py:153} INFO - Started process (PID=1845) to work on /home/airflow/.local/lib/python3.7/site-packages/airflow/example_dags/example_python_operator.py
[2022-09-02T11:51:30.865+0000] {processor.py:640} INFO - Processing file /home/airflow/.local/lib/python3.7/site-packages/airflow/example_dags/example_python_operator.py for tasks to queue
[2022-09-02T11:51:30.866+0000] {logging_mixin.py:115} INFO - [2022-09-02T11:51:30.866+0000] {dagbag.py:508} INFO - Filling up the DagBag from /home/airflow/.local/lib/python3.7/site-packages/airflow/example_dags/example_python_operator.py
[2022-09-02T11:51:30.877+0000] {processor.py:650} INFO - DAG(s) dict_keys(['example_python_operator']) retrieved from /home/airflow/.local/lib/python3.7/site-packages/airflow/example_dags/example_python_operator.py
[2022-09-02T11:51:30.898+0000] {logging_mixin.py:115} INFO - [2022-09-02T11:51:30.898+0000] {dag.py:2429} INFO - Sync 1 DAGs
[2022-09-02T11:51:30.914+0000] {logging_mixin.py:115} INFO - [2022-09-02T11:51:30.914+0000] {dag.py:2981} INFO - Setting next_dagrun for example_python_operator to None, run_after=None
[2022-09-02T11:51:30.923+0000] {processor.py:161} INFO - Processing /home/airflow/.local/lib/python3.7/site-packages/airflow/example_dags/example_python_operator.py took 0.062 seconds
[2022-09-02T11:52:01.751+0000] {processor.py:153} INFO - Started process (PID=2042) to work on /home/airflow/.local/lib/python3.7/site-packages/airflow/example_dags/example_python_operator.py
[2022-09-02T11:52:01.753+0000] {processor.py:640} INFO - Processing file /home/airflow/.local/lib/python3.7/site-packages/airflow/example_dags/example_python_operator.py for tasks to queue
[2022-09-02T11:52:01.755+0000] {logging_mixin.py:115} INFO - [2022-09-02T11:52:01.755+0000] {dagbag.py:508} INFO - Filling up the DagBag from /home/airflow/.local/lib/python3.7/site-packages/airflow/example_dags/example_python_operator.py
[2022-09-02T11:52:01.767+0000] {processor.py:650} INFO - DAG(s) dict_keys(['example_python_operator']) retrieved from /home/airflow/.local/lib/python3.7/site-packages/airflow/example_dags/example_python_operator.py
[2022-09-02T11:52:01.792+0000] {logging_mixin.py:115} INFO - [2022-09-02T11:52:01.792+0000] {dag.py:2429} INFO - Sync 1 DAGs
[2022-09-02T11:52:01.810+0000] {logging_mixin.py:115} INFO - [2022-09-02T11:52:01.810+0000] {dag.py:2981} INFO - Setting next_dagrun for example_python_operator to None, run_after=None
[2022-09-02T11:52:01.821+0000] {processor.py:161} INFO - Processing /home/airflow/.local/lib/python3.7/site-packages/airflow/example_dags/example_python_operator.py took 0.072 seconds
[2022-09-02T11:52:32.683+0000] {processor.py:153} INFO - Started process (PID=2241) to work on /home/airflow/.local/lib/python3.7/site-packages/airflow/example_dags/example_python_operator.py
[2022-09-02T11:52:32.685+0000] {processor.py:640} INFO - Processing file /home/airflow/.local/lib/python3.7/site-packages/airflow/example_dags/example_python_operator.py for tasks to queue
[2022-09-02T11:52:32.687+0000] {logging_mixin.py:115} INFO - [2022-09-02T11:52:32.687+0000] {dagbag.py:508} INFO - Filling up the DagBag from /home/airflow/.local/lib/python3.7/site-packages/airflow/example_dags/example_python_operator.py
[2022-09-02T11:52:32.699+0000] {processor.py:650} INFO - DAG(s) dict_keys(['example_python_operator']) retrieved from /home/airflow/.local/lib/python3.7/site-packages/airflow/example_dags/example_python_operator.py
[2022-09-02T11:52:32.716+0000] {logging_mixin.py:115} INFO - [2022-09-02T11:52:32.716+0000] {dag.py:2429} INFO - Sync 1 DAGs
[2022-09-02T11:52:32.731+0000] {logging_mixin.py:115} INFO - [2022-09-02T11:52:32.731+0000] {dag.py:2981} INFO - Setting next_dagrun for example_python_operator to None, run_after=None
[2022-09-02T11:52:32.739+0000] {processor.py:161} INFO - Processing /home/airflow/.local/lib/python3.7/site-packages/airflow/example_dags/example_python_operator.py took 0.058 seconds
[2022-09-02T11:53:03.338+0000] {processor.py:153} INFO - Started process (PID=2428) to work on /home/airflow/.local/lib/python3.7/site-packages/airflow/example_dags/example_python_operator.py
[2022-09-02T11:53:03.340+0000] {processor.py:640} INFO - Processing file /home/airflow/.local/lib/python3.7/site-packages/airflow/example_dags/example_python_operator.py for tasks to queue
[2022-09-02T11:53:03.341+0000] {logging_mixin.py:115} INFO - [2022-09-02T11:53:03.341+0000] {dagbag.py:508} INFO - Filling up the DagBag from /home/airflow/.local/lib/python3.7/site-packages/airflow/example_dags/example_python_operator.py
[2022-09-02T11:53:03.352+0000] {processor.py:650} INFO - DAG(s) dict_keys(['example_python_operator']) retrieved from /home/airflow/.local/lib/python3.7/site-packages/airflow/example_dags/example_python_operator.py
[2022-09-02T11:53:03.373+0000] {logging_mixin.py:115} INFO - [2022-09-02T11:53:03.373+0000] {dag.py:2429} INFO - Sync 1 DAGs
[2022-09-02T11:53:03.389+0000] {logging_mixin.py:115} INFO - [2022-09-02T11:53:03.389+0000] {dag.py:2981} INFO - Setting next_dagrun for example_python_operator to None, run_after=None
[2022-09-02T11:53:03.398+0000] {processor.py:161} INFO - Processing /home/airflow/.local/lib/python3.7/site-packages/airflow/example_dags/example_python_operator.py took 0.062 seconds
[2022-09-02T11:53:34.165+0000] {processor.py:153} INFO - Started process (PID=2626) to work on /home/airflow/.local/lib/python3.7/site-packages/airflow/example_dags/example_python_operator.py
[2022-09-02T11:53:34.167+0000] {processor.py:640} INFO - Processing file /home/airflow/.local/lib/python3.7/site-packages/airflow/example_dags/example_python_operator.py for tasks to queue
[2022-09-02T11:53:34.169+0000] {logging_mixin.py:115} INFO - [2022-09-02T11:53:34.169+0000] {dagbag.py:508} INFO - Filling up the DagBag from /home/airflow/.local/lib/python3.7/site-packages/airflow/example_dags/example_python_operator.py
[2022-09-02T11:53:34.180+0000] {processor.py:650} INFO - DAG(s) dict_keys(['example_python_operator']) retrieved from /home/airflow/.local/lib/python3.7/site-packages/airflow/example_dags/example_python_operator.py
[2022-09-02T11:53:34.199+0000] {logging_mixin.py:115} INFO - [2022-09-02T11:53:34.199+0000] {dag.py:2429} INFO - Sync 1 DAGs
[2022-09-02T11:53:34.214+0000] {logging_mixin.py:115} INFO - [2022-09-02T11:53:34.214+0000] {dag.py:2981} INFO - Setting next_dagrun for example_python_operator to None, run_after=None
[2022-09-02T11:53:34.223+0000] {processor.py:161} INFO - Processing /home/airflow/.local/lib/python3.7/site-packages/airflow/example_dags/example_python_operator.py took 0.060 seconds
[2022-09-02T11:54:04.966+0000] {processor.py:153} INFO - Started process (PID=2823) to work on /home/airflow/.local/lib/python3.7/site-packages/airflow/example_dags/example_python_operator.py
[2022-09-02T11:54:04.968+0000] {processor.py:640} INFO - Processing file /home/airflow/.local/lib/python3.7/site-packages/airflow/example_dags/example_python_operator.py for tasks to queue
[2022-09-02T11:54:04.970+0000] {logging_mixin.py:115} INFO - [2022-09-02T11:54:04.970+0000] {dagbag.py:508} INFO - Filling up the DagBag from /home/airflow/.local/lib/python3.7/site-packages/airflow/example_dags/example_python_operator.py
[2022-09-02T11:54:04.981+0000] {processor.py:650} INFO - DAG(s) dict_keys(['example_python_operator']) retrieved from /home/airflow/.local/lib/python3.7/site-packages/airflow/example_dags/example_python_operator.py
[2022-09-02T11:54:05.002+0000] {logging_mixin.py:115} INFO - [2022-09-02T11:54:05.002+0000] {dag.py:2429} INFO - Sync 1 DAGs
[2022-09-02T11:54:05.018+0000] {logging_mixin.py:115} INFO - [2022-09-02T11:54:05.018+0000] {dag.py:2981} INFO - Setting next_dagrun for example_python_operator to None, run_after=None
[2022-09-02T11:54:05.026+0000] {processor.py:161} INFO - Processing /home/airflow/.local/lib/python3.7/site-packages/airflow/example_dags/example_python_operator.py took 0.062 seconds
[2022-09-02T11:54:35.732+0000] {processor.py:153} INFO - Started process (PID=3019) to work on /home/airflow/.local/lib/python3.7/site-packages/airflow/example_dags/example_python_operator.py
[2022-09-02T11:54:35.733+0000] {processor.py:640} INFO - Processing file /home/airflow/.local/lib/python3.7/site-packages/airflow/example_dags/example_python_operator.py for tasks to queue
[2022-09-02T11:54:35.734+0000] {logging_mixin.py:115} INFO - [2022-09-02T11:54:35.734+0000] {dagbag.py:508} INFO - Filling up the DagBag from /home/airflow/.local/lib/python3.7/site-packages/airflow/example_dags/example_python_operator.py
[2022-09-02T11:54:35.745+0000] {processor.py:650} INFO - DAG(s) dict_keys(['example_python_operator']) retrieved from /home/airflow/.local/lib/python3.7/site-packages/airflow/example_dags/example_python_operator.py
[2022-09-02T11:54:35.763+0000] {logging_mixin.py:115} INFO - [2022-09-02T11:54:35.763+0000] {dag.py:2429} INFO - Sync 1 DAGs
[2022-09-02T11:54:35.779+0000] {logging_mixin.py:115} INFO - [2022-09-02T11:54:35.779+0000] {dag.py:2981} INFO - Setting next_dagrun for example_python_operator to None, run_after=None
[2022-09-02T11:54:35.788+0000] {processor.py:161} INFO - Processing /home/airflow/.local/lib/python3.7/site-packages/airflow/example_dags/example_python_operator.py took 0.059 seconds
[2022-09-02T11:55:06.528+0000] {processor.py:153} INFO - Started process (PID=3217) to work on /home/airflow/.local/lib/python3.7/site-packages/airflow/example_dags/example_python_operator.py
[2022-09-02T11:55:06.530+0000] {processor.py:640} INFO - Processing file /home/airflow/.local/lib/python3.7/site-packages/airflow/example_dags/example_python_operator.py for tasks to queue
[2022-09-02T11:55:06.531+0000] {logging_mixin.py:115} INFO - [2022-09-02T11:55:06.530+0000] {dagbag.py:508} INFO - Filling up the DagBag from /home/airflow/.local/lib/python3.7/site-packages/airflow/example_dags/example_python_operator.py
[2022-09-02T11:55:06.541+0000] {processor.py:650} INFO - DAG(s) dict_keys(['example_python_operator']) retrieved from /home/airflow/.local/lib/python3.7/site-packages/airflow/example_dags/example_python_operator.py
[2022-09-02T11:55:06.560+0000] {logging_mixin.py:115} INFO - [2022-09-02T11:55:06.560+0000] {dag.py:2429} INFO - Sync 1 DAGs
[2022-09-02T11:55:06.576+0000] {logging_mixin.py:115} INFO - [2022-09-02T11:55:06.576+0000] {dag.py:2981} INFO - Setting next_dagrun for example_python_operator to None, run_after=None
[2022-09-02T11:55:06.587+0000] {processor.py:161} INFO - Processing /home/airflow/.local/lib/python3.7/site-packages/airflow/example_dags/example_python_operator.py took 0.061 seconds
[2022-09-02T11:55:37.322+0000] {processor.py:153} INFO - Started process (PID=3415) to work on /home/airflow/.local/lib/python3.7/site-packages/airflow/example_dags/example_python_operator.py
[2022-09-02T11:55:37.324+0000] {processor.py:640} INFO - Processing file /home/airflow/.local/lib/python3.7/site-packages/airflow/example_dags/example_python_operator.py for tasks to queue
[2022-09-02T11:55:37.325+0000] {logging_mixin.py:115} INFO - [2022-09-02T11:55:37.325+0000] {dagbag.py:508} INFO - Filling up the DagBag from /home/airflow/.local/lib/python3.7/site-packages/airflow/example_dags/example_python_operator.py
[2022-09-02T11:55:37.336+0000] {processor.py:650} INFO - DAG(s) dict_keys(['example_python_operator']) retrieved from /home/airflow/.local/lib/python3.7/site-packages/airflow/example_dags/example_python_operator.py
[2022-09-02T11:55:37.355+0000] {logging_mixin.py:115} INFO - [2022-09-02T11:55:37.355+0000] {dag.py:2429} INFO - Sync 1 DAGs
[2022-09-02T11:55:37.373+0000] {logging_mixin.py:115} INFO - [2022-09-02T11:55:37.373+0000] {dag.py:2981} INFO - Setting next_dagrun for example_python_operator to None, run_after=None
[2022-09-02T11:55:37.381+0000] {processor.py:161} INFO - Processing /home/airflow/.local/lib/python3.7/site-packages/airflow/example_dags/example_python_operator.py took 0.061 seconds
[2022-09-02T11:56:08.168+0000] {processor.py:153} INFO - Started process (PID=3613) to work on /home/airflow/.local/lib/python3.7/site-packages/airflow/example_dags/example_python_operator.py
[2022-09-02T11:56:08.170+0000] {processor.py:640} INFO - Processing file /home/airflow/.local/lib/python3.7/site-packages/airflow/example_dags/example_python_operator.py for tasks to queue
[2022-09-02T11:56:08.171+0000] {logging_mixin.py:115} INFO - [2022-09-02T11:56:08.171+0000] {dagbag.py:508} INFO - Filling up the DagBag from /home/airflow/.local/lib/python3.7/site-packages/airflow/example_dags/example_python_operator.py
[2022-09-02T11:56:08.183+0000] {processor.py:650} INFO - DAG(s) dict_keys(['example_python_operator']) retrieved from /home/airflow/.local/lib/python3.7/site-packages/airflow/example_dags/example_python_operator.py
[2022-09-02T11:56:08.202+0000] {logging_mixin.py:115} INFO - [2022-09-02T11:56:08.202+0000] {dag.py:2429} INFO - Sync 1 DAGs
[2022-09-02T11:56:08.222+0000] {logging_mixin.py:115} INFO - [2022-09-02T11:56:08.222+0000] {dag.py:2981} INFO - Setting next_dagrun for example_python_operator to None, run_after=None
[2022-09-02T11:56:08.230+0000] {processor.py:161} INFO - Processing /home/airflow/.local/lib/python3.7/site-packages/airflow/example_dags/example_python_operator.py took 0.064 seconds
[2022-09-02T11:56:39.007+0000] {processor.py:153} INFO - Started process (PID=3798) to work on /home/airflow/.local/lib/python3.7/site-packages/airflow/example_dags/example_python_operator.py
[2022-09-02T11:56:39.008+0000] {processor.py:640} INFO - Processing file /home/airflow/.local/lib/python3.7/site-packages/airflow/example_dags/example_python_operator.py for tasks to queue
[2022-09-02T11:56:39.010+0000] {logging_mixin.py:115} INFO - [2022-09-02T11:56:39.010+0000] {dagbag.py:508} INFO - Filling up the DagBag from /home/airflow/.local/lib/python3.7/site-packages/airflow/example_dags/example_python_operator.py
[2022-09-02T11:56:39.026+0000] {processor.py:650} INFO - DAG(s) dict_keys(['example_python_operator']) retrieved from /home/airflow/.local/lib/python3.7/site-packages/airflow/example_dags/example_python_operator.py
[2022-09-02T11:56:39.045+0000] {logging_mixin.py:115} INFO - [2022-09-02T11:56:39.045+0000] {dag.py:2429} INFO - Sync 1 DAGs
[2022-09-02T11:56:39.061+0000] {logging_mixin.py:115} INFO - [2022-09-02T11:56:39.061+0000] {dag.py:2981} INFO - Setting next_dagrun for example_python_operator to None, run_after=None
[2022-09-02T11:56:39.068+0000] {processor.py:161} INFO - Processing /home/airflow/.local/lib/python3.7/site-packages/airflow/example_dags/example_python_operator.py took 0.063 seconds
[2022-09-02T11:57:09.772+0000] {processor.py:153} INFO - Started process (PID=3995) to work on /home/airflow/.local/lib/python3.7/site-packages/airflow/example_dags/example_python_operator.py
[2022-09-02T11:57:09.773+0000] {processor.py:640} INFO - Processing file /home/airflow/.local/lib/python3.7/site-packages/airflow/example_dags/example_python_operator.py for tasks to queue
[2022-09-02T11:57:09.775+0000] {logging_mixin.py:115} INFO - [2022-09-02T11:57:09.775+0000] {dagbag.py:508} INFO - Filling up the DagBag from /home/airflow/.local/lib/python3.7/site-packages/airflow/example_dags/example_python_operator.py
[2022-09-02T11:57:09.785+0000] {processor.py:650} INFO - DAG(s) dict_keys(['example_python_operator']) retrieved from /home/airflow/.local/lib/python3.7/site-packages/airflow/example_dags/example_python_operator.py
[2022-09-02T11:57:09.806+0000] {logging_mixin.py:115} INFO - [2022-09-02T11:57:09.806+0000] {dag.py:2429} INFO - Sync 1 DAGs
[2022-09-02T11:57:09.825+0000] {logging_mixin.py:115} INFO - [2022-09-02T11:57:09.825+0000] {dag.py:2981} INFO - Setting next_dagrun for example_python_operator to None, run_after=None
[2022-09-02T11:57:09.835+0000] {processor.py:161} INFO - Processing /home/airflow/.local/lib/python3.7/site-packages/airflow/example_dags/example_python_operator.py took 0.066 seconds
[2022-09-02T11:57:40.682+0000] {processor.py:153} INFO - Started process (PID=4190) to work on /home/airflow/.local/lib/python3.7/site-packages/airflow/example_dags/example_python_operator.py
[2022-09-02T11:57:40.684+0000] {processor.py:640} INFO - Processing file /home/airflow/.local/lib/python3.7/site-packages/airflow/example_dags/example_python_operator.py for tasks to queue
[2022-09-02T11:57:40.685+0000] {logging_mixin.py:115} INFO - [2022-09-02T11:57:40.685+0000] {dagbag.py:508} INFO - Filling up the DagBag from /home/airflow/.local/lib/python3.7/site-packages/airflow/example_dags/example_python_operator.py
[2022-09-02T11:57:40.696+0000] {processor.py:650} INFO - DAG(s) dict_keys(['example_python_operator']) retrieved from /home/airflow/.local/lib/python3.7/site-packages/airflow/example_dags/example_python_operator.py
[2022-09-02T11:57:40.715+0000] {logging_mixin.py:115} INFO - [2022-09-02T11:57:40.714+0000] {dag.py:2429} INFO - Sync 1 DAGs
[2022-09-02T11:57:40.730+0000] {logging_mixin.py:115} INFO - [2022-09-02T11:57:40.730+0000] {dag.py:2981} INFO - Setting next_dagrun for example_python_operator to None, run_after=None
[2022-09-02T11:57:40.738+0000] {processor.py:161} INFO - Processing /home/airflow/.local/lib/python3.7/site-packages/airflow/example_dags/example_python_operator.py took 0.058 seconds
[2022-09-02T11:58:11.560+0000] {processor.py:153} INFO - Started process (PID=4387) to work on /home/airflow/.local/lib/python3.7/site-packages/airflow/example_dags/example_python_operator.py
[2022-09-02T11:58:11.563+0000] {processor.py:640} INFO - Processing file /home/airflow/.local/lib/python3.7/site-packages/airflow/example_dags/example_python_operator.py for tasks to queue
[2022-09-02T11:58:11.565+0000] {logging_mixin.py:115} INFO - [2022-09-02T11:58:11.565+0000] {dagbag.py:508} INFO - Filling up the DagBag from /home/airflow/.local/lib/python3.7/site-packages/airflow/example_dags/example_python_operator.py
[2022-09-02T11:58:11.577+0000] {processor.py:650} INFO - DAG(s) dict_keys(['example_python_operator']) retrieved from /home/airflow/.local/lib/python3.7/site-packages/airflow/example_dags/example_python_operator.py
[2022-09-02T11:58:11.593+0000] {logging_mixin.py:115} INFO - [2022-09-02T11:58:11.593+0000] {dag.py:2429} INFO - Sync 1 DAGs
[2022-09-02T11:58:11.609+0000] {logging_mixin.py:115} INFO - [2022-09-02T11:58:11.609+0000] {dag.py:2981} INFO - Setting next_dagrun for example_python_operator to None, run_after=None
[2022-09-02T11:58:11.618+0000] {processor.py:161} INFO - Processing /home/airflow/.local/lib/python3.7/site-packages/airflow/example_dags/example_python_operator.py took 0.060 seconds
[2022-09-02T11:58:42.320+0000] {processor.py:153} INFO - Started process (PID=4584) to work on /home/airflow/.local/lib/python3.7/site-packages/airflow/example_dags/example_python_operator.py
[2022-09-02T11:58:42.322+0000] {processor.py:640} INFO - Processing file /home/airflow/.local/lib/python3.7/site-packages/airflow/example_dags/example_python_operator.py for tasks to queue
[2022-09-02T11:58:42.323+0000] {logging_mixin.py:115} INFO - [2022-09-02T11:58:42.323+0000] {dagbag.py:508} INFO - Filling up the DagBag from /home/airflow/.local/lib/python3.7/site-packages/airflow/example_dags/example_python_operator.py
[2022-09-02T11:58:42.334+0000] {processor.py:650} INFO - DAG(s) dict_keys(['example_python_operator']) retrieved from /home/airflow/.local/lib/python3.7/site-packages/airflow/example_dags/example_python_operator.py
[2022-09-02T11:58:42.353+0000] {logging_mixin.py:115} INFO - [2022-09-02T11:58:42.353+0000] {dag.py:2429} INFO - Sync 1 DAGs
[2022-09-02T11:58:42.368+0000] {logging_mixin.py:115} INFO - [2022-09-02T11:58:42.368+0000] {dag.py:2981} INFO - Setting next_dagrun for example_python_operator to None, run_after=None
[2022-09-02T11:58:42.378+0000] {processor.py:161} INFO - Processing /home/airflow/.local/lib/python3.7/site-packages/airflow/example_dags/example_python_operator.py took 0.060 seconds
[2022-09-02T11:59:13.285+0000] {processor.py:153} INFO - Started process (PID=4781) to work on /home/airflow/.local/lib/python3.7/site-packages/airflow/example_dags/example_python_operator.py
[2022-09-02T11:59:13.287+0000] {processor.py:640} INFO - Processing file /home/airflow/.local/lib/python3.7/site-packages/airflow/example_dags/example_python_operator.py for tasks to queue
[2022-09-02T11:59:13.288+0000] {logging_mixin.py:115} INFO - [2022-09-02T11:59:13.288+0000] {dagbag.py:508} INFO - Filling up the DagBag from /home/airflow/.local/lib/python3.7/site-packages/airflow/example_dags/example_python_operator.py
[2022-09-02T11:59:13.299+0000] {processor.py:650} INFO - DAG(s) dict_keys(['example_python_operator']) retrieved from /home/airflow/.local/lib/python3.7/site-packages/airflow/example_dags/example_python_operator.py
[2022-09-02T11:59:13.317+0000] {logging_mixin.py:115} INFO - [2022-09-02T11:59:13.317+0000] {dag.py:2429} INFO - Sync 1 DAGs
[2022-09-02T11:59:13.333+0000] {logging_mixin.py:115} INFO - [2022-09-02T11:59:13.333+0000] {dag.py:2981} INFO - Setting next_dagrun for example_python_operator to None, run_after=None
[2022-09-02T11:59:13.342+0000] {processor.py:161} INFO - Processing /home/airflow/.local/lib/python3.7/site-packages/airflow/example_dags/example_python_operator.py took 0.059 seconds
[2022-09-02T11:59:44.061+0000] {processor.py:153} INFO - Started process (PID=4969) to work on /home/airflow/.local/lib/python3.7/site-packages/airflow/example_dags/example_python_operator.py
[2022-09-02T11:59:44.064+0000] {processor.py:640} INFO - Processing file /home/airflow/.local/lib/python3.7/site-packages/airflow/example_dags/example_python_operator.py for tasks to queue
[2022-09-02T11:59:44.065+0000] {logging_mixin.py:115} INFO - [2022-09-02T11:59:44.065+0000] {dagbag.py:508} INFO - Filling up the DagBag from /home/airflow/.local/lib/python3.7/site-packages/airflow/example_dags/example_python_operator.py
[2022-09-02T11:59:44.080+0000] {processor.py:650} INFO - DAG(s) dict_keys(['example_python_operator']) retrieved from /home/airflow/.local/lib/python3.7/site-packages/airflow/example_dags/example_python_operator.py
[2022-09-02T11:59:44.100+0000] {logging_mixin.py:115} INFO - [2022-09-02T11:59:44.100+0000] {dag.py:2429} INFO - Sync 1 DAGs
[2022-09-02T11:59:44.125+0000] {logging_mixin.py:115} INFO - [2022-09-02T11:59:44.124+0000] {dag.py:2981} INFO - Setting next_dagrun for example_python_operator to None, run_after=None
[2022-09-02T11:59:44.139+0000] {processor.py:161} INFO - Processing /home/airflow/.local/lib/python3.7/site-packages/airflow/example_dags/example_python_operator.py took 0.080 seconds
[2022-09-02T12:00:14.931+0000] {processor.py:153} INFO - Started process (PID=5166) to work on /home/airflow/.local/lib/python3.7/site-packages/airflow/example_dags/example_python_operator.py
[2022-09-02T12:00:14.932+0000] {processor.py:640} INFO - Processing file /home/airflow/.local/lib/python3.7/site-packages/airflow/example_dags/example_python_operator.py for tasks to queue
[2022-09-02T12:00:14.933+0000] {logging_mixin.py:115} INFO - [2022-09-02T12:00:14.933+0000] {dagbag.py:508} INFO - Filling up the DagBag from /home/airflow/.local/lib/python3.7/site-packages/airflow/example_dags/example_python_operator.py
[2022-09-02T12:00:14.943+0000] {processor.py:650} INFO - DAG(s) dict_keys(['example_python_operator']) retrieved from /home/airflow/.local/lib/python3.7/site-packages/airflow/example_dags/example_python_operator.py
[2022-09-02T12:00:14.962+0000] {logging_mixin.py:115} INFO - [2022-09-02T12:00:14.962+0000] {dag.py:2429} INFO - Sync 1 DAGs
[2022-09-02T12:00:14.985+0000] {logging_mixin.py:115} INFO - [2022-09-02T12:00:14.985+0000] {dag.py:2981} INFO - Setting next_dagrun for example_python_operator to None, run_after=None
[2022-09-02T12:00:14.993+0000] {processor.py:161} INFO - Processing /home/airflow/.local/lib/python3.7/site-packages/airflow/example_dags/example_python_operator.py took 0.065 seconds
[2022-09-02T12:00:45.790+0000] {processor.py:153} INFO - Started process (PID=5363) to work on /home/airflow/.local/lib/python3.7/site-packages/airflow/example_dags/example_python_operator.py
[2022-09-02T12:00:45.792+0000] {processor.py:640} INFO - Processing file /home/airflow/.local/lib/python3.7/site-packages/airflow/example_dags/example_python_operator.py for tasks to queue
[2022-09-02T12:00:45.793+0000] {logging_mixin.py:115} INFO - [2022-09-02T12:00:45.793+0000] {dagbag.py:508} INFO - Filling up the DagBag from /home/airflow/.local/lib/python3.7/site-packages/airflow/example_dags/example_python_operator.py
[2022-09-02T12:00:45.805+0000] {processor.py:650} INFO - DAG(s) dict_keys(['example_python_operator']) retrieved from /home/airflow/.local/lib/python3.7/site-packages/airflow/example_dags/example_python_operator.py
[2022-09-02T12:00:45.825+0000] {logging_mixin.py:115} INFO - [2022-09-02T12:00:45.825+0000] {dag.py:2429} INFO - Sync 1 DAGs
[2022-09-02T12:00:45.841+0000] {logging_mixin.py:115} INFO - [2022-09-02T12:00:45.841+0000] {dag.py:2981} INFO - Setting next_dagrun for example_python_operator to None, run_after=None
[2022-09-02T12:00:45.850+0000] {processor.py:161} INFO - Processing /home/airflow/.local/lib/python3.7/site-packages/airflow/example_dags/example_python_operator.py took 0.062 seconds
[2022-09-02T12:01:16.404+0000] {processor.py:153} INFO - Started process (PID=5562) to work on /home/airflow/.local/lib/python3.7/site-packages/airflow/example_dags/example_python_operator.py
[2022-09-02T12:01:16.406+0000] {processor.py:640} INFO - Processing file /home/airflow/.local/lib/python3.7/site-packages/airflow/example_dags/example_python_operator.py for tasks to queue
[2022-09-02T12:01:16.409+0000] {logging_mixin.py:115} INFO - [2022-09-02T12:01:16.409+0000] {dagbag.py:508} INFO - Filling up the DagBag from /home/airflow/.local/lib/python3.7/site-packages/airflow/example_dags/example_python_operator.py
[2022-09-02T12:01:16.421+0000] {processor.py:650} INFO - DAG(s) dict_keys(['example_python_operator']) retrieved from /home/airflow/.local/lib/python3.7/site-packages/airflow/example_dags/example_python_operator.py
[2022-09-02T12:01:16.439+0000] {logging_mixin.py:115} INFO - [2022-09-02T12:01:16.439+0000] {dag.py:2429} INFO - Sync 1 DAGs
[2022-09-02T12:01:16.454+0000] {logging_mixin.py:115} INFO - [2022-09-02T12:01:16.454+0000] {dag.py:2981} INFO - Setting next_dagrun for example_python_operator to None, run_after=None
[2022-09-02T12:01:16.462+0000] {processor.py:161} INFO - Processing /home/airflow/.local/lib/python3.7/site-packages/airflow/example_dags/example_python_operator.py took 0.061 seconds
[2022-09-02T12:01:47.156+0000] {processor.py:153} INFO - Started process (PID=5757) to work on /home/airflow/.local/lib/python3.7/site-packages/airflow/example_dags/example_python_operator.py
[2022-09-02T12:01:47.158+0000] {processor.py:640} INFO - Processing file /home/airflow/.local/lib/python3.7/site-packages/airflow/example_dags/example_python_operator.py for tasks to queue
[2022-09-02T12:01:47.159+0000] {logging_mixin.py:115} INFO - [2022-09-02T12:01:47.159+0000] {dagbag.py:508} INFO - Filling up the DagBag from /home/airflow/.local/lib/python3.7/site-packages/airflow/example_dags/example_python_operator.py
[2022-09-02T12:01:47.171+0000] {processor.py:650} INFO - DAG(s) dict_keys(['example_python_operator']) retrieved from /home/airflow/.local/lib/python3.7/site-packages/airflow/example_dags/example_python_operator.py
[2022-09-02T12:01:47.189+0000] {logging_mixin.py:115} INFO - [2022-09-02T12:01:47.188+0000] {dag.py:2429} INFO - Sync 1 DAGs
[2022-09-02T12:01:47.202+0000] {logging_mixin.py:115} INFO - [2022-09-02T12:01:47.202+0000] {dag.py:2981} INFO - Setting next_dagrun for example_python_operator to None, run_after=None
[2022-09-02T12:01:47.209+0000] {processor.py:161} INFO - Processing /home/airflow/.local/lib/python3.7/site-packages/airflow/example_dags/example_python_operator.py took 0.056 seconds
[2022-09-02T12:02:18.008+0000] {processor.py:153} INFO - Started process (PID=5974) to work on /home/airflow/.local/lib/python3.7/site-packages/airflow/example_dags/example_python_operator.py
[2022-09-02T12:02:18.010+0000] {processor.py:640} INFO - Processing file /home/airflow/.local/lib/python3.7/site-packages/airflow/example_dags/example_python_operator.py for tasks to queue
[2022-09-02T12:02:18.012+0000] {logging_mixin.py:115} INFO - [2022-09-02T12:02:18.012+0000] {dagbag.py:508} INFO - Filling up the DagBag from /home/airflow/.local/lib/python3.7/site-packages/airflow/example_dags/example_python_operator.py
[2022-09-02T12:02:18.022+0000] {processor.py:650} INFO - DAG(s) dict_keys(['example_python_operator']) retrieved from /home/airflow/.local/lib/python3.7/site-packages/airflow/example_dags/example_python_operator.py
[2022-09-02T12:02:18.041+0000] {logging_mixin.py:115} INFO - [2022-09-02T12:02:18.041+0000] {dag.py:2429} INFO - Sync 1 DAGs
[2022-09-02T12:02:18.055+0000] {logging_mixin.py:115} INFO - [2022-09-02T12:02:18.055+0000] {dag.py:2981} INFO - Setting next_dagrun for example_python_operator to None, run_after=None
[2022-09-02T12:02:18.061+0000] {processor.py:161} INFO - Processing /home/airflow/.local/lib/python3.7/site-packages/airflow/example_dags/example_python_operator.py took 0.056 seconds
[2022-09-02T12:02:48.947+0000] {processor.py:153} INFO - Started process (PID=6169) to work on /home/airflow/.local/lib/python3.7/site-packages/airflow/example_dags/example_python_operator.py
[2022-09-02T12:02:48.948+0000] {processor.py:640} INFO - Processing file /home/airflow/.local/lib/python3.7/site-packages/airflow/example_dags/example_python_operator.py for tasks to queue
[2022-09-02T12:02:48.950+0000] {logging_mixin.py:115} INFO - [2022-09-02T12:02:48.950+0000] {dagbag.py:508} INFO - Filling up the DagBag from /home/airflow/.local/lib/python3.7/site-packages/airflow/example_dags/example_python_operator.py
[2022-09-02T12:02:48.964+0000] {processor.py:650} INFO - DAG(s) dict_keys(['example_python_operator']) retrieved from /home/airflow/.local/lib/python3.7/site-packages/airflow/example_dags/example_python_operator.py
[2022-09-02T12:02:48.982+0000] {logging_mixin.py:115} INFO - [2022-09-02T12:02:48.982+0000] {dag.py:2429} INFO - Sync 1 DAGs
[2022-09-02T12:02:48.998+0000] {logging_mixin.py:115} INFO - [2022-09-02T12:02:48.998+0000] {dag.py:2981} INFO - Setting next_dagrun for example_python_operator to None, run_after=None
[2022-09-02T12:02:49.009+0000] {processor.py:161} INFO - Processing /home/airflow/.local/lib/python3.7/site-packages/airflow/example_dags/example_python_operator.py took 0.065 seconds
[2022-09-02T12:03:19.706+0000] {processor.py:153} INFO - Started process (PID=6357) to work on /home/airflow/.local/lib/python3.7/site-packages/airflow/example_dags/example_python_operator.py
[2022-09-02T12:03:19.708+0000] {processor.py:640} INFO - Processing file /home/airflow/.local/lib/python3.7/site-packages/airflow/example_dags/example_python_operator.py for tasks to queue
[2022-09-02T12:03:19.710+0000] {logging_mixin.py:115} INFO - [2022-09-02T12:03:19.709+0000] {dagbag.py:508} INFO - Filling up the DagBag from /home/airflow/.local/lib/python3.7/site-packages/airflow/example_dags/example_python_operator.py
[2022-09-02T12:03:19.720+0000] {processor.py:650} INFO - DAG(s) dict_keys(['example_python_operator']) retrieved from /home/airflow/.local/lib/python3.7/site-packages/airflow/example_dags/example_python_operator.py
[2022-09-02T12:03:19.741+0000] {logging_mixin.py:115} INFO - [2022-09-02T12:03:19.741+0000] {dag.py:2429} INFO - Sync 1 DAGs
[2022-09-02T12:03:19.760+0000] {logging_mixin.py:115} INFO - [2022-09-02T12:03:19.760+0000] {dag.py:2981} INFO - Setting next_dagrun for example_python_operator to None, run_after=None
[2022-09-02T12:03:19.769+0000] {processor.py:161} INFO - Processing /home/airflow/.local/lib/python3.7/site-packages/airflow/example_dags/example_python_operator.py took 0.065 seconds
[2022-09-02T12:03:50.482+0000] {processor.py:153} INFO - Started process (PID=6553) to work on /home/airflow/.local/lib/python3.7/site-packages/airflow/example_dags/example_python_operator.py
[2022-09-02T12:03:50.484+0000] {processor.py:640} INFO - Processing file /home/airflow/.local/lib/python3.7/site-packages/airflow/example_dags/example_python_operator.py for tasks to queue
[2022-09-02T12:03:50.485+0000] {logging_mixin.py:115} INFO - [2022-09-02T12:03:50.485+0000] {dagbag.py:508} INFO - Filling up the DagBag from /home/airflow/.local/lib/python3.7/site-packages/airflow/example_dags/example_python_operator.py
[2022-09-02T12:03:50.496+0000] {processor.py:650} INFO - DAG(s) dict_keys(['example_python_operator']) retrieved from /home/airflow/.local/lib/python3.7/site-packages/airflow/example_dags/example_python_operator.py
[2022-09-02T12:03:50.515+0000] {logging_mixin.py:115} INFO - [2022-09-02T12:03:50.515+0000] {dag.py:2429} INFO - Sync 1 DAGs
[2022-09-02T12:03:50.532+0000] {logging_mixin.py:115} INFO - [2022-09-02T12:03:50.532+0000] {dag.py:2981} INFO - Setting next_dagrun for example_python_operator to None, run_after=None
[2022-09-02T12:03:50.540+0000] {processor.py:161} INFO - Processing /home/airflow/.local/lib/python3.7/site-packages/airflow/example_dags/example_python_operator.py took 0.060 seconds
[2022-09-02T12:04:21.239+0000] {processor.py:153} INFO - Started process (PID=6751) to work on /home/airflow/.local/lib/python3.7/site-packages/airflow/example_dags/example_python_operator.py
[2022-09-02T12:04:21.241+0000] {processor.py:640} INFO - Processing file /home/airflow/.local/lib/python3.7/site-packages/airflow/example_dags/example_python_operator.py for tasks to queue
[2022-09-02T12:04:21.242+0000] {logging_mixin.py:115} INFO - [2022-09-02T12:04:21.242+0000] {dagbag.py:508} INFO - Filling up the DagBag from /home/airflow/.local/lib/python3.7/site-packages/airflow/example_dags/example_python_operator.py
[2022-09-02T12:04:21.256+0000] {processor.py:650} INFO - DAG(s) dict_keys(['example_python_operator']) retrieved from /home/airflow/.local/lib/python3.7/site-packages/airflow/example_dags/example_python_operator.py
[2022-09-02T12:04:21.277+0000] {logging_mixin.py:115} INFO - [2022-09-02T12:04:21.277+0000] {dag.py:2429} INFO - Sync 1 DAGs
[2022-09-02T12:04:21.293+0000] {logging_mixin.py:115} INFO - [2022-09-02T12:04:21.293+0000] {dag.py:2981} INFO - Setting next_dagrun for example_python_operator to None, run_after=None
[2022-09-02T12:04:21.301+0000] {processor.py:161} INFO - Processing /home/airflow/.local/lib/python3.7/site-packages/airflow/example_dags/example_python_operator.py took 0.064 seconds
[2022-09-02T12:04:52.102+0000] {processor.py:153} INFO - Started process (PID=6948) to work on /home/airflow/.local/lib/python3.7/site-packages/airflow/example_dags/example_python_operator.py
[2022-09-02T12:04:52.104+0000] {processor.py:640} INFO - Processing file /home/airflow/.local/lib/python3.7/site-packages/airflow/example_dags/example_python_operator.py for tasks to queue
[2022-09-02T12:04:52.106+0000] {logging_mixin.py:115} INFO - [2022-09-02T12:04:52.105+0000] {dagbag.py:508} INFO - Filling up the DagBag from /home/airflow/.local/lib/python3.7/site-packages/airflow/example_dags/example_python_operator.py
[2022-09-02T12:04:52.117+0000] {processor.py:650} INFO - DAG(s) dict_keys(['example_python_operator']) retrieved from /home/airflow/.local/lib/python3.7/site-packages/airflow/example_dags/example_python_operator.py
[2022-09-02T12:04:52.135+0000] {logging_mixin.py:115} INFO - [2022-09-02T12:04:52.135+0000] {dag.py:2429} INFO - Sync 1 DAGs
[2022-09-02T12:04:52.151+0000] {logging_mixin.py:115} INFO - [2022-09-02T12:04:52.151+0000] {dag.py:2981} INFO - Setting next_dagrun for example_python_operator to None, run_after=None
[2022-09-02T12:04:52.162+0000] {processor.py:161} INFO - Processing /home/airflow/.local/lib/python3.7/site-packages/airflow/example_dags/example_python_operator.py took 0.062 seconds
[2022-09-02T12:05:22.910+0000] {processor.py:153} INFO - Started process (PID=7146) to work on /home/airflow/.local/lib/python3.7/site-packages/airflow/example_dags/example_python_operator.py
[2022-09-02T12:05:22.912+0000] {processor.py:640} INFO - Processing file /home/airflow/.local/lib/python3.7/site-packages/airflow/example_dags/example_python_operator.py for tasks to queue
[2022-09-02T12:05:22.913+0000] {logging_mixin.py:115} INFO - [2022-09-02T12:05:22.913+0000] {dagbag.py:508} INFO - Filling up the DagBag from /home/airflow/.local/lib/python3.7/site-packages/airflow/example_dags/example_python_operator.py
[2022-09-02T12:05:22.924+0000] {processor.py:650} INFO - DAG(s) dict_keys(['example_python_operator']) retrieved from /home/airflow/.local/lib/python3.7/site-packages/airflow/example_dags/example_python_operator.py
[2022-09-02T12:05:22.942+0000] {logging_mixin.py:115} INFO - [2022-09-02T12:05:22.942+0000] {dag.py:2429} INFO - Sync 1 DAGs
[2022-09-02T12:05:22.959+0000] {logging_mixin.py:115} INFO - [2022-09-02T12:05:22.959+0000] {dag.py:2981} INFO - Setting next_dagrun for example_python_operator to None, run_after=None
[2022-09-02T12:05:22.968+0000] {processor.py:161} INFO - Processing /home/airflow/.local/lib/python3.7/site-packages/airflow/example_dags/example_python_operator.py took 0.060 seconds
[2022-09-02T12:05:53.690+0000] {processor.py:153} INFO - Started process (PID=7343) to work on /home/airflow/.local/lib/python3.7/site-packages/airflow/example_dags/example_python_operator.py
[2022-09-02T12:05:53.693+0000] {processor.py:640} INFO - Processing file /home/airflow/.local/lib/python3.7/site-packages/airflow/example_dags/example_python_operator.py for tasks to queue
[2022-09-02T12:05:53.694+0000] {logging_mixin.py:115} INFO - [2022-09-02T12:05:53.694+0000] {dagbag.py:508} INFO - Filling up the DagBag from /home/airflow/.local/lib/python3.7/site-packages/airflow/example_dags/example_python_operator.py
[2022-09-02T12:05:53.708+0000] {processor.py:650} INFO - DAG(s) dict_keys(['example_python_operator']) retrieved from /home/airflow/.local/lib/python3.7/site-packages/airflow/example_dags/example_python_operator.py
[2022-09-02T12:05:53.734+0000] {logging_mixin.py:115} INFO - [2022-09-02T12:05:53.734+0000] {dag.py:2429} INFO - Sync 1 DAGs
[2022-09-02T12:05:53.760+0000] {logging_mixin.py:115} INFO - [2022-09-02T12:05:53.760+0000] {dag.py:2981} INFO - Setting next_dagrun for example_python_operator to None, run_after=None
[2022-09-02T12:05:53.769+0000] {processor.py:161} INFO - Processing /home/airflow/.local/lib/python3.7/site-packages/airflow/example_dags/example_python_operator.py took 0.083 seconds
[2022-09-02T12:06:24.547+0000] {processor.py:153} INFO - Started process (PID=7532) to work on /home/airflow/.local/lib/python3.7/site-packages/airflow/example_dags/example_python_operator.py
[2022-09-02T12:06:24.549+0000] {processor.py:640} INFO - Processing file /home/airflow/.local/lib/python3.7/site-packages/airflow/example_dags/example_python_operator.py for tasks to queue
[2022-09-02T12:06:24.551+0000] {logging_mixin.py:115} INFO - [2022-09-02T12:06:24.550+0000] {dagbag.py:508} INFO - Filling up the DagBag from /home/airflow/.local/lib/python3.7/site-packages/airflow/example_dags/example_python_operator.py
[2022-09-02T12:06:24.563+0000] {processor.py:650} INFO - DAG(s) dict_keys(['example_python_operator']) retrieved from /home/airflow/.local/lib/python3.7/site-packages/airflow/example_dags/example_python_operator.py
[2022-09-02T12:06:24.581+0000] {logging_mixin.py:115} INFO - [2022-09-02T12:06:24.580+0000] {dag.py:2429} INFO - Sync 1 DAGs
[2022-09-02T12:06:24.596+0000] {logging_mixin.py:115} INFO - [2022-09-02T12:06:24.596+0000] {dag.py:2981} INFO - Setting next_dagrun for example_python_operator to None, run_after=None
[2022-09-02T12:06:24.604+0000] {processor.py:161} INFO - Processing /home/airflow/.local/lib/python3.7/site-packages/airflow/example_dags/example_python_operator.py took 0.060 seconds
[2022-09-02T12:06:55.407+0000] {processor.py:153} INFO - Started process (PID=7728) to work on /home/airflow/.local/lib/python3.7/site-packages/airflow/example_dags/example_python_operator.py
[2022-09-02T12:06:55.409+0000] {processor.py:640} INFO - Processing file /home/airflow/.local/lib/python3.7/site-packages/airflow/example_dags/example_python_operator.py for tasks to queue
[2022-09-02T12:06:55.410+0000] {logging_mixin.py:115} INFO - [2022-09-02T12:06:55.410+0000] {dagbag.py:508} INFO - Filling up the DagBag from /home/airflow/.local/lib/python3.7/site-packages/airflow/example_dags/example_python_operator.py
[2022-09-02T12:06:55.422+0000] {processor.py:650} INFO - DAG(s) dict_keys(['example_python_operator']) retrieved from /home/airflow/.local/lib/python3.7/site-packages/airflow/example_dags/example_python_operator.py
[2022-09-02T12:06:55.441+0000] {logging_mixin.py:115} INFO - [2022-09-02T12:06:55.441+0000] {dag.py:2429} INFO - Sync 1 DAGs
[2022-09-02T12:06:55.457+0000] {logging_mixin.py:115} INFO - [2022-09-02T12:06:55.457+0000] {dag.py:2981} INFO - Setting next_dagrun for example_python_operator to None, run_after=None
[2022-09-02T12:06:55.466+0000] {processor.py:161} INFO - Processing /home/airflow/.local/lib/python3.7/site-packages/airflow/example_dags/example_python_operator.py took 0.062 seconds
[2022-09-02T12:07:26.310+0000] {processor.py:153} INFO - Started process (PID=7925) to work on /home/airflow/.local/lib/python3.7/site-packages/airflow/example_dags/example_python_operator.py
[2022-09-02T12:07:26.312+0000] {processor.py:640} INFO - Processing file /home/airflow/.local/lib/python3.7/site-packages/airflow/example_dags/example_python_operator.py for tasks to queue
[2022-09-02T12:07:26.314+0000] {logging_mixin.py:115} INFO - [2022-09-02T12:07:26.314+0000] {dagbag.py:508} INFO - Filling up the DagBag from /home/airflow/.local/lib/python3.7/site-packages/airflow/example_dags/example_python_operator.py
[2022-09-02T12:07:26.323+0000] {processor.py:650} INFO - DAG(s) dict_keys(['example_python_operator']) retrieved from /home/airflow/.local/lib/python3.7/site-packages/airflow/example_dags/example_python_operator.py
[2022-09-02T12:07:26.345+0000] {logging_mixin.py:115} INFO - [2022-09-02T12:07:26.345+0000] {dag.py:2429} INFO - Sync 1 DAGs
[2022-09-02T12:07:26.357+0000] {logging_mixin.py:115} INFO - [2022-09-02T12:07:26.357+0000] {dag.py:2981} INFO - Setting next_dagrun for example_python_operator to None, run_after=None
[2022-09-02T12:07:26.365+0000] {processor.py:161} INFO - Processing /home/airflow/.local/lib/python3.7/site-packages/airflow/example_dags/example_python_operator.py took 0.057 seconds
[2022-09-02T12:07:57.269+0000] {processor.py:153} INFO - Started process (PID=8122) to work on /home/airflow/.local/lib/python3.7/site-packages/airflow/example_dags/example_python_operator.py
[2022-09-02T12:07:57.270+0000] {processor.py:640} INFO - Processing file /home/airflow/.local/lib/python3.7/site-packages/airflow/example_dags/example_python_operator.py for tasks to queue
[2022-09-02T12:07:57.271+0000] {logging_mixin.py:115} INFO - [2022-09-02T12:07:57.271+0000] {dagbag.py:508} INFO - Filling up the DagBag from /home/airflow/.local/lib/python3.7/site-packages/airflow/example_dags/example_python_operator.py
[2022-09-02T12:07:57.282+0000] {processor.py:650} INFO - DAG(s) dict_keys(['example_python_operator']) retrieved from /home/airflow/.local/lib/python3.7/site-packages/airflow/example_dags/example_python_operator.py
[2022-09-02T12:07:57.305+0000] {logging_mixin.py:115} INFO - [2022-09-02T12:07:57.304+0000] {dag.py:2429} INFO - Sync 1 DAGs
[2022-09-02T12:07:57.319+0000] {logging_mixin.py:115} INFO - [2022-09-02T12:07:57.319+0000] {dag.py:2981} INFO - Setting next_dagrun for example_python_operator to None, run_after=None
[2022-09-02T12:07:57.327+0000] {processor.py:161} INFO - Processing /home/airflow/.local/lib/python3.7/site-packages/airflow/example_dags/example_python_operator.py took 0.061 seconds
