[2022-09-02T11:47:25.602+0000] {processor.py:153} INFO - Started process (PID=290) to work on /home/airflow/.local/lib/python3.7/site-packages/airflow/example_dags/example_branch_labels.py
[2022-09-02T11:47:25.604+0000] {processor.py:640} INFO - Processing file /home/airflow/.local/lib/python3.7/site-packages/airflow/example_dags/example_branch_labels.py for tasks to queue
[2022-09-02T11:47:25.606+0000] {logging_mixin.py:115} INFO - [2022-09-02T11:47:25.605+0000] {dagbag.py:508} INFO - Filling up the DagBag from /home/airflow/.local/lib/python3.7/site-packages/airflow/example_dags/example_branch_labels.py
[2022-09-02T11:47:25.611+0000] {processor.py:650} INFO - DAG(s) dict_keys(['example_branch_labels']) retrieved from /home/airflow/.local/lib/python3.7/site-packages/airflow/example_dags/example_branch_labels.py
[2022-09-02T11:47:25.668+0000] {logging_mixin.py:115} INFO - [2022-09-02T11:47:25.668+0000] {manager.py:508} INFO - Created Permission View: can edit on DAG:example_branch_labels
[2022-09-02T11:47:25.682+0000] {logging_mixin.py:115} INFO - [2022-09-02T11:47:25.682+0000] {manager.py:508} INFO - Created Permission View: can delete on DAG:example_branch_labels
[2022-09-02T11:47:25.688+0000] {logging_mixin.py:115} INFO - [2022-09-02T11:47:25.688+0000] {manager.py:508} INFO - Created Permission View: can read on DAG:example_branch_labels
[2022-09-02T11:47:25.689+0000] {logging_mixin.py:115} INFO - [2022-09-02T11:47:25.689+0000] {dag.py:2429} INFO - Sync 1 DAGs
[2022-09-02T11:47:25.696+0000] {logging_mixin.py:115} INFO - [2022-09-02T11:47:25.696+0000] {dag.py:2448} INFO - Creating ORM DAG for example_branch_labels
[2022-09-02T11:47:25.705+0000] {logging_mixin.py:115} INFO - [2022-09-02T11:47:25.705+0000] {dag.py:2981} INFO - Setting next_dagrun for example_branch_labels to 2022-09-01T00:00:00+00:00, run_after=2022-09-02T00:00:00+00:00
[2022-09-02T11:47:25.715+0000] {processor.py:161} INFO - Processing /home/airflow/.local/lib/python3.7/site-packages/airflow/example_dags/example_branch_labels.py took 0.115 seconds
[2022-09-02T11:47:55.753+0000] {processor.py:153} INFO - Started process (PID=487) to work on /home/airflow/.local/lib/python3.7/site-packages/airflow/example_dags/example_branch_labels.py
[2022-09-02T11:47:55.754+0000] {processor.py:640} INFO - Processing file /home/airflow/.local/lib/python3.7/site-packages/airflow/example_dags/example_branch_labels.py for tasks to queue
[2022-09-02T11:47:55.756+0000] {logging_mixin.py:115} INFO - [2022-09-02T11:47:55.755+0000] {dagbag.py:508} INFO - Filling up the DagBag from /home/airflow/.local/lib/python3.7/site-packages/airflow/example_dags/example_branch_labels.py
[2022-09-02T11:47:55.761+0000] {processor.py:650} INFO - DAG(s) dict_keys(['example_branch_labels']) retrieved from /home/airflow/.local/lib/python3.7/site-packages/airflow/example_dags/example_branch_labels.py
[2022-09-02T11:47:55.781+0000] {logging_mixin.py:115} INFO - [2022-09-02T11:47:55.781+0000] {dag.py:2429} INFO - Sync 1 DAGs
[2022-09-02T11:47:55.796+0000] {logging_mixin.py:115} INFO - [2022-09-02T11:47:55.796+0000] {dag.py:2981} INFO - Setting next_dagrun for example_branch_labels to 2022-09-01T00:00:00+00:00, run_after=2022-09-02T00:00:00+00:00
[2022-09-02T11:47:55.806+0000] {processor.py:161} INFO - Processing /home/airflow/.local/lib/python3.7/site-packages/airflow/example_dags/example_branch_labels.py took 0.056 seconds
[2022-09-02T11:48:26.011+0000] {processor.py:153} INFO - Started process (PID=682) to work on /home/airflow/.local/lib/python3.7/site-packages/airflow/example_dags/example_branch_labels.py
[2022-09-02T11:48:26.013+0000] {processor.py:640} INFO - Processing file /home/airflow/.local/lib/python3.7/site-packages/airflow/example_dags/example_branch_labels.py for tasks to queue
[2022-09-02T11:48:26.014+0000] {logging_mixin.py:115} INFO - [2022-09-02T11:48:26.014+0000] {dagbag.py:508} INFO - Filling up the DagBag from /home/airflow/.local/lib/python3.7/site-packages/airflow/example_dags/example_branch_labels.py
[2022-09-02T11:48:26.019+0000] {processor.py:650} INFO - DAG(s) dict_keys(['example_branch_labels']) retrieved from /home/airflow/.local/lib/python3.7/site-packages/airflow/example_dags/example_branch_labels.py
[2022-09-02T11:48:26.039+0000] {logging_mixin.py:115} INFO - [2022-09-02T11:48:26.039+0000] {dag.py:2429} INFO - Sync 1 DAGs
[2022-09-02T11:48:26.055+0000] {logging_mixin.py:115} INFO - [2022-09-02T11:48:26.055+0000] {dag.py:2981} INFO - Setting next_dagrun for example_branch_labels to 2022-09-01T00:00:00+00:00, run_after=2022-09-02T00:00:00+00:00
[2022-09-02T11:48:26.065+0000] {processor.py:161} INFO - Processing /home/airflow/.local/lib/python3.7/site-packages/airflow/example_dags/example_branch_labels.py took 0.056 seconds
[2022-09-02T11:48:56.921+0000] {processor.py:153} INFO - Started process (PID=876) to work on /home/airflow/.local/lib/python3.7/site-packages/airflow/example_dags/example_branch_labels.py
[2022-09-02T11:48:56.923+0000] {processor.py:640} INFO - Processing file /home/airflow/.local/lib/python3.7/site-packages/airflow/example_dags/example_branch_labels.py for tasks to queue
[2022-09-02T11:48:56.924+0000] {logging_mixin.py:115} INFO - [2022-09-02T11:48:56.924+0000] {dagbag.py:508} INFO - Filling up the DagBag from /home/airflow/.local/lib/python3.7/site-packages/airflow/example_dags/example_branch_labels.py
[2022-09-02T11:48:56.930+0000] {processor.py:650} INFO - DAG(s) dict_keys(['example_branch_labels']) retrieved from /home/airflow/.local/lib/python3.7/site-packages/airflow/example_dags/example_branch_labels.py
[2022-09-02T11:48:56.950+0000] {logging_mixin.py:115} INFO - [2022-09-02T11:48:56.950+0000] {dag.py:2429} INFO - Sync 1 DAGs
[2022-09-02T11:48:56.965+0000] {logging_mixin.py:115} INFO - [2022-09-02T11:48:56.965+0000] {dag.py:2981} INFO - Setting next_dagrun for example_branch_labels to 2022-09-01T00:00:00+00:00, run_after=2022-09-02T00:00:00+00:00
[2022-09-02T11:48:56.976+0000] {processor.py:161} INFO - Processing /home/airflow/.local/lib/python3.7/site-packages/airflow/example_dags/example_branch_labels.py took 0.057 seconds
[2022-09-02T11:49:27.769+0000] {processor.py:153} INFO - Started process (PID=1073) to work on /home/airflow/.local/lib/python3.7/site-packages/airflow/example_dags/example_branch_labels.py
[2022-09-02T11:49:27.771+0000] {processor.py:640} INFO - Processing file /home/airflow/.local/lib/python3.7/site-packages/airflow/example_dags/example_branch_labels.py for tasks to queue
[2022-09-02T11:49:27.773+0000] {logging_mixin.py:115} INFO - [2022-09-02T11:49:27.773+0000] {dagbag.py:508} INFO - Filling up the DagBag from /home/airflow/.local/lib/python3.7/site-packages/airflow/example_dags/example_branch_labels.py
[2022-09-02T11:49:27.778+0000] {processor.py:650} INFO - DAG(s) dict_keys(['example_branch_labels']) retrieved from /home/airflow/.local/lib/python3.7/site-packages/airflow/example_dags/example_branch_labels.py
[2022-09-02T11:49:27.797+0000] {logging_mixin.py:115} INFO - [2022-09-02T11:49:27.797+0000] {dag.py:2429} INFO - Sync 1 DAGs
[2022-09-02T11:49:27.814+0000] {logging_mixin.py:115} INFO - [2022-09-02T11:49:27.814+0000] {dag.py:2981} INFO - Setting next_dagrun for example_branch_labels to 2022-09-01T00:00:00+00:00, run_after=2022-09-02T00:00:00+00:00
[2022-09-02T11:49:27.829+0000] {processor.py:161} INFO - Processing /home/airflow/.local/lib/python3.7/site-packages/airflow/example_dags/example_branch_labels.py took 0.062 seconds
[2022-09-02T11:49:58.617+0000] {processor.py:153} INFO - Started process (PID=1261) to work on /home/airflow/.local/lib/python3.7/site-packages/airflow/example_dags/example_branch_labels.py
[2022-09-02T11:49:58.619+0000] {processor.py:640} INFO - Processing file /home/airflow/.local/lib/python3.7/site-packages/airflow/example_dags/example_branch_labels.py for tasks to queue
[2022-09-02T11:49:58.620+0000] {logging_mixin.py:115} INFO - [2022-09-02T11:49:58.620+0000] {dagbag.py:508} INFO - Filling up the DagBag from /home/airflow/.local/lib/python3.7/site-packages/airflow/example_dags/example_branch_labels.py
[2022-09-02T11:49:58.625+0000] {processor.py:650} INFO - DAG(s) dict_keys(['example_branch_labels']) retrieved from /home/airflow/.local/lib/python3.7/site-packages/airflow/example_dags/example_branch_labels.py
[2022-09-02T11:49:58.643+0000] {logging_mixin.py:115} INFO - [2022-09-02T11:49:58.642+0000] {dag.py:2429} INFO - Sync 1 DAGs
[2022-09-02T11:49:58.657+0000] {logging_mixin.py:115} INFO - [2022-09-02T11:49:58.657+0000] {dag.py:2981} INFO - Setting next_dagrun for example_branch_labels to 2022-09-01T00:00:00+00:00, run_after=2022-09-02T00:00:00+00:00
[2022-09-02T11:49:58.666+0000] {processor.py:161} INFO - Processing /home/airflow/.local/lib/python3.7/site-packages/airflow/example_dags/example_branch_labels.py took 0.051 seconds
[2022-09-02T11:50:29.509+0000] {processor.py:153} INFO - Started process (PID=1463) to work on /home/airflow/.local/lib/python3.7/site-packages/airflow/example_dags/example_branch_labels.py
[2022-09-02T11:50:29.511+0000] {processor.py:640} INFO - Processing file /home/airflow/.local/lib/python3.7/site-packages/airflow/example_dags/example_branch_labels.py for tasks to queue
[2022-09-02T11:50:29.512+0000] {logging_mixin.py:115} INFO - [2022-09-02T11:50:29.512+0000] {dagbag.py:508} INFO - Filling up the DagBag from /home/airflow/.local/lib/python3.7/site-packages/airflow/example_dags/example_branch_labels.py
[2022-09-02T11:50:29.517+0000] {processor.py:650} INFO - DAG(s) dict_keys(['example_branch_labels']) retrieved from /home/airflow/.local/lib/python3.7/site-packages/airflow/example_dags/example_branch_labels.py
[2022-09-02T11:50:29.535+0000] {logging_mixin.py:115} INFO - [2022-09-02T11:50:29.535+0000] {dag.py:2429} INFO - Sync 1 DAGs
[2022-09-02T11:50:29.550+0000] {logging_mixin.py:115} INFO - [2022-09-02T11:50:29.550+0000] {dag.py:2981} INFO - Setting next_dagrun for example_branch_labels to 2022-09-01T00:00:00+00:00, run_after=2022-09-02T00:00:00+00:00
[2022-09-02T11:50:29.560+0000] {processor.py:161} INFO - Processing /home/airflow/.local/lib/python3.7/site-packages/airflow/example_dags/example_branch_labels.py took 0.053 seconds
[2022-09-02T11:51:00.163+0000] {processor.py:153} INFO - Started process (PID=1662) to work on /home/airflow/.local/lib/python3.7/site-packages/airflow/example_dags/example_branch_labels.py
[2022-09-02T11:51:00.165+0000] {processor.py:640} INFO - Processing file /home/airflow/.local/lib/python3.7/site-packages/airflow/example_dags/example_branch_labels.py for tasks to queue
[2022-09-02T11:51:00.167+0000] {logging_mixin.py:115} INFO - [2022-09-02T11:51:00.167+0000] {dagbag.py:508} INFO - Filling up the DagBag from /home/airflow/.local/lib/python3.7/site-packages/airflow/example_dags/example_branch_labels.py
[2022-09-02T11:51:00.172+0000] {processor.py:650} INFO - DAG(s) dict_keys(['example_branch_labels']) retrieved from /home/airflow/.local/lib/python3.7/site-packages/airflow/example_dags/example_branch_labels.py
[2022-09-02T11:51:00.189+0000] {logging_mixin.py:115} INFO - [2022-09-02T11:51:00.189+0000] {dag.py:2429} INFO - Sync 1 DAGs
[2022-09-02T11:51:00.203+0000] {logging_mixin.py:115} INFO - [2022-09-02T11:51:00.202+0000] {dag.py:2981} INFO - Setting next_dagrun for example_branch_labels to 2022-09-01T00:00:00+00:00, run_after=2022-09-02T00:00:00+00:00
[2022-09-02T11:51:00.211+0000] {processor.py:161} INFO - Processing /home/airflow/.local/lib/python3.7/site-packages/airflow/example_dags/example_branch_labels.py took 0.050 seconds
[2022-09-02T11:51:30.977+0000] {processor.py:153} INFO - Started process (PID=1860) to work on /home/airflow/.local/lib/python3.7/site-packages/airflow/example_dags/example_branch_labels.py
[2022-09-02T11:51:30.980+0000] {processor.py:640} INFO - Processing file /home/airflow/.local/lib/python3.7/site-packages/airflow/example_dags/example_branch_labels.py for tasks to queue
[2022-09-02T11:51:30.982+0000] {logging_mixin.py:115} INFO - [2022-09-02T11:51:30.982+0000] {dagbag.py:508} INFO - Filling up the DagBag from /home/airflow/.local/lib/python3.7/site-packages/airflow/example_dags/example_branch_labels.py
[2022-09-02T11:51:30.987+0000] {processor.py:650} INFO - DAG(s) dict_keys(['example_branch_labels']) retrieved from /home/airflow/.local/lib/python3.7/site-packages/airflow/example_dags/example_branch_labels.py
[2022-09-02T11:51:31.008+0000] {logging_mixin.py:115} INFO - [2022-09-02T11:51:31.008+0000] {dag.py:2429} INFO - Sync 1 DAGs
[2022-09-02T11:51:31.024+0000] {logging_mixin.py:115} INFO - [2022-09-02T11:51:31.024+0000] {dag.py:2981} INFO - Setting next_dagrun for example_branch_labels to 2022-09-01T00:00:00+00:00, run_after=2022-09-02T00:00:00+00:00
[2022-09-02T11:51:31.034+0000] {processor.py:161} INFO - Processing /home/airflow/.local/lib/python3.7/site-packages/airflow/example_dags/example_branch_labels.py took 0.059 seconds
[2022-09-02T11:52:01.885+0000] {processor.py:153} INFO - Started process (PID=2057) to work on /home/airflow/.local/lib/python3.7/site-packages/airflow/example_dags/example_branch_labels.py
[2022-09-02T11:52:01.887+0000] {processor.py:640} INFO - Processing file /home/airflow/.local/lib/python3.7/site-packages/airflow/example_dags/example_branch_labels.py for tasks to queue
[2022-09-02T11:52:01.888+0000] {logging_mixin.py:115} INFO - [2022-09-02T11:52:01.888+0000] {dagbag.py:508} INFO - Filling up the DagBag from /home/airflow/.local/lib/python3.7/site-packages/airflow/example_dags/example_branch_labels.py
[2022-09-02T11:52:01.893+0000] {processor.py:650} INFO - DAG(s) dict_keys(['example_branch_labels']) retrieved from /home/airflow/.local/lib/python3.7/site-packages/airflow/example_dags/example_branch_labels.py
[2022-09-02T11:52:01.912+0000] {logging_mixin.py:115} INFO - [2022-09-02T11:52:01.912+0000] {dag.py:2429} INFO - Sync 1 DAGs
[2022-09-02T11:52:01.926+0000] {logging_mixin.py:115} INFO - [2022-09-02T11:52:01.926+0000] {dag.py:2981} INFO - Setting next_dagrun for example_branch_labels to 2022-09-01T00:00:00+00:00, run_after=2022-09-02T00:00:00+00:00
[2022-09-02T11:52:01.936+0000] {processor.py:161} INFO - Processing /home/airflow/.local/lib/python3.7/site-packages/airflow/example_dags/example_branch_labels.py took 0.054 seconds
[2022-09-02T11:52:32.769+0000] {processor.py:153} INFO - Started process (PID=2254) to work on /home/airflow/.local/lib/python3.7/site-packages/airflow/example_dags/example_branch_labels.py
[2022-09-02T11:52:32.770+0000] {processor.py:640} INFO - Processing file /home/airflow/.local/lib/python3.7/site-packages/airflow/example_dags/example_branch_labels.py for tasks to queue
[2022-09-02T11:52:32.772+0000] {logging_mixin.py:115} INFO - [2022-09-02T11:52:32.772+0000] {dagbag.py:508} INFO - Filling up the DagBag from /home/airflow/.local/lib/python3.7/site-packages/airflow/example_dags/example_branch_labels.py
[2022-09-02T11:52:32.776+0000] {processor.py:650} INFO - DAG(s) dict_keys(['example_branch_labels']) retrieved from /home/airflow/.local/lib/python3.7/site-packages/airflow/example_dags/example_branch_labels.py
[2022-09-02T11:52:32.795+0000] {logging_mixin.py:115} INFO - [2022-09-02T11:52:32.795+0000] {dag.py:2429} INFO - Sync 1 DAGs
[2022-09-02T11:52:32.809+0000] {logging_mixin.py:115} INFO - [2022-09-02T11:52:32.809+0000] {dag.py:2981} INFO - Setting next_dagrun for example_branch_labels to 2022-09-01T00:00:00+00:00, run_after=2022-09-02T00:00:00+00:00
[2022-09-02T11:52:32.818+0000] {processor.py:161} INFO - Processing /home/airflow/.local/lib/python3.7/site-packages/airflow/example_dags/example_branch_labels.py took 0.052 seconds
[2022-09-02T11:53:03.454+0000] {processor.py:153} INFO - Started process (PID=2443) to work on /home/airflow/.local/lib/python3.7/site-packages/airflow/example_dags/example_branch_labels.py
[2022-09-02T11:53:03.455+0000] {processor.py:640} INFO - Processing file /home/airflow/.local/lib/python3.7/site-packages/airflow/example_dags/example_branch_labels.py for tasks to queue
[2022-09-02T11:53:03.457+0000] {logging_mixin.py:115} INFO - [2022-09-02T11:53:03.456+0000] {dagbag.py:508} INFO - Filling up the DagBag from /home/airflow/.local/lib/python3.7/site-packages/airflow/example_dags/example_branch_labels.py
[2022-09-02T11:53:03.462+0000] {processor.py:650} INFO - DAG(s) dict_keys(['example_branch_labels']) retrieved from /home/airflow/.local/lib/python3.7/site-packages/airflow/example_dags/example_branch_labels.py
[2022-09-02T11:53:03.480+0000] {logging_mixin.py:115} INFO - [2022-09-02T11:53:03.480+0000] {dag.py:2429} INFO - Sync 1 DAGs
[2022-09-02T11:53:03.494+0000] {logging_mixin.py:115} INFO - [2022-09-02T11:53:03.494+0000] {dag.py:2981} INFO - Setting next_dagrun for example_branch_labels to 2022-09-01T00:00:00+00:00, run_after=2022-09-02T00:00:00+00:00
[2022-09-02T11:53:03.504+0000] {processor.py:161} INFO - Processing /home/airflow/.local/lib/python3.7/site-packages/airflow/example_dags/example_branch_labels.py took 0.053 seconds
[2022-09-02T11:53:34.284+0000] {processor.py:153} INFO - Started process (PID=2641) to work on /home/airflow/.local/lib/python3.7/site-packages/airflow/example_dags/example_branch_labels.py
[2022-09-02T11:53:34.286+0000] {processor.py:640} INFO - Processing file /home/airflow/.local/lib/python3.7/site-packages/airflow/example_dags/example_branch_labels.py for tasks to queue
[2022-09-02T11:53:34.287+0000] {logging_mixin.py:115} INFO - [2022-09-02T11:53:34.287+0000] {dagbag.py:508} INFO - Filling up the DagBag from /home/airflow/.local/lib/python3.7/site-packages/airflow/example_dags/example_branch_labels.py
[2022-09-02T11:53:34.293+0000] {processor.py:650} INFO - DAG(s) dict_keys(['example_branch_labels']) retrieved from /home/airflow/.local/lib/python3.7/site-packages/airflow/example_dags/example_branch_labels.py
[2022-09-02T11:53:34.310+0000] {logging_mixin.py:115} INFO - [2022-09-02T11:53:34.310+0000] {dag.py:2429} INFO - Sync 1 DAGs
[2022-09-02T11:53:34.328+0000] {logging_mixin.py:115} INFO - [2022-09-02T11:53:34.328+0000] {dag.py:2981} INFO - Setting next_dagrun for example_branch_labels to 2022-09-01T00:00:00+00:00, run_after=2022-09-02T00:00:00+00:00
[2022-09-02T11:53:34.338+0000] {processor.py:161} INFO - Processing /home/airflow/.local/lib/python3.7/site-packages/airflow/example_dags/example_branch_labels.py took 0.057 seconds
[2022-09-02T11:54:05.075+0000] {processor.py:153} INFO - Started process (PID=2838) to work on /home/airflow/.local/lib/python3.7/site-packages/airflow/example_dags/example_branch_labels.py
[2022-09-02T11:54:05.076+0000] {processor.py:640} INFO - Processing file /home/airflow/.local/lib/python3.7/site-packages/airflow/example_dags/example_branch_labels.py for tasks to queue
[2022-09-02T11:54:05.078+0000] {logging_mixin.py:115} INFO - [2022-09-02T11:54:05.078+0000] {dagbag.py:508} INFO - Filling up the DagBag from /home/airflow/.local/lib/python3.7/site-packages/airflow/example_dags/example_branch_labels.py
[2022-09-02T11:54:05.083+0000] {processor.py:650} INFO - DAG(s) dict_keys(['example_branch_labels']) retrieved from /home/airflow/.local/lib/python3.7/site-packages/airflow/example_dags/example_branch_labels.py
[2022-09-02T11:54:05.101+0000] {logging_mixin.py:115} INFO - [2022-09-02T11:54:05.101+0000] {dag.py:2429} INFO - Sync 1 DAGs
[2022-09-02T11:54:05.116+0000] {logging_mixin.py:115} INFO - [2022-09-02T11:54:05.116+0000] {dag.py:2981} INFO - Setting next_dagrun for example_branch_labels to 2022-09-01T00:00:00+00:00, run_after=2022-09-02T00:00:00+00:00
[2022-09-02T11:54:05.126+0000] {processor.py:161} INFO - Processing /home/airflow/.local/lib/python3.7/site-packages/airflow/example_dags/example_branch_labels.py took 0.053 seconds
[2022-09-02T11:54:35.880+0000] {processor.py:153} INFO - Started process (PID=3034) to work on /home/airflow/.local/lib/python3.7/site-packages/airflow/example_dags/example_branch_labels.py
[2022-09-02T11:54:35.881+0000] {processor.py:640} INFO - Processing file /home/airflow/.local/lib/python3.7/site-packages/airflow/example_dags/example_branch_labels.py for tasks to queue
[2022-09-02T11:54:35.883+0000] {logging_mixin.py:115} INFO - [2022-09-02T11:54:35.883+0000] {dagbag.py:508} INFO - Filling up the DagBag from /home/airflow/.local/lib/python3.7/site-packages/airflow/example_dags/example_branch_labels.py
[2022-09-02T11:54:35.888+0000] {processor.py:650} INFO - DAG(s) dict_keys(['example_branch_labels']) retrieved from /home/airflow/.local/lib/python3.7/site-packages/airflow/example_dags/example_branch_labels.py
[2022-09-02T11:54:35.908+0000] {logging_mixin.py:115} INFO - [2022-09-02T11:54:35.908+0000] {dag.py:2429} INFO - Sync 1 DAGs
[2022-09-02T11:54:35.924+0000] {logging_mixin.py:115} INFO - [2022-09-02T11:54:35.924+0000] {dag.py:2981} INFO - Setting next_dagrun for example_branch_labels to 2022-09-01T00:00:00+00:00, run_after=2022-09-02T00:00:00+00:00
[2022-09-02T11:54:35.933+0000] {processor.py:161} INFO - Processing /home/airflow/.local/lib/python3.7/site-packages/airflow/example_dags/example_branch_labels.py took 0.055 seconds
[2022-09-02T11:55:06.659+0000] {processor.py:153} INFO - Started process (PID=3232) to work on /home/airflow/.local/lib/python3.7/site-packages/airflow/example_dags/example_branch_labels.py
[2022-09-02T11:55:06.660+0000] {processor.py:640} INFO - Processing file /home/airflow/.local/lib/python3.7/site-packages/airflow/example_dags/example_branch_labels.py for tasks to queue
[2022-09-02T11:55:06.661+0000] {logging_mixin.py:115} INFO - [2022-09-02T11:55:06.661+0000] {dagbag.py:508} INFO - Filling up the DagBag from /home/airflow/.local/lib/python3.7/site-packages/airflow/example_dags/example_branch_labels.py
[2022-09-02T11:55:06.667+0000] {processor.py:650} INFO - DAG(s) dict_keys(['example_branch_labels']) retrieved from /home/airflow/.local/lib/python3.7/site-packages/airflow/example_dags/example_branch_labels.py
[2022-09-02T11:55:06.686+0000] {logging_mixin.py:115} INFO - [2022-09-02T11:55:06.686+0000] {dag.py:2429} INFO - Sync 1 DAGs
[2022-09-02T11:55:06.700+0000] {logging_mixin.py:115} INFO - [2022-09-02T11:55:06.700+0000] {dag.py:2981} INFO - Setting next_dagrun for example_branch_labels to 2022-09-01T00:00:00+00:00, run_after=2022-09-02T00:00:00+00:00
[2022-09-02T11:55:06.711+0000] {processor.py:161} INFO - Processing /home/airflow/.local/lib/python3.7/site-packages/airflow/example_dags/example_branch_labels.py took 0.054 seconds
[2022-09-02T11:55:37.451+0000] {processor.py:153} INFO - Started process (PID=3430) to work on /home/airflow/.local/lib/python3.7/site-packages/airflow/example_dags/example_branch_labels.py
[2022-09-02T11:55:37.453+0000] {processor.py:640} INFO - Processing file /home/airflow/.local/lib/python3.7/site-packages/airflow/example_dags/example_branch_labels.py for tasks to queue
[2022-09-02T11:55:37.455+0000] {logging_mixin.py:115} INFO - [2022-09-02T11:55:37.455+0000] {dagbag.py:508} INFO - Filling up the DagBag from /home/airflow/.local/lib/python3.7/site-packages/airflow/example_dags/example_branch_labels.py
[2022-09-02T11:55:37.460+0000] {processor.py:650} INFO - DAG(s) dict_keys(['example_branch_labels']) retrieved from /home/airflow/.local/lib/python3.7/site-packages/airflow/example_dags/example_branch_labels.py
[2022-09-02T11:55:37.479+0000] {logging_mixin.py:115} INFO - [2022-09-02T11:55:37.479+0000] {dag.py:2429} INFO - Sync 1 DAGs
[2022-09-02T11:55:37.494+0000] {logging_mixin.py:115} INFO - [2022-09-02T11:55:37.494+0000] {dag.py:2981} INFO - Setting next_dagrun for example_branch_labels to 2022-09-01T00:00:00+00:00, run_after=2022-09-02T00:00:00+00:00
[2022-09-02T11:55:37.505+0000] {processor.py:161} INFO - Processing /home/airflow/.local/lib/python3.7/site-packages/airflow/example_dags/example_branch_labels.py took 0.056 seconds
[2022-09-02T11:56:08.278+0000] {processor.py:153} INFO - Started process (PID=3626) to work on /home/airflow/.local/lib/python3.7/site-packages/airflow/example_dags/example_branch_labels.py
[2022-09-02T11:56:08.280+0000] {processor.py:640} INFO - Processing file /home/airflow/.local/lib/python3.7/site-packages/airflow/example_dags/example_branch_labels.py for tasks to queue
[2022-09-02T11:56:08.281+0000] {logging_mixin.py:115} INFO - [2022-09-02T11:56:08.281+0000] {dagbag.py:508} INFO - Filling up the DagBag from /home/airflow/.local/lib/python3.7/site-packages/airflow/example_dags/example_branch_labels.py
[2022-09-02T11:56:08.287+0000] {processor.py:650} INFO - DAG(s) dict_keys(['example_branch_labels']) retrieved from /home/airflow/.local/lib/python3.7/site-packages/airflow/example_dags/example_branch_labels.py
[2022-09-02T11:56:08.304+0000] {logging_mixin.py:115} INFO - [2022-09-02T11:56:08.304+0000] {dag.py:2429} INFO - Sync 1 DAGs
[2022-09-02T11:56:08.323+0000] {logging_mixin.py:115} INFO - [2022-09-02T11:56:08.323+0000] {dag.py:2981} INFO - Setting next_dagrun for example_branch_labels to 2022-09-01T00:00:00+00:00, run_after=2022-09-02T00:00:00+00:00
[2022-09-02T11:56:08.342+0000] {processor.py:161} INFO - Processing /home/airflow/.local/lib/python3.7/site-packages/airflow/example_dags/example_branch_labels.py took 0.066 seconds
[2022-09-02T11:56:39.101+0000] {processor.py:153} INFO - Started process (PID=3813) to work on /home/airflow/.local/lib/python3.7/site-packages/airflow/example_dags/example_branch_labels.py
[2022-09-02T11:56:39.103+0000] {processor.py:640} INFO - Processing file /home/airflow/.local/lib/python3.7/site-packages/airflow/example_dags/example_branch_labels.py for tasks to queue
[2022-09-02T11:56:39.104+0000] {logging_mixin.py:115} INFO - [2022-09-02T11:56:39.104+0000] {dagbag.py:508} INFO - Filling up the DagBag from /home/airflow/.local/lib/python3.7/site-packages/airflow/example_dags/example_branch_labels.py
[2022-09-02T11:56:39.109+0000] {processor.py:650} INFO - DAG(s) dict_keys(['example_branch_labels']) retrieved from /home/airflow/.local/lib/python3.7/site-packages/airflow/example_dags/example_branch_labels.py
[2022-09-02T11:56:39.130+0000] {logging_mixin.py:115} INFO - [2022-09-02T11:56:39.130+0000] {dag.py:2429} INFO - Sync 1 DAGs
[2022-09-02T11:56:39.144+0000] {logging_mixin.py:115} INFO - [2022-09-02T11:56:39.144+0000] {dag.py:2981} INFO - Setting next_dagrun for example_branch_labels to 2022-09-01T00:00:00+00:00, run_after=2022-09-02T00:00:00+00:00
[2022-09-02T11:56:39.154+0000] {processor.py:161} INFO - Processing /home/airflow/.local/lib/python3.7/site-packages/airflow/example_dags/example_branch_labels.py took 0.055 seconds
[2022-09-02T11:57:09.915+0000] {processor.py:153} INFO - Started process (PID=4010) to work on /home/airflow/.local/lib/python3.7/site-packages/airflow/example_dags/example_branch_labels.py
[2022-09-02T11:57:09.917+0000] {processor.py:640} INFO - Processing file /home/airflow/.local/lib/python3.7/site-packages/airflow/example_dags/example_branch_labels.py for tasks to queue
[2022-09-02T11:57:09.919+0000] {logging_mixin.py:115} INFO - [2022-09-02T11:57:09.919+0000] {dagbag.py:508} INFO - Filling up the DagBag from /home/airflow/.local/lib/python3.7/site-packages/airflow/example_dags/example_branch_labels.py
[2022-09-02T11:57:09.925+0000] {processor.py:650} INFO - DAG(s) dict_keys(['example_branch_labels']) retrieved from /home/airflow/.local/lib/python3.7/site-packages/airflow/example_dags/example_branch_labels.py
[2022-09-02T11:57:09.942+0000] {logging_mixin.py:115} INFO - [2022-09-02T11:57:09.942+0000] {dag.py:2429} INFO - Sync 1 DAGs
[2022-09-02T11:57:09.959+0000] {logging_mixin.py:115} INFO - [2022-09-02T11:57:09.959+0000] {dag.py:2981} INFO - Setting next_dagrun for example_branch_labels to 2022-09-01T00:00:00+00:00, run_after=2022-09-02T00:00:00+00:00
[2022-09-02T11:57:09.969+0000] {processor.py:161} INFO - Processing /home/airflow/.local/lib/python3.7/site-packages/airflow/example_dags/example_branch_labels.py took 0.056 seconds
[2022-09-02T11:57:40.782+0000] {processor.py:153} INFO - Started process (PID=4205) to work on /home/airflow/.local/lib/python3.7/site-packages/airflow/example_dags/example_branch_labels.py
[2022-09-02T11:57:40.784+0000] {processor.py:640} INFO - Processing file /home/airflow/.local/lib/python3.7/site-packages/airflow/example_dags/example_branch_labels.py for tasks to queue
[2022-09-02T11:57:40.786+0000] {logging_mixin.py:115} INFO - [2022-09-02T11:57:40.786+0000] {dagbag.py:508} INFO - Filling up the DagBag from /home/airflow/.local/lib/python3.7/site-packages/airflow/example_dags/example_branch_labels.py
[2022-09-02T11:57:40.791+0000] {processor.py:650} INFO - DAG(s) dict_keys(['example_branch_labels']) retrieved from /home/airflow/.local/lib/python3.7/site-packages/airflow/example_dags/example_branch_labels.py
[2022-09-02T11:57:40.810+0000] {logging_mixin.py:115} INFO - [2022-09-02T11:57:40.810+0000] {dag.py:2429} INFO - Sync 1 DAGs
[2022-09-02T11:57:40.827+0000] {logging_mixin.py:115} INFO - [2022-09-02T11:57:40.826+0000] {dag.py:2981} INFO - Setting next_dagrun for example_branch_labels to 2022-09-01T00:00:00+00:00, run_after=2022-09-02T00:00:00+00:00
[2022-09-02T11:57:40.833+0000] {processor.py:161} INFO - Processing /home/airflow/.local/lib/python3.7/site-packages/airflow/example_dags/example_branch_labels.py took 0.054 seconds
[2022-09-02T11:58:11.659+0000] {processor.py:153} INFO - Started process (PID=4402) to work on /home/airflow/.local/lib/python3.7/site-packages/airflow/example_dags/example_branch_labels.py
[2022-09-02T11:58:11.661+0000] {processor.py:640} INFO - Processing file /home/airflow/.local/lib/python3.7/site-packages/airflow/example_dags/example_branch_labels.py for tasks to queue
[2022-09-02T11:58:11.663+0000] {logging_mixin.py:115} INFO - [2022-09-02T11:58:11.663+0000] {dagbag.py:508} INFO - Filling up the DagBag from /home/airflow/.local/lib/python3.7/site-packages/airflow/example_dags/example_branch_labels.py
[2022-09-02T11:58:11.668+0000] {processor.py:650} INFO - DAG(s) dict_keys(['example_branch_labels']) retrieved from /home/airflow/.local/lib/python3.7/site-packages/airflow/example_dags/example_branch_labels.py
[2022-09-02T11:58:11.686+0000] {logging_mixin.py:115} INFO - [2022-09-02T11:58:11.686+0000] {dag.py:2429} INFO - Sync 1 DAGs
[2022-09-02T11:58:11.701+0000] {logging_mixin.py:115} INFO - [2022-09-02T11:58:11.701+0000] {dag.py:2981} INFO - Setting next_dagrun for example_branch_labels to 2022-09-01T00:00:00+00:00, run_after=2022-09-02T00:00:00+00:00
[2022-09-02T11:58:11.709+0000] {processor.py:161} INFO - Processing /home/airflow/.local/lib/python3.7/site-packages/airflow/example_dags/example_branch_labels.py took 0.052 seconds
[2022-09-02T11:58:42.439+0000] {processor.py:153} INFO - Started process (PID=4599) to work on /home/airflow/.local/lib/python3.7/site-packages/airflow/example_dags/example_branch_labels.py
[2022-09-02T11:58:42.441+0000] {processor.py:640} INFO - Processing file /home/airflow/.local/lib/python3.7/site-packages/airflow/example_dags/example_branch_labels.py for tasks to queue
[2022-09-02T11:58:42.443+0000] {logging_mixin.py:115} INFO - [2022-09-02T11:58:42.443+0000] {dagbag.py:508} INFO - Filling up the DagBag from /home/airflow/.local/lib/python3.7/site-packages/airflow/example_dags/example_branch_labels.py
[2022-09-02T11:58:42.448+0000] {processor.py:650} INFO - DAG(s) dict_keys(['example_branch_labels']) retrieved from /home/airflow/.local/lib/python3.7/site-packages/airflow/example_dags/example_branch_labels.py
[2022-09-02T11:58:42.467+0000] {logging_mixin.py:115} INFO - [2022-09-02T11:58:42.466+0000] {dag.py:2429} INFO - Sync 1 DAGs
[2022-09-02T11:58:42.484+0000] {logging_mixin.py:115} INFO - [2022-09-02T11:58:42.484+0000] {dag.py:2981} INFO - Setting next_dagrun for example_branch_labels to 2022-09-01T00:00:00+00:00, run_after=2022-09-02T00:00:00+00:00
[2022-09-02T11:58:42.493+0000] {processor.py:161} INFO - Processing /home/airflow/.local/lib/python3.7/site-packages/airflow/example_dags/example_branch_labels.py took 0.057 seconds
[2022-09-02T11:59:13.427+0000] {processor.py:153} INFO - Started process (PID=4796) to work on /home/airflow/.local/lib/python3.7/site-packages/airflow/example_dags/example_branch_labels.py
[2022-09-02T11:59:13.429+0000] {processor.py:640} INFO - Processing file /home/airflow/.local/lib/python3.7/site-packages/airflow/example_dags/example_branch_labels.py for tasks to queue
[2022-09-02T11:59:13.431+0000] {logging_mixin.py:115} INFO - [2022-09-02T11:59:13.431+0000] {dagbag.py:508} INFO - Filling up the DagBag from /home/airflow/.local/lib/python3.7/site-packages/airflow/example_dags/example_branch_labels.py
[2022-09-02T11:59:13.435+0000] {processor.py:650} INFO - DAG(s) dict_keys(['example_branch_labels']) retrieved from /home/airflow/.local/lib/python3.7/site-packages/airflow/example_dags/example_branch_labels.py
[2022-09-02T11:59:13.454+0000] {logging_mixin.py:115} INFO - [2022-09-02T11:59:13.454+0000] {dag.py:2429} INFO - Sync 1 DAGs
[2022-09-02T11:59:13.476+0000] {logging_mixin.py:115} INFO - [2022-09-02T11:59:13.476+0000] {dag.py:2981} INFO - Setting next_dagrun for example_branch_labels to 2022-09-01T00:00:00+00:00, run_after=2022-09-02T00:00:00+00:00
[2022-09-02T11:59:13.483+0000] {processor.py:161} INFO - Processing /home/airflow/.local/lib/python3.7/site-packages/airflow/example_dags/example_branch_labels.py took 0.058 seconds
[2022-09-02T11:59:44.267+0000] {processor.py:153} INFO - Started process (PID=4991) to work on /home/airflow/.local/lib/python3.7/site-packages/airflow/example_dags/example_branch_labels.py
[2022-09-02T11:59:44.269+0000] {processor.py:640} INFO - Processing file /home/airflow/.local/lib/python3.7/site-packages/airflow/example_dags/example_branch_labels.py for tasks to queue
[2022-09-02T11:59:44.271+0000] {logging_mixin.py:115} INFO - [2022-09-02T11:59:44.271+0000] {dagbag.py:508} INFO - Filling up the DagBag from /home/airflow/.local/lib/python3.7/site-packages/airflow/example_dags/example_branch_labels.py
[2022-09-02T11:59:44.277+0000] {processor.py:650} INFO - DAG(s) dict_keys(['example_branch_labels']) retrieved from /home/airflow/.local/lib/python3.7/site-packages/airflow/example_dags/example_branch_labels.py
[2022-09-02T11:59:44.298+0000] {logging_mixin.py:115} INFO - [2022-09-02T11:59:44.298+0000] {dag.py:2429} INFO - Sync 1 DAGs
[2022-09-02T11:59:44.317+0000] {logging_mixin.py:115} INFO - [2022-09-02T11:59:44.317+0000] {dag.py:2981} INFO - Setting next_dagrun for example_branch_labels to 2022-09-01T00:00:00+00:00, run_after=2022-09-02T00:00:00+00:00
[2022-09-02T11:59:44.326+0000] {processor.py:161} INFO - Processing /home/airflow/.local/lib/python3.7/site-packages/airflow/example_dags/example_branch_labels.py took 0.062 seconds
[2022-09-02T12:00:15.073+0000] {processor.py:153} INFO - Started process (PID=5181) to work on /home/airflow/.local/lib/python3.7/site-packages/airflow/example_dags/example_branch_labels.py
[2022-09-02T12:00:15.074+0000] {processor.py:640} INFO - Processing file /home/airflow/.local/lib/python3.7/site-packages/airflow/example_dags/example_branch_labels.py for tasks to queue
[2022-09-02T12:00:15.075+0000] {logging_mixin.py:115} INFO - [2022-09-02T12:00:15.075+0000] {dagbag.py:508} INFO - Filling up the DagBag from /home/airflow/.local/lib/python3.7/site-packages/airflow/example_dags/example_branch_labels.py
[2022-09-02T12:00:15.080+0000] {processor.py:650} INFO - DAG(s) dict_keys(['example_branch_labels']) retrieved from /home/airflow/.local/lib/python3.7/site-packages/airflow/example_dags/example_branch_labels.py
[2022-09-02T12:00:15.099+0000] {logging_mixin.py:115} INFO - [2022-09-02T12:00:15.099+0000] {dag.py:2429} INFO - Sync 1 DAGs
[2022-09-02T12:00:15.115+0000] {logging_mixin.py:115} INFO - [2022-09-02T12:00:15.115+0000] {dag.py:2981} INFO - Setting next_dagrun for example_branch_labels to 2022-09-01T00:00:00+00:00, run_after=2022-09-02T00:00:00+00:00
[2022-09-02T12:00:15.123+0000] {processor.py:161} INFO - Processing /home/airflow/.local/lib/python3.7/site-packages/airflow/example_dags/example_branch_labels.py took 0.053 seconds
[2022-09-02T12:00:45.896+0000] {processor.py:153} INFO - Started process (PID=5378) to work on /home/airflow/.local/lib/python3.7/site-packages/airflow/example_dags/example_branch_labels.py
[2022-09-02T12:00:45.897+0000] {processor.py:640} INFO - Processing file /home/airflow/.local/lib/python3.7/site-packages/airflow/example_dags/example_branch_labels.py for tasks to queue
[2022-09-02T12:00:45.898+0000] {logging_mixin.py:115} INFO - [2022-09-02T12:00:45.898+0000] {dagbag.py:508} INFO - Filling up the DagBag from /home/airflow/.local/lib/python3.7/site-packages/airflow/example_dags/example_branch_labels.py
[2022-09-02T12:00:45.903+0000] {processor.py:650} INFO - DAG(s) dict_keys(['example_branch_labels']) retrieved from /home/airflow/.local/lib/python3.7/site-packages/airflow/example_dags/example_branch_labels.py
[2022-09-02T12:00:45.920+0000] {logging_mixin.py:115} INFO - [2022-09-02T12:00:45.920+0000] {dag.py:2429} INFO - Sync 1 DAGs
[2022-09-02T12:00:45.937+0000] {logging_mixin.py:115} INFO - [2022-09-02T12:00:45.937+0000] {dag.py:2981} INFO - Setting next_dagrun for example_branch_labels to 2022-09-01T00:00:00+00:00, run_after=2022-09-02T00:00:00+00:00
[2022-09-02T12:00:45.944+0000] {processor.py:161} INFO - Processing /home/airflow/.local/lib/python3.7/site-packages/airflow/example_dags/example_branch_labels.py took 0.051 seconds
[2022-09-02T12:01:16.489+0000] {processor.py:153} INFO - Started process (PID=5575) to work on /home/airflow/.local/lib/python3.7/site-packages/airflow/example_dags/example_branch_labels.py
[2022-09-02T12:01:16.491+0000] {processor.py:640} INFO - Processing file /home/airflow/.local/lib/python3.7/site-packages/airflow/example_dags/example_branch_labels.py for tasks to queue
[2022-09-02T12:01:16.492+0000] {logging_mixin.py:115} INFO - [2022-09-02T12:01:16.492+0000] {dagbag.py:508} INFO - Filling up the DagBag from /home/airflow/.local/lib/python3.7/site-packages/airflow/example_dags/example_branch_labels.py
[2022-09-02T12:01:16.497+0000] {processor.py:650} INFO - DAG(s) dict_keys(['example_branch_labels']) retrieved from /home/airflow/.local/lib/python3.7/site-packages/airflow/example_dags/example_branch_labels.py
[2022-09-02T12:01:16.515+0000] {logging_mixin.py:115} INFO - [2022-09-02T12:01:16.515+0000] {dag.py:2429} INFO - Sync 1 DAGs
[2022-09-02T12:01:16.531+0000] {logging_mixin.py:115} INFO - [2022-09-02T12:01:16.531+0000] {dag.py:2981} INFO - Setting next_dagrun for example_branch_labels to 2022-09-01T00:00:00+00:00, run_after=2022-09-02T00:00:00+00:00
[2022-09-02T12:01:16.538+0000] {processor.py:161} INFO - Processing /home/airflow/.local/lib/python3.7/site-packages/airflow/example_dags/example_branch_labels.py took 0.051 seconds
[2022-09-02T12:01:47.307+0000] {processor.py:153} INFO - Started process (PID=5772) to work on /home/airflow/.local/lib/python3.7/site-packages/airflow/example_dags/example_branch_labels.py
[2022-09-02T12:01:47.309+0000] {processor.py:640} INFO - Processing file /home/airflow/.local/lib/python3.7/site-packages/airflow/example_dags/example_branch_labels.py for tasks to queue
[2022-09-02T12:01:47.310+0000] {logging_mixin.py:115} INFO - [2022-09-02T12:01:47.310+0000] {dagbag.py:508} INFO - Filling up the DagBag from /home/airflow/.local/lib/python3.7/site-packages/airflow/example_dags/example_branch_labels.py
[2022-09-02T12:01:47.315+0000] {processor.py:650} INFO - DAG(s) dict_keys(['example_branch_labels']) retrieved from /home/airflow/.local/lib/python3.7/site-packages/airflow/example_dags/example_branch_labels.py
[2022-09-02T12:01:47.333+0000] {logging_mixin.py:115} INFO - [2022-09-02T12:01:47.333+0000] {dag.py:2429} INFO - Sync 1 DAGs
[2022-09-02T12:01:47.350+0000] {logging_mixin.py:115} INFO - [2022-09-02T12:01:47.349+0000] {dag.py:2981} INFO - Setting next_dagrun for example_branch_labels to 2022-09-01T00:00:00+00:00, run_after=2022-09-02T00:00:00+00:00
[2022-09-02T12:01:47.358+0000] {processor.py:161} INFO - Processing /home/airflow/.local/lib/python3.7/site-packages/airflow/example_dags/example_branch_labels.py took 0.053 seconds
[2022-09-02T12:02:18.168+0000] {processor.py:153} INFO - Started process (PID=5987) to work on /home/airflow/.local/lib/python3.7/site-packages/airflow/example_dags/example_branch_labels.py
[2022-09-02T12:02:18.169+0000] {processor.py:640} INFO - Processing file /home/airflow/.local/lib/python3.7/site-packages/airflow/example_dags/example_branch_labels.py for tasks to queue
[2022-09-02T12:02:18.171+0000] {logging_mixin.py:115} INFO - [2022-09-02T12:02:18.171+0000] {dagbag.py:508} INFO - Filling up the DagBag from /home/airflow/.local/lib/python3.7/site-packages/airflow/example_dags/example_branch_labels.py
[2022-09-02T12:02:18.175+0000] {processor.py:650} INFO - DAG(s) dict_keys(['example_branch_labels']) retrieved from /home/airflow/.local/lib/python3.7/site-packages/airflow/example_dags/example_branch_labels.py
[2022-09-02T12:02:18.193+0000] {logging_mixin.py:115} INFO - [2022-09-02T12:02:18.193+0000] {dag.py:2429} INFO - Sync 1 DAGs
[2022-09-02T12:02:18.211+0000] {logging_mixin.py:115} INFO - [2022-09-02T12:02:18.211+0000] {dag.py:2981} INFO - Setting next_dagrun for example_branch_labels to 2022-09-01T00:00:00+00:00, run_after=2022-09-02T00:00:00+00:00
[2022-09-02T12:02:18.219+0000] {processor.py:161} INFO - Processing /home/airflow/.local/lib/python3.7/site-packages/airflow/example_dags/example_branch_labels.py took 0.053 seconds
[2022-09-02T12:02:49.062+0000] {processor.py:153} INFO - Started process (PID=6184) to work on /home/airflow/.local/lib/python3.7/site-packages/airflow/example_dags/example_branch_labels.py
[2022-09-02T12:02:49.063+0000] {processor.py:640} INFO - Processing file /home/airflow/.local/lib/python3.7/site-packages/airflow/example_dags/example_branch_labels.py for tasks to queue
[2022-09-02T12:02:49.064+0000] {logging_mixin.py:115} INFO - [2022-09-02T12:02:49.064+0000] {dagbag.py:508} INFO - Filling up the DagBag from /home/airflow/.local/lib/python3.7/site-packages/airflow/example_dags/example_branch_labels.py
[2022-09-02T12:02:49.070+0000] {processor.py:650} INFO - DAG(s) dict_keys(['example_branch_labels']) retrieved from /home/airflow/.local/lib/python3.7/site-packages/airflow/example_dags/example_branch_labels.py
[2022-09-02T12:02:49.092+0000] {logging_mixin.py:115} INFO - [2022-09-02T12:02:49.092+0000] {dag.py:2429} INFO - Sync 1 DAGs
[2022-09-02T12:02:49.121+0000] {logging_mixin.py:115} INFO - [2022-09-02T12:02:49.120+0000] {dag.py:2981} INFO - Setting next_dagrun for example_branch_labels to 2022-09-01T00:00:00+00:00, run_after=2022-09-02T00:00:00+00:00
[2022-09-02T12:02:49.131+0000] {processor.py:161} INFO - Processing /home/airflow/.local/lib/python3.7/site-packages/airflow/example_dags/example_branch_labels.py took 0.071 seconds
[2022-09-02T12:03:19.824+0000] {processor.py:153} INFO - Started process (PID=6372) to work on /home/airflow/.local/lib/python3.7/site-packages/airflow/example_dags/example_branch_labels.py
[2022-09-02T12:03:19.825+0000] {processor.py:640} INFO - Processing file /home/airflow/.local/lib/python3.7/site-packages/airflow/example_dags/example_branch_labels.py for tasks to queue
[2022-09-02T12:03:19.826+0000] {logging_mixin.py:115} INFO - [2022-09-02T12:03:19.826+0000] {dagbag.py:508} INFO - Filling up the DagBag from /home/airflow/.local/lib/python3.7/site-packages/airflow/example_dags/example_branch_labels.py
[2022-09-02T12:03:19.831+0000] {processor.py:650} INFO - DAG(s) dict_keys(['example_branch_labels']) retrieved from /home/airflow/.local/lib/python3.7/site-packages/airflow/example_dags/example_branch_labels.py
[2022-09-02T12:03:19.849+0000] {logging_mixin.py:115} INFO - [2022-09-02T12:03:19.849+0000] {dag.py:2429} INFO - Sync 1 DAGs
[2022-09-02T12:03:19.865+0000] {logging_mixin.py:115} INFO - [2022-09-02T12:03:19.865+0000] {dag.py:2981} INFO - Setting next_dagrun for example_branch_labels to 2022-09-01T00:00:00+00:00, run_after=2022-09-02T00:00:00+00:00
[2022-09-02T12:03:19.872+0000] {processor.py:161} INFO - Processing /home/airflow/.local/lib/python3.7/site-packages/airflow/example_dags/example_branch_labels.py took 0.050 seconds
[2022-09-02T12:03:50.615+0000] {processor.py:153} INFO - Started process (PID=6568) to work on /home/airflow/.local/lib/python3.7/site-packages/airflow/example_dags/example_branch_labels.py
[2022-09-02T12:03:50.616+0000] {processor.py:640} INFO - Processing file /home/airflow/.local/lib/python3.7/site-packages/airflow/example_dags/example_branch_labels.py for tasks to queue
[2022-09-02T12:03:50.617+0000] {logging_mixin.py:115} INFO - [2022-09-02T12:03:50.617+0000] {dagbag.py:508} INFO - Filling up the DagBag from /home/airflow/.local/lib/python3.7/site-packages/airflow/example_dags/example_branch_labels.py
[2022-09-02T12:03:50.622+0000] {processor.py:650} INFO - DAG(s) dict_keys(['example_branch_labels']) retrieved from /home/airflow/.local/lib/python3.7/site-packages/airflow/example_dags/example_branch_labels.py
[2022-09-02T12:03:50.640+0000] {logging_mixin.py:115} INFO - [2022-09-02T12:03:50.640+0000] {dag.py:2429} INFO - Sync 1 DAGs
[2022-09-02T12:03:50.656+0000] {logging_mixin.py:115} INFO - [2022-09-02T12:03:50.656+0000] {dag.py:2981} INFO - Setting next_dagrun for example_branch_labels to 2022-09-01T00:00:00+00:00, run_after=2022-09-02T00:00:00+00:00
[2022-09-02T12:03:50.663+0000] {processor.py:161} INFO - Processing /home/airflow/.local/lib/python3.7/site-packages/airflow/example_dags/example_branch_labels.py took 0.051 seconds
[2022-09-02T12:04:21.365+0000] {processor.py:153} INFO - Started process (PID=6766) to work on /home/airflow/.local/lib/python3.7/site-packages/airflow/example_dags/example_branch_labels.py
[2022-09-02T12:04:21.366+0000] {processor.py:640} INFO - Processing file /home/airflow/.local/lib/python3.7/site-packages/airflow/example_dags/example_branch_labels.py for tasks to queue
[2022-09-02T12:04:21.368+0000] {logging_mixin.py:115} INFO - [2022-09-02T12:04:21.368+0000] {dagbag.py:508} INFO - Filling up the DagBag from /home/airflow/.local/lib/python3.7/site-packages/airflow/example_dags/example_branch_labels.py
[2022-09-02T12:04:21.373+0000] {processor.py:650} INFO - DAG(s) dict_keys(['example_branch_labels']) retrieved from /home/airflow/.local/lib/python3.7/site-packages/airflow/example_dags/example_branch_labels.py
[2022-09-02T12:04:21.392+0000] {logging_mixin.py:115} INFO - [2022-09-02T12:04:21.391+0000] {dag.py:2429} INFO - Sync 1 DAGs
[2022-09-02T12:04:21.410+0000] {logging_mixin.py:115} INFO - [2022-09-02T12:04:21.410+0000] {dag.py:2981} INFO - Setting next_dagrun for example_branch_labels to 2022-09-01T00:00:00+00:00, run_after=2022-09-02T00:00:00+00:00
[2022-09-02T12:04:21.421+0000] {processor.py:161} INFO - Processing /home/airflow/.local/lib/python3.7/site-packages/airflow/example_dags/example_branch_labels.py took 0.058 seconds
[2022-09-02T12:04:52.251+0000] {processor.py:153} INFO - Started process (PID=6963) to work on /home/airflow/.local/lib/python3.7/site-packages/airflow/example_dags/example_branch_labels.py
[2022-09-02T12:04:52.254+0000] {processor.py:640} INFO - Processing file /home/airflow/.local/lib/python3.7/site-packages/airflow/example_dags/example_branch_labels.py for tasks to queue
[2022-09-02T12:04:52.255+0000] {logging_mixin.py:115} INFO - [2022-09-02T12:04:52.255+0000] {dagbag.py:508} INFO - Filling up the DagBag from /home/airflow/.local/lib/python3.7/site-packages/airflow/example_dags/example_branch_labels.py
[2022-09-02T12:04:52.260+0000] {processor.py:650} INFO - DAG(s) dict_keys(['example_branch_labels']) retrieved from /home/airflow/.local/lib/python3.7/site-packages/airflow/example_dags/example_branch_labels.py
[2022-09-02T12:04:52.280+0000] {logging_mixin.py:115} INFO - [2022-09-02T12:04:52.280+0000] {dag.py:2429} INFO - Sync 1 DAGs
[2022-09-02T12:04:52.296+0000] {logging_mixin.py:115} INFO - [2022-09-02T12:04:52.296+0000] {dag.py:2981} INFO - Setting next_dagrun for example_branch_labels to 2022-09-01T00:00:00+00:00, run_after=2022-09-02T00:00:00+00:00
[2022-09-02T12:04:52.304+0000] {processor.py:161} INFO - Processing /home/airflow/.local/lib/python3.7/site-packages/airflow/example_dags/example_branch_labels.py took 0.056 seconds
[2022-09-02T12:05:23.034+0000] {processor.py:153} INFO - Started process (PID=7161) to work on /home/airflow/.local/lib/python3.7/site-packages/airflow/example_dags/example_branch_labels.py
[2022-09-02T12:05:23.036+0000] {processor.py:640} INFO - Processing file /home/airflow/.local/lib/python3.7/site-packages/airflow/example_dags/example_branch_labels.py for tasks to queue
[2022-09-02T12:05:23.037+0000] {logging_mixin.py:115} INFO - [2022-09-02T12:05:23.037+0000] {dagbag.py:508} INFO - Filling up the DagBag from /home/airflow/.local/lib/python3.7/site-packages/airflow/example_dags/example_branch_labels.py
[2022-09-02T12:05:23.042+0000] {processor.py:650} INFO - DAG(s) dict_keys(['example_branch_labels']) retrieved from /home/airflow/.local/lib/python3.7/site-packages/airflow/example_dags/example_branch_labels.py
[2022-09-02T12:05:23.062+0000] {logging_mixin.py:115} INFO - [2022-09-02T12:05:23.062+0000] {dag.py:2429} INFO - Sync 1 DAGs
[2022-09-02T12:05:23.084+0000] {logging_mixin.py:115} INFO - [2022-09-02T12:05:23.083+0000] {dag.py:2981} INFO - Setting next_dagrun for example_branch_labels to 2022-09-01T00:00:00+00:00, run_after=2022-09-02T00:00:00+00:00
[2022-09-02T12:05:23.094+0000] {processor.py:161} INFO - Processing /home/airflow/.local/lib/python3.7/site-packages/airflow/example_dags/example_branch_labels.py took 0.063 seconds
[2022-09-02T12:05:53.803+0000] {processor.py:153} INFO - Started process (PID=7358) to work on /home/airflow/.local/lib/python3.7/site-packages/airflow/example_dags/example_branch_labels.py
[2022-09-02T12:05:53.804+0000] {processor.py:640} INFO - Processing file /home/airflow/.local/lib/python3.7/site-packages/airflow/example_dags/example_branch_labels.py for tasks to queue
[2022-09-02T12:05:53.805+0000] {logging_mixin.py:115} INFO - [2022-09-02T12:05:53.805+0000] {dagbag.py:508} INFO - Filling up the DagBag from /home/airflow/.local/lib/python3.7/site-packages/airflow/example_dags/example_branch_labels.py
[2022-09-02T12:05:53.810+0000] {processor.py:650} INFO - DAG(s) dict_keys(['example_branch_labels']) retrieved from /home/airflow/.local/lib/python3.7/site-packages/airflow/example_dags/example_branch_labels.py
[2022-09-02T12:05:53.829+0000] {logging_mixin.py:115} INFO - [2022-09-02T12:05:53.829+0000] {dag.py:2429} INFO - Sync 1 DAGs
[2022-09-02T12:05:53.845+0000] {logging_mixin.py:115} INFO - [2022-09-02T12:05:53.845+0000] {dag.py:2981} INFO - Setting next_dagrun for example_branch_labels to 2022-09-01T00:00:00+00:00, run_after=2022-09-02T00:00:00+00:00
[2022-09-02T12:05:53.853+0000] {processor.py:161} INFO - Processing /home/airflow/.local/lib/python3.7/site-packages/airflow/example_dags/example_branch_labels.py took 0.053 seconds
[2022-09-02T12:06:24.651+0000] {processor.py:153} INFO - Started process (PID=7547) to work on /home/airflow/.local/lib/python3.7/site-packages/airflow/example_dags/example_branch_labels.py
[2022-09-02T12:06:24.653+0000] {processor.py:640} INFO - Processing file /home/airflow/.local/lib/python3.7/site-packages/airflow/example_dags/example_branch_labels.py for tasks to queue
[2022-09-02T12:06:24.654+0000] {logging_mixin.py:115} INFO - [2022-09-02T12:06:24.654+0000] {dagbag.py:508} INFO - Filling up the DagBag from /home/airflow/.local/lib/python3.7/site-packages/airflow/example_dags/example_branch_labels.py
[2022-09-02T12:06:24.659+0000] {processor.py:650} INFO - DAG(s) dict_keys(['example_branch_labels']) retrieved from /home/airflow/.local/lib/python3.7/site-packages/airflow/example_dags/example_branch_labels.py
[2022-09-02T12:06:24.677+0000] {logging_mixin.py:115} INFO - [2022-09-02T12:06:24.677+0000] {dag.py:2429} INFO - Sync 1 DAGs
[2022-09-02T12:06:24.693+0000] {logging_mixin.py:115} INFO - [2022-09-02T12:06:24.693+0000] {dag.py:2981} INFO - Setting next_dagrun for example_branch_labels to 2022-09-01T00:00:00+00:00, run_after=2022-09-02T00:00:00+00:00
[2022-09-02T12:06:24.700+0000] {processor.py:161} INFO - Processing /home/airflow/.local/lib/python3.7/site-packages/airflow/example_dags/example_branch_labels.py took 0.052 seconds
[2022-09-02T12:06:55.512+0000] {processor.py:153} INFO - Started process (PID=7743) to work on /home/airflow/.local/lib/python3.7/site-packages/airflow/example_dags/example_branch_labels.py
[2022-09-02T12:06:55.514+0000] {processor.py:640} INFO - Processing file /home/airflow/.local/lib/python3.7/site-packages/airflow/example_dags/example_branch_labels.py for tasks to queue
[2022-09-02T12:06:55.515+0000] {logging_mixin.py:115} INFO - [2022-09-02T12:06:55.515+0000] {dagbag.py:508} INFO - Filling up the DagBag from /home/airflow/.local/lib/python3.7/site-packages/airflow/example_dags/example_branch_labels.py
[2022-09-02T12:06:55.520+0000] {processor.py:650} INFO - DAG(s) dict_keys(['example_branch_labels']) retrieved from /home/airflow/.local/lib/python3.7/site-packages/airflow/example_dags/example_branch_labels.py
[2022-09-02T12:06:55.538+0000] {logging_mixin.py:115} INFO - [2022-09-02T12:06:55.538+0000] {dag.py:2429} INFO - Sync 1 DAGs
[2022-09-02T12:06:55.555+0000] {logging_mixin.py:115} INFO - [2022-09-02T12:06:55.555+0000] {dag.py:2981} INFO - Setting next_dagrun for example_branch_labels to 2022-09-01T00:00:00+00:00, run_after=2022-09-02T00:00:00+00:00
[2022-09-02T12:06:55.564+0000] {processor.py:161} INFO - Processing /home/airflow/.local/lib/python3.7/site-packages/airflow/example_dags/example_branch_labels.py took 0.054 seconds
[2022-09-02T12:07:26.483+0000] {processor.py:153} INFO - Started process (PID=7940) to work on /home/airflow/.local/lib/python3.7/site-packages/airflow/example_dags/example_branch_labels.py
[2022-09-02T12:07:26.484+0000] {processor.py:640} INFO - Processing file /home/airflow/.local/lib/python3.7/site-packages/airflow/example_dags/example_branch_labels.py for tasks to queue
[2022-09-02T12:07:26.485+0000] {logging_mixin.py:115} INFO - [2022-09-02T12:07:26.485+0000] {dagbag.py:508} INFO - Filling up the DagBag from /home/airflow/.local/lib/python3.7/site-packages/airflow/example_dags/example_branch_labels.py
[2022-09-02T12:07:26.490+0000] {processor.py:650} INFO - DAG(s) dict_keys(['example_branch_labels']) retrieved from /home/airflow/.local/lib/python3.7/site-packages/airflow/example_dags/example_branch_labels.py
[2022-09-02T12:07:26.511+0000] {logging_mixin.py:115} INFO - [2022-09-02T12:07:26.511+0000] {dag.py:2429} INFO - Sync 1 DAGs
[2022-09-02T12:07:26.530+0000] {logging_mixin.py:115} INFO - [2022-09-02T12:07:26.530+0000] {dag.py:2981} INFO - Setting next_dagrun for example_branch_labels to 2022-09-01T00:00:00+00:00, run_after=2022-09-02T00:00:00+00:00
[2022-09-02T12:07:26.539+0000] {processor.py:161} INFO - Processing /home/airflow/.local/lib/python3.7/site-packages/airflow/example_dags/example_branch_labels.py took 0.059 seconds
[2022-09-02T12:07:57.383+0000] {processor.py:153} INFO - Started process (PID=8137) to work on /home/airflow/.local/lib/python3.7/site-packages/airflow/example_dags/example_branch_labels.py
[2022-09-02T12:07:57.385+0000] {processor.py:640} INFO - Processing file /home/airflow/.local/lib/python3.7/site-packages/airflow/example_dags/example_branch_labels.py for tasks to queue
[2022-09-02T12:07:57.386+0000] {logging_mixin.py:115} INFO - [2022-09-02T12:07:57.386+0000] {dagbag.py:508} INFO - Filling up the DagBag from /home/airflow/.local/lib/python3.7/site-packages/airflow/example_dags/example_branch_labels.py
[2022-09-02T12:07:57.391+0000] {processor.py:650} INFO - DAG(s) dict_keys(['example_branch_labels']) retrieved from /home/airflow/.local/lib/python3.7/site-packages/airflow/example_dags/example_branch_labels.py
[2022-09-02T12:07:57.408+0000] {logging_mixin.py:115} INFO - [2022-09-02T12:07:57.408+0000] {dag.py:2429} INFO - Sync 1 DAGs
[2022-09-02T12:07:57.425+0000] {logging_mixin.py:115} INFO - [2022-09-02T12:07:57.425+0000] {dag.py:2981} INFO - Setting next_dagrun for example_branch_labels to 2022-09-01T00:00:00+00:00, run_after=2022-09-02T00:00:00+00:00
[2022-09-02T12:07:57.434+0000] {processor.py:161} INFO - Processing /home/airflow/.local/lib/python3.7/site-packages/airflow/example_dags/example_branch_labels.py took 0.053 seconds
