[2022-09-02T11:47:24.174+0000] {processor.py:153} INFO - Started process (PID=215) to work on /home/airflow/.local/lib/python3.7/site-packages/airflow/example_dags/example_time_delta_sensor_async.py
[2022-09-02T11:47:24.177+0000] {processor.py:640} INFO - Processing file /home/airflow/.local/lib/python3.7/site-packages/airflow/example_dags/example_time_delta_sensor_async.py for tasks to queue
[2022-09-02T11:47:24.180+0000] {logging_mixin.py:115} INFO - [2022-09-02T11:47:24.180+0000] {dagbag.py:508} INFO - Filling up the DagBag from /home/airflow/.local/lib/python3.7/site-packages/airflow/example_dags/example_time_delta_sensor_async.py
[2022-09-02T11:47:24.190+0000] {processor.py:650} INFO - DAG(s) dict_keys(['example_time_delta_sensor_async']) retrieved from /home/airflow/.local/lib/python3.7/site-packages/airflow/example_dags/example_time_delta_sensor_async.py
[2022-09-02T11:47:24.424+0000] {logging_mixin.py:115} INFO - [2022-09-02T11:47:24.424+0000] {manager.py:508} INFO - Created Permission View: can edit on DAG:example_time_delta_sensor_async
[2022-09-02T11:47:24.431+0000] {logging_mixin.py:115} INFO - [2022-09-02T11:47:24.431+0000] {manager.py:508} INFO - Created Permission View: can delete on DAG:example_time_delta_sensor_async
[2022-09-02T11:47:24.440+0000] {logging_mixin.py:115} INFO - [2022-09-02T11:47:24.440+0000] {manager.py:508} INFO - Created Permission View: can read on DAG:example_time_delta_sensor_async
[2022-09-02T11:47:24.441+0000] {logging_mixin.py:115} INFO - [2022-09-02T11:47:24.441+0000] {dag.py:2429} INFO - Sync 1 DAGs
[2022-09-02T11:47:24.447+0000] {logging_mixin.py:115} INFO - [2022-09-02T11:47:24.447+0000] {dag.py:2448} INFO - Creating ORM DAG for example_time_delta_sensor_async
[2022-09-02T11:47:24.455+0000] {logging_mixin.py:115} INFO - [2022-09-02T11:47:24.455+0000] {dag.py:2981} INFO - Setting next_dagrun for example_time_delta_sensor_async to None, run_after=None
[2022-09-02T11:47:24.464+0000] {processor.py:161} INFO - Processing /home/airflow/.local/lib/python3.7/site-packages/airflow/example_dags/example_time_delta_sensor_async.py took 0.293 seconds
[2022-09-02T11:47:54.915+0000] {processor.py:153} INFO - Started process (PID=412) to work on /home/airflow/.local/lib/python3.7/site-packages/airflow/example_dags/example_time_delta_sensor_async.py
[2022-09-02T11:47:54.917+0000] {processor.py:640} INFO - Processing file /home/airflow/.local/lib/python3.7/site-packages/airflow/example_dags/example_time_delta_sensor_async.py for tasks to queue
[2022-09-02T11:47:54.920+0000] {logging_mixin.py:115} INFO - [2022-09-02T11:47:54.919+0000] {dagbag.py:508} INFO - Filling up the DagBag from /home/airflow/.local/lib/python3.7/site-packages/airflow/example_dags/example_time_delta_sensor_async.py
[2022-09-02T11:47:54.924+0000] {processor.py:650} INFO - DAG(s) dict_keys(['example_time_delta_sensor_async']) retrieved from /home/airflow/.local/lib/python3.7/site-packages/airflow/example_dags/example_time_delta_sensor_async.py
[2022-09-02T11:47:55.038+0000] {logging_mixin.py:115} INFO - [2022-09-02T11:47:55.038+0000] {dag.py:2429} INFO - Sync 1 DAGs
[2022-09-02T11:47:55.055+0000] {logging_mixin.py:115} INFO - [2022-09-02T11:47:55.055+0000] {dag.py:2981} INFO - Setting next_dagrun for example_time_delta_sensor_async to None, run_after=None
[2022-09-02T11:47:55.068+0000] {processor.py:161} INFO - Processing /home/airflow/.local/lib/python3.7/site-packages/airflow/example_dags/example_time_delta_sensor_async.py took 0.154 seconds
[2022-09-02T11:48:25.095+0000] {processor.py:153} INFO - Started process (PID=610) to work on /home/airflow/.local/lib/python3.7/site-packages/airflow/example_dags/example_time_delta_sensor_async.py
[2022-09-02T11:48:25.097+0000] {processor.py:640} INFO - Processing file /home/airflow/.local/lib/python3.7/site-packages/airflow/example_dags/example_time_delta_sensor_async.py for tasks to queue
[2022-09-02T11:48:25.098+0000] {logging_mixin.py:115} INFO - [2022-09-02T11:48:25.098+0000] {dagbag.py:508} INFO - Filling up the DagBag from /home/airflow/.local/lib/python3.7/site-packages/airflow/example_dags/example_time_delta_sensor_async.py
[2022-09-02T11:48:25.103+0000] {processor.py:650} INFO - DAG(s) dict_keys(['example_time_delta_sensor_async']) retrieved from /home/airflow/.local/lib/python3.7/site-packages/airflow/example_dags/example_time_delta_sensor_async.py
[2022-09-02T11:48:25.260+0000] {logging_mixin.py:115} INFO - [2022-09-02T11:48:25.260+0000] {dag.py:2429} INFO - Sync 1 DAGs
[2022-09-02T11:48:25.280+0000] {logging_mixin.py:115} INFO - [2022-09-02T11:48:25.280+0000] {dag.py:2981} INFO - Setting next_dagrun for example_time_delta_sensor_async to None, run_after=None
[2022-09-02T11:48:25.293+0000] {processor.py:161} INFO - Processing /home/airflow/.local/lib/python3.7/site-packages/airflow/example_dags/example_time_delta_sensor_async.py took 0.201 seconds
[2022-09-02T11:48:56.240+0000] {processor.py:153} INFO - Started process (PID=808) to work on /home/airflow/.local/lib/python3.7/site-packages/airflow/example_dags/example_time_delta_sensor_async.py
[2022-09-02T11:48:56.243+0000] {processor.py:640} INFO - Processing file /home/airflow/.local/lib/python3.7/site-packages/airflow/example_dags/example_time_delta_sensor_async.py for tasks to queue
[2022-09-02T11:48:56.245+0000] {logging_mixin.py:115} INFO - [2022-09-02T11:48:56.245+0000] {dagbag.py:508} INFO - Filling up the DagBag from /home/airflow/.local/lib/python3.7/site-packages/airflow/example_dags/example_time_delta_sensor_async.py
[2022-09-02T11:48:56.250+0000] {processor.py:650} INFO - DAG(s) dict_keys(['example_time_delta_sensor_async']) retrieved from /home/airflow/.local/lib/python3.7/site-packages/airflow/example_dags/example_time_delta_sensor_async.py
[2022-09-02T11:48:56.350+0000] {logging_mixin.py:115} INFO - [2022-09-02T11:48:56.350+0000] {dag.py:2429} INFO - Sync 1 DAGs
[2022-09-02T11:48:56.364+0000] {logging_mixin.py:115} INFO - [2022-09-02T11:48:56.364+0000] {dag.py:2981} INFO - Setting next_dagrun for example_time_delta_sensor_async to None, run_after=None
[2022-09-02T11:48:56.373+0000] {processor.py:161} INFO - Processing /home/airflow/.local/lib/python3.7/site-packages/airflow/example_dags/example_time_delta_sensor_async.py took 0.138 seconds
[2022-09-02T11:49:27.053+0000] {processor.py:153} INFO - Started process (PID=996) to work on /home/airflow/.local/lib/python3.7/site-packages/airflow/example_dags/example_time_delta_sensor_async.py
[2022-09-02T11:49:27.056+0000] {processor.py:640} INFO - Processing file /home/airflow/.local/lib/python3.7/site-packages/airflow/example_dags/example_time_delta_sensor_async.py for tasks to queue
[2022-09-02T11:49:27.058+0000] {logging_mixin.py:115} INFO - [2022-09-02T11:49:27.058+0000] {dagbag.py:508} INFO - Filling up the DagBag from /home/airflow/.local/lib/python3.7/site-packages/airflow/example_dags/example_time_delta_sensor_async.py
[2022-09-02T11:49:27.064+0000] {processor.py:650} INFO - DAG(s) dict_keys(['example_time_delta_sensor_async']) retrieved from /home/airflow/.local/lib/python3.7/site-packages/airflow/example_dags/example_time_delta_sensor_async.py
[2022-09-02T11:49:27.167+0000] {logging_mixin.py:115} INFO - [2022-09-02T11:49:27.166+0000] {dag.py:2429} INFO - Sync 1 DAGs
[2022-09-02T11:49:27.181+0000] {logging_mixin.py:115} INFO - [2022-09-02T11:49:27.181+0000] {dag.py:2981} INFO - Setting next_dagrun for example_time_delta_sensor_async to None, run_after=None
[2022-09-02T11:49:27.190+0000] {processor.py:161} INFO - Processing /home/airflow/.local/lib/python3.7/site-packages/airflow/example_dags/example_time_delta_sensor_async.py took 0.143 seconds
[2022-09-02T11:49:57.938+0000] {processor.py:153} INFO - Started process (PID=1193) to work on /home/airflow/.local/lib/python3.7/site-packages/airflow/example_dags/example_time_delta_sensor_async.py
[2022-09-02T11:49:57.941+0000] {processor.py:640} INFO - Processing file /home/airflow/.local/lib/python3.7/site-packages/airflow/example_dags/example_time_delta_sensor_async.py for tasks to queue
[2022-09-02T11:49:57.943+0000] {logging_mixin.py:115} INFO - [2022-09-02T11:49:57.943+0000] {dagbag.py:508} INFO - Filling up the DagBag from /home/airflow/.local/lib/python3.7/site-packages/airflow/example_dags/example_time_delta_sensor_async.py
[2022-09-02T11:49:57.951+0000] {processor.py:650} INFO - DAG(s) dict_keys(['example_time_delta_sensor_async']) retrieved from /home/airflow/.local/lib/python3.7/site-packages/airflow/example_dags/example_time_delta_sensor_async.py
[2022-09-02T11:49:58.047+0000] {logging_mixin.py:115} INFO - [2022-09-02T11:49:58.047+0000] {dag.py:2429} INFO - Sync 1 DAGs
[2022-09-02T11:49:58.061+0000] {logging_mixin.py:115} INFO - [2022-09-02T11:49:58.061+0000] {dag.py:2981} INFO - Setting next_dagrun for example_time_delta_sensor_async to None, run_after=None
[2022-09-02T11:49:58.070+0000] {processor.py:161} INFO - Processing /home/airflow/.local/lib/python3.7/site-packages/airflow/example_dags/example_time_delta_sensor_async.py took 0.140 seconds
[2022-09-02T11:50:28.738+0000] {processor.py:153} INFO - Started process (PID=1390) to work on /home/airflow/.local/lib/python3.7/site-packages/airflow/example_dags/example_time_delta_sensor_async.py
[2022-09-02T11:50:28.740+0000] {processor.py:640} INFO - Processing file /home/airflow/.local/lib/python3.7/site-packages/airflow/example_dags/example_time_delta_sensor_async.py for tasks to queue
[2022-09-02T11:50:28.742+0000] {logging_mixin.py:115} INFO - [2022-09-02T11:50:28.742+0000] {dagbag.py:508} INFO - Filling up the DagBag from /home/airflow/.local/lib/python3.7/site-packages/airflow/example_dags/example_time_delta_sensor_async.py
[2022-09-02T11:50:28.750+0000] {processor.py:650} INFO - DAG(s) dict_keys(['example_time_delta_sensor_async']) retrieved from /home/airflow/.local/lib/python3.7/site-packages/airflow/example_dags/example_time_delta_sensor_async.py
[2022-09-02T11:50:28.846+0000] {logging_mixin.py:115} INFO - [2022-09-02T11:50:28.846+0000] {dag.py:2429} INFO - Sync 1 DAGs
[2022-09-02T11:50:28.860+0000] {logging_mixin.py:115} INFO - [2022-09-02T11:50:28.860+0000] {dag.py:2981} INFO - Setting next_dagrun for example_time_delta_sensor_async to None, run_after=None
[2022-09-02T11:50:28.868+0000] {processor.py:161} INFO - Processing /home/airflow/.local/lib/python3.7/site-packages/airflow/example_dags/example_time_delta_sensor_async.py took 0.135 seconds
[2022-09-02T11:50:59.460+0000] {processor.py:153} INFO - Started process (PID=1589) to work on /home/airflow/.local/lib/python3.7/site-packages/airflow/example_dags/example_time_delta_sensor_async.py
[2022-09-02T11:50:59.462+0000] {processor.py:640} INFO - Processing file /home/airflow/.local/lib/python3.7/site-packages/airflow/example_dags/example_time_delta_sensor_async.py for tasks to queue
[2022-09-02T11:50:59.464+0000] {logging_mixin.py:115} INFO - [2022-09-02T11:50:59.464+0000] {dagbag.py:508} INFO - Filling up the DagBag from /home/airflow/.local/lib/python3.7/site-packages/airflow/example_dags/example_time_delta_sensor_async.py
[2022-09-02T11:50:59.470+0000] {processor.py:650} INFO - DAG(s) dict_keys(['example_time_delta_sensor_async']) retrieved from /home/airflow/.local/lib/python3.7/site-packages/airflow/example_dags/example_time_delta_sensor_async.py
[2022-09-02T11:50:59.563+0000] {logging_mixin.py:115} INFO - [2022-09-02T11:50:59.563+0000] {dag.py:2429} INFO - Sync 1 DAGs
[2022-09-02T11:50:59.575+0000] {logging_mixin.py:115} INFO - [2022-09-02T11:50:59.575+0000] {dag.py:2981} INFO - Setting next_dagrun for example_time_delta_sensor_async to None, run_after=None
[2022-09-02T11:50:59.583+0000] {processor.py:161} INFO - Processing /home/airflow/.local/lib/python3.7/site-packages/airflow/example_dags/example_time_delta_sensor_async.py took 0.127 seconds
[2022-09-02T11:51:30.241+0000] {processor.py:153} INFO - Started process (PID=1787) to work on /home/airflow/.local/lib/python3.7/site-packages/airflow/example_dags/example_time_delta_sensor_async.py
[2022-09-02T11:51:30.244+0000] {processor.py:640} INFO - Processing file /home/airflow/.local/lib/python3.7/site-packages/airflow/example_dags/example_time_delta_sensor_async.py for tasks to queue
[2022-09-02T11:51:30.248+0000] {logging_mixin.py:115} INFO - [2022-09-02T11:51:30.247+0000] {dagbag.py:508} INFO - Filling up the DagBag from /home/airflow/.local/lib/python3.7/site-packages/airflow/example_dags/example_time_delta_sensor_async.py
[2022-09-02T11:51:30.254+0000] {processor.py:650} INFO - DAG(s) dict_keys(['example_time_delta_sensor_async']) retrieved from /home/airflow/.local/lib/python3.7/site-packages/airflow/example_dags/example_time_delta_sensor_async.py
[2022-09-02T11:51:30.356+0000] {logging_mixin.py:115} INFO - [2022-09-02T11:51:30.356+0000] {dag.py:2429} INFO - Sync 1 DAGs
[2022-09-02T11:51:30.371+0000] {logging_mixin.py:115} INFO - [2022-09-02T11:51:30.370+0000] {dag.py:2981} INFO - Setting next_dagrun for example_time_delta_sensor_async to None, run_after=None
[2022-09-02T11:51:30.379+0000] {processor.py:161} INFO - Processing /home/airflow/.local/lib/python3.7/site-packages/airflow/example_dags/example_time_delta_sensor_async.py took 0.144 seconds
[2022-09-02T11:52:01.000+0000] {processor.py:153} INFO - Started process (PID=1984) to work on /home/airflow/.local/lib/python3.7/site-packages/airflow/example_dags/example_time_delta_sensor_async.py
[2022-09-02T11:52:01.002+0000] {processor.py:640} INFO - Processing file /home/airflow/.local/lib/python3.7/site-packages/airflow/example_dags/example_time_delta_sensor_async.py for tasks to queue
[2022-09-02T11:52:01.004+0000] {logging_mixin.py:115} INFO - [2022-09-02T11:52:01.004+0000] {dagbag.py:508} INFO - Filling up the DagBag from /home/airflow/.local/lib/python3.7/site-packages/airflow/example_dags/example_time_delta_sensor_async.py
[2022-09-02T11:52:01.008+0000] {processor.py:650} INFO - DAG(s) dict_keys(['example_time_delta_sensor_async']) retrieved from /home/airflow/.local/lib/python3.7/site-packages/airflow/example_dags/example_time_delta_sensor_async.py
[2022-09-02T11:52:01.108+0000] {logging_mixin.py:115} INFO - [2022-09-02T11:52:01.108+0000] {dag.py:2429} INFO - Sync 1 DAGs
[2022-09-02T11:52:01.124+0000] {logging_mixin.py:115} INFO - [2022-09-02T11:52:01.124+0000] {dag.py:2981} INFO - Setting next_dagrun for example_time_delta_sensor_async to None, run_after=None
[2022-09-02T11:52:01.133+0000] {processor.py:161} INFO - Processing /home/airflow/.local/lib/python3.7/site-packages/airflow/example_dags/example_time_delta_sensor_async.py took 0.136 seconds
[2022-09-02T11:52:32.000+0000] {processor.py:153} INFO - Started process (PID=2181) to work on /home/airflow/.local/lib/python3.7/site-packages/airflow/example_dags/example_time_delta_sensor_async.py
[2022-09-02T11:52:32.002+0000] {processor.py:640} INFO - Processing file /home/airflow/.local/lib/python3.7/site-packages/airflow/example_dags/example_time_delta_sensor_async.py for tasks to queue
[2022-09-02T11:52:32.003+0000] {logging_mixin.py:115} INFO - [2022-09-02T11:52:32.003+0000] {dagbag.py:508} INFO - Filling up the DagBag from /home/airflow/.local/lib/python3.7/site-packages/airflow/example_dags/example_time_delta_sensor_async.py
[2022-09-02T11:52:32.008+0000] {processor.py:650} INFO - DAG(s) dict_keys(['example_time_delta_sensor_async']) retrieved from /home/airflow/.local/lib/python3.7/site-packages/airflow/example_dags/example_time_delta_sensor_async.py
[2022-09-02T11:52:32.104+0000] {logging_mixin.py:115} INFO - [2022-09-02T11:52:32.104+0000] {dag.py:2429} INFO - Sync 1 DAGs
[2022-09-02T11:52:32.118+0000] {logging_mixin.py:115} INFO - [2022-09-02T11:52:32.117+0000] {dag.py:2981} INFO - Setting next_dagrun for example_time_delta_sensor_async to None, run_after=None
[2022-09-02T11:52:32.127+0000] {processor.py:161} INFO - Processing /home/airflow/.local/lib/python3.7/site-packages/airflow/example_dags/example_time_delta_sensor_async.py took 0.129 seconds
[2022-09-02T11:53:02.703+0000] {processor.py:153} INFO - Started process (PID=2370) to work on /home/airflow/.local/lib/python3.7/site-packages/airflow/example_dags/example_time_delta_sensor_async.py
[2022-09-02T11:53:02.706+0000] {processor.py:640} INFO - Processing file /home/airflow/.local/lib/python3.7/site-packages/airflow/example_dags/example_time_delta_sensor_async.py for tasks to queue
[2022-09-02T11:53:02.708+0000] {logging_mixin.py:115} INFO - [2022-09-02T11:53:02.708+0000] {dagbag.py:508} INFO - Filling up the DagBag from /home/airflow/.local/lib/python3.7/site-packages/airflow/example_dags/example_time_delta_sensor_async.py
[2022-09-02T11:53:02.715+0000] {processor.py:650} INFO - DAG(s) dict_keys(['example_time_delta_sensor_async']) retrieved from /home/airflow/.local/lib/python3.7/site-packages/airflow/example_dags/example_time_delta_sensor_async.py
[2022-09-02T11:53:02.811+0000] {logging_mixin.py:115} INFO - [2022-09-02T11:53:02.811+0000] {dag.py:2429} INFO - Sync 1 DAGs
[2022-09-02T11:53:02.823+0000] {logging_mixin.py:115} INFO - [2022-09-02T11:53:02.823+0000] {dag.py:2981} INFO - Setting next_dagrun for example_time_delta_sensor_async to None, run_after=None
[2022-09-02T11:53:02.830+0000] {processor.py:161} INFO - Processing /home/airflow/.local/lib/python3.7/site-packages/airflow/example_dags/example_time_delta_sensor_async.py took 0.132 seconds
[2022-09-02T11:53:33.544+0000] {processor.py:153} INFO - Started process (PID=2568) to work on /home/airflow/.local/lib/python3.7/site-packages/airflow/example_dags/example_time_delta_sensor_async.py
[2022-09-02T11:53:33.546+0000] {processor.py:640} INFO - Processing file /home/airflow/.local/lib/python3.7/site-packages/airflow/example_dags/example_time_delta_sensor_async.py for tasks to queue
[2022-09-02T11:53:33.549+0000] {logging_mixin.py:115} INFO - [2022-09-02T11:53:33.548+0000] {dagbag.py:508} INFO - Filling up the DagBag from /home/airflow/.local/lib/python3.7/site-packages/airflow/example_dags/example_time_delta_sensor_async.py
[2022-09-02T11:53:33.555+0000] {processor.py:650} INFO - DAG(s) dict_keys(['example_time_delta_sensor_async']) retrieved from /home/airflow/.local/lib/python3.7/site-packages/airflow/example_dags/example_time_delta_sensor_async.py
[2022-09-02T11:53:33.654+0000] {logging_mixin.py:115} INFO - [2022-09-02T11:53:33.654+0000] {dag.py:2429} INFO - Sync 1 DAGs
[2022-09-02T11:53:33.667+0000] {logging_mixin.py:115} INFO - [2022-09-02T11:53:33.667+0000] {dag.py:2981} INFO - Setting next_dagrun for example_time_delta_sensor_async to None, run_after=None
[2022-09-02T11:53:33.712+0000] {processor.py:161} INFO - Processing /home/airflow/.local/lib/python3.7/site-packages/airflow/example_dags/example_time_delta_sensor_async.py took 0.172 seconds
[2022-09-02T11:54:04.313+0000] {processor.py:153} INFO - Started process (PID=2765) to work on /home/airflow/.local/lib/python3.7/site-packages/airflow/example_dags/example_time_delta_sensor_async.py
[2022-09-02T11:54:04.316+0000] {processor.py:640} INFO - Processing file /home/airflow/.local/lib/python3.7/site-packages/airflow/example_dags/example_time_delta_sensor_async.py for tasks to queue
[2022-09-02T11:54:04.318+0000] {logging_mixin.py:115} INFO - [2022-09-02T11:54:04.318+0000] {dagbag.py:508} INFO - Filling up the DagBag from /home/airflow/.local/lib/python3.7/site-packages/airflow/example_dags/example_time_delta_sensor_async.py
[2022-09-02T11:54:04.325+0000] {processor.py:650} INFO - DAG(s) dict_keys(['example_time_delta_sensor_async']) retrieved from /home/airflow/.local/lib/python3.7/site-packages/airflow/example_dags/example_time_delta_sensor_async.py
[2022-09-02T11:54:04.422+0000] {logging_mixin.py:115} INFO - [2022-09-02T11:54:04.422+0000] {dag.py:2429} INFO - Sync 1 DAGs
[2022-09-02T11:54:04.436+0000] {logging_mixin.py:115} INFO - [2022-09-02T11:54:04.436+0000] {dag.py:2981} INFO - Setting next_dagrun for example_time_delta_sensor_async to None, run_after=None
[2022-09-02T11:54:04.444+0000] {processor.py:161} INFO - Processing /home/airflow/.local/lib/python3.7/site-packages/airflow/example_dags/example_time_delta_sensor_async.py took 0.137 seconds
[2022-09-02T11:54:35.125+0000] {processor.py:153} INFO - Started process (PID=2961) to work on /home/airflow/.local/lib/python3.7/site-packages/airflow/example_dags/example_time_delta_sensor_async.py
[2022-09-02T11:54:35.127+0000] {processor.py:640} INFO - Processing file /home/airflow/.local/lib/python3.7/site-packages/airflow/example_dags/example_time_delta_sensor_async.py for tasks to queue
[2022-09-02T11:54:35.131+0000] {logging_mixin.py:115} INFO - [2022-09-02T11:54:35.131+0000] {dagbag.py:508} INFO - Filling up the DagBag from /home/airflow/.local/lib/python3.7/site-packages/airflow/example_dags/example_time_delta_sensor_async.py
[2022-09-02T11:54:35.138+0000] {processor.py:650} INFO - DAG(s) dict_keys(['example_time_delta_sensor_async']) retrieved from /home/airflow/.local/lib/python3.7/site-packages/airflow/example_dags/example_time_delta_sensor_async.py
[2022-09-02T11:54:35.256+0000] {logging_mixin.py:115} INFO - [2022-09-02T11:54:35.255+0000] {dag.py:2429} INFO - Sync 1 DAGs
[2022-09-02T11:54:35.269+0000] {logging_mixin.py:115} INFO - [2022-09-02T11:54:35.269+0000] {dag.py:2981} INFO - Setting next_dagrun for example_time_delta_sensor_async to None, run_after=None
[2022-09-02T11:54:35.279+0000] {processor.py:161} INFO - Processing /home/airflow/.local/lib/python3.7/site-packages/airflow/example_dags/example_time_delta_sensor_async.py took 0.159 seconds
[2022-09-02T11:55:05.847+0000] {processor.py:153} INFO - Started process (PID=3159) to work on /home/airflow/.local/lib/python3.7/site-packages/airflow/example_dags/example_time_delta_sensor_async.py
[2022-09-02T11:55:05.850+0000] {processor.py:640} INFO - Processing file /home/airflow/.local/lib/python3.7/site-packages/airflow/example_dags/example_time_delta_sensor_async.py for tasks to queue
[2022-09-02T11:55:05.853+0000] {logging_mixin.py:115} INFO - [2022-09-02T11:55:05.852+0000] {dagbag.py:508} INFO - Filling up the DagBag from /home/airflow/.local/lib/python3.7/site-packages/airflow/example_dags/example_time_delta_sensor_async.py
[2022-09-02T11:55:05.859+0000] {processor.py:650} INFO - DAG(s) dict_keys(['example_time_delta_sensor_async']) retrieved from /home/airflow/.local/lib/python3.7/site-packages/airflow/example_dags/example_time_delta_sensor_async.py
[2022-09-02T11:55:05.959+0000] {logging_mixin.py:115} INFO - [2022-09-02T11:55:05.959+0000] {dag.py:2429} INFO - Sync 1 DAGs
[2022-09-02T11:55:05.970+0000] {logging_mixin.py:115} INFO - [2022-09-02T11:55:05.970+0000] {dag.py:2981} INFO - Setting next_dagrun for example_time_delta_sensor_async to None, run_after=None
[2022-09-02T11:55:05.978+0000] {processor.py:161} INFO - Processing /home/airflow/.local/lib/python3.7/site-packages/airflow/example_dags/example_time_delta_sensor_async.py took 0.137 seconds
[2022-09-02T11:55:36.714+0000] {processor.py:153} INFO - Started process (PID=3357) to work on /home/airflow/.local/lib/python3.7/site-packages/airflow/example_dags/example_time_delta_sensor_async.py
[2022-09-02T11:55:36.720+0000] {processor.py:640} INFO - Processing file /home/airflow/.local/lib/python3.7/site-packages/airflow/example_dags/example_time_delta_sensor_async.py for tasks to queue
[2022-09-02T11:55:36.736+0000] {logging_mixin.py:115} INFO - [2022-09-02T11:55:36.736+0000] {dagbag.py:508} INFO - Filling up the DagBag from /home/airflow/.local/lib/python3.7/site-packages/airflow/example_dags/example_time_delta_sensor_async.py
[2022-09-02T11:55:36.748+0000] {processor.py:650} INFO - DAG(s) dict_keys(['example_time_delta_sensor_async']) retrieved from /home/airflow/.local/lib/python3.7/site-packages/airflow/example_dags/example_time_delta_sensor_async.py
[2022-09-02T11:55:36.847+0000] {logging_mixin.py:115} INFO - [2022-09-02T11:55:36.847+0000] {dag.py:2429} INFO - Sync 1 DAGs
[2022-09-02T11:55:36.859+0000] {logging_mixin.py:115} INFO - [2022-09-02T11:55:36.859+0000] {dag.py:2981} INFO - Setting next_dagrun for example_time_delta_sensor_async to None, run_after=None
[2022-09-02T11:55:36.867+0000] {processor.py:161} INFO - Processing /home/airflow/.local/lib/python3.7/site-packages/airflow/example_dags/example_time_delta_sensor_async.py took 0.158 seconds
[2022-09-02T11:56:07.483+0000] {processor.py:153} INFO - Started process (PID=3544) to work on /home/airflow/.local/lib/python3.7/site-packages/airflow/example_dags/example_time_delta_sensor_async.py
[2022-09-02T11:56:07.486+0000] {processor.py:640} INFO - Processing file /home/airflow/.local/lib/python3.7/site-packages/airflow/example_dags/example_time_delta_sensor_async.py for tasks to queue
[2022-09-02T11:56:07.489+0000] {logging_mixin.py:115} INFO - [2022-09-02T11:56:07.489+0000] {dagbag.py:508} INFO - Filling up the DagBag from /home/airflow/.local/lib/python3.7/site-packages/airflow/example_dags/example_time_delta_sensor_async.py
[2022-09-02T11:56:07.500+0000] {processor.py:650} INFO - DAG(s) dict_keys(['example_time_delta_sensor_async']) retrieved from /home/airflow/.local/lib/python3.7/site-packages/airflow/example_dags/example_time_delta_sensor_async.py
[2022-09-02T11:56:07.621+0000] {logging_mixin.py:115} INFO - [2022-09-02T11:56:07.621+0000] {dag.py:2429} INFO - Sync 1 DAGs
[2022-09-02T11:56:07.637+0000] {logging_mixin.py:115} INFO - [2022-09-02T11:56:07.637+0000] {dag.py:2981} INFO - Setting next_dagrun for example_time_delta_sensor_async to None, run_after=None
[2022-09-02T11:56:07.650+0000] {processor.py:161} INFO - Processing /home/airflow/.local/lib/python3.7/site-packages/airflow/example_dags/example_time_delta_sensor_async.py took 0.175 seconds
[2022-09-02T11:56:38.375+0000] {processor.py:153} INFO - Started process (PID=3740) to work on /home/airflow/.local/lib/python3.7/site-packages/airflow/example_dags/example_time_delta_sensor_async.py
[2022-09-02T11:56:38.380+0000] {processor.py:640} INFO - Processing file /home/airflow/.local/lib/python3.7/site-packages/airflow/example_dags/example_time_delta_sensor_async.py for tasks to queue
[2022-09-02T11:56:38.381+0000] {logging_mixin.py:115} INFO - [2022-09-02T11:56:38.381+0000] {dagbag.py:508} INFO - Filling up the DagBag from /home/airflow/.local/lib/python3.7/site-packages/airflow/example_dags/example_time_delta_sensor_async.py
[2022-09-02T11:56:38.387+0000] {processor.py:650} INFO - DAG(s) dict_keys(['example_time_delta_sensor_async']) retrieved from /home/airflow/.local/lib/python3.7/site-packages/airflow/example_dags/example_time_delta_sensor_async.py
[2022-09-02T11:56:38.485+0000] {logging_mixin.py:115} INFO - [2022-09-02T11:56:38.485+0000] {dag.py:2429} INFO - Sync 1 DAGs
[2022-09-02T11:56:38.498+0000] {logging_mixin.py:115} INFO - [2022-09-02T11:56:38.498+0000] {dag.py:2981} INFO - Setting next_dagrun for example_time_delta_sensor_async to None, run_after=None
[2022-09-02T11:56:38.506+0000] {processor.py:161} INFO - Processing /home/airflow/.local/lib/python3.7/site-packages/airflow/example_dags/example_time_delta_sensor_async.py took 0.133 seconds
[2022-09-02T11:57:09.173+0000] {processor.py:153} INFO - Started process (PID=3937) to work on /home/airflow/.local/lib/python3.7/site-packages/airflow/example_dags/example_time_delta_sensor_async.py
[2022-09-02T11:57:09.176+0000] {processor.py:640} INFO - Processing file /home/airflow/.local/lib/python3.7/site-packages/airflow/example_dags/example_time_delta_sensor_async.py for tasks to queue
[2022-09-02T11:57:09.178+0000] {logging_mixin.py:115} INFO - [2022-09-02T11:57:09.178+0000] {dagbag.py:508} INFO - Filling up the DagBag from /home/airflow/.local/lib/python3.7/site-packages/airflow/example_dags/example_time_delta_sensor_async.py
[2022-09-02T11:57:09.182+0000] {processor.py:650} INFO - DAG(s) dict_keys(['example_time_delta_sensor_async']) retrieved from /home/airflow/.local/lib/python3.7/site-packages/airflow/example_dags/example_time_delta_sensor_async.py
[2022-09-02T11:57:09.288+0000] {logging_mixin.py:115} INFO - [2022-09-02T11:57:09.288+0000] {dag.py:2429} INFO - Sync 1 DAGs
[2022-09-02T11:57:09.302+0000] {logging_mixin.py:115} INFO - [2022-09-02T11:57:09.302+0000] {dag.py:2981} INFO - Setting next_dagrun for example_time_delta_sensor_async to None, run_after=None
[2022-09-02T11:57:09.311+0000] {processor.py:161} INFO - Processing /home/airflow/.local/lib/python3.7/site-packages/airflow/example_dags/example_time_delta_sensor_async.py took 0.141 seconds
[2022-09-02T11:57:40.019+0000] {processor.py:153} INFO - Started process (PID=4132) to work on /home/airflow/.local/lib/python3.7/site-packages/airflow/example_dags/example_time_delta_sensor_async.py
[2022-09-02T11:57:40.023+0000] {processor.py:640} INFO - Processing file /home/airflow/.local/lib/python3.7/site-packages/airflow/example_dags/example_time_delta_sensor_async.py for tasks to queue
[2022-09-02T11:57:40.026+0000] {logging_mixin.py:115} INFO - [2022-09-02T11:57:40.026+0000] {dagbag.py:508} INFO - Filling up the DagBag from /home/airflow/.local/lib/python3.7/site-packages/airflow/example_dags/example_time_delta_sensor_async.py
[2022-09-02T11:57:40.031+0000] {processor.py:650} INFO - DAG(s) dict_keys(['example_time_delta_sensor_async']) retrieved from /home/airflow/.local/lib/python3.7/site-packages/airflow/example_dags/example_time_delta_sensor_async.py
[2022-09-02T11:57:40.126+0000] {logging_mixin.py:115} INFO - [2022-09-02T11:57:40.126+0000] {dag.py:2429} INFO - Sync 1 DAGs
[2022-09-02T11:57:40.138+0000] {logging_mixin.py:115} INFO - [2022-09-02T11:57:40.138+0000] {dag.py:2981} INFO - Setting next_dagrun for example_time_delta_sensor_async to None, run_after=None
[2022-09-02T11:57:40.146+0000] {processor.py:161} INFO - Processing /home/airflow/.local/lib/python3.7/site-packages/airflow/example_dags/example_time_delta_sensor_async.py took 0.133 seconds
[2022-09-02T11:58:10.877+0000] {processor.py:153} INFO - Started process (PID=4329) to work on /home/airflow/.local/lib/python3.7/site-packages/airflow/example_dags/example_time_delta_sensor_async.py
[2022-09-02T11:58:10.880+0000] {processor.py:640} INFO - Processing file /home/airflow/.local/lib/python3.7/site-packages/airflow/example_dags/example_time_delta_sensor_async.py for tasks to queue
[2022-09-02T11:58:10.881+0000] {logging_mixin.py:115} INFO - [2022-09-02T11:58:10.881+0000] {dagbag.py:508} INFO - Filling up the DagBag from /home/airflow/.local/lib/python3.7/site-packages/airflow/example_dags/example_time_delta_sensor_async.py
[2022-09-02T11:58:10.888+0000] {processor.py:650} INFO - DAG(s) dict_keys(['example_time_delta_sensor_async']) retrieved from /home/airflow/.local/lib/python3.7/site-packages/airflow/example_dags/example_time_delta_sensor_async.py
[2022-09-02T11:58:11.003+0000] {logging_mixin.py:115} INFO - [2022-09-02T11:58:11.003+0000] {dag.py:2429} INFO - Sync 1 DAGs
[2022-09-02T11:58:11.018+0000] {logging_mixin.py:115} INFO - [2022-09-02T11:58:11.018+0000] {dag.py:2981} INFO - Setting next_dagrun for example_time_delta_sensor_async to None, run_after=None
[2022-09-02T11:58:11.028+0000] {processor.py:161} INFO - Processing /home/airflow/.local/lib/python3.7/site-packages/airflow/example_dags/example_time_delta_sensor_async.py took 0.160 seconds
[2022-09-02T11:58:41.703+0000] {processor.py:153} INFO - Started process (PID=4526) to work on /home/airflow/.local/lib/python3.7/site-packages/airflow/example_dags/example_time_delta_sensor_async.py
[2022-09-02T11:58:41.706+0000] {processor.py:640} INFO - Processing file /home/airflow/.local/lib/python3.7/site-packages/airflow/example_dags/example_time_delta_sensor_async.py for tasks to queue
[2022-09-02T11:58:41.708+0000] {logging_mixin.py:115} INFO - [2022-09-02T11:58:41.708+0000] {dagbag.py:508} INFO - Filling up the DagBag from /home/airflow/.local/lib/python3.7/site-packages/airflow/example_dags/example_time_delta_sensor_async.py
[2022-09-02T11:58:41.714+0000] {processor.py:650} INFO - DAG(s) dict_keys(['example_time_delta_sensor_async']) retrieved from /home/airflow/.local/lib/python3.7/site-packages/airflow/example_dags/example_time_delta_sensor_async.py
[2022-09-02T11:58:41.815+0000] {logging_mixin.py:115} INFO - [2022-09-02T11:58:41.815+0000] {dag.py:2429} INFO - Sync 1 DAGs
[2022-09-02T11:58:41.829+0000] {logging_mixin.py:115} INFO - [2022-09-02T11:58:41.829+0000] {dag.py:2981} INFO - Setting next_dagrun for example_time_delta_sensor_async to None, run_after=None
[2022-09-02T11:58:41.838+0000] {processor.py:161} INFO - Processing /home/airflow/.local/lib/python3.7/site-packages/airflow/example_dags/example_time_delta_sensor_async.py took 0.137 seconds
[2022-09-02T11:59:12.639+0000] {processor.py:153} INFO - Started process (PID=4723) to work on /home/airflow/.local/lib/python3.7/site-packages/airflow/example_dags/example_time_delta_sensor_async.py
[2022-09-02T11:59:12.642+0000] {processor.py:640} INFO - Processing file /home/airflow/.local/lib/python3.7/site-packages/airflow/example_dags/example_time_delta_sensor_async.py for tasks to queue
[2022-09-02T11:59:12.644+0000] {logging_mixin.py:115} INFO - [2022-09-02T11:59:12.643+0000] {dagbag.py:508} INFO - Filling up the DagBag from /home/airflow/.local/lib/python3.7/site-packages/airflow/example_dags/example_time_delta_sensor_async.py
[2022-09-02T11:59:12.647+0000] {processor.py:650} INFO - DAG(s) dict_keys(['example_time_delta_sensor_async']) retrieved from /home/airflow/.local/lib/python3.7/site-packages/airflow/example_dags/example_time_delta_sensor_async.py
[2022-09-02T11:59:12.761+0000] {logging_mixin.py:115} INFO - [2022-09-02T11:59:12.761+0000] {dag.py:2429} INFO - Sync 1 DAGs
[2022-09-02T11:59:12.775+0000] {logging_mixin.py:115} INFO - [2022-09-02T11:59:12.775+0000] {dag.py:2981} INFO - Setting next_dagrun for example_time_delta_sensor_async to None, run_after=None
[2022-09-02T11:59:12.787+0000] {processor.py:161} INFO - Processing /home/airflow/.local/lib/python3.7/site-packages/airflow/example_dags/example_time_delta_sensor_async.py took 0.151 seconds
[2022-09-02T11:59:43.439+0000] {processor.py:153} INFO - Started process (PID=4911) to work on /home/airflow/.local/lib/python3.7/site-packages/airflow/example_dags/example_time_delta_sensor_async.py
[2022-09-02T11:59:43.443+0000] {processor.py:640} INFO - Processing file /home/airflow/.local/lib/python3.7/site-packages/airflow/example_dags/example_time_delta_sensor_async.py for tasks to queue
[2022-09-02T11:59:43.445+0000] {logging_mixin.py:115} INFO - [2022-09-02T11:59:43.445+0000] {dagbag.py:508} INFO - Filling up the DagBag from /home/airflow/.local/lib/python3.7/site-packages/airflow/example_dags/example_time_delta_sensor_async.py
[2022-09-02T11:59:43.450+0000] {processor.py:650} INFO - DAG(s) dict_keys(['example_time_delta_sensor_async']) retrieved from /home/airflow/.local/lib/python3.7/site-packages/airflow/example_dags/example_time_delta_sensor_async.py
[2022-09-02T11:59:43.553+0000] {logging_mixin.py:115} INFO - [2022-09-02T11:59:43.553+0000] {dag.py:2429} INFO - Sync 1 DAGs
[2022-09-02T11:59:43.566+0000] {logging_mixin.py:115} INFO - [2022-09-02T11:59:43.566+0000] {dag.py:2981} INFO - Setting next_dagrun for example_time_delta_sensor_async to None, run_after=None
[2022-09-02T11:59:43.574+0000] {processor.py:161} INFO - Processing /home/airflow/.local/lib/python3.7/site-packages/airflow/example_dags/example_time_delta_sensor_async.py took 0.143 seconds
[2022-09-02T12:00:14.339+0000] {processor.py:153} INFO - Started process (PID=5108) to work on /home/airflow/.local/lib/python3.7/site-packages/airflow/example_dags/example_time_delta_sensor_async.py
[2022-09-02T12:00:14.341+0000] {processor.py:640} INFO - Processing file /home/airflow/.local/lib/python3.7/site-packages/airflow/example_dags/example_time_delta_sensor_async.py for tasks to queue
[2022-09-02T12:00:14.342+0000] {logging_mixin.py:115} INFO - [2022-09-02T12:00:14.342+0000] {dagbag.py:508} INFO - Filling up the DagBag from /home/airflow/.local/lib/python3.7/site-packages/airflow/example_dags/example_time_delta_sensor_async.py
[2022-09-02T12:00:14.347+0000] {processor.py:650} INFO - DAG(s) dict_keys(['example_time_delta_sensor_async']) retrieved from /home/airflow/.local/lib/python3.7/site-packages/airflow/example_dags/example_time_delta_sensor_async.py
[2022-09-02T12:00:14.454+0000] {logging_mixin.py:115} INFO - [2022-09-02T12:00:14.454+0000] {dag.py:2429} INFO - Sync 1 DAGs
[2022-09-02T12:00:14.466+0000] {logging_mixin.py:115} INFO - [2022-09-02T12:00:14.465+0000] {dag.py:2981} INFO - Setting next_dagrun for example_time_delta_sensor_async to None, run_after=None
[2022-09-02T12:00:14.473+0000] {processor.py:161} INFO - Processing /home/airflow/.local/lib/python3.7/site-packages/airflow/example_dags/example_time_delta_sensor_async.py took 0.138 seconds
[2022-09-02T12:00:45.116+0000] {processor.py:153} INFO - Started process (PID=5305) to work on /home/airflow/.local/lib/python3.7/site-packages/airflow/example_dags/example_time_delta_sensor_async.py
[2022-09-02T12:00:45.119+0000] {processor.py:640} INFO - Processing file /home/airflow/.local/lib/python3.7/site-packages/airflow/example_dags/example_time_delta_sensor_async.py for tasks to queue
[2022-09-02T12:00:45.120+0000] {logging_mixin.py:115} INFO - [2022-09-02T12:00:45.120+0000] {dagbag.py:508} INFO - Filling up the DagBag from /home/airflow/.local/lib/python3.7/site-packages/airflow/example_dags/example_time_delta_sensor_async.py
[2022-09-02T12:00:45.125+0000] {processor.py:650} INFO - DAG(s) dict_keys(['example_time_delta_sensor_async']) retrieved from /home/airflow/.local/lib/python3.7/site-packages/airflow/example_dags/example_time_delta_sensor_async.py
[2022-09-02T12:00:45.242+0000] {logging_mixin.py:115} INFO - [2022-09-02T12:00:45.242+0000] {dag.py:2429} INFO - Sync 1 DAGs
[2022-09-02T12:00:45.272+0000] {logging_mixin.py:115} INFO - [2022-09-02T12:00:45.272+0000] {dag.py:2981} INFO - Setting next_dagrun for example_time_delta_sensor_async to None, run_after=None
[2022-09-02T12:00:45.281+0000] {processor.py:161} INFO - Processing /home/airflow/.local/lib/python3.7/site-packages/airflow/example_dags/example_time_delta_sensor_async.py took 0.168 seconds
[2022-09-02T12:01:15.787+0000] {processor.py:153} INFO - Started process (PID=5502) to work on /home/airflow/.local/lib/python3.7/site-packages/airflow/example_dags/example_time_delta_sensor_async.py
[2022-09-02T12:01:15.789+0000] {processor.py:640} INFO - Processing file /home/airflow/.local/lib/python3.7/site-packages/airflow/example_dags/example_time_delta_sensor_async.py for tasks to queue
[2022-09-02T12:01:15.791+0000] {logging_mixin.py:115} INFO - [2022-09-02T12:01:15.791+0000] {dagbag.py:508} INFO - Filling up the DagBag from /home/airflow/.local/lib/python3.7/site-packages/airflow/example_dags/example_time_delta_sensor_async.py
[2022-09-02T12:01:15.796+0000] {processor.py:650} INFO - DAG(s) dict_keys(['example_time_delta_sensor_async']) retrieved from /home/airflow/.local/lib/python3.7/site-packages/airflow/example_dags/example_time_delta_sensor_async.py
[2022-09-02T12:01:15.891+0000] {logging_mixin.py:115} INFO - [2022-09-02T12:01:15.891+0000] {dag.py:2429} INFO - Sync 1 DAGs
[2022-09-02T12:01:15.903+0000] {logging_mixin.py:115} INFO - [2022-09-02T12:01:15.903+0000] {dag.py:2981} INFO - Setting next_dagrun for example_time_delta_sensor_async to None, run_after=None
[2022-09-02T12:01:15.911+0000] {processor.py:161} INFO - Processing /home/airflow/.local/lib/python3.7/site-packages/airflow/example_dags/example_time_delta_sensor_async.py took 0.127 seconds
[2022-09-02T12:01:46.569+0000] {processor.py:153} INFO - Started process (PID=5699) to work on /home/airflow/.local/lib/python3.7/site-packages/airflow/example_dags/example_time_delta_sensor_async.py
[2022-09-02T12:01:46.572+0000] {processor.py:640} INFO - Processing file /home/airflow/.local/lib/python3.7/site-packages/airflow/example_dags/example_time_delta_sensor_async.py for tasks to queue
[2022-09-02T12:01:46.574+0000] {logging_mixin.py:115} INFO - [2022-09-02T12:01:46.573+0000] {dagbag.py:508} INFO - Filling up the DagBag from /home/airflow/.local/lib/python3.7/site-packages/airflow/example_dags/example_time_delta_sensor_async.py
[2022-09-02T12:01:46.579+0000] {processor.py:650} INFO - DAG(s) dict_keys(['example_time_delta_sensor_async']) retrieved from /home/airflow/.local/lib/python3.7/site-packages/airflow/example_dags/example_time_delta_sensor_async.py
[2022-09-02T12:01:46.699+0000] {logging_mixin.py:115} INFO - [2022-09-02T12:01:46.699+0000] {dag.py:2429} INFO - Sync 1 DAGs
[2022-09-02T12:01:46.712+0000] {logging_mixin.py:115} INFO - [2022-09-02T12:01:46.712+0000] {dag.py:2981} INFO - Setting next_dagrun for example_time_delta_sensor_async to None, run_after=None
[2022-09-02T12:01:46.720+0000] {processor.py:161} INFO - Processing /home/airflow/.local/lib/python3.7/site-packages/airflow/example_dags/example_time_delta_sensor_async.py took 0.155 seconds
[2022-09-02T12:02:17.388+0000] {processor.py:153} INFO - Started process (PID=5914) to work on /home/airflow/.local/lib/python3.7/site-packages/airflow/example_dags/example_time_delta_sensor_async.py
[2022-09-02T12:02:17.393+0000] {processor.py:640} INFO - Processing file /home/airflow/.local/lib/python3.7/site-packages/airflow/example_dags/example_time_delta_sensor_async.py for tasks to queue
[2022-09-02T12:02:17.399+0000] {logging_mixin.py:115} INFO - [2022-09-02T12:02:17.399+0000] {dagbag.py:508} INFO - Filling up the DagBag from /home/airflow/.local/lib/python3.7/site-packages/airflow/example_dags/example_time_delta_sensor_async.py
[2022-09-02T12:02:17.405+0000] {processor.py:650} INFO - DAG(s) dict_keys(['example_time_delta_sensor_async']) retrieved from /home/airflow/.local/lib/python3.7/site-packages/airflow/example_dags/example_time_delta_sensor_async.py
[2022-09-02T12:02:17.518+0000] {logging_mixin.py:115} INFO - [2022-09-02T12:02:17.518+0000] {dag.py:2429} INFO - Sync 1 DAGs
[2022-09-02T12:02:17.532+0000] {logging_mixin.py:115} INFO - [2022-09-02T12:02:17.532+0000] {dag.py:2981} INFO - Setting next_dagrun for example_time_delta_sensor_async to None, run_after=None
[2022-09-02T12:02:17.542+0000] {processor.py:161} INFO - Processing /home/airflow/.local/lib/python3.7/site-packages/airflow/example_dags/example_time_delta_sensor_async.py took 0.159 seconds
[2022-09-02T12:02:48.302+0000] {processor.py:153} INFO - Started process (PID=6102) to work on /home/airflow/.local/lib/python3.7/site-packages/airflow/example_dags/example_time_delta_sensor_async.py
[2022-09-02T12:02:48.304+0000] {processor.py:640} INFO - Processing file /home/airflow/.local/lib/python3.7/site-packages/airflow/example_dags/example_time_delta_sensor_async.py for tasks to queue
[2022-09-02T12:02:48.307+0000] {logging_mixin.py:115} INFO - [2022-09-02T12:02:48.307+0000] {dagbag.py:508} INFO - Filling up the DagBag from /home/airflow/.local/lib/python3.7/site-packages/airflow/example_dags/example_time_delta_sensor_async.py
[2022-09-02T12:02:48.314+0000] {processor.py:650} INFO - DAG(s) dict_keys(['example_time_delta_sensor_async']) retrieved from /home/airflow/.local/lib/python3.7/site-packages/airflow/example_dags/example_time_delta_sensor_async.py
[2022-09-02T12:02:48.426+0000] {logging_mixin.py:115} INFO - [2022-09-02T12:02:48.426+0000] {dag.py:2429} INFO - Sync 1 DAGs
[2022-09-02T12:02:48.441+0000] {logging_mixin.py:115} INFO - [2022-09-02T12:02:48.441+0000] {dag.py:2981} INFO - Setting next_dagrun for example_time_delta_sensor_async to None, run_after=None
[2022-09-02T12:02:48.449+0000] {processor.py:161} INFO - Processing /home/airflow/.local/lib/python3.7/site-packages/airflow/example_dags/example_time_delta_sensor_async.py took 0.151 seconds
[2022-09-02T12:03:19.108+0000] {processor.py:153} INFO - Started process (PID=6299) to work on /home/airflow/.local/lib/python3.7/site-packages/airflow/example_dags/example_time_delta_sensor_async.py
[2022-09-02T12:03:19.111+0000] {processor.py:640} INFO - Processing file /home/airflow/.local/lib/python3.7/site-packages/airflow/example_dags/example_time_delta_sensor_async.py for tasks to queue
[2022-09-02T12:03:19.113+0000] {logging_mixin.py:115} INFO - [2022-09-02T12:03:19.113+0000] {dagbag.py:508} INFO - Filling up the DagBag from /home/airflow/.local/lib/python3.7/site-packages/airflow/example_dags/example_time_delta_sensor_async.py
[2022-09-02T12:03:19.119+0000] {processor.py:650} INFO - DAG(s) dict_keys(['example_time_delta_sensor_async']) retrieved from /home/airflow/.local/lib/python3.7/site-packages/airflow/example_dags/example_time_delta_sensor_async.py
[2022-09-02T12:03:19.225+0000] {logging_mixin.py:115} INFO - [2022-09-02T12:03:19.225+0000] {dag.py:2429} INFO - Sync 1 DAGs
[2022-09-02T12:03:19.240+0000] {logging_mixin.py:115} INFO - [2022-09-02T12:03:19.240+0000] {dag.py:2981} INFO - Setting next_dagrun for example_time_delta_sensor_async to None, run_after=None
[2022-09-02T12:03:19.251+0000] {processor.py:161} INFO - Processing /home/airflow/.local/lib/python3.7/site-packages/airflow/example_dags/example_time_delta_sensor_async.py took 0.146 seconds
[2022-09-02T12:03:49.897+0000] {processor.py:153} INFO - Started process (PID=6495) to work on /home/airflow/.local/lib/python3.7/site-packages/airflow/example_dags/example_time_delta_sensor_async.py
[2022-09-02T12:03:49.901+0000] {processor.py:640} INFO - Processing file /home/airflow/.local/lib/python3.7/site-packages/airflow/example_dags/example_time_delta_sensor_async.py for tasks to queue
[2022-09-02T12:03:49.903+0000] {logging_mixin.py:115} INFO - [2022-09-02T12:03:49.902+0000] {dagbag.py:508} INFO - Filling up the DagBag from /home/airflow/.local/lib/python3.7/site-packages/airflow/example_dags/example_time_delta_sensor_async.py
[2022-09-02T12:03:49.909+0000] {processor.py:650} INFO - DAG(s) dict_keys(['example_time_delta_sensor_async']) retrieved from /home/airflow/.local/lib/python3.7/site-packages/airflow/example_dags/example_time_delta_sensor_async.py
[2022-09-02T12:03:50.021+0000] {logging_mixin.py:115} INFO - [2022-09-02T12:03:50.021+0000] {dag.py:2429} INFO - Sync 1 DAGs
[2022-09-02T12:03:50.034+0000] {logging_mixin.py:115} INFO - [2022-09-02T12:03:50.034+0000] {dag.py:2981} INFO - Setting next_dagrun for example_time_delta_sensor_async to None, run_after=None
[2022-09-02T12:03:50.044+0000] {processor.py:161} INFO - Processing /home/airflow/.local/lib/python3.7/site-packages/airflow/example_dags/example_time_delta_sensor_async.py took 0.152 seconds
[2022-09-02T12:04:20.596+0000] {processor.py:153} INFO - Started process (PID=6693) to work on /home/airflow/.local/lib/python3.7/site-packages/airflow/example_dags/example_time_delta_sensor_async.py
[2022-09-02T12:04:20.597+0000] {processor.py:640} INFO - Processing file /home/airflow/.local/lib/python3.7/site-packages/airflow/example_dags/example_time_delta_sensor_async.py for tasks to queue
[2022-09-02T12:04:20.599+0000] {logging_mixin.py:115} INFO - [2022-09-02T12:04:20.599+0000] {dagbag.py:508} INFO - Filling up the DagBag from /home/airflow/.local/lib/python3.7/site-packages/airflow/example_dags/example_time_delta_sensor_async.py
[2022-09-02T12:04:20.603+0000] {processor.py:650} INFO - DAG(s) dict_keys(['example_time_delta_sensor_async']) retrieved from /home/airflow/.local/lib/python3.7/site-packages/airflow/example_dags/example_time_delta_sensor_async.py
[2022-09-02T12:04:20.721+0000] {logging_mixin.py:115} INFO - [2022-09-02T12:04:20.720+0000] {dag.py:2429} INFO - Sync 1 DAGs
[2022-09-02T12:04:20.736+0000] {logging_mixin.py:115} INFO - [2022-09-02T12:04:20.736+0000] {dag.py:2981} INFO - Setting next_dagrun for example_time_delta_sensor_async to None, run_after=None
[2022-09-02T12:04:20.746+0000] {processor.py:161} INFO - Processing /home/airflow/.local/lib/python3.7/site-packages/airflow/example_dags/example_time_delta_sensor_async.py took 0.155 seconds
[2022-09-02T12:04:51.433+0000] {processor.py:153} INFO - Started process (PID=6890) to work on /home/airflow/.local/lib/python3.7/site-packages/airflow/example_dags/example_time_delta_sensor_async.py
[2022-09-02T12:04:51.437+0000] {processor.py:640} INFO - Processing file /home/airflow/.local/lib/python3.7/site-packages/airflow/example_dags/example_time_delta_sensor_async.py for tasks to queue
[2022-09-02T12:04:51.438+0000] {logging_mixin.py:115} INFO - [2022-09-02T12:04:51.438+0000] {dagbag.py:508} INFO - Filling up the DagBag from /home/airflow/.local/lib/python3.7/site-packages/airflow/example_dags/example_time_delta_sensor_async.py
[2022-09-02T12:04:51.445+0000] {processor.py:650} INFO - DAG(s) dict_keys(['example_time_delta_sensor_async']) retrieved from /home/airflow/.local/lib/python3.7/site-packages/airflow/example_dags/example_time_delta_sensor_async.py
[2022-09-02T12:04:51.548+0000] {logging_mixin.py:115} INFO - [2022-09-02T12:04:51.548+0000] {dag.py:2429} INFO - Sync 1 DAGs
[2022-09-02T12:04:51.561+0000] {logging_mixin.py:115} INFO - [2022-09-02T12:04:51.561+0000] {dag.py:2981} INFO - Setting next_dagrun for example_time_delta_sensor_async to None, run_after=None
[2022-09-02T12:04:51.568+0000] {processor.py:161} INFO - Processing /home/airflow/.local/lib/python3.7/site-packages/airflow/example_dags/example_time_delta_sensor_async.py took 0.139 seconds
[2022-09-02T12:05:22.292+0000] {processor.py:153} INFO - Started process (PID=7088) to work on /home/airflow/.local/lib/python3.7/site-packages/airflow/example_dags/example_time_delta_sensor_async.py
[2022-09-02T12:05:22.296+0000] {processor.py:640} INFO - Processing file /home/airflow/.local/lib/python3.7/site-packages/airflow/example_dags/example_time_delta_sensor_async.py for tasks to queue
[2022-09-02T12:05:22.298+0000] {logging_mixin.py:115} INFO - [2022-09-02T12:05:22.298+0000] {dagbag.py:508} INFO - Filling up the DagBag from /home/airflow/.local/lib/python3.7/site-packages/airflow/example_dags/example_time_delta_sensor_async.py
[2022-09-02T12:05:22.304+0000] {processor.py:650} INFO - DAG(s) dict_keys(['example_time_delta_sensor_async']) retrieved from /home/airflow/.local/lib/python3.7/site-packages/airflow/example_dags/example_time_delta_sensor_async.py
[2022-09-02T12:05:22.417+0000] {logging_mixin.py:115} INFO - [2022-09-02T12:05:22.417+0000] {dag.py:2429} INFO - Sync 1 DAGs
[2022-09-02T12:05:22.431+0000] {logging_mixin.py:115} INFO - [2022-09-02T12:05:22.431+0000] {dag.py:2981} INFO - Setting next_dagrun for example_time_delta_sensor_async to None, run_after=None
[2022-09-02T12:05:22.440+0000] {processor.py:161} INFO - Processing /home/airflow/.local/lib/python3.7/site-packages/airflow/example_dags/example_time_delta_sensor_async.py took 0.152 seconds
[2022-09-02T12:05:52.999+0000] {processor.py:153} INFO - Started process (PID=7283) to work on /home/airflow/.local/lib/python3.7/site-packages/airflow/example_dags/example_time_delta_sensor_async.py
[2022-09-02T12:05:53.000+0000] {processor.py:640} INFO - Processing file /home/airflow/.local/lib/python3.7/site-packages/airflow/example_dags/example_time_delta_sensor_async.py for tasks to queue
[2022-09-02T12:05:53.002+0000] {logging_mixin.py:115} INFO - [2022-09-02T12:05:53.002+0000] {dagbag.py:508} INFO - Filling up the DagBag from /home/airflow/.local/lib/python3.7/site-packages/airflow/example_dags/example_time_delta_sensor_async.py
[2022-09-02T12:05:53.006+0000] {processor.py:650} INFO - DAG(s) dict_keys(['example_time_delta_sensor_async']) retrieved from /home/airflow/.local/lib/python3.7/site-packages/airflow/example_dags/example_time_delta_sensor_async.py
[2022-09-02T12:05:53.107+0000] {logging_mixin.py:115} INFO - [2022-09-02T12:05:53.107+0000] {dag.py:2429} INFO - Sync 1 DAGs
[2022-09-02T12:05:53.121+0000] {logging_mixin.py:115} INFO - [2022-09-02T12:05:53.121+0000] {dag.py:2981} INFO - Setting next_dagrun for example_time_delta_sensor_async to None, run_after=None
[2022-09-02T12:05:53.129+0000] {processor.py:161} INFO - Processing /home/airflow/.local/lib/python3.7/site-packages/airflow/example_dags/example_time_delta_sensor_async.py took 0.134 seconds
[2022-09-02T12:06:23.901+0000] {processor.py:153} INFO - Started process (PID=7474) to work on /home/airflow/.local/lib/python3.7/site-packages/airflow/example_dags/example_time_delta_sensor_async.py
[2022-09-02T12:06:23.904+0000] {processor.py:640} INFO - Processing file /home/airflow/.local/lib/python3.7/site-packages/airflow/example_dags/example_time_delta_sensor_async.py for tasks to queue
[2022-09-02T12:06:23.906+0000] {logging_mixin.py:115} INFO - [2022-09-02T12:06:23.906+0000] {dagbag.py:508} INFO - Filling up the DagBag from /home/airflow/.local/lib/python3.7/site-packages/airflow/example_dags/example_time_delta_sensor_async.py
[2022-09-02T12:06:23.912+0000] {processor.py:650} INFO - DAG(s) dict_keys(['example_time_delta_sensor_async']) retrieved from /home/airflow/.local/lib/python3.7/site-packages/airflow/example_dags/example_time_delta_sensor_async.py
[2022-09-02T12:06:24.012+0000] {logging_mixin.py:115} INFO - [2022-09-02T12:06:24.012+0000] {dag.py:2429} INFO - Sync 1 DAGs
[2022-09-02T12:06:24.025+0000] {logging_mixin.py:115} INFO - [2022-09-02T12:06:24.024+0000] {dag.py:2981} INFO - Setting next_dagrun for example_time_delta_sensor_async to None, run_after=None
[2022-09-02T12:06:24.035+0000] {processor.py:161} INFO - Processing /home/airflow/.local/lib/python3.7/site-packages/airflow/example_dags/example_time_delta_sensor_async.py took 0.142 seconds
[2022-09-02T12:06:54.666+0000] {processor.py:153} INFO - Started process (PID=7670) to work on /home/airflow/.local/lib/python3.7/site-packages/airflow/example_dags/example_time_delta_sensor_async.py
[2022-09-02T12:06:54.670+0000] {processor.py:640} INFO - Processing file /home/airflow/.local/lib/python3.7/site-packages/airflow/example_dags/example_time_delta_sensor_async.py for tasks to queue
[2022-09-02T12:06:54.673+0000] {logging_mixin.py:115} INFO - [2022-09-02T12:06:54.673+0000] {dagbag.py:508} INFO - Filling up the DagBag from /home/airflow/.local/lib/python3.7/site-packages/airflow/example_dags/example_time_delta_sensor_async.py
[2022-09-02T12:06:54.680+0000] {processor.py:650} INFO - DAG(s) dict_keys(['example_time_delta_sensor_async']) retrieved from /home/airflow/.local/lib/python3.7/site-packages/airflow/example_dags/example_time_delta_sensor_async.py
[2022-09-02T12:06:54.780+0000] {logging_mixin.py:115} INFO - [2022-09-02T12:06:54.780+0000] {dag.py:2429} INFO - Sync 1 DAGs
[2022-09-02T12:06:54.793+0000] {logging_mixin.py:115} INFO - [2022-09-02T12:06:54.793+0000] {dag.py:2981} INFO - Setting next_dagrun for example_time_delta_sensor_async to None, run_after=None
[2022-09-02T12:06:54.801+0000] {processor.py:161} INFO - Processing /home/airflow/.local/lib/python3.7/site-packages/airflow/example_dags/example_time_delta_sensor_async.py took 0.140 seconds
[2022-09-02T12:07:25.586+0000] {processor.py:153} INFO - Started process (PID=7867) to work on /home/airflow/.local/lib/python3.7/site-packages/airflow/example_dags/example_time_delta_sensor_async.py
[2022-09-02T12:07:25.588+0000] {processor.py:640} INFO - Processing file /home/airflow/.local/lib/python3.7/site-packages/airflow/example_dags/example_time_delta_sensor_async.py for tasks to queue
[2022-09-02T12:07:25.590+0000] {logging_mixin.py:115} INFO - [2022-09-02T12:07:25.590+0000] {dagbag.py:508} INFO - Filling up the DagBag from /home/airflow/.local/lib/python3.7/site-packages/airflow/example_dags/example_time_delta_sensor_async.py
[2022-09-02T12:07:25.594+0000] {processor.py:650} INFO - DAG(s) dict_keys(['example_time_delta_sensor_async']) retrieved from /home/airflow/.local/lib/python3.7/site-packages/airflow/example_dags/example_time_delta_sensor_async.py
[2022-09-02T12:07:25.703+0000] {logging_mixin.py:115} INFO - [2022-09-02T12:07:25.703+0000] {dag.py:2429} INFO - Sync 1 DAGs
[2022-09-02T12:07:25.718+0000] {logging_mixin.py:115} INFO - [2022-09-02T12:07:25.718+0000] {dag.py:2981} INFO - Setting next_dagrun for example_time_delta_sensor_async to None, run_after=None
[2022-09-02T12:07:25.727+0000] {processor.py:161} INFO - Processing /home/airflow/.local/lib/python3.7/site-packages/airflow/example_dags/example_time_delta_sensor_async.py took 0.145 seconds
[2022-09-02T12:07:56.606+0000] {processor.py:153} INFO - Started process (PID=8064) to work on /home/airflow/.local/lib/python3.7/site-packages/airflow/example_dags/example_time_delta_sensor_async.py
[2022-09-02T12:07:56.609+0000] {processor.py:640} INFO - Processing file /home/airflow/.local/lib/python3.7/site-packages/airflow/example_dags/example_time_delta_sensor_async.py for tasks to queue
[2022-09-02T12:07:56.611+0000] {logging_mixin.py:115} INFO - [2022-09-02T12:07:56.611+0000] {dagbag.py:508} INFO - Filling up the DagBag from /home/airflow/.local/lib/python3.7/site-packages/airflow/example_dags/example_time_delta_sensor_async.py
[2022-09-02T12:07:56.618+0000] {processor.py:650} INFO - DAG(s) dict_keys(['example_time_delta_sensor_async']) retrieved from /home/airflow/.local/lib/python3.7/site-packages/airflow/example_dags/example_time_delta_sensor_async.py
[2022-09-02T12:07:56.738+0000] {logging_mixin.py:115} INFO - [2022-09-02T12:07:56.738+0000] {dag.py:2429} INFO - Sync 1 DAGs
[2022-09-02T12:07:56.753+0000] {logging_mixin.py:115} INFO - [2022-09-02T12:07:56.753+0000] {dag.py:2981} INFO - Setting next_dagrun for example_time_delta_sensor_async to None, run_after=None
[2022-09-02T12:07:56.763+0000] {processor.py:161} INFO - Processing /home/airflow/.local/lib/python3.7/site-packages/airflow/example_dags/example_time_delta_sensor_async.py took 0.162 seconds
