[2022-09-02T11:47:24.876+0000] {processor.py:153} INFO - Started process (PID=250) to work on /home/airflow/.local/lib/python3.7/site-packages/airflow/example_dags/example_xcomargs.py
[2022-09-02T11:47:24.879+0000] {processor.py:640} INFO - Processing file /home/airflow/.local/lib/python3.7/site-packages/airflow/example_dags/example_xcomargs.py for tasks to queue
[2022-09-02T11:47:24.881+0000] {logging_mixin.py:115} INFO - [2022-09-02T11:47:24.881+0000] {dagbag.py:508} INFO - Filling up the DagBag from /home/airflow/.local/lib/python3.7/site-packages/airflow/example_dags/example_xcomargs.py
[2022-09-02T11:47:24.894+0000] {processor.py:650} INFO - DAG(s) dict_keys(['example_xcom_args', 'example_xcom_args_with_operators']) retrieved from /home/airflow/.local/lib/python3.7/site-packages/airflow/example_dags/example_xcomargs.py
[2022-09-02T11:47:24.996+0000] {logging_mixin.py:115} INFO - [2022-09-02T11:47:24.996+0000] {manager.py:508} INFO - Created Permission View: can edit on DAG:example_xcom_args
[2022-09-02T11:47:25.004+0000] {logging_mixin.py:115} INFO - [2022-09-02T11:47:25.004+0000] {manager.py:508} INFO - Created Permission View: can delete on DAG:example_xcom_args
[2022-09-02T11:47:25.009+0000] {logging_mixin.py:115} INFO - [2022-09-02T11:47:25.009+0000] {manager.py:508} INFO - Created Permission View: can read on DAG:example_xcom_args
[2022-09-02T11:47:25.022+0000] {logging_mixin.py:115} INFO - [2022-09-02T11:47:25.022+0000] {manager.py:508} INFO - Created Permission View: can edit on DAG:example_xcom_args_with_operators
[2022-09-02T11:47:25.028+0000] {logging_mixin.py:115} INFO - [2022-09-02T11:47:25.028+0000] {manager.py:508} INFO - Created Permission View: can delete on DAG:example_xcom_args_with_operators
[2022-09-02T11:47:25.034+0000] {logging_mixin.py:115} INFO - [2022-09-02T11:47:25.034+0000] {manager.py:508} INFO - Created Permission View: can read on DAG:example_xcom_args_with_operators
[2022-09-02T11:47:25.036+0000] {logging_mixin.py:115} INFO - [2022-09-02T11:47:25.035+0000] {dag.py:2429} INFO - Sync 2 DAGs
[2022-09-02T11:47:25.043+0000] {logging_mixin.py:115} INFO - [2022-09-02T11:47:25.042+0000] {dag.py:2448} INFO - Creating ORM DAG for example_xcom_args_with_operators
[2022-09-02T11:47:25.044+0000] {logging_mixin.py:115} INFO - [2022-09-02T11:47:25.044+0000] {dag.py:2448} INFO - Creating ORM DAG for example_xcom_args
[2022-09-02T11:47:25.053+0000] {logging_mixin.py:115} INFO - [2022-09-02T11:47:25.053+0000] {dag.py:2981} INFO - Setting next_dagrun for example_xcom_args to None, run_after=None
[2022-09-02T11:47:25.054+0000] {logging_mixin.py:115} INFO - [2022-09-02T11:47:25.054+0000] {dag.py:2981} INFO - Setting next_dagrun for example_xcom_args_with_operators to None, run_after=None
[2022-09-02T11:47:25.066+0000] {processor.py:161} INFO - Processing /home/airflow/.local/lib/python3.7/site-packages/airflow/example_dags/example_xcomargs.py took 0.192 seconds
[2022-09-02T11:47:55.322+0000] {processor.py:153} INFO - Started process (PID=447) to work on /home/airflow/.local/lib/python3.7/site-packages/airflow/example_dags/example_xcomargs.py
[2022-09-02T11:47:55.324+0000] {processor.py:640} INFO - Processing file /home/airflow/.local/lib/python3.7/site-packages/airflow/example_dags/example_xcomargs.py for tasks to queue
[2022-09-02T11:47:55.325+0000] {logging_mixin.py:115} INFO - [2022-09-02T11:47:55.325+0000] {dagbag.py:508} INFO - Filling up the DagBag from /home/airflow/.local/lib/python3.7/site-packages/airflow/example_dags/example_xcomargs.py
[2022-09-02T11:47:55.338+0000] {processor.py:650} INFO - DAG(s) dict_keys(['example_xcom_args', 'example_xcom_args_with_operators']) retrieved from /home/airflow/.local/lib/python3.7/site-packages/airflow/example_dags/example_xcomargs.py
[2022-09-02T11:47:55.391+0000] {logging_mixin.py:115} INFO - [2022-09-02T11:47:55.391+0000] {dag.py:2429} INFO - Sync 2 DAGs
[2022-09-02T11:47:55.404+0000] {logging_mixin.py:115} INFO - [2022-09-02T11:47:55.404+0000] {dag.py:2981} INFO - Setting next_dagrun for example_xcom_args to None, run_after=None
[2022-09-02T11:47:55.406+0000] {logging_mixin.py:115} INFO - [2022-09-02T11:47:55.406+0000] {dag.py:2981} INFO - Setting next_dagrun for example_xcom_args_with_operators to None, run_after=None
[2022-09-02T11:47:55.439+0000] {processor.py:161} INFO - Processing /home/airflow/.local/lib/python3.7/site-packages/airflow/example_dags/example_xcomargs.py took 0.120 seconds
[2022-09-02T11:48:25.556+0000] {processor.py:153} INFO - Started process (PID=647) to work on /home/airflow/.local/lib/python3.7/site-packages/airflow/example_dags/example_xcomargs.py
[2022-09-02T11:48:25.558+0000] {processor.py:640} INFO - Processing file /home/airflow/.local/lib/python3.7/site-packages/airflow/example_dags/example_xcomargs.py for tasks to queue
[2022-09-02T11:48:25.560+0000] {logging_mixin.py:115} INFO - [2022-09-02T11:48:25.559+0000] {dagbag.py:508} INFO - Filling up the DagBag from /home/airflow/.local/lib/python3.7/site-packages/airflow/example_dags/example_xcomargs.py
[2022-09-02T11:48:25.572+0000] {processor.py:650} INFO - DAG(s) dict_keys(['example_xcom_args', 'example_xcom_args_with_operators']) retrieved from /home/airflow/.local/lib/python3.7/site-packages/airflow/example_dags/example_xcomargs.py
[2022-09-02T11:48:25.613+0000] {logging_mixin.py:115} INFO - [2022-09-02T11:48:25.613+0000] {dag.py:2429} INFO - Sync 2 DAGs
[2022-09-02T11:48:25.625+0000] {logging_mixin.py:115} INFO - [2022-09-02T11:48:25.625+0000] {dag.py:2981} INFO - Setting next_dagrun for example_xcom_args to None, run_after=None
[2022-09-02T11:48:25.627+0000] {logging_mixin.py:115} INFO - [2022-09-02T11:48:25.627+0000] {dag.py:2981} INFO - Setting next_dagrun for example_xcom_args_with_operators to None, run_after=None
[2022-09-02T11:48:25.636+0000] {processor.py:161} INFO - Processing /home/airflow/.local/lib/python3.7/site-packages/airflow/example_dags/example_xcomargs.py took 0.082 seconds
[2022-09-02T11:48:56.552+0000] {processor.py:153} INFO - Started process (PID=841) to work on /home/airflow/.local/lib/python3.7/site-packages/airflow/example_dags/example_xcomargs.py
[2022-09-02T11:48:56.553+0000] {processor.py:640} INFO - Processing file /home/airflow/.local/lib/python3.7/site-packages/airflow/example_dags/example_xcomargs.py for tasks to queue
[2022-09-02T11:48:56.554+0000] {logging_mixin.py:115} INFO - [2022-09-02T11:48:56.554+0000] {dagbag.py:508} INFO - Filling up the DagBag from /home/airflow/.local/lib/python3.7/site-packages/airflow/example_dags/example_xcomargs.py
[2022-09-02T11:48:56.565+0000] {processor.py:650} INFO - DAG(s) dict_keys(['example_xcom_args', 'example_xcom_args_with_operators']) retrieved from /home/airflow/.local/lib/python3.7/site-packages/airflow/example_dags/example_xcomargs.py
[2022-09-02T11:48:56.607+0000] {logging_mixin.py:115} INFO - [2022-09-02T11:48:56.607+0000] {dag.py:2429} INFO - Sync 2 DAGs
[2022-09-02T11:48:56.618+0000] {logging_mixin.py:115} INFO - [2022-09-02T11:48:56.618+0000] {dag.py:2981} INFO - Setting next_dagrun for example_xcom_args to None, run_after=None
[2022-09-02T11:48:56.620+0000] {logging_mixin.py:115} INFO - [2022-09-02T11:48:56.620+0000] {dag.py:2981} INFO - Setting next_dagrun for example_xcom_args_with_operators to None, run_after=None
[2022-09-02T11:48:56.630+0000] {processor.py:161} INFO - Processing /home/airflow/.local/lib/python3.7/site-packages/airflow/example_dags/example_xcomargs.py took 0.080 seconds
[2022-09-02T11:49:27.400+0000] {processor.py:153} INFO - Started process (PID=1036) to work on /home/airflow/.local/lib/python3.7/site-packages/airflow/example_dags/example_xcomargs.py
[2022-09-02T11:49:27.401+0000] {processor.py:640} INFO - Processing file /home/airflow/.local/lib/python3.7/site-packages/airflow/example_dags/example_xcomargs.py for tasks to queue
[2022-09-02T11:49:27.403+0000] {logging_mixin.py:115} INFO - [2022-09-02T11:49:27.402+0000] {dagbag.py:508} INFO - Filling up the DagBag from /home/airflow/.local/lib/python3.7/site-packages/airflow/example_dags/example_xcomargs.py
[2022-09-02T11:49:27.417+0000] {processor.py:650} INFO - DAG(s) dict_keys(['example_xcom_args', 'example_xcom_args_with_operators']) retrieved from /home/airflow/.local/lib/python3.7/site-packages/airflow/example_dags/example_xcomargs.py
[2022-09-02T11:49:27.464+0000] {logging_mixin.py:115} INFO - [2022-09-02T11:49:27.464+0000] {dag.py:2429} INFO - Sync 2 DAGs
[2022-09-02T11:49:27.476+0000] {logging_mixin.py:115} INFO - [2022-09-02T11:49:27.476+0000] {dag.py:2981} INFO - Setting next_dagrun for example_xcom_args to None, run_after=None
[2022-09-02T11:49:27.477+0000] {logging_mixin.py:115} INFO - [2022-09-02T11:49:27.477+0000] {dag.py:2981} INFO - Setting next_dagrun for example_xcom_args_with_operators to None, run_after=None
[2022-09-02T11:49:27.486+0000] {processor.py:161} INFO - Processing /home/airflow/.local/lib/python3.7/site-packages/airflow/example_dags/example_xcomargs.py took 0.089 seconds
[2022-09-02T11:49:58.265+0000] {processor.py:153} INFO - Started process (PID=1226) to work on /home/airflow/.local/lib/python3.7/site-packages/airflow/example_dags/example_xcomargs.py
[2022-09-02T11:49:58.266+0000] {processor.py:640} INFO - Processing file /home/airflow/.local/lib/python3.7/site-packages/airflow/example_dags/example_xcomargs.py for tasks to queue
[2022-09-02T11:49:58.267+0000] {logging_mixin.py:115} INFO - [2022-09-02T11:49:58.267+0000] {dagbag.py:508} INFO - Filling up the DagBag from /home/airflow/.local/lib/python3.7/site-packages/airflow/example_dags/example_xcomargs.py
[2022-09-02T11:49:58.278+0000] {processor.py:650} INFO - DAG(s) dict_keys(['example_xcom_args', 'example_xcom_args_with_operators']) retrieved from /home/airflow/.local/lib/python3.7/site-packages/airflow/example_dags/example_xcomargs.py
[2022-09-02T11:49:58.319+0000] {logging_mixin.py:115} INFO - [2022-09-02T11:49:58.319+0000] {dag.py:2429} INFO - Sync 2 DAGs
[2022-09-02T11:49:58.333+0000] {logging_mixin.py:115} INFO - [2022-09-02T11:49:58.333+0000] {dag.py:2981} INFO - Setting next_dagrun for example_xcom_args to None, run_after=None
[2022-09-02T11:49:58.334+0000] {logging_mixin.py:115} INFO - [2022-09-02T11:49:58.334+0000] {dag.py:2981} INFO - Setting next_dagrun for example_xcom_args_with_operators to None, run_after=None
[2022-09-02T11:49:58.342+0000] {processor.py:161} INFO - Processing /home/airflow/.local/lib/python3.7/site-packages/airflow/example_dags/example_xcomargs.py took 0.079 seconds
[2022-09-02T11:50:29.113+0000] {processor.py:153} INFO - Started process (PID=1425) to work on /home/airflow/.local/lib/python3.7/site-packages/airflow/example_dags/example_xcomargs.py
[2022-09-02T11:50:29.115+0000] {processor.py:640} INFO - Processing file /home/airflow/.local/lib/python3.7/site-packages/airflow/example_dags/example_xcomargs.py for tasks to queue
[2022-09-02T11:50:29.116+0000] {logging_mixin.py:115} INFO - [2022-09-02T11:50:29.116+0000] {dagbag.py:508} INFO - Filling up the DagBag from /home/airflow/.local/lib/python3.7/site-packages/airflow/example_dags/example_xcomargs.py
[2022-09-02T11:50:29.128+0000] {processor.py:650} INFO - DAG(s) dict_keys(['example_xcom_args', 'example_xcom_args_with_operators']) retrieved from /home/airflow/.local/lib/python3.7/site-packages/airflow/example_dags/example_xcomargs.py
[2022-09-02T11:50:29.146+0000] {logging_mixin.py:115} INFO - [2022-09-02T11:50:29.146+0000] {dag.py:2429} INFO - Sync 2 DAGs
[2022-09-02T11:50:29.160+0000] {logging_mixin.py:115} INFO - [2022-09-02T11:50:29.160+0000] {dag.py:2981} INFO - Setting next_dagrun for example_xcom_args to None, run_after=None
[2022-09-02T11:50:29.162+0000] {logging_mixin.py:115} INFO - [2022-09-02T11:50:29.162+0000] {dag.py:2981} INFO - Setting next_dagrun for example_xcom_args_with_operators to None, run_after=None
[2022-09-02T11:50:29.169+0000] {processor.py:161} INFO - Processing /home/airflow/.local/lib/python3.7/site-packages/airflow/example_dags/example_xcomargs.py took 0.058 seconds
[2022-09-02T11:50:59.819+0000] {processor.py:153} INFO - Started process (PID=1624) to work on /home/airflow/.local/lib/python3.7/site-packages/airflow/example_dags/example_xcomargs.py
[2022-09-02T11:50:59.821+0000] {processor.py:640} INFO - Processing file /home/airflow/.local/lib/python3.7/site-packages/airflow/example_dags/example_xcomargs.py for tasks to queue
[2022-09-02T11:50:59.823+0000] {logging_mixin.py:115} INFO - [2022-09-02T11:50:59.823+0000] {dagbag.py:508} INFO - Filling up the DagBag from /home/airflow/.local/lib/python3.7/site-packages/airflow/example_dags/example_xcomargs.py
[2022-09-02T11:50:59.835+0000] {processor.py:650} INFO - DAG(s) dict_keys(['example_xcom_args', 'example_xcom_args_with_operators']) retrieved from /home/airflow/.local/lib/python3.7/site-packages/airflow/example_dags/example_xcomargs.py
[2022-09-02T11:50:59.877+0000] {logging_mixin.py:115} INFO - [2022-09-02T11:50:59.877+0000] {dag.py:2429} INFO - Sync 2 DAGs
[2022-09-02T11:50:59.889+0000] {logging_mixin.py:115} INFO - [2022-09-02T11:50:59.889+0000] {dag.py:2981} INFO - Setting next_dagrun for example_xcom_args to None, run_after=None
[2022-09-02T11:50:59.890+0000] {logging_mixin.py:115} INFO - [2022-09-02T11:50:59.890+0000] {dag.py:2981} INFO - Setting next_dagrun for example_xcom_args_with_operators to None, run_after=None
[2022-09-02T11:50:59.899+0000] {processor.py:161} INFO - Processing /home/airflow/.local/lib/python3.7/site-packages/airflow/example_dags/example_xcomargs.py took 0.082 seconds
[2022-09-02T11:51:30.578+0000] {processor.py:153} INFO - Started process (PID=1820) to work on /home/airflow/.local/lib/python3.7/site-packages/airflow/example_dags/example_xcomargs.py
[2022-09-02T11:51:30.580+0000] {processor.py:640} INFO - Processing file /home/airflow/.local/lib/python3.7/site-packages/airflow/example_dags/example_xcomargs.py for tasks to queue
[2022-09-02T11:51:30.581+0000] {logging_mixin.py:115} INFO - [2022-09-02T11:51:30.581+0000] {dagbag.py:508} INFO - Filling up the DagBag from /home/airflow/.local/lib/python3.7/site-packages/airflow/example_dags/example_xcomargs.py
[2022-09-02T11:51:30.593+0000] {processor.py:650} INFO - DAG(s) dict_keys(['example_xcom_args', 'example_xcom_args_with_operators']) retrieved from /home/airflow/.local/lib/python3.7/site-packages/airflow/example_dags/example_xcomargs.py
[2022-09-02T11:51:30.635+0000] {logging_mixin.py:115} INFO - [2022-09-02T11:51:30.635+0000] {dag.py:2429} INFO - Sync 2 DAGs
[2022-09-02T11:51:30.646+0000] {logging_mixin.py:115} INFO - [2022-09-02T11:51:30.646+0000] {dag.py:2981} INFO - Setting next_dagrun for example_xcom_args to None, run_after=None
[2022-09-02T11:51:30.648+0000] {logging_mixin.py:115} INFO - [2022-09-02T11:51:30.648+0000] {dag.py:2981} INFO - Setting next_dagrun for example_xcom_args_with_operators to None, run_after=None
[2022-09-02T11:51:30.657+0000] {processor.py:161} INFO - Processing /home/airflow/.local/lib/python3.7/site-packages/airflow/example_dags/example_xcomargs.py took 0.082 seconds
[2022-09-02T11:52:01.436+0000] {processor.py:153} INFO - Started process (PID=2019) to work on /home/airflow/.local/lib/python3.7/site-packages/airflow/example_dags/example_xcomargs.py
[2022-09-02T11:52:01.438+0000] {processor.py:640} INFO - Processing file /home/airflow/.local/lib/python3.7/site-packages/airflow/example_dags/example_xcomargs.py for tasks to queue
[2022-09-02T11:52:01.440+0000] {logging_mixin.py:115} INFO - [2022-09-02T11:52:01.440+0000] {dagbag.py:508} INFO - Filling up the DagBag from /home/airflow/.local/lib/python3.7/site-packages/airflow/example_dags/example_xcomargs.py
[2022-09-02T11:52:01.453+0000] {processor.py:650} INFO - DAG(s) dict_keys(['example_xcom_args', 'example_xcom_args_with_operators']) retrieved from /home/airflow/.local/lib/python3.7/site-packages/airflow/example_dags/example_xcomargs.py
[2022-09-02T11:52:01.498+0000] {logging_mixin.py:115} INFO - [2022-09-02T11:52:01.498+0000] {dag.py:2429} INFO - Sync 2 DAGs
[2022-09-02T11:52:01.511+0000] {logging_mixin.py:115} INFO - [2022-09-02T11:52:01.511+0000] {dag.py:2981} INFO - Setting next_dagrun for example_xcom_args to None, run_after=None
[2022-09-02T11:52:01.513+0000] {logging_mixin.py:115} INFO - [2022-09-02T11:52:01.513+0000] {dag.py:2981} INFO - Setting next_dagrun for example_xcom_args_with_operators to None, run_after=None
[2022-09-02T11:52:01.523+0000] {processor.py:161} INFO - Processing /home/airflow/.local/lib/python3.7/site-packages/airflow/example_dags/example_xcomargs.py took 0.089 seconds
[2022-09-02T11:52:32.397+0000] {processor.py:153} INFO - Started process (PID=2216) to work on /home/airflow/.local/lib/python3.7/site-packages/airflow/example_dags/example_xcomargs.py
[2022-09-02T11:52:32.398+0000] {processor.py:640} INFO - Processing file /home/airflow/.local/lib/python3.7/site-packages/airflow/example_dags/example_xcomargs.py for tasks to queue
[2022-09-02T11:52:32.400+0000] {logging_mixin.py:115} INFO - [2022-09-02T11:52:32.400+0000] {dagbag.py:508} INFO - Filling up the DagBag from /home/airflow/.local/lib/python3.7/site-packages/airflow/example_dags/example_xcomargs.py
[2022-09-02T11:52:32.412+0000] {processor.py:650} INFO - DAG(s) dict_keys(['example_xcom_args', 'example_xcom_args_with_operators']) retrieved from /home/airflow/.local/lib/python3.7/site-packages/airflow/example_dags/example_xcomargs.py
[2022-09-02T11:52:32.470+0000] {logging_mixin.py:115} INFO - [2022-09-02T11:52:32.470+0000] {dag.py:2429} INFO - Sync 2 DAGs
[2022-09-02T11:52:32.484+0000] {logging_mixin.py:115} INFO - [2022-09-02T11:52:32.484+0000] {dag.py:2981} INFO - Setting next_dagrun for example_xcom_args to None, run_after=None
[2022-09-02T11:52:32.485+0000] {logging_mixin.py:115} INFO - [2022-09-02T11:52:32.485+0000] {dag.py:2981} INFO - Setting next_dagrun for example_xcom_args_with_operators to None, run_after=None
[2022-09-02T11:52:32.494+0000] {processor.py:161} INFO - Processing /home/airflow/.local/lib/python3.7/site-packages/airflow/example_dags/example_xcomargs.py took 0.100 seconds
[2022-09-02T11:53:03.079+0000] {processor.py:153} INFO - Started process (PID=2405) to work on /home/airflow/.local/lib/python3.7/site-packages/airflow/example_dags/example_xcomargs.py
[2022-09-02T11:53:03.081+0000] {processor.py:640} INFO - Processing file /home/airflow/.local/lib/python3.7/site-packages/airflow/example_dags/example_xcomargs.py for tasks to queue
[2022-09-02T11:53:03.082+0000] {logging_mixin.py:115} INFO - [2022-09-02T11:53:03.082+0000] {dagbag.py:508} INFO - Filling up the DagBag from /home/airflow/.local/lib/python3.7/site-packages/airflow/example_dags/example_xcomargs.py
[2022-09-02T11:53:03.095+0000] {processor.py:650} INFO - DAG(s) dict_keys(['example_xcom_args', 'example_xcom_args_with_operators']) retrieved from /home/airflow/.local/lib/python3.7/site-packages/airflow/example_dags/example_xcomargs.py
[2022-09-02T11:53:03.137+0000] {logging_mixin.py:115} INFO - [2022-09-02T11:53:03.137+0000] {dag.py:2429} INFO - Sync 2 DAGs
[2022-09-02T11:53:03.148+0000] {logging_mixin.py:115} INFO - [2022-09-02T11:53:03.148+0000] {dag.py:2981} INFO - Setting next_dagrun for example_xcom_args to None, run_after=None
[2022-09-02T11:53:03.149+0000] {logging_mixin.py:115} INFO - [2022-09-02T11:53:03.149+0000] {dag.py:2981} INFO - Setting next_dagrun for example_xcom_args_with_operators to None, run_after=None
[2022-09-02T11:53:03.157+0000] {processor.py:161} INFO - Processing /home/airflow/.local/lib/python3.7/site-packages/airflow/example_dags/example_xcomargs.py took 0.080 seconds
[2022-09-02T11:53:33.889+0000] {processor.py:153} INFO - Started process (PID=2601) to work on /home/airflow/.local/lib/python3.7/site-packages/airflow/example_dags/example_xcomargs.py
[2022-09-02T11:53:33.891+0000] {processor.py:640} INFO - Processing file /home/airflow/.local/lib/python3.7/site-packages/airflow/example_dags/example_xcomargs.py for tasks to queue
[2022-09-02T11:53:33.893+0000] {logging_mixin.py:115} INFO - [2022-09-02T11:53:33.893+0000] {dagbag.py:508} INFO - Filling up the DagBag from /home/airflow/.local/lib/python3.7/site-packages/airflow/example_dags/example_xcomargs.py
[2022-09-02T11:53:33.904+0000] {processor.py:650} INFO - DAG(s) dict_keys(['example_xcom_args', 'example_xcom_args_with_operators']) retrieved from /home/airflow/.local/lib/python3.7/site-packages/airflow/example_dags/example_xcomargs.py
[2022-09-02T11:53:33.948+0000] {logging_mixin.py:115} INFO - [2022-09-02T11:53:33.948+0000] {dag.py:2429} INFO - Sync 2 DAGs
[2022-09-02T11:53:33.961+0000] {logging_mixin.py:115} INFO - [2022-09-02T11:53:33.961+0000] {dag.py:2981} INFO - Setting next_dagrun for example_xcom_args to None, run_after=None
[2022-09-02T11:53:33.963+0000] {logging_mixin.py:115} INFO - [2022-09-02T11:53:33.963+0000] {dag.py:2981} INFO - Setting next_dagrun for example_xcom_args_with_operators to None, run_after=None
[2022-09-02T11:53:33.972+0000] {processor.py:161} INFO - Processing /home/airflow/.local/lib/python3.7/site-packages/airflow/example_dags/example_xcomargs.py took 0.085 seconds
[2022-09-02T11:54:04.650+0000] {processor.py:153} INFO - Started process (PID=2798) to work on /home/airflow/.local/lib/python3.7/site-packages/airflow/example_dags/example_xcomargs.py
[2022-09-02T11:54:04.652+0000] {processor.py:640} INFO - Processing file /home/airflow/.local/lib/python3.7/site-packages/airflow/example_dags/example_xcomargs.py for tasks to queue
[2022-09-02T11:54:04.654+0000] {logging_mixin.py:115} INFO - [2022-09-02T11:54:04.654+0000] {dagbag.py:508} INFO - Filling up the DagBag from /home/airflow/.local/lib/python3.7/site-packages/airflow/example_dags/example_xcomargs.py
[2022-09-02T11:54:04.666+0000] {processor.py:650} INFO - DAG(s) dict_keys(['example_xcom_args', 'example_xcom_args_with_operators']) retrieved from /home/airflow/.local/lib/python3.7/site-packages/airflow/example_dags/example_xcomargs.py
[2022-09-02T11:54:04.711+0000] {logging_mixin.py:115} INFO - [2022-09-02T11:54:04.711+0000] {dag.py:2429} INFO - Sync 2 DAGs
[2022-09-02T11:54:04.725+0000] {logging_mixin.py:115} INFO - [2022-09-02T11:54:04.725+0000] {dag.py:2981} INFO - Setting next_dagrun for example_xcom_args to None, run_after=None
[2022-09-02T11:54:04.726+0000] {logging_mixin.py:115} INFO - [2022-09-02T11:54:04.726+0000] {dag.py:2981} INFO - Setting next_dagrun for example_xcom_args_with_operators to None, run_after=None
[2022-09-02T11:54:04.735+0000] {processor.py:161} INFO - Processing /home/airflow/.local/lib/python3.7/site-packages/airflow/example_dags/example_xcomargs.py took 0.088 seconds
[2022-09-02T11:54:35.468+0000] {processor.py:153} INFO - Started process (PID=2994) to work on /home/airflow/.local/lib/python3.7/site-packages/airflow/example_dags/example_xcomargs.py
[2022-09-02T11:54:35.469+0000] {processor.py:640} INFO - Processing file /home/airflow/.local/lib/python3.7/site-packages/airflow/example_dags/example_xcomargs.py for tasks to queue
[2022-09-02T11:54:35.470+0000] {logging_mixin.py:115} INFO - [2022-09-02T11:54:35.470+0000] {dagbag.py:508} INFO - Filling up the DagBag from /home/airflow/.local/lib/python3.7/site-packages/airflow/example_dags/example_xcomargs.py
[2022-09-02T11:54:35.483+0000] {processor.py:650} INFO - DAG(s) dict_keys(['example_xcom_args', 'example_xcom_args_with_operators']) retrieved from /home/airflow/.local/lib/python3.7/site-packages/airflow/example_dags/example_xcomargs.py
[2022-09-02T11:54:35.502+0000] {logging_mixin.py:115} INFO - [2022-09-02T11:54:35.502+0000] {dag.py:2429} INFO - Sync 2 DAGs
[2022-09-02T11:54:35.518+0000] {logging_mixin.py:115} INFO - [2022-09-02T11:54:35.518+0000] {dag.py:2981} INFO - Setting next_dagrun for example_xcom_args to None, run_after=None
[2022-09-02T11:54:35.519+0000] {logging_mixin.py:115} INFO - [2022-09-02T11:54:35.519+0000] {dag.py:2981} INFO - Setting next_dagrun for example_xcom_args_with_operators to None, run_after=None
[2022-09-02T11:54:35.528+0000] {processor.py:161} INFO - Processing /home/airflow/.local/lib/python3.7/site-packages/airflow/example_dags/example_xcomargs.py took 0.062 seconds
[2022-09-02T11:55:06.240+0000] {processor.py:153} INFO - Started process (PID=3194) to work on /home/airflow/.local/lib/python3.7/site-packages/airflow/example_dags/example_xcomargs.py
[2022-09-02T11:55:06.251+0000] {processor.py:640} INFO - Processing file /home/airflow/.local/lib/python3.7/site-packages/airflow/example_dags/example_xcomargs.py for tasks to queue
[2022-09-02T11:55:06.252+0000] {logging_mixin.py:115} INFO - [2022-09-02T11:55:06.252+0000] {dagbag.py:508} INFO - Filling up the DagBag from /home/airflow/.local/lib/python3.7/site-packages/airflow/example_dags/example_xcomargs.py
[2022-09-02T11:55:06.263+0000] {processor.py:650} INFO - DAG(s) dict_keys(['example_xcom_args', 'example_xcom_args_with_operators']) retrieved from /home/airflow/.local/lib/python3.7/site-packages/airflow/example_dags/example_xcomargs.py
[2022-09-02T11:55:06.283+0000] {logging_mixin.py:115} INFO - [2022-09-02T11:55:06.283+0000] {dag.py:2429} INFO - Sync 2 DAGs
[2022-09-02T11:55:06.297+0000] {logging_mixin.py:115} INFO - [2022-09-02T11:55:06.297+0000] {dag.py:2981} INFO - Setting next_dagrun for example_xcom_args to None, run_after=None
[2022-09-02T11:55:06.298+0000] {logging_mixin.py:115} INFO - [2022-09-02T11:55:06.298+0000] {dag.py:2981} INFO - Setting next_dagrun for example_xcom_args_with_operators to None, run_after=None
[2022-09-02T11:55:06.306+0000] {processor.py:161} INFO - Processing /home/airflow/.local/lib/python3.7/site-packages/airflow/example_dags/example_xcomargs.py took 0.068 seconds
[2022-09-02T11:55:37.061+0000] {processor.py:153} INFO - Started process (PID=3390) to work on /home/airflow/.local/lib/python3.7/site-packages/airflow/example_dags/example_xcomargs.py
[2022-09-02T11:55:37.062+0000] {processor.py:640} INFO - Processing file /home/airflow/.local/lib/python3.7/site-packages/airflow/example_dags/example_xcomargs.py for tasks to queue
[2022-09-02T11:55:37.063+0000] {logging_mixin.py:115} INFO - [2022-09-02T11:55:37.063+0000] {dagbag.py:508} INFO - Filling up the DagBag from /home/airflow/.local/lib/python3.7/site-packages/airflow/example_dags/example_xcomargs.py
[2022-09-02T11:55:37.074+0000] {processor.py:650} INFO - DAG(s) dict_keys(['example_xcom_args', 'example_xcom_args_with_operators']) retrieved from /home/airflow/.local/lib/python3.7/site-packages/airflow/example_dags/example_xcomargs.py
[2022-09-02T11:55:37.094+0000] {logging_mixin.py:115} INFO - [2022-09-02T11:55:37.094+0000] {dag.py:2429} INFO - Sync 2 DAGs
[2022-09-02T11:55:37.110+0000] {logging_mixin.py:115} INFO - [2022-09-02T11:55:37.110+0000] {dag.py:2981} INFO - Setting next_dagrun for example_xcom_args to None, run_after=None
[2022-09-02T11:55:37.111+0000] {logging_mixin.py:115} INFO - [2022-09-02T11:55:37.111+0000] {dag.py:2981} INFO - Setting next_dagrun for example_xcom_args_with_operators to None, run_after=None
[2022-09-02T11:55:37.120+0000] {processor.py:161} INFO - Processing /home/airflow/.local/lib/python3.7/site-packages/airflow/example_dags/example_xcomargs.py took 0.062 seconds
[2022-09-02T11:56:07.835+0000] {processor.py:153} INFO - Started process (PID=3586) to work on /home/airflow/.local/lib/python3.7/site-packages/airflow/example_dags/example_xcomargs.py
[2022-09-02T11:56:07.837+0000] {processor.py:640} INFO - Processing file /home/airflow/.local/lib/python3.7/site-packages/airflow/example_dags/example_xcomargs.py for tasks to queue
[2022-09-02T11:56:07.838+0000] {logging_mixin.py:115} INFO - [2022-09-02T11:56:07.838+0000] {dagbag.py:508} INFO - Filling up the DagBag from /home/airflow/.local/lib/python3.7/site-packages/airflow/example_dags/example_xcomargs.py
[2022-09-02T11:56:07.849+0000] {processor.py:650} INFO - DAG(s) dict_keys(['example_xcom_args', 'example_xcom_args_with_operators']) retrieved from /home/airflow/.local/lib/python3.7/site-packages/airflow/example_dags/example_xcomargs.py
[2022-09-02T11:56:07.894+0000] {logging_mixin.py:115} INFO - [2022-09-02T11:56:07.894+0000] {dag.py:2429} INFO - Sync 2 DAGs
[2022-09-02T11:56:07.909+0000] {logging_mixin.py:115} INFO - [2022-09-02T11:56:07.909+0000] {dag.py:2981} INFO - Setting next_dagrun for example_xcom_args to None, run_after=None
[2022-09-02T11:56:07.910+0000] {logging_mixin.py:115} INFO - [2022-09-02T11:56:07.910+0000] {dag.py:2981} INFO - Setting next_dagrun for example_xcom_args_with_operators to None, run_after=None
[2022-09-02T11:56:07.919+0000] {processor.py:161} INFO - Processing /home/airflow/.local/lib/python3.7/site-packages/airflow/example_dags/example_xcomargs.py took 0.086 seconds
[2022-09-02T11:56:38.752+0000] {processor.py:153} INFO - Started process (PID=3773) to work on /home/airflow/.local/lib/python3.7/site-packages/airflow/example_dags/example_xcomargs.py
[2022-09-02T11:56:38.755+0000] {processor.py:640} INFO - Processing file /home/airflow/.local/lib/python3.7/site-packages/airflow/example_dags/example_xcomargs.py for tasks to queue
[2022-09-02T11:56:38.757+0000] {logging_mixin.py:115} INFO - [2022-09-02T11:56:38.757+0000] {dagbag.py:508} INFO - Filling up the DagBag from /home/airflow/.local/lib/python3.7/site-packages/airflow/example_dags/example_xcomargs.py
[2022-09-02T11:56:38.769+0000] {processor.py:650} INFO - DAG(s) dict_keys(['example_xcom_args', 'example_xcom_args_with_operators']) retrieved from /home/airflow/.local/lib/python3.7/site-packages/airflow/example_dags/example_xcomargs.py
[2022-09-02T11:56:38.789+0000] {logging_mixin.py:115} INFO - [2022-09-02T11:56:38.789+0000] {dag.py:2429} INFO - Sync 2 DAGs
[2022-09-02T11:56:38.806+0000] {logging_mixin.py:115} INFO - [2022-09-02T11:56:38.806+0000] {dag.py:2981} INFO - Setting next_dagrun for example_xcom_args to None, run_after=None
[2022-09-02T11:56:38.807+0000] {logging_mixin.py:115} INFO - [2022-09-02T11:56:38.807+0000] {dag.py:2981} INFO - Setting next_dagrun for example_xcom_args_with_operators to None, run_after=None
[2022-09-02T11:56:38.815+0000] {processor.py:161} INFO - Processing /home/airflow/.local/lib/python3.7/site-packages/airflow/example_dags/example_xcomargs.py took 0.065 seconds
[2022-09-02T11:57:09.488+0000] {processor.py:153} INFO - Started process (PID=3970) to work on /home/airflow/.local/lib/python3.7/site-packages/airflow/example_dags/example_xcomargs.py
[2022-09-02T11:57:09.489+0000] {processor.py:640} INFO - Processing file /home/airflow/.local/lib/python3.7/site-packages/airflow/example_dags/example_xcomargs.py for tasks to queue
[2022-09-02T11:57:09.490+0000] {logging_mixin.py:115} INFO - [2022-09-02T11:57:09.490+0000] {dagbag.py:508} INFO - Filling up the DagBag from /home/airflow/.local/lib/python3.7/site-packages/airflow/example_dags/example_xcomargs.py
[2022-09-02T11:57:09.501+0000] {processor.py:650} INFO - DAG(s) dict_keys(['example_xcom_args', 'example_xcom_args_with_operators']) retrieved from /home/airflow/.local/lib/python3.7/site-packages/airflow/example_dags/example_xcomargs.py
[2022-09-02T11:57:09.543+0000] {logging_mixin.py:115} INFO - [2022-09-02T11:57:09.543+0000] {dag.py:2429} INFO - Sync 2 DAGs
[2022-09-02T11:57:09.556+0000] {logging_mixin.py:115} INFO - [2022-09-02T11:57:09.556+0000] {dag.py:2981} INFO - Setting next_dagrun for example_xcom_args to None, run_after=None
[2022-09-02T11:57:09.558+0000] {logging_mixin.py:115} INFO - [2022-09-02T11:57:09.558+0000] {dag.py:2981} INFO - Setting next_dagrun for example_xcom_args_with_operators to None, run_after=None
[2022-09-02T11:57:09.568+0000] {processor.py:161} INFO - Processing /home/airflow/.local/lib/python3.7/site-packages/airflow/example_dags/example_xcomargs.py took 0.082 seconds
[2022-09-02T11:57:40.385+0000] {processor.py:153} INFO - Started process (PID=4165) to work on /home/airflow/.local/lib/python3.7/site-packages/airflow/example_dags/example_xcomargs.py
[2022-09-02T11:57:40.387+0000] {processor.py:640} INFO - Processing file /home/airflow/.local/lib/python3.7/site-packages/airflow/example_dags/example_xcomargs.py for tasks to queue
[2022-09-02T11:57:40.388+0000] {logging_mixin.py:115} INFO - [2022-09-02T11:57:40.388+0000] {dagbag.py:508} INFO - Filling up the DagBag from /home/airflow/.local/lib/python3.7/site-packages/airflow/example_dags/example_xcomargs.py
[2022-09-02T11:57:40.401+0000] {processor.py:650} INFO - DAG(s) dict_keys(['example_xcom_args', 'example_xcom_args_with_operators']) retrieved from /home/airflow/.local/lib/python3.7/site-packages/airflow/example_dags/example_xcomargs.py
[2022-09-02T11:57:40.456+0000] {logging_mixin.py:115} INFO - [2022-09-02T11:57:40.456+0000] {dag.py:2429} INFO - Sync 2 DAGs
[2022-09-02T11:57:40.469+0000] {logging_mixin.py:115} INFO - [2022-09-02T11:57:40.469+0000] {dag.py:2981} INFO - Setting next_dagrun for example_xcom_args to None, run_after=None
[2022-09-02T11:57:40.471+0000] {logging_mixin.py:115} INFO - [2022-09-02T11:57:40.471+0000] {dag.py:2981} INFO - Setting next_dagrun for example_xcom_args_with_operators to None, run_after=None
[2022-09-02T11:57:40.480+0000] {processor.py:161} INFO - Processing /home/airflow/.local/lib/python3.7/site-packages/airflow/example_dags/example_xcomargs.py took 0.098 seconds
[2022-09-02T11:58:11.295+0000] {processor.py:153} INFO - Started process (PID=4364) to work on /home/airflow/.local/lib/python3.7/site-packages/airflow/example_dags/example_xcomargs.py
[2022-09-02T11:58:11.297+0000] {processor.py:640} INFO - Processing file /home/airflow/.local/lib/python3.7/site-packages/airflow/example_dags/example_xcomargs.py for tasks to queue
[2022-09-02T11:58:11.298+0000] {logging_mixin.py:115} INFO - [2022-09-02T11:58:11.298+0000] {dagbag.py:508} INFO - Filling up the DagBag from /home/airflow/.local/lib/python3.7/site-packages/airflow/example_dags/example_xcomargs.py
[2022-09-02T11:58:11.310+0000] {processor.py:650} INFO - DAG(s) dict_keys(['example_xcom_args', 'example_xcom_args_with_operators']) retrieved from /home/airflow/.local/lib/python3.7/site-packages/airflow/example_dags/example_xcomargs.py
[2022-09-02T11:58:11.353+0000] {logging_mixin.py:115} INFO - [2022-09-02T11:58:11.353+0000] {dag.py:2429} INFO - Sync 2 DAGs
[2022-09-02T11:58:11.365+0000] {logging_mixin.py:115} INFO - [2022-09-02T11:58:11.365+0000] {dag.py:2981} INFO - Setting next_dagrun for example_xcom_args to None, run_after=None
[2022-09-02T11:58:11.366+0000] {logging_mixin.py:115} INFO - [2022-09-02T11:58:11.366+0000] {dag.py:2981} INFO - Setting next_dagrun for example_xcom_args_with_operators to None, run_after=None
[2022-09-02T11:58:11.375+0000] {processor.py:161} INFO - Processing /home/airflow/.local/lib/python3.7/site-packages/airflow/example_dags/example_xcomargs.py took 0.082 seconds
[2022-09-02T11:58:42.026+0000] {processor.py:153} INFO - Started process (PID=4559) to work on /home/airflow/.local/lib/python3.7/site-packages/airflow/example_dags/example_xcomargs.py
[2022-09-02T11:58:42.028+0000] {processor.py:640} INFO - Processing file /home/airflow/.local/lib/python3.7/site-packages/airflow/example_dags/example_xcomargs.py for tasks to queue
[2022-09-02T11:58:42.029+0000] {logging_mixin.py:115} INFO - [2022-09-02T11:58:42.028+0000] {dagbag.py:508} INFO - Filling up the DagBag from /home/airflow/.local/lib/python3.7/site-packages/airflow/example_dags/example_xcomargs.py
[2022-09-02T11:58:42.040+0000] {processor.py:650} INFO - DAG(s) dict_keys(['example_xcom_args', 'example_xcom_args_with_operators']) retrieved from /home/airflow/.local/lib/python3.7/site-packages/airflow/example_dags/example_xcomargs.py
[2022-09-02T11:58:42.081+0000] {logging_mixin.py:115} INFO - [2022-09-02T11:58:42.081+0000] {dag.py:2429} INFO - Sync 2 DAGs
[2022-09-02T11:58:42.095+0000] {logging_mixin.py:115} INFO - [2022-09-02T11:58:42.094+0000] {dag.py:2981} INFO - Setting next_dagrun for example_xcom_args to None, run_after=None
[2022-09-02T11:58:42.096+0000] {logging_mixin.py:115} INFO - [2022-09-02T11:58:42.096+0000] {dag.py:2981} INFO - Setting next_dagrun for example_xcom_args_with_operators to None, run_after=None
[2022-09-02T11:58:42.107+0000] {processor.py:161} INFO - Processing /home/airflow/.local/lib/python3.7/site-packages/airflow/example_dags/example_xcomargs.py took 0.083 seconds
[2022-09-02T11:59:12.984+0000] {processor.py:153} INFO - Started process (PID=4756) to work on /home/airflow/.local/lib/python3.7/site-packages/airflow/example_dags/example_xcomargs.py
[2022-09-02T11:59:12.988+0000] {processor.py:640} INFO - Processing file /home/airflow/.local/lib/python3.7/site-packages/airflow/example_dags/example_xcomargs.py for tasks to queue
[2022-09-02T11:59:12.989+0000] {logging_mixin.py:115} INFO - [2022-09-02T11:59:12.989+0000] {dagbag.py:508} INFO - Filling up the DagBag from /home/airflow/.local/lib/python3.7/site-packages/airflow/example_dags/example_xcomargs.py
[2022-09-02T11:59:13.006+0000] {processor.py:650} INFO - DAG(s) dict_keys(['example_xcom_args', 'example_xcom_args_with_operators']) retrieved from /home/airflow/.local/lib/python3.7/site-packages/airflow/example_dags/example_xcomargs.py
[2022-09-02T11:59:13.035+0000] {logging_mixin.py:115} INFO - [2022-09-02T11:59:13.035+0000] {dag.py:2429} INFO - Sync 2 DAGs
[2022-09-02T11:59:13.052+0000] {logging_mixin.py:115} INFO - [2022-09-02T11:59:13.052+0000] {dag.py:2981} INFO - Setting next_dagrun for example_xcom_args to None, run_after=None
[2022-09-02T11:59:13.053+0000] {logging_mixin.py:115} INFO - [2022-09-02T11:59:13.053+0000] {dag.py:2981} INFO - Setting next_dagrun for example_xcom_args_with_operators to None, run_after=None
[2022-09-02T11:59:13.064+0000] {processor.py:161} INFO - Processing /home/airflow/.local/lib/python3.7/site-packages/airflow/example_dags/example_xcomargs.py took 0.083 seconds
[2022-09-02T11:59:43.819+0000] {processor.py:153} INFO - Started process (PID=4946) to work on /home/airflow/.local/lib/python3.7/site-packages/airflow/example_dags/example_xcomargs.py
[2022-09-02T11:59:43.820+0000] {processor.py:640} INFO - Processing file /home/airflow/.local/lib/python3.7/site-packages/airflow/example_dags/example_xcomargs.py for tasks to queue
[2022-09-02T11:59:43.822+0000] {logging_mixin.py:115} INFO - [2022-09-02T11:59:43.821+0000] {dagbag.py:508} INFO - Filling up the DagBag from /home/airflow/.local/lib/python3.7/site-packages/airflow/example_dags/example_xcomargs.py
[2022-09-02T11:59:43.834+0000] {processor.py:650} INFO - DAG(s) dict_keys(['example_xcom_args', 'example_xcom_args_with_operators']) retrieved from /home/airflow/.local/lib/python3.7/site-packages/airflow/example_dags/example_xcomargs.py
[2022-09-02T11:59:43.875+0000] {logging_mixin.py:115} INFO - [2022-09-02T11:59:43.875+0000] {dag.py:2429} INFO - Sync 2 DAGs
[2022-09-02T11:59:43.887+0000] {logging_mixin.py:115} INFO - [2022-09-02T11:59:43.887+0000] {dag.py:2981} INFO - Setting next_dagrun for example_xcom_args to None, run_after=None
[2022-09-02T11:59:43.888+0000] {logging_mixin.py:115} INFO - [2022-09-02T11:59:43.888+0000] {dag.py:2981} INFO - Setting next_dagrun for example_xcom_args_with_operators to None, run_after=None
[2022-09-02T11:59:43.896+0000] {processor.py:161} INFO - Processing /home/airflow/.local/lib/python3.7/site-packages/airflow/example_dags/example_xcomargs.py took 0.079 seconds
[2022-09-02T12:00:14.659+0000] {processor.py:153} INFO - Started process (PID=5141) to work on /home/airflow/.local/lib/python3.7/site-packages/airflow/example_dags/example_xcomargs.py
[2022-09-02T12:00:14.661+0000] {processor.py:640} INFO - Processing file /home/airflow/.local/lib/python3.7/site-packages/airflow/example_dags/example_xcomargs.py for tasks to queue
[2022-09-02T12:00:14.662+0000] {logging_mixin.py:115} INFO - [2022-09-02T12:00:14.662+0000] {dagbag.py:508} INFO - Filling up the DagBag from /home/airflow/.local/lib/python3.7/site-packages/airflow/example_dags/example_xcomargs.py
[2022-09-02T12:00:14.673+0000] {processor.py:650} INFO - DAG(s) dict_keys(['example_xcom_args', 'example_xcom_args_with_operators']) retrieved from /home/airflow/.local/lib/python3.7/site-packages/airflow/example_dags/example_xcomargs.py
[2022-09-02T12:00:14.719+0000] {logging_mixin.py:115} INFO - [2022-09-02T12:00:14.718+0000] {dag.py:2429} INFO - Sync 2 DAGs
[2022-09-02T12:00:14.730+0000] {logging_mixin.py:115} INFO - [2022-09-02T12:00:14.730+0000] {dag.py:2981} INFO - Setting next_dagrun for example_xcom_args to None, run_after=None
[2022-09-02T12:00:14.732+0000] {logging_mixin.py:115} INFO - [2022-09-02T12:00:14.732+0000] {dag.py:2981} INFO - Setting next_dagrun for example_xcom_args_with_operators to None, run_after=None
[2022-09-02T12:00:14.741+0000] {processor.py:161} INFO - Processing /home/airflow/.local/lib/python3.7/site-packages/airflow/example_dags/example_xcomargs.py took 0.084 seconds
[2022-09-02T12:00:45.491+0000] {processor.py:153} INFO - Started process (PID=5338) to work on /home/airflow/.local/lib/python3.7/site-packages/airflow/example_dags/example_xcomargs.py
[2022-09-02T12:00:45.528+0000] {processor.py:640} INFO - Processing file /home/airflow/.local/lib/python3.7/site-packages/airflow/example_dags/example_xcomargs.py for tasks to queue
[2022-09-02T12:00:45.530+0000] {logging_mixin.py:115} INFO - [2022-09-02T12:00:45.530+0000] {dagbag.py:508} INFO - Filling up the DagBag from /home/airflow/.local/lib/python3.7/site-packages/airflow/example_dags/example_xcomargs.py
[2022-09-02T12:00:45.541+0000] {processor.py:650} INFO - DAG(s) dict_keys(['example_xcom_args', 'example_xcom_args_with_operators']) retrieved from /home/airflow/.local/lib/python3.7/site-packages/airflow/example_dags/example_xcomargs.py
[2022-09-02T12:00:45.561+0000] {logging_mixin.py:115} INFO - [2022-09-02T12:00:45.561+0000] {dag.py:2429} INFO - Sync 2 DAGs
[2022-09-02T12:00:45.577+0000] {logging_mixin.py:115} INFO - [2022-09-02T12:00:45.577+0000] {dag.py:2981} INFO - Setting next_dagrun for example_xcom_args to None, run_after=None
[2022-09-02T12:00:45.578+0000] {logging_mixin.py:115} INFO - [2022-09-02T12:00:45.578+0000] {dag.py:2981} INFO - Setting next_dagrun for example_xcom_args_with_operators to None, run_after=None
[2022-09-02T12:00:45.586+0000] {processor.py:161} INFO - Processing /home/airflow/.local/lib/python3.7/site-packages/airflow/example_dags/example_xcomargs.py took 0.097 seconds
[2022-09-02T12:01:16.148+0000] {processor.py:153} INFO - Started process (PID=5537) to work on /home/airflow/.local/lib/python3.7/site-packages/airflow/example_dags/example_xcomargs.py
[2022-09-02T12:01:16.150+0000] {processor.py:640} INFO - Processing file /home/airflow/.local/lib/python3.7/site-packages/airflow/example_dags/example_xcomargs.py for tasks to queue
[2022-09-02T12:01:16.152+0000] {logging_mixin.py:115} INFO - [2022-09-02T12:01:16.151+0000] {dagbag.py:508} INFO - Filling up the DagBag from /home/airflow/.local/lib/python3.7/site-packages/airflow/example_dags/example_xcomargs.py
[2022-09-02T12:01:16.164+0000] {processor.py:650} INFO - DAG(s) dict_keys(['example_xcom_args', 'example_xcom_args_with_operators']) retrieved from /home/airflow/.local/lib/python3.7/site-packages/airflow/example_dags/example_xcomargs.py
[2022-09-02T12:01:16.183+0000] {logging_mixin.py:115} INFO - [2022-09-02T12:01:16.183+0000] {dag.py:2429} INFO - Sync 2 DAGs
[2022-09-02T12:01:16.198+0000] {logging_mixin.py:115} INFO - [2022-09-02T12:01:16.198+0000] {dag.py:2981} INFO - Setting next_dagrun for example_xcom_args to None, run_after=None
[2022-09-02T12:01:16.200+0000] {logging_mixin.py:115} INFO - [2022-09-02T12:01:16.199+0000] {dag.py:2981} INFO - Setting next_dagrun for example_xcom_args_with_operators to None, run_after=None
[2022-09-02T12:01:16.207+0000] {processor.py:161} INFO - Processing /home/airflow/.local/lib/python3.7/site-packages/airflow/example_dags/example_xcomargs.py took 0.061 seconds
[2022-09-02T12:01:46.915+0000] {processor.py:153} INFO - Started process (PID=5732) to work on /home/airflow/.local/lib/python3.7/site-packages/airflow/example_dags/example_xcomargs.py
[2022-09-02T12:01:46.916+0000] {processor.py:640} INFO - Processing file /home/airflow/.local/lib/python3.7/site-packages/airflow/example_dags/example_xcomargs.py for tasks to queue
[2022-09-02T12:01:46.917+0000] {logging_mixin.py:115} INFO - [2022-09-02T12:01:46.917+0000] {dagbag.py:508} INFO - Filling up the DagBag from /home/airflow/.local/lib/python3.7/site-packages/airflow/example_dags/example_xcomargs.py
[2022-09-02T12:01:46.929+0000] {processor.py:650} INFO - DAG(s) dict_keys(['example_xcom_args', 'example_xcom_args_with_operators']) retrieved from /home/airflow/.local/lib/python3.7/site-packages/airflow/example_dags/example_xcomargs.py
[2022-09-02T12:01:46.950+0000] {logging_mixin.py:115} INFO - [2022-09-02T12:01:46.950+0000] {dag.py:2429} INFO - Sync 2 DAGs
[2022-09-02T12:01:46.964+0000] {logging_mixin.py:115} INFO - [2022-09-02T12:01:46.964+0000] {dag.py:2981} INFO - Setting next_dagrun for example_xcom_args to None, run_after=None
[2022-09-02T12:01:46.966+0000] {logging_mixin.py:115} INFO - [2022-09-02T12:01:46.966+0000] {dag.py:2981} INFO - Setting next_dagrun for example_xcom_args_with_operators to None, run_after=None
[2022-09-02T12:01:46.974+0000] {processor.py:161} INFO - Processing /home/airflow/.local/lib/python3.7/site-packages/airflow/example_dags/example_xcomargs.py took 0.062 seconds
[2022-09-02T12:02:17.725+0000] {processor.py:153} INFO - Started process (PID=5947) to work on /home/airflow/.local/lib/python3.7/site-packages/airflow/example_dags/example_xcomargs.py
[2022-09-02T12:02:17.727+0000] {processor.py:640} INFO - Processing file /home/airflow/.local/lib/python3.7/site-packages/airflow/example_dags/example_xcomargs.py for tasks to queue
[2022-09-02T12:02:17.729+0000] {logging_mixin.py:115} INFO - [2022-09-02T12:02:17.728+0000] {dagbag.py:508} INFO - Filling up the DagBag from /home/airflow/.local/lib/python3.7/site-packages/airflow/example_dags/example_xcomargs.py
[2022-09-02T12:02:17.739+0000] {processor.py:650} INFO - DAG(s) dict_keys(['example_xcom_args', 'example_xcom_args_with_operators']) retrieved from /home/airflow/.local/lib/python3.7/site-packages/airflow/example_dags/example_xcomargs.py
[2022-09-02T12:02:17.782+0000] {logging_mixin.py:115} INFO - [2022-09-02T12:02:17.782+0000] {dag.py:2429} INFO - Sync 2 DAGs
[2022-09-02T12:02:17.795+0000] {logging_mixin.py:115} INFO - [2022-09-02T12:02:17.795+0000] {dag.py:2981} INFO - Setting next_dagrun for example_xcom_args to None, run_after=None
[2022-09-02T12:02:17.797+0000] {logging_mixin.py:115} INFO - [2022-09-02T12:02:17.797+0000] {dag.py:2981} INFO - Setting next_dagrun for example_xcom_args_with_operators to None, run_after=None
[2022-09-02T12:02:17.806+0000] {processor.py:161} INFO - Processing /home/airflow/.local/lib/python3.7/site-packages/airflow/example_dags/example_xcomargs.py took 0.083 seconds
[2022-09-02T12:02:48.644+0000] {processor.py:153} INFO - Started process (PID=6144) to work on /home/airflow/.local/lib/python3.7/site-packages/airflow/example_dags/example_xcomargs.py
[2022-09-02T12:02:48.645+0000] {processor.py:640} INFO - Processing file /home/airflow/.local/lib/python3.7/site-packages/airflow/example_dags/example_xcomargs.py for tasks to queue
[2022-09-02T12:02:48.646+0000] {logging_mixin.py:115} INFO - [2022-09-02T12:02:48.646+0000] {dagbag.py:508} INFO - Filling up the DagBag from /home/airflow/.local/lib/python3.7/site-packages/airflow/example_dags/example_xcomargs.py
[2022-09-02T12:02:48.658+0000] {processor.py:650} INFO - DAG(s) dict_keys(['example_xcom_args', 'example_xcom_args_with_operators']) retrieved from /home/airflow/.local/lib/python3.7/site-packages/airflow/example_dags/example_xcomargs.py
[2022-09-02T12:02:48.706+0000] {logging_mixin.py:115} INFO - [2022-09-02T12:02:48.706+0000] {dag.py:2429} INFO - Sync 2 DAGs
[2022-09-02T12:02:48.720+0000] {logging_mixin.py:115} INFO - [2022-09-02T12:02:48.720+0000] {dag.py:2981} INFO - Setting next_dagrun for example_xcom_args to None, run_after=None
[2022-09-02T12:02:48.722+0000] {logging_mixin.py:115} INFO - [2022-09-02T12:02:48.721+0000] {dag.py:2981} INFO - Setting next_dagrun for example_xcom_args_with_operators to None, run_after=None
[2022-09-02T12:02:48.732+0000] {processor.py:161} INFO - Processing /home/airflow/.local/lib/python3.7/site-packages/airflow/example_dags/example_xcomargs.py took 0.091 seconds
[2022-09-02T12:03:19.421+0000] {processor.py:153} INFO - Started process (PID=6332) to work on /home/airflow/.local/lib/python3.7/site-packages/airflow/example_dags/example_xcomargs.py
[2022-09-02T12:03:19.422+0000] {processor.py:640} INFO - Processing file /home/airflow/.local/lib/python3.7/site-packages/airflow/example_dags/example_xcomargs.py for tasks to queue
[2022-09-02T12:03:19.424+0000] {logging_mixin.py:115} INFO - [2022-09-02T12:03:19.424+0000] {dagbag.py:508} INFO - Filling up the DagBag from /home/airflow/.local/lib/python3.7/site-packages/airflow/example_dags/example_xcomargs.py
[2022-09-02T12:03:19.435+0000] {processor.py:650} INFO - DAG(s) dict_keys(['example_xcom_args', 'example_xcom_args_with_operators']) retrieved from /home/airflow/.local/lib/python3.7/site-packages/airflow/example_dags/example_xcomargs.py
[2022-09-02T12:03:19.477+0000] {logging_mixin.py:115} INFO - [2022-09-02T12:03:19.477+0000] {dag.py:2429} INFO - Sync 2 DAGs
[2022-09-02T12:03:19.491+0000] {logging_mixin.py:115} INFO - [2022-09-02T12:03:19.491+0000] {dag.py:2981} INFO - Setting next_dagrun for example_xcom_args to None, run_after=None
[2022-09-02T12:03:19.492+0000] {logging_mixin.py:115} INFO - [2022-09-02T12:03:19.492+0000] {dag.py:2981} INFO - Setting next_dagrun for example_xcom_args_with_operators to None, run_after=None
[2022-09-02T12:03:19.500+0000] {processor.py:161} INFO - Processing /home/airflow/.local/lib/python3.7/site-packages/airflow/example_dags/example_xcomargs.py took 0.081 seconds
[2022-09-02T12:03:50.222+0000] {processor.py:153} INFO - Started process (PID=6528) to work on /home/airflow/.local/lib/python3.7/site-packages/airflow/example_dags/example_xcomargs.py
[2022-09-02T12:03:50.224+0000] {processor.py:640} INFO - Processing file /home/airflow/.local/lib/python3.7/site-packages/airflow/example_dags/example_xcomargs.py for tasks to queue
[2022-09-02T12:03:50.226+0000] {logging_mixin.py:115} INFO - [2022-09-02T12:03:50.225+0000] {dagbag.py:508} INFO - Filling up the DagBag from /home/airflow/.local/lib/python3.7/site-packages/airflow/example_dags/example_xcomargs.py
[2022-09-02T12:03:50.237+0000] {processor.py:650} INFO - DAG(s) dict_keys(['example_xcom_args', 'example_xcom_args_with_operators']) retrieved from /home/airflow/.local/lib/python3.7/site-packages/airflow/example_dags/example_xcomargs.py
[2022-09-02T12:03:50.256+0000] {logging_mixin.py:115} INFO - [2022-09-02T12:03:50.256+0000] {dag.py:2429} INFO - Sync 2 DAGs
[2022-09-02T12:03:50.273+0000] {logging_mixin.py:115} INFO - [2022-09-02T12:03:50.273+0000] {dag.py:2981} INFO - Setting next_dagrun for example_xcom_args to None, run_after=None
[2022-09-02T12:03:50.275+0000] {logging_mixin.py:115} INFO - [2022-09-02T12:03:50.274+0000] {dag.py:2981} INFO - Setting next_dagrun for example_xcom_args_with_operators to None, run_after=None
[2022-09-02T12:03:50.284+0000] {processor.py:161} INFO - Processing /home/airflow/.local/lib/python3.7/site-packages/airflow/example_dags/example_xcomargs.py took 0.063 seconds
[2022-09-02T12:04:20.926+0000] {processor.py:153} INFO - Started process (PID=6726) to work on /home/airflow/.local/lib/python3.7/site-packages/airflow/example_dags/example_xcomargs.py
[2022-09-02T12:04:20.929+0000] {processor.py:640} INFO - Processing file /home/airflow/.local/lib/python3.7/site-packages/airflow/example_dags/example_xcomargs.py for tasks to queue
[2022-09-02T12:04:20.930+0000] {logging_mixin.py:115} INFO - [2022-09-02T12:04:20.930+0000] {dagbag.py:508} INFO - Filling up the DagBag from /home/airflow/.local/lib/python3.7/site-packages/airflow/example_dags/example_xcomargs.py
[2022-09-02T12:04:20.943+0000] {processor.py:650} INFO - DAG(s) dict_keys(['example_xcom_args', 'example_xcom_args_with_operators']) retrieved from /home/airflow/.local/lib/python3.7/site-packages/airflow/example_dags/example_xcomargs.py
[2022-09-02T12:04:20.965+0000] {logging_mixin.py:115} INFO - [2022-09-02T12:04:20.964+0000] {dag.py:2429} INFO - Sync 2 DAGs
[2022-09-02T12:04:20.985+0000] {logging_mixin.py:115} INFO - [2022-09-02T12:04:20.985+0000] {dag.py:2981} INFO - Setting next_dagrun for example_xcom_args to None, run_after=None
[2022-09-02T12:04:20.987+0000] {logging_mixin.py:115} INFO - [2022-09-02T12:04:20.987+0000] {dag.py:2981} INFO - Setting next_dagrun for example_xcom_args_with_operators to None, run_after=None
[2022-09-02T12:04:20.998+0000] {processor.py:161} INFO - Processing /home/airflow/.local/lib/python3.7/site-packages/airflow/example_dags/example_xcomargs.py took 0.074 seconds
[2022-09-02T12:04:51.813+0000] {processor.py:153} INFO - Started process (PID=6925) to work on /home/airflow/.local/lib/python3.7/site-packages/airflow/example_dags/example_xcomargs.py
[2022-09-02T12:04:51.815+0000] {processor.py:640} INFO - Processing file /home/airflow/.local/lib/python3.7/site-packages/airflow/example_dags/example_xcomargs.py for tasks to queue
[2022-09-02T12:04:51.816+0000] {logging_mixin.py:115} INFO - [2022-09-02T12:04:51.816+0000] {dagbag.py:508} INFO - Filling up the DagBag from /home/airflow/.local/lib/python3.7/site-packages/airflow/example_dags/example_xcomargs.py
[2022-09-02T12:04:51.827+0000] {processor.py:650} INFO - DAG(s) dict_keys(['example_xcom_args', 'example_xcom_args_with_operators']) retrieved from /home/airflow/.local/lib/python3.7/site-packages/airflow/example_dags/example_xcomargs.py
[2022-09-02T12:04:51.865+0000] {logging_mixin.py:115} INFO - [2022-09-02T12:04:51.865+0000] {dag.py:2429} INFO - Sync 2 DAGs
[2022-09-02T12:04:51.876+0000] {logging_mixin.py:115} INFO - [2022-09-02T12:04:51.876+0000] {dag.py:2981} INFO - Setting next_dagrun for example_xcom_args to None, run_after=None
[2022-09-02T12:04:51.878+0000] {logging_mixin.py:115} INFO - [2022-09-02T12:04:51.877+0000] {dag.py:2981} INFO - Setting next_dagrun for example_xcom_args_with_operators to None, run_after=None
[2022-09-02T12:04:51.886+0000] {processor.py:161} INFO - Processing /home/airflow/.local/lib/python3.7/site-packages/airflow/example_dags/example_xcomargs.py took 0.075 seconds
[2022-09-02T12:05:22.625+0000] {processor.py:153} INFO - Started process (PID=7121) to work on /home/airflow/.local/lib/python3.7/site-packages/airflow/example_dags/example_xcomargs.py
[2022-09-02T12:05:22.627+0000] {processor.py:640} INFO - Processing file /home/airflow/.local/lib/python3.7/site-packages/airflow/example_dags/example_xcomargs.py for tasks to queue
[2022-09-02T12:05:22.629+0000] {logging_mixin.py:115} INFO - [2022-09-02T12:05:22.629+0000] {dagbag.py:508} INFO - Filling up the DagBag from /home/airflow/.local/lib/python3.7/site-packages/airflow/example_dags/example_xcomargs.py
[2022-09-02T12:05:22.641+0000] {processor.py:650} INFO - DAG(s) dict_keys(['example_xcom_args', 'example_xcom_args_with_operators']) retrieved from /home/airflow/.local/lib/python3.7/site-packages/airflow/example_dags/example_xcomargs.py
[2022-09-02T12:05:22.663+0000] {logging_mixin.py:115} INFO - [2022-09-02T12:05:22.663+0000] {dag.py:2429} INFO - Sync 2 DAGs
[2022-09-02T12:05:22.679+0000] {logging_mixin.py:115} INFO - [2022-09-02T12:05:22.679+0000] {dag.py:2981} INFO - Setting next_dagrun for example_xcom_args to None, run_after=None
[2022-09-02T12:05:22.681+0000] {logging_mixin.py:115} INFO - [2022-09-02T12:05:22.681+0000] {dag.py:2981} INFO - Setting next_dagrun for example_xcom_args_with_operators to None, run_after=None
[2022-09-02T12:05:22.692+0000] {processor.py:161} INFO - Processing /home/airflow/.local/lib/python3.7/site-packages/airflow/example_dags/example_xcomargs.py took 0.069 seconds
[2022-09-02T12:05:53.393+0000] {processor.py:153} INFO - Started process (PID=7320) to work on /home/airflow/.local/lib/python3.7/site-packages/airflow/example_dags/example_xcomargs.py
[2022-09-02T12:05:53.395+0000] {processor.py:640} INFO - Processing file /home/airflow/.local/lib/python3.7/site-packages/airflow/example_dags/example_xcomargs.py for tasks to queue
[2022-09-02T12:05:53.396+0000] {logging_mixin.py:115} INFO - [2022-09-02T12:05:53.396+0000] {dagbag.py:508} INFO - Filling up the DagBag from /home/airflow/.local/lib/python3.7/site-packages/airflow/example_dags/example_xcomargs.py
[2022-09-02T12:05:53.408+0000] {processor.py:650} INFO - DAG(s) dict_keys(['example_xcom_args', 'example_xcom_args_with_operators']) retrieved from /home/airflow/.local/lib/python3.7/site-packages/airflow/example_dags/example_xcomargs.py
[2022-09-02T12:05:53.452+0000] {logging_mixin.py:115} INFO - [2022-09-02T12:05:53.452+0000] {dag.py:2429} INFO - Sync 2 DAGs
[2022-09-02T12:05:53.465+0000] {logging_mixin.py:115} INFO - [2022-09-02T12:05:53.464+0000] {dag.py:2981} INFO - Setting next_dagrun for example_xcom_args to None, run_after=None
[2022-09-02T12:05:53.466+0000] {logging_mixin.py:115} INFO - [2022-09-02T12:05:53.466+0000] {dag.py:2981} INFO - Setting next_dagrun for example_xcom_args_with_operators to None, run_after=None
[2022-09-02T12:05:53.476+0000] {processor.py:161} INFO - Processing /home/airflow/.local/lib/python3.7/site-packages/airflow/example_dags/example_xcomargs.py took 0.085 seconds
[2022-09-02T12:06:24.288+0000] {processor.py:153} INFO - Started process (PID=7509) to work on /home/airflow/.local/lib/python3.7/site-packages/airflow/example_dags/example_xcomargs.py
[2022-09-02T12:06:24.289+0000] {processor.py:640} INFO - Processing file /home/airflow/.local/lib/python3.7/site-packages/airflow/example_dags/example_xcomargs.py for tasks to queue
[2022-09-02T12:06:24.291+0000] {logging_mixin.py:115} INFO - [2022-09-02T12:06:24.291+0000] {dagbag.py:508} INFO - Filling up the DagBag from /home/airflow/.local/lib/python3.7/site-packages/airflow/example_dags/example_xcomargs.py
[2022-09-02T12:06:24.302+0000] {processor.py:650} INFO - DAG(s) dict_keys(['example_xcom_args', 'example_xcom_args_with_operators']) retrieved from /home/airflow/.local/lib/python3.7/site-packages/airflow/example_dags/example_xcomargs.py
[2022-09-02T12:06:24.343+0000] {logging_mixin.py:115} INFO - [2022-09-02T12:06:24.343+0000] {dag.py:2429} INFO - Sync 2 DAGs
[2022-09-02T12:06:24.355+0000] {logging_mixin.py:115} INFO - [2022-09-02T12:06:24.355+0000] {dag.py:2981} INFO - Setting next_dagrun for example_xcom_args to None, run_after=None
[2022-09-02T12:06:24.357+0000] {logging_mixin.py:115} INFO - [2022-09-02T12:06:24.357+0000] {dag.py:2981} INFO - Setting next_dagrun for example_xcom_args_with_operators to None, run_after=None
[2022-09-02T12:06:24.365+0000] {processor.py:161} INFO - Processing /home/airflow/.local/lib/python3.7/site-packages/airflow/example_dags/example_xcomargs.py took 0.080 seconds
[2022-09-02T12:06:55.081+0000] {processor.py:153} INFO - Started process (PID=7705) to work on /home/airflow/.local/lib/python3.7/site-packages/airflow/example_dags/example_xcomargs.py
[2022-09-02T12:06:55.083+0000] {processor.py:640} INFO - Processing file /home/airflow/.local/lib/python3.7/site-packages/airflow/example_dags/example_xcomargs.py for tasks to queue
[2022-09-02T12:06:55.085+0000] {logging_mixin.py:115} INFO - [2022-09-02T12:06:55.085+0000] {dagbag.py:508} INFO - Filling up the DagBag from /home/airflow/.local/lib/python3.7/site-packages/airflow/example_dags/example_xcomargs.py
[2022-09-02T12:06:55.099+0000] {processor.py:650} INFO - DAG(s) dict_keys(['example_xcom_args', 'example_xcom_args_with_operators']) retrieved from /home/airflow/.local/lib/python3.7/site-packages/airflow/example_dags/example_xcomargs.py
[2022-09-02T12:06:55.151+0000] {logging_mixin.py:115} INFO - [2022-09-02T12:06:55.151+0000] {dag.py:2429} INFO - Sync 2 DAGs
[2022-09-02T12:06:55.166+0000] {logging_mixin.py:115} INFO - [2022-09-02T12:06:55.166+0000] {dag.py:2981} INFO - Setting next_dagrun for example_xcom_args to None, run_after=None
[2022-09-02T12:06:55.168+0000] {logging_mixin.py:115} INFO - [2022-09-02T12:06:55.168+0000] {dag.py:2981} INFO - Setting next_dagrun for example_xcom_args_with_operators to None, run_after=None
[2022-09-02T12:06:55.211+0000] {processor.py:161} INFO - Processing /home/airflow/.local/lib/python3.7/site-packages/airflow/example_dags/example_xcomargs.py took 0.132 seconds
[2022-09-02T12:07:26.009+0000] {processor.py:153} INFO - Started process (PID=7900) to work on /home/airflow/.local/lib/python3.7/site-packages/airflow/example_dags/example_xcomargs.py
[2022-09-02T12:07:26.012+0000] {processor.py:640} INFO - Processing file /home/airflow/.local/lib/python3.7/site-packages/airflow/example_dags/example_xcomargs.py for tasks to queue
[2022-09-02T12:07:26.014+0000] {logging_mixin.py:115} INFO - [2022-09-02T12:07:26.014+0000] {dagbag.py:508} INFO - Filling up the DagBag from /home/airflow/.local/lib/python3.7/site-packages/airflow/example_dags/example_xcomargs.py
[2022-09-02T12:07:26.027+0000] {processor.py:650} INFO - DAG(s) dict_keys(['example_xcom_args', 'example_xcom_args_with_operators']) retrieved from /home/airflow/.local/lib/python3.7/site-packages/airflow/example_dags/example_xcomargs.py
[2022-09-02T12:07:26.073+0000] {logging_mixin.py:115} INFO - [2022-09-02T12:07:26.073+0000] {dag.py:2429} INFO - Sync 2 DAGs
[2022-09-02T12:07:26.085+0000] {logging_mixin.py:115} INFO - [2022-09-02T12:07:26.085+0000] {dag.py:2981} INFO - Setting next_dagrun for example_xcom_args to None, run_after=None
[2022-09-02T12:07:26.088+0000] {logging_mixin.py:115} INFO - [2022-09-02T12:07:26.088+0000] {dag.py:2981} INFO - Setting next_dagrun for example_xcom_args_with_operators to None, run_after=None
[2022-09-02T12:07:26.096+0000] {processor.py:161} INFO - Processing /home/airflow/.local/lib/python3.7/site-packages/airflow/example_dags/example_xcomargs.py took 0.089 seconds
[2022-09-02T12:07:56.955+0000] {processor.py:153} INFO - Started process (PID=8097) to work on /home/airflow/.local/lib/python3.7/site-packages/airflow/example_dags/example_xcomargs.py
[2022-09-02T12:07:56.956+0000] {processor.py:640} INFO - Processing file /home/airflow/.local/lib/python3.7/site-packages/airflow/example_dags/example_xcomargs.py for tasks to queue
[2022-09-02T12:07:56.958+0000] {logging_mixin.py:115} INFO - [2022-09-02T12:07:56.958+0000] {dagbag.py:508} INFO - Filling up the DagBag from /home/airflow/.local/lib/python3.7/site-packages/airflow/example_dags/example_xcomargs.py
[2022-09-02T12:07:56.971+0000] {processor.py:650} INFO - DAG(s) dict_keys(['example_xcom_args', 'example_xcom_args_with_operators']) retrieved from /home/airflow/.local/lib/python3.7/site-packages/airflow/example_dags/example_xcomargs.py
[2022-09-02T12:07:57.020+0000] {logging_mixin.py:115} INFO - [2022-09-02T12:07:57.020+0000] {dag.py:2429} INFO - Sync 2 DAGs
[2022-09-02T12:07:57.033+0000] {logging_mixin.py:115} INFO - [2022-09-02T12:07:57.033+0000] {dag.py:2981} INFO - Setting next_dagrun for example_xcom_args to None, run_after=None
[2022-09-02T12:07:57.035+0000] {logging_mixin.py:115} INFO - [2022-09-02T12:07:57.035+0000] {dag.py:2981} INFO - Setting next_dagrun for example_xcom_args_with_operators to None, run_after=None
[2022-09-02T12:07:57.047+0000] {processor.py:161} INFO - Processing /home/airflow/.local/lib/python3.7/site-packages/airflow/example_dags/example_xcomargs.py took 0.094 seconds
