[2022-09-02T11:47:25.054+0000] {processor.py:153} INFO - Started process (PID=255) to work on /home/airflow/.local/lib/python3.7/site-packages/airflow/example_dags/example_subdag_operator.py
[2022-09-02T11:47:25.056+0000] {processor.py:640} INFO - Processing file /home/airflow/.local/lib/python3.7/site-packages/airflow/example_dags/example_subdag_operator.py for tasks to queue
[2022-09-02T11:47:25.058+0000] {logging_mixin.py:115} INFO - [2022-09-02T11:47:25.058+0000] {dagbag.py:508} INFO - Filling up the DagBag from /home/airflow/.local/lib/python3.7/site-packages/airflow/example_dags/example_subdag_operator.py
[2022-09-02T11:47:25.082+0000] {processor.py:650} INFO - DAG(s) dict_keys(['example_subdag_operator.section-1', 'example_subdag_operator.section-2', 'example_subdag_operator']) retrieved from /home/airflow/.local/lib/python3.7/site-packages/airflow/example_dags/example_subdag_operator.py
[2022-09-02T11:47:25.225+0000] {logging_mixin.py:115} INFO - [2022-09-02T11:47:25.225+0000] {manager.py:508} INFO - Created Permission View: can edit on DAG:example_subdag_operator
[2022-09-02T11:47:25.233+0000] {logging_mixin.py:115} INFO - [2022-09-02T11:47:25.232+0000] {manager.py:508} INFO - Created Permission View: can delete on DAG:example_subdag_operator
[2022-09-02T11:47:25.240+0000] {logging_mixin.py:115} INFO - [2022-09-02T11:47:25.239+0000] {manager.py:508} INFO - Created Permission View: can read on DAG:example_subdag_operator
[2022-09-02T11:47:25.241+0000] {logging_mixin.py:115} INFO - [2022-09-02T11:47:25.241+0000] {dag.py:2429} INFO - Sync 3 DAGs
[2022-09-02T11:47:25.248+0000] {logging_mixin.py:115} INFO - [2022-09-02T11:47:25.248+0000] {dag.py:2448} INFO - Creating ORM DAG for example_subdag_operator
[2022-09-02T11:47:25.249+0000] {logging_mixin.py:115} INFO - [2022-09-02T11:47:25.249+0000] {dag.py:2448} INFO - Creating ORM DAG for example_subdag_operator.section-2
[2022-09-02T11:47:25.250+0000] {logging_mixin.py:115} INFO - [2022-09-02T11:47:25.250+0000] {dag.py:2448} INFO - Creating ORM DAG for example_subdag_operator.section-1
[2022-09-02T11:47:25.258+0000] {logging_mixin.py:115} INFO - [2022-09-02T11:47:25.258+0000] {dag.py:2981} INFO - Setting next_dagrun for example_subdag_operator to 2022-01-01T00:00:00+00:00, run_after=2022-01-01T00:00:00+00:00
[2022-09-02T11:47:25.260+0000] {logging_mixin.py:115} INFO - [2022-09-02T11:47:25.259+0000] {dag.py:2981} INFO - Setting next_dagrun for example_subdag_operator.section-1 to None, run_after=None
[2022-09-02T11:47:25.261+0000] {logging_mixin.py:115} INFO - [2022-09-02T11:47:25.261+0000] {dag.py:2981} INFO - Setting next_dagrun for example_subdag_operator.section-2 to None, run_after=None
[2022-09-02T11:47:25.268+0000] {logging_mixin.py:115} INFO - [2022-09-02T11:47:25.268+0000] {dag.py:2429} INFO - Sync 2 DAGs
[2022-09-02T11:47:25.273+0000] {logging_mixin.py:115} INFO - [2022-09-02T11:47:25.273+0000] {dag.py:2981} INFO - Setting next_dagrun for example_subdag_operator.section-1 to None, run_after=None
[2022-09-02T11:47:25.275+0000] {logging_mixin.py:115} INFO - [2022-09-02T11:47:25.274+0000] {dag.py:2981} INFO - Setting next_dagrun for example_subdag_operator.section-2 to None, run_after=None
[2022-09-02T11:47:25.281+0000] {processor.py:161} INFO - Processing /home/airflow/.local/lib/python3.7/site-packages/airflow/example_dags/example_subdag_operator.py took 0.229 seconds
[2022-09-02T11:47:55.350+0000] {processor.py:153} INFO - Started process (PID=452) to work on /home/airflow/.local/lib/python3.7/site-packages/airflow/example_dags/example_subdag_operator.py
[2022-09-02T11:47:55.352+0000] {processor.py:640} INFO - Processing file /home/airflow/.local/lib/python3.7/site-packages/airflow/example_dags/example_subdag_operator.py for tasks to queue
[2022-09-02T11:47:55.353+0000] {logging_mixin.py:115} INFO - [2022-09-02T11:47:55.353+0000] {dagbag.py:508} INFO - Filling up the DagBag from /home/airflow/.local/lib/python3.7/site-packages/airflow/example_dags/example_subdag_operator.py
[2022-09-02T11:47:55.372+0000] {processor.py:650} INFO - DAG(s) dict_keys(['example_subdag_operator.section-1', 'example_subdag_operator.section-2', 'example_subdag_operator']) retrieved from /home/airflow/.local/lib/python3.7/site-packages/airflow/example_dags/example_subdag_operator.py
[2022-09-02T11:47:55.482+0000] {logging_mixin.py:115} INFO - [2022-09-02T11:47:55.481+0000] {dag.py:2429} INFO - Sync 3 DAGs
[2022-09-02T11:47:55.496+0000] {logging_mixin.py:115} INFO - [2022-09-02T11:47:55.496+0000] {dag.py:2981} INFO - Setting next_dagrun for example_subdag_operator to 2022-01-01T00:00:00+00:00, run_after=2022-01-01T00:00:00+00:00
[2022-09-02T11:47:55.498+0000] {logging_mixin.py:115} INFO - [2022-09-02T11:47:55.498+0000] {dag.py:2981} INFO - Setting next_dagrun for example_subdag_operator.section-1 to None, run_after=None
[2022-09-02T11:47:55.499+0000] {logging_mixin.py:115} INFO - [2022-09-02T11:47:55.499+0000] {dag.py:2981} INFO - Setting next_dagrun for example_subdag_operator.section-2 to None, run_after=None
[2022-09-02T11:47:55.505+0000] {logging_mixin.py:115} INFO - [2022-09-02T11:47:55.505+0000] {dag.py:2429} INFO - Sync 2 DAGs
[2022-09-02T11:47:55.509+0000] {logging_mixin.py:115} INFO - [2022-09-02T11:47:55.509+0000] {dag.py:2981} INFO - Setting next_dagrun for example_subdag_operator.section-1 to None, run_after=None
[2022-09-02T11:47:55.511+0000] {logging_mixin.py:115} INFO - [2022-09-02T11:47:55.511+0000] {dag.py:2981} INFO - Setting next_dagrun for example_subdag_operator.section-2 to None, run_after=None
[2022-09-02T11:47:55.516+0000] {processor.py:161} INFO - Processing /home/airflow/.local/lib/python3.7/site-packages/airflow/example_dags/example_subdag_operator.py took 0.168 seconds
[2022-09-02T11:48:25.565+0000] {processor.py:153} INFO - Started process (PID=650) to work on /home/airflow/.local/lib/python3.7/site-packages/airflow/example_dags/example_subdag_operator.py
[2022-09-02T11:48:25.568+0000] {processor.py:640} INFO - Processing file /home/airflow/.local/lib/python3.7/site-packages/airflow/example_dags/example_subdag_operator.py for tasks to queue
[2022-09-02T11:48:25.569+0000] {logging_mixin.py:115} INFO - [2022-09-02T11:48:25.569+0000] {dagbag.py:508} INFO - Filling up the DagBag from /home/airflow/.local/lib/python3.7/site-packages/airflow/example_dags/example_subdag_operator.py
[2022-09-02T11:48:25.586+0000] {processor.py:650} INFO - DAG(s) dict_keys(['example_subdag_operator.section-1', 'example_subdag_operator.section-2', 'example_subdag_operator']) retrieved from /home/airflow/.local/lib/python3.7/site-packages/airflow/example_dags/example_subdag_operator.py
[2022-09-02T11:48:25.685+0000] {logging_mixin.py:115} INFO - [2022-09-02T11:48:25.685+0000] {dag.py:2429} INFO - Sync 3 DAGs
[2022-09-02T11:48:25.701+0000] {logging_mixin.py:115} INFO - [2022-09-02T11:48:25.701+0000] {dag.py:2981} INFO - Setting next_dagrun for example_subdag_operator to 2022-01-01T00:00:00+00:00, run_after=2022-01-01T00:00:00+00:00
[2022-09-02T11:48:25.703+0000] {logging_mixin.py:115} INFO - [2022-09-02T11:48:25.703+0000] {dag.py:2981} INFO - Setting next_dagrun for example_subdag_operator.section-1 to None, run_after=None
[2022-09-02T11:48:25.704+0000] {logging_mixin.py:115} INFO - [2022-09-02T11:48:25.704+0000] {dag.py:2981} INFO - Setting next_dagrun for example_subdag_operator.section-2 to None, run_after=None
[2022-09-02T11:48:25.711+0000] {logging_mixin.py:115} INFO - [2022-09-02T11:48:25.711+0000] {dag.py:2429} INFO - Sync 2 DAGs
[2022-09-02T11:48:25.716+0000] {logging_mixin.py:115} INFO - [2022-09-02T11:48:25.716+0000] {dag.py:2981} INFO - Setting next_dagrun for example_subdag_operator.section-1 to None, run_after=None
[2022-09-02T11:48:25.732+0000] {logging_mixin.py:115} INFO - [2022-09-02T11:48:25.732+0000] {dag.py:2981} INFO - Setting next_dagrun for example_subdag_operator.section-2 to None, run_after=None
[2022-09-02T11:48:25.739+0000] {processor.py:161} INFO - Processing /home/airflow/.local/lib/python3.7/site-packages/airflow/example_dags/example_subdag_operator.py took 0.176 seconds
[2022-09-02T11:48:56.605+0000] {processor.py:153} INFO - Started process (PID=846) to work on /home/airflow/.local/lib/python3.7/site-packages/airflow/example_dags/example_subdag_operator.py
[2022-09-02T11:48:56.609+0000] {processor.py:640} INFO - Processing file /home/airflow/.local/lib/python3.7/site-packages/airflow/example_dags/example_subdag_operator.py for tasks to queue
[2022-09-02T11:48:56.610+0000] {logging_mixin.py:115} INFO - [2022-09-02T11:48:56.610+0000] {dagbag.py:508} INFO - Filling up the DagBag from /home/airflow/.local/lib/python3.7/site-packages/airflow/example_dags/example_subdag_operator.py
[2022-09-02T11:48:56.627+0000] {processor.py:650} INFO - DAG(s) dict_keys(['example_subdag_operator.section-1', 'example_subdag_operator.section-2', 'example_subdag_operator']) retrieved from /home/airflow/.local/lib/python3.7/site-packages/airflow/example_dags/example_subdag_operator.py
[2022-09-02T11:48:56.715+0000] {logging_mixin.py:115} INFO - [2022-09-02T11:48:56.715+0000] {dag.py:2429} INFO - Sync 3 DAGs
[2022-09-02T11:48:56.729+0000] {logging_mixin.py:115} INFO - [2022-09-02T11:48:56.729+0000] {dag.py:2981} INFO - Setting next_dagrun for example_subdag_operator to 2022-01-01T00:00:00+00:00, run_after=2022-01-01T00:00:00+00:00
[2022-09-02T11:48:56.730+0000] {logging_mixin.py:115} INFO - [2022-09-02T11:48:56.730+0000] {dag.py:2981} INFO - Setting next_dagrun for example_subdag_operator.section-1 to None, run_after=None
[2022-09-02T11:48:56.732+0000] {logging_mixin.py:115} INFO - [2022-09-02T11:48:56.732+0000] {dag.py:2981} INFO - Setting next_dagrun for example_subdag_operator.section-2 to None, run_after=None
[2022-09-02T11:48:56.736+0000] {logging_mixin.py:115} INFO - [2022-09-02T11:48:56.736+0000] {dag.py:2429} INFO - Sync 2 DAGs
[2022-09-02T11:48:56.740+0000] {logging_mixin.py:115} INFO - [2022-09-02T11:48:56.740+0000] {dag.py:2981} INFO - Setting next_dagrun for example_subdag_operator.section-1 to None, run_after=None
[2022-09-02T11:48:56.742+0000] {logging_mixin.py:115} INFO - [2022-09-02T11:48:56.741+0000] {dag.py:2981} INFO - Setting next_dagrun for example_subdag_operator.section-2 to None, run_after=None
[2022-09-02T11:48:56.749+0000] {processor.py:161} INFO - Processing /home/airflow/.local/lib/python3.7/site-packages/airflow/example_dags/example_subdag_operator.py took 0.146 seconds
[2022-09-02T11:49:27.456+0000] {processor.py:153} INFO - Started process (PID=1043) to work on /home/airflow/.local/lib/python3.7/site-packages/airflow/example_dags/example_subdag_operator.py
[2022-09-02T11:49:27.457+0000] {processor.py:640} INFO - Processing file /home/airflow/.local/lib/python3.7/site-packages/airflow/example_dags/example_subdag_operator.py for tasks to queue
[2022-09-02T11:49:27.459+0000] {logging_mixin.py:115} INFO - [2022-09-02T11:49:27.459+0000] {dagbag.py:508} INFO - Filling up the DagBag from /home/airflow/.local/lib/python3.7/site-packages/airflow/example_dags/example_subdag_operator.py
[2022-09-02T11:49:27.479+0000] {processor.py:650} INFO - DAG(s) dict_keys(['example_subdag_operator.section-1', 'example_subdag_operator.section-2', 'example_subdag_operator']) retrieved from /home/airflow/.local/lib/python3.7/site-packages/airflow/example_dags/example_subdag_operator.py
[2022-09-02T11:49:27.568+0000] {logging_mixin.py:115} INFO - [2022-09-02T11:49:27.568+0000] {dag.py:2429} INFO - Sync 3 DAGs
[2022-09-02T11:49:27.583+0000] {logging_mixin.py:115} INFO - [2022-09-02T11:49:27.583+0000] {dag.py:2981} INFO - Setting next_dagrun for example_subdag_operator to 2022-01-01T00:00:00+00:00, run_after=2022-01-01T00:00:00+00:00
[2022-09-02T11:49:27.584+0000] {logging_mixin.py:115} INFO - [2022-09-02T11:49:27.584+0000] {dag.py:2981} INFO - Setting next_dagrun for example_subdag_operator.section-1 to None, run_after=None
[2022-09-02T11:49:27.585+0000] {logging_mixin.py:115} INFO - [2022-09-02T11:49:27.585+0000] {dag.py:2981} INFO - Setting next_dagrun for example_subdag_operator.section-2 to None, run_after=None
[2022-09-02T11:49:27.591+0000] {logging_mixin.py:115} INFO - [2022-09-02T11:49:27.591+0000] {dag.py:2429} INFO - Sync 2 DAGs
[2022-09-02T11:49:27.596+0000] {logging_mixin.py:115} INFO - [2022-09-02T11:49:27.596+0000] {dag.py:2981} INFO - Setting next_dagrun for example_subdag_operator.section-1 to None, run_after=None
[2022-09-02T11:49:27.597+0000] {logging_mixin.py:115} INFO - [2022-09-02T11:49:27.597+0000] {dag.py:2981} INFO - Setting next_dagrun for example_subdag_operator.section-2 to None, run_after=None
[2022-09-02T11:49:27.602+0000] {processor.py:161} INFO - Processing /home/airflow/.local/lib/python3.7/site-packages/airflow/example_dags/example_subdag_operator.py took 0.148 seconds
[2022-09-02T11:49:58.332+0000] {processor.py:153} INFO - Started process (PID=1231) to work on /home/airflow/.local/lib/python3.7/site-packages/airflow/example_dags/example_subdag_operator.py
[2022-09-02T11:49:58.334+0000] {processor.py:640} INFO - Processing file /home/airflow/.local/lib/python3.7/site-packages/airflow/example_dags/example_subdag_operator.py for tasks to queue
[2022-09-02T11:49:58.335+0000] {logging_mixin.py:115} INFO - [2022-09-02T11:49:58.335+0000] {dagbag.py:508} INFO - Filling up the DagBag from /home/airflow/.local/lib/python3.7/site-packages/airflow/example_dags/example_subdag_operator.py
[2022-09-02T11:49:58.354+0000] {processor.py:650} INFO - DAG(s) dict_keys(['example_subdag_operator.section-1', 'example_subdag_operator.section-2', 'example_subdag_operator']) retrieved from /home/airflow/.local/lib/python3.7/site-packages/airflow/example_dags/example_subdag_operator.py
[2022-09-02T11:49:58.454+0000] {logging_mixin.py:115} INFO - [2022-09-02T11:49:58.454+0000] {dag.py:2429} INFO - Sync 3 DAGs
[2022-09-02T11:49:58.467+0000] {logging_mixin.py:115} INFO - [2022-09-02T11:49:58.467+0000] {dag.py:2981} INFO - Setting next_dagrun for example_subdag_operator to 2022-01-01T00:00:00+00:00, run_after=2022-01-01T00:00:00+00:00
[2022-09-02T11:49:58.468+0000] {logging_mixin.py:115} INFO - [2022-09-02T11:49:58.468+0000] {dag.py:2981} INFO - Setting next_dagrun for example_subdag_operator.section-1 to None, run_after=None
[2022-09-02T11:49:58.471+0000] {logging_mixin.py:115} INFO - [2022-09-02T11:49:58.471+0000] {dag.py:2981} INFO - Setting next_dagrun for example_subdag_operator.section-2 to None, run_after=None
[2022-09-02T11:49:58.475+0000] {logging_mixin.py:115} INFO - [2022-09-02T11:49:58.475+0000] {dag.py:2429} INFO - Sync 2 DAGs
[2022-09-02T11:49:58.479+0000] {logging_mixin.py:115} INFO - [2022-09-02T11:49:58.479+0000] {dag.py:2981} INFO - Setting next_dagrun for example_subdag_operator.section-1 to None, run_after=None
[2022-09-02T11:49:58.480+0000] {logging_mixin.py:115} INFO - [2022-09-02T11:49:58.480+0000] {dag.py:2981} INFO - Setting next_dagrun for example_subdag_operator.section-2 to None, run_after=None
[2022-09-02T11:49:58.485+0000] {processor.py:161} INFO - Processing /home/airflow/.local/lib/python3.7/site-packages/airflow/example_dags/example_subdag_operator.py took 0.154 seconds
[2022-09-02T11:50:29.193+0000] {processor.py:153} INFO - Started process (PID=1430) to work on /home/airflow/.local/lib/python3.7/site-packages/airflow/example_dags/example_subdag_operator.py
[2022-09-02T11:50:29.194+0000] {processor.py:640} INFO - Processing file /home/airflow/.local/lib/python3.7/site-packages/airflow/example_dags/example_subdag_operator.py for tasks to queue
[2022-09-02T11:50:29.195+0000] {logging_mixin.py:115} INFO - [2022-09-02T11:50:29.195+0000] {dagbag.py:508} INFO - Filling up the DagBag from /home/airflow/.local/lib/python3.7/site-packages/airflow/example_dags/example_subdag_operator.py
[2022-09-02T11:50:29.214+0000] {processor.py:650} INFO - DAG(s) dict_keys(['example_subdag_operator.section-1', 'example_subdag_operator.section-2', 'example_subdag_operator']) retrieved from /home/airflow/.local/lib/python3.7/site-packages/airflow/example_dags/example_subdag_operator.py
[2022-09-02T11:50:29.298+0000] {logging_mixin.py:115} INFO - [2022-09-02T11:50:29.298+0000] {dag.py:2429} INFO - Sync 3 DAGs
[2022-09-02T11:50:29.310+0000] {logging_mixin.py:115} INFO - [2022-09-02T11:50:29.310+0000] {dag.py:2981} INFO - Setting next_dagrun for example_subdag_operator to 2022-01-01T00:00:00+00:00, run_after=2022-01-01T00:00:00+00:00
[2022-09-02T11:50:29.312+0000] {logging_mixin.py:115} INFO - [2022-09-02T11:50:29.312+0000] {dag.py:2981} INFO - Setting next_dagrun for example_subdag_operator.section-1 to None, run_after=None
[2022-09-02T11:50:29.314+0000] {logging_mixin.py:115} INFO - [2022-09-02T11:50:29.313+0000] {dag.py:2981} INFO - Setting next_dagrun for example_subdag_operator.section-2 to None, run_after=None
[2022-09-02T11:50:29.318+0000] {logging_mixin.py:115} INFO - [2022-09-02T11:50:29.318+0000] {dag.py:2429} INFO - Sync 2 DAGs
[2022-09-02T11:50:29.322+0000] {logging_mixin.py:115} INFO - [2022-09-02T11:50:29.322+0000] {dag.py:2981} INFO - Setting next_dagrun for example_subdag_operator.section-1 to None, run_after=None
[2022-09-02T11:50:29.323+0000] {logging_mixin.py:115} INFO - [2022-09-02T11:50:29.323+0000] {dag.py:2981} INFO - Setting next_dagrun for example_subdag_operator.section-2 to None, run_after=None
[2022-09-02T11:50:29.328+0000] {processor.py:161} INFO - Processing /home/airflow/.local/lib/python3.7/site-packages/airflow/example_dags/example_subdag_operator.py took 0.139 seconds
[2022-09-02T11:50:59.828+0000] {processor.py:153} INFO - Started process (PID=1627) to work on /home/airflow/.local/lib/python3.7/site-packages/airflow/example_dags/example_subdag_operator.py
[2022-09-02T11:50:59.829+0000] {processor.py:640} INFO - Processing file /home/airflow/.local/lib/python3.7/site-packages/airflow/example_dags/example_subdag_operator.py for tasks to queue
[2022-09-02T11:50:59.831+0000] {logging_mixin.py:115} INFO - [2022-09-02T11:50:59.831+0000] {dagbag.py:508} INFO - Filling up the DagBag from /home/airflow/.local/lib/python3.7/site-packages/airflow/example_dags/example_subdag_operator.py
[2022-09-02T11:50:59.848+0000] {processor.py:650} INFO - DAG(s) dict_keys(['example_subdag_operator.section-1', 'example_subdag_operator.section-2', 'example_subdag_operator']) retrieved from /home/airflow/.local/lib/python3.7/site-packages/airflow/example_dags/example_subdag_operator.py
[2022-09-02T11:50:59.931+0000] {logging_mixin.py:115} INFO - [2022-09-02T11:50:59.931+0000] {dag.py:2429} INFO - Sync 3 DAGs
[2022-09-02T11:50:59.943+0000] {logging_mixin.py:115} INFO - [2022-09-02T11:50:59.943+0000] {dag.py:2981} INFO - Setting next_dagrun for example_subdag_operator to 2022-01-01T00:00:00+00:00, run_after=2022-01-01T00:00:00+00:00
[2022-09-02T11:50:59.945+0000] {logging_mixin.py:115} INFO - [2022-09-02T11:50:59.945+0000] {dag.py:2981} INFO - Setting next_dagrun for example_subdag_operator.section-1 to None, run_after=None
[2022-09-02T11:50:59.946+0000] {logging_mixin.py:115} INFO - [2022-09-02T11:50:59.946+0000] {dag.py:2981} INFO - Setting next_dagrun for example_subdag_operator.section-2 to None, run_after=None
[2022-09-02T11:50:59.951+0000] {logging_mixin.py:115} INFO - [2022-09-02T11:50:59.951+0000] {dag.py:2429} INFO - Sync 2 DAGs
[2022-09-02T11:50:59.955+0000] {logging_mixin.py:115} INFO - [2022-09-02T11:50:59.955+0000] {dag.py:2981} INFO - Setting next_dagrun for example_subdag_operator.section-1 to None, run_after=None
[2022-09-02T11:50:59.956+0000] {logging_mixin.py:115} INFO - [2022-09-02T11:50:59.956+0000] {dag.py:2981} INFO - Setting next_dagrun for example_subdag_operator.section-2 to None, run_after=None
[2022-09-02T11:50:59.961+0000] {processor.py:161} INFO - Processing /home/airflow/.local/lib/python3.7/site-packages/airflow/example_dags/example_subdag_operator.py took 0.135 seconds
[2022-09-02T11:51:30.637+0000] {processor.py:153} INFO - Started process (PID=1825) to work on /home/airflow/.local/lib/python3.7/site-packages/airflow/example_dags/example_subdag_operator.py
[2022-09-02T11:51:30.639+0000] {processor.py:640} INFO - Processing file /home/airflow/.local/lib/python3.7/site-packages/airflow/example_dags/example_subdag_operator.py for tasks to queue
[2022-09-02T11:51:30.640+0000] {logging_mixin.py:115} INFO - [2022-09-02T11:51:30.640+0000] {dagbag.py:508} INFO - Filling up the DagBag from /home/airflow/.local/lib/python3.7/site-packages/airflow/example_dags/example_subdag_operator.py
[2022-09-02T11:51:30.658+0000] {processor.py:650} INFO - DAG(s) dict_keys(['example_subdag_operator.section-1', 'example_subdag_operator.section-2', 'example_subdag_operator']) retrieved from /home/airflow/.local/lib/python3.7/site-packages/airflow/example_dags/example_subdag_operator.py
[2022-09-02T11:51:30.748+0000] {logging_mixin.py:115} INFO - [2022-09-02T11:51:30.747+0000] {dag.py:2429} INFO - Sync 3 DAGs
[2022-09-02T11:51:30.762+0000] {logging_mixin.py:115} INFO - [2022-09-02T11:51:30.762+0000] {dag.py:2981} INFO - Setting next_dagrun for example_subdag_operator to 2022-01-01T00:00:00+00:00, run_after=2022-01-01T00:00:00+00:00
[2022-09-02T11:51:30.763+0000] {logging_mixin.py:115} INFO - [2022-09-02T11:51:30.763+0000] {dag.py:2981} INFO - Setting next_dagrun for example_subdag_operator.section-1 to None, run_after=None
[2022-09-02T11:51:30.764+0000] {logging_mixin.py:115} INFO - [2022-09-02T11:51:30.764+0000] {dag.py:2981} INFO - Setting next_dagrun for example_subdag_operator.section-2 to None, run_after=None
[2022-09-02T11:51:30.769+0000] {logging_mixin.py:115} INFO - [2022-09-02T11:51:30.769+0000] {dag.py:2429} INFO - Sync 2 DAGs
[2022-09-02T11:51:30.773+0000] {logging_mixin.py:115} INFO - [2022-09-02T11:51:30.772+0000] {dag.py:2981} INFO - Setting next_dagrun for example_subdag_operator.section-1 to None, run_after=None
[2022-09-02T11:51:30.773+0000] {logging_mixin.py:115} INFO - [2022-09-02T11:51:30.773+0000] {dag.py:2981} INFO - Setting next_dagrun for example_subdag_operator.section-2 to None, run_after=None
[2022-09-02T11:51:30.779+0000] {processor.py:161} INFO - Processing /home/airflow/.local/lib/python3.7/site-packages/airflow/example_dags/example_subdag_operator.py took 0.144 seconds
[2022-09-02T11:52:01.442+0000] {processor.py:153} INFO - Started process (PID=2022) to work on /home/airflow/.local/lib/python3.7/site-packages/airflow/example_dags/example_subdag_operator.py
[2022-09-02T11:52:01.445+0000] {processor.py:640} INFO - Processing file /home/airflow/.local/lib/python3.7/site-packages/airflow/example_dags/example_subdag_operator.py for tasks to queue
[2022-09-02T11:52:01.446+0000] {logging_mixin.py:115} INFO - [2022-09-02T11:52:01.446+0000] {dagbag.py:508} INFO - Filling up the DagBag from /home/airflow/.local/lib/python3.7/site-packages/airflow/example_dags/example_subdag_operator.py
[2022-09-02T11:52:01.467+0000] {processor.py:650} INFO - DAG(s) dict_keys(['example_subdag_operator.section-1', 'example_subdag_operator.section-2', 'example_subdag_operator']) retrieved from /home/airflow/.local/lib/python3.7/site-packages/airflow/example_dags/example_subdag_operator.py
[2022-09-02T11:52:01.577+0000] {logging_mixin.py:115} INFO - [2022-09-02T11:52:01.577+0000] {dag.py:2429} INFO - Sync 3 DAGs
[2022-09-02T11:52:01.595+0000] {logging_mixin.py:115} INFO - [2022-09-02T11:52:01.595+0000] {dag.py:2981} INFO - Setting next_dagrun for example_subdag_operator to 2022-01-01T00:00:00+00:00, run_after=2022-01-01T00:00:00+00:00
[2022-09-02T11:52:01.597+0000] {logging_mixin.py:115} INFO - [2022-09-02T11:52:01.596+0000] {dag.py:2981} INFO - Setting next_dagrun for example_subdag_operator.section-1 to None, run_after=None
[2022-09-02T11:52:01.597+0000] {logging_mixin.py:115} INFO - [2022-09-02T11:52:01.597+0000] {dag.py:2981} INFO - Setting next_dagrun for example_subdag_operator.section-2 to None, run_after=None
[2022-09-02T11:52:01.604+0000] {logging_mixin.py:115} INFO - [2022-09-02T11:52:01.604+0000] {dag.py:2429} INFO - Sync 2 DAGs
[2022-09-02T11:52:01.609+0000] {logging_mixin.py:115} INFO - [2022-09-02T11:52:01.609+0000] {dag.py:2981} INFO - Setting next_dagrun for example_subdag_operator.section-1 to None, run_after=None
[2022-09-02T11:52:01.611+0000] {logging_mixin.py:115} INFO - [2022-09-02T11:52:01.611+0000] {dag.py:2981} INFO - Setting next_dagrun for example_subdag_operator.section-2 to None, run_after=None
[2022-09-02T11:52:01.619+0000] {processor.py:161} INFO - Processing /home/airflow/.local/lib/python3.7/site-packages/airflow/example_dags/example_subdag_operator.py took 0.180 seconds
[2022-09-02T11:52:32.400+0000] {processor.py:153} INFO - Started process (PID=2219) to work on /home/airflow/.local/lib/python3.7/site-packages/airflow/example_dags/example_subdag_operator.py
[2022-09-02T11:52:32.402+0000] {processor.py:640} INFO - Processing file /home/airflow/.local/lib/python3.7/site-packages/airflow/example_dags/example_subdag_operator.py for tasks to queue
[2022-09-02T11:52:32.403+0000] {logging_mixin.py:115} INFO - [2022-09-02T11:52:32.403+0000] {dagbag.py:508} INFO - Filling up the DagBag from /home/airflow/.local/lib/python3.7/site-packages/airflow/example_dags/example_subdag_operator.py
[2022-09-02T11:52:32.423+0000] {processor.py:650} INFO - DAG(s) dict_keys(['example_subdag_operator.section-1', 'example_subdag_operator.section-2', 'example_subdag_operator']) retrieved from /home/airflow/.local/lib/python3.7/site-packages/airflow/example_dags/example_subdag_operator.py
[2022-09-02T11:52:32.519+0000] {logging_mixin.py:115} INFO - [2022-09-02T11:52:32.519+0000] {dag.py:2429} INFO - Sync 3 DAGs
[2022-09-02T11:52:32.532+0000] {logging_mixin.py:115} INFO - [2022-09-02T11:52:32.532+0000] {dag.py:2981} INFO - Setting next_dagrun for example_subdag_operator to 2022-01-01T00:00:00+00:00, run_after=2022-01-01T00:00:00+00:00
[2022-09-02T11:52:32.533+0000] {logging_mixin.py:115} INFO - [2022-09-02T11:52:32.533+0000] {dag.py:2981} INFO - Setting next_dagrun for example_subdag_operator.section-1 to None, run_after=None
[2022-09-02T11:52:32.535+0000] {logging_mixin.py:115} INFO - [2022-09-02T11:52:32.535+0000] {dag.py:2981} INFO - Setting next_dagrun for example_subdag_operator.section-2 to None, run_after=None
[2022-09-02T11:52:32.540+0000] {logging_mixin.py:115} INFO - [2022-09-02T11:52:32.540+0000] {dag.py:2429} INFO - Sync 2 DAGs
[2022-09-02T11:52:32.545+0000] {logging_mixin.py:115} INFO - [2022-09-02T11:52:32.545+0000] {dag.py:2981} INFO - Setting next_dagrun for example_subdag_operator.section-1 to None, run_after=None
[2022-09-02T11:52:32.547+0000] {logging_mixin.py:115} INFO - [2022-09-02T11:52:32.546+0000] {dag.py:2981} INFO - Setting next_dagrun for example_subdag_operator.section-2 to None, run_after=None
[2022-09-02T11:52:32.552+0000] {processor.py:161} INFO - Processing /home/airflow/.local/lib/python3.7/site-packages/airflow/example_dags/example_subdag_operator.py took 0.154 seconds
[2022-09-02T11:53:03.081+0000] {processor.py:153} INFO - Started process (PID=2408) to work on /home/airflow/.local/lib/python3.7/site-packages/airflow/example_dags/example_subdag_operator.py
[2022-09-02T11:53:03.083+0000] {processor.py:640} INFO - Processing file /home/airflow/.local/lib/python3.7/site-packages/airflow/example_dags/example_subdag_operator.py for tasks to queue
[2022-09-02T11:53:03.084+0000] {logging_mixin.py:115} INFO - [2022-09-02T11:53:03.084+0000] {dagbag.py:508} INFO - Filling up the DagBag from /home/airflow/.local/lib/python3.7/site-packages/airflow/example_dags/example_subdag_operator.py
[2022-09-02T11:53:03.105+0000] {processor.py:650} INFO - DAG(s) dict_keys(['example_subdag_operator.section-1', 'example_subdag_operator.section-2', 'example_subdag_operator']) retrieved from /home/airflow/.local/lib/python3.7/site-packages/airflow/example_dags/example_subdag_operator.py
[2022-09-02T11:53:03.199+0000] {logging_mixin.py:115} INFO - [2022-09-02T11:53:03.199+0000] {dag.py:2429} INFO - Sync 3 DAGs
[2022-09-02T11:53:03.211+0000] {logging_mixin.py:115} INFO - [2022-09-02T11:53:03.211+0000] {dag.py:2981} INFO - Setting next_dagrun for example_subdag_operator to 2022-01-01T00:00:00+00:00, run_after=2022-01-01T00:00:00+00:00
[2022-09-02T11:53:03.213+0000] {logging_mixin.py:115} INFO - [2022-09-02T11:53:03.212+0000] {dag.py:2981} INFO - Setting next_dagrun for example_subdag_operator.section-1 to None, run_after=None
[2022-09-02T11:53:03.213+0000] {logging_mixin.py:115} INFO - [2022-09-02T11:53:03.213+0000] {dag.py:2981} INFO - Setting next_dagrun for example_subdag_operator.section-2 to None, run_after=None
[2022-09-02T11:53:03.219+0000] {logging_mixin.py:115} INFO - [2022-09-02T11:53:03.219+0000] {dag.py:2429} INFO - Sync 2 DAGs
[2022-09-02T11:53:03.223+0000] {logging_mixin.py:115} INFO - [2022-09-02T11:53:03.223+0000] {dag.py:2981} INFO - Setting next_dagrun for example_subdag_operator.section-1 to None, run_after=None
[2022-09-02T11:53:03.225+0000] {logging_mixin.py:115} INFO - [2022-09-02T11:53:03.225+0000] {dag.py:2981} INFO - Setting next_dagrun for example_subdag_operator.section-2 to None, run_after=None
[2022-09-02T11:53:03.231+0000] {processor.py:161} INFO - Processing /home/airflow/.local/lib/python3.7/site-packages/airflow/example_dags/example_subdag_operator.py took 0.151 seconds
[2022-09-02T11:53:33.948+0000] {processor.py:153} INFO - Started process (PID=2606) to work on /home/airflow/.local/lib/python3.7/site-packages/airflow/example_dags/example_subdag_operator.py
[2022-09-02T11:53:33.950+0000] {processor.py:640} INFO - Processing file /home/airflow/.local/lib/python3.7/site-packages/airflow/example_dags/example_subdag_operator.py for tasks to queue
[2022-09-02T11:53:33.951+0000] {logging_mixin.py:115} INFO - [2022-09-02T11:53:33.951+0000] {dagbag.py:508} INFO - Filling up the DagBag from /home/airflow/.local/lib/python3.7/site-packages/airflow/example_dags/example_subdag_operator.py
[2022-09-02T11:53:33.969+0000] {processor.py:650} INFO - DAG(s) dict_keys(['example_subdag_operator.section-1', 'example_subdag_operator.section-2', 'example_subdag_operator']) retrieved from /home/airflow/.local/lib/python3.7/site-packages/airflow/example_dags/example_subdag_operator.py
[2022-09-02T11:53:34.056+0000] {logging_mixin.py:115} INFO - [2022-09-02T11:53:34.056+0000] {dag.py:2429} INFO - Sync 3 DAGs
[2022-09-02T11:53:34.069+0000] {logging_mixin.py:115} INFO - [2022-09-02T11:53:34.069+0000] {dag.py:2981} INFO - Setting next_dagrun for example_subdag_operator to 2022-01-01T00:00:00+00:00, run_after=2022-01-01T00:00:00+00:00
[2022-09-02T11:53:34.070+0000] {logging_mixin.py:115} INFO - [2022-09-02T11:53:34.070+0000] {dag.py:2981} INFO - Setting next_dagrun for example_subdag_operator.section-1 to None, run_after=None
[2022-09-02T11:53:34.071+0000] {logging_mixin.py:115} INFO - [2022-09-02T11:53:34.071+0000] {dag.py:2981} INFO - Setting next_dagrun for example_subdag_operator.section-2 to None, run_after=None
[2022-09-02T11:53:34.076+0000] {logging_mixin.py:115} INFO - [2022-09-02T11:53:34.076+0000] {dag.py:2429} INFO - Sync 2 DAGs
[2022-09-02T11:53:34.081+0000] {logging_mixin.py:115} INFO - [2022-09-02T11:53:34.081+0000] {dag.py:2981} INFO - Setting next_dagrun for example_subdag_operator.section-1 to None, run_after=None
[2022-09-02T11:53:34.082+0000] {logging_mixin.py:115} INFO - [2022-09-02T11:53:34.082+0000] {dag.py:2981} INFO - Setting next_dagrun for example_subdag_operator.section-2 to None, run_after=None
[2022-09-02T11:53:34.087+0000] {processor.py:161} INFO - Processing /home/airflow/.local/lib/python3.7/site-packages/airflow/example_dags/example_subdag_operator.py took 0.142 seconds
[2022-09-02T11:54:04.717+0000] {processor.py:153} INFO - Started process (PID=2803) to work on /home/airflow/.local/lib/python3.7/site-packages/airflow/example_dags/example_subdag_operator.py
[2022-09-02T11:54:04.719+0000] {processor.py:640} INFO - Processing file /home/airflow/.local/lib/python3.7/site-packages/airflow/example_dags/example_subdag_operator.py for tasks to queue
[2022-09-02T11:54:04.721+0000] {logging_mixin.py:115} INFO - [2022-09-02T11:54:04.721+0000] {dagbag.py:508} INFO - Filling up the DagBag from /home/airflow/.local/lib/python3.7/site-packages/airflow/example_dags/example_subdag_operator.py
[2022-09-02T11:54:04.741+0000] {processor.py:650} INFO - DAG(s) dict_keys(['example_subdag_operator.section-1', 'example_subdag_operator.section-2', 'example_subdag_operator']) retrieved from /home/airflow/.local/lib/python3.7/site-packages/airflow/example_dags/example_subdag_operator.py
[2022-09-02T11:54:04.829+0000] {logging_mixin.py:115} INFO - [2022-09-02T11:54:04.829+0000] {dag.py:2429} INFO - Sync 3 DAGs
[2022-09-02T11:54:04.844+0000] {logging_mixin.py:115} INFO - [2022-09-02T11:54:04.844+0000] {dag.py:2981} INFO - Setting next_dagrun for example_subdag_operator to 2022-01-01T00:00:00+00:00, run_after=2022-01-01T00:00:00+00:00
[2022-09-02T11:54:04.847+0000] {logging_mixin.py:115} INFO - [2022-09-02T11:54:04.847+0000] {dag.py:2981} INFO - Setting next_dagrun for example_subdag_operator.section-1 to None, run_after=None
[2022-09-02T11:54:04.848+0000] {logging_mixin.py:115} INFO - [2022-09-02T11:54:04.848+0000] {dag.py:2981} INFO - Setting next_dagrun for example_subdag_operator.section-2 to None, run_after=None
[2022-09-02T11:54:04.853+0000] {logging_mixin.py:115} INFO - [2022-09-02T11:54:04.853+0000] {dag.py:2429} INFO - Sync 2 DAGs
[2022-09-02T11:54:04.858+0000] {logging_mixin.py:115} INFO - [2022-09-02T11:54:04.858+0000] {dag.py:2981} INFO - Setting next_dagrun for example_subdag_operator.section-1 to None, run_after=None
[2022-09-02T11:54:04.878+0000] {logging_mixin.py:115} INFO - [2022-09-02T11:54:04.878+0000] {dag.py:2981} INFO - Setting next_dagrun for example_subdag_operator.section-2 to None, run_after=None
[2022-09-02T11:54:04.884+0000] {processor.py:161} INFO - Processing /home/airflow/.local/lib/python3.7/site-packages/airflow/example_dags/example_subdag_operator.py took 0.169 seconds
[2022-09-02T11:54:35.540+0000] {processor.py:153} INFO - Started process (PID=2999) to work on /home/airflow/.local/lib/python3.7/site-packages/airflow/example_dags/example_subdag_operator.py
[2022-09-02T11:54:35.542+0000] {processor.py:640} INFO - Processing file /home/airflow/.local/lib/python3.7/site-packages/airflow/example_dags/example_subdag_operator.py for tasks to queue
[2022-09-02T11:54:35.543+0000] {logging_mixin.py:115} INFO - [2022-09-02T11:54:35.543+0000] {dagbag.py:508} INFO - Filling up the DagBag from /home/airflow/.local/lib/python3.7/site-packages/airflow/example_dags/example_subdag_operator.py
[2022-09-02T11:54:35.564+0000] {processor.py:650} INFO - DAG(s) dict_keys(['example_subdag_operator.section-1', 'example_subdag_operator.section-2', 'example_subdag_operator']) retrieved from /home/airflow/.local/lib/python3.7/site-packages/airflow/example_dags/example_subdag_operator.py
[2022-09-02T11:54:35.659+0000] {logging_mixin.py:115} INFO - [2022-09-02T11:54:35.659+0000] {dag.py:2429} INFO - Sync 3 DAGs
[2022-09-02T11:54:35.671+0000] {logging_mixin.py:115} INFO - [2022-09-02T11:54:35.671+0000] {dag.py:2981} INFO - Setting next_dagrun for example_subdag_operator to 2022-01-01T00:00:00+00:00, run_after=2022-01-01T00:00:00+00:00
[2022-09-02T11:54:35.672+0000] {logging_mixin.py:115} INFO - [2022-09-02T11:54:35.672+0000] {dag.py:2981} INFO - Setting next_dagrun for example_subdag_operator.section-1 to None, run_after=None
[2022-09-02T11:54:35.673+0000] {logging_mixin.py:115} INFO - [2022-09-02T11:54:35.673+0000] {dag.py:2981} INFO - Setting next_dagrun for example_subdag_operator.section-2 to None, run_after=None
[2022-09-02T11:54:35.677+0000] {logging_mixin.py:115} INFO - [2022-09-02T11:54:35.677+0000] {dag.py:2429} INFO - Sync 2 DAGs
[2022-09-02T11:54:35.681+0000] {logging_mixin.py:115} INFO - [2022-09-02T11:54:35.681+0000] {dag.py:2981} INFO - Setting next_dagrun for example_subdag_operator.section-1 to None, run_after=None
[2022-09-02T11:54:35.683+0000] {logging_mixin.py:115} INFO - [2022-09-02T11:54:35.683+0000] {dag.py:2981} INFO - Setting next_dagrun for example_subdag_operator.section-2 to None, run_after=None
[2022-09-02T11:54:35.689+0000] {processor.py:161} INFO - Processing /home/airflow/.local/lib/python3.7/site-packages/airflow/example_dags/example_subdag_operator.py took 0.153 seconds
[2022-09-02T11:55:06.330+0000] {processor.py:153} INFO - Started process (PID=3199) to work on /home/airflow/.local/lib/python3.7/site-packages/airflow/example_dags/example_subdag_operator.py
[2022-09-02T11:55:06.332+0000] {processor.py:640} INFO - Processing file /home/airflow/.local/lib/python3.7/site-packages/airflow/example_dags/example_subdag_operator.py for tasks to queue
[2022-09-02T11:55:06.333+0000] {logging_mixin.py:115} INFO - [2022-09-02T11:55:06.333+0000] {dagbag.py:508} INFO - Filling up the DagBag from /home/airflow/.local/lib/python3.7/site-packages/airflow/example_dags/example_subdag_operator.py
[2022-09-02T11:55:06.354+0000] {processor.py:650} INFO - DAG(s) dict_keys(['example_subdag_operator.section-1', 'example_subdag_operator.section-2', 'example_subdag_operator']) retrieved from /home/airflow/.local/lib/python3.7/site-packages/airflow/example_dags/example_subdag_operator.py
[2022-09-02T11:55:06.447+0000] {logging_mixin.py:115} INFO - [2022-09-02T11:55:06.446+0000] {dag.py:2429} INFO - Sync 3 DAGs
[2022-09-02T11:55:06.460+0000] {logging_mixin.py:115} INFO - [2022-09-02T11:55:06.460+0000] {dag.py:2981} INFO - Setting next_dagrun for example_subdag_operator to 2022-01-01T00:00:00+00:00, run_after=2022-01-01T00:00:00+00:00
[2022-09-02T11:55:06.461+0000] {logging_mixin.py:115} INFO - [2022-09-02T11:55:06.461+0000] {dag.py:2981} INFO - Setting next_dagrun for example_subdag_operator.section-1 to None, run_after=None
[2022-09-02T11:55:06.462+0000] {logging_mixin.py:115} INFO - [2022-09-02T11:55:06.462+0000] {dag.py:2981} INFO - Setting next_dagrun for example_subdag_operator.section-2 to None, run_after=None
[2022-09-02T11:55:06.467+0000] {logging_mixin.py:115} INFO - [2022-09-02T11:55:06.467+0000] {dag.py:2429} INFO - Sync 2 DAGs
[2022-09-02T11:55:06.471+0000] {logging_mixin.py:115} INFO - [2022-09-02T11:55:06.471+0000] {dag.py:2981} INFO - Setting next_dagrun for example_subdag_operator.section-1 to None, run_after=None
[2022-09-02T11:55:06.472+0000] {logging_mixin.py:115} INFO - [2022-09-02T11:55:06.472+0000] {dag.py:2981} INFO - Setting next_dagrun for example_subdag_operator.section-2 to None, run_after=None
[2022-09-02T11:55:06.477+0000] {processor.py:161} INFO - Processing /home/airflow/.local/lib/python3.7/site-packages/airflow/example_dags/example_subdag_operator.py took 0.149 seconds
[2022-09-02T11:55:37.125+0000] {processor.py:153} INFO - Started process (PID=3395) to work on /home/airflow/.local/lib/python3.7/site-packages/airflow/example_dags/example_subdag_operator.py
[2022-09-02T11:55:37.127+0000] {processor.py:640} INFO - Processing file /home/airflow/.local/lib/python3.7/site-packages/airflow/example_dags/example_subdag_operator.py for tasks to queue
[2022-09-02T11:55:37.128+0000] {logging_mixin.py:115} INFO - [2022-09-02T11:55:37.128+0000] {dagbag.py:508} INFO - Filling up the DagBag from /home/airflow/.local/lib/python3.7/site-packages/airflow/example_dags/example_subdag_operator.py
[2022-09-02T11:55:37.149+0000] {processor.py:650} INFO - DAG(s) dict_keys(['example_subdag_operator.section-1', 'example_subdag_operator.section-2', 'example_subdag_operator']) retrieved from /home/airflow/.local/lib/python3.7/site-packages/airflow/example_dags/example_subdag_operator.py
[2022-09-02T11:55:37.234+0000] {logging_mixin.py:115} INFO - [2022-09-02T11:55:37.234+0000] {dag.py:2429} INFO - Sync 3 DAGs
[2022-09-02T11:55:37.247+0000] {logging_mixin.py:115} INFO - [2022-09-02T11:55:37.247+0000] {dag.py:2981} INFO - Setting next_dagrun for example_subdag_operator to 2022-01-01T00:00:00+00:00, run_after=2022-01-01T00:00:00+00:00
[2022-09-02T11:55:37.248+0000] {logging_mixin.py:115} INFO - [2022-09-02T11:55:37.248+0000] {dag.py:2981} INFO - Setting next_dagrun for example_subdag_operator.section-1 to None, run_after=None
[2022-09-02T11:55:37.249+0000] {logging_mixin.py:115} INFO - [2022-09-02T11:55:37.249+0000] {dag.py:2981} INFO - Setting next_dagrun for example_subdag_operator.section-2 to None, run_after=None
[2022-09-02T11:55:37.254+0000] {logging_mixin.py:115} INFO - [2022-09-02T11:55:37.254+0000] {dag.py:2429} INFO - Sync 2 DAGs
[2022-09-02T11:55:37.258+0000] {logging_mixin.py:115} INFO - [2022-09-02T11:55:37.258+0000] {dag.py:2981} INFO - Setting next_dagrun for example_subdag_operator.section-1 to None, run_after=None
[2022-09-02T11:55:37.260+0000] {logging_mixin.py:115} INFO - [2022-09-02T11:55:37.260+0000] {dag.py:2981} INFO - Setting next_dagrun for example_subdag_operator.section-2 to None, run_after=None
[2022-09-02T11:55:37.265+0000] {processor.py:161} INFO - Processing /home/airflow/.local/lib/python3.7/site-packages/airflow/example_dags/example_subdag_operator.py took 0.142 seconds
[2022-09-02T11:56:07.905+0000] {processor.py:153} INFO - Started process (PID=3591) to work on /home/airflow/.local/lib/python3.7/site-packages/airflow/example_dags/example_subdag_operator.py
[2022-09-02T11:56:07.907+0000] {processor.py:640} INFO - Processing file /home/airflow/.local/lib/python3.7/site-packages/airflow/example_dags/example_subdag_operator.py for tasks to queue
[2022-09-02T11:56:07.908+0000] {logging_mixin.py:115} INFO - [2022-09-02T11:56:07.908+0000] {dagbag.py:508} INFO - Filling up the DagBag from /home/airflow/.local/lib/python3.7/site-packages/airflow/example_dags/example_subdag_operator.py
[2022-09-02T11:56:07.927+0000] {processor.py:650} INFO - DAG(s) dict_keys(['example_subdag_operator.section-1', 'example_subdag_operator.section-2', 'example_subdag_operator']) retrieved from /home/airflow/.local/lib/python3.7/site-packages/airflow/example_dags/example_subdag_operator.py
[2022-09-02T11:56:08.025+0000] {logging_mixin.py:115} INFO - [2022-09-02T11:56:08.025+0000] {dag.py:2429} INFO - Sync 3 DAGs
[2022-09-02T11:56:08.041+0000] {logging_mixin.py:115} INFO - [2022-09-02T11:56:08.041+0000] {dag.py:2981} INFO - Setting next_dagrun for example_subdag_operator to 2022-01-01T00:00:00+00:00, run_after=2022-01-01T00:00:00+00:00
[2022-09-02T11:56:08.042+0000] {logging_mixin.py:115} INFO - [2022-09-02T11:56:08.042+0000] {dag.py:2981} INFO - Setting next_dagrun for example_subdag_operator.section-1 to None, run_after=None
[2022-09-02T11:56:08.043+0000] {logging_mixin.py:115} INFO - [2022-09-02T11:56:08.043+0000] {dag.py:2981} INFO - Setting next_dagrun for example_subdag_operator.section-2 to None, run_after=None
[2022-09-02T11:56:08.049+0000] {logging_mixin.py:115} INFO - [2022-09-02T11:56:08.049+0000] {dag.py:2429} INFO - Sync 2 DAGs
[2022-09-02T11:56:08.056+0000] {logging_mixin.py:115} INFO - [2022-09-02T11:56:08.056+0000] {dag.py:2981} INFO - Setting next_dagrun for example_subdag_operator.section-1 to None, run_after=None
[2022-09-02T11:56:08.057+0000] {logging_mixin.py:115} INFO - [2022-09-02T11:56:08.057+0000] {dag.py:2981} INFO - Setting next_dagrun for example_subdag_operator.section-2 to None, run_after=None
[2022-09-02T11:56:08.063+0000] {processor.py:161} INFO - Processing /home/airflow/.local/lib/python3.7/site-packages/airflow/example_dags/example_subdag_operator.py took 0.161 seconds
[2022-09-02T11:56:38.764+0000] {processor.py:153} INFO - Started process (PID=3778) to work on /home/airflow/.local/lib/python3.7/site-packages/airflow/example_dags/example_subdag_operator.py
[2022-09-02T11:56:38.766+0000] {processor.py:640} INFO - Processing file /home/airflow/.local/lib/python3.7/site-packages/airflow/example_dags/example_subdag_operator.py for tasks to queue
[2022-09-02T11:56:38.767+0000] {logging_mixin.py:115} INFO - [2022-09-02T11:56:38.767+0000] {dagbag.py:508} INFO - Filling up the DagBag from /home/airflow/.local/lib/python3.7/site-packages/airflow/example_dags/example_subdag_operator.py
[2022-09-02T11:56:38.785+0000] {processor.py:650} INFO - DAG(s) dict_keys(['example_subdag_operator.section-1', 'example_subdag_operator.section-2', 'example_subdag_operator']) retrieved from /home/airflow/.local/lib/python3.7/site-packages/airflow/example_dags/example_subdag_operator.py
[2022-09-02T11:56:38.873+0000] {logging_mixin.py:115} INFO - [2022-09-02T11:56:38.873+0000] {dag.py:2429} INFO - Sync 3 DAGs
[2022-09-02T11:56:38.885+0000] {logging_mixin.py:115} INFO - [2022-09-02T11:56:38.885+0000] {dag.py:2981} INFO - Setting next_dagrun for example_subdag_operator to 2022-01-01T00:00:00+00:00, run_after=2022-01-01T00:00:00+00:00
[2022-09-02T11:56:38.887+0000] {logging_mixin.py:115} INFO - [2022-09-02T11:56:38.887+0000] {dag.py:2981} INFO - Setting next_dagrun for example_subdag_operator.section-1 to None, run_after=None
[2022-09-02T11:56:38.888+0000] {logging_mixin.py:115} INFO - [2022-09-02T11:56:38.888+0000] {dag.py:2981} INFO - Setting next_dagrun for example_subdag_operator.section-2 to None, run_after=None
[2022-09-02T11:56:38.893+0000] {logging_mixin.py:115} INFO - [2022-09-02T11:56:38.893+0000] {dag.py:2429} INFO - Sync 2 DAGs
[2022-09-02T11:56:38.899+0000] {logging_mixin.py:115} INFO - [2022-09-02T11:56:38.899+0000] {dag.py:2981} INFO - Setting next_dagrun for example_subdag_operator.section-1 to None, run_after=None
[2022-09-02T11:56:38.900+0000] {logging_mixin.py:115} INFO - [2022-09-02T11:56:38.900+0000] {dag.py:2981} INFO - Setting next_dagrun for example_subdag_operator.section-2 to None, run_after=None
[2022-09-02T11:56:38.907+0000] {processor.py:161} INFO - Processing /home/airflow/.local/lib/python3.7/site-packages/airflow/example_dags/example_subdag_operator.py took 0.145 seconds
[2022-09-02T11:57:09.557+0000] {processor.py:153} INFO - Started process (PID=3975) to work on /home/airflow/.local/lib/python3.7/site-packages/airflow/example_dags/example_subdag_operator.py
[2022-09-02T11:57:09.560+0000] {processor.py:640} INFO - Processing file /home/airflow/.local/lib/python3.7/site-packages/airflow/example_dags/example_subdag_operator.py for tasks to queue
[2022-09-02T11:57:09.562+0000] {logging_mixin.py:115} INFO - [2022-09-02T11:57:09.562+0000] {dagbag.py:508} INFO - Filling up the DagBag from /home/airflow/.local/lib/python3.7/site-packages/airflow/example_dags/example_subdag_operator.py
[2022-09-02T11:57:09.580+0000] {processor.py:650} INFO - DAG(s) dict_keys(['example_subdag_operator.section-1', 'example_subdag_operator.section-2', 'example_subdag_operator']) retrieved from /home/airflow/.local/lib/python3.7/site-packages/airflow/example_dags/example_subdag_operator.py
[2022-09-02T11:57:09.670+0000] {logging_mixin.py:115} INFO - [2022-09-02T11:57:09.670+0000] {dag.py:2429} INFO - Sync 3 DAGs
[2022-09-02T11:57:09.684+0000] {logging_mixin.py:115} INFO - [2022-09-02T11:57:09.684+0000] {dag.py:2981} INFO - Setting next_dagrun for example_subdag_operator to 2022-01-01T00:00:00+00:00, run_after=2022-01-01T00:00:00+00:00
[2022-09-02T11:57:09.685+0000] {logging_mixin.py:115} INFO - [2022-09-02T11:57:09.685+0000] {dag.py:2981} INFO - Setting next_dagrun for example_subdag_operator.section-1 to None, run_after=None
[2022-09-02T11:57:09.687+0000] {logging_mixin.py:115} INFO - [2022-09-02T11:57:09.687+0000] {dag.py:2981} INFO - Setting next_dagrun for example_subdag_operator.section-2 to None, run_after=None
[2022-09-02T11:57:09.692+0000] {logging_mixin.py:115} INFO - [2022-09-02T11:57:09.692+0000] {dag.py:2429} INFO - Sync 2 DAGs
[2022-09-02T11:57:09.696+0000] {logging_mixin.py:115} INFO - [2022-09-02T11:57:09.696+0000] {dag.py:2981} INFO - Setting next_dagrun for example_subdag_operator.section-1 to None, run_after=None
[2022-09-02T11:57:09.698+0000] {logging_mixin.py:115} INFO - [2022-09-02T11:57:09.698+0000] {dag.py:2981} INFO - Setting next_dagrun for example_subdag_operator.section-2 to None, run_after=None
[2022-09-02T11:57:09.703+0000] {processor.py:161} INFO - Processing /home/airflow/.local/lib/python3.7/site-packages/airflow/example_dags/example_subdag_operator.py took 0.148 seconds
[2022-09-02T11:57:40.448+0000] {processor.py:153} INFO - Started process (PID=4170) to work on /home/airflow/.local/lib/python3.7/site-packages/airflow/example_dags/example_subdag_operator.py
[2022-09-02T11:57:40.450+0000] {processor.py:640} INFO - Processing file /home/airflow/.local/lib/python3.7/site-packages/airflow/example_dags/example_subdag_operator.py for tasks to queue
[2022-09-02T11:57:40.453+0000] {logging_mixin.py:115} INFO - [2022-09-02T11:57:40.453+0000] {dagbag.py:508} INFO - Filling up the DagBag from /home/airflow/.local/lib/python3.7/site-packages/airflow/example_dags/example_subdag_operator.py
[2022-09-02T11:57:40.473+0000] {processor.py:650} INFO - DAG(s) dict_keys(['example_subdag_operator.section-1', 'example_subdag_operator.section-2', 'example_subdag_operator']) retrieved from /home/airflow/.local/lib/python3.7/site-packages/airflow/example_dags/example_subdag_operator.py
[2022-09-02T11:57:40.559+0000] {logging_mixin.py:115} INFO - [2022-09-02T11:57:40.559+0000] {dag.py:2429} INFO - Sync 3 DAGs
[2022-09-02T11:57:40.573+0000] {logging_mixin.py:115} INFO - [2022-09-02T11:57:40.573+0000] {dag.py:2981} INFO - Setting next_dagrun for example_subdag_operator to 2022-01-01T00:00:00+00:00, run_after=2022-01-01T00:00:00+00:00
[2022-09-02T11:57:40.576+0000] {logging_mixin.py:115} INFO - [2022-09-02T11:57:40.576+0000] {dag.py:2981} INFO - Setting next_dagrun for example_subdag_operator.section-1 to None, run_after=None
[2022-09-02T11:57:40.577+0000] {logging_mixin.py:115} INFO - [2022-09-02T11:57:40.577+0000] {dag.py:2981} INFO - Setting next_dagrun for example_subdag_operator.section-2 to None, run_after=None
[2022-09-02T11:57:40.584+0000] {logging_mixin.py:115} INFO - [2022-09-02T11:57:40.584+0000] {dag.py:2429} INFO - Sync 2 DAGs
[2022-09-02T11:57:40.588+0000] {logging_mixin.py:115} INFO - [2022-09-02T11:57:40.588+0000] {dag.py:2981} INFO - Setting next_dagrun for example_subdag_operator.section-1 to None, run_after=None
[2022-09-02T11:57:40.589+0000] {logging_mixin.py:115} INFO - [2022-09-02T11:57:40.589+0000] {dag.py:2981} INFO - Setting next_dagrun for example_subdag_operator.section-2 to None, run_after=None
[2022-09-02T11:57:40.593+0000] {processor.py:161} INFO - Processing /home/airflow/.local/lib/python3.7/site-packages/airflow/example_dags/example_subdag_operator.py took 0.148 seconds
[2022-09-02T11:58:11.306+0000] {processor.py:153} INFO - Started process (PID=4367) to work on /home/airflow/.local/lib/python3.7/site-packages/airflow/example_dags/example_subdag_operator.py
[2022-09-02T11:58:11.308+0000] {processor.py:640} INFO - Processing file /home/airflow/.local/lib/python3.7/site-packages/airflow/example_dags/example_subdag_operator.py for tasks to queue
[2022-09-02T11:58:11.309+0000] {logging_mixin.py:115} INFO - [2022-09-02T11:58:11.309+0000] {dagbag.py:508} INFO - Filling up the DagBag from /home/airflow/.local/lib/python3.7/site-packages/airflow/example_dags/example_subdag_operator.py
[2022-09-02T11:58:11.327+0000] {processor.py:650} INFO - DAG(s) dict_keys(['example_subdag_operator.section-1', 'example_subdag_operator.section-2', 'example_subdag_operator']) retrieved from /home/airflow/.local/lib/python3.7/site-packages/airflow/example_dags/example_subdag_operator.py
[2022-09-02T11:58:11.415+0000] {logging_mixin.py:115} INFO - [2022-09-02T11:58:11.415+0000] {dag.py:2429} INFO - Sync 3 DAGs
[2022-09-02T11:58:11.429+0000] {logging_mixin.py:115} INFO - [2022-09-02T11:58:11.428+0000] {dag.py:2981} INFO - Setting next_dagrun for example_subdag_operator to 2022-01-01T00:00:00+00:00, run_after=2022-01-01T00:00:00+00:00
[2022-09-02T11:58:11.430+0000] {logging_mixin.py:115} INFO - [2022-09-02T11:58:11.430+0000] {dag.py:2981} INFO - Setting next_dagrun for example_subdag_operator.section-1 to None, run_after=None
[2022-09-02T11:58:11.431+0000] {logging_mixin.py:115} INFO - [2022-09-02T11:58:11.431+0000] {dag.py:2981} INFO - Setting next_dagrun for example_subdag_operator.section-2 to None, run_after=None
[2022-09-02T11:58:11.436+0000] {logging_mixin.py:115} INFO - [2022-09-02T11:58:11.436+0000] {dag.py:2429} INFO - Sync 2 DAGs
[2022-09-02T11:58:11.440+0000] {logging_mixin.py:115} INFO - [2022-09-02T11:58:11.440+0000] {dag.py:2981} INFO - Setting next_dagrun for example_subdag_operator.section-1 to None, run_after=None
[2022-09-02T11:58:11.442+0000] {logging_mixin.py:115} INFO - [2022-09-02T11:58:11.442+0000] {dag.py:2981} INFO - Setting next_dagrun for example_subdag_operator.section-2 to None, run_after=None
[2022-09-02T11:58:11.447+0000] {processor.py:161} INFO - Processing /home/airflow/.local/lib/python3.7/site-packages/airflow/example_dags/example_subdag_operator.py took 0.143 seconds
[2022-09-02T11:58:42.100+0000] {processor.py:153} INFO - Started process (PID=4564) to work on /home/airflow/.local/lib/python3.7/site-packages/airflow/example_dags/example_subdag_operator.py
[2022-09-02T11:58:42.102+0000] {processor.py:640} INFO - Processing file /home/airflow/.local/lib/python3.7/site-packages/airflow/example_dags/example_subdag_operator.py for tasks to queue
[2022-09-02T11:58:42.104+0000] {logging_mixin.py:115} INFO - [2022-09-02T11:58:42.104+0000] {dagbag.py:508} INFO - Filling up the DagBag from /home/airflow/.local/lib/python3.7/site-packages/airflow/example_dags/example_subdag_operator.py
[2022-09-02T11:58:42.126+0000] {processor.py:650} INFO - DAG(s) dict_keys(['example_subdag_operator.section-1', 'example_subdag_operator.section-2', 'example_subdag_operator']) retrieved from /home/airflow/.local/lib/python3.7/site-packages/airflow/example_dags/example_subdag_operator.py
[2022-09-02T11:58:42.214+0000] {logging_mixin.py:115} INFO - [2022-09-02T11:58:42.214+0000] {dag.py:2429} INFO - Sync 3 DAGs
[2022-09-02T11:58:42.226+0000] {logging_mixin.py:115} INFO - [2022-09-02T11:58:42.226+0000] {dag.py:2981} INFO - Setting next_dagrun for example_subdag_operator to 2022-01-01T00:00:00+00:00, run_after=2022-01-01T00:00:00+00:00
[2022-09-02T11:58:42.228+0000] {logging_mixin.py:115} INFO - [2022-09-02T11:58:42.228+0000] {dag.py:2981} INFO - Setting next_dagrun for example_subdag_operator.section-1 to None, run_after=None
[2022-09-02T11:58:42.229+0000] {logging_mixin.py:115} INFO - [2022-09-02T11:58:42.229+0000] {dag.py:2981} INFO - Setting next_dagrun for example_subdag_operator.section-2 to None, run_after=None
[2022-09-02T11:58:42.234+0000] {logging_mixin.py:115} INFO - [2022-09-02T11:58:42.234+0000] {dag.py:2429} INFO - Sync 2 DAGs
[2022-09-02T11:58:42.238+0000] {logging_mixin.py:115} INFO - [2022-09-02T11:58:42.238+0000] {dag.py:2981} INFO - Setting next_dagrun for example_subdag_operator.section-1 to None, run_after=None
[2022-09-02T11:58:42.239+0000] {logging_mixin.py:115} INFO - [2022-09-02T11:58:42.239+0000] {dag.py:2981} INFO - Setting next_dagrun for example_subdag_operator.section-2 to None, run_after=None
[2022-09-02T11:58:42.244+0000] {processor.py:161} INFO - Processing /home/airflow/.local/lib/python3.7/site-packages/airflow/example_dags/example_subdag_operator.py took 0.147 seconds
[2022-09-02T11:59:13.071+0000] {processor.py:153} INFO - Started process (PID=4761) to work on /home/airflow/.local/lib/python3.7/site-packages/airflow/example_dags/example_subdag_operator.py
[2022-09-02T11:59:13.073+0000] {processor.py:640} INFO - Processing file /home/airflow/.local/lib/python3.7/site-packages/airflow/example_dags/example_subdag_operator.py for tasks to queue
[2022-09-02T11:59:13.075+0000] {logging_mixin.py:115} INFO - [2022-09-02T11:59:13.075+0000] {dagbag.py:508} INFO - Filling up the DagBag from /home/airflow/.local/lib/python3.7/site-packages/airflow/example_dags/example_subdag_operator.py
[2022-09-02T11:59:13.099+0000] {processor.py:650} INFO - DAG(s) dict_keys(['example_subdag_operator.section-1', 'example_subdag_operator.section-2', 'example_subdag_operator']) retrieved from /home/airflow/.local/lib/python3.7/site-packages/airflow/example_dags/example_subdag_operator.py
[2022-09-02T11:59:13.192+0000] {logging_mixin.py:115} INFO - [2022-09-02T11:59:13.192+0000] {dag.py:2429} INFO - Sync 3 DAGs
[2022-09-02T11:59:13.206+0000] {logging_mixin.py:115} INFO - [2022-09-02T11:59:13.205+0000] {dag.py:2981} INFO - Setting next_dagrun for example_subdag_operator to 2022-01-01T00:00:00+00:00, run_after=2022-01-01T00:00:00+00:00
[2022-09-02T11:59:13.207+0000] {logging_mixin.py:115} INFO - [2022-09-02T11:59:13.207+0000] {dag.py:2981} INFO - Setting next_dagrun for example_subdag_operator.section-1 to None, run_after=None
[2022-09-02T11:59:13.208+0000] {logging_mixin.py:115} INFO - [2022-09-02T11:59:13.208+0000] {dag.py:2981} INFO - Setting next_dagrun for example_subdag_operator.section-2 to None, run_after=None
[2022-09-02T11:59:13.213+0000] {logging_mixin.py:115} INFO - [2022-09-02T11:59:13.213+0000] {dag.py:2429} INFO - Sync 2 DAGs
[2022-09-02T11:59:13.217+0000] {logging_mixin.py:115} INFO - [2022-09-02T11:59:13.217+0000] {dag.py:2981} INFO - Setting next_dagrun for example_subdag_operator.section-1 to None, run_after=None
[2022-09-02T11:59:13.219+0000] {logging_mixin.py:115} INFO - [2022-09-02T11:59:13.219+0000] {dag.py:2981} INFO - Setting next_dagrun for example_subdag_operator.section-2 to None, run_after=None
[2022-09-02T11:59:13.224+0000] {processor.py:161} INFO - Processing /home/airflow/.local/lib/python3.7/site-packages/airflow/example_dags/example_subdag_operator.py took 0.156 seconds
[2022-09-02T11:59:43.825+0000] {processor.py:153} INFO - Started process (PID=4949) to work on /home/airflow/.local/lib/python3.7/site-packages/airflow/example_dags/example_subdag_operator.py
[2022-09-02T11:59:43.826+0000] {processor.py:640} INFO - Processing file /home/airflow/.local/lib/python3.7/site-packages/airflow/example_dags/example_subdag_operator.py for tasks to queue
[2022-09-02T11:59:43.827+0000] {logging_mixin.py:115} INFO - [2022-09-02T11:59:43.827+0000] {dagbag.py:508} INFO - Filling up the DagBag from /home/airflow/.local/lib/python3.7/site-packages/airflow/example_dags/example_subdag_operator.py
[2022-09-02T11:59:43.845+0000] {processor.py:650} INFO - DAG(s) dict_keys(['example_subdag_operator.section-1', 'example_subdag_operator.section-2', 'example_subdag_operator']) retrieved from /home/airflow/.local/lib/python3.7/site-packages/airflow/example_dags/example_subdag_operator.py
[2022-09-02T11:59:43.930+0000] {logging_mixin.py:115} INFO - [2022-09-02T11:59:43.930+0000] {dag.py:2429} INFO - Sync 3 DAGs
[2022-09-02T11:59:43.942+0000] {logging_mixin.py:115} INFO - [2022-09-02T11:59:43.942+0000] {dag.py:2981} INFO - Setting next_dagrun for example_subdag_operator to 2022-01-01T00:00:00+00:00, run_after=2022-01-01T00:00:00+00:00
[2022-09-02T11:59:43.943+0000] {logging_mixin.py:115} INFO - [2022-09-02T11:59:43.943+0000] {dag.py:2981} INFO - Setting next_dagrun for example_subdag_operator.section-1 to None, run_after=None
[2022-09-02T11:59:43.945+0000] {logging_mixin.py:115} INFO - [2022-09-02T11:59:43.944+0000] {dag.py:2981} INFO - Setting next_dagrun for example_subdag_operator.section-2 to None, run_after=None
[2022-09-02T11:59:43.949+0000] {logging_mixin.py:115} INFO - [2022-09-02T11:59:43.949+0000] {dag.py:2429} INFO - Sync 2 DAGs
[2022-09-02T11:59:43.953+0000] {logging_mixin.py:115} INFO - [2022-09-02T11:59:43.953+0000] {dag.py:2981} INFO - Setting next_dagrun for example_subdag_operator.section-1 to None, run_after=None
[2022-09-02T11:59:43.954+0000] {logging_mixin.py:115} INFO - [2022-09-02T11:59:43.954+0000] {dag.py:2981} INFO - Setting next_dagrun for example_subdag_operator.section-2 to None, run_after=None
[2022-09-02T11:59:43.959+0000] {processor.py:161} INFO - Processing /home/airflow/.local/lib/python3.7/site-packages/airflow/example_dags/example_subdag_operator.py took 0.136 seconds
[2022-09-02T12:00:14.715+0000] {processor.py:153} INFO - Started process (PID=5146) to work on /home/airflow/.local/lib/python3.7/site-packages/airflow/example_dags/example_subdag_operator.py
[2022-09-02T12:00:14.718+0000] {processor.py:640} INFO - Processing file /home/airflow/.local/lib/python3.7/site-packages/airflow/example_dags/example_subdag_operator.py for tasks to queue
[2022-09-02T12:00:14.719+0000] {logging_mixin.py:115} INFO - [2022-09-02T12:00:14.719+0000] {dagbag.py:508} INFO - Filling up the DagBag from /home/airflow/.local/lib/python3.7/site-packages/airflow/example_dags/example_subdag_operator.py
[2022-09-02T12:00:14.738+0000] {processor.py:650} INFO - DAG(s) dict_keys(['example_subdag_operator.section-1', 'example_subdag_operator.section-2', 'example_subdag_operator']) retrieved from /home/airflow/.local/lib/python3.7/site-packages/airflow/example_dags/example_subdag_operator.py
[2022-09-02T12:00:14.835+0000] {logging_mixin.py:115} INFO - [2022-09-02T12:00:14.835+0000] {dag.py:2429} INFO - Sync 3 DAGs
[2022-09-02T12:00:14.848+0000] {logging_mixin.py:115} INFO - [2022-09-02T12:00:14.848+0000] {dag.py:2981} INFO - Setting next_dagrun for example_subdag_operator to 2022-01-01T00:00:00+00:00, run_after=2022-01-01T00:00:00+00:00
[2022-09-02T12:00:14.849+0000] {logging_mixin.py:115} INFO - [2022-09-02T12:00:14.849+0000] {dag.py:2981} INFO - Setting next_dagrun for example_subdag_operator.section-1 to None, run_after=None
[2022-09-02T12:00:14.850+0000] {logging_mixin.py:115} INFO - [2022-09-02T12:00:14.850+0000] {dag.py:2981} INFO - Setting next_dagrun for example_subdag_operator.section-2 to None, run_after=None
[2022-09-02T12:00:14.854+0000] {logging_mixin.py:115} INFO - [2022-09-02T12:00:14.854+0000] {dag.py:2429} INFO - Sync 2 DAGs
[2022-09-02T12:00:14.859+0000] {logging_mixin.py:115} INFO - [2022-09-02T12:00:14.859+0000] {dag.py:2981} INFO - Setting next_dagrun for example_subdag_operator.section-1 to None, run_after=None
[2022-09-02T12:00:14.860+0000] {logging_mixin.py:115} INFO - [2022-09-02T12:00:14.860+0000] {dag.py:2981} INFO - Setting next_dagrun for example_subdag_operator.section-2 to None, run_after=None
[2022-09-02T12:00:14.865+0000] {processor.py:161} INFO - Processing /home/airflow/.local/lib/python3.7/site-packages/airflow/example_dags/example_subdag_operator.py took 0.152 seconds
[2022-09-02T12:00:45.577+0000] {processor.py:153} INFO - Started process (PID=5343) to work on /home/airflow/.local/lib/python3.7/site-packages/airflow/example_dags/example_subdag_operator.py
[2022-09-02T12:00:45.578+0000] {processor.py:640} INFO - Processing file /home/airflow/.local/lib/python3.7/site-packages/airflow/example_dags/example_subdag_operator.py for tasks to queue
[2022-09-02T12:00:45.580+0000] {logging_mixin.py:115} INFO - [2022-09-02T12:00:45.579+0000] {dagbag.py:508} INFO - Filling up the DagBag from /home/airflow/.local/lib/python3.7/site-packages/airflow/example_dags/example_subdag_operator.py
[2022-09-02T12:00:45.598+0000] {processor.py:650} INFO - DAG(s) dict_keys(['example_subdag_operator.section-1', 'example_subdag_operator.section-2', 'example_subdag_operator']) retrieved from /home/airflow/.local/lib/python3.7/site-packages/airflow/example_dags/example_subdag_operator.py
[2022-09-02T12:00:45.684+0000] {logging_mixin.py:115} INFO - [2022-09-02T12:00:45.684+0000] {dag.py:2429} INFO - Sync 3 DAGs
[2022-09-02T12:00:45.697+0000] {logging_mixin.py:115} INFO - [2022-09-02T12:00:45.697+0000] {dag.py:2981} INFO - Setting next_dagrun for example_subdag_operator to 2022-01-01T00:00:00+00:00, run_after=2022-01-01T00:00:00+00:00
[2022-09-02T12:00:45.699+0000] {logging_mixin.py:115} INFO - [2022-09-02T12:00:45.699+0000] {dag.py:2981} INFO - Setting next_dagrun for example_subdag_operator.section-1 to None, run_after=None
[2022-09-02T12:00:45.700+0000] {logging_mixin.py:115} INFO - [2022-09-02T12:00:45.700+0000] {dag.py:2981} INFO - Setting next_dagrun for example_subdag_operator.section-2 to None, run_after=None
[2022-09-02T12:00:45.704+0000] {logging_mixin.py:115} INFO - [2022-09-02T12:00:45.704+0000] {dag.py:2429} INFO - Sync 2 DAGs
[2022-09-02T12:00:45.709+0000] {logging_mixin.py:115} INFO - [2022-09-02T12:00:45.709+0000] {dag.py:2981} INFO - Setting next_dagrun for example_subdag_operator.section-1 to None, run_after=None
[2022-09-02T12:00:45.710+0000] {logging_mixin.py:115} INFO - [2022-09-02T12:00:45.710+0000] {dag.py:2981} INFO - Setting next_dagrun for example_subdag_operator.section-2 to None, run_after=None
[2022-09-02T12:00:45.715+0000] {processor.py:161} INFO - Processing /home/airflow/.local/lib/python3.7/site-packages/airflow/example_dags/example_subdag_operator.py took 0.140 seconds
[2022-09-02T12:01:16.156+0000] {processor.py:153} INFO - Started process (PID=5540) to work on /home/airflow/.local/lib/python3.7/site-packages/airflow/example_dags/example_subdag_operator.py
[2022-09-02T12:01:16.158+0000] {processor.py:640} INFO - Processing file /home/airflow/.local/lib/python3.7/site-packages/airflow/example_dags/example_subdag_operator.py for tasks to queue
[2022-09-02T12:01:16.159+0000] {logging_mixin.py:115} INFO - [2022-09-02T12:01:16.159+0000] {dagbag.py:508} INFO - Filling up the DagBag from /home/airflow/.local/lib/python3.7/site-packages/airflow/example_dags/example_subdag_operator.py
[2022-09-02T12:01:16.179+0000] {processor.py:650} INFO - DAG(s) dict_keys(['example_subdag_operator.section-1', 'example_subdag_operator.section-2', 'example_subdag_operator']) retrieved from /home/airflow/.local/lib/python3.7/site-packages/airflow/example_dags/example_subdag_operator.py
[2022-09-02T12:01:16.270+0000] {logging_mixin.py:115} INFO - [2022-09-02T12:01:16.270+0000] {dag.py:2429} INFO - Sync 3 DAGs
[2022-09-02T12:01:16.283+0000] {logging_mixin.py:115} INFO - [2022-09-02T12:01:16.283+0000] {dag.py:2981} INFO - Setting next_dagrun for example_subdag_operator to 2022-01-01T00:00:00+00:00, run_after=2022-01-01T00:00:00+00:00
[2022-09-02T12:01:16.286+0000] {logging_mixin.py:115} INFO - [2022-09-02T12:01:16.286+0000] {dag.py:2981} INFO - Setting next_dagrun for example_subdag_operator.section-1 to None, run_after=None
[2022-09-02T12:01:16.287+0000] {logging_mixin.py:115} INFO - [2022-09-02T12:01:16.287+0000] {dag.py:2981} INFO - Setting next_dagrun for example_subdag_operator.section-2 to None, run_after=None
[2022-09-02T12:01:16.292+0000] {logging_mixin.py:115} INFO - [2022-09-02T12:01:16.292+0000] {dag.py:2429} INFO - Sync 2 DAGs
[2022-09-02T12:01:16.297+0000] {logging_mixin.py:115} INFO - [2022-09-02T12:01:16.297+0000] {dag.py:2981} INFO - Setting next_dagrun for example_subdag_operator.section-1 to None, run_after=None
[2022-09-02T12:01:16.298+0000] {logging_mixin.py:115} INFO - [2022-09-02T12:01:16.298+0000] {dag.py:2981} INFO - Setting next_dagrun for example_subdag_operator.section-2 to None, run_after=None
[2022-09-02T12:01:16.304+0000] {processor.py:161} INFO - Processing /home/airflow/.local/lib/python3.7/site-packages/airflow/example_dags/example_subdag_operator.py took 0.150 seconds
[2022-09-02T12:01:46.978+0000] {processor.py:153} INFO - Started process (PID=5737) to work on /home/airflow/.local/lib/python3.7/site-packages/airflow/example_dags/example_subdag_operator.py
[2022-09-02T12:01:46.980+0000] {processor.py:640} INFO - Processing file /home/airflow/.local/lib/python3.7/site-packages/airflow/example_dags/example_subdag_operator.py for tasks to queue
[2022-09-02T12:01:46.981+0000] {logging_mixin.py:115} INFO - [2022-09-02T12:01:46.981+0000] {dagbag.py:508} INFO - Filling up the DagBag from /home/airflow/.local/lib/python3.7/site-packages/airflow/example_dags/example_subdag_operator.py
[2022-09-02T12:01:47.001+0000] {processor.py:650} INFO - DAG(s) dict_keys(['example_subdag_operator.section-1', 'example_subdag_operator.section-2', 'example_subdag_operator']) retrieved from /home/airflow/.local/lib/python3.7/site-packages/airflow/example_dags/example_subdag_operator.py
[2022-09-02T12:01:47.087+0000] {logging_mixin.py:115} INFO - [2022-09-02T12:01:47.087+0000] {dag.py:2429} INFO - Sync 3 DAGs
[2022-09-02T12:01:47.102+0000] {logging_mixin.py:115} INFO - [2022-09-02T12:01:47.102+0000] {dag.py:2981} INFO - Setting next_dagrun for example_subdag_operator to 2022-01-01T00:00:00+00:00, run_after=2022-01-01T00:00:00+00:00
[2022-09-02T12:01:47.103+0000] {logging_mixin.py:115} INFO - [2022-09-02T12:01:47.103+0000] {dag.py:2981} INFO - Setting next_dagrun for example_subdag_operator.section-1 to None, run_after=None
[2022-09-02T12:01:47.104+0000] {logging_mixin.py:115} INFO - [2022-09-02T12:01:47.104+0000] {dag.py:2981} INFO - Setting next_dagrun for example_subdag_operator.section-2 to None, run_after=None
[2022-09-02T12:01:47.108+0000] {logging_mixin.py:115} INFO - [2022-09-02T12:01:47.108+0000] {dag.py:2429} INFO - Sync 2 DAGs
[2022-09-02T12:01:47.113+0000] {logging_mixin.py:115} INFO - [2022-09-02T12:01:47.112+0000] {dag.py:2981} INFO - Setting next_dagrun for example_subdag_operator.section-1 to None, run_after=None
[2022-09-02T12:01:47.114+0000] {logging_mixin.py:115} INFO - [2022-09-02T12:01:47.114+0000] {dag.py:2981} INFO - Setting next_dagrun for example_subdag_operator.section-2 to None, run_after=None
[2022-09-02T12:01:47.119+0000] {processor.py:161} INFO - Processing /home/airflow/.local/lib/python3.7/site-packages/airflow/example_dags/example_subdag_operator.py took 0.143 seconds
[2022-09-02T12:02:17.771+0000] {processor.py:153} INFO - Started process (PID=5952) to work on /home/airflow/.local/lib/python3.7/site-packages/airflow/example_dags/example_subdag_operator.py
[2022-09-02T12:02:17.773+0000] {processor.py:640} INFO - Processing file /home/airflow/.local/lib/python3.7/site-packages/airflow/example_dags/example_subdag_operator.py for tasks to queue
[2022-09-02T12:02:17.774+0000] {logging_mixin.py:115} INFO - [2022-09-02T12:02:17.774+0000] {dagbag.py:508} INFO - Filling up the DagBag from /home/airflow/.local/lib/python3.7/site-packages/airflow/example_dags/example_subdag_operator.py
[2022-09-02T12:02:17.794+0000] {processor.py:650} INFO - DAG(s) dict_keys(['example_subdag_operator.section-1', 'example_subdag_operator.section-2', 'example_subdag_operator']) retrieved from /home/airflow/.local/lib/python3.7/site-packages/airflow/example_dags/example_subdag_operator.py
[2022-09-02T12:02:17.881+0000] {logging_mixin.py:115} INFO - [2022-09-02T12:02:17.881+0000] {dag.py:2429} INFO - Sync 3 DAGs
[2022-09-02T12:02:17.895+0000] {logging_mixin.py:115} INFO - [2022-09-02T12:02:17.894+0000] {dag.py:2981} INFO - Setting next_dagrun for example_subdag_operator to 2022-01-01T00:00:00+00:00, run_after=2022-01-01T00:00:00+00:00
[2022-09-02T12:02:17.896+0000] {logging_mixin.py:115} INFO - [2022-09-02T12:02:17.896+0000] {dag.py:2981} INFO - Setting next_dagrun for example_subdag_operator.section-1 to None, run_after=None
[2022-09-02T12:02:17.897+0000] {logging_mixin.py:115} INFO - [2022-09-02T12:02:17.897+0000] {dag.py:2981} INFO - Setting next_dagrun for example_subdag_operator.section-2 to None, run_after=None
[2022-09-02T12:02:17.905+0000] {logging_mixin.py:115} INFO - [2022-09-02T12:02:17.905+0000] {dag.py:2429} INFO - Sync 2 DAGs
[2022-09-02T12:02:17.910+0000] {logging_mixin.py:115} INFO - [2022-09-02T12:02:17.910+0000] {dag.py:2981} INFO - Setting next_dagrun for example_subdag_operator.section-1 to None, run_after=None
[2022-09-02T12:02:17.910+0000] {logging_mixin.py:115} INFO - [2022-09-02T12:02:17.910+0000] {dag.py:2981} INFO - Setting next_dagrun for example_subdag_operator.section-2 to None, run_after=None
[2022-09-02T12:02:17.915+0000] {processor.py:161} INFO - Processing /home/airflow/.local/lib/python3.7/site-packages/airflow/example_dags/example_subdag_operator.py took 0.146 seconds
[2022-09-02T12:02:48.711+0000] {processor.py:153} INFO - Started process (PID=6149) to work on /home/airflow/.local/lib/python3.7/site-packages/airflow/example_dags/example_subdag_operator.py
[2022-09-02T12:02:48.713+0000] {processor.py:640} INFO - Processing file /home/airflow/.local/lib/python3.7/site-packages/airflow/example_dags/example_subdag_operator.py for tasks to queue
[2022-09-02T12:02:48.714+0000] {logging_mixin.py:115} INFO - [2022-09-02T12:02:48.714+0000] {dagbag.py:508} INFO - Filling up the DagBag from /home/airflow/.local/lib/python3.7/site-packages/airflow/example_dags/example_subdag_operator.py
[2022-09-02T12:02:48.734+0000] {processor.py:650} INFO - DAG(s) dict_keys(['example_subdag_operator.section-1', 'example_subdag_operator.section-2', 'example_subdag_operator']) retrieved from /home/airflow/.local/lib/python3.7/site-packages/airflow/example_dags/example_subdag_operator.py
[2022-09-02T12:02:48.832+0000] {logging_mixin.py:115} INFO - [2022-09-02T12:02:48.832+0000] {dag.py:2429} INFO - Sync 3 DAGs
[2022-09-02T12:02:48.846+0000] {logging_mixin.py:115} INFO - [2022-09-02T12:02:48.846+0000] {dag.py:2981} INFO - Setting next_dagrun for example_subdag_operator to 2022-01-01T00:00:00+00:00, run_after=2022-01-01T00:00:00+00:00
[2022-09-02T12:02:48.848+0000] {logging_mixin.py:115} INFO - [2022-09-02T12:02:48.848+0000] {dag.py:2981} INFO - Setting next_dagrun for example_subdag_operator.section-1 to None, run_after=None
[2022-09-02T12:02:48.849+0000] {logging_mixin.py:115} INFO - [2022-09-02T12:02:48.849+0000] {dag.py:2981} INFO - Setting next_dagrun for example_subdag_operator.section-2 to None, run_after=None
[2022-09-02T12:02:48.854+0000] {logging_mixin.py:115} INFO - [2022-09-02T12:02:48.854+0000] {dag.py:2429} INFO - Sync 2 DAGs
[2022-09-02T12:02:48.859+0000] {logging_mixin.py:115} INFO - [2022-09-02T12:02:48.859+0000] {dag.py:2981} INFO - Setting next_dagrun for example_subdag_operator.section-1 to None, run_after=None
[2022-09-02T12:02:48.860+0000] {logging_mixin.py:115} INFO - [2022-09-02T12:02:48.860+0000] {dag.py:2981} INFO - Setting next_dagrun for example_subdag_operator.section-2 to None, run_after=None
[2022-09-02T12:02:48.865+0000] {processor.py:161} INFO - Processing /home/airflow/.local/lib/python3.7/site-packages/airflow/example_dags/example_subdag_operator.py took 0.156 seconds
[2022-09-02T12:03:19.489+0000] {processor.py:153} INFO - Started process (PID=6337) to work on /home/airflow/.local/lib/python3.7/site-packages/airflow/example_dags/example_subdag_operator.py
[2022-09-02T12:03:19.491+0000] {processor.py:640} INFO - Processing file /home/airflow/.local/lib/python3.7/site-packages/airflow/example_dags/example_subdag_operator.py for tasks to queue
[2022-09-02T12:03:19.492+0000] {logging_mixin.py:115} INFO - [2022-09-02T12:03:19.492+0000] {dagbag.py:508} INFO - Filling up the DagBag from /home/airflow/.local/lib/python3.7/site-packages/airflow/example_dags/example_subdag_operator.py
[2022-09-02T12:03:19.512+0000] {processor.py:650} INFO - DAG(s) dict_keys(['example_subdag_operator.section-1', 'example_subdag_operator.section-2', 'example_subdag_operator']) retrieved from /home/airflow/.local/lib/python3.7/site-packages/airflow/example_dags/example_subdag_operator.py
[2022-09-02T12:03:19.600+0000] {logging_mixin.py:115} INFO - [2022-09-02T12:03:19.600+0000] {dag.py:2429} INFO - Sync 3 DAGs
[2022-09-02T12:03:19.613+0000] {logging_mixin.py:115} INFO - [2022-09-02T12:03:19.612+0000] {dag.py:2981} INFO - Setting next_dagrun for example_subdag_operator to 2022-01-01T00:00:00+00:00, run_after=2022-01-01T00:00:00+00:00
[2022-09-02T12:03:19.614+0000] {logging_mixin.py:115} INFO - [2022-09-02T12:03:19.614+0000] {dag.py:2981} INFO - Setting next_dagrun for example_subdag_operator.section-1 to None, run_after=None
[2022-09-02T12:03:19.615+0000] {logging_mixin.py:115} INFO - [2022-09-02T12:03:19.615+0000] {dag.py:2981} INFO - Setting next_dagrun for example_subdag_operator.section-2 to None, run_after=None
[2022-09-02T12:03:19.620+0000] {logging_mixin.py:115} INFO - [2022-09-02T12:03:19.620+0000] {dag.py:2429} INFO - Sync 2 DAGs
[2022-09-02T12:03:19.625+0000] {logging_mixin.py:115} INFO - [2022-09-02T12:03:19.625+0000] {dag.py:2981} INFO - Setting next_dagrun for example_subdag_operator.section-1 to None, run_after=None
[2022-09-02T12:03:19.627+0000] {logging_mixin.py:115} INFO - [2022-09-02T12:03:19.626+0000] {dag.py:2981} INFO - Setting next_dagrun for example_subdag_operator.section-2 to None, run_after=None
[2022-09-02T12:03:19.633+0000] {processor.py:161} INFO - Processing /home/airflow/.local/lib/python3.7/site-packages/airflow/example_dags/example_subdag_operator.py took 0.146 seconds
[2022-09-02T12:03:50.280+0000] {processor.py:153} INFO - Started process (PID=6533) to work on /home/airflow/.local/lib/python3.7/site-packages/airflow/example_dags/example_subdag_operator.py
[2022-09-02T12:03:50.283+0000] {processor.py:640} INFO - Processing file /home/airflow/.local/lib/python3.7/site-packages/airflow/example_dags/example_subdag_operator.py for tasks to queue
[2022-09-02T12:03:50.284+0000] {logging_mixin.py:115} INFO - [2022-09-02T12:03:50.284+0000] {dagbag.py:508} INFO - Filling up the DagBag from /home/airflow/.local/lib/python3.7/site-packages/airflow/example_dags/example_subdag_operator.py
[2022-09-02T12:03:50.307+0000] {processor.py:650} INFO - DAG(s) dict_keys(['example_subdag_operator.section-1', 'example_subdag_operator.section-2', 'example_subdag_operator']) retrieved from /home/airflow/.local/lib/python3.7/site-packages/airflow/example_dags/example_subdag_operator.py
[2022-09-02T12:03:50.393+0000] {logging_mixin.py:115} INFO - [2022-09-02T12:03:50.393+0000] {dag.py:2429} INFO - Sync 3 DAGs
[2022-09-02T12:03:50.407+0000] {logging_mixin.py:115} INFO - [2022-09-02T12:03:50.407+0000] {dag.py:2981} INFO - Setting next_dagrun for example_subdag_operator to 2022-01-01T00:00:00+00:00, run_after=2022-01-01T00:00:00+00:00
[2022-09-02T12:03:50.408+0000] {logging_mixin.py:115} INFO - [2022-09-02T12:03:50.408+0000] {dag.py:2981} INFO - Setting next_dagrun for example_subdag_operator.section-1 to None, run_after=None
[2022-09-02T12:03:50.409+0000] {logging_mixin.py:115} INFO - [2022-09-02T12:03:50.409+0000] {dag.py:2981} INFO - Setting next_dagrun for example_subdag_operator.section-2 to None, run_after=None
[2022-09-02T12:03:50.414+0000] {logging_mixin.py:115} INFO - [2022-09-02T12:03:50.414+0000] {dag.py:2429} INFO - Sync 2 DAGs
[2022-09-02T12:03:50.418+0000] {logging_mixin.py:115} INFO - [2022-09-02T12:03:50.418+0000] {dag.py:2981} INFO - Setting next_dagrun for example_subdag_operator.section-1 to None, run_after=None
[2022-09-02T12:03:50.420+0000] {logging_mixin.py:115} INFO - [2022-09-02T12:03:50.419+0000] {dag.py:2981} INFO - Setting next_dagrun for example_subdag_operator.section-2 to None, run_after=None
[2022-09-02T12:03:50.424+0000] {processor.py:161} INFO - Processing /home/airflow/.local/lib/python3.7/site-packages/airflow/example_dags/example_subdag_operator.py took 0.146 seconds
[2022-09-02T12:04:21.007+0000] {processor.py:153} INFO - Started process (PID=6731) to work on /home/airflow/.local/lib/python3.7/site-packages/airflow/example_dags/example_subdag_operator.py
[2022-09-02T12:04:21.010+0000] {processor.py:640} INFO - Processing file /home/airflow/.local/lib/python3.7/site-packages/airflow/example_dags/example_subdag_operator.py for tasks to queue
[2022-09-02T12:04:21.012+0000] {logging_mixin.py:115} INFO - [2022-09-02T12:04:21.012+0000] {dagbag.py:508} INFO - Filling up the DagBag from /home/airflow/.local/lib/python3.7/site-packages/airflow/example_dags/example_subdag_operator.py
[2022-09-02T12:04:21.037+0000] {processor.py:650} INFO - DAG(s) dict_keys(['example_subdag_operator.section-1', 'example_subdag_operator.section-2', 'example_subdag_operator']) retrieved from /home/airflow/.local/lib/python3.7/site-packages/airflow/example_dags/example_subdag_operator.py
[2022-09-02T12:04:21.132+0000] {logging_mixin.py:115} INFO - [2022-09-02T12:04:21.131+0000] {dag.py:2429} INFO - Sync 3 DAGs
[2022-09-02T12:04:21.144+0000] {logging_mixin.py:115} INFO - [2022-09-02T12:04:21.144+0000] {dag.py:2981} INFO - Setting next_dagrun for example_subdag_operator to 2022-01-01T00:00:00+00:00, run_after=2022-01-01T00:00:00+00:00
[2022-09-02T12:04:21.146+0000] {logging_mixin.py:115} INFO - [2022-09-02T12:04:21.146+0000] {dag.py:2981} INFO - Setting next_dagrun for example_subdag_operator.section-1 to None, run_after=None
[2022-09-02T12:04:21.147+0000] {logging_mixin.py:115} INFO - [2022-09-02T12:04:21.147+0000] {dag.py:2981} INFO - Setting next_dagrun for example_subdag_operator.section-2 to None, run_after=None
[2022-09-02T12:04:21.153+0000] {logging_mixin.py:115} INFO - [2022-09-02T12:04:21.153+0000] {dag.py:2429} INFO - Sync 2 DAGs
[2022-09-02T12:04:21.158+0000] {logging_mixin.py:115} INFO - [2022-09-02T12:04:21.158+0000] {dag.py:2981} INFO - Setting next_dagrun for example_subdag_operator.section-1 to None, run_after=None
[2022-09-02T12:04:21.159+0000] {logging_mixin.py:115} INFO - [2022-09-02T12:04:21.159+0000] {dag.py:2981} INFO - Setting next_dagrun for example_subdag_operator.section-2 to None, run_after=None
[2022-09-02T12:04:21.165+0000] {processor.py:161} INFO - Processing /home/airflow/.local/lib/python3.7/site-packages/airflow/example_dags/example_subdag_operator.py took 0.160 seconds
[2022-09-02T12:04:51.912+0000] {processor.py:153} INFO - Started process (PID=6930) to work on /home/airflow/.local/lib/python3.7/site-packages/airflow/example_dags/example_subdag_operator.py
[2022-09-02T12:04:51.914+0000] {processor.py:640} INFO - Processing file /home/airflow/.local/lib/python3.7/site-packages/airflow/example_dags/example_subdag_operator.py for tasks to queue
[2022-09-02T12:04:51.915+0000] {logging_mixin.py:115} INFO - [2022-09-02T12:04:51.915+0000] {dagbag.py:508} INFO - Filling up the DagBag from /home/airflow/.local/lib/python3.7/site-packages/airflow/example_dags/example_subdag_operator.py
[2022-09-02T12:04:51.934+0000] {processor.py:650} INFO - DAG(s) dict_keys(['example_subdag_operator.section-1', 'example_subdag_operator.section-2', 'example_subdag_operator']) retrieved from /home/airflow/.local/lib/python3.7/site-packages/airflow/example_dags/example_subdag_operator.py
[2022-09-02T12:04:52.034+0000] {logging_mixin.py:115} INFO - [2022-09-02T12:04:52.034+0000] {dag.py:2429} INFO - Sync 3 DAGs
[2022-09-02T12:04:52.052+0000] {logging_mixin.py:115} INFO - [2022-09-02T12:04:52.052+0000] {dag.py:2981} INFO - Setting next_dagrun for example_subdag_operator to 2022-01-01T00:00:00+00:00, run_after=2022-01-01T00:00:00+00:00
[2022-09-02T12:04:52.054+0000] {logging_mixin.py:115} INFO - [2022-09-02T12:04:52.054+0000] {dag.py:2981} INFO - Setting next_dagrun for example_subdag_operator.section-1 to None, run_after=None
[2022-09-02T12:04:52.056+0000] {logging_mixin.py:115} INFO - [2022-09-02T12:04:52.056+0000] {dag.py:2981} INFO - Setting next_dagrun for example_subdag_operator.section-2 to None, run_after=None
[2022-09-02T12:04:52.063+0000] {logging_mixin.py:115} INFO - [2022-09-02T12:04:52.063+0000] {dag.py:2429} INFO - Sync 2 DAGs
[2022-09-02T12:04:52.068+0000] {logging_mixin.py:115} INFO - [2022-09-02T12:04:52.067+0000] {dag.py:2981} INFO - Setting next_dagrun for example_subdag_operator.section-1 to None, run_after=None
[2022-09-02T12:04:52.069+0000] {logging_mixin.py:115} INFO - [2022-09-02T12:04:52.069+0000] {dag.py:2981} INFO - Setting next_dagrun for example_subdag_operator.section-2 to None, run_after=None
[2022-09-02T12:04:52.076+0000] {processor.py:161} INFO - Processing /home/airflow/.local/lib/python3.7/site-packages/airflow/example_dags/example_subdag_operator.py took 0.167 seconds
[2022-09-02T12:05:22.694+0000] {processor.py:153} INFO - Started process (PID=7126) to work on /home/airflow/.local/lib/python3.7/site-packages/airflow/example_dags/example_subdag_operator.py
[2022-09-02T12:05:22.696+0000] {processor.py:640} INFO - Processing file /home/airflow/.local/lib/python3.7/site-packages/airflow/example_dags/example_subdag_operator.py for tasks to queue
[2022-09-02T12:05:22.699+0000] {logging_mixin.py:115} INFO - [2022-09-02T12:05:22.698+0000] {dagbag.py:508} INFO - Filling up the DagBag from /home/airflow/.local/lib/python3.7/site-packages/airflow/example_dags/example_subdag_operator.py
[2022-09-02T12:05:22.722+0000] {processor.py:650} INFO - DAG(s) dict_keys(['example_subdag_operator.section-1', 'example_subdag_operator.section-2', 'example_subdag_operator']) retrieved from /home/airflow/.local/lib/python3.7/site-packages/airflow/example_dags/example_subdag_operator.py
[2022-09-02T12:05:22.811+0000] {logging_mixin.py:115} INFO - [2022-09-02T12:05:22.811+0000] {dag.py:2429} INFO - Sync 3 DAGs
[2022-09-02T12:05:22.825+0000] {logging_mixin.py:115} INFO - [2022-09-02T12:05:22.825+0000] {dag.py:2981} INFO - Setting next_dagrun for example_subdag_operator to 2022-01-01T00:00:00+00:00, run_after=2022-01-01T00:00:00+00:00
[2022-09-02T12:05:22.827+0000] {logging_mixin.py:115} INFO - [2022-09-02T12:05:22.827+0000] {dag.py:2981} INFO - Setting next_dagrun for example_subdag_operator.section-1 to None, run_after=None
[2022-09-02T12:05:22.828+0000] {logging_mixin.py:115} INFO - [2022-09-02T12:05:22.828+0000] {dag.py:2981} INFO - Setting next_dagrun for example_subdag_operator.section-2 to None, run_after=None
[2022-09-02T12:05:22.833+0000] {logging_mixin.py:115} INFO - [2022-09-02T12:05:22.833+0000] {dag.py:2429} INFO - Sync 2 DAGs
[2022-09-02T12:05:22.838+0000] {logging_mixin.py:115} INFO - [2022-09-02T12:05:22.838+0000] {dag.py:2981} INFO - Setting next_dagrun for example_subdag_operator.section-1 to None, run_after=None
[2022-09-02T12:05:22.839+0000] {logging_mixin.py:115} INFO - [2022-09-02T12:05:22.839+0000] {dag.py:2981} INFO - Setting next_dagrun for example_subdag_operator.section-2 to None, run_after=None
[2022-09-02T12:05:22.844+0000] {processor.py:161} INFO - Processing /home/airflow/.local/lib/python3.7/site-packages/airflow/example_dags/example_subdag_operator.py took 0.152 seconds
[2022-09-02T12:05:53.398+0000] {processor.py:153} INFO - Started process (PID=7323) to work on /home/airflow/.local/lib/python3.7/site-packages/airflow/example_dags/example_subdag_operator.py
[2022-09-02T12:05:53.399+0000] {processor.py:640} INFO - Processing file /home/airflow/.local/lib/python3.7/site-packages/airflow/example_dags/example_subdag_operator.py for tasks to queue
[2022-09-02T12:05:53.400+0000] {logging_mixin.py:115} INFO - [2022-09-02T12:05:53.400+0000] {dagbag.py:508} INFO - Filling up the DagBag from /home/airflow/.local/lib/python3.7/site-packages/airflow/example_dags/example_subdag_operator.py
[2022-09-02T12:05:53.420+0000] {processor.py:650} INFO - DAG(s) dict_keys(['example_subdag_operator.section-1', 'example_subdag_operator.section-2', 'example_subdag_operator']) retrieved from /home/airflow/.local/lib/python3.7/site-packages/airflow/example_dags/example_subdag_operator.py
[2022-09-02T12:05:53.514+0000] {logging_mixin.py:115} INFO - [2022-09-02T12:05:53.514+0000] {dag.py:2429} INFO - Sync 3 DAGs
[2022-09-02T12:05:53.530+0000] {logging_mixin.py:115} INFO - [2022-09-02T12:05:53.530+0000] {dag.py:2981} INFO - Setting next_dagrun for example_subdag_operator to 2022-01-01T00:00:00+00:00, run_after=2022-01-01T00:00:00+00:00
[2022-09-02T12:05:53.532+0000] {logging_mixin.py:115} INFO - [2022-09-02T12:05:53.532+0000] {dag.py:2981} INFO - Setting next_dagrun for example_subdag_operator.section-1 to None, run_after=None
[2022-09-02T12:05:53.533+0000] {logging_mixin.py:115} INFO - [2022-09-02T12:05:53.533+0000] {dag.py:2981} INFO - Setting next_dagrun for example_subdag_operator.section-2 to None, run_after=None
[2022-09-02T12:05:53.539+0000] {logging_mixin.py:115} INFO - [2022-09-02T12:05:53.539+0000] {dag.py:2429} INFO - Sync 2 DAGs
[2022-09-02T12:05:53.544+0000] {logging_mixin.py:115} INFO - [2022-09-02T12:05:53.544+0000] {dag.py:2981} INFO - Setting next_dagrun for example_subdag_operator.section-1 to None, run_after=None
[2022-09-02T12:05:53.545+0000] {logging_mixin.py:115} INFO - [2022-09-02T12:05:53.545+0000] {dag.py:2981} INFO - Setting next_dagrun for example_subdag_operator.section-2 to None, run_after=None
[2022-09-02T12:05:53.552+0000] {processor.py:161} INFO - Processing /home/airflow/.local/lib/python3.7/site-packages/airflow/example_dags/example_subdag_operator.py took 0.156 seconds
[2022-09-02T12:06:24.292+0000] {processor.py:153} INFO - Started process (PID=7512) to work on /home/airflow/.local/lib/python3.7/site-packages/airflow/example_dags/example_subdag_operator.py
[2022-09-02T12:06:24.293+0000] {processor.py:640} INFO - Processing file /home/airflow/.local/lib/python3.7/site-packages/airflow/example_dags/example_subdag_operator.py for tasks to queue
[2022-09-02T12:06:24.294+0000] {logging_mixin.py:115} INFO - [2022-09-02T12:06:24.294+0000] {dagbag.py:508} INFO - Filling up the DagBag from /home/airflow/.local/lib/python3.7/site-packages/airflow/example_dags/example_subdag_operator.py
[2022-09-02T12:06:24.313+0000] {processor.py:650} INFO - DAG(s) dict_keys(['example_subdag_operator.section-1', 'example_subdag_operator.section-2', 'example_subdag_operator']) retrieved from /home/airflow/.local/lib/python3.7/site-packages/airflow/example_dags/example_subdag_operator.py
[2022-09-02T12:06:24.399+0000] {logging_mixin.py:115} INFO - [2022-09-02T12:06:24.399+0000] {dag.py:2429} INFO - Sync 3 DAGs
[2022-09-02T12:06:24.413+0000] {logging_mixin.py:115} INFO - [2022-09-02T12:06:24.413+0000] {dag.py:2981} INFO - Setting next_dagrun for example_subdag_operator to 2022-01-01T00:00:00+00:00, run_after=2022-01-01T00:00:00+00:00
[2022-09-02T12:06:24.414+0000] {logging_mixin.py:115} INFO - [2022-09-02T12:06:24.414+0000] {dag.py:2981} INFO - Setting next_dagrun for example_subdag_operator.section-1 to None, run_after=None
[2022-09-02T12:06:24.416+0000] {logging_mixin.py:115} INFO - [2022-09-02T12:06:24.416+0000] {dag.py:2981} INFO - Setting next_dagrun for example_subdag_operator.section-2 to None, run_after=None
[2022-09-02T12:06:24.421+0000] {logging_mixin.py:115} INFO - [2022-09-02T12:06:24.421+0000] {dag.py:2429} INFO - Sync 2 DAGs
[2022-09-02T12:06:24.425+0000] {logging_mixin.py:115} INFO - [2022-09-02T12:06:24.425+0000] {dag.py:2981} INFO - Setting next_dagrun for example_subdag_operator.section-1 to None, run_after=None
[2022-09-02T12:06:24.426+0000] {logging_mixin.py:115} INFO - [2022-09-02T12:06:24.426+0000] {dag.py:2981} INFO - Setting next_dagrun for example_subdag_operator.section-2 to None, run_after=None
[2022-09-02T12:06:24.432+0000] {processor.py:161} INFO - Processing /home/airflow/.local/lib/python3.7/site-packages/airflow/example_dags/example_subdag_operator.py took 0.143 seconds
[2022-09-02T12:06:55.091+0000] {processor.py:153} INFO - Started process (PID=7708) to work on /home/airflow/.local/lib/python3.7/site-packages/airflow/example_dags/example_subdag_operator.py
[2022-09-02T12:06:55.093+0000] {processor.py:640} INFO - Processing file /home/airflow/.local/lib/python3.7/site-packages/airflow/example_dags/example_subdag_operator.py for tasks to queue
[2022-09-02T12:06:55.095+0000] {logging_mixin.py:115} INFO - [2022-09-02T12:06:55.095+0000] {dagbag.py:508} INFO - Filling up the DagBag from /home/airflow/.local/lib/python3.7/site-packages/airflow/example_dags/example_subdag_operator.py
[2022-09-02T12:06:55.117+0000] {processor.py:650} INFO - DAG(s) dict_keys(['example_subdag_operator.section-1', 'example_subdag_operator.section-2', 'example_subdag_operator']) retrieved from /home/airflow/.local/lib/python3.7/site-packages/airflow/example_dags/example_subdag_operator.py
[2022-09-02T12:06:55.211+0000] {logging_mixin.py:115} INFO - [2022-09-02T12:06:55.211+0000] {dag.py:2429} INFO - Sync 3 DAGs
[2022-09-02T12:06:55.233+0000] {logging_mixin.py:115} INFO - [2022-09-02T12:06:55.233+0000] {dag.py:2981} INFO - Setting next_dagrun for example_subdag_operator to 2022-01-01T00:00:00+00:00, run_after=2022-01-01T00:00:00+00:00
[2022-09-02T12:06:55.235+0000] {logging_mixin.py:115} INFO - [2022-09-02T12:06:55.235+0000] {dag.py:2981} INFO - Setting next_dagrun for example_subdag_operator.section-1 to None, run_after=None
[2022-09-02T12:06:55.236+0000] {logging_mixin.py:115} INFO - [2022-09-02T12:06:55.236+0000] {dag.py:2981} INFO - Setting next_dagrun for example_subdag_operator.section-2 to None, run_after=None
[2022-09-02T12:06:55.242+0000] {logging_mixin.py:115} INFO - [2022-09-02T12:06:55.242+0000] {dag.py:2429} INFO - Sync 2 DAGs
[2022-09-02T12:06:55.249+0000] {logging_mixin.py:115} INFO - [2022-09-02T12:06:55.249+0000] {dag.py:2981} INFO - Setting next_dagrun for example_subdag_operator.section-1 to None, run_after=None
[2022-09-02T12:06:55.251+0000] {logging_mixin.py:115} INFO - [2022-09-02T12:06:55.250+0000] {dag.py:2981} INFO - Setting next_dagrun for example_subdag_operator.section-2 to None, run_after=None
[2022-09-02T12:06:55.257+0000] {processor.py:161} INFO - Processing /home/airflow/.local/lib/python3.7/site-packages/airflow/example_dags/example_subdag_operator.py took 0.170 seconds
[2022-09-02T12:07:26.032+0000] {processor.py:153} INFO - Started process (PID=7905) to work on /home/airflow/.local/lib/python3.7/site-packages/airflow/example_dags/example_subdag_operator.py
[2022-09-02T12:07:26.034+0000] {processor.py:640} INFO - Processing file /home/airflow/.local/lib/python3.7/site-packages/airflow/example_dags/example_subdag_operator.py for tasks to queue
[2022-09-02T12:07:26.035+0000] {logging_mixin.py:115} INFO - [2022-09-02T12:07:26.035+0000] {dagbag.py:508} INFO - Filling up the DagBag from /home/airflow/.local/lib/python3.7/site-packages/airflow/example_dags/example_subdag_operator.py
[2022-09-02T12:07:26.054+0000] {processor.py:650} INFO - DAG(s) dict_keys(['example_subdag_operator.section-1', 'example_subdag_operator.section-2', 'example_subdag_operator']) retrieved from /home/airflow/.local/lib/python3.7/site-packages/airflow/example_dags/example_subdag_operator.py
[2022-09-02T12:07:26.147+0000] {logging_mixin.py:115} INFO - [2022-09-02T12:07:26.147+0000] {dag.py:2429} INFO - Sync 3 DAGs
[2022-09-02T12:07:26.163+0000] {logging_mixin.py:115} INFO - [2022-09-02T12:07:26.163+0000] {dag.py:2981} INFO - Setting next_dagrun for example_subdag_operator to 2022-01-01T00:00:00+00:00, run_after=2022-01-01T00:00:00+00:00
[2022-09-02T12:07:26.164+0000] {logging_mixin.py:115} INFO - [2022-09-02T12:07:26.164+0000] {dag.py:2981} INFO - Setting next_dagrun for example_subdag_operator.section-1 to None, run_after=None
[2022-09-02T12:07:26.166+0000] {logging_mixin.py:115} INFO - [2022-09-02T12:07:26.166+0000] {dag.py:2981} INFO - Setting next_dagrun for example_subdag_operator.section-2 to None, run_after=None
[2022-09-02T12:07:26.174+0000] {logging_mixin.py:115} INFO - [2022-09-02T12:07:26.174+0000] {dag.py:2429} INFO - Sync 2 DAGs
[2022-09-02T12:07:26.180+0000] {logging_mixin.py:115} INFO - [2022-09-02T12:07:26.179+0000] {dag.py:2981} INFO - Setting next_dagrun for example_subdag_operator.section-1 to None, run_after=None
[2022-09-02T12:07:26.181+0000] {logging_mixin.py:115} INFO - [2022-09-02T12:07:26.181+0000] {dag.py:2981} INFO - Setting next_dagrun for example_subdag_operator.section-2 to None, run_after=None
[2022-09-02T12:07:26.188+0000] {processor.py:161} INFO - Processing /home/airflow/.local/lib/python3.7/site-packages/airflow/example_dags/example_subdag_operator.py took 0.158 seconds
[2022-09-02T12:07:57.021+0000] {processor.py:153} INFO - Started process (PID=8102) to work on /home/airflow/.local/lib/python3.7/site-packages/airflow/example_dags/example_subdag_operator.py
[2022-09-02T12:07:57.023+0000] {processor.py:640} INFO - Processing file /home/airflow/.local/lib/python3.7/site-packages/airflow/example_dags/example_subdag_operator.py for tasks to queue
[2022-09-02T12:07:57.024+0000] {logging_mixin.py:115} INFO - [2022-09-02T12:07:57.024+0000] {dagbag.py:508} INFO - Filling up the DagBag from /home/airflow/.local/lib/python3.7/site-packages/airflow/example_dags/example_subdag_operator.py
[2022-09-02T12:07:57.045+0000] {processor.py:650} INFO - DAG(s) dict_keys(['example_subdag_operator.section-1', 'example_subdag_operator.section-2', 'example_subdag_operator']) retrieved from /home/airflow/.local/lib/python3.7/site-packages/airflow/example_dags/example_subdag_operator.py
[2022-09-02T12:07:57.139+0000] {logging_mixin.py:115} INFO - [2022-09-02T12:07:57.139+0000] {dag.py:2429} INFO - Sync 3 DAGs
[2022-09-02T12:07:57.158+0000] {logging_mixin.py:115} INFO - [2022-09-02T12:07:57.158+0000] {dag.py:2981} INFO - Setting next_dagrun for example_subdag_operator to 2022-01-01T00:00:00+00:00, run_after=2022-01-01T00:00:00+00:00
[2022-09-02T12:07:57.160+0000] {logging_mixin.py:115} INFO - [2022-09-02T12:07:57.160+0000] {dag.py:2981} INFO - Setting next_dagrun for example_subdag_operator.section-1 to None, run_after=None
[2022-09-02T12:07:57.161+0000] {logging_mixin.py:115} INFO - [2022-09-02T12:07:57.161+0000] {dag.py:2981} INFO - Setting next_dagrun for example_subdag_operator.section-2 to None, run_after=None
[2022-09-02T12:07:57.170+0000] {logging_mixin.py:115} INFO - [2022-09-02T12:07:57.170+0000] {dag.py:2429} INFO - Sync 2 DAGs
[2022-09-02T12:07:57.178+0000] {logging_mixin.py:115} INFO - [2022-09-02T12:07:57.178+0000] {dag.py:2981} INFO - Setting next_dagrun for example_subdag_operator.section-1 to None, run_after=None
[2022-09-02T12:07:57.180+0000] {logging_mixin.py:115} INFO - [2022-09-02T12:07:57.179+0000] {dag.py:2981} INFO - Setting next_dagrun for example_subdag_operator.section-2 to None, run_after=None
[2022-09-02T12:07:57.185+0000] {processor.py:161} INFO - Processing /home/airflow/.local/lib/python3.7/site-packages/airflow/example_dags/example_subdag_operator.py took 0.167 seconds
