[2022-09-02T11:47:24.424+0000] {processor.py:153} INFO - Started process (PID=220) to work on /home/airflow/.local/lib/python3.7/site-packages/airflow/example_dags/example_skip_dag.py
[2022-09-02T11:47:24.426+0000] {processor.py:640} INFO - Processing file /home/airflow/.local/lib/python3.7/site-packages/airflow/example_dags/example_skip_dag.py for tasks to queue
[2022-09-02T11:47:24.427+0000] {logging_mixin.py:115} INFO - [2022-09-02T11:47:24.427+0000] {dagbag.py:508} INFO - Filling up the DagBag from /home/airflow/.local/lib/python3.7/site-packages/airflow/example_dags/example_skip_dag.py
[2022-09-02T11:47:24.431+0000] {processor.py:650} INFO - DAG(s) dict_keys(['example_skip_dag']) retrieved from /home/airflow/.local/lib/python3.7/site-packages/airflow/example_dags/example_skip_dag.py
[2022-09-02T11:47:24.491+0000] {logging_mixin.py:115} INFO - [2022-09-02T11:47:24.491+0000] {manager.py:508} INFO - Created Permission View: can edit on DAG:example_skip_dag
[2022-09-02T11:47:24.498+0000] {logging_mixin.py:115} INFO - [2022-09-02T11:47:24.498+0000] {manager.py:508} INFO - Created Permission View: can delete on DAG:example_skip_dag
[2022-09-02T11:47:24.503+0000] {logging_mixin.py:115} INFO - [2022-09-02T11:47:24.503+0000] {manager.py:508} INFO - Created Permission View: can read on DAG:example_skip_dag
[2022-09-02T11:47:24.504+0000] {logging_mixin.py:115} INFO - [2022-09-02T11:47:24.504+0000] {dag.py:2429} INFO - Sync 1 DAGs
[2022-09-02T11:47:24.510+0000] {logging_mixin.py:115} INFO - [2022-09-02T11:47:24.510+0000] {dag.py:2448} INFO - Creating ORM DAG for example_skip_dag
[2022-09-02T11:47:24.518+0000] {logging_mixin.py:115} INFO - [2022-09-02T11:47:24.518+0000] {dag.py:2981} INFO - Setting next_dagrun for example_skip_dag to 2022-09-01T11:47:24.518357+00:00, run_after=2022-09-02T11:47:24.518357+00:00
[2022-09-02T11:47:24.527+0000] {processor.py:161} INFO - Processing /home/airflow/.local/lib/python3.7/site-packages/airflow/example_dags/example_skip_dag.py took 0.105 seconds
[2022-09-02T11:47:54.986+0000] {processor.py:153} INFO - Started process (PID=417) to work on /home/airflow/.local/lib/python3.7/site-packages/airflow/example_dags/example_skip_dag.py
[2022-09-02T11:47:54.989+0000] {processor.py:640} INFO - Processing file /home/airflow/.local/lib/python3.7/site-packages/airflow/example_dags/example_skip_dag.py for tasks to queue
[2022-09-02T11:47:54.994+0000] {logging_mixin.py:115} INFO - [2022-09-02T11:47:54.994+0000] {dagbag.py:508} INFO - Filling up the DagBag from /home/airflow/.local/lib/python3.7/site-packages/airflow/example_dags/example_skip_dag.py
[2022-09-02T11:47:54.998+0000] {processor.py:650} INFO - DAG(s) dict_keys(['example_skip_dag']) retrieved from /home/airflow/.local/lib/python3.7/site-packages/airflow/example_dags/example_skip_dag.py
[2022-09-02T11:47:55.020+0000] {logging_mixin.py:115} INFO - [2022-09-02T11:47:55.020+0000] {dag.py:2429} INFO - Sync 1 DAGs
[2022-09-02T11:47:55.036+0000] {logging_mixin.py:115} INFO - [2022-09-02T11:47:55.036+0000] {dag.py:2981} INFO - Setting next_dagrun for example_skip_dag to 2022-09-01T11:47:55.036179+00:00, run_after=2022-09-02T11:47:55.036179+00:00
[2022-09-02T11:47:55.048+0000] {processor.py:161} INFO - Processing /home/airflow/.local/lib/python3.7/site-packages/airflow/example_dags/example_skip_dag.py took 0.064 seconds
[2022-09-02T11:48:25.194+0000] {processor.py:153} INFO - Started process (PID=615) to work on /home/airflow/.local/lib/python3.7/site-packages/airflow/example_dags/example_skip_dag.py
[2022-09-02T11:48:25.197+0000] {processor.py:640} INFO - Processing file /home/airflow/.local/lib/python3.7/site-packages/airflow/example_dags/example_skip_dag.py for tasks to queue
[2022-09-02T11:48:25.200+0000] {logging_mixin.py:115} INFO - [2022-09-02T11:48:25.199+0000] {dagbag.py:508} INFO - Filling up the DagBag from /home/airflow/.local/lib/python3.7/site-packages/airflow/example_dags/example_skip_dag.py
[2022-09-02T11:48:25.211+0000] {processor.py:650} INFO - DAG(s) dict_keys(['example_skip_dag']) retrieved from /home/airflow/.local/lib/python3.7/site-packages/airflow/example_dags/example_skip_dag.py
[2022-09-02T11:48:25.239+0000] {logging_mixin.py:115} INFO - [2022-09-02T11:48:25.238+0000] {dag.py:2429} INFO - Sync 1 DAGs
[2022-09-02T11:48:25.256+0000] {logging_mixin.py:115} INFO - [2022-09-02T11:48:25.256+0000] {dag.py:2981} INFO - Setting next_dagrun for example_skip_dag to 2022-09-01T11:48:25.256202+00:00, run_after=2022-09-02T11:48:25.256202+00:00
[2022-09-02T11:48:25.273+0000] {processor.py:161} INFO - Processing /home/airflow/.local/lib/python3.7/site-packages/airflow/example_dags/example_skip_dag.py took 0.089 seconds
[2022-09-02T11:48:56.241+0000] {processor.py:153} INFO - Started process (PID=811) to work on /home/airflow/.local/lib/python3.7/site-packages/airflow/example_dags/example_skip_dag.py
[2022-09-02T11:48:56.244+0000] {processor.py:640} INFO - Processing file /home/airflow/.local/lib/python3.7/site-packages/airflow/example_dags/example_skip_dag.py for tasks to queue
[2022-09-02T11:48:56.246+0000] {logging_mixin.py:115} INFO - [2022-09-02T11:48:56.246+0000] {dagbag.py:508} INFO - Filling up the DagBag from /home/airflow/.local/lib/python3.7/site-packages/airflow/example_dags/example_skip_dag.py
[2022-09-02T11:48:56.251+0000] {processor.py:650} INFO - DAG(s) dict_keys(['example_skip_dag']) retrieved from /home/airflow/.local/lib/python3.7/site-packages/airflow/example_dags/example_skip_dag.py
[2022-09-02T11:48:56.270+0000] {logging_mixin.py:115} INFO - [2022-09-02T11:48:56.270+0000] {dag.py:2429} INFO - Sync 1 DAGs
[2022-09-02T11:48:56.282+0000] {logging_mixin.py:115} INFO - [2022-09-02T11:48:56.282+0000] {dag.py:2981} INFO - Setting next_dagrun for example_skip_dag to 2022-09-01T11:48:56.282712+00:00, run_after=2022-09-02T11:48:56.282712+00:00
[2022-09-02T11:48:56.292+0000] {processor.py:161} INFO - Processing /home/airflow/.local/lib/python3.7/site-packages/airflow/example_dags/example_skip_dag.py took 0.054 seconds
[2022-09-02T11:49:27.054+0000] {processor.py:153} INFO - Started process (PID=998) to work on /home/airflow/.local/lib/python3.7/site-packages/airflow/example_dags/example_skip_dag.py
[2022-09-02T11:49:27.056+0000] {processor.py:640} INFO - Processing file /home/airflow/.local/lib/python3.7/site-packages/airflow/example_dags/example_skip_dag.py for tasks to queue
[2022-09-02T11:49:27.059+0000] {logging_mixin.py:115} INFO - [2022-09-02T11:49:27.058+0000] {dagbag.py:508} INFO - Filling up the DagBag from /home/airflow/.local/lib/python3.7/site-packages/airflow/example_dags/example_skip_dag.py
[2022-09-02T11:49:27.064+0000] {processor.py:650} INFO - DAG(s) dict_keys(['example_skip_dag']) retrieved from /home/airflow/.local/lib/python3.7/site-packages/airflow/example_dags/example_skip_dag.py
[2022-09-02T11:49:27.086+0000] {logging_mixin.py:115} INFO - [2022-09-02T11:49:27.086+0000] {dag.py:2429} INFO - Sync 1 DAGs
[2022-09-02T11:49:27.100+0000] {logging_mixin.py:115} INFO - [2022-09-02T11:49:27.100+0000] {dag.py:2981} INFO - Setting next_dagrun for example_skip_dag to 2022-09-01T11:49:27.099815+00:00, run_after=2022-09-02T11:49:27.099815+00:00
[2022-09-02T11:49:27.109+0000] {processor.py:161} INFO - Processing /home/airflow/.local/lib/python3.7/site-packages/airflow/example_dags/example_skip_dag.py took 0.059 seconds
[2022-09-02T11:49:57.938+0000] {processor.py:153} INFO - Started process (PID=1196) to work on /home/airflow/.local/lib/python3.7/site-packages/airflow/example_dags/example_skip_dag.py
[2022-09-02T11:49:57.941+0000] {processor.py:640} INFO - Processing file /home/airflow/.local/lib/python3.7/site-packages/airflow/example_dags/example_skip_dag.py for tasks to queue
[2022-09-02T11:49:57.943+0000] {logging_mixin.py:115} INFO - [2022-09-02T11:49:57.943+0000] {dagbag.py:508} INFO - Filling up the DagBag from /home/airflow/.local/lib/python3.7/site-packages/airflow/example_dags/example_skip_dag.py
[2022-09-02T11:49:57.949+0000] {processor.py:650} INFO - DAG(s) dict_keys(['example_skip_dag']) retrieved from /home/airflow/.local/lib/python3.7/site-packages/airflow/example_dags/example_skip_dag.py
[2022-09-02T11:49:57.972+0000] {logging_mixin.py:115} INFO - [2022-09-02T11:49:57.972+0000] {dag.py:2429} INFO - Sync 1 DAGs
[2022-09-02T11:49:57.986+0000] {logging_mixin.py:115} INFO - [2022-09-02T11:49:57.986+0000] {dag.py:2981} INFO - Setting next_dagrun for example_skip_dag to 2022-09-01T11:49:57.986504+00:00, run_after=2022-09-02T11:49:57.986504+00:00
[2022-09-02T11:49:57.995+0000] {processor.py:161} INFO - Processing /home/airflow/.local/lib/python3.7/site-packages/airflow/example_dags/example_skip_dag.py took 0.060 seconds
[2022-09-02T11:50:28.743+0000] {processor.py:153} INFO - Started process (PID=1392) to work on /home/airflow/.local/lib/python3.7/site-packages/airflow/example_dags/example_skip_dag.py
[2022-09-02T11:50:28.745+0000] {processor.py:640} INFO - Processing file /home/airflow/.local/lib/python3.7/site-packages/airflow/example_dags/example_skip_dag.py for tasks to queue
[2022-09-02T11:50:28.746+0000] {logging_mixin.py:115} INFO - [2022-09-02T11:50:28.746+0000] {dagbag.py:508} INFO - Filling up the DagBag from /home/airflow/.local/lib/python3.7/site-packages/airflow/example_dags/example_skip_dag.py
[2022-09-02T11:50:28.751+0000] {processor.py:650} INFO - DAG(s) dict_keys(['example_skip_dag']) retrieved from /home/airflow/.local/lib/python3.7/site-packages/airflow/example_dags/example_skip_dag.py
[2022-09-02T11:50:28.771+0000] {logging_mixin.py:115} INFO - [2022-09-02T11:50:28.771+0000] {dag.py:2429} INFO - Sync 1 DAGs
[2022-09-02T11:50:28.784+0000] {logging_mixin.py:115} INFO - [2022-09-02T11:50:28.784+0000] {dag.py:2981} INFO - Setting next_dagrun for example_skip_dag to 2022-09-01T11:50:28.784059+00:00, run_after=2022-09-02T11:50:28.784059+00:00
[2022-09-02T11:50:28.793+0000] {processor.py:161} INFO - Processing /home/airflow/.local/lib/python3.7/site-packages/airflow/example_dags/example_skip_dag.py took 0.054 seconds
[2022-09-02T11:50:59.467+0000] {processor.py:153} INFO - Started process (PID=1592) to work on /home/airflow/.local/lib/python3.7/site-packages/airflow/example_dags/example_skip_dag.py
[2022-09-02T11:50:59.469+0000] {processor.py:640} INFO - Processing file /home/airflow/.local/lib/python3.7/site-packages/airflow/example_dags/example_skip_dag.py for tasks to queue
[2022-09-02T11:50:59.470+0000] {logging_mixin.py:115} INFO - [2022-09-02T11:50:59.470+0000] {dagbag.py:508} INFO - Filling up the DagBag from /home/airflow/.local/lib/python3.7/site-packages/airflow/example_dags/example_skip_dag.py
[2022-09-02T11:50:59.475+0000] {processor.py:650} INFO - DAG(s) dict_keys(['example_skip_dag']) retrieved from /home/airflow/.local/lib/python3.7/site-packages/airflow/example_dags/example_skip_dag.py
[2022-09-02T11:50:59.494+0000] {logging_mixin.py:115} INFO - [2022-09-02T11:50:59.494+0000] {dag.py:2429} INFO - Sync 1 DAGs
[2022-09-02T11:50:59.506+0000] {logging_mixin.py:115} INFO - [2022-09-02T11:50:59.506+0000] {dag.py:2981} INFO - Setting next_dagrun for example_skip_dag to 2022-09-01T11:50:59.506595+00:00, run_after=2022-09-02T11:50:59.506595+00:00
[2022-09-02T11:50:59.515+0000] {processor.py:161} INFO - Processing /home/airflow/.local/lib/python3.7/site-packages/airflow/example_dags/example_skip_dag.py took 0.055 seconds
[2022-09-02T11:51:30.241+0000] {processor.py:153} INFO - Started process (PID=1790) to work on /home/airflow/.local/lib/python3.7/site-packages/airflow/example_dags/example_skip_dag.py
[2022-09-02T11:51:30.245+0000] {processor.py:640} INFO - Processing file /home/airflow/.local/lib/python3.7/site-packages/airflow/example_dags/example_skip_dag.py for tasks to queue
[2022-09-02T11:51:30.247+0000] {logging_mixin.py:115} INFO - [2022-09-02T11:51:30.247+0000] {dagbag.py:508} INFO - Filling up the DagBag from /home/airflow/.local/lib/python3.7/site-packages/airflow/example_dags/example_skip_dag.py
[2022-09-02T11:51:30.253+0000] {processor.py:650} INFO - DAG(s) dict_keys(['example_skip_dag']) retrieved from /home/airflow/.local/lib/python3.7/site-packages/airflow/example_dags/example_skip_dag.py
[2022-09-02T11:51:30.274+0000] {logging_mixin.py:115} INFO - [2022-09-02T11:51:30.274+0000] {dag.py:2429} INFO - Sync 1 DAGs
[2022-09-02T11:51:30.288+0000] {logging_mixin.py:115} INFO - [2022-09-02T11:51:30.288+0000] {dag.py:2981} INFO - Setting next_dagrun for example_skip_dag to 2022-09-01T11:51:30.287911+00:00, run_after=2022-09-02T11:51:30.287911+00:00
[2022-09-02T11:51:30.298+0000] {processor.py:161} INFO - Processing /home/airflow/.local/lib/python3.7/site-packages/airflow/example_dags/example_skip_dag.py took 0.061 seconds
[2022-09-02T11:52:01.003+0000] {processor.py:153} INFO - Started process (PID=1987) to work on /home/airflow/.local/lib/python3.7/site-packages/airflow/example_dags/example_skip_dag.py
[2022-09-02T11:52:01.006+0000] {processor.py:640} INFO - Processing file /home/airflow/.local/lib/python3.7/site-packages/airflow/example_dags/example_skip_dag.py for tasks to queue
[2022-09-02T11:52:01.007+0000] {logging_mixin.py:115} INFO - [2022-09-02T11:52:01.007+0000] {dagbag.py:508} INFO - Filling up the DagBag from /home/airflow/.local/lib/python3.7/site-packages/airflow/example_dags/example_skip_dag.py
[2022-09-02T11:52:01.013+0000] {processor.py:650} INFO - DAG(s) dict_keys(['example_skip_dag']) retrieved from /home/airflow/.local/lib/python3.7/site-packages/airflow/example_dags/example_skip_dag.py
[2022-09-02T11:52:01.035+0000] {logging_mixin.py:115} INFO - [2022-09-02T11:52:01.035+0000] {dag.py:2429} INFO - Sync 1 DAGs
[2022-09-02T11:52:01.050+0000] {logging_mixin.py:115} INFO - [2022-09-02T11:52:01.050+0000] {dag.py:2981} INFO - Setting next_dagrun for example_skip_dag to 2022-09-01T11:52:01.050413+00:00, run_after=2022-09-02T11:52:01.050413+00:00
[2022-09-02T11:52:01.063+0000] {processor.py:161} INFO - Processing /home/airflow/.local/lib/python3.7/site-packages/airflow/example_dags/example_skip_dag.py took 0.062 seconds
[2022-09-02T11:52:32.005+0000] {processor.py:153} INFO - Started process (PID=2183) to work on /home/airflow/.local/lib/python3.7/site-packages/airflow/example_dags/example_skip_dag.py
[2022-09-02T11:52:32.007+0000] {processor.py:640} INFO - Processing file /home/airflow/.local/lib/python3.7/site-packages/airflow/example_dags/example_skip_dag.py for tasks to queue
[2022-09-02T11:52:32.009+0000] {logging_mixin.py:115} INFO - [2022-09-02T11:52:32.008+0000] {dagbag.py:508} INFO - Filling up the DagBag from /home/airflow/.local/lib/python3.7/site-packages/airflow/example_dags/example_skip_dag.py
[2022-09-02T11:52:32.014+0000] {processor.py:650} INFO - DAG(s) dict_keys(['example_skip_dag']) retrieved from /home/airflow/.local/lib/python3.7/site-packages/airflow/example_dags/example_skip_dag.py
[2022-09-02T11:52:32.033+0000] {logging_mixin.py:115} INFO - [2022-09-02T11:52:32.032+0000] {dag.py:2429} INFO - Sync 1 DAGs
[2022-09-02T11:52:32.046+0000] {logging_mixin.py:115} INFO - [2022-09-02T11:52:32.046+0000] {dag.py:2981} INFO - Setting next_dagrun for example_skip_dag to 2022-09-01T11:52:32.045874+00:00, run_after=2022-09-02T11:52:32.045874+00:00
[2022-09-02T11:52:32.055+0000] {processor.py:161} INFO - Processing /home/airflow/.local/lib/python3.7/site-packages/airflow/example_dags/example_skip_dag.py took 0.054 seconds
[2022-09-02T11:53:02.704+0000] {processor.py:153} INFO - Started process (PID=2372) to work on /home/airflow/.local/lib/python3.7/site-packages/airflow/example_dags/example_skip_dag.py
[2022-09-02T11:53:02.708+0000] {processor.py:640} INFO - Processing file /home/airflow/.local/lib/python3.7/site-packages/airflow/example_dags/example_skip_dag.py for tasks to queue
[2022-09-02T11:53:02.711+0000] {logging_mixin.py:115} INFO - [2022-09-02T11:53:02.711+0000] {dagbag.py:508} INFO - Filling up the DagBag from /home/airflow/.local/lib/python3.7/site-packages/airflow/example_dags/example_skip_dag.py
[2022-09-02T11:53:02.716+0000] {processor.py:650} INFO - DAG(s) dict_keys(['example_skip_dag']) retrieved from /home/airflow/.local/lib/python3.7/site-packages/airflow/example_dags/example_skip_dag.py
[2022-09-02T11:53:02.735+0000] {logging_mixin.py:115} INFO - [2022-09-02T11:53:02.734+0000] {dag.py:2429} INFO - Sync 1 DAGs
[2022-09-02T11:53:02.748+0000] {logging_mixin.py:115} INFO - [2022-09-02T11:53:02.747+0000] {dag.py:2981} INFO - Setting next_dagrun for example_skip_dag to 2022-09-01T11:53:02.747815+00:00, run_after=2022-09-02T11:53:02.747815+00:00
[2022-09-02T11:53:02.758+0000] {processor.py:161} INFO - Processing /home/airflow/.local/lib/python3.7/site-packages/airflow/example_dags/example_skip_dag.py took 0.058 seconds
[2022-09-02T11:53:33.544+0000] {processor.py:153} INFO - Started process (PID=2570) to work on /home/airflow/.local/lib/python3.7/site-packages/airflow/example_dags/example_skip_dag.py
[2022-09-02T11:53:33.547+0000] {processor.py:640} INFO - Processing file /home/airflow/.local/lib/python3.7/site-packages/airflow/example_dags/example_skip_dag.py for tasks to queue
[2022-09-02T11:53:33.549+0000] {logging_mixin.py:115} INFO - [2022-09-02T11:53:33.548+0000] {dagbag.py:508} INFO - Filling up the DagBag from /home/airflow/.local/lib/python3.7/site-packages/airflow/example_dags/example_skip_dag.py
[2022-09-02T11:53:33.555+0000] {processor.py:650} INFO - DAG(s) dict_keys(['example_skip_dag']) retrieved from /home/airflow/.local/lib/python3.7/site-packages/airflow/example_dags/example_skip_dag.py
[2022-09-02T11:53:33.578+0000] {logging_mixin.py:115} INFO - [2022-09-02T11:53:33.578+0000] {dag.py:2429} INFO - Sync 1 DAGs
[2022-09-02T11:53:33.592+0000] {logging_mixin.py:115} INFO - [2022-09-02T11:53:33.592+0000] {dag.py:2981} INFO - Setting next_dagrun for example_skip_dag to 2022-09-01T11:53:33.592296+00:00, run_after=2022-09-02T11:53:33.592296+00:00
[2022-09-02T11:53:33.601+0000] {processor.py:161} INFO - Processing /home/airflow/.local/lib/python3.7/site-packages/airflow/example_dags/example_skip_dag.py took 0.061 seconds
[2022-09-02T11:54:04.314+0000] {processor.py:153} INFO - Started process (PID=2768) to work on /home/airflow/.local/lib/python3.7/site-packages/airflow/example_dags/example_skip_dag.py
[2022-09-02T11:54:04.318+0000] {processor.py:640} INFO - Processing file /home/airflow/.local/lib/python3.7/site-packages/airflow/example_dags/example_skip_dag.py for tasks to queue
[2022-09-02T11:54:04.320+0000] {logging_mixin.py:115} INFO - [2022-09-02T11:54:04.320+0000] {dagbag.py:508} INFO - Filling up the DagBag from /home/airflow/.local/lib/python3.7/site-packages/airflow/example_dags/example_skip_dag.py
[2022-09-02T11:54:04.326+0000] {processor.py:650} INFO - DAG(s) dict_keys(['example_skip_dag']) retrieved from /home/airflow/.local/lib/python3.7/site-packages/airflow/example_dags/example_skip_dag.py
[2022-09-02T11:54:04.347+0000] {logging_mixin.py:115} INFO - [2022-09-02T11:54:04.347+0000] {dag.py:2429} INFO - Sync 1 DAGs
[2022-09-02T11:54:04.379+0000] {logging_mixin.py:115} INFO - [2022-09-02T11:54:04.379+0000] {dag.py:2981} INFO - Setting next_dagrun for example_skip_dag to 2022-09-01T11:54:04.379321+00:00, run_after=2022-09-02T11:54:04.379321+00:00
[2022-09-02T11:54:04.388+0000] {processor.py:161} INFO - Processing /home/airflow/.local/lib/python3.7/site-packages/airflow/example_dags/example_skip_dag.py took 0.077 seconds
[2022-09-02T11:54:35.130+0000] {processor.py:153} INFO - Started process (PID=2964) to work on /home/airflow/.local/lib/python3.7/site-packages/airflow/example_dags/example_skip_dag.py
[2022-09-02T11:54:35.132+0000] {processor.py:640} INFO - Processing file /home/airflow/.local/lib/python3.7/site-packages/airflow/example_dags/example_skip_dag.py for tasks to queue
[2022-09-02T11:54:35.135+0000] {logging_mixin.py:115} INFO - [2022-09-02T11:54:35.135+0000] {dagbag.py:508} INFO - Filling up the DagBag from /home/airflow/.local/lib/python3.7/site-packages/airflow/example_dags/example_skip_dag.py
[2022-09-02T11:54:35.141+0000] {processor.py:650} INFO - DAG(s) dict_keys(['example_skip_dag']) retrieved from /home/airflow/.local/lib/python3.7/site-packages/airflow/example_dags/example_skip_dag.py
[2022-09-02T11:54:35.163+0000] {logging_mixin.py:115} INFO - [2022-09-02T11:54:35.163+0000] {dag.py:2429} INFO - Sync 1 DAGs
[2022-09-02T11:54:35.177+0000] {logging_mixin.py:115} INFO - [2022-09-02T11:54:35.177+0000] {dag.py:2981} INFO - Setting next_dagrun for example_skip_dag to 2022-09-01T11:54:35.177197+00:00, run_after=2022-09-02T11:54:35.177197+00:00
[2022-09-02T11:54:35.188+0000] {processor.py:161} INFO - Processing /home/airflow/.local/lib/python3.7/site-packages/airflow/example_dags/example_skip_dag.py took 0.062 seconds
[2022-09-02T11:55:05.855+0000] {processor.py:153} INFO - Started process (PID=3162) to work on /home/airflow/.local/lib/python3.7/site-packages/airflow/example_dags/example_skip_dag.py
[2022-09-02T11:55:05.857+0000] {processor.py:640} INFO - Processing file /home/airflow/.local/lib/python3.7/site-packages/airflow/example_dags/example_skip_dag.py for tasks to queue
[2022-09-02T11:55:05.859+0000] {logging_mixin.py:115} INFO - [2022-09-02T11:55:05.859+0000] {dagbag.py:508} INFO - Filling up the DagBag from /home/airflow/.local/lib/python3.7/site-packages/airflow/example_dags/example_skip_dag.py
[2022-09-02T11:55:05.865+0000] {processor.py:650} INFO - DAG(s) dict_keys(['example_skip_dag']) retrieved from /home/airflow/.local/lib/python3.7/site-packages/airflow/example_dags/example_skip_dag.py
[2022-09-02T11:55:05.885+0000] {logging_mixin.py:115} INFO - [2022-09-02T11:55:05.885+0000] {dag.py:2429} INFO - Sync 1 DAGs
[2022-09-02T11:55:05.898+0000] {logging_mixin.py:115} INFO - [2022-09-02T11:55:05.898+0000] {dag.py:2981} INFO - Setting next_dagrun for example_skip_dag to 2022-09-01T11:55:05.898036+00:00, run_after=2022-09-02T11:55:05.898036+00:00
[2022-09-02T11:55:05.908+0000] {processor.py:161} INFO - Processing /home/airflow/.local/lib/python3.7/site-packages/airflow/example_dags/example_skip_dag.py took 0.057 seconds
[2022-09-02T11:55:36.739+0000] {processor.py:153} INFO - Started process (PID=3360) to work on /home/airflow/.local/lib/python3.7/site-packages/airflow/example_dags/example_skip_dag.py
[2022-09-02T11:55:36.743+0000] {processor.py:640} INFO - Processing file /home/airflow/.local/lib/python3.7/site-packages/airflow/example_dags/example_skip_dag.py for tasks to queue
[2022-09-02T11:55:36.745+0000] {logging_mixin.py:115} INFO - [2022-09-02T11:55:36.745+0000] {dagbag.py:508} INFO - Filling up the DagBag from /home/airflow/.local/lib/python3.7/site-packages/airflow/example_dags/example_skip_dag.py
[2022-09-02T11:55:36.750+0000] {processor.py:650} INFO - DAG(s) dict_keys(['example_skip_dag']) retrieved from /home/airflow/.local/lib/python3.7/site-packages/airflow/example_dags/example_skip_dag.py
[2022-09-02T11:55:36.771+0000] {logging_mixin.py:115} INFO - [2022-09-02T11:55:36.771+0000] {dag.py:2429} INFO - Sync 1 DAGs
[2022-09-02T11:55:36.784+0000] {logging_mixin.py:115} INFO - [2022-09-02T11:55:36.784+0000] {dag.py:2981} INFO - Setting next_dagrun for example_skip_dag to 2022-09-01T11:55:36.784295+00:00, run_after=2022-09-02T11:55:36.784295+00:00
[2022-09-02T11:55:36.794+0000] {processor.py:161} INFO - Processing /home/airflow/.local/lib/python3.7/site-packages/airflow/example_dags/example_skip_dag.py took 0.058 seconds
[2022-09-02T11:56:07.486+0000] {processor.py:153} INFO - Started process (PID=3547) to work on /home/airflow/.local/lib/python3.7/site-packages/airflow/example_dags/example_skip_dag.py
[2022-09-02T11:56:07.488+0000] {processor.py:640} INFO - Processing file /home/airflow/.local/lib/python3.7/site-packages/airflow/example_dags/example_skip_dag.py for tasks to queue
[2022-09-02T11:56:07.490+0000] {logging_mixin.py:115} INFO - [2022-09-02T11:56:07.490+0000] {dagbag.py:508} INFO - Filling up the DagBag from /home/airflow/.local/lib/python3.7/site-packages/airflow/example_dags/example_skip_dag.py
[2022-09-02T11:56:07.496+0000] {processor.py:650} INFO - DAG(s) dict_keys(['example_skip_dag']) retrieved from /home/airflow/.local/lib/python3.7/site-packages/airflow/example_dags/example_skip_dag.py
[2022-09-02T11:56:07.524+0000] {logging_mixin.py:115} INFO - [2022-09-02T11:56:07.524+0000] {dag.py:2429} INFO - Sync 1 DAGs
[2022-09-02T11:56:07.540+0000] {logging_mixin.py:115} INFO - [2022-09-02T11:56:07.540+0000] {dag.py:2981} INFO - Setting next_dagrun for example_skip_dag to 2022-09-01T11:56:07.540651+00:00, run_after=2022-09-02T11:56:07.540651+00:00
[2022-09-02T11:56:07.551+0000] {processor.py:161} INFO - Processing /home/airflow/.local/lib/python3.7/site-packages/airflow/example_dags/example_skip_dag.py took 0.070 seconds
[2022-09-02T11:56:38.375+0000] {processor.py:153} INFO - Started process (PID=3743) to work on /home/airflow/.local/lib/python3.7/site-packages/airflow/example_dags/example_skip_dag.py
[2022-09-02T11:56:38.380+0000] {processor.py:640} INFO - Processing file /home/airflow/.local/lib/python3.7/site-packages/airflow/example_dags/example_skip_dag.py for tasks to queue
[2022-09-02T11:56:38.381+0000] {logging_mixin.py:115} INFO - [2022-09-02T11:56:38.381+0000] {dagbag.py:508} INFO - Filling up the DagBag from /home/airflow/.local/lib/python3.7/site-packages/airflow/example_dags/example_skip_dag.py
[2022-09-02T11:56:38.387+0000] {processor.py:650} INFO - DAG(s) dict_keys(['example_skip_dag']) retrieved from /home/airflow/.local/lib/python3.7/site-packages/airflow/example_dags/example_skip_dag.py
[2022-09-02T11:56:38.408+0000] {logging_mixin.py:115} INFO - [2022-09-02T11:56:38.408+0000] {dag.py:2429} INFO - Sync 1 DAGs
[2022-09-02T11:56:38.421+0000] {logging_mixin.py:115} INFO - [2022-09-02T11:56:38.421+0000] {dag.py:2981} INFO - Setting next_dagrun for example_skip_dag to 2022-09-01T11:56:38.421527+00:00, run_after=2022-09-02T11:56:38.421527+00:00
[2022-09-02T11:56:38.431+0000] {processor.py:161} INFO - Processing /home/airflow/.local/lib/python3.7/site-packages/airflow/example_dags/example_skip_dag.py took 0.058 seconds
[2022-09-02T11:57:09.173+0000] {processor.py:153} INFO - Started process (PID=3939) to work on /home/airflow/.local/lib/python3.7/site-packages/airflow/example_dags/example_skip_dag.py
[2022-09-02T11:57:09.177+0000] {processor.py:640} INFO - Processing file /home/airflow/.local/lib/python3.7/site-packages/airflow/example_dags/example_skip_dag.py for tasks to queue
[2022-09-02T11:57:09.178+0000] {logging_mixin.py:115} INFO - [2022-09-02T11:57:09.178+0000] {dagbag.py:508} INFO - Filling up the DagBag from /home/airflow/.local/lib/python3.7/site-packages/airflow/example_dags/example_skip_dag.py
[2022-09-02T11:57:09.183+0000] {processor.py:650} INFO - DAG(s) dict_keys(['example_skip_dag']) retrieved from /home/airflow/.local/lib/python3.7/site-packages/airflow/example_dags/example_skip_dag.py
[2022-09-02T11:57:09.202+0000] {logging_mixin.py:115} INFO - [2022-09-02T11:57:09.202+0000] {dag.py:2429} INFO - Sync 1 DAGs
[2022-09-02T11:57:09.215+0000] {logging_mixin.py:115} INFO - [2022-09-02T11:57:09.215+0000] {dag.py:2981} INFO - Setting next_dagrun for example_skip_dag to 2022-09-01T11:57:09.215521+00:00, run_after=2022-09-02T11:57:09.215521+00:00
[2022-09-02T11:57:09.226+0000] {processor.py:161} INFO - Processing /home/airflow/.local/lib/python3.7/site-packages/airflow/example_dags/example_skip_dag.py took 0.055 seconds
[2022-09-02T11:57:40.020+0000] {processor.py:153} INFO - Started process (PID=4135) to work on /home/airflow/.local/lib/python3.7/site-packages/airflow/example_dags/example_skip_dag.py
[2022-09-02T11:57:40.022+0000] {processor.py:640} INFO - Processing file /home/airflow/.local/lib/python3.7/site-packages/airflow/example_dags/example_skip_dag.py for tasks to queue
[2022-09-02T11:57:40.024+0000] {logging_mixin.py:115} INFO - [2022-09-02T11:57:40.024+0000] {dagbag.py:508} INFO - Filling up the DagBag from /home/airflow/.local/lib/python3.7/site-packages/airflow/example_dags/example_skip_dag.py
[2022-09-02T11:57:40.030+0000] {processor.py:650} INFO - DAG(s) dict_keys(['example_skip_dag']) retrieved from /home/airflow/.local/lib/python3.7/site-packages/airflow/example_dags/example_skip_dag.py
[2022-09-02T11:57:40.050+0000] {logging_mixin.py:115} INFO - [2022-09-02T11:57:40.050+0000] {dag.py:2429} INFO - Sync 1 DAGs
[2022-09-02T11:57:40.065+0000] {logging_mixin.py:115} INFO - [2022-09-02T11:57:40.065+0000] {dag.py:2981} INFO - Setting next_dagrun for example_skip_dag to 2022-09-01T11:57:40.064814+00:00, run_after=2022-09-02T11:57:40.064814+00:00
[2022-09-02T11:57:40.073+0000] {processor.py:161} INFO - Processing /home/airflow/.local/lib/python3.7/site-packages/airflow/example_dags/example_skip_dag.py took 0.056 seconds
[2022-09-02T11:58:10.877+0000] {processor.py:153} INFO - Started process (PID=4332) to work on /home/airflow/.local/lib/python3.7/site-packages/airflow/example_dags/example_skip_dag.py
[2022-09-02T11:58:10.880+0000] {processor.py:640} INFO - Processing file /home/airflow/.local/lib/python3.7/site-packages/airflow/example_dags/example_skip_dag.py for tasks to queue
[2022-09-02T11:58:10.882+0000] {logging_mixin.py:115} INFO - [2022-09-02T11:58:10.882+0000] {dagbag.py:508} INFO - Filling up the DagBag from /home/airflow/.local/lib/python3.7/site-packages/airflow/example_dags/example_skip_dag.py
[2022-09-02T11:58:10.889+0000] {processor.py:650} INFO - DAG(s) dict_keys(['example_skip_dag']) retrieved from /home/airflow/.local/lib/python3.7/site-packages/airflow/example_dags/example_skip_dag.py
[2022-09-02T11:58:10.915+0000] {logging_mixin.py:115} INFO - [2022-09-02T11:58:10.915+0000] {dag.py:2429} INFO - Sync 1 DAGs
[2022-09-02T11:58:10.936+0000] {logging_mixin.py:115} INFO - [2022-09-02T11:58:10.936+0000] {dag.py:2981} INFO - Setting next_dagrun for example_skip_dag to 2022-09-01T11:58:10.935926+00:00, run_after=2022-09-02T11:58:10.935926+00:00
[2022-09-02T11:58:10.946+0000] {processor.py:161} INFO - Processing /home/airflow/.local/lib/python3.7/site-packages/airflow/example_dags/example_skip_dag.py took 0.073 seconds
[2022-09-02T11:58:41.707+0000] {processor.py:153} INFO - Started process (PID=4529) to work on /home/airflow/.local/lib/python3.7/site-packages/airflow/example_dags/example_skip_dag.py
[2022-09-02T11:58:41.710+0000] {processor.py:640} INFO - Processing file /home/airflow/.local/lib/python3.7/site-packages/airflow/example_dags/example_skip_dag.py for tasks to queue
[2022-09-02T11:58:41.711+0000] {logging_mixin.py:115} INFO - [2022-09-02T11:58:41.711+0000] {dagbag.py:508} INFO - Filling up the DagBag from /home/airflow/.local/lib/python3.7/site-packages/airflow/example_dags/example_skip_dag.py
[2022-09-02T11:58:41.714+0000] {processor.py:650} INFO - DAG(s) dict_keys(['example_skip_dag']) retrieved from /home/airflow/.local/lib/python3.7/site-packages/airflow/example_dags/example_skip_dag.py
[2022-09-02T11:58:41.735+0000] {logging_mixin.py:115} INFO - [2022-09-02T11:58:41.735+0000] {dag.py:2429} INFO - Sync 1 DAGs
[2022-09-02T11:58:41.751+0000] {logging_mixin.py:115} INFO - [2022-09-02T11:58:41.750+0000] {dag.py:2981} INFO - Setting next_dagrun for example_skip_dag to 2022-09-01T11:58:41.750816+00:00, run_after=2022-09-02T11:58:41.750816+00:00
[2022-09-02T11:58:41.759+0000] {processor.py:161} INFO - Processing /home/airflow/.local/lib/python3.7/site-packages/airflow/example_dags/example_skip_dag.py took 0.053 seconds
[2022-09-02T11:59:12.643+0000] {processor.py:153} INFO - Started process (PID=4726) to work on /home/airflow/.local/lib/python3.7/site-packages/airflow/example_dags/example_skip_dag.py
[2022-09-02T11:59:12.645+0000] {processor.py:640} INFO - Processing file /home/airflow/.local/lib/python3.7/site-packages/airflow/example_dags/example_skip_dag.py for tasks to queue
[2022-09-02T11:59:12.646+0000] {logging_mixin.py:115} INFO - [2022-09-02T11:59:12.646+0000] {dagbag.py:508} INFO - Filling up the DagBag from /home/airflow/.local/lib/python3.7/site-packages/airflow/example_dags/example_skip_dag.py
[2022-09-02T11:59:12.649+0000] {processor.py:650} INFO - DAG(s) dict_keys(['example_skip_dag']) retrieved from /home/airflow/.local/lib/python3.7/site-packages/airflow/example_dags/example_skip_dag.py
[2022-09-02T11:59:12.667+0000] {logging_mixin.py:115} INFO - [2022-09-02T11:59:12.666+0000] {dag.py:2429} INFO - Sync 1 DAGs
[2022-09-02T11:59:12.681+0000] {logging_mixin.py:115} INFO - [2022-09-02T11:59:12.681+0000] {dag.py:2981} INFO - Setting next_dagrun for example_skip_dag to 2022-09-01T11:59:12.681359+00:00, run_after=2022-09-02T11:59:12.681359+00:00
[2022-09-02T11:59:12.689+0000] {processor.py:161} INFO - Processing /home/airflow/.local/lib/python3.7/site-packages/airflow/example_dags/example_skip_dag.py took 0.049 seconds
[2022-09-02T11:59:43.439+0000] {processor.py:153} INFO - Started process (PID=4914) to work on /home/airflow/.local/lib/python3.7/site-packages/airflow/example_dags/example_skip_dag.py
[2022-09-02T11:59:43.443+0000] {processor.py:640} INFO - Processing file /home/airflow/.local/lib/python3.7/site-packages/airflow/example_dags/example_skip_dag.py for tasks to queue
[2022-09-02T11:59:43.445+0000] {logging_mixin.py:115} INFO - [2022-09-02T11:59:43.445+0000] {dagbag.py:508} INFO - Filling up the DagBag from /home/airflow/.local/lib/python3.7/site-packages/airflow/example_dags/example_skip_dag.py
[2022-09-02T11:59:43.450+0000] {processor.py:650} INFO - DAG(s) dict_keys(['example_skip_dag']) retrieved from /home/airflow/.local/lib/python3.7/site-packages/airflow/example_dags/example_skip_dag.py
[2022-09-02T11:59:43.470+0000] {logging_mixin.py:115} INFO - [2022-09-02T11:59:43.470+0000] {dag.py:2429} INFO - Sync 1 DAGs
[2022-09-02T11:59:43.485+0000] {logging_mixin.py:115} INFO - [2022-09-02T11:59:43.484+0000] {dag.py:2981} INFO - Setting next_dagrun for example_skip_dag to 2022-09-01T11:59:43.484797+00:00, run_after=2022-09-02T11:59:43.484797+00:00
[2022-09-02T11:59:43.492+0000] {processor.py:161} INFO - Processing /home/airflow/.local/lib/python3.7/site-packages/airflow/example_dags/example_skip_dag.py took 0.058 seconds
[2022-09-02T12:00:14.343+0000] {processor.py:153} INFO - Started process (PID=5111) to work on /home/airflow/.local/lib/python3.7/site-packages/airflow/example_dags/example_skip_dag.py
[2022-09-02T12:00:14.346+0000] {processor.py:640} INFO - Processing file /home/airflow/.local/lib/python3.7/site-packages/airflow/example_dags/example_skip_dag.py for tasks to queue
[2022-09-02T12:00:14.347+0000] {logging_mixin.py:115} INFO - [2022-09-02T12:00:14.347+0000] {dagbag.py:508} INFO - Filling up the DagBag from /home/airflow/.local/lib/python3.7/site-packages/airflow/example_dags/example_skip_dag.py
[2022-09-02T12:00:14.352+0000] {processor.py:650} INFO - DAG(s) dict_keys(['example_skip_dag']) retrieved from /home/airflow/.local/lib/python3.7/site-packages/airflow/example_dags/example_skip_dag.py
[2022-09-02T12:00:14.373+0000] {logging_mixin.py:115} INFO - [2022-09-02T12:00:14.373+0000] {dag.py:2429} INFO - Sync 1 DAGs
[2022-09-02T12:00:14.388+0000] {logging_mixin.py:115} INFO - [2022-09-02T12:00:14.388+0000] {dag.py:2981} INFO - Setting next_dagrun for example_skip_dag to 2022-09-01T12:00:14.388389+00:00, run_after=2022-09-02T12:00:14.388389+00:00
[2022-09-02T12:00:14.396+0000] {processor.py:161} INFO - Processing /home/airflow/.local/lib/python3.7/site-packages/airflow/example_dags/example_skip_dag.py took 0.058 seconds
[2022-09-02T12:00:45.120+0000] {processor.py:153} INFO - Started process (PID=5308) to work on /home/airflow/.local/lib/python3.7/site-packages/airflow/example_dags/example_skip_dag.py
[2022-09-02T12:00:45.122+0000] {processor.py:640} INFO - Processing file /home/airflow/.local/lib/python3.7/site-packages/airflow/example_dags/example_skip_dag.py for tasks to queue
[2022-09-02T12:00:45.123+0000] {logging_mixin.py:115} INFO - [2022-09-02T12:00:45.123+0000] {dagbag.py:508} INFO - Filling up the DagBag from /home/airflow/.local/lib/python3.7/site-packages/airflow/example_dags/example_skip_dag.py
[2022-09-02T12:00:45.129+0000] {processor.py:650} INFO - DAG(s) dict_keys(['example_skip_dag']) retrieved from /home/airflow/.local/lib/python3.7/site-packages/airflow/example_dags/example_skip_dag.py
[2022-09-02T12:00:45.147+0000] {logging_mixin.py:115} INFO - [2022-09-02T12:00:45.147+0000] {dag.py:2429} INFO - Sync 1 DAGs
[2022-09-02T12:00:45.166+0000] {logging_mixin.py:115} INFO - [2022-09-02T12:00:45.166+0000] {dag.py:2981} INFO - Setting next_dagrun for example_skip_dag to 2022-09-01T12:00:45.166701+00:00, run_after=2022-09-02T12:00:45.166701+00:00
[2022-09-02T12:00:45.188+0000] {processor.py:161} INFO - Processing /home/airflow/.local/lib/python3.7/site-packages/airflow/example_dags/example_skip_dag.py took 0.069 seconds
[2022-09-02T12:01:15.790+0000] {processor.py:153} INFO - Started process (PID=5505) to work on /home/airflow/.local/lib/python3.7/site-packages/airflow/example_dags/example_skip_dag.py
[2022-09-02T12:01:15.794+0000] {processor.py:640} INFO - Processing file /home/airflow/.local/lib/python3.7/site-packages/airflow/example_dags/example_skip_dag.py for tasks to queue
[2022-09-02T12:01:15.795+0000] {logging_mixin.py:115} INFO - [2022-09-02T12:01:15.795+0000] {dagbag.py:508} INFO - Filling up the DagBag from /home/airflow/.local/lib/python3.7/site-packages/airflow/example_dags/example_skip_dag.py
[2022-09-02T12:01:15.799+0000] {processor.py:650} INFO - DAG(s) dict_keys(['example_skip_dag']) retrieved from /home/airflow/.local/lib/python3.7/site-packages/airflow/example_dags/example_skip_dag.py
[2022-09-02T12:01:15.816+0000] {logging_mixin.py:115} INFO - [2022-09-02T12:01:15.816+0000] {dag.py:2429} INFO - Sync 1 DAGs
[2022-09-02T12:01:15.831+0000] {logging_mixin.py:115} INFO - [2022-09-02T12:01:15.831+0000] {dag.py:2981} INFO - Setting next_dagrun for example_skip_dag to 2022-09-01T12:01:15.831288+00:00, run_after=2022-09-02T12:01:15.831288+00:00
[2022-09-02T12:01:15.838+0000] {processor.py:161} INFO - Processing /home/airflow/.local/lib/python3.7/site-packages/airflow/example_dags/example_skip_dag.py took 0.052 seconds
[2022-09-02T12:01:46.573+0000] {processor.py:153} INFO - Started process (PID=5702) to work on /home/airflow/.local/lib/python3.7/site-packages/airflow/example_dags/example_skip_dag.py
[2022-09-02T12:01:46.575+0000] {processor.py:640} INFO - Processing file /home/airflow/.local/lib/python3.7/site-packages/airflow/example_dags/example_skip_dag.py for tasks to queue
[2022-09-02T12:01:46.577+0000] {logging_mixin.py:115} INFO - [2022-09-02T12:01:46.577+0000] {dagbag.py:508} INFO - Filling up the DagBag from /home/airflow/.local/lib/python3.7/site-packages/airflow/example_dags/example_skip_dag.py
[2022-09-02T12:01:46.582+0000] {processor.py:650} INFO - DAG(s) dict_keys(['example_skip_dag']) retrieved from /home/airflow/.local/lib/python3.7/site-packages/airflow/example_dags/example_skip_dag.py
[2022-09-02T12:01:46.603+0000] {logging_mixin.py:115} INFO - [2022-09-02T12:01:46.603+0000] {dag.py:2429} INFO - Sync 1 DAGs
[2022-09-02T12:01:46.621+0000] {logging_mixin.py:115} INFO - [2022-09-02T12:01:46.620+0000] {dag.py:2981} INFO - Setting next_dagrun for example_skip_dag to 2022-09-01T12:01:46.620789+00:00, run_after=2022-09-02T12:01:46.620789+00:00
[2022-09-02T12:01:46.636+0000] {processor.py:161} INFO - Processing /home/airflow/.local/lib/python3.7/site-packages/airflow/example_dags/example_skip_dag.py took 0.066 seconds
[2022-09-02T12:02:17.393+0000] {processor.py:153} INFO - Started process (PID=5917) to work on /home/airflow/.local/lib/python3.7/site-packages/airflow/example_dags/example_skip_dag.py
[2022-09-02T12:02:17.400+0000] {processor.py:640} INFO - Processing file /home/airflow/.local/lib/python3.7/site-packages/airflow/example_dags/example_skip_dag.py for tasks to queue
[2022-09-02T12:02:17.402+0000] {logging_mixin.py:115} INFO - [2022-09-02T12:02:17.402+0000] {dagbag.py:508} INFO - Filling up the DagBag from /home/airflow/.local/lib/python3.7/site-packages/airflow/example_dags/example_skip_dag.py
[2022-09-02T12:02:17.406+0000] {processor.py:650} INFO - DAG(s) dict_keys(['example_skip_dag']) retrieved from /home/airflow/.local/lib/python3.7/site-packages/airflow/example_dags/example_skip_dag.py
[2022-09-02T12:02:17.426+0000] {logging_mixin.py:115} INFO - [2022-09-02T12:02:17.426+0000] {dag.py:2429} INFO - Sync 1 DAGs
[2022-09-02T12:02:17.442+0000] {logging_mixin.py:115} INFO - [2022-09-02T12:02:17.442+0000] {dag.py:2981} INFO - Setting next_dagrun for example_skip_dag to 2022-09-01T12:02:17.442163+00:00, run_after=2022-09-02T12:02:17.442163+00:00
[2022-09-02T12:02:17.450+0000] {processor.py:161} INFO - Processing /home/airflow/.local/lib/python3.7/site-packages/airflow/example_dags/example_skip_dag.py took 0.060 seconds
[2022-09-02T12:02:48.314+0000] {processor.py:153} INFO - Started process (PID=6104) to work on /home/airflow/.local/lib/python3.7/site-packages/airflow/example_dags/example_skip_dag.py
[2022-09-02T12:02:48.316+0000] {processor.py:640} INFO - Processing file /home/airflow/.local/lib/python3.7/site-packages/airflow/example_dags/example_skip_dag.py for tasks to queue
[2022-09-02T12:02:48.320+0000] {logging_mixin.py:115} INFO - [2022-09-02T12:02:48.320+0000] {dagbag.py:508} INFO - Filling up the DagBag from /home/airflow/.local/lib/python3.7/site-packages/airflow/example_dags/example_skip_dag.py
[2022-09-02T12:02:48.325+0000] {processor.py:650} INFO - DAG(s) dict_keys(['example_skip_dag']) retrieved from /home/airflow/.local/lib/python3.7/site-packages/airflow/example_dags/example_skip_dag.py
[2022-09-02T12:02:48.346+0000] {logging_mixin.py:115} INFO - [2022-09-02T12:02:48.346+0000] {dag.py:2429} INFO - Sync 1 DAGs
[2022-09-02T12:02:48.364+0000] {logging_mixin.py:115} INFO - [2022-09-02T12:02:48.364+0000] {dag.py:2981} INFO - Setting next_dagrun for example_skip_dag to 2022-09-01T12:02:48.364071+00:00, run_after=2022-09-02T12:02:48.364071+00:00
[2022-09-02T12:02:48.373+0000] {processor.py:161} INFO - Processing /home/airflow/.local/lib/python3.7/site-packages/airflow/example_dags/example_skip_dag.py took 0.062 seconds
[2022-09-02T12:03:19.109+0000] {processor.py:153} INFO - Started process (PID=6302) to work on /home/airflow/.local/lib/python3.7/site-packages/airflow/example_dags/example_skip_dag.py
[2022-09-02T12:03:19.113+0000] {processor.py:640} INFO - Processing file /home/airflow/.local/lib/python3.7/site-packages/airflow/example_dags/example_skip_dag.py for tasks to queue
[2022-09-02T12:03:19.116+0000] {logging_mixin.py:115} INFO - [2022-09-02T12:03:19.116+0000] {dagbag.py:508} INFO - Filling up the DagBag from /home/airflow/.local/lib/python3.7/site-packages/airflow/example_dags/example_skip_dag.py
[2022-09-02T12:03:19.121+0000] {processor.py:650} INFO - DAG(s) dict_keys(['example_skip_dag']) retrieved from /home/airflow/.local/lib/python3.7/site-packages/airflow/example_dags/example_skip_dag.py
[2022-09-02T12:03:19.139+0000] {logging_mixin.py:115} INFO - [2022-09-02T12:03:19.139+0000] {dag.py:2429} INFO - Sync 1 DAGs
[2022-09-02T12:03:19.154+0000] {logging_mixin.py:115} INFO - [2022-09-02T12:03:19.154+0000] {dag.py:2981} INFO - Setting next_dagrun for example_skip_dag to 2022-09-01T12:03:19.154185+00:00, run_after=2022-09-02T12:03:19.154185+00:00
[2022-09-02T12:03:19.162+0000] {processor.py:161} INFO - Processing /home/airflow/.local/lib/python3.7/site-packages/airflow/example_dags/example_skip_dag.py took 0.057 seconds
[2022-09-02T12:03:49.901+0000] {processor.py:153} INFO - Started process (PID=6498) to work on /home/airflow/.local/lib/python3.7/site-packages/airflow/example_dags/example_skip_dag.py
[2022-09-02T12:03:49.903+0000] {processor.py:640} INFO - Processing file /home/airflow/.local/lib/python3.7/site-packages/airflow/example_dags/example_skip_dag.py for tasks to queue
[2022-09-02T12:03:49.905+0000] {logging_mixin.py:115} INFO - [2022-09-02T12:03:49.905+0000] {dagbag.py:508} INFO - Filling up the DagBag from /home/airflow/.local/lib/python3.7/site-packages/airflow/example_dags/example_skip_dag.py
[2022-09-02T12:03:49.910+0000] {processor.py:650} INFO - DAG(s) dict_keys(['example_skip_dag']) retrieved from /home/airflow/.local/lib/python3.7/site-packages/airflow/example_dags/example_skip_dag.py
[2022-09-02T12:03:49.931+0000] {logging_mixin.py:115} INFO - [2022-09-02T12:03:49.931+0000] {dag.py:2429} INFO - Sync 1 DAGs
[2022-09-02T12:03:49.947+0000] {logging_mixin.py:115} INFO - [2022-09-02T12:03:49.947+0000] {dag.py:2981} INFO - Setting next_dagrun for example_skip_dag to 2022-09-01T12:03:49.947362+00:00, run_after=2022-09-02T12:03:49.947362+00:00
[2022-09-02T12:03:49.956+0000] {processor.py:161} INFO - Processing /home/airflow/.local/lib/python3.7/site-packages/airflow/example_dags/example_skip_dag.py took 0.059 seconds
[2022-09-02T12:04:20.597+0000] {processor.py:153} INFO - Started process (PID=6695) to work on /home/airflow/.local/lib/python3.7/site-packages/airflow/example_dags/example_skip_dag.py
[2022-09-02T12:04:20.598+0000] {processor.py:640} INFO - Processing file /home/airflow/.local/lib/python3.7/site-packages/airflow/example_dags/example_skip_dag.py for tasks to queue
[2022-09-02T12:04:20.600+0000] {logging_mixin.py:115} INFO - [2022-09-02T12:04:20.600+0000] {dagbag.py:508} INFO - Filling up the DagBag from /home/airflow/.local/lib/python3.7/site-packages/airflow/example_dags/example_skip_dag.py
[2022-09-02T12:04:20.604+0000] {processor.py:650} INFO - DAG(s) dict_keys(['example_skip_dag']) retrieved from /home/airflow/.local/lib/python3.7/site-packages/airflow/example_dags/example_skip_dag.py
[2022-09-02T12:04:20.624+0000] {logging_mixin.py:115} INFO - [2022-09-02T12:04:20.624+0000] {dag.py:2429} INFO - Sync 1 DAGs
[2022-09-02T12:04:20.641+0000] {logging_mixin.py:115} INFO - [2022-09-02T12:04:20.641+0000] {dag.py:2981} INFO - Setting next_dagrun for example_skip_dag to 2022-09-01T12:04:20.641537+00:00, run_after=2022-09-02T12:04:20.641537+00:00
[2022-09-02T12:04:20.650+0000] {processor.py:161} INFO - Processing /home/airflow/.local/lib/python3.7/site-packages/airflow/example_dags/example_skip_dag.py took 0.056 seconds
[2022-09-02T12:04:51.438+0000] {processor.py:153} INFO - Started process (PID=6893) to work on /home/airflow/.local/lib/python3.7/site-packages/airflow/example_dags/example_skip_dag.py
[2022-09-02T12:04:51.441+0000] {processor.py:640} INFO - Processing file /home/airflow/.local/lib/python3.7/site-packages/airflow/example_dags/example_skip_dag.py for tasks to queue
[2022-09-02T12:04:51.442+0000] {logging_mixin.py:115} INFO - [2022-09-02T12:04:51.442+0000] {dagbag.py:508} INFO - Filling up the DagBag from /home/airflow/.local/lib/python3.7/site-packages/airflow/example_dags/example_skip_dag.py
[2022-09-02T12:04:51.448+0000] {processor.py:650} INFO - DAG(s) dict_keys(['example_skip_dag']) retrieved from /home/airflow/.local/lib/python3.7/site-packages/airflow/example_dags/example_skip_dag.py
[2022-09-02T12:04:51.470+0000] {logging_mixin.py:115} INFO - [2022-09-02T12:04:51.470+0000] {dag.py:2429} INFO - Sync 1 DAGs
[2022-09-02T12:04:51.485+0000] {logging_mixin.py:115} INFO - [2022-09-02T12:04:51.485+0000] {dag.py:2981} INFO - Setting next_dagrun for example_skip_dag to 2022-09-01T12:04:51.485342+00:00, run_after=2022-09-02T12:04:51.485342+00:00
[2022-09-02T12:04:51.492+0000] {processor.py:161} INFO - Processing /home/airflow/.local/lib/python3.7/site-packages/airflow/example_dags/example_skip_dag.py took 0.059 seconds
[2022-09-02T12:05:22.292+0000] {processor.py:153} INFO - Started process (PID=7091) to work on /home/airflow/.local/lib/python3.7/site-packages/airflow/example_dags/example_skip_dag.py
[2022-09-02T12:05:22.296+0000] {processor.py:640} INFO - Processing file /home/airflow/.local/lib/python3.7/site-packages/airflow/example_dags/example_skip_dag.py for tasks to queue
[2022-09-02T12:05:22.298+0000] {logging_mixin.py:115} INFO - [2022-09-02T12:05:22.298+0000] {dagbag.py:508} INFO - Filling up the DagBag from /home/airflow/.local/lib/python3.7/site-packages/airflow/example_dags/example_skip_dag.py
[2022-09-02T12:05:22.304+0000] {processor.py:650} INFO - DAG(s) dict_keys(['example_skip_dag']) retrieved from /home/airflow/.local/lib/python3.7/site-packages/airflow/example_dags/example_skip_dag.py
[2022-09-02T12:05:22.329+0000] {logging_mixin.py:115} INFO - [2022-09-02T12:05:22.329+0000] {dag.py:2429} INFO - Sync 1 DAGs
[2022-09-02T12:05:22.347+0000] {logging_mixin.py:115} INFO - [2022-09-02T12:05:22.347+0000] {dag.py:2981} INFO - Setting next_dagrun for example_skip_dag to 2022-09-01T12:05:22.347709+00:00, run_after=2022-09-02T12:05:22.347709+00:00
[2022-09-02T12:05:22.356+0000] {processor.py:161} INFO - Processing /home/airflow/.local/lib/python3.7/site-packages/airflow/example_dags/example_skip_dag.py took 0.068 seconds
[2022-09-02T12:05:53.003+0000] {processor.py:153} INFO - Started process (PID=7286) to work on /home/airflow/.local/lib/python3.7/site-packages/airflow/example_dags/example_skip_dag.py
[2022-09-02T12:05:53.005+0000] {processor.py:640} INFO - Processing file /home/airflow/.local/lib/python3.7/site-packages/airflow/example_dags/example_skip_dag.py for tasks to queue
[2022-09-02T12:05:53.006+0000] {logging_mixin.py:115} INFO - [2022-09-02T12:05:53.006+0000] {dagbag.py:508} INFO - Filling up the DagBag from /home/airflow/.local/lib/python3.7/site-packages/airflow/example_dags/example_skip_dag.py
[2022-09-02T12:05:53.013+0000] {processor.py:650} INFO - DAG(s) dict_keys(['example_skip_dag']) retrieved from /home/airflow/.local/lib/python3.7/site-packages/airflow/example_dags/example_skip_dag.py
[2022-09-02T12:05:53.032+0000] {logging_mixin.py:115} INFO - [2022-09-02T12:05:53.032+0000] {dag.py:2429} INFO - Sync 1 DAGs
[2022-09-02T12:05:53.050+0000] {logging_mixin.py:115} INFO - [2022-09-02T12:05:53.050+0000] {dag.py:2981} INFO - Setting next_dagrun for example_skip_dag to 2022-09-01T12:05:53.049923+00:00, run_after=2022-09-02T12:05:53.049923+00:00
[2022-09-02T12:05:53.058+0000] {processor.py:161} INFO - Processing /home/airflow/.local/lib/python3.7/site-packages/airflow/example_dags/example_skip_dag.py took 0.058 seconds
[2022-09-02T12:06:23.903+0000] {processor.py:153} INFO - Started process (PID=7477) to work on /home/airflow/.local/lib/python3.7/site-packages/airflow/example_dags/example_skip_dag.py
[2022-09-02T12:06:23.905+0000] {processor.py:640} INFO - Processing file /home/airflow/.local/lib/python3.7/site-packages/airflow/example_dags/example_skip_dag.py for tasks to queue
[2022-09-02T12:06:23.907+0000] {logging_mixin.py:115} INFO - [2022-09-02T12:06:23.907+0000] {dagbag.py:508} INFO - Filling up the DagBag from /home/airflow/.local/lib/python3.7/site-packages/airflow/example_dags/example_skip_dag.py
[2022-09-02T12:06:23.912+0000] {processor.py:650} INFO - DAG(s) dict_keys(['example_skip_dag']) retrieved from /home/airflow/.local/lib/python3.7/site-packages/airflow/example_dags/example_skip_dag.py
[2022-09-02T12:06:23.936+0000] {logging_mixin.py:115} INFO - [2022-09-02T12:06:23.936+0000] {dag.py:2429} INFO - Sync 1 DAGs
[2022-09-02T12:06:23.950+0000] {logging_mixin.py:115} INFO - [2022-09-02T12:06:23.950+0000] {dag.py:2981} INFO - Setting next_dagrun for example_skip_dag to 2022-09-01T12:06:23.950589+00:00, run_after=2022-09-02T12:06:23.950589+00:00
[2022-09-02T12:06:23.958+0000] {processor.py:161} INFO - Processing /home/airflow/.local/lib/python3.7/site-packages/airflow/example_dags/example_skip_dag.py took 0.059 seconds
[2022-09-02T12:06:54.671+0000] {processor.py:153} INFO - Started process (PID=7672) to work on /home/airflow/.local/lib/python3.7/site-packages/airflow/example_dags/example_skip_dag.py
[2022-09-02T12:06:54.674+0000] {processor.py:640} INFO - Processing file /home/airflow/.local/lib/python3.7/site-packages/airflow/example_dags/example_skip_dag.py for tasks to queue
[2022-09-02T12:06:54.676+0000] {logging_mixin.py:115} INFO - [2022-09-02T12:06:54.676+0000] {dagbag.py:508} INFO - Filling up the DagBag from /home/airflow/.local/lib/python3.7/site-packages/airflow/example_dags/example_skip_dag.py
[2022-09-02T12:06:54.681+0000] {processor.py:650} INFO - DAG(s) dict_keys(['example_skip_dag']) retrieved from /home/airflow/.local/lib/python3.7/site-packages/airflow/example_dags/example_skip_dag.py
[2022-09-02T12:06:54.701+0000] {logging_mixin.py:115} INFO - [2022-09-02T12:06:54.701+0000] {dag.py:2429} INFO - Sync 1 DAGs
[2022-09-02T12:06:54.718+0000] {logging_mixin.py:115} INFO - [2022-09-02T12:06:54.717+0000] {dag.py:2981} INFO - Setting next_dagrun for example_skip_dag to 2022-09-01T12:06:54.717768+00:00, run_after=2022-09-02T12:06:54.717768+00:00
[2022-09-02T12:06:54.726+0000] {processor.py:161} INFO - Processing /home/airflow/.local/lib/python3.7/site-packages/airflow/example_dags/example_skip_dag.py took 0.058 seconds
[2022-09-02T12:07:25.591+0000] {processor.py:153} INFO - Started process (PID=7870) to work on /home/airflow/.local/lib/python3.7/site-packages/airflow/example_dags/example_skip_dag.py
[2022-09-02T12:07:25.592+0000] {processor.py:640} INFO - Processing file /home/airflow/.local/lib/python3.7/site-packages/airflow/example_dags/example_skip_dag.py for tasks to queue
[2022-09-02T12:07:25.593+0000] {logging_mixin.py:115} INFO - [2022-09-02T12:07:25.593+0000] {dagbag.py:508} INFO - Filling up the DagBag from /home/airflow/.local/lib/python3.7/site-packages/airflow/example_dags/example_skip_dag.py
[2022-09-02T12:07:25.599+0000] {processor.py:650} INFO - DAG(s) dict_keys(['example_skip_dag']) retrieved from /home/airflow/.local/lib/python3.7/site-packages/airflow/example_dags/example_skip_dag.py
[2022-09-02T12:07:25.621+0000] {logging_mixin.py:115} INFO - [2022-09-02T12:07:25.620+0000] {dag.py:2429} INFO - Sync 1 DAGs
[2022-09-02T12:07:25.638+0000] {logging_mixin.py:115} INFO - [2022-09-02T12:07:25.637+0000] {dag.py:2981} INFO - Setting next_dagrun for example_skip_dag to 2022-09-01T12:07:25.637701+00:00, run_after=2022-09-02T12:07:25.637701+00:00
[2022-09-02T12:07:25.648+0000] {processor.py:161} INFO - Processing /home/airflow/.local/lib/python3.7/site-packages/airflow/example_dags/example_skip_dag.py took 0.060 seconds
[2022-09-02T12:07:56.607+0000] {processor.py:153} INFO - Started process (PID=8066) to work on /home/airflow/.local/lib/python3.7/site-packages/airflow/example_dags/example_skip_dag.py
[2022-09-02T12:07:56.610+0000] {processor.py:640} INFO - Processing file /home/airflow/.local/lib/python3.7/site-packages/airflow/example_dags/example_skip_dag.py for tasks to queue
[2022-09-02T12:07:56.612+0000] {logging_mixin.py:115} INFO - [2022-09-02T12:07:56.612+0000] {dagbag.py:508} INFO - Filling up the DagBag from /home/airflow/.local/lib/python3.7/site-packages/airflow/example_dags/example_skip_dag.py
[2022-09-02T12:07:56.618+0000] {processor.py:650} INFO - DAG(s) dict_keys(['example_skip_dag']) retrieved from /home/airflow/.local/lib/python3.7/site-packages/airflow/example_dags/example_skip_dag.py
[2022-09-02T12:07:56.641+0000] {logging_mixin.py:115} INFO - [2022-09-02T12:07:56.640+0000] {dag.py:2429} INFO - Sync 1 DAGs
[2022-09-02T12:07:56.658+0000] {logging_mixin.py:115} INFO - [2022-09-02T12:07:56.658+0000] {dag.py:2981} INFO - Setting next_dagrun for example_skip_dag to 2022-09-01T12:07:56.658661+00:00, run_after=2022-09-02T12:07:56.658661+00:00
[2022-09-02T12:07:56.670+0000] {processor.py:161} INFO - Processing /home/airflow/.local/lib/python3.7/site-packages/airflow/example_dags/example_skip_dag.py took 0.068 seconds
