[2022-09-02T11:47:23.999+0000] {processor.py:153} INFO - Started process (PID=207) to work on /home/airflow/.local/lib/python3.7/site-packages/airflow/example_dags/example_trigger_controller_dag.py
[2022-09-02T11:47:24.002+0000] {processor.py:640} INFO - Processing file /home/airflow/.local/lib/python3.7/site-packages/airflow/example_dags/example_trigger_controller_dag.py for tasks to queue
[2022-09-02T11:47:24.003+0000] {logging_mixin.py:115} INFO - [2022-09-02T11:47:24.003+0000] {dagbag.py:508} INFO - Filling up the DagBag from /home/airflow/.local/lib/python3.7/site-packages/airflow/example_dags/example_trigger_controller_dag.py
[2022-09-02T11:47:24.009+0000] {processor.py:650} INFO - DAG(s) dict_keys(['example_trigger_controller_dag']) retrieved from /home/airflow/.local/lib/python3.7/site-packages/airflow/example_dags/example_trigger_controller_dag.py
[2022-09-02T11:47:24.073+0000] {logging_mixin.py:115} INFO - [2022-09-02T11:47:24.073+0000] {manager.py:508} INFO - Created Permission View: can edit on DAG:example_trigger_controller_dag
[2022-09-02T11:47:24.090+0000] {logging_mixin.py:115} INFO - [2022-09-02T11:47:24.090+0000] {manager.py:508} INFO - Created Permission View: can delete on DAG:example_trigger_controller_dag
[2022-09-02T11:47:24.099+0000] {logging_mixin.py:115} INFO - [2022-09-02T11:47:24.099+0000] {manager.py:508} INFO - Created Permission View: can read on DAG:example_trigger_controller_dag
[2022-09-02T11:47:24.101+0000] {logging_mixin.py:115} INFO - [2022-09-02T11:47:24.100+0000] {dag.py:2429} INFO - Sync 1 DAGs
[2022-09-02T11:47:24.107+0000] {logging_mixin.py:115} INFO - [2022-09-02T11:47:24.107+0000] {dag.py:2448} INFO - Creating ORM DAG for example_trigger_controller_dag
[2022-09-02T11:47:24.119+0000] {logging_mixin.py:115} INFO - [2022-09-02T11:47:24.119+0000] {dag.py:2981} INFO - Setting next_dagrun for example_trigger_controller_dag to 2021-01-01T00:00:00+00:00, run_after=2021-01-01T00:00:00+00:00
[2022-09-02T11:47:24.130+0000] {processor.py:161} INFO - Processing /home/airflow/.local/lib/python3.7/site-packages/airflow/example_dags/example_trigger_controller_dag.py took 0.134 seconds
[2022-09-02T11:47:54.838+0000] {processor.py:153} INFO - Started process (PID=402) to work on /home/airflow/.local/lib/python3.7/site-packages/airflow/example_dags/example_trigger_controller_dag.py
[2022-09-02T11:47:54.840+0000] {processor.py:640} INFO - Processing file /home/airflow/.local/lib/python3.7/site-packages/airflow/example_dags/example_trigger_controller_dag.py for tasks to queue
[2022-09-02T11:47:54.841+0000] {logging_mixin.py:115} INFO - [2022-09-02T11:47:54.841+0000] {dagbag.py:508} INFO - Filling up the DagBag from /home/airflow/.local/lib/python3.7/site-packages/airflow/example_dags/example_trigger_controller_dag.py
[2022-09-02T11:47:54.844+0000] {processor.py:650} INFO - DAG(s) dict_keys(['example_trigger_controller_dag']) retrieved from /home/airflow/.local/lib/python3.7/site-packages/airflow/example_dags/example_trigger_controller_dag.py
[2022-09-02T11:47:54.863+0000] {logging_mixin.py:115} INFO - [2022-09-02T11:47:54.863+0000] {dag.py:2429} INFO - Sync 1 DAGs
[2022-09-02T11:47:54.878+0000] {logging_mixin.py:115} INFO - [2022-09-02T11:47:54.878+0000] {dag.py:2981} INFO - Setting next_dagrun for example_trigger_controller_dag to 2021-01-01T00:00:00+00:00, run_after=2021-01-01T00:00:00+00:00
[2022-09-02T11:47:54.889+0000] {processor.py:161} INFO - Processing /home/airflow/.local/lib/python3.7/site-packages/airflow/example_dags/example_trigger_controller_dag.py took 0.053 seconds
[2022-09-02T11:48:25.004+0000] {processor.py:153} INFO - Started process (PID=600) to work on /home/airflow/.local/lib/python3.7/site-packages/airflow/example_dags/example_trigger_controller_dag.py
[2022-09-02T11:48:25.007+0000] {processor.py:640} INFO - Processing file /home/airflow/.local/lib/python3.7/site-packages/airflow/example_dags/example_trigger_controller_dag.py for tasks to queue
[2022-09-02T11:48:25.008+0000] {logging_mixin.py:115} INFO - [2022-09-02T11:48:25.008+0000] {dagbag.py:508} INFO - Filling up the DagBag from /home/airflow/.local/lib/python3.7/site-packages/airflow/example_dags/example_trigger_controller_dag.py
[2022-09-02T11:48:25.019+0000] {processor.py:650} INFO - DAG(s) dict_keys(['example_trigger_controller_dag']) retrieved from /home/airflow/.local/lib/python3.7/site-packages/airflow/example_dags/example_trigger_controller_dag.py
[2022-09-02T11:48:25.041+0000] {logging_mixin.py:115} INFO - [2022-09-02T11:48:25.041+0000] {dag.py:2429} INFO - Sync 1 DAGs
[2022-09-02T11:48:25.058+0000] {logging_mixin.py:115} INFO - [2022-09-02T11:48:25.058+0000] {dag.py:2981} INFO - Setting next_dagrun for example_trigger_controller_dag to 2021-01-01T00:00:00+00:00, run_after=2021-01-01T00:00:00+00:00
[2022-09-02T11:48:25.068+0000] {processor.py:161} INFO - Processing /home/airflow/.local/lib/python3.7/site-packages/airflow/example_dags/example_trigger_controller_dag.py took 0.066 seconds
[2022-09-02T11:48:55.120+0000] {processor.py:153} INFO - Started process (PID=796) to work on /home/airflow/.local/lib/python3.7/site-packages/airflow/example_dags/example_trigger_controller_dag.py
[2022-09-02T11:48:55.121+0000] {processor.py:640} INFO - Processing file /home/airflow/.local/lib/python3.7/site-packages/airflow/example_dags/example_trigger_controller_dag.py for tasks to queue
[2022-09-02T11:48:55.123+0000] {logging_mixin.py:115} INFO - [2022-09-02T11:48:55.122+0000] {dagbag.py:508} INFO - Filling up the DagBag from /home/airflow/.local/lib/python3.7/site-packages/airflow/example_dags/example_trigger_controller_dag.py
[2022-09-02T11:48:55.125+0000] {processor.py:650} INFO - DAG(s) dict_keys(['example_trigger_controller_dag']) retrieved from /home/airflow/.local/lib/python3.7/site-packages/airflow/example_dags/example_trigger_controller_dag.py
[2022-09-02T11:48:55.143+0000] {logging_mixin.py:115} INFO - [2022-09-02T11:48:55.143+0000] {dag.py:2429} INFO - Sync 1 DAGs
[2022-09-02T11:48:55.158+0000] {logging_mixin.py:115} INFO - [2022-09-02T11:48:55.158+0000] {dag.py:2981} INFO - Setting next_dagrun for example_trigger_controller_dag to 2021-01-01T00:00:00+00:00, run_after=2021-01-01T00:00:00+00:00
[2022-09-02T11:48:55.166+0000] {processor.py:161} INFO - Processing /home/airflow/.local/lib/python3.7/site-packages/airflow/example_dags/example_trigger_controller_dag.py took 0.049 seconds
[2022-09-02T11:49:25.936+0000] {processor.py:153} INFO - Started process (PID=984) to work on /home/airflow/.local/lib/python3.7/site-packages/airflow/example_dags/example_trigger_controller_dag.py
[2022-09-02T11:49:25.938+0000] {processor.py:640} INFO - Processing file /home/airflow/.local/lib/python3.7/site-packages/airflow/example_dags/example_trigger_controller_dag.py for tasks to queue
[2022-09-02T11:49:25.939+0000] {logging_mixin.py:115} INFO - [2022-09-02T11:49:25.939+0000] {dagbag.py:508} INFO - Filling up the DagBag from /home/airflow/.local/lib/python3.7/site-packages/airflow/example_dags/example_trigger_controller_dag.py
[2022-09-02T11:49:25.942+0000] {processor.py:650} INFO - DAG(s) dict_keys(['example_trigger_controller_dag']) retrieved from /home/airflow/.local/lib/python3.7/site-packages/airflow/example_dags/example_trigger_controller_dag.py
[2022-09-02T11:49:25.962+0000] {logging_mixin.py:115} INFO - [2022-09-02T11:49:25.961+0000] {dag.py:2429} INFO - Sync 1 DAGs
[2022-09-02T11:49:25.977+0000] {logging_mixin.py:115} INFO - [2022-09-02T11:49:25.977+0000] {dag.py:2981} INFO - Setting next_dagrun for example_trigger_controller_dag to 2021-01-01T00:00:00+00:00, run_after=2021-01-01T00:00:00+00:00
[2022-09-02T11:49:25.985+0000] {processor.py:161} INFO - Processing /home/airflow/.local/lib/python3.7/site-packages/airflow/example_dags/example_trigger_controller_dag.py took 0.051 seconds
[2022-09-02T11:49:56.826+0000] {processor.py:153} INFO - Started process (PID=1181) to work on /home/airflow/.local/lib/python3.7/site-packages/airflow/example_dags/example_trigger_controller_dag.py
[2022-09-02T11:49:56.827+0000] {processor.py:640} INFO - Processing file /home/airflow/.local/lib/python3.7/site-packages/airflow/example_dags/example_trigger_controller_dag.py for tasks to queue
[2022-09-02T11:49:56.829+0000] {logging_mixin.py:115} INFO - [2022-09-02T11:49:56.829+0000] {dagbag.py:508} INFO - Filling up the DagBag from /home/airflow/.local/lib/python3.7/site-packages/airflow/example_dags/example_trigger_controller_dag.py
[2022-09-02T11:49:56.832+0000] {processor.py:650} INFO - DAG(s) dict_keys(['example_trigger_controller_dag']) retrieved from /home/airflow/.local/lib/python3.7/site-packages/airflow/example_dags/example_trigger_controller_dag.py
[2022-09-02T11:49:56.849+0000] {logging_mixin.py:115} INFO - [2022-09-02T11:49:56.849+0000] {dag.py:2429} INFO - Sync 1 DAGs
[2022-09-02T11:49:56.863+0000] {logging_mixin.py:115} INFO - [2022-09-02T11:49:56.863+0000] {dag.py:2981} INFO - Setting next_dagrun for example_trigger_controller_dag to 2021-01-01T00:00:00+00:00, run_after=2021-01-01T00:00:00+00:00
[2022-09-02T11:49:56.873+0000] {processor.py:161} INFO - Processing /home/airflow/.local/lib/python3.7/site-packages/airflow/example_dags/example_trigger_controller_dag.py took 0.049 seconds
[2022-09-02T11:50:27.609+0000] {processor.py:153} INFO - Started process (PID=1378) to work on /home/airflow/.local/lib/python3.7/site-packages/airflow/example_dags/example_trigger_controller_dag.py
[2022-09-02T11:50:27.611+0000] {processor.py:640} INFO - Processing file /home/airflow/.local/lib/python3.7/site-packages/airflow/example_dags/example_trigger_controller_dag.py for tasks to queue
[2022-09-02T11:50:27.612+0000] {logging_mixin.py:115} INFO - [2022-09-02T11:50:27.612+0000] {dagbag.py:508} INFO - Filling up the DagBag from /home/airflow/.local/lib/python3.7/site-packages/airflow/example_dags/example_trigger_controller_dag.py
[2022-09-02T11:50:27.615+0000] {processor.py:650} INFO - DAG(s) dict_keys(['example_trigger_controller_dag']) retrieved from /home/airflow/.local/lib/python3.7/site-packages/airflow/example_dags/example_trigger_controller_dag.py
[2022-09-02T11:50:27.634+0000] {logging_mixin.py:115} INFO - [2022-09-02T11:50:27.634+0000] {dag.py:2429} INFO - Sync 1 DAGs
[2022-09-02T11:50:27.647+0000] {logging_mixin.py:115} INFO - [2022-09-02T11:50:27.647+0000] {dag.py:2981} INFO - Setting next_dagrun for example_trigger_controller_dag to 2021-01-01T00:00:00+00:00, run_after=2021-01-01T00:00:00+00:00
[2022-09-02T11:50:27.655+0000] {processor.py:161} INFO - Processing /home/airflow/.local/lib/python3.7/site-packages/airflow/example_dags/example_trigger_controller_dag.py took 0.048 seconds
[2022-09-02T11:50:58.361+0000] {processor.py:153} INFO - Started process (PID=1577) to work on /home/airflow/.local/lib/python3.7/site-packages/airflow/example_dags/example_trigger_controller_dag.py
[2022-09-02T11:50:58.363+0000] {processor.py:640} INFO - Processing file /home/airflow/.local/lib/python3.7/site-packages/airflow/example_dags/example_trigger_controller_dag.py for tasks to queue
[2022-09-02T11:50:58.364+0000] {logging_mixin.py:115} INFO - [2022-09-02T11:50:58.364+0000] {dagbag.py:508} INFO - Filling up the DagBag from /home/airflow/.local/lib/python3.7/site-packages/airflow/example_dags/example_trigger_controller_dag.py
[2022-09-02T11:50:58.367+0000] {processor.py:650} INFO - DAG(s) dict_keys(['example_trigger_controller_dag']) retrieved from /home/airflow/.local/lib/python3.7/site-packages/airflow/example_dags/example_trigger_controller_dag.py
[2022-09-02T11:50:58.383+0000] {logging_mixin.py:115} INFO - [2022-09-02T11:50:58.383+0000] {dag.py:2429} INFO - Sync 1 DAGs
[2022-09-02T11:50:58.397+0000] {logging_mixin.py:115} INFO - [2022-09-02T11:50:58.397+0000] {dag.py:2981} INFO - Setting next_dagrun for example_trigger_controller_dag to 2021-01-01T00:00:00+00:00, run_after=2021-01-01T00:00:00+00:00
[2022-09-02T11:50:58.405+0000] {processor.py:161} INFO - Processing /home/airflow/.local/lib/python3.7/site-packages/airflow/example_dags/example_trigger_controller_dag.py took 0.046 seconds
[2022-09-02T11:51:29.118+0000] {processor.py:153} INFO - Started process (PID=1775) to work on /home/airflow/.local/lib/python3.7/site-packages/airflow/example_dags/example_trigger_controller_dag.py
[2022-09-02T11:51:29.120+0000] {processor.py:640} INFO - Processing file /home/airflow/.local/lib/python3.7/site-packages/airflow/example_dags/example_trigger_controller_dag.py for tasks to queue
[2022-09-02T11:51:29.123+0000] {logging_mixin.py:115} INFO - [2022-09-02T11:51:29.123+0000] {dagbag.py:508} INFO - Filling up the DagBag from /home/airflow/.local/lib/python3.7/site-packages/airflow/example_dags/example_trigger_controller_dag.py
[2022-09-02T11:51:29.126+0000] {processor.py:650} INFO - DAG(s) dict_keys(['example_trigger_controller_dag']) retrieved from /home/airflow/.local/lib/python3.7/site-packages/airflow/example_dags/example_trigger_controller_dag.py
[2022-09-02T11:51:29.144+0000] {logging_mixin.py:115} INFO - [2022-09-02T11:51:29.144+0000] {dag.py:2429} INFO - Sync 1 DAGs
[2022-09-02T11:51:29.158+0000] {logging_mixin.py:115} INFO - [2022-09-02T11:51:29.158+0000] {dag.py:2981} INFO - Setting next_dagrun for example_trigger_controller_dag to 2021-01-01T00:00:00+00:00, run_after=2021-01-01T00:00:00+00:00
[2022-09-02T11:51:29.167+0000] {processor.py:161} INFO - Processing /home/airflow/.local/lib/python3.7/site-packages/airflow/example_dags/example_trigger_controller_dag.py took 0.051 seconds
[2022-09-02T11:51:59.911+0000] {processor.py:153} INFO - Started process (PID=1972) to work on /home/airflow/.local/lib/python3.7/site-packages/airflow/example_dags/example_trigger_controller_dag.py
[2022-09-02T11:51:59.914+0000] {processor.py:640} INFO - Processing file /home/airflow/.local/lib/python3.7/site-packages/airflow/example_dags/example_trigger_controller_dag.py for tasks to queue
[2022-09-02T11:51:59.915+0000] {logging_mixin.py:115} INFO - [2022-09-02T11:51:59.915+0000] {dagbag.py:508} INFO - Filling up the DagBag from /home/airflow/.local/lib/python3.7/site-packages/airflow/example_dags/example_trigger_controller_dag.py
[2022-09-02T11:51:59.917+0000] {processor.py:650} INFO - DAG(s) dict_keys(['example_trigger_controller_dag']) retrieved from /home/airflow/.local/lib/python3.7/site-packages/airflow/example_dags/example_trigger_controller_dag.py
[2022-09-02T11:51:59.938+0000] {logging_mixin.py:115} INFO - [2022-09-02T11:51:59.938+0000] {dag.py:2429} INFO - Sync 1 DAGs
[2022-09-02T11:51:59.955+0000] {logging_mixin.py:115} INFO - [2022-09-02T11:51:59.955+0000] {dag.py:2981} INFO - Setting next_dagrun for example_trigger_controller_dag to 2021-01-01T00:00:00+00:00, run_after=2021-01-01T00:00:00+00:00
[2022-09-02T11:51:59.964+0000] {processor.py:161} INFO - Processing /home/airflow/.local/lib/python3.7/site-packages/airflow/example_dags/example_trigger_controller_dag.py took 0.056 seconds
[2022-09-02T11:52:30.922+0000] {processor.py:153} INFO - Started process (PID=2160) to work on /home/airflow/.local/lib/python3.7/site-packages/airflow/example_dags/example_trigger_controller_dag.py
[2022-09-02T11:52:30.924+0000] {processor.py:640} INFO - Processing file /home/airflow/.local/lib/python3.7/site-packages/airflow/example_dags/example_trigger_controller_dag.py for tasks to queue
[2022-09-02T11:52:30.925+0000] {logging_mixin.py:115} INFO - [2022-09-02T11:52:30.925+0000] {dagbag.py:508} INFO - Filling up the DagBag from /home/airflow/.local/lib/python3.7/site-packages/airflow/example_dags/example_trigger_controller_dag.py
[2022-09-02T11:52:30.928+0000] {processor.py:650} INFO - DAG(s) dict_keys(['example_trigger_controller_dag']) retrieved from /home/airflow/.local/lib/python3.7/site-packages/airflow/example_dags/example_trigger_controller_dag.py
[2022-09-02T11:52:30.947+0000] {logging_mixin.py:115} INFO - [2022-09-02T11:52:30.947+0000] {dag.py:2429} INFO - Sync 1 DAGs
[2022-09-02T11:52:30.965+0000] {logging_mixin.py:115} INFO - [2022-09-02T11:52:30.965+0000] {dag.py:2981} INFO - Setting next_dagrun for example_trigger_controller_dag to 2021-01-01T00:00:00+00:00, run_after=2021-01-01T00:00:00+00:00
[2022-09-02T11:52:30.975+0000] {processor.py:161} INFO - Processing /home/airflow/.local/lib/python3.7/site-packages/airflow/example_dags/example_trigger_controller_dag.py took 0.055 seconds
[2022-09-02T11:53:01.581+0000] {processor.py:153} INFO - Started process (PID=2358) to work on /home/airflow/.local/lib/python3.7/site-packages/airflow/example_dags/example_trigger_controller_dag.py
[2022-09-02T11:53:01.583+0000] {processor.py:640} INFO - Processing file /home/airflow/.local/lib/python3.7/site-packages/airflow/example_dags/example_trigger_controller_dag.py for tasks to queue
[2022-09-02T11:53:01.584+0000] {logging_mixin.py:115} INFO - [2022-09-02T11:53:01.584+0000] {dagbag.py:508} INFO - Filling up the DagBag from /home/airflow/.local/lib/python3.7/site-packages/airflow/example_dags/example_trigger_controller_dag.py
[2022-09-02T11:53:01.587+0000] {processor.py:650} INFO - DAG(s) dict_keys(['example_trigger_controller_dag']) retrieved from /home/airflow/.local/lib/python3.7/site-packages/airflow/example_dags/example_trigger_controller_dag.py
[2022-09-02T11:53:01.605+0000] {logging_mixin.py:115} INFO - [2022-09-02T11:53:01.604+0000] {dag.py:2429} INFO - Sync 1 DAGs
[2022-09-02T11:53:01.617+0000] {logging_mixin.py:115} INFO - [2022-09-02T11:53:01.617+0000] {dag.py:2981} INFO - Setting next_dagrun for example_trigger_controller_dag to 2021-01-01T00:00:00+00:00, run_after=2021-01-01T00:00:00+00:00
[2022-09-02T11:53:01.626+0000] {processor.py:161} INFO - Processing /home/airflow/.local/lib/python3.7/site-packages/airflow/example_dags/example_trigger_controller_dag.py took 0.047 seconds
[2022-09-02T11:53:32.437+0000] {processor.py:153} INFO - Started process (PID=2558) to work on /home/airflow/.local/lib/python3.7/site-packages/airflow/example_dags/example_trigger_controller_dag.py
[2022-09-02T11:53:32.439+0000] {processor.py:640} INFO - Processing file /home/airflow/.local/lib/python3.7/site-packages/airflow/example_dags/example_trigger_controller_dag.py for tasks to queue
[2022-09-02T11:53:32.440+0000] {logging_mixin.py:115} INFO - [2022-09-02T11:53:32.440+0000] {dagbag.py:508} INFO - Filling up the DagBag from /home/airflow/.local/lib/python3.7/site-packages/airflow/example_dags/example_trigger_controller_dag.py
[2022-09-02T11:53:32.442+0000] {processor.py:650} INFO - DAG(s) dict_keys(['example_trigger_controller_dag']) retrieved from /home/airflow/.local/lib/python3.7/site-packages/airflow/example_dags/example_trigger_controller_dag.py
[2022-09-02T11:53:32.460+0000] {logging_mixin.py:115} INFO - [2022-09-02T11:53:32.459+0000] {dag.py:2429} INFO - Sync 1 DAGs
[2022-09-02T11:53:32.472+0000] {logging_mixin.py:115} INFO - [2022-09-02T11:53:32.472+0000] {dag.py:2981} INFO - Setting next_dagrun for example_trigger_controller_dag to 2021-01-01T00:00:00+00:00, run_after=2021-01-01T00:00:00+00:00
[2022-09-02T11:53:32.481+0000] {processor.py:161} INFO - Processing /home/airflow/.local/lib/python3.7/site-packages/airflow/example_dags/example_trigger_controller_dag.py took 0.047 seconds
[2022-09-02T11:54:03.222+0000] {processor.py:153} INFO - Started process (PID=2753) to work on /home/airflow/.local/lib/python3.7/site-packages/airflow/example_dags/example_trigger_controller_dag.py
[2022-09-02T11:54:03.223+0000] {processor.py:640} INFO - Processing file /home/airflow/.local/lib/python3.7/site-packages/airflow/example_dags/example_trigger_controller_dag.py for tasks to queue
[2022-09-02T11:54:03.224+0000] {logging_mixin.py:115} INFO - [2022-09-02T11:54:03.224+0000] {dagbag.py:508} INFO - Filling up the DagBag from /home/airflow/.local/lib/python3.7/site-packages/airflow/example_dags/example_trigger_controller_dag.py
[2022-09-02T11:54:03.227+0000] {processor.py:650} INFO - DAG(s) dict_keys(['example_trigger_controller_dag']) retrieved from /home/airflow/.local/lib/python3.7/site-packages/airflow/example_dags/example_trigger_controller_dag.py
[2022-09-02T11:54:03.246+0000] {logging_mixin.py:115} INFO - [2022-09-02T11:54:03.246+0000] {dag.py:2429} INFO - Sync 1 DAGs
[2022-09-02T11:54:03.261+0000] {logging_mixin.py:115} INFO - [2022-09-02T11:54:03.261+0000] {dag.py:2981} INFO - Setting next_dagrun for example_trigger_controller_dag to 2021-01-01T00:00:00+00:00, run_after=2021-01-01T00:00:00+00:00
[2022-09-02T11:54:03.271+0000] {processor.py:161} INFO - Processing /home/airflow/.local/lib/python3.7/site-packages/airflow/example_dags/example_trigger_controller_dag.py took 0.052 seconds
[2022-09-02T11:54:34.006+0000] {processor.py:153} INFO - Started process (PID=2949) to work on /home/airflow/.local/lib/python3.7/site-packages/airflow/example_dags/example_trigger_controller_dag.py
[2022-09-02T11:54:34.007+0000] {processor.py:640} INFO - Processing file /home/airflow/.local/lib/python3.7/site-packages/airflow/example_dags/example_trigger_controller_dag.py for tasks to queue
[2022-09-02T11:54:34.008+0000] {logging_mixin.py:115} INFO - [2022-09-02T11:54:34.008+0000] {dagbag.py:508} INFO - Filling up the DagBag from /home/airflow/.local/lib/python3.7/site-packages/airflow/example_dags/example_trigger_controller_dag.py
[2022-09-02T11:54:34.011+0000] {processor.py:650} INFO - DAG(s) dict_keys(['example_trigger_controller_dag']) retrieved from /home/airflow/.local/lib/python3.7/site-packages/airflow/example_dags/example_trigger_controller_dag.py
[2022-09-02T11:54:34.031+0000] {logging_mixin.py:115} INFO - [2022-09-02T11:54:34.031+0000] {dag.py:2429} INFO - Sync 1 DAGs
[2022-09-02T11:54:34.046+0000] {logging_mixin.py:115} INFO - [2022-09-02T11:54:34.046+0000] {dag.py:2981} INFO - Setting next_dagrun for example_trigger_controller_dag to 2021-01-01T00:00:00+00:00, run_after=2021-01-01T00:00:00+00:00
[2022-09-02T11:54:34.057+0000] {processor.py:161} INFO - Processing /home/airflow/.local/lib/python3.7/site-packages/airflow/example_dags/example_trigger_controller_dag.py took 0.054 seconds
[2022-09-02T11:55:04.725+0000] {processor.py:153} INFO - Started process (PID=3147) to work on /home/airflow/.local/lib/python3.7/site-packages/airflow/example_dags/example_trigger_controller_dag.py
[2022-09-02T11:55:04.726+0000] {processor.py:640} INFO - Processing file /home/airflow/.local/lib/python3.7/site-packages/airflow/example_dags/example_trigger_controller_dag.py for tasks to queue
[2022-09-02T11:55:04.727+0000] {logging_mixin.py:115} INFO - [2022-09-02T11:55:04.727+0000] {dagbag.py:508} INFO - Filling up the DagBag from /home/airflow/.local/lib/python3.7/site-packages/airflow/example_dags/example_trigger_controller_dag.py
[2022-09-02T11:55:04.730+0000] {processor.py:650} INFO - DAG(s) dict_keys(['example_trigger_controller_dag']) retrieved from /home/airflow/.local/lib/python3.7/site-packages/airflow/example_dags/example_trigger_controller_dag.py
[2022-09-02T11:55:04.749+0000] {logging_mixin.py:115} INFO - [2022-09-02T11:55:04.748+0000] {dag.py:2429} INFO - Sync 1 DAGs
[2022-09-02T11:55:04.763+0000] {logging_mixin.py:115} INFO - [2022-09-02T11:55:04.763+0000] {dag.py:2981} INFO - Setting next_dagrun for example_trigger_controller_dag to 2021-01-01T00:00:00+00:00, run_after=2021-01-01T00:00:00+00:00
[2022-09-02T11:55:04.774+0000] {processor.py:161} INFO - Processing /home/airflow/.local/lib/python3.7/site-packages/airflow/example_dags/example_trigger_controller_dag.py took 0.052 seconds
[2022-09-02T11:55:35.590+0000] {processor.py:153} INFO - Started process (PID=3345) to work on /home/airflow/.local/lib/python3.7/site-packages/airflow/example_dags/example_trigger_controller_dag.py
[2022-09-02T11:55:35.592+0000] {processor.py:640} INFO - Processing file /home/airflow/.local/lib/python3.7/site-packages/airflow/example_dags/example_trigger_controller_dag.py for tasks to queue
[2022-09-02T11:55:35.593+0000] {logging_mixin.py:115} INFO - [2022-09-02T11:55:35.593+0000] {dagbag.py:508} INFO - Filling up the DagBag from /home/airflow/.local/lib/python3.7/site-packages/airflow/example_dags/example_trigger_controller_dag.py
[2022-09-02T11:55:35.595+0000] {processor.py:650} INFO - DAG(s) dict_keys(['example_trigger_controller_dag']) retrieved from /home/airflow/.local/lib/python3.7/site-packages/airflow/example_dags/example_trigger_controller_dag.py
[2022-09-02T11:55:35.615+0000] {logging_mixin.py:115} INFO - [2022-09-02T11:55:35.615+0000] {dag.py:2429} INFO - Sync 1 DAGs
[2022-09-02T11:55:35.632+0000] {logging_mixin.py:115} INFO - [2022-09-02T11:55:35.632+0000] {dag.py:2981} INFO - Setting next_dagrun for example_trigger_controller_dag to 2021-01-01T00:00:00+00:00, run_after=2021-01-01T00:00:00+00:00
[2022-09-02T11:55:35.646+0000] {processor.py:161} INFO - Processing /home/airflow/.local/lib/python3.7/site-packages/airflow/example_dags/example_trigger_controller_dag.py took 0.058 seconds
[2022-09-02T11:56:06.352+0000] {processor.py:153} INFO - Started process (PID=3532) to work on /home/airflow/.local/lib/python3.7/site-packages/airflow/example_dags/example_trigger_controller_dag.py
[2022-09-02T11:56:06.354+0000] {processor.py:640} INFO - Processing file /home/airflow/.local/lib/python3.7/site-packages/airflow/example_dags/example_trigger_controller_dag.py for tasks to queue
[2022-09-02T11:56:06.355+0000] {logging_mixin.py:115} INFO - [2022-09-02T11:56:06.355+0000] {dagbag.py:508} INFO - Filling up the DagBag from /home/airflow/.local/lib/python3.7/site-packages/airflow/example_dags/example_trigger_controller_dag.py
[2022-09-02T11:56:06.358+0000] {processor.py:650} INFO - DAG(s) dict_keys(['example_trigger_controller_dag']) retrieved from /home/airflow/.local/lib/python3.7/site-packages/airflow/example_dags/example_trigger_controller_dag.py
[2022-09-02T11:56:06.377+0000] {logging_mixin.py:115} INFO - [2022-09-02T11:56:06.376+0000] {dag.py:2429} INFO - Sync 1 DAGs
[2022-09-02T11:56:06.392+0000] {logging_mixin.py:115} INFO - [2022-09-02T11:56:06.392+0000] {dag.py:2981} INFO - Setting next_dagrun for example_trigger_controller_dag to 2021-01-01T00:00:00+00:00, run_after=2021-01-01T00:00:00+00:00
[2022-09-02T11:56:06.402+0000] {processor.py:161} INFO - Processing /home/airflow/.local/lib/python3.7/site-packages/airflow/example_dags/example_trigger_controller_dag.py took 0.052 seconds
[2022-09-02T11:56:37.287+0000] {processor.py:153} INFO - Started process (PID=3728) to work on /home/airflow/.local/lib/python3.7/site-packages/airflow/example_dags/example_trigger_controller_dag.py
[2022-09-02T11:56:37.289+0000] {processor.py:640} INFO - Processing file /home/airflow/.local/lib/python3.7/site-packages/airflow/example_dags/example_trigger_controller_dag.py for tasks to queue
[2022-09-02T11:56:37.291+0000] {logging_mixin.py:115} INFO - [2022-09-02T11:56:37.290+0000] {dagbag.py:508} INFO - Filling up the DagBag from /home/airflow/.local/lib/python3.7/site-packages/airflow/example_dags/example_trigger_controller_dag.py
[2022-09-02T11:56:37.293+0000] {processor.py:650} INFO - DAG(s) dict_keys(['example_trigger_controller_dag']) retrieved from /home/airflow/.local/lib/python3.7/site-packages/airflow/example_dags/example_trigger_controller_dag.py
[2022-09-02T11:56:37.310+0000] {logging_mixin.py:115} INFO - [2022-09-02T11:56:37.310+0000] {dag.py:2429} INFO - Sync 1 DAGs
[2022-09-02T11:56:37.324+0000] {logging_mixin.py:115} INFO - [2022-09-02T11:56:37.324+0000] {dag.py:2981} INFO - Setting next_dagrun for example_trigger_controller_dag to 2021-01-01T00:00:00+00:00, run_after=2021-01-01T00:00:00+00:00
[2022-09-02T11:56:37.334+0000] {processor.py:161} INFO - Processing /home/airflow/.local/lib/python3.7/site-packages/airflow/example_dags/example_trigger_controller_dag.py took 0.050 seconds
[2022-09-02T11:57:08.059+0000] {processor.py:153} INFO - Started process (PID=3925) to work on /home/airflow/.local/lib/python3.7/site-packages/airflow/example_dags/example_trigger_controller_dag.py
[2022-09-02T11:57:08.062+0000] {processor.py:640} INFO - Processing file /home/airflow/.local/lib/python3.7/site-packages/airflow/example_dags/example_trigger_controller_dag.py for tasks to queue
[2022-09-02T11:57:08.063+0000] {logging_mixin.py:115} INFO - [2022-09-02T11:57:08.063+0000] {dagbag.py:508} INFO - Filling up the DagBag from /home/airflow/.local/lib/python3.7/site-packages/airflow/example_dags/example_trigger_controller_dag.py
[2022-09-02T11:57:08.065+0000] {processor.py:650} INFO - DAG(s) dict_keys(['example_trigger_controller_dag']) retrieved from /home/airflow/.local/lib/python3.7/site-packages/airflow/example_dags/example_trigger_controller_dag.py
[2022-09-02T11:57:08.085+0000] {logging_mixin.py:115} INFO - [2022-09-02T11:57:08.084+0000] {dag.py:2429} INFO - Sync 1 DAGs
[2022-09-02T11:57:08.102+0000] {logging_mixin.py:115} INFO - [2022-09-02T11:57:08.102+0000] {dag.py:2981} INFO - Setting next_dagrun for example_trigger_controller_dag to 2021-01-01T00:00:00+00:00, run_after=2021-01-01T00:00:00+00:00
[2022-09-02T11:57:08.114+0000] {processor.py:161} INFO - Processing /home/airflow/.local/lib/python3.7/site-packages/airflow/example_dags/example_trigger_controller_dag.py took 0.057 seconds
[2022-09-02T11:57:38.921+0000] {processor.py:153} INFO - Started process (PID=4120) to work on /home/airflow/.local/lib/python3.7/site-packages/airflow/example_dags/example_trigger_controller_dag.py
[2022-09-02T11:57:38.923+0000] {processor.py:640} INFO - Processing file /home/airflow/.local/lib/python3.7/site-packages/airflow/example_dags/example_trigger_controller_dag.py for tasks to queue
[2022-09-02T11:57:38.924+0000] {logging_mixin.py:115} INFO - [2022-09-02T11:57:38.924+0000] {dagbag.py:508} INFO - Filling up the DagBag from /home/airflow/.local/lib/python3.7/site-packages/airflow/example_dags/example_trigger_controller_dag.py
[2022-09-02T11:57:38.926+0000] {processor.py:650} INFO - DAG(s) dict_keys(['example_trigger_controller_dag']) retrieved from /home/airflow/.local/lib/python3.7/site-packages/airflow/example_dags/example_trigger_controller_dag.py
[2022-09-02T11:57:38.945+0000] {logging_mixin.py:115} INFO - [2022-09-02T11:57:38.945+0000] {dag.py:2429} INFO - Sync 1 DAGs
[2022-09-02T11:57:38.960+0000] {logging_mixin.py:115} INFO - [2022-09-02T11:57:38.960+0000] {dag.py:2981} INFO - Setting next_dagrun for example_trigger_controller_dag to 2021-01-01T00:00:00+00:00, run_after=2021-01-01T00:00:00+00:00
[2022-09-02T11:57:38.973+0000] {processor.py:161} INFO - Processing /home/airflow/.local/lib/python3.7/site-packages/airflow/example_dags/example_trigger_controller_dag.py took 0.054 seconds
[2022-09-02T11:58:09.743+0000] {processor.py:153} INFO - Started process (PID=4317) to work on /home/airflow/.local/lib/python3.7/site-packages/airflow/example_dags/example_trigger_controller_dag.py
[2022-09-02T11:58:09.745+0000] {processor.py:640} INFO - Processing file /home/airflow/.local/lib/python3.7/site-packages/airflow/example_dags/example_trigger_controller_dag.py for tasks to queue
[2022-09-02T11:58:09.746+0000] {logging_mixin.py:115} INFO - [2022-09-02T11:58:09.746+0000] {dagbag.py:508} INFO - Filling up the DagBag from /home/airflow/.local/lib/python3.7/site-packages/airflow/example_dags/example_trigger_controller_dag.py
[2022-09-02T11:58:09.749+0000] {processor.py:650} INFO - DAG(s) dict_keys(['example_trigger_controller_dag']) retrieved from /home/airflow/.local/lib/python3.7/site-packages/airflow/example_dags/example_trigger_controller_dag.py
[2022-09-02T11:58:09.768+0000] {logging_mixin.py:115} INFO - [2022-09-02T11:58:09.768+0000] {dag.py:2429} INFO - Sync 1 DAGs
[2022-09-02T11:58:09.781+0000] {logging_mixin.py:115} INFO - [2022-09-02T11:58:09.781+0000] {dag.py:2981} INFO - Setting next_dagrun for example_trigger_controller_dag to 2021-01-01T00:00:00+00:00, run_after=2021-01-01T00:00:00+00:00
[2022-09-02T11:58:09.790+0000] {processor.py:161} INFO - Processing /home/airflow/.local/lib/python3.7/site-packages/airflow/example_dags/example_trigger_controller_dag.py took 0.049 seconds
[2022-09-02T11:58:40.613+0000] {processor.py:153} INFO - Started process (PID=4514) to work on /home/airflow/.local/lib/python3.7/site-packages/airflow/example_dags/example_trigger_controller_dag.py
[2022-09-02T11:58:40.615+0000] {processor.py:640} INFO - Processing file /home/airflow/.local/lib/python3.7/site-packages/airflow/example_dags/example_trigger_controller_dag.py for tasks to queue
[2022-09-02T11:58:40.617+0000] {logging_mixin.py:115} INFO - [2022-09-02T11:58:40.617+0000] {dagbag.py:508} INFO - Filling up the DagBag from /home/airflow/.local/lib/python3.7/site-packages/airflow/example_dags/example_trigger_controller_dag.py
[2022-09-02T11:58:40.620+0000] {processor.py:650} INFO - DAG(s) dict_keys(['example_trigger_controller_dag']) retrieved from /home/airflow/.local/lib/python3.7/site-packages/airflow/example_dags/example_trigger_controller_dag.py
[2022-09-02T11:58:40.640+0000] {logging_mixin.py:115} INFO - [2022-09-02T11:58:40.640+0000] {dag.py:2429} INFO - Sync 1 DAGs
[2022-09-02T11:58:40.661+0000] {logging_mixin.py:115} INFO - [2022-09-02T11:58:40.661+0000] {dag.py:2981} INFO - Setting next_dagrun for example_trigger_controller_dag to 2021-01-01T00:00:00+00:00, run_after=2021-01-01T00:00:00+00:00
[2022-09-02T11:58:40.672+0000] {processor.py:161} INFO - Processing /home/airflow/.local/lib/python3.7/site-packages/airflow/example_dags/example_trigger_controller_dag.py took 0.060 seconds
[2022-09-02T11:59:11.549+0000] {processor.py:153} INFO - Started process (PID=4702) to work on /home/airflow/.local/lib/python3.7/site-packages/airflow/example_dags/example_trigger_controller_dag.py
[2022-09-02T11:59:11.552+0000] {processor.py:640} INFO - Processing file /home/airflow/.local/lib/python3.7/site-packages/airflow/example_dags/example_trigger_controller_dag.py for tasks to queue
[2022-09-02T11:59:11.553+0000] {logging_mixin.py:115} INFO - [2022-09-02T11:59:11.553+0000] {dagbag.py:508} INFO - Filling up the DagBag from /home/airflow/.local/lib/python3.7/site-packages/airflow/example_dags/example_trigger_controller_dag.py
[2022-09-02T11:59:11.557+0000] {processor.py:650} INFO - DAG(s) dict_keys(['example_trigger_controller_dag']) retrieved from /home/airflow/.local/lib/python3.7/site-packages/airflow/example_dags/example_trigger_controller_dag.py
[2022-09-02T11:59:11.580+0000] {logging_mixin.py:115} INFO - [2022-09-02T11:59:11.580+0000] {dag.py:2429} INFO - Sync 1 DAGs
[2022-09-02T11:59:11.595+0000] {logging_mixin.py:115} INFO - [2022-09-02T11:59:11.595+0000] {dag.py:2981} INFO - Setting next_dagrun for example_trigger_controller_dag to 2021-01-01T00:00:00+00:00, run_after=2021-01-01T00:00:00+00:00
[2022-09-02T11:59:11.609+0000] {processor.py:161} INFO - Processing /home/airflow/.local/lib/python3.7/site-packages/airflow/example_dags/example_trigger_controller_dag.py took 0.063 seconds
[2022-09-02T11:59:42.315+0000] {processor.py:153} INFO - Started process (PID=4899) to work on /home/airflow/.local/lib/python3.7/site-packages/airflow/example_dags/example_trigger_controller_dag.py
[2022-09-02T11:59:42.317+0000] {processor.py:640} INFO - Processing file /home/airflow/.local/lib/python3.7/site-packages/airflow/example_dags/example_trigger_controller_dag.py for tasks to queue
[2022-09-02T11:59:42.318+0000] {logging_mixin.py:115} INFO - [2022-09-02T11:59:42.318+0000] {dagbag.py:508} INFO - Filling up the DagBag from /home/airflow/.local/lib/python3.7/site-packages/airflow/example_dags/example_trigger_controller_dag.py
[2022-09-02T11:59:42.321+0000] {processor.py:650} INFO - DAG(s) dict_keys(['example_trigger_controller_dag']) retrieved from /home/airflow/.local/lib/python3.7/site-packages/airflow/example_dags/example_trigger_controller_dag.py
[2022-09-02T11:59:42.343+0000] {logging_mixin.py:115} INFO - [2022-09-02T11:59:42.342+0000] {dag.py:2429} INFO - Sync 1 DAGs
[2022-09-02T11:59:42.360+0000] {logging_mixin.py:115} INFO - [2022-09-02T11:59:42.360+0000] {dag.py:2981} INFO - Setting next_dagrun for example_trigger_controller_dag to 2021-01-01T00:00:00+00:00, run_after=2021-01-01T00:00:00+00:00
[2022-09-02T11:59:42.372+0000] {processor.py:161} INFO - Processing /home/airflow/.local/lib/python3.7/site-packages/airflow/example_dags/example_trigger_controller_dag.py took 0.059 seconds
[2022-09-02T12:00:13.238+0000] {processor.py:153} INFO - Started process (PID=5096) to work on /home/airflow/.local/lib/python3.7/site-packages/airflow/example_dags/example_trigger_controller_dag.py
[2022-09-02T12:00:13.240+0000] {processor.py:640} INFO - Processing file /home/airflow/.local/lib/python3.7/site-packages/airflow/example_dags/example_trigger_controller_dag.py for tasks to queue
[2022-09-02T12:00:13.241+0000] {logging_mixin.py:115} INFO - [2022-09-02T12:00:13.241+0000] {dagbag.py:508} INFO - Filling up the DagBag from /home/airflow/.local/lib/python3.7/site-packages/airflow/example_dags/example_trigger_controller_dag.py
[2022-09-02T12:00:13.247+0000] {processor.py:650} INFO - DAG(s) dict_keys(['example_trigger_controller_dag']) retrieved from /home/airflow/.local/lib/python3.7/site-packages/airflow/example_dags/example_trigger_controller_dag.py
[2022-09-02T12:00:13.266+0000] {logging_mixin.py:115} INFO - [2022-09-02T12:00:13.266+0000] {dag.py:2429} INFO - Sync 1 DAGs
[2022-09-02T12:00:13.284+0000] {logging_mixin.py:115} INFO - [2022-09-02T12:00:13.283+0000] {dag.py:2981} INFO - Setting next_dagrun for example_trigger_controller_dag to 2021-01-01T00:00:00+00:00, run_after=2021-01-01T00:00:00+00:00
[2022-09-02T12:00:13.293+0000] {processor.py:161} INFO - Processing /home/airflow/.local/lib/python3.7/site-packages/airflow/example_dags/example_trigger_controller_dag.py took 0.057 seconds
[2022-09-02T12:00:44.035+0000] {processor.py:153} INFO - Started process (PID=5293) to work on /home/airflow/.local/lib/python3.7/site-packages/airflow/example_dags/example_trigger_controller_dag.py
[2022-09-02T12:00:44.037+0000] {processor.py:640} INFO - Processing file /home/airflow/.local/lib/python3.7/site-packages/airflow/example_dags/example_trigger_controller_dag.py for tasks to queue
[2022-09-02T12:00:44.038+0000] {logging_mixin.py:115} INFO - [2022-09-02T12:00:44.038+0000] {dagbag.py:508} INFO - Filling up the DagBag from /home/airflow/.local/lib/python3.7/site-packages/airflow/example_dags/example_trigger_controller_dag.py
[2022-09-02T12:00:44.040+0000] {processor.py:650} INFO - DAG(s) dict_keys(['example_trigger_controller_dag']) retrieved from /home/airflow/.local/lib/python3.7/site-packages/airflow/example_dags/example_trigger_controller_dag.py
[2022-09-02T12:00:44.062+0000] {logging_mixin.py:115} INFO - [2022-09-02T12:00:44.061+0000] {dag.py:2429} INFO - Sync 1 DAGs
[2022-09-02T12:00:44.078+0000] {logging_mixin.py:115} INFO - [2022-09-02T12:00:44.078+0000] {dag.py:2981} INFO - Setting next_dagrun for example_trigger_controller_dag to 2021-01-01T00:00:00+00:00, run_after=2021-01-01T00:00:00+00:00
[2022-09-02T12:00:44.087+0000] {processor.py:161} INFO - Processing /home/airflow/.local/lib/python3.7/site-packages/airflow/example_dags/example_trigger_controller_dag.py took 0.055 seconds
[2022-09-02T12:01:14.705+0000] {processor.py:153} INFO - Started process (PID=5490) to work on /home/airflow/.local/lib/python3.7/site-packages/airflow/example_dags/example_trigger_controller_dag.py
[2022-09-02T12:01:14.706+0000] {processor.py:640} INFO - Processing file /home/airflow/.local/lib/python3.7/site-packages/airflow/example_dags/example_trigger_controller_dag.py for tasks to queue
[2022-09-02T12:01:14.707+0000] {logging_mixin.py:115} INFO - [2022-09-02T12:01:14.707+0000] {dagbag.py:508} INFO - Filling up the DagBag from /home/airflow/.local/lib/python3.7/site-packages/airflow/example_dags/example_trigger_controller_dag.py
[2022-09-02T12:01:14.710+0000] {processor.py:650} INFO - DAG(s) dict_keys(['example_trigger_controller_dag']) retrieved from /home/airflow/.local/lib/python3.7/site-packages/airflow/example_dags/example_trigger_controller_dag.py
[2022-09-02T12:01:14.727+0000] {logging_mixin.py:115} INFO - [2022-09-02T12:01:14.727+0000] {dag.py:2429} INFO - Sync 1 DAGs
[2022-09-02T12:01:14.739+0000] {logging_mixin.py:115} INFO - [2022-09-02T12:01:14.739+0000] {dag.py:2981} INFO - Setting next_dagrun for example_trigger_controller_dag to 2021-01-01T00:00:00+00:00, run_after=2021-01-01T00:00:00+00:00
[2022-09-02T12:01:14.750+0000] {processor.py:161} INFO - Processing /home/airflow/.local/lib/python3.7/site-packages/airflow/example_dags/example_trigger_controller_dag.py took 0.048 seconds
[2022-09-02T12:01:45.449+0000] {processor.py:153} INFO - Started process (PID=5689) to work on /home/airflow/.local/lib/python3.7/site-packages/airflow/example_dags/example_trigger_controller_dag.py
[2022-09-02T12:01:45.451+0000] {processor.py:640} INFO - Processing file /home/airflow/.local/lib/python3.7/site-packages/airflow/example_dags/example_trigger_controller_dag.py for tasks to queue
[2022-09-02T12:01:45.453+0000] {logging_mixin.py:115} INFO - [2022-09-02T12:01:45.452+0000] {dagbag.py:508} INFO - Filling up the DagBag from /home/airflow/.local/lib/python3.7/site-packages/airflow/example_dags/example_trigger_controller_dag.py
[2022-09-02T12:01:45.456+0000] {processor.py:650} INFO - DAG(s) dict_keys(['example_trigger_controller_dag']) retrieved from /home/airflow/.local/lib/python3.7/site-packages/airflow/example_dags/example_trigger_controller_dag.py
[2022-09-02T12:01:45.478+0000] {logging_mixin.py:115} INFO - [2022-09-02T12:01:45.478+0000] {dag.py:2429} INFO - Sync 1 DAGs
[2022-09-02T12:01:45.492+0000] {logging_mixin.py:115} INFO - [2022-09-02T12:01:45.492+0000] {dag.py:2981} INFO - Setting next_dagrun for example_trigger_controller_dag to 2021-01-01T00:00:00+00:00, run_after=2021-01-01T00:00:00+00:00
[2022-09-02T12:01:45.501+0000] {processor.py:161} INFO - Processing /home/airflow/.local/lib/python3.7/site-packages/airflow/example_dags/example_trigger_controller_dag.py took 0.054 seconds
[2022-09-02T12:02:16.269+0000] {processor.py:153} INFO - Started process (PID=5904) to work on /home/airflow/.local/lib/python3.7/site-packages/airflow/example_dags/example_trigger_controller_dag.py
[2022-09-02T12:02:16.271+0000] {processor.py:640} INFO - Processing file /home/airflow/.local/lib/python3.7/site-packages/airflow/example_dags/example_trigger_controller_dag.py for tasks to queue
[2022-09-02T12:02:16.272+0000] {logging_mixin.py:115} INFO - [2022-09-02T12:02:16.272+0000] {dagbag.py:508} INFO - Filling up the DagBag from /home/airflow/.local/lib/python3.7/site-packages/airflow/example_dags/example_trigger_controller_dag.py
[2022-09-02T12:02:16.275+0000] {processor.py:650} INFO - DAG(s) dict_keys(['example_trigger_controller_dag']) retrieved from /home/airflow/.local/lib/python3.7/site-packages/airflow/example_dags/example_trigger_controller_dag.py
[2022-09-02T12:02:16.293+0000] {logging_mixin.py:115} INFO - [2022-09-02T12:02:16.293+0000] {dag.py:2429} INFO - Sync 1 DAGs
[2022-09-02T12:02:16.307+0000] {logging_mixin.py:115} INFO - [2022-09-02T12:02:16.307+0000] {dag.py:2981} INFO - Setting next_dagrun for example_trigger_controller_dag to 2021-01-01T00:00:00+00:00, run_after=2021-01-01T00:00:00+00:00
[2022-09-02T12:02:16.316+0000] {processor.py:161} INFO - Processing /home/airflow/.local/lib/python3.7/site-packages/airflow/example_dags/example_trigger_controller_dag.py took 0.049 seconds
[2022-09-02T12:02:47.214+0000] {processor.py:153} INFO - Started process (PID=6090) to work on /home/airflow/.local/lib/python3.7/site-packages/airflow/example_dags/example_trigger_controller_dag.py
[2022-09-02T12:02:47.216+0000] {processor.py:640} INFO - Processing file /home/airflow/.local/lib/python3.7/site-packages/airflow/example_dags/example_trigger_controller_dag.py for tasks to queue
[2022-09-02T12:02:47.218+0000] {logging_mixin.py:115} INFO - [2022-09-02T12:02:47.217+0000] {dagbag.py:508} INFO - Filling up the DagBag from /home/airflow/.local/lib/python3.7/site-packages/airflow/example_dags/example_trigger_controller_dag.py
[2022-09-02T12:02:47.220+0000] {processor.py:650} INFO - DAG(s) dict_keys(['example_trigger_controller_dag']) retrieved from /home/airflow/.local/lib/python3.7/site-packages/airflow/example_dags/example_trigger_controller_dag.py
[2022-09-02T12:02:47.240+0000] {logging_mixin.py:115} INFO - [2022-09-02T12:02:47.239+0000] {dag.py:2429} INFO - Sync 1 DAGs
[2022-09-02T12:02:47.255+0000] {logging_mixin.py:115} INFO - [2022-09-02T12:02:47.255+0000] {dag.py:2981} INFO - Setting next_dagrun for example_trigger_controller_dag to 2021-01-01T00:00:00+00:00, run_after=2021-01-01T00:00:00+00:00
[2022-09-02T12:02:47.264+0000] {processor.py:161} INFO - Processing /home/airflow/.local/lib/python3.7/site-packages/airflow/example_dags/example_trigger_controller_dag.py took 0.052 seconds
[2022-09-02T12:03:17.994+0000] {processor.py:153} INFO - Started process (PID=6287) to work on /home/airflow/.local/lib/python3.7/site-packages/airflow/example_dags/example_trigger_controller_dag.py
[2022-09-02T12:03:17.996+0000] {processor.py:640} INFO - Processing file /home/airflow/.local/lib/python3.7/site-packages/airflow/example_dags/example_trigger_controller_dag.py for tasks to queue
[2022-09-02T12:03:18.002+0000] {logging_mixin.py:115} INFO - [2022-09-02T12:03:18.002+0000] {dagbag.py:508} INFO - Filling up the DagBag from /home/airflow/.local/lib/python3.7/site-packages/airflow/example_dags/example_trigger_controller_dag.py
[2022-09-02T12:03:18.005+0000] {processor.py:650} INFO - DAG(s) dict_keys(['example_trigger_controller_dag']) retrieved from /home/airflow/.local/lib/python3.7/site-packages/airflow/example_dags/example_trigger_controller_dag.py
[2022-09-02T12:03:18.023+0000] {logging_mixin.py:115} INFO - [2022-09-02T12:03:18.022+0000] {dag.py:2429} INFO - Sync 1 DAGs
[2022-09-02T12:03:18.039+0000] {logging_mixin.py:115} INFO - [2022-09-02T12:03:18.039+0000] {dag.py:2981} INFO - Setting next_dagrun for example_trigger_controller_dag to 2021-01-01T00:00:00+00:00, run_after=2021-01-01T00:00:00+00:00
[2022-09-02T12:03:18.049+0000] {processor.py:161} INFO - Processing /home/airflow/.local/lib/python3.7/site-packages/airflow/example_dags/example_trigger_controller_dag.py took 0.057 seconds
[2022-09-02T12:03:48.786+0000] {processor.py:153} INFO - Started process (PID=6483) to work on /home/airflow/.local/lib/python3.7/site-packages/airflow/example_dags/example_trigger_controller_dag.py
[2022-09-02T12:03:48.788+0000] {processor.py:640} INFO - Processing file /home/airflow/.local/lib/python3.7/site-packages/airflow/example_dags/example_trigger_controller_dag.py for tasks to queue
[2022-09-02T12:03:48.789+0000] {logging_mixin.py:115} INFO - [2022-09-02T12:03:48.789+0000] {dagbag.py:508} INFO - Filling up the DagBag from /home/airflow/.local/lib/python3.7/site-packages/airflow/example_dags/example_trigger_controller_dag.py
[2022-09-02T12:03:48.791+0000] {processor.py:650} INFO - DAG(s) dict_keys(['example_trigger_controller_dag']) retrieved from /home/airflow/.local/lib/python3.7/site-packages/airflow/example_dags/example_trigger_controller_dag.py
[2022-09-02T12:03:48.809+0000] {logging_mixin.py:115} INFO - [2022-09-02T12:03:48.809+0000] {dag.py:2429} INFO - Sync 1 DAGs
[2022-09-02T12:03:48.825+0000] {logging_mixin.py:115} INFO - [2022-09-02T12:03:48.825+0000] {dag.py:2981} INFO - Setting next_dagrun for example_trigger_controller_dag to 2021-01-01T00:00:00+00:00, run_after=2021-01-01T00:00:00+00:00
[2022-09-02T12:03:48.832+0000] {processor.py:161} INFO - Processing /home/airflow/.local/lib/python3.7/site-packages/airflow/example_dags/example_trigger_controller_dag.py took 0.049 seconds
[2022-09-02T12:04:19.509+0000] {processor.py:153} INFO - Started process (PID=6681) to work on /home/airflow/.local/lib/python3.7/site-packages/airflow/example_dags/example_trigger_controller_dag.py
[2022-09-02T12:04:19.511+0000] {processor.py:640} INFO - Processing file /home/airflow/.local/lib/python3.7/site-packages/airflow/example_dags/example_trigger_controller_dag.py for tasks to queue
[2022-09-02T12:04:19.513+0000] {logging_mixin.py:115} INFO - [2022-09-02T12:04:19.513+0000] {dagbag.py:508} INFO - Filling up the DagBag from /home/airflow/.local/lib/python3.7/site-packages/airflow/example_dags/example_trigger_controller_dag.py
[2022-09-02T12:04:19.516+0000] {processor.py:650} INFO - DAG(s) dict_keys(['example_trigger_controller_dag']) retrieved from /home/airflow/.local/lib/python3.7/site-packages/airflow/example_dags/example_trigger_controller_dag.py
[2022-09-02T12:04:19.535+0000] {logging_mixin.py:115} INFO - [2022-09-02T12:04:19.535+0000] {dag.py:2429} INFO - Sync 1 DAGs
[2022-09-02T12:04:19.553+0000] {logging_mixin.py:115} INFO - [2022-09-02T12:04:19.552+0000] {dag.py:2981} INFO - Setting next_dagrun for example_trigger_controller_dag to 2021-01-01T00:00:00+00:00, run_after=2021-01-01T00:00:00+00:00
[2022-09-02T12:04:19.563+0000] {processor.py:161} INFO - Processing /home/airflow/.local/lib/python3.7/site-packages/airflow/example_dags/example_trigger_controller_dag.py took 0.056 seconds
[2022-09-02T12:04:50.312+0000] {processor.py:153} INFO - Started process (PID=6878) to work on /home/airflow/.local/lib/python3.7/site-packages/airflow/example_dags/example_trigger_controller_dag.py
[2022-09-02T12:04:50.315+0000] {processor.py:640} INFO - Processing file /home/airflow/.local/lib/python3.7/site-packages/airflow/example_dags/example_trigger_controller_dag.py for tasks to queue
[2022-09-02T12:04:50.316+0000] {logging_mixin.py:115} INFO - [2022-09-02T12:04:50.316+0000] {dagbag.py:508} INFO - Filling up the DagBag from /home/airflow/.local/lib/python3.7/site-packages/airflow/example_dags/example_trigger_controller_dag.py
[2022-09-02T12:04:50.319+0000] {processor.py:650} INFO - DAG(s) dict_keys(['example_trigger_controller_dag']) retrieved from /home/airflow/.local/lib/python3.7/site-packages/airflow/example_dags/example_trigger_controller_dag.py
[2022-09-02T12:04:50.339+0000] {logging_mixin.py:115} INFO - [2022-09-02T12:04:50.339+0000] {dag.py:2429} INFO - Sync 1 DAGs
[2022-09-02T12:04:50.356+0000] {logging_mixin.py:115} INFO - [2022-09-02T12:04:50.356+0000] {dag.py:2981} INFO - Setting next_dagrun for example_trigger_controller_dag to 2021-01-01T00:00:00+00:00, run_after=2021-01-01T00:00:00+00:00
[2022-09-02T12:04:50.366+0000] {processor.py:161} INFO - Processing /home/airflow/.local/lib/python3.7/site-packages/airflow/example_dags/example_trigger_controller_dag.py took 0.057 seconds
[2022-09-02T12:05:21.164+0000] {processor.py:153} INFO - Started process (PID=7076) to work on /home/airflow/.local/lib/python3.7/site-packages/airflow/example_dags/example_trigger_controller_dag.py
[2022-09-02T12:05:21.170+0000] {processor.py:640} INFO - Processing file /home/airflow/.local/lib/python3.7/site-packages/airflow/example_dags/example_trigger_controller_dag.py for tasks to queue
[2022-09-02T12:05:21.174+0000] {logging_mixin.py:115} INFO - [2022-09-02T12:05:21.173+0000] {dagbag.py:508} INFO - Filling up the DagBag from /home/airflow/.local/lib/python3.7/site-packages/airflow/example_dags/example_trigger_controller_dag.py
[2022-09-02T12:05:21.177+0000] {processor.py:650} INFO - DAG(s) dict_keys(['example_trigger_controller_dag']) retrieved from /home/airflow/.local/lib/python3.7/site-packages/airflow/example_dags/example_trigger_controller_dag.py
[2022-09-02T12:05:21.196+0000] {logging_mixin.py:115} INFO - [2022-09-02T12:05:21.196+0000] {dag.py:2429} INFO - Sync 1 DAGs
[2022-09-02T12:05:21.218+0000] {logging_mixin.py:115} INFO - [2022-09-02T12:05:21.218+0000] {dag.py:2981} INFO - Setting next_dagrun for example_trigger_controller_dag to 2021-01-01T00:00:00+00:00, run_after=2021-01-01T00:00:00+00:00
[2022-09-02T12:05:21.228+0000] {processor.py:161} INFO - Processing /home/airflow/.local/lib/python3.7/site-packages/airflow/example_dags/example_trigger_controller_dag.py took 0.067 seconds
[2022-09-02T12:05:51.916+0000] {processor.py:153} INFO - Started process (PID=7264) to work on /home/airflow/.local/lib/python3.7/site-packages/airflow/example_dags/example_trigger_controller_dag.py
[2022-09-02T12:05:51.920+0000] {processor.py:640} INFO - Processing file /home/airflow/.local/lib/python3.7/site-packages/airflow/example_dags/example_trigger_controller_dag.py for tasks to queue
[2022-09-02T12:05:51.922+0000] {logging_mixin.py:115} INFO - [2022-09-02T12:05:51.921+0000] {dagbag.py:508} INFO - Filling up the DagBag from /home/airflow/.local/lib/python3.7/site-packages/airflow/example_dags/example_trigger_controller_dag.py
[2022-09-02T12:05:51.925+0000] {processor.py:650} INFO - DAG(s) dict_keys(['example_trigger_controller_dag']) retrieved from /home/airflow/.local/lib/python3.7/site-packages/airflow/example_dags/example_trigger_controller_dag.py
[2022-09-02T12:05:51.943+0000] {logging_mixin.py:115} INFO - [2022-09-02T12:05:51.943+0000] {dag.py:2429} INFO - Sync 1 DAGs
[2022-09-02T12:05:51.960+0000] {logging_mixin.py:115} INFO - [2022-09-02T12:05:51.960+0000] {dag.py:2981} INFO - Setting next_dagrun for example_trigger_controller_dag to 2021-01-01T00:00:00+00:00, run_after=2021-01-01T00:00:00+00:00
[2022-09-02T12:05:51.971+0000] {processor.py:161} INFO - Processing /home/airflow/.local/lib/python3.7/site-packages/airflow/example_dags/example_trigger_controller_dag.py took 0.057 seconds
[2022-09-02T12:06:22.778+0000] {processor.py:153} INFO - Started process (PID=7462) to work on /home/airflow/.local/lib/python3.7/site-packages/airflow/example_dags/example_trigger_controller_dag.py
[2022-09-02T12:06:22.781+0000] {processor.py:640} INFO - Processing file /home/airflow/.local/lib/python3.7/site-packages/airflow/example_dags/example_trigger_controller_dag.py for tasks to queue
[2022-09-02T12:06:22.782+0000] {logging_mixin.py:115} INFO - [2022-09-02T12:06:22.782+0000] {dagbag.py:508} INFO - Filling up the DagBag from /home/airflow/.local/lib/python3.7/site-packages/airflow/example_dags/example_trigger_controller_dag.py
[2022-09-02T12:06:22.785+0000] {processor.py:650} INFO - DAG(s) dict_keys(['example_trigger_controller_dag']) retrieved from /home/airflow/.local/lib/python3.7/site-packages/airflow/example_dags/example_trigger_controller_dag.py
[2022-09-02T12:06:22.803+0000] {logging_mixin.py:115} INFO - [2022-09-02T12:06:22.803+0000] {dag.py:2429} INFO - Sync 1 DAGs
[2022-09-02T12:06:22.820+0000] {logging_mixin.py:115} INFO - [2022-09-02T12:06:22.820+0000] {dag.py:2981} INFO - Setting next_dagrun for example_trigger_controller_dag to 2021-01-01T00:00:00+00:00, run_after=2021-01-01T00:00:00+00:00
[2022-09-02T12:06:22.827+0000] {processor.py:161} INFO - Processing /home/airflow/.local/lib/python3.7/site-packages/airflow/example_dags/example_trigger_controller_dag.py took 0.052 seconds
[2022-09-02T12:06:53.566+0000] {processor.py:153} INFO - Started process (PID=7658) to work on /home/airflow/.local/lib/python3.7/site-packages/airflow/example_dags/example_trigger_controller_dag.py
[2022-09-02T12:06:53.568+0000] {processor.py:640} INFO - Processing file /home/airflow/.local/lib/python3.7/site-packages/airflow/example_dags/example_trigger_controller_dag.py for tasks to queue
[2022-09-02T12:06:53.570+0000] {logging_mixin.py:115} INFO - [2022-09-02T12:06:53.570+0000] {dagbag.py:508} INFO - Filling up the DagBag from /home/airflow/.local/lib/python3.7/site-packages/airflow/example_dags/example_trigger_controller_dag.py
[2022-09-02T12:06:53.572+0000] {processor.py:650} INFO - DAG(s) dict_keys(['example_trigger_controller_dag']) retrieved from /home/airflow/.local/lib/python3.7/site-packages/airflow/example_dags/example_trigger_controller_dag.py
[2022-09-02T12:06:53.591+0000] {logging_mixin.py:115} INFO - [2022-09-02T12:06:53.590+0000] {dag.py:2429} INFO - Sync 1 DAGs
[2022-09-02T12:06:53.607+0000] {logging_mixin.py:115} INFO - [2022-09-02T12:06:53.607+0000] {dag.py:2981} INFO - Setting next_dagrun for example_trigger_controller_dag to 2021-01-01T00:00:00+00:00, run_after=2021-01-01T00:00:00+00:00
[2022-09-02T12:06:53.619+0000] {processor.py:161} INFO - Processing /home/airflow/.local/lib/python3.7/site-packages/airflow/example_dags/example_trigger_controller_dag.py took 0.055 seconds
[2022-09-02T12:07:24.485+0000] {processor.py:153} INFO - Started process (PID=7855) to work on /home/airflow/.local/lib/python3.7/site-packages/airflow/example_dags/example_trigger_controller_dag.py
[2022-09-02T12:07:24.487+0000] {processor.py:640} INFO - Processing file /home/airflow/.local/lib/python3.7/site-packages/airflow/example_dags/example_trigger_controller_dag.py for tasks to queue
[2022-09-02T12:07:24.488+0000] {logging_mixin.py:115} INFO - [2022-09-02T12:07:24.488+0000] {dagbag.py:508} INFO - Filling up the DagBag from /home/airflow/.local/lib/python3.7/site-packages/airflow/example_dags/example_trigger_controller_dag.py
[2022-09-02T12:07:24.491+0000] {processor.py:650} INFO - DAG(s) dict_keys(['example_trigger_controller_dag']) retrieved from /home/airflow/.local/lib/python3.7/site-packages/airflow/example_dags/example_trigger_controller_dag.py
[2022-09-02T12:07:24.511+0000] {logging_mixin.py:115} INFO - [2022-09-02T12:07:24.511+0000] {dag.py:2429} INFO - Sync 1 DAGs
[2022-09-02T12:07:24.529+0000] {logging_mixin.py:115} INFO - [2022-09-02T12:07:24.529+0000] {dag.py:2981} INFO - Setting next_dagrun for example_trigger_controller_dag to 2021-01-01T00:00:00+00:00, run_after=2021-01-01T00:00:00+00:00
[2022-09-02T12:07:24.538+0000] {processor.py:161} INFO - Processing /home/airflow/.local/lib/python3.7/site-packages/airflow/example_dags/example_trigger_controller_dag.py took 0.056 seconds
[2022-09-02T12:07:55.471+0000] {processor.py:153} INFO - Started process (PID=8052) to work on /home/airflow/.local/lib/python3.7/site-packages/airflow/example_dags/example_trigger_controller_dag.py
[2022-09-02T12:07:55.473+0000] {processor.py:640} INFO - Processing file /home/airflow/.local/lib/python3.7/site-packages/airflow/example_dags/example_trigger_controller_dag.py for tasks to queue
[2022-09-02T12:07:55.474+0000] {logging_mixin.py:115} INFO - [2022-09-02T12:07:55.474+0000] {dagbag.py:508} INFO - Filling up the DagBag from /home/airflow/.local/lib/python3.7/site-packages/airflow/example_dags/example_trigger_controller_dag.py
[2022-09-02T12:07:55.478+0000] {processor.py:650} INFO - DAG(s) dict_keys(['example_trigger_controller_dag']) retrieved from /home/airflow/.local/lib/python3.7/site-packages/airflow/example_dags/example_trigger_controller_dag.py
[2022-09-02T12:07:55.498+0000] {logging_mixin.py:115} INFO - [2022-09-02T12:07:55.498+0000] {dag.py:2429} INFO - Sync 1 DAGs
[2022-09-02T12:07:55.514+0000] {logging_mixin.py:115} INFO - [2022-09-02T12:07:55.514+0000] {dag.py:2981} INFO - Setting next_dagrun for example_trigger_controller_dag to 2021-01-01T00:00:00+00:00, run_after=2021-01-01T00:00:00+00:00
[2022-09-02T12:07:55.525+0000] {processor.py:161} INFO - Processing /home/airflow/.local/lib/python3.7/site-packages/airflow/example_dags/example_trigger_controller_dag.py took 0.056 seconds
