[2022-09-02T11:47:24.491+0000] {processor.py:153} INFO - Started process (PID=225) to work on /home/airflow/.local/lib/python3.7/site-packages/airflow/example_dags/example_latest_only_with_trigger.py
[2022-09-02T11:47:24.493+0000] {processor.py:640} INFO - Processing file /home/airflow/.local/lib/python3.7/site-packages/airflow/example_dags/example_latest_only_with_trigger.py for tasks to queue
[2022-09-02T11:47:24.494+0000] {logging_mixin.py:115} INFO - [2022-09-02T11:47:24.494+0000] {dagbag.py:508} INFO - Filling up the DagBag from /home/airflow/.local/lib/python3.7/site-packages/airflow/example_dags/example_latest_only_with_trigger.py
[2022-09-02T11:47:24.500+0000] {processor.py:650} INFO - DAG(s) dict_keys(['latest_only_with_trigger']) retrieved from /home/airflow/.local/lib/python3.7/site-packages/airflow/example_dags/example_latest_only_with_trigger.py
[2022-09-02T11:47:24.554+0000] {logging_mixin.py:115} INFO - [2022-09-02T11:47:24.554+0000] {manager.py:508} INFO - Created Permission View: can edit on DAG:latest_only_with_trigger
[2022-09-02T11:47:24.564+0000] {logging_mixin.py:115} INFO - [2022-09-02T11:47:24.564+0000] {manager.py:508} INFO - Created Permission View: can delete on DAG:latest_only_with_trigger
[2022-09-02T11:47:24.570+0000] {logging_mixin.py:115} INFO - [2022-09-02T11:47:24.570+0000] {manager.py:508} INFO - Created Permission View: can read on DAG:latest_only_with_trigger
[2022-09-02T11:47:24.571+0000] {logging_mixin.py:115} INFO - [2022-09-02T11:47:24.571+0000] {dag.py:2429} INFO - Sync 1 DAGs
[2022-09-02T11:47:24.577+0000] {logging_mixin.py:115} INFO - [2022-09-02T11:47:24.577+0000] {dag.py:2448} INFO - Creating ORM DAG for latest_only_with_trigger
[2022-09-02T11:47:24.586+0000] {logging_mixin.py:115} INFO - [2022-09-02T11:47:24.585+0000] {dag.py:2981} INFO - Setting next_dagrun for latest_only_with_trigger to 2022-09-02T07:47:24.585819+00:00, run_after=2022-09-02T11:47:24.585819+00:00
[2022-09-02T11:47:24.598+0000] {processor.py:161} INFO - Processing /home/airflow/.local/lib/python3.7/site-packages/airflow/example_dags/example_latest_only_with_trigger.py took 0.109 seconds
[2022-09-02T11:47:55.076+0000] {processor.py:153} INFO - Started process (PID=422) to work on /home/airflow/.local/lib/python3.7/site-packages/airflow/example_dags/example_latest_only_with_trigger.py
[2022-09-02T11:47:55.078+0000] {processor.py:640} INFO - Processing file /home/airflow/.local/lib/python3.7/site-packages/airflow/example_dags/example_latest_only_with_trigger.py for tasks to queue
[2022-09-02T11:47:55.080+0000] {logging_mixin.py:115} INFO - [2022-09-02T11:47:55.080+0000] {dagbag.py:508} INFO - Filling up the DagBag from /home/airflow/.local/lib/python3.7/site-packages/airflow/example_dags/example_latest_only_with_trigger.py
[2022-09-02T11:47:55.085+0000] {processor.py:650} INFO - DAG(s) dict_keys(['latest_only_with_trigger']) retrieved from /home/airflow/.local/lib/python3.7/site-packages/airflow/example_dags/example_latest_only_with_trigger.py
[2022-09-02T11:47:55.110+0000] {logging_mixin.py:115} INFO - [2022-09-02T11:47:55.110+0000] {dag.py:2429} INFO - Sync 1 DAGs
[2022-09-02T11:47:55.125+0000] {logging_mixin.py:115} INFO - [2022-09-02T11:47:55.125+0000] {dag.py:2981} INFO - Setting next_dagrun for latest_only_with_trigger to 2022-09-02T07:47:55.125426+00:00, run_after=2022-09-02T11:47:55.125426+00:00
[2022-09-02T11:47:55.136+0000] {processor.py:161} INFO - Processing /home/airflow/.local/lib/python3.7/site-packages/airflow/example_dags/example_latest_only_with_trigger.py took 0.063 seconds
[2022-09-02T11:48:25.303+0000] {processor.py:153} INFO - Started process (PID=620) to work on /home/airflow/.local/lib/python3.7/site-packages/airflow/example_dags/example_latest_only_with_trigger.py
[2022-09-02T11:48:25.305+0000] {processor.py:640} INFO - Processing file /home/airflow/.local/lib/python3.7/site-packages/airflow/example_dags/example_latest_only_with_trigger.py for tasks to queue
[2022-09-02T11:48:25.306+0000] {logging_mixin.py:115} INFO - [2022-09-02T11:48:25.306+0000] {dagbag.py:508} INFO - Filling up the DagBag from /home/airflow/.local/lib/python3.7/site-packages/airflow/example_dags/example_latest_only_with_trigger.py
[2022-09-02T11:48:25.312+0000] {processor.py:650} INFO - DAG(s) dict_keys(['latest_only_with_trigger']) retrieved from /home/airflow/.local/lib/python3.7/site-packages/airflow/example_dags/example_latest_only_with_trigger.py
[2022-09-02T11:48:25.335+0000] {logging_mixin.py:115} INFO - [2022-09-02T11:48:25.335+0000] {dag.py:2429} INFO - Sync 1 DAGs
[2022-09-02T11:48:25.351+0000] {logging_mixin.py:115} INFO - [2022-09-02T11:48:25.350+0000] {dag.py:2981} INFO - Setting next_dagrun for latest_only_with_trigger to 2022-09-02T07:48:25.350716+00:00, run_after=2022-09-02T11:48:25.350716+00:00
[2022-09-02T11:48:25.360+0000] {processor.py:161} INFO - Processing /home/airflow/.local/lib/python3.7/site-packages/airflow/example_dags/example_latest_only_with_trigger.py took 0.060 seconds
[2022-09-02T11:48:56.313+0000] {processor.py:153} INFO - Started process (PID=816) to work on /home/airflow/.local/lib/python3.7/site-packages/airflow/example_dags/example_latest_only_with_trigger.py
[2022-09-02T11:48:56.315+0000] {processor.py:640} INFO - Processing file /home/airflow/.local/lib/python3.7/site-packages/airflow/example_dags/example_latest_only_with_trigger.py for tasks to queue
[2022-09-02T11:48:56.316+0000] {logging_mixin.py:115} INFO - [2022-09-02T11:48:56.316+0000] {dagbag.py:508} INFO - Filling up the DagBag from /home/airflow/.local/lib/python3.7/site-packages/airflow/example_dags/example_latest_only_with_trigger.py
[2022-09-02T11:48:56.320+0000] {processor.py:650} INFO - DAG(s) dict_keys(['latest_only_with_trigger']) retrieved from /home/airflow/.local/lib/python3.7/site-packages/airflow/example_dags/example_latest_only_with_trigger.py
[2022-09-02T11:48:56.337+0000] {logging_mixin.py:115} INFO - [2022-09-02T11:48:56.337+0000] {dag.py:2429} INFO - Sync 1 DAGs
[2022-09-02T11:48:56.350+0000] {logging_mixin.py:115} INFO - [2022-09-02T11:48:56.350+0000] {dag.py:2981} INFO - Setting next_dagrun for latest_only_with_trigger to 2022-09-02T07:48:56.350251+00:00, run_after=2022-09-02T11:48:56.350251+00:00
[2022-09-02T11:48:56.359+0000] {processor.py:161} INFO - Processing /home/airflow/.local/lib/python3.7/site-packages/airflow/example_dags/example_latest_only_with_trigger.py took 0.048 seconds
[2022-09-02T11:49:27.131+0000] {processor.py:153} INFO - Started process (PID=1004) to work on /home/airflow/.local/lib/python3.7/site-packages/airflow/example_dags/example_latest_only_with_trigger.py
[2022-09-02T11:49:27.133+0000] {processor.py:640} INFO - Processing file /home/airflow/.local/lib/python3.7/site-packages/airflow/example_dags/example_latest_only_with_trigger.py for tasks to queue
[2022-09-02T11:49:27.134+0000] {logging_mixin.py:115} INFO - [2022-09-02T11:49:27.134+0000] {dagbag.py:508} INFO - Filling up the DagBag from /home/airflow/.local/lib/python3.7/site-packages/airflow/example_dags/example_latest_only_with_trigger.py
[2022-09-02T11:49:27.137+0000] {processor.py:650} INFO - DAG(s) dict_keys(['latest_only_with_trigger']) retrieved from /home/airflow/.local/lib/python3.7/site-packages/airflow/example_dags/example_latest_only_with_trigger.py
[2022-09-02T11:49:27.154+0000] {logging_mixin.py:115} INFO - [2022-09-02T11:49:27.154+0000] {dag.py:2429} INFO - Sync 1 DAGs
[2022-09-02T11:49:27.167+0000] {logging_mixin.py:115} INFO - [2022-09-02T11:49:27.167+0000] {dag.py:2981} INFO - Setting next_dagrun for latest_only_with_trigger to 2022-09-02T07:49:27.167052+00:00, run_after=2022-09-02T11:49:27.167052+00:00
[2022-09-02T11:49:27.176+0000] {processor.py:161} INFO - Processing /home/airflow/.local/lib/python3.7/site-packages/airflow/example_dags/example_latest_only_with_trigger.py took 0.047 seconds
[2022-09-02T11:49:58.016+0000] {processor.py:153} INFO - Started process (PID=1201) to work on /home/airflow/.local/lib/python3.7/site-packages/airflow/example_dags/example_latest_only_with_trigger.py
[2022-09-02T11:49:58.017+0000] {processor.py:640} INFO - Processing file /home/airflow/.local/lib/python3.7/site-packages/airflow/example_dags/example_latest_only_with_trigger.py for tasks to queue
[2022-09-02T11:49:58.019+0000] {logging_mixin.py:115} INFO - [2022-09-02T11:49:58.019+0000] {dagbag.py:508} INFO - Filling up the DagBag from /home/airflow/.local/lib/python3.7/site-packages/airflow/example_dags/example_latest_only_with_trigger.py
[2022-09-02T11:49:58.023+0000] {processor.py:650} INFO - DAG(s) dict_keys(['latest_only_with_trigger']) retrieved from /home/airflow/.local/lib/python3.7/site-packages/airflow/example_dags/example_latest_only_with_trigger.py
[2022-09-02T11:49:58.041+0000] {logging_mixin.py:115} INFO - [2022-09-02T11:49:58.040+0000] {dag.py:2429} INFO - Sync 1 DAGs
[2022-09-02T11:49:58.054+0000] {logging_mixin.py:115} INFO - [2022-09-02T11:49:58.054+0000] {dag.py:2981} INFO - Setting next_dagrun for latest_only_with_trigger to 2022-09-02T07:49:58.054608+00:00, run_after=2022-09-02T11:49:58.054608+00:00
[2022-09-02T11:49:58.064+0000] {processor.py:161} INFO - Processing /home/airflow/.local/lib/python3.7/site-packages/airflow/example_dags/example_latest_only_with_trigger.py took 0.051 seconds
[2022-09-02T11:50:28.817+0000] {processor.py:153} INFO - Started process (PID=1398) to work on /home/airflow/.local/lib/python3.7/site-packages/airflow/example_dags/example_latest_only_with_trigger.py
[2022-09-02T11:50:28.819+0000] {processor.py:640} INFO - Processing file /home/airflow/.local/lib/python3.7/site-packages/airflow/example_dags/example_latest_only_with_trigger.py for tasks to queue
[2022-09-02T11:50:28.821+0000] {logging_mixin.py:115} INFO - [2022-09-02T11:50:28.820+0000] {dagbag.py:508} INFO - Filling up the DagBag from /home/airflow/.local/lib/python3.7/site-packages/airflow/example_dags/example_latest_only_with_trigger.py
[2022-09-02T11:50:28.825+0000] {processor.py:650} INFO - DAG(s) dict_keys(['latest_only_with_trigger']) retrieved from /home/airflow/.local/lib/python3.7/site-packages/airflow/example_dags/example_latest_only_with_trigger.py
[2022-09-02T11:50:28.842+0000] {logging_mixin.py:115} INFO - [2022-09-02T11:50:28.842+0000] {dag.py:2429} INFO - Sync 1 DAGs
[2022-09-02T11:50:28.856+0000] {logging_mixin.py:115} INFO - [2022-09-02T11:50:28.856+0000] {dag.py:2981} INFO - Setting next_dagrun for latest_only_with_trigger to 2022-09-02T07:50:28.855998+00:00, run_after=2022-09-02T11:50:28.855998+00:00
[2022-09-02T11:50:28.865+0000] {processor.py:161} INFO - Processing /home/airflow/.local/lib/python3.7/site-packages/airflow/example_dags/example_latest_only_with_trigger.py took 0.051 seconds
[2022-09-02T11:50:59.537+0000] {processor.py:153} INFO - Started process (PID=1597) to work on /home/airflow/.local/lib/python3.7/site-packages/airflow/example_dags/example_latest_only_with_trigger.py
[2022-09-02T11:50:59.539+0000] {processor.py:640} INFO - Processing file /home/airflow/.local/lib/python3.7/site-packages/airflow/example_dags/example_latest_only_with_trigger.py for tasks to queue
[2022-09-02T11:50:59.540+0000] {logging_mixin.py:115} INFO - [2022-09-02T11:50:59.540+0000] {dagbag.py:508} INFO - Filling up the DagBag from /home/airflow/.local/lib/python3.7/site-packages/airflow/example_dags/example_latest_only_with_trigger.py
[2022-09-02T11:50:59.544+0000] {processor.py:650} INFO - DAG(s) dict_keys(['latest_only_with_trigger']) retrieved from /home/airflow/.local/lib/python3.7/site-packages/airflow/example_dags/example_latest_only_with_trigger.py
[2022-09-02T11:50:59.561+0000] {logging_mixin.py:115} INFO - [2022-09-02T11:50:59.561+0000] {dag.py:2429} INFO - Sync 1 DAGs
[2022-09-02T11:50:59.575+0000] {logging_mixin.py:115} INFO - [2022-09-02T11:50:59.575+0000] {dag.py:2981} INFO - Setting next_dagrun for latest_only_with_trigger to 2022-09-02T07:50:59.575367+00:00, run_after=2022-09-02T11:50:59.575367+00:00
[2022-09-02T11:50:59.585+0000] {processor.py:161} INFO - Processing /home/airflow/.local/lib/python3.7/site-packages/airflow/example_dags/example_latest_only_with_trigger.py took 0.050 seconds
[2022-09-02T11:51:30.319+0000] {processor.py:153} INFO - Started process (PID=1795) to work on /home/airflow/.local/lib/python3.7/site-packages/airflow/example_dags/example_latest_only_with_trigger.py
[2022-09-02T11:51:30.322+0000] {processor.py:640} INFO - Processing file /home/airflow/.local/lib/python3.7/site-packages/airflow/example_dags/example_latest_only_with_trigger.py for tasks to queue
[2022-09-02T11:51:30.324+0000] {logging_mixin.py:115} INFO - [2022-09-02T11:51:30.323+0000] {dagbag.py:508} INFO - Filling up the DagBag from /home/airflow/.local/lib/python3.7/site-packages/airflow/example_dags/example_latest_only_with_trigger.py
[2022-09-02T11:51:30.327+0000] {processor.py:650} INFO - DAG(s) dict_keys(['latest_only_with_trigger']) retrieved from /home/airflow/.local/lib/python3.7/site-packages/airflow/example_dags/example_latest_only_with_trigger.py
[2022-09-02T11:51:30.345+0000] {logging_mixin.py:115} INFO - [2022-09-02T11:51:30.345+0000] {dag.py:2429} INFO - Sync 1 DAGs
[2022-09-02T11:51:30.360+0000] {logging_mixin.py:115} INFO - [2022-09-02T11:51:30.360+0000] {dag.py:2981} INFO - Setting next_dagrun for latest_only_with_trigger to 2022-09-02T07:51:30.360130+00:00, run_after=2022-09-02T11:51:30.360130+00:00
[2022-09-02T11:51:30.369+0000] {processor.py:161} INFO - Processing /home/airflow/.local/lib/python3.7/site-packages/airflow/example_dags/example_latest_only_with_trigger.py took 0.052 seconds
[2022-09-02T11:52:01.087+0000] {processor.py:153} INFO - Started process (PID=1992) to work on /home/airflow/.local/lib/python3.7/site-packages/airflow/example_dags/example_latest_only_with_trigger.py
[2022-09-02T11:52:01.089+0000] {processor.py:640} INFO - Processing file /home/airflow/.local/lib/python3.7/site-packages/airflow/example_dags/example_latest_only_with_trigger.py for tasks to queue
[2022-09-02T11:52:01.090+0000] {logging_mixin.py:115} INFO - [2022-09-02T11:52:01.090+0000] {dagbag.py:508} INFO - Filling up the DagBag from /home/airflow/.local/lib/python3.7/site-packages/airflow/example_dags/example_latest_only_with_trigger.py
[2022-09-02T11:52:01.094+0000] {processor.py:650} INFO - DAG(s) dict_keys(['latest_only_with_trigger']) retrieved from /home/airflow/.local/lib/python3.7/site-packages/airflow/example_dags/example_latest_only_with_trigger.py
[2022-09-02T11:52:01.114+0000] {logging_mixin.py:115} INFO - [2022-09-02T11:52:01.114+0000] {dag.py:2429} INFO - Sync 1 DAGs
[2022-09-02T11:52:01.128+0000] {logging_mixin.py:115} INFO - [2022-09-02T11:52:01.128+0000] {dag.py:2981} INFO - Setting next_dagrun for latest_only_with_trigger to 2022-09-02T07:52:01.128560+00:00, run_after=2022-09-02T11:52:01.128560+00:00
[2022-09-02T11:52:01.139+0000] {processor.py:161} INFO - Processing /home/airflow/.local/lib/python3.7/site-packages/airflow/example_dags/example_latest_only_with_trigger.py took 0.053 seconds
[2022-09-02T11:52:32.080+0000] {processor.py:153} INFO - Started process (PID=2189) to work on /home/airflow/.local/lib/python3.7/site-packages/airflow/example_dags/example_latest_only_with_trigger.py
[2022-09-02T11:52:32.082+0000] {processor.py:640} INFO - Processing file /home/airflow/.local/lib/python3.7/site-packages/airflow/example_dags/example_latest_only_with_trigger.py for tasks to queue
[2022-09-02T11:52:32.083+0000] {logging_mixin.py:115} INFO - [2022-09-02T11:52:32.083+0000] {dagbag.py:508} INFO - Filling up the DagBag from /home/airflow/.local/lib/python3.7/site-packages/airflow/example_dags/example_latest_only_with_trigger.py
[2022-09-02T11:52:32.088+0000] {processor.py:650} INFO - DAG(s) dict_keys(['latest_only_with_trigger']) retrieved from /home/airflow/.local/lib/python3.7/site-packages/airflow/example_dags/example_latest_only_with_trigger.py
[2022-09-02T11:52:32.105+0000] {logging_mixin.py:115} INFO - [2022-09-02T11:52:32.105+0000] {dag.py:2429} INFO - Sync 1 DAGs
[2022-09-02T11:52:32.119+0000] {logging_mixin.py:115} INFO - [2022-09-02T11:52:32.119+0000] {dag.py:2981} INFO - Setting next_dagrun for latest_only_with_trigger to 2022-09-02T07:52:32.119066+00:00, run_after=2022-09-02T11:52:32.119066+00:00
[2022-09-02T11:52:32.131+0000] {processor.py:161} INFO - Processing /home/airflow/.local/lib/python3.7/site-packages/airflow/example_dags/example_latest_only_with_trigger.py took 0.054 seconds
[2022-09-02T11:53:02.780+0000] {processor.py:153} INFO - Started process (PID=2378) to work on /home/airflow/.local/lib/python3.7/site-packages/airflow/example_dags/example_latest_only_with_trigger.py
[2022-09-02T11:53:02.782+0000] {processor.py:640} INFO - Processing file /home/airflow/.local/lib/python3.7/site-packages/airflow/example_dags/example_latest_only_with_trigger.py for tasks to queue
[2022-09-02T11:53:02.783+0000] {logging_mixin.py:115} INFO - [2022-09-02T11:53:02.783+0000] {dagbag.py:508} INFO - Filling up the DagBag from /home/airflow/.local/lib/python3.7/site-packages/airflow/example_dags/example_latest_only_with_trigger.py
[2022-09-02T11:53:02.787+0000] {processor.py:650} INFO - DAG(s) dict_keys(['latest_only_with_trigger']) retrieved from /home/airflow/.local/lib/python3.7/site-packages/airflow/example_dags/example_latest_only_with_trigger.py
[2022-09-02T11:53:02.806+0000] {logging_mixin.py:115} INFO - [2022-09-02T11:53:02.806+0000] {dag.py:2429} INFO - Sync 1 DAGs
[2022-09-02T11:53:02.820+0000] {logging_mixin.py:115} INFO - [2022-09-02T11:53:02.820+0000] {dag.py:2981} INFO - Setting next_dagrun for latest_only_with_trigger to 2022-09-02T07:53:02.820105+00:00, run_after=2022-09-02T11:53:02.820105+00:00
[2022-09-02T11:53:02.830+0000] {processor.py:161} INFO - Processing /home/airflow/.local/lib/python3.7/site-packages/airflow/example_dags/example_latest_only_with_trigger.py took 0.053 seconds
[2022-09-02T11:53:33.622+0000] {processor.py:153} INFO - Started process (PID=2576) to work on /home/airflow/.local/lib/python3.7/site-packages/airflow/example_dags/example_latest_only_with_trigger.py
[2022-09-02T11:53:33.624+0000] {processor.py:640} INFO - Processing file /home/airflow/.local/lib/python3.7/site-packages/airflow/example_dags/example_latest_only_with_trigger.py for tasks to queue
[2022-09-02T11:53:33.625+0000] {logging_mixin.py:115} INFO - [2022-09-02T11:53:33.625+0000] {dagbag.py:508} INFO - Filling up the DagBag from /home/airflow/.local/lib/python3.7/site-packages/airflow/example_dags/example_latest_only_with_trigger.py
[2022-09-02T11:53:33.629+0000] {processor.py:650} INFO - DAG(s) dict_keys(['latest_only_with_trigger']) retrieved from /home/airflow/.local/lib/python3.7/site-packages/airflow/example_dags/example_latest_only_with_trigger.py
[2022-09-02T11:53:33.647+0000] {logging_mixin.py:115} INFO - [2022-09-02T11:53:33.647+0000] {dag.py:2429} INFO - Sync 1 DAGs
[2022-09-02T11:53:33.661+0000] {logging_mixin.py:115} INFO - [2022-09-02T11:53:33.661+0000] {dag.py:2981} INFO - Setting next_dagrun for latest_only_with_trigger to 2022-09-02T07:53:33.660835+00:00, run_after=2022-09-02T11:53:33.660835+00:00
[2022-09-02T11:53:33.670+0000] {processor.py:161} INFO - Processing /home/airflow/.local/lib/python3.7/site-packages/airflow/example_dags/example_latest_only_with_trigger.py took 0.050 seconds
[2022-09-02T11:54:04.412+0000] {processor.py:153} INFO - Started process (PID=2773) to work on /home/airflow/.local/lib/python3.7/site-packages/airflow/example_dags/example_latest_only_with_trigger.py
[2022-09-02T11:54:04.414+0000] {processor.py:640} INFO - Processing file /home/airflow/.local/lib/python3.7/site-packages/airflow/example_dags/example_latest_only_with_trigger.py for tasks to queue
[2022-09-02T11:54:04.415+0000] {logging_mixin.py:115} INFO - [2022-09-02T11:54:04.415+0000] {dagbag.py:508} INFO - Filling up the DagBag from /home/airflow/.local/lib/python3.7/site-packages/airflow/example_dags/example_latest_only_with_trigger.py
[2022-09-02T11:54:04.419+0000] {processor.py:650} INFO - DAG(s) dict_keys(['latest_only_with_trigger']) retrieved from /home/airflow/.local/lib/python3.7/site-packages/airflow/example_dags/example_latest_only_with_trigger.py
[2022-09-02T11:54:04.437+0000] {logging_mixin.py:115} INFO - [2022-09-02T11:54:04.437+0000] {dag.py:2429} INFO - Sync 1 DAGs
[2022-09-02T11:54:04.452+0000] {logging_mixin.py:115} INFO - [2022-09-02T11:54:04.452+0000] {dag.py:2981} INFO - Setting next_dagrun for latest_only_with_trigger to 2022-09-02T07:54:04.451882+00:00, run_after=2022-09-02T11:54:04.451882+00:00
[2022-09-02T11:54:04.464+0000] {processor.py:161} INFO - Processing /home/airflow/.local/lib/python3.7/site-packages/airflow/example_dags/example_latest_only_with_trigger.py took 0.054 seconds
[2022-09-02T11:54:35.211+0000] {processor.py:153} INFO - Started process (PID=2969) to work on /home/airflow/.local/lib/python3.7/site-packages/airflow/example_dags/example_latest_only_with_trigger.py
[2022-09-02T11:54:35.213+0000] {processor.py:640} INFO - Processing file /home/airflow/.local/lib/python3.7/site-packages/airflow/example_dags/example_latest_only_with_trigger.py for tasks to queue
[2022-09-02T11:54:35.214+0000] {logging_mixin.py:115} INFO - [2022-09-02T11:54:35.214+0000] {dagbag.py:508} INFO - Filling up the DagBag from /home/airflow/.local/lib/python3.7/site-packages/airflow/example_dags/example_latest_only_with_trigger.py
[2022-09-02T11:54:35.218+0000] {processor.py:650} INFO - DAG(s) dict_keys(['latest_only_with_trigger']) retrieved from /home/airflow/.local/lib/python3.7/site-packages/airflow/example_dags/example_latest_only_with_trigger.py
[2022-09-02T11:54:35.237+0000] {logging_mixin.py:115} INFO - [2022-09-02T11:54:35.237+0000] {dag.py:2429} INFO - Sync 1 DAGs
[2022-09-02T11:54:35.251+0000] {logging_mixin.py:115} INFO - [2022-09-02T11:54:35.251+0000] {dag.py:2981} INFO - Setting next_dagrun for latest_only_with_trigger to 2022-09-02T07:54:35.251053+00:00, run_after=2022-09-02T11:54:35.251053+00:00
[2022-09-02T11:54:35.261+0000] {processor.py:161} INFO - Processing /home/airflow/.local/lib/python3.7/site-packages/airflow/example_dags/example_latest_only_with_trigger.py took 0.052 seconds
[2022-09-02T11:55:05.929+0000] {processor.py:153} INFO - Started process (PID=3167) to work on /home/airflow/.local/lib/python3.7/site-packages/airflow/example_dags/example_latest_only_with_trigger.py
[2022-09-02T11:55:05.931+0000] {processor.py:640} INFO - Processing file /home/airflow/.local/lib/python3.7/site-packages/airflow/example_dags/example_latest_only_with_trigger.py for tasks to queue
[2022-09-02T11:55:05.933+0000] {logging_mixin.py:115} INFO - [2022-09-02T11:55:05.933+0000] {dagbag.py:508} INFO - Filling up the DagBag from /home/airflow/.local/lib/python3.7/site-packages/airflow/example_dags/example_latest_only_with_trigger.py
[2022-09-02T11:55:05.937+0000] {processor.py:650} INFO - DAG(s) dict_keys(['latest_only_with_trigger']) retrieved from /home/airflow/.local/lib/python3.7/site-packages/airflow/example_dags/example_latest_only_with_trigger.py
[2022-09-02T11:55:05.956+0000] {logging_mixin.py:115} INFO - [2022-09-02T11:55:05.956+0000] {dag.py:2429} INFO - Sync 1 DAGs
[2022-09-02T11:55:05.969+0000] {logging_mixin.py:115} INFO - [2022-09-02T11:55:05.969+0000] {dag.py:2981} INFO - Setting next_dagrun for latest_only_with_trigger to 2022-09-02T07:55:05.969571+00:00, run_after=2022-09-02T11:55:05.969571+00:00
[2022-09-02T11:55:05.979+0000] {processor.py:161} INFO - Processing /home/airflow/.local/lib/python3.7/site-packages/airflow/example_dags/example_latest_only_with_trigger.py took 0.052 seconds
[2022-09-02T11:55:36.816+0000] {processor.py:153} INFO - Started process (PID=3365) to work on /home/airflow/.local/lib/python3.7/site-packages/airflow/example_dags/example_latest_only_with_trigger.py
[2022-09-02T11:55:36.818+0000] {processor.py:640} INFO - Processing file /home/airflow/.local/lib/python3.7/site-packages/airflow/example_dags/example_latest_only_with_trigger.py for tasks to queue
[2022-09-02T11:55:36.819+0000] {logging_mixin.py:115} INFO - [2022-09-02T11:55:36.819+0000] {dagbag.py:508} INFO - Filling up the DagBag from /home/airflow/.local/lib/python3.7/site-packages/airflow/example_dags/example_latest_only_with_trigger.py
[2022-09-02T11:55:36.823+0000] {processor.py:650} INFO - DAG(s) dict_keys(['latest_only_with_trigger']) retrieved from /home/airflow/.local/lib/python3.7/site-packages/airflow/example_dags/example_latest_only_with_trigger.py
[2022-09-02T11:55:36.842+0000] {logging_mixin.py:115} INFO - [2022-09-02T11:55:36.842+0000] {dag.py:2429} INFO - Sync 1 DAGs
[2022-09-02T11:55:36.858+0000] {logging_mixin.py:115} INFO - [2022-09-02T11:55:36.858+0000] {dag.py:2981} INFO - Setting next_dagrun for latest_only_with_trigger to 2022-09-02T07:55:36.858415+00:00, run_after=2022-09-02T11:55:36.858415+00:00
[2022-09-02T11:55:36.870+0000] {processor.py:161} INFO - Processing /home/airflow/.local/lib/python3.7/site-packages/airflow/example_dags/example_latest_only_with_trigger.py took 0.056 seconds
[2022-09-02T11:56:07.577+0000] {processor.py:153} INFO - Started process (PID=3559) to work on /home/airflow/.local/lib/python3.7/site-packages/airflow/example_dags/example_latest_only_with_trigger.py
[2022-09-02T11:56:07.579+0000] {processor.py:640} INFO - Processing file /home/airflow/.local/lib/python3.7/site-packages/airflow/example_dags/example_latest_only_with_trigger.py for tasks to queue
[2022-09-02T11:56:07.581+0000] {logging_mixin.py:115} INFO - [2022-09-02T11:56:07.580+0000] {dagbag.py:508} INFO - Filling up the DagBag from /home/airflow/.local/lib/python3.7/site-packages/airflow/example_dags/example_latest_only_with_trigger.py
[2022-09-02T11:56:07.585+0000] {processor.py:650} INFO - DAG(s) dict_keys(['latest_only_with_trigger']) retrieved from /home/airflow/.local/lib/python3.7/site-packages/airflow/example_dags/example_latest_only_with_trigger.py
[2022-09-02T11:56:07.603+0000] {logging_mixin.py:115} INFO - [2022-09-02T11:56:07.603+0000] {dag.py:2429} INFO - Sync 1 DAGs
[2022-09-02T11:56:07.617+0000] {logging_mixin.py:115} INFO - [2022-09-02T11:56:07.617+0000] {dag.py:2981} INFO - Setting next_dagrun for latest_only_with_trigger to 2022-09-02T07:56:07.617619+00:00, run_after=2022-09-02T11:56:07.617619+00:00
[2022-09-02T11:56:07.629+0000] {processor.py:161} INFO - Processing /home/airflow/.local/lib/python3.7/site-packages/airflow/example_dags/example_latest_only_with_trigger.py took 0.054 seconds
[2022-09-02T11:56:38.454+0000] {processor.py:153} INFO - Started process (PID=3748) to work on /home/airflow/.local/lib/python3.7/site-packages/airflow/example_dags/example_latest_only_with_trigger.py
[2022-09-02T11:56:38.456+0000] {processor.py:640} INFO - Processing file /home/airflow/.local/lib/python3.7/site-packages/airflow/example_dags/example_latest_only_with_trigger.py for tasks to queue
[2022-09-02T11:56:38.458+0000] {logging_mixin.py:115} INFO - [2022-09-02T11:56:38.457+0000] {dagbag.py:508} INFO - Filling up the DagBag from /home/airflow/.local/lib/python3.7/site-packages/airflow/example_dags/example_latest_only_with_trigger.py
[2022-09-02T11:56:38.462+0000] {processor.py:650} INFO - DAG(s) dict_keys(['latest_only_with_trigger']) retrieved from /home/airflow/.local/lib/python3.7/site-packages/airflow/example_dags/example_latest_only_with_trigger.py
[2022-09-02T11:56:38.479+0000] {logging_mixin.py:115} INFO - [2022-09-02T11:56:38.479+0000] {dag.py:2429} INFO - Sync 1 DAGs
[2022-09-02T11:56:38.493+0000] {logging_mixin.py:115} INFO - [2022-09-02T11:56:38.493+0000] {dag.py:2981} INFO - Setting next_dagrun for latest_only_with_trigger to 2022-09-02T07:56:38.493113+00:00, run_after=2022-09-02T11:56:38.493113+00:00
[2022-09-02T11:56:38.503+0000] {processor.py:161} INFO - Processing /home/airflow/.local/lib/python3.7/site-packages/airflow/example_dags/example_latest_only_with_trigger.py took 0.051 seconds
[2022-09-02T11:57:09.248+0000] {processor.py:153} INFO - Started process (PID=3945) to work on /home/airflow/.local/lib/python3.7/site-packages/airflow/example_dags/example_latest_only_with_trigger.py
[2022-09-02T11:57:09.249+0000] {processor.py:640} INFO - Processing file /home/airflow/.local/lib/python3.7/site-packages/airflow/example_dags/example_latest_only_with_trigger.py for tasks to queue
[2022-09-02T11:57:09.250+0000] {logging_mixin.py:115} INFO - [2022-09-02T11:57:09.250+0000] {dagbag.py:508} INFO - Filling up the DagBag from /home/airflow/.local/lib/python3.7/site-packages/airflow/example_dags/example_latest_only_with_trigger.py
[2022-09-02T11:57:09.255+0000] {processor.py:650} INFO - DAG(s) dict_keys(['latest_only_with_trigger']) retrieved from /home/airflow/.local/lib/python3.7/site-packages/airflow/example_dags/example_latest_only_with_trigger.py
[2022-09-02T11:57:09.273+0000] {logging_mixin.py:115} INFO - [2022-09-02T11:57:09.273+0000] {dag.py:2429} INFO - Sync 1 DAGs
[2022-09-02T11:57:09.288+0000] {logging_mixin.py:115} INFO - [2022-09-02T11:57:09.288+0000] {dag.py:2981} INFO - Setting next_dagrun for latest_only_with_trigger to 2022-09-02T07:57:09.287890+00:00, run_after=2022-09-02T11:57:09.287890+00:00
[2022-09-02T11:57:09.298+0000] {processor.py:161} INFO - Processing /home/airflow/.local/lib/python3.7/site-packages/airflow/example_dags/example_latest_only_with_trigger.py took 0.053 seconds
[2022-09-02T11:57:40.096+0000] {processor.py:153} INFO - Started process (PID=4140) to work on /home/airflow/.local/lib/python3.7/site-packages/airflow/example_dags/example_latest_only_with_trigger.py
[2022-09-02T11:57:40.098+0000] {processor.py:640} INFO - Processing file /home/airflow/.local/lib/python3.7/site-packages/airflow/example_dags/example_latest_only_with_trigger.py for tasks to queue
[2022-09-02T11:57:40.099+0000] {logging_mixin.py:115} INFO - [2022-09-02T11:57:40.099+0000] {dagbag.py:508} INFO - Filling up the DagBag from /home/airflow/.local/lib/python3.7/site-packages/airflow/example_dags/example_latest_only_with_trigger.py
[2022-09-02T11:57:40.103+0000] {processor.py:650} INFO - DAG(s) dict_keys(['latest_only_with_trigger']) retrieved from /home/airflow/.local/lib/python3.7/site-packages/airflow/example_dags/example_latest_only_with_trigger.py
[2022-09-02T11:57:40.120+0000] {logging_mixin.py:115} INFO - [2022-09-02T11:57:40.120+0000] {dag.py:2429} INFO - Sync 1 DAGs
[2022-09-02T11:57:40.135+0000] {logging_mixin.py:115} INFO - [2022-09-02T11:57:40.135+0000] {dag.py:2981} INFO - Setting next_dagrun for latest_only_with_trigger to 2022-09-02T07:57:40.135293+00:00, run_after=2022-09-02T11:57:40.135293+00:00
[2022-09-02T11:57:40.143+0000] {processor.py:161} INFO - Processing /home/airflow/.local/lib/python3.7/site-packages/airflow/example_dags/example_latest_only_with_trigger.py took 0.049 seconds
[2022-09-02T11:58:10.969+0000] {processor.py:153} INFO - Started process (PID=4337) to work on /home/airflow/.local/lib/python3.7/site-packages/airflow/example_dags/example_latest_only_with_trigger.py
[2022-09-02T11:58:10.971+0000] {processor.py:640} INFO - Processing file /home/airflow/.local/lib/python3.7/site-packages/airflow/example_dags/example_latest_only_with_trigger.py for tasks to queue
[2022-09-02T11:58:10.973+0000] {logging_mixin.py:115} INFO - [2022-09-02T11:58:10.973+0000] {dagbag.py:508} INFO - Filling up the DagBag from /home/airflow/.local/lib/python3.7/site-packages/airflow/example_dags/example_latest_only_with_trigger.py
[2022-09-02T11:58:10.977+0000] {processor.py:650} INFO - DAG(s) dict_keys(['latest_only_with_trigger']) retrieved from /home/airflow/.local/lib/python3.7/site-packages/airflow/example_dags/example_latest_only_with_trigger.py
[2022-09-02T11:58:10.998+0000] {logging_mixin.py:115} INFO - [2022-09-02T11:58:10.998+0000] {dag.py:2429} INFO - Sync 1 DAGs
[2022-09-02T11:58:11.018+0000] {logging_mixin.py:115} INFO - [2022-09-02T11:58:11.018+0000] {dag.py:2981} INFO - Setting next_dagrun for latest_only_with_trigger to 2022-09-02T07:58:11.018351+00:00, run_after=2022-09-02T11:58:11.018351+00:00
[2022-09-02T11:58:11.028+0000] {processor.py:161} INFO - Processing /home/airflow/.local/lib/python3.7/site-packages/airflow/example_dags/example_latest_only_with_trigger.py took 0.061 seconds
[2022-09-02T11:58:41.782+0000] {processor.py:153} INFO - Started process (PID=4534) to work on /home/airflow/.local/lib/python3.7/site-packages/airflow/example_dags/example_latest_only_with_trigger.py
[2022-09-02T11:58:41.784+0000] {processor.py:640} INFO - Processing file /home/airflow/.local/lib/python3.7/site-packages/airflow/example_dags/example_latest_only_with_trigger.py for tasks to queue
[2022-09-02T11:58:41.785+0000] {logging_mixin.py:115} INFO - [2022-09-02T11:58:41.785+0000] {dagbag.py:508} INFO - Filling up the DagBag from /home/airflow/.local/lib/python3.7/site-packages/airflow/example_dags/example_latest_only_with_trigger.py
[2022-09-02T11:58:41.790+0000] {processor.py:650} INFO - DAG(s) dict_keys(['latest_only_with_trigger']) retrieved from /home/airflow/.local/lib/python3.7/site-packages/airflow/example_dags/example_latest_only_with_trigger.py
[2022-09-02T11:58:41.810+0000] {logging_mixin.py:115} INFO - [2022-09-02T11:58:41.810+0000] {dag.py:2429} INFO - Sync 1 DAGs
[2022-09-02T11:58:41.827+0000] {logging_mixin.py:115} INFO - [2022-09-02T11:58:41.827+0000] {dag.py:2981} INFO - Setting next_dagrun for latest_only_with_trigger to 2022-09-02T07:58:41.826980+00:00, run_after=2022-09-02T11:58:41.826980+00:00
[2022-09-02T11:58:41.836+0000] {processor.py:161} INFO - Processing /home/airflow/.local/lib/python3.7/site-packages/airflow/example_dags/example_latest_only_with_trigger.py took 0.056 seconds
[2022-09-02T11:59:12.711+0000] {processor.py:153} INFO - Started process (PID=4731) to work on /home/airflow/.local/lib/python3.7/site-packages/airflow/example_dags/example_latest_only_with_trigger.py
[2022-09-02T11:59:12.712+0000] {processor.py:640} INFO - Processing file /home/airflow/.local/lib/python3.7/site-packages/airflow/example_dags/example_latest_only_with_trigger.py for tasks to queue
[2022-09-02T11:59:12.713+0000] {logging_mixin.py:115} INFO - [2022-09-02T11:59:12.713+0000] {dagbag.py:508} INFO - Filling up the DagBag from /home/airflow/.local/lib/python3.7/site-packages/airflow/example_dags/example_latest_only_with_trigger.py
[2022-09-02T11:59:12.717+0000] {processor.py:650} INFO - DAG(s) dict_keys(['latest_only_with_trigger']) retrieved from /home/airflow/.local/lib/python3.7/site-packages/airflow/example_dags/example_latest_only_with_trigger.py
[2022-09-02T11:59:12.737+0000] {logging_mixin.py:115} INFO - [2022-09-02T11:59:12.737+0000] {dag.py:2429} INFO - Sync 1 DAGs
[2022-09-02T11:59:12.754+0000] {logging_mixin.py:115} INFO - [2022-09-02T11:59:12.753+0000] {dag.py:2981} INFO - Setting next_dagrun for latest_only_with_trigger to 2022-09-02T07:59:12.753743+00:00, run_after=2022-09-02T11:59:12.753743+00:00
[2022-09-02T11:59:12.762+0000] {processor.py:161} INFO - Processing /home/airflow/.local/lib/python3.7/site-packages/airflow/example_dags/example_latest_only_with_trigger.py took 0.054 seconds
[2022-09-02T11:59:43.513+0000] {processor.py:153} INFO - Started process (PID=4919) to work on /home/airflow/.local/lib/python3.7/site-packages/airflow/example_dags/example_latest_only_with_trigger.py
[2022-09-02T11:59:43.522+0000] {processor.py:640} INFO - Processing file /home/airflow/.local/lib/python3.7/site-packages/airflow/example_dags/example_latest_only_with_trigger.py for tasks to queue
[2022-09-02T11:59:43.523+0000] {logging_mixin.py:115} INFO - [2022-09-02T11:59:43.523+0000] {dagbag.py:508} INFO - Filling up the DagBag from /home/airflow/.local/lib/python3.7/site-packages/airflow/example_dags/example_latest_only_with_trigger.py
[2022-09-02T11:59:43.527+0000] {processor.py:650} INFO - DAG(s) dict_keys(['latest_only_with_trigger']) retrieved from /home/airflow/.local/lib/python3.7/site-packages/airflow/example_dags/example_latest_only_with_trigger.py
[2022-09-02T11:59:43.544+0000] {logging_mixin.py:115} INFO - [2022-09-02T11:59:43.544+0000] {dag.py:2429} INFO - Sync 1 DAGs
[2022-09-02T11:59:43.559+0000] {logging_mixin.py:115} INFO - [2022-09-02T11:59:43.559+0000] {dag.py:2981} INFO - Setting next_dagrun for latest_only_with_trigger to 2022-09-02T07:59:43.559101+00:00, run_after=2022-09-02T11:59:43.559101+00:00
[2022-09-02T11:59:43.566+0000] {processor.py:161} INFO - Processing /home/airflow/.local/lib/python3.7/site-packages/airflow/example_dags/example_latest_only_with_trigger.py took 0.056 seconds
[2022-09-02T12:00:14.418+0000] {processor.py:153} INFO - Started process (PID=5116) to work on /home/airflow/.local/lib/python3.7/site-packages/airflow/example_dags/example_latest_only_with_trigger.py
[2022-09-02T12:00:14.419+0000] {processor.py:640} INFO - Processing file /home/airflow/.local/lib/python3.7/site-packages/airflow/example_dags/example_latest_only_with_trigger.py for tasks to queue
[2022-09-02T12:00:14.422+0000] {logging_mixin.py:115} INFO - [2022-09-02T12:00:14.422+0000] {dagbag.py:508} INFO - Filling up the DagBag from /home/airflow/.local/lib/python3.7/site-packages/airflow/example_dags/example_latest_only_with_trigger.py
[2022-09-02T12:00:14.426+0000] {processor.py:650} INFO - DAG(s) dict_keys(['latest_only_with_trigger']) retrieved from /home/airflow/.local/lib/python3.7/site-packages/airflow/example_dags/example_latest_only_with_trigger.py
[2022-09-02T12:00:14.443+0000] {logging_mixin.py:115} INFO - [2022-09-02T12:00:14.443+0000] {dag.py:2429} INFO - Sync 1 DAGs
[2022-09-02T12:00:14.459+0000] {logging_mixin.py:115} INFO - [2022-09-02T12:00:14.459+0000] {dag.py:2981} INFO - Setting next_dagrun for latest_only_with_trigger to 2022-09-02T08:00:14.459135+00:00, run_after=2022-09-02T12:00:14.459135+00:00
[2022-09-02T12:00:14.466+0000] {processor.py:161} INFO - Processing /home/airflow/.local/lib/python3.7/site-packages/airflow/example_dags/example_latest_only_with_trigger.py took 0.051 seconds
[2022-09-02T12:00:45.247+0000] {processor.py:153} INFO - Started process (PID=5313) to work on /home/airflow/.local/lib/python3.7/site-packages/airflow/example_dags/example_latest_only_with_trigger.py
[2022-09-02T12:00:45.254+0000] {processor.py:640} INFO - Processing file /home/airflow/.local/lib/python3.7/site-packages/airflow/example_dags/example_latest_only_with_trigger.py for tasks to queue
[2022-09-02T12:00:45.257+0000] {logging_mixin.py:115} INFO - [2022-09-02T12:00:45.257+0000] {dagbag.py:508} INFO - Filling up the DagBag from /home/airflow/.local/lib/python3.7/site-packages/airflow/example_dags/example_latest_only_with_trigger.py
[2022-09-02T12:00:45.264+0000] {processor.py:650} INFO - DAG(s) dict_keys(['latest_only_with_trigger']) retrieved from /home/airflow/.local/lib/python3.7/site-packages/airflow/example_dags/example_latest_only_with_trigger.py
[2022-09-02T12:00:45.287+0000] {logging_mixin.py:115} INFO - [2022-09-02T12:00:45.287+0000] {dag.py:2429} INFO - Sync 1 DAGs
[2022-09-02T12:00:45.305+0000] {logging_mixin.py:115} INFO - [2022-09-02T12:00:45.305+0000] {dag.py:2981} INFO - Setting next_dagrun for latest_only_with_trigger to 2022-09-02T08:00:45.305447+00:00, run_after=2022-09-02T12:00:45.305447+00:00
[2022-09-02T12:00:45.313+0000] {processor.py:161} INFO - Processing /home/airflow/.local/lib/python3.7/site-packages/airflow/example_dags/example_latest_only_with_trigger.py took 0.068 seconds
[2022-09-02T12:01:15.860+0000] {processor.py:153} INFO - Started process (PID=5510) to work on /home/airflow/.local/lib/python3.7/site-packages/airflow/example_dags/example_latest_only_with_trigger.py
[2022-09-02T12:01:15.862+0000] {processor.py:640} INFO - Processing file /home/airflow/.local/lib/python3.7/site-packages/airflow/example_dags/example_latest_only_with_trigger.py for tasks to queue
[2022-09-02T12:01:15.863+0000] {logging_mixin.py:115} INFO - [2022-09-02T12:01:15.863+0000] {dagbag.py:508} INFO - Filling up the DagBag from /home/airflow/.local/lib/python3.7/site-packages/airflow/example_dags/example_latest_only_with_trigger.py
[2022-09-02T12:01:15.867+0000] {processor.py:650} INFO - DAG(s) dict_keys(['latest_only_with_trigger']) retrieved from /home/airflow/.local/lib/python3.7/site-packages/airflow/example_dags/example_latest_only_with_trigger.py
[2022-09-02T12:01:15.885+0000] {logging_mixin.py:115} INFO - [2022-09-02T12:01:15.885+0000] {dag.py:2429} INFO - Sync 1 DAGs
[2022-09-02T12:01:15.900+0000] {logging_mixin.py:115} INFO - [2022-09-02T12:01:15.900+0000] {dag.py:2981} INFO - Setting next_dagrun for latest_only_with_trigger to 2022-09-02T08:01:15.900063+00:00, run_after=2022-09-02T12:01:15.900063+00:00
[2022-09-02T12:01:15.907+0000] {processor.py:161} INFO - Processing /home/airflow/.local/lib/python3.7/site-packages/airflow/example_dags/example_latest_only_with_trigger.py took 0.049 seconds
[2022-09-02T12:01:46.663+0000] {processor.py:153} INFO - Started process (PID=5707) to work on /home/airflow/.local/lib/python3.7/site-packages/airflow/example_dags/example_latest_only_with_trigger.py
[2022-09-02T12:01:46.685+0000] {processor.py:640} INFO - Processing file /home/airflow/.local/lib/python3.7/site-packages/airflow/example_dags/example_latest_only_with_trigger.py for tasks to queue
[2022-09-02T12:01:46.687+0000] {logging_mixin.py:115} INFO - [2022-09-02T12:01:46.687+0000] {dagbag.py:508} INFO - Filling up the DagBag from /home/airflow/.local/lib/python3.7/site-packages/airflow/example_dags/example_latest_only_with_trigger.py
[2022-09-02T12:01:46.691+0000] {processor.py:650} INFO - DAG(s) dict_keys(['latest_only_with_trigger']) retrieved from /home/airflow/.local/lib/python3.7/site-packages/airflow/example_dags/example_latest_only_with_trigger.py
[2022-09-02T12:01:46.711+0000] {logging_mixin.py:115} INFO - [2022-09-02T12:01:46.710+0000] {dag.py:2429} INFO - Sync 1 DAGs
[2022-09-02T12:01:46.728+0000] {logging_mixin.py:115} INFO - [2022-09-02T12:01:46.728+0000] {dag.py:2981} INFO - Setting next_dagrun for latest_only_with_trigger to 2022-09-02T08:01:46.727904+00:00, run_after=2022-09-02T12:01:46.727904+00:00
[2022-09-02T12:01:46.737+0000] {processor.py:161} INFO - Processing /home/airflow/.local/lib/python3.7/site-packages/airflow/example_dags/example_latest_only_with_trigger.py took 0.077 seconds
[2022-09-02T12:02:17.470+0000] {processor.py:153} INFO - Started process (PID=5922) to work on /home/airflow/.local/lib/python3.7/site-packages/airflow/example_dags/example_latest_only_with_trigger.py
[2022-09-02T12:02:17.472+0000] {processor.py:640} INFO - Processing file /home/airflow/.local/lib/python3.7/site-packages/airflow/example_dags/example_latest_only_with_trigger.py for tasks to queue
[2022-09-02T12:02:17.474+0000] {logging_mixin.py:115} INFO - [2022-09-02T12:02:17.474+0000] {dagbag.py:508} INFO - Filling up the DagBag from /home/airflow/.local/lib/python3.7/site-packages/airflow/example_dags/example_latest_only_with_trigger.py
[2022-09-02T12:02:17.478+0000] {processor.py:650} INFO - DAG(s) dict_keys(['latest_only_with_trigger']) retrieved from /home/airflow/.local/lib/python3.7/site-packages/airflow/example_dags/example_latest_only_with_trigger.py
[2022-09-02T12:02:17.497+0000] {logging_mixin.py:115} INFO - [2022-09-02T12:02:17.496+0000] {dag.py:2429} INFO - Sync 1 DAGs
[2022-09-02T12:02:17.513+0000] {logging_mixin.py:115} INFO - [2022-09-02T12:02:17.513+0000] {dag.py:2981} INFO - Setting next_dagrun for latest_only_with_trigger to 2022-09-02T08:02:17.513635+00:00, run_after=2022-09-02T12:02:17.513635+00:00
[2022-09-02T12:02:17.523+0000] {processor.py:161} INFO - Processing /home/airflow/.local/lib/python3.7/site-packages/airflow/example_dags/example_latest_only_with_trigger.py took 0.055 seconds
[2022-09-02T12:02:48.398+0000] {processor.py:153} INFO - Started process (PID=6117) to work on /home/airflow/.local/lib/python3.7/site-packages/airflow/example_dags/example_latest_only_with_trigger.py
[2022-09-02T12:02:48.400+0000] {processor.py:640} INFO - Processing file /home/airflow/.local/lib/python3.7/site-packages/airflow/example_dags/example_latest_only_with_trigger.py for tasks to queue
[2022-09-02T12:02:48.401+0000] {logging_mixin.py:115} INFO - [2022-09-02T12:02:48.401+0000] {dagbag.py:508} INFO - Filling up the DagBag from /home/airflow/.local/lib/python3.7/site-packages/airflow/example_dags/example_latest_only_with_trigger.py
[2022-09-02T12:02:48.407+0000] {processor.py:650} INFO - DAG(s) dict_keys(['latest_only_with_trigger']) retrieved from /home/airflow/.local/lib/python3.7/site-packages/airflow/example_dags/example_latest_only_with_trigger.py
[2022-09-02T12:02:48.426+0000] {logging_mixin.py:115} INFO - [2022-09-02T12:02:48.426+0000] {dag.py:2429} INFO - Sync 1 DAGs
[2022-09-02T12:02:48.443+0000] {logging_mixin.py:115} INFO - [2022-09-02T12:02:48.443+0000] {dag.py:2981} INFO - Setting next_dagrun for latest_only_with_trigger to 2022-09-02T08:02:48.443636+00:00, run_after=2022-09-02T12:02:48.443636+00:00
[2022-09-02T12:02:48.454+0000] {processor.py:161} INFO - Processing /home/airflow/.local/lib/python3.7/site-packages/airflow/example_dags/example_latest_only_with_trigger.py took 0.058 seconds
[2022-09-02T12:03:19.185+0000] {processor.py:153} INFO - Started process (PID=6307) to work on /home/airflow/.local/lib/python3.7/site-packages/airflow/example_dags/example_latest_only_with_trigger.py
[2022-09-02T12:03:19.187+0000] {processor.py:640} INFO - Processing file /home/airflow/.local/lib/python3.7/site-packages/airflow/example_dags/example_latest_only_with_trigger.py for tasks to queue
[2022-09-02T12:03:19.188+0000] {logging_mixin.py:115} INFO - [2022-09-02T12:03:19.188+0000] {dagbag.py:508} INFO - Filling up the DagBag from /home/airflow/.local/lib/python3.7/site-packages/airflow/example_dags/example_latest_only_with_trigger.py
[2022-09-02T12:03:19.192+0000] {processor.py:650} INFO - DAG(s) dict_keys(['latest_only_with_trigger']) retrieved from /home/airflow/.local/lib/python3.7/site-packages/airflow/example_dags/example_latest_only_with_trigger.py
[2022-09-02T12:03:19.208+0000] {logging_mixin.py:115} INFO - [2022-09-02T12:03:19.208+0000] {dag.py:2429} INFO - Sync 1 DAGs
[2022-09-02T12:03:19.223+0000] {logging_mixin.py:115} INFO - [2022-09-02T12:03:19.223+0000] {dag.py:2981} INFO - Setting next_dagrun for latest_only_with_trigger to 2022-09-02T08:03:19.223618+00:00, run_after=2022-09-02T12:03:19.223618+00:00
[2022-09-02T12:03:19.232+0000] {processor.py:161} INFO - Processing /home/airflow/.local/lib/python3.7/site-packages/airflow/example_dags/example_latest_only_with_trigger.py took 0.049 seconds
[2022-09-02T12:03:49.979+0000] {processor.py:153} INFO - Started process (PID=6503) to work on /home/airflow/.local/lib/python3.7/site-packages/airflow/example_dags/example_latest_only_with_trigger.py
[2022-09-02T12:03:49.981+0000] {processor.py:640} INFO - Processing file /home/airflow/.local/lib/python3.7/site-packages/airflow/example_dags/example_latest_only_with_trigger.py for tasks to queue
[2022-09-02T12:03:49.982+0000] {logging_mixin.py:115} INFO - [2022-09-02T12:03:49.982+0000] {dagbag.py:508} INFO - Filling up the DagBag from /home/airflow/.local/lib/python3.7/site-packages/airflow/example_dags/example_latest_only_with_trigger.py
[2022-09-02T12:03:49.986+0000] {processor.py:650} INFO - DAG(s) dict_keys(['latest_only_with_trigger']) retrieved from /home/airflow/.local/lib/python3.7/site-packages/airflow/example_dags/example_latest_only_with_trigger.py
[2022-09-02T12:03:50.003+0000] {logging_mixin.py:115} INFO - [2022-09-02T12:03:50.003+0000] {dag.py:2429} INFO - Sync 1 DAGs
[2022-09-02T12:03:50.018+0000] {logging_mixin.py:115} INFO - [2022-09-02T12:03:50.018+0000] {dag.py:2981} INFO - Setting next_dagrun for latest_only_with_trigger to 2022-09-02T08:03:50.017868+00:00, run_after=2022-09-02T12:03:50.017868+00:00
[2022-09-02T12:03:50.026+0000] {processor.py:161} INFO - Processing /home/airflow/.local/lib/python3.7/site-packages/airflow/example_dags/example_latest_only_with_trigger.py took 0.049 seconds
[2022-09-02T12:04:20.675+0000] {processor.py:153} INFO - Started process (PID=6701) to work on /home/airflow/.local/lib/python3.7/site-packages/airflow/example_dags/example_latest_only_with_trigger.py
[2022-09-02T12:04:20.677+0000] {processor.py:640} INFO - Processing file /home/airflow/.local/lib/python3.7/site-packages/airflow/example_dags/example_latest_only_with_trigger.py for tasks to queue
[2022-09-02T12:04:20.679+0000] {logging_mixin.py:115} INFO - [2022-09-02T12:04:20.679+0000] {dagbag.py:508} INFO - Filling up the DagBag from /home/airflow/.local/lib/python3.7/site-packages/airflow/example_dags/example_latest_only_with_trigger.py
[2022-09-02T12:04:20.683+0000] {processor.py:650} INFO - DAG(s) dict_keys(['latest_only_with_trigger']) retrieved from /home/airflow/.local/lib/python3.7/site-packages/airflow/example_dags/example_latest_only_with_trigger.py
[2022-09-02T12:04:20.702+0000] {logging_mixin.py:115} INFO - [2022-09-02T12:04:20.702+0000] {dag.py:2429} INFO - Sync 1 DAGs
[2022-09-02T12:04:20.718+0000] {logging_mixin.py:115} INFO - [2022-09-02T12:04:20.718+0000] {dag.py:2981} INFO - Setting next_dagrun for latest_only_with_trigger to 2022-09-02T08:04:20.718298+00:00, run_after=2022-09-02T12:04:20.718298+00:00
[2022-09-02T12:04:20.729+0000] {processor.py:161} INFO - Processing /home/airflow/.local/lib/python3.7/site-packages/airflow/example_dags/example_latest_only_with_trigger.py took 0.057 seconds
[2022-09-02T12:04:51.516+0000] {processor.py:153} INFO - Started process (PID=6898) to work on /home/airflow/.local/lib/python3.7/site-packages/airflow/example_dags/example_latest_only_with_trigger.py
[2022-09-02T12:04:51.518+0000] {processor.py:640} INFO - Processing file /home/airflow/.local/lib/python3.7/site-packages/airflow/example_dags/example_latest_only_with_trigger.py for tasks to queue
[2022-09-02T12:04:51.519+0000] {logging_mixin.py:115} INFO - [2022-09-02T12:04:51.519+0000] {dagbag.py:508} INFO - Filling up the DagBag from /home/airflow/.local/lib/python3.7/site-packages/airflow/example_dags/example_latest_only_with_trigger.py
[2022-09-02T12:04:51.524+0000] {processor.py:650} INFO - DAG(s) dict_keys(['latest_only_with_trigger']) retrieved from /home/airflow/.local/lib/python3.7/site-packages/airflow/example_dags/example_latest_only_with_trigger.py
[2022-09-02T12:04:51.543+0000] {logging_mixin.py:115} INFO - [2022-09-02T12:04:51.543+0000] {dag.py:2429} INFO - Sync 1 DAGs
[2022-09-02T12:04:51.559+0000] {logging_mixin.py:115} INFO - [2022-09-02T12:04:51.559+0000] {dag.py:2981} INFO - Setting next_dagrun for latest_only_with_trigger to 2022-09-02T08:04:51.558934+00:00, run_after=2022-09-02T12:04:51.558934+00:00
[2022-09-02T12:04:51.567+0000] {processor.py:161} INFO - Processing /home/airflow/.local/lib/python3.7/site-packages/airflow/example_dags/example_latest_only_with_trigger.py took 0.053 seconds
[2022-09-02T12:05:22.380+0000] {processor.py:153} INFO - Started process (PID=7096) to work on /home/airflow/.local/lib/python3.7/site-packages/airflow/example_dags/example_latest_only_with_trigger.py
[2022-09-02T12:05:22.382+0000] {processor.py:640} INFO - Processing file /home/airflow/.local/lib/python3.7/site-packages/airflow/example_dags/example_latest_only_with_trigger.py for tasks to queue
[2022-09-02T12:05:22.383+0000] {logging_mixin.py:115} INFO - [2022-09-02T12:05:22.383+0000] {dagbag.py:508} INFO - Filling up the DagBag from /home/airflow/.local/lib/python3.7/site-packages/airflow/example_dags/example_latest_only_with_trigger.py
[2022-09-02T12:05:22.388+0000] {processor.py:650} INFO - DAG(s) dict_keys(['latest_only_with_trigger']) retrieved from /home/airflow/.local/lib/python3.7/site-packages/airflow/example_dags/example_latest_only_with_trigger.py
[2022-09-02T12:05:22.406+0000] {logging_mixin.py:115} INFO - [2022-09-02T12:05:22.406+0000] {dag.py:2429} INFO - Sync 1 DAGs
[2022-09-02T12:05:22.422+0000] {logging_mixin.py:115} INFO - [2022-09-02T12:05:22.422+0000] {dag.py:2981} INFO - Setting next_dagrun for latest_only_with_trigger to 2022-09-02T08:05:22.422534+00:00, run_after=2022-09-02T12:05:22.422534+00:00
[2022-09-02T12:05:22.431+0000] {processor.py:161} INFO - Processing /home/airflow/.local/lib/python3.7/site-packages/airflow/example_dags/example_latest_only_with_trigger.py took 0.053 seconds
[2022-09-02T12:05:53.079+0000] {processor.py:153} INFO - Started process (PID=7293) to work on /home/airflow/.local/lib/python3.7/site-packages/airflow/example_dags/example_latest_only_with_trigger.py
[2022-09-02T12:05:53.080+0000] {processor.py:640} INFO - Processing file /home/airflow/.local/lib/python3.7/site-packages/airflow/example_dags/example_latest_only_with_trigger.py for tasks to queue
[2022-09-02T12:05:53.082+0000] {logging_mixin.py:115} INFO - [2022-09-02T12:05:53.082+0000] {dagbag.py:508} INFO - Filling up the DagBag from /home/airflow/.local/lib/python3.7/site-packages/airflow/example_dags/example_latest_only_with_trigger.py
[2022-09-02T12:05:53.086+0000] {processor.py:650} INFO - DAG(s) dict_keys(['latest_only_with_trigger']) retrieved from /home/airflow/.local/lib/python3.7/site-packages/airflow/example_dags/example_latest_only_with_trigger.py
[2022-09-02T12:05:53.106+0000] {logging_mixin.py:115} INFO - [2022-09-02T12:05:53.106+0000] {dag.py:2429} INFO - Sync 1 DAGs
[2022-09-02T12:05:53.124+0000] {logging_mixin.py:115} INFO - [2022-09-02T12:05:53.124+0000] {dag.py:2981} INFO - Setting next_dagrun for latest_only_with_trigger to 2022-09-02T08:05:53.123879+00:00, run_after=2022-09-02T12:05:53.123879+00:00
[2022-09-02T12:05:53.133+0000] {processor.py:161} INFO - Processing /home/airflow/.local/lib/python3.7/site-packages/airflow/example_dags/example_latest_only_with_trigger.py took 0.056 seconds
[2022-09-02T12:06:23.980+0000] {processor.py:153} INFO - Started process (PID=7482) to work on /home/airflow/.local/lib/python3.7/site-packages/airflow/example_dags/example_latest_only_with_trigger.py
[2022-09-02T12:06:23.982+0000] {processor.py:640} INFO - Processing file /home/airflow/.local/lib/python3.7/site-packages/airflow/example_dags/example_latest_only_with_trigger.py for tasks to queue
[2022-09-02T12:06:23.983+0000] {logging_mixin.py:115} INFO - [2022-09-02T12:06:23.983+0000] {dagbag.py:508} INFO - Filling up the DagBag from /home/airflow/.local/lib/python3.7/site-packages/airflow/example_dags/example_latest_only_with_trigger.py
[2022-09-02T12:06:23.987+0000] {processor.py:650} INFO - DAG(s) dict_keys(['latest_only_with_trigger']) retrieved from /home/airflow/.local/lib/python3.7/site-packages/airflow/example_dags/example_latest_only_with_trigger.py
[2022-09-02T12:06:24.004+0000] {logging_mixin.py:115} INFO - [2022-09-02T12:06:24.004+0000] {dag.py:2429} INFO - Sync 1 DAGs
[2022-09-02T12:06:24.020+0000] {logging_mixin.py:115} INFO - [2022-09-02T12:06:24.020+0000] {dag.py:2981} INFO - Setting next_dagrun for latest_only_with_trigger to 2022-09-02T08:06:24.020296+00:00, run_after=2022-09-02T12:06:24.020296+00:00
[2022-09-02T12:06:24.029+0000] {processor.py:161} INFO - Processing /home/airflow/.local/lib/python3.7/site-packages/airflow/example_dags/example_latest_only_with_trigger.py took 0.051 seconds
[2022-09-02T12:06:54.750+0000] {processor.py:153} INFO - Started process (PID=7678) to work on /home/airflow/.local/lib/python3.7/site-packages/airflow/example_dags/example_latest_only_with_trigger.py
[2022-09-02T12:06:54.751+0000] {processor.py:640} INFO - Processing file /home/airflow/.local/lib/python3.7/site-packages/airflow/example_dags/example_latest_only_with_trigger.py for tasks to queue
[2022-09-02T12:06:54.753+0000] {logging_mixin.py:115} INFO - [2022-09-02T12:06:54.753+0000] {dagbag.py:508} INFO - Filling up the DagBag from /home/airflow/.local/lib/python3.7/site-packages/airflow/example_dags/example_latest_only_with_trigger.py
[2022-09-02T12:06:54.758+0000] {processor.py:650} INFO - DAG(s) dict_keys(['latest_only_with_trigger']) retrieved from /home/airflow/.local/lib/python3.7/site-packages/airflow/example_dags/example_latest_only_with_trigger.py
[2022-09-02T12:06:54.777+0000] {logging_mixin.py:115} INFO - [2022-09-02T12:06:54.777+0000] {dag.py:2429} INFO - Sync 1 DAGs
[2022-09-02T12:06:54.793+0000] {logging_mixin.py:115} INFO - [2022-09-02T12:06:54.793+0000] {dag.py:2981} INFO - Setting next_dagrun for latest_only_with_trigger to 2022-09-02T08:06:54.793758+00:00, run_after=2022-09-02T12:06:54.793758+00:00
[2022-09-02T12:06:54.801+0000] {processor.py:161} INFO - Processing /home/airflow/.local/lib/python3.7/site-packages/airflow/example_dags/example_latest_only_with_trigger.py took 0.054 seconds
[2022-09-02T12:07:25.675+0000] {processor.py:153} INFO - Started process (PID=7875) to work on /home/airflow/.local/lib/python3.7/site-packages/airflow/example_dags/example_latest_only_with_trigger.py
[2022-09-02T12:07:25.677+0000] {processor.py:640} INFO - Processing file /home/airflow/.local/lib/python3.7/site-packages/airflow/example_dags/example_latest_only_with_trigger.py for tasks to queue
[2022-09-02T12:07:25.678+0000] {logging_mixin.py:115} INFO - [2022-09-02T12:07:25.678+0000] {dagbag.py:508} INFO - Filling up the DagBag from /home/airflow/.local/lib/python3.7/site-packages/airflow/example_dags/example_latest_only_with_trigger.py
[2022-09-02T12:07:25.683+0000] {processor.py:650} INFO - DAG(s) dict_keys(['latest_only_with_trigger']) retrieved from /home/airflow/.local/lib/python3.7/site-packages/airflow/example_dags/example_latest_only_with_trigger.py
[2022-09-02T12:07:25.706+0000] {logging_mixin.py:115} INFO - [2022-09-02T12:07:25.706+0000] {dag.py:2429} INFO - Sync 1 DAGs
[2022-09-02T12:07:25.722+0000] {logging_mixin.py:115} INFO - [2022-09-02T12:07:25.722+0000] {dag.py:2981} INFO - Setting next_dagrun for latest_only_with_trigger to 2022-09-02T08:07:25.722452+00:00, run_after=2022-09-02T12:07:25.722452+00:00
[2022-09-02T12:07:25.732+0000] {processor.py:161} INFO - Processing /home/airflow/.local/lib/python3.7/site-packages/airflow/example_dags/example_latest_only_with_trigger.py took 0.060 seconds
[2022-09-02T12:07:56.695+0000] {processor.py:153} INFO - Started process (PID=8072) to work on /home/airflow/.local/lib/python3.7/site-packages/airflow/example_dags/example_latest_only_with_trigger.py
[2022-09-02T12:07:56.697+0000] {processor.py:640} INFO - Processing file /home/airflow/.local/lib/python3.7/site-packages/airflow/example_dags/example_latest_only_with_trigger.py for tasks to queue
[2022-09-02T12:07:56.702+0000] {logging_mixin.py:115} INFO - [2022-09-02T12:07:56.702+0000] {dagbag.py:508} INFO - Filling up the DagBag from /home/airflow/.local/lib/python3.7/site-packages/airflow/example_dags/example_latest_only_with_trigger.py
[2022-09-02T12:07:56.707+0000] {processor.py:650} INFO - DAG(s) dict_keys(['latest_only_with_trigger']) retrieved from /home/airflow/.local/lib/python3.7/site-packages/airflow/example_dags/example_latest_only_with_trigger.py
[2022-09-02T12:07:56.727+0000] {logging_mixin.py:115} INFO - [2022-09-02T12:07:56.726+0000] {dag.py:2429} INFO - Sync 1 DAGs
[2022-09-02T12:07:56.742+0000] {logging_mixin.py:115} INFO - [2022-09-02T12:07:56.742+0000] {dag.py:2981} INFO - Setting next_dagrun for latest_only_with_trigger to 2022-09-02T08:07:56.742586+00:00, run_after=2022-09-02T12:07:56.742586+00:00
[2022-09-02T12:07:56.751+0000] {processor.py:161} INFO - Processing /home/airflow/.local/lib/python3.7/site-packages/airflow/example_dags/example_latest_only_with_trigger.py took 0.058 seconds
