[2022-09-02T11:47:25.530+0000] {processor.py:153} INFO - Started process (PID=285) to work on /home/airflow/.local/lib/python3.7/site-packages/airflow/example_dags/example_task_group_decorator.py
[2022-09-02T11:47:25.532+0000] {processor.py:640} INFO - Processing file /home/airflow/.local/lib/python3.7/site-packages/airflow/example_dags/example_task_group_decorator.py for tasks to queue
[2022-09-02T11:47:25.533+0000] {logging_mixin.py:115} INFO - [2022-09-02T11:47:25.533+0000] {dagbag.py:508} INFO - Filling up the DagBag from /home/airflow/.local/lib/python3.7/site-packages/airflow/example_dags/example_task_group_decorator.py
[2022-09-02T11:47:25.549+0000] {processor.py:650} INFO - DAG(s) dict_keys(['example_task_group_decorator']) retrieved from /home/airflow/.local/lib/python3.7/site-packages/airflow/example_dags/example_task_group_decorator.py
[2022-09-02T11:47:25.605+0000] {logging_mixin.py:115} INFO - [2022-09-02T11:47:25.605+0000] {manager.py:508} INFO - Created Permission View: can edit on DAG:example_task_group_decorator
[2022-09-02T11:47:25.615+0000] {logging_mixin.py:115} INFO - [2022-09-02T11:47:25.615+0000] {manager.py:508} INFO - Created Permission View: can delete on DAG:example_task_group_decorator
[2022-09-02T11:47:25.621+0000] {logging_mixin.py:115} INFO - [2022-09-02T11:47:25.621+0000] {manager.py:508} INFO - Created Permission View: can read on DAG:example_task_group_decorator
[2022-09-02T11:47:25.622+0000] {logging_mixin.py:115} INFO - [2022-09-02T11:47:25.622+0000] {dag.py:2429} INFO - Sync 1 DAGs
[2022-09-02T11:47:25.628+0000] {logging_mixin.py:115} INFO - [2022-09-02T11:47:25.628+0000] {dag.py:2448} INFO - Creating ORM DAG for example_task_group_decorator
[2022-09-02T11:47:25.638+0000] {logging_mixin.py:115} INFO - [2022-09-02T11:47:25.638+0000] {dag.py:2981} INFO - Setting next_dagrun for example_task_group_decorator to 2022-09-01T11:47:25.638322+00:00, run_after=2022-09-02T11:47:25.638322+00:00
[2022-09-02T11:47:25.649+0000] {processor.py:161} INFO - Processing /home/airflow/.local/lib/python3.7/site-packages/airflow/example_dags/example_task_group_decorator.py took 0.121 seconds
[2022-09-02T11:47:55.746+0000] {processor.py:153} INFO - Started process (PID=484) to work on /home/airflow/.local/lib/python3.7/site-packages/airflow/example_dags/example_task_group_decorator.py
[2022-09-02T11:47:55.749+0000] {processor.py:640} INFO - Processing file /home/airflow/.local/lib/python3.7/site-packages/airflow/example_dags/example_task_group_decorator.py for tasks to queue
[2022-09-02T11:47:55.750+0000] {logging_mixin.py:115} INFO - [2022-09-02T11:47:55.750+0000] {dagbag.py:508} INFO - Filling up the DagBag from /home/airflow/.local/lib/python3.7/site-packages/airflow/example_dags/example_task_group_decorator.py
[2022-09-02T11:47:55.764+0000] {processor.py:650} INFO - DAG(s) dict_keys(['example_task_group_decorator']) retrieved from /home/airflow/.local/lib/python3.7/site-packages/airflow/example_dags/example_task_group_decorator.py
[2022-09-02T11:47:55.809+0000] {logging_mixin.py:115} INFO - [2022-09-02T11:47:55.809+0000] {dag.py:2429} INFO - Sync 1 DAGs
[2022-09-02T11:47:55.824+0000] {logging_mixin.py:115} INFO - [2022-09-02T11:47:55.824+0000] {dag.py:2981} INFO - Setting next_dagrun for example_task_group_decorator to 2022-09-01T11:47:55.824549+00:00, run_after=2022-09-02T11:47:55.824549+00:00
[2022-09-02T11:47:55.838+0000] {processor.py:161} INFO - Processing /home/airflow/.local/lib/python3.7/site-packages/airflow/example_dags/example_task_group_decorator.py took 0.094 seconds
[2022-09-02T11:48:26.089+0000] {processor.py:153} INFO - Started process (PID=687) to work on /home/airflow/.local/lib/python3.7/site-packages/airflow/example_dags/example_task_group_decorator.py
[2022-09-02T11:48:26.091+0000] {processor.py:640} INFO - Processing file /home/airflow/.local/lib/python3.7/site-packages/airflow/example_dags/example_task_group_decorator.py for tasks to queue
[2022-09-02T11:48:26.093+0000] {logging_mixin.py:115} INFO - [2022-09-02T11:48:26.093+0000] {dagbag.py:508} INFO - Filling up the DagBag from /home/airflow/.local/lib/python3.7/site-packages/airflow/example_dags/example_task_group_decorator.py
[2022-09-02T11:48:26.108+0000] {processor.py:650} INFO - DAG(s) dict_keys(['example_task_group_decorator']) retrieved from /home/airflow/.local/lib/python3.7/site-packages/airflow/example_dags/example_task_group_decorator.py
[2022-09-02T11:48:26.150+0000] {logging_mixin.py:115} INFO - [2022-09-02T11:48:26.150+0000] {dag.py:2429} INFO - Sync 1 DAGs
[2022-09-02T11:48:26.167+0000] {logging_mixin.py:115} INFO - [2022-09-02T11:48:26.166+0000] {dag.py:2981} INFO - Setting next_dagrun for example_task_group_decorator to 2022-09-01T11:48:26.166618+00:00, run_after=2022-09-02T11:48:26.166618+00:00
[2022-09-02T11:48:26.178+0000] {processor.py:161} INFO - Processing /home/airflow/.local/lib/python3.7/site-packages/airflow/example_dags/example_task_group_decorator.py took 0.091 seconds
[2022-09-02T11:48:56.999+0000] {processor.py:153} INFO - Started process (PID=886) to work on /home/airflow/.local/lib/python3.7/site-packages/airflow/example_dags/example_task_group_decorator.py
[2022-09-02T11:48:57.000+0000] {processor.py:640} INFO - Processing file /home/airflow/.local/lib/python3.7/site-packages/airflow/example_dags/example_task_group_decorator.py for tasks to queue
[2022-09-02T11:48:57.002+0000] {logging_mixin.py:115} INFO - [2022-09-02T11:48:57.002+0000] {dagbag.py:508} INFO - Filling up the DagBag from /home/airflow/.local/lib/python3.7/site-packages/airflow/example_dags/example_task_group_decorator.py
[2022-09-02T11:48:57.018+0000] {processor.py:650} INFO - DAG(s) dict_keys(['example_task_group_decorator']) retrieved from /home/airflow/.local/lib/python3.7/site-packages/airflow/example_dags/example_task_group_decorator.py
[2022-09-02T11:48:57.061+0000] {logging_mixin.py:115} INFO - [2022-09-02T11:48:57.061+0000] {dag.py:2429} INFO - Sync 1 DAGs
[2022-09-02T11:48:57.073+0000] {logging_mixin.py:115} INFO - [2022-09-02T11:48:57.073+0000] {dag.py:2981} INFO - Setting next_dagrun for example_task_group_decorator to 2022-09-01T11:48:57.072787+00:00, run_after=2022-09-02T11:48:57.072787+00:00
[2022-09-02T11:48:57.083+0000] {processor.py:161} INFO - Processing /home/airflow/.local/lib/python3.7/site-packages/airflow/example_dags/example_task_group_decorator.py took 0.086 seconds
[2022-09-02T11:49:27.803+0000] {processor.py:153} INFO - Started process (PID=1078) to work on /home/airflow/.local/lib/python3.7/site-packages/airflow/example_dags/example_task_group_decorator.py
[2022-09-02T11:49:27.804+0000] {processor.py:640} INFO - Processing file /home/airflow/.local/lib/python3.7/site-packages/airflow/example_dags/example_task_group_decorator.py for tasks to queue
[2022-09-02T11:49:27.806+0000] {logging_mixin.py:115} INFO - [2022-09-02T11:49:27.806+0000] {dagbag.py:508} INFO - Filling up the DagBag from /home/airflow/.local/lib/python3.7/site-packages/airflow/example_dags/example_task_group_decorator.py
[2022-09-02T11:49:27.825+0000] {processor.py:650} INFO - DAG(s) dict_keys(['example_task_group_decorator']) retrieved from /home/airflow/.local/lib/python3.7/site-packages/airflow/example_dags/example_task_group_decorator.py
[2022-09-02T11:49:27.874+0000] {logging_mixin.py:115} INFO - [2022-09-02T11:49:27.874+0000] {dag.py:2429} INFO - Sync 1 DAGs
[2022-09-02T11:49:27.895+0000] {logging_mixin.py:115} INFO - [2022-09-02T11:49:27.895+0000] {dag.py:2981} INFO - Setting next_dagrun for example_task_group_decorator to 2022-09-01T11:49:27.894752+00:00, run_after=2022-09-02T11:49:27.894752+00:00
[2022-09-02T11:49:27.908+0000] {processor.py:161} INFO - Processing /home/airflow/.local/lib/python3.7/site-packages/airflow/example_dags/example_task_group_decorator.py took 0.108 seconds
[2022-09-02T11:49:58.670+0000] {processor.py:153} INFO - Started process (PID=1266) to work on /home/airflow/.local/lib/python3.7/site-packages/airflow/example_dags/example_task_group_decorator.py
[2022-09-02T11:49:58.672+0000] {processor.py:640} INFO - Processing file /home/airflow/.local/lib/python3.7/site-packages/airflow/example_dags/example_task_group_decorator.py for tasks to queue
[2022-09-02T11:49:58.674+0000] {logging_mixin.py:115} INFO - [2022-09-02T11:49:58.673+0000] {dagbag.py:508} INFO - Filling up the DagBag from /home/airflow/.local/lib/python3.7/site-packages/airflow/example_dags/example_task_group_decorator.py
[2022-09-02T11:49:58.689+0000] {processor.py:650} INFO - DAG(s) dict_keys(['example_task_group_decorator']) retrieved from /home/airflow/.local/lib/python3.7/site-packages/airflow/example_dags/example_task_group_decorator.py
[2022-09-02T11:49:58.731+0000] {logging_mixin.py:115} INFO - [2022-09-02T11:49:58.731+0000] {dag.py:2429} INFO - Sync 1 DAGs
[2022-09-02T11:49:58.742+0000] {logging_mixin.py:115} INFO - [2022-09-02T11:49:58.742+0000] {dag.py:2981} INFO - Setting next_dagrun for example_task_group_decorator to 2022-09-01T11:49:58.742631+00:00, run_after=2022-09-02T11:49:58.742631+00:00
[2022-09-02T11:49:58.753+0000] {processor.py:161} INFO - Processing /home/airflow/.local/lib/python3.7/site-packages/airflow/example_dags/example_task_group_decorator.py took 0.086 seconds
[2022-09-02T11:50:29.446+0000] {processor.py:153} INFO - Started process (PID=1458) to work on /home/airflow/.local/lib/python3.7/site-packages/airflow/example_dags/example_task_group_decorator.py
[2022-09-02T11:50:29.447+0000] {processor.py:640} INFO - Processing file /home/airflow/.local/lib/python3.7/site-packages/airflow/example_dags/example_task_group_decorator.py for tasks to queue
[2022-09-02T11:50:29.448+0000] {logging_mixin.py:115} INFO - [2022-09-02T11:50:29.448+0000] {dagbag.py:508} INFO - Filling up the DagBag from /home/airflow/.local/lib/python3.7/site-packages/airflow/example_dags/example_task_group_decorator.py
[2022-09-02T11:50:29.463+0000] {processor.py:650} INFO - DAG(s) dict_keys(['example_task_group_decorator']) retrieved from /home/airflow/.local/lib/python3.7/site-packages/airflow/example_dags/example_task_group_decorator.py
[2022-09-02T11:50:29.505+0000] {logging_mixin.py:115} INFO - [2022-09-02T11:50:29.505+0000] {dag.py:2429} INFO - Sync 1 DAGs
[2022-09-02T11:50:29.518+0000] {logging_mixin.py:115} INFO - [2022-09-02T11:50:29.517+0000] {dag.py:2981} INFO - Setting next_dagrun for example_task_group_decorator to 2022-09-01T11:50:29.517686+00:00, run_after=2022-09-02T11:50:29.517686+00:00
[2022-09-02T11:50:29.526+0000] {processor.py:161} INFO - Processing /home/airflow/.local/lib/python3.7/site-packages/airflow/example_dags/example_task_group_decorator.py took 0.082 seconds
[2022-09-02T11:51:00.147+0000] {processor.py:153} INFO - Started process (PID=1657) to work on /home/airflow/.local/lib/python3.7/site-packages/airflow/example_dags/example_task_group_decorator.py
[2022-09-02T11:51:00.148+0000] {processor.py:640} INFO - Processing file /home/airflow/.local/lib/python3.7/site-packages/airflow/example_dags/example_task_group_decorator.py for tasks to queue
[2022-09-02T11:51:00.149+0000] {logging_mixin.py:115} INFO - [2022-09-02T11:51:00.149+0000] {dagbag.py:508} INFO - Filling up the DagBag from /home/airflow/.local/lib/python3.7/site-packages/airflow/example_dags/example_task_group_decorator.py
[2022-09-02T11:51:00.164+0000] {processor.py:650} INFO - DAG(s) dict_keys(['example_task_group_decorator']) retrieved from /home/airflow/.local/lib/python3.7/site-packages/airflow/example_dags/example_task_group_decorator.py
[2022-09-02T11:51:00.205+0000] {logging_mixin.py:115} INFO - [2022-09-02T11:51:00.205+0000] {dag.py:2429} INFO - Sync 1 DAGs
[2022-09-02T11:51:00.216+0000] {logging_mixin.py:115} INFO - [2022-09-02T11:51:00.216+0000] {dag.py:2981} INFO - Setting next_dagrun for example_task_group_decorator to 2022-09-01T11:51:00.216386+00:00, run_after=2022-09-02T11:51:00.216386+00:00
[2022-09-02T11:51:00.226+0000] {processor.py:161} INFO - Processing /home/airflow/.local/lib/python3.7/site-packages/airflow/example_dags/example_task_group_decorator.py took 0.081 seconds
[2022-09-02T11:51:30.950+0000] {processor.py:153} INFO - Started process (PID=1855) to work on /home/airflow/.local/lib/python3.7/site-packages/airflow/example_dags/example_task_group_decorator.py
[2022-09-02T11:51:30.952+0000] {processor.py:640} INFO - Processing file /home/airflow/.local/lib/python3.7/site-packages/airflow/example_dags/example_task_group_decorator.py for tasks to queue
[2022-09-02T11:51:30.954+0000] {logging_mixin.py:115} INFO - [2022-09-02T11:51:30.954+0000] {dagbag.py:508} INFO - Filling up the DagBag from /home/airflow/.local/lib/python3.7/site-packages/airflow/example_dags/example_task_group_decorator.py
[2022-09-02T11:51:30.970+0000] {processor.py:650} INFO - DAG(s) dict_keys(['example_task_group_decorator']) retrieved from /home/airflow/.local/lib/python3.7/site-packages/airflow/example_dags/example_task_group_decorator.py
[2022-09-02T11:51:31.018+0000] {logging_mixin.py:115} INFO - [2022-09-02T11:51:31.018+0000] {dag.py:2429} INFO - Sync 1 DAGs
[2022-09-02T11:51:31.031+0000] {logging_mixin.py:115} INFO - [2022-09-02T11:51:31.031+0000] {dag.py:2981} INFO - Setting next_dagrun for example_task_group_decorator to 2022-09-01T11:51:31.030867+00:00, run_after=2022-09-02T11:51:31.030867+00:00
[2022-09-02T11:51:31.040+0000] {processor.py:161} INFO - Processing /home/airflow/.local/lib/python3.7/site-packages/airflow/example_dags/example_task_group_decorator.py took 0.093 seconds
[2022-09-02T11:52:01.850+0000] {processor.py:153} INFO - Started process (PID=2052) to work on /home/airflow/.local/lib/python3.7/site-packages/airflow/example_dags/example_task_group_decorator.py
[2022-09-02T11:52:01.852+0000] {processor.py:640} INFO - Processing file /home/airflow/.local/lib/python3.7/site-packages/airflow/example_dags/example_task_group_decorator.py for tasks to queue
[2022-09-02T11:52:01.853+0000] {logging_mixin.py:115} INFO - [2022-09-02T11:52:01.853+0000] {dagbag.py:508} INFO - Filling up the DagBag from /home/airflow/.local/lib/python3.7/site-packages/airflow/example_dags/example_task_group_decorator.py
[2022-09-02T11:52:01.871+0000] {processor.py:650} INFO - DAG(s) dict_keys(['example_task_group_decorator']) retrieved from /home/airflow/.local/lib/python3.7/site-packages/airflow/example_dags/example_task_group_decorator.py
[2022-09-02T11:52:01.921+0000] {logging_mixin.py:115} INFO - [2022-09-02T11:52:01.921+0000] {dag.py:2429} INFO - Sync 1 DAGs
[2022-09-02T11:52:01.934+0000] {logging_mixin.py:115} INFO - [2022-09-02T11:52:01.933+0000] {dag.py:2981} INFO - Setting next_dagrun for example_task_group_decorator to 2022-09-01T11:52:01.933712+00:00, run_after=2022-09-02T11:52:01.933712+00:00
[2022-09-02T11:52:01.945+0000] {processor.py:161} INFO - Processing /home/airflow/.local/lib/python3.7/site-packages/airflow/example_dags/example_task_group_decorator.py took 0.098 seconds
[2022-09-02T11:52:32.764+0000] {processor.py:153} INFO - Started process (PID=2251) to work on /home/airflow/.local/lib/python3.7/site-packages/airflow/example_dags/example_task_group_decorator.py
[2022-09-02T11:52:32.766+0000] {processor.py:640} INFO - Processing file /home/airflow/.local/lib/python3.7/site-packages/airflow/example_dags/example_task_group_decorator.py for tasks to queue
[2022-09-02T11:52:32.767+0000] {logging_mixin.py:115} INFO - [2022-09-02T11:52:32.767+0000] {dagbag.py:508} INFO - Filling up the DagBag from /home/airflow/.local/lib/python3.7/site-packages/airflow/example_dags/example_task_group_decorator.py
[2022-09-02T11:52:32.781+0000] {processor.py:650} INFO - DAG(s) dict_keys(['example_task_group_decorator']) retrieved from /home/airflow/.local/lib/python3.7/site-packages/airflow/example_dags/example_task_group_decorator.py
[2022-09-02T11:52:32.823+0000] {logging_mixin.py:115} INFO - [2022-09-02T11:52:32.823+0000] {dag.py:2429} INFO - Sync 1 DAGs
[2022-09-02T11:52:32.836+0000] {logging_mixin.py:115} INFO - [2022-09-02T11:52:32.836+0000] {dag.py:2981} INFO - Setting next_dagrun for example_task_group_decorator to 2022-09-01T11:52:32.835968+00:00, run_after=2022-09-02T11:52:32.835968+00:00
[2022-09-02T11:52:32.848+0000] {processor.py:161} INFO - Processing /home/airflow/.local/lib/python3.7/site-packages/airflow/example_dags/example_task_group_decorator.py took 0.086 seconds
[2022-09-02T11:53:03.421+0000] {processor.py:153} INFO - Started process (PID=2438) to work on /home/airflow/.local/lib/python3.7/site-packages/airflow/example_dags/example_task_group_decorator.py
[2022-09-02T11:53:03.423+0000] {processor.py:640} INFO - Processing file /home/airflow/.local/lib/python3.7/site-packages/airflow/example_dags/example_task_group_decorator.py for tasks to queue
[2022-09-02T11:53:03.425+0000] {logging_mixin.py:115} INFO - [2022-09-02T11:53:03.425+0000] {dagbag.py:508} INFO - Filling up the DagBag from /home/airflow/.local/lib/python3.7/site-packages/airflow/example_dags/example_task_group_decorator.py
[2022-09-02T11:53:03.442+0000] {processor.py:650} INFO - DAG(s) dict_keys(['example_task_group_decorator']) retrieved from /home/airflow/.local/lib/python3.7/site-packages/airflow/example_dags/example_task_group_decorator.py
[2022-09-02T11:53:03.488+0000] {logging_mixin.py:115} INFO - [2022-09-02T11:53:03.488+0000] {dag.py:2429} INFO - Sync 1 DAGs
[2022-09-02T11:53:03.501+0000] {logging_mixin.py:115} INFO - [2022-09-02T11:53:03.501+0000] {dag.py:2981} INFO - Setting next_dagrun for example_task_group_decorator to 2022-09-01T11:53:03.501110+00:00, run_after=2022-09-02T11:53:03.501110+00:00
[2022-09-02T11:53:03.511+0000] {processor.py:161} INFO - Processing /home/airflow/.local/lib/python3.7/site-packages/airflow/example_dags/example_task_group_decorator.py took 0.092 seconds
[2022-09-02T11:53:34.246+0000] {processor.py:153} INFO - Started process (PID=2636) to work on /home/airflow/.local/lib/python3.7/site-packages/airflow/example_dags/example_task_group_decorator.py
[2022-09-02T11:53:34.248+0000] {processor.py:640} INFO - Processing file /home/airflow/.local/lib/python3.7/site-packages/airflow/example_dags/example_task_group_decorator.py for tasks to queue
[2022-09-02T11:53:34.249+0000] {logging_mixin.py:115} INFO - [2022-09-02T11:53:34.249+0000] {dagbag.py:508} INFO - Filling up the DagBag from /home/airflow/.local/lib/python3.7/site-packages/airflow/example_dags/example_task_group_decorator.py
[2022-09-02T11:53:34.264+0000] {processor.py:650} INFO - DAG(s) dict_keys(['example_task_group_decorator']) retrieved from /home/airflow/.local/lib/python3.7/site-packages/airflow/example_dags/example_task_group_decorator.py
[2022-09-02T11:53:34.310+0000] {logging_mixin.py:115} INFO - [2022-09-02T11:53:34.310+0000] {dag.py:2429} INFO - Sync 1 DAGs
[2022-09-02T11:53:34.322+0000] {logging_mixin.py:115} INFO - [2022-09-02T11:53:34.322+0000] {dag.py:2981} INFO - Setting next_dagrun for example_task_group_decorator to 2022-09-01T11:53:34.322309+00:00, run_after=2022-09-02T11:53:34.322309+00:00
[2022-09-02T11:53:34.331+0000] {processor.py:161} INFO - Processing /home/airflow/.local/lib/python3.7/site-packages/airflow/example_dags/example_task_group_decorator.py took 0.087 seconds
[2022-09-02T11:54:05.050+0000] {processor.py:153} INFO - Started process (PID=2833) to work on /home/airflow/.local/lib/python3.7/site-packages/airflow/example_dags/example_task_group_decorator.py
[2022-09-02T11:54:05.051+0000] {processor.py:640} INFO - Processing file /home/airflow/.local/lib/python3.7/site-packages/airflow/example_dags/example_task_group_decorator.py for tasks to queue
[2022-09-02T11:54:05.052+0000] {logging_mixin.py:115} INFO - [2022-09-02T11:54:05.052+0000] {dagbag.py:508} INFO - Filling up the DagBag from /home/airflow/.local/lib/python3.7/site-packages/airflow/example_dags/example_task_group_decorator.py
[2022-09-02T11:54:05.069+0000] {processor.py:650} INFO - DAG(s) dict_keys(['example_task_group_decorator']) retrieved from /home/airflow/.local/lib/python3.7/site-packages/airflow/example_dags/example_task_group_decorator.py
[2022-09-02T11:54:05.114+0000] {logging_mixin.py:115} INFO - [2022-09-02T11:54:05.114+0000] {dag.py:2429} INFO - Sync 1 DAGs
[2022-09-02T11:54:05.126+0000] {logging_mixin.py:115} INFO - [2022-09-02T11:54:05.126+0000] {dag.py:2981} INFO - Setting next_dagrun for example_task_group_decorator to 2022-09-01T11:54:05.126262+00:00, run_after=2022-09-02T11:54:05.126262+00:00
[2022-09-02T11:54:05.135+0000] {processor.py:161} INFO - Processing /home/airflow/.local/lib/python3.7/site-packages/airflow/example_dags/example_task_group_decorator.py took 0.088 seconds
[2022-09-02T11:54:35.815+0000] {processor.py:153} INFO - Started process (PID=3029) to work on /home/airflow/.local/lib/python3.7/site-packages/airflow/example_dags/example_task_group_decorator.py
[2022-09-02T11:54:35.816+0000] {processor.py:640} INFO - Processing file /home/airflow/.local/lib/python3.7/site-packages/airflow/example_dags/example_task_group_decorator.py for tasks to queue
[2022-09-02T11:54:35.817+0000] {logging_mixin.py:115} INFO - [2022-09-02T11:54:35.817+0000] {dagbag.py:508} INFO - Filling up the DagBag from /home/airflow/.local/lib/python3.7/site-packages/airflow/example_dags/example_task_group_decorator.py
[2022-09-02T11:54:35.832+0000] {processor.py:650} INFO - DAG(s) dict_keys(['example_task_group_decorator']) retrieved from /home/airflow/.local/lib/python3.7/site-packages/airflow/example_dags/example_task_group_decorator.py
[2022-09-02T11:54:35.876+0000] {logging_mixin.py:115} INFO - [2022-09-02T11:54:35.875+0000] {dag.py:2429} INFO - Sync 1 DAGs
[2022-09-02T11:54:35.889+0000] {logging_mixin.py:115} INFO - [2022-09-02T11:54:35.888+0000] {dag.py:2981} INFO - Setting next_dagrun for example_task_group_decorator to 2022-09-01T11:54:35.888712+00:00, run_after=2022-09-02T11:54:35.888712+00:00
[2022-09-02T11:54:35.899+0000] {processor.py:161} INFO - Processing /home/airflow/.local/lib/python3.7/site-packages/airflow/example_dags/example_task_group_decorator.py took 0.087 seconds
[2022-09-02T11:55:06.610+0000] {processor.py:153} INFO - Started process (PID=3227) to work on /home/airflow/.local/lib/python3.7/site-packages/airflow/example_dags/example_task_group_decorator.py
[2022-09-02T11:55:06.611+0000] {processor.py:640} INFO - Processing file /home/airflow/.local/lib/python3.7/site-packages/airflow/example_dags/example_task_group_decorator.py for tasks to queue
[2022-09-02T11:55:06.612+0000] {logging_mixin.py:115} INFO - [2022-09-02T11:55:06.612+0000] {dagbag.py:508} INFO - Filling up the DagBag from /home/airflow/.local/lib/python3.7/site-packages/airflow/example_dags/example_task_group_decorator.py
[2022-09-02T11:55:06.626+0000] {processor.py:650} INFO - DAG(s) dict_keys(['example_task_group_decorator']) retrieved from /home/airflow/.local/lib/python3.7/site-packages/airflow/example_dags/example_task_group_decorator.py
[2022-09-02T11:55:06.671+0000] {logging_mixin.py:115} INFO - [2022-09-02T11:55:06.671+0000] {dag.py:2429} INFO - Sync 1 DAGs
[2022-09-02T11:55:06.683+0000] {logging_mixin.py:115} INFO - [2022-09-02T11:55:06.683+0000] {dag.py:2981} INFO - Setting next_dagrun for example_task_group_decorator to 2022-09-01T11:55:06.683389+00:00, run_after=2022-09-02T11:55:06.683389+00:00
[2022-09-02T11:55:06.693+0000] {processor.py:161} INFO - Processing /home/airflow/.local/lib/python3.7/site-packages/airflow/example_dags/example_task_group_decorator.py took 0.086 seconds
[2022-09-02T11:55:37.405+0000] {processor.py:153} INFO - Started process (PID=3425) to work on /home/airflow/.local/lib/python3.7/site-packages/airflow/example_dags/example_task_group_decorator.py
[2022-09-02T11:55:37.406+0000] {processor.py:640} INFO - Processing file /home/airflow/.local/lib/python3.7/site-packages/airflow/example_dags/example_task_group_decorator.py for tasks to queue
[2022-09-02T11:55:37.407+0000] {logging_mixin.py:115} INFO - [2022-09-02T11:55:37.407+0000] {dagbag.py:508} INFO - Filling up the DagBag from /home/airflow/.local/lib/python3.7/site-packages/airflow/example_dags/example_task_group_decorator.py
[2022-09-02T11:55:37.420+0000] {processor.py:650} INFO - DAG(s) dict_keys(['example_task_group_decorator']) retrieved from /home/airflow/.local/lib/python3.7/site-packages/airflow/example_dags/example_task_group_decorator.py
[2022-09-02T11:55:37.440+0000] {logging_mixin.py:115} INFO - [2022-09-02T11:55:37.439+0000] {dag.py:2429} INFO - Sync 1 DAGs
[2022-09-02T11:55:37.456+0000] {logging_mixin.py:115} INFO - [2022-09-02T11:55:37.456+0000] {dag.py:2981} INFO - Setting next_dagrun for example_task_group_decorator to 2022-09-01T11:55:37.456752+00:00, run_after=2022-09-02T11:55:37.456752+00:00
[2022-09-02T11:55:37.466+0000] {processor.py:161} INFO - Processing /home/airflow/.local/lib/python3.7/site-packages/airflow/example_dags/example_task_group_decorator.py took 0.063 seconds
[2022-09-02T11:56:08.266+0000] {processor.py:153} INFO - Started process (PID=3621) to work on /home/airflow/.local/lib/python3.7/site-packages/airflow/example_dags/example_task_group_decorator.py
[2022-09-02T11:56:08.268+0000] {processor.py:640} INFO - Processing file /home/airflow/.local/lib/python3.7/site-packages/airflow/example_dags/example_task_group_decorator.py for tasks to queue
[2022-09-02T11:56:08.269+0000] {logging_mixin.py:115} INFO - [2022-09-02T11:56:08.269+0000] {dagbag.py:508} INFO - Filling up the DagBag from /home/airflow/.local/lib/python3.7/site-packages/airflow/example_dags/example_task_group_decorator.py
[2022-09-02T11:56:08.286+0000] {processor.py:650} INFO - DAG(s) dict_keys(['example_task_group_decorator']) retrieved from /home/airflow/.local/lib/python3.7/site-packages/airflow/example_dags/example_task_group_decorator.py
[2022-09-02T11:56:08.305+0000] {logging_mixin.py:115} INFO - [2022-09-02T11:56:08.305+0000] {dag.py:2429} INFO - Sync 1 DAGs
[2022-09-02T11:56:08.324+0000] {logging_mixin.py:115} INFO - [2022-09-02T11:56:08.324+0000] {dag.py:2981} INFO - Setting next_dagrun for example_task_group_decorator to 2022-09-01T11:56:08.324427+00:00, run_after=2022-09-02T11:56:08.324427+00:00
[2022-09-02T11:56:08.337+0000] {processor.py:161} INFO - Processing /home/airflow/.local/lib/python3.7/site-packages/airflow/example_dags/example_task_group_decorator.py took 0.075 seconds
[2022-09-02T11:56:39.094+0000] {processor.py:153} INFO - Started process (PID=3810) to work on /home/airflow/.local/lib/python3.7/site-packages/airflow/example_dags/example_task_group_decorator.py
[2022-09-02T11:56:39.096+0000] {processor.py:640} INFO - Processing file /home/airflow/.local/lib/python3.7/site-packages/airflow/example_dags/example_task_group_decorator.py for tasks to queue
[2022-09-02T11:56:39.098+0000] {logging_mixin.py:115} INFO - [2022-09-02T11:56:39.098+0000] {dagbag.py:508} INFO - Filling up the DagBag from /home/airflow/.local/lib/python3.7/site-packages/airflow/example_dags/example_task_group_decorator.py
[2022-09-02T11:56:39.114+0000] {processor.py:650} INFO - DAG(s) dict_keys(['example_task_group_decorator']) retrieved from /home/airflow/.local/lib/python3.7/site-packages/airflow/example_dags/example_task_group_decorator.py
[2022-09-02T11:56:39.158+0000] {logging_mixin.py:115} INFO - [2022-09-02T11:56:39.158+0000] {dag.py:2429} INFO - Sync 1 DAGs
[2022-09-02T11:56:39.171+0000] {logging_mixin.py:115} INFO - [2022-09-02T11:56:39.171+0000] {dag.py:2981} INFO - Setting next_dagrun for example_task_group_decorator to 2022-09-01T11:56:39.171484+00:00, run_after=2022-09-02T11:56:39.171484+00:00
[2022-09-02T11:56:39.186+0000] {processor.py:161} INFO - Processing /home/airflow/.local/lib/python3.7/site-packages/airflow/example_dags/example_task_group_decorator.py took 0.094 seconds
[2022-09-02T11:57:09.859+0000] {processor.py:153} INFO - Started process (PID=4005) to work on /home/airflow/.local/lib/python3.7/site-packages/airflow/example_dags/example_task_group_decorator.py
[2022-09-02T11:57:09.862+0000] {processor.py:640} INFO - Processing file /home/airflow/.local/lib/python3.7/site-packages/airflow/example_dags/example_task_group_decorator.py for tasks to queue
[2022-09-02T11:57:09.863+0000] {logging_mixin.py:115} INFO - [2022-09-02T11:57:09.863+0000] {dagbag.py:508} INFO - Filling up the DagBag from /home/airflow/.local/lib/python3.7/site-packages/airflow/example_dags/example_task_group_decorator.py
[2022-09-02T11:57:09.879+0000] {processor.py:650} INFO - DAG(s) dict_keys(['example_task_group_decorator']) retrieved from /home/airflow/.local/lib/python3.7/site-packages/airflow/example_dags/example_task_group_decorator.py
[2022-09-02T11:57:09.924+0000] {logging_mixin.py:115} INFO - [2022-09-02T11:57:09.923+0000] {dag.py:2429} INFO - Sync 1 DAGs
[2022-09-02T11:57:09.936+0000] {logging_mixin.py:115} INFO - [2022-09-02T11:57:09.936+0000] {dag.py:2981} INFO - Setting next_dagrun for example_task_group_decorator to 2022-09-01T11:57:09.936504+00:00, run_after=2022-09-02T11:57:09.936504+00:00
[2022-09-02T11:57:09.946+0000] {processor.py:161} INFO - Processing /home/airflow/.local/lib/python3.7/site-packages/airflow/example_dags/example_task_group_decorator.py took 0.090 seconds
[2022-09-02T11:57:40.761+0000] {processor.py:153} INFO - Started process (PID=4200) to work on /home/airflow/.local/lib/python3.7/site-packages/airflow/example_dags/example_task_group_decorator.py
[2022-09-02T11:57:40.763+0000] {processor.py:640} INFO - Processing file /home/airflow/.local/lib/python3.7/site-packages/airflow/example_dags/example_task_group_decorator.py for tasks to queue
[2022-09-02T11:57:40.764+0000] {logging_mixin.py:115} INFO - [2022-09-02T11:57:40.764+0000] {dagbag.py:508} INFO - Filling up the DagBag from /home/airflow/.local/lib/python3.7/site-packages/airflow/example_dags/example_task_group_decorator.py
[2022-09-02T11:57:40.780+0000] {processor.py:650} INFO - DAG(s) dict_keys(['example_task_group_decorator']) retrieved from /home/airflow/.local/lib/python3.7/site-packages/airflow/example_dags/example_task_group_decorator.py
[2022-09-02T11:57:40.823+0000] {logging_mixin.py:115} INFO - [2022-09-02T11:57:40.823+0000] {dag.py:2429} INFO - Sync 1 DAGs
[2022-09-02T11:57:40.835+0000] {logging_mixin.py:115} INFO - [2022-09-02T11:57:40.835+0000] {dag.py:2981} INFO - Setting next_dagrun for example_task_group_decorator to 2022-09-01T11:57:40.835428+00:00, run_after=2022-09-02T11:57:40.835428+00:00
[2022-09-02T11:57:40.846+0000] {processor.py:161} INFO - Processing /home/airflow/.local/lib/python3.7/site-packages/airflow/example_dags/example_task_group_decorator.py took 0.087 seconds
[2022-09-02T11:58:11.642+0000] {processor.py:153} INFO - Started process (PID=4397) to work on /home/airflow/.local/lib/python3.7/site-packages/airflow/example_dags/example_task_group_decorator.py
[2022-09-02T11:58:11.645+0000] {processor.py:640} INFO - Processing file /home/airflow/.local/lib/python3.7/site-packages/airflow/example_dags/example_task_group_decorator.py for tasks to queue
[2022-09-02T11:58:11.646+0000] {logging_mixin.py:115} INFO - [2022-09-02T11:58:11.646+0000] {dagbag.py:508} INFO - Filling up the DagBag from /home/airflow/.local/lib/python3.7/site-packages/airflow/example_dags/example_task_group_decorator.py
[2022-09-02T11:58:11.661+0000] {processor.py:650} INFO - DAG(s) dict_keys(['example_task_group_decorator']) retrieved from /home/airflow/.local/lib/python3.7/site-packages/airflow/example_dags/example_task_group_decorator.py
[2022-09-02T11:58:11.704+0000] {logging_mixin.py:115} INFO - [2022-09-02T11:58:11.704+0000] {dag.py:2429} INFO - Sync 1 DAGs
[2022-09-02T11:58:11.717+0000] {logging_mixin.py:115} INFO - [2022-09-02T11:58:11.717+0000] {dag.py:2981} INFO - Setting next_dagrun for example_task_group_decorator to 2022-09-01T11:58:11.717558+00:00, run_after=2022-09-02T11:58:11.717558+00:00
[2022-09-02T11:58:11.728+0000] {processor.py:161} INFO - Processing /home/airflow/.local/lib/python3.7/site-packages/airflow/example_dags/example_task_group_decorator.py took 0.088 seconds
[2022-09-02T11:58:42.401+0000] {processor.py:153} INFO - Started process (PID=4594) to work on /home/airflow/.local/lib/python3.7/site-packages/airflow/example_dags/example_task_group_decorator.py
[2022-09-02T11:58:42.403+0000] {processor.py:640} INFO - Processing file /home/airflow/.local/lib/python3.7/site-packages/airflow/example_dags/example_task_group_decorator.py for tasks to queue
[2022-09-02T11:58:42.405+0000] {logging_mixin.py:115} INFO - [2022-09-02T11:58:42.405+0000] {dagbag.py:508} INFO - Filling up the DagBag from /home/airflow/.local/lib/python3.7/site-packages/airflow/example_dags/example_task_group_decorator.py
[2022-09-02T11:58:42.420+0000] {processor.py:650} INFO - DAG(s) dict_keys(['example_task_group_decorator']) retrieved from /home/airflow/.local/lib/python3.7/site-packages/airflow/example_dags/example_task_group_decorator.py
[2022-09-02T11:58:42.466+0000] {logging_mixin.py:115} INFO - [2022-09-02T11:58:42.465+0000] {dag.py:2429} INFO - Sync 1 DAGs
[2022-09-02T11:58:42.479+0000] {logging_mixin.py:115} INFO - [2022-09-02T11:58:42.479+0000] {dag.py:2981} INFO - Setting next_dagrun for example_task_group_decorator to 2022-09-01T11:58:42.479470+00:00, run_after=2022-09-02T11:58:42.479470+00:00
[2022-09-02T11:58:42.490+0000] {processor.py:161} INFO - Processing /home/airflow/.local/lib/python3.7/site-packages/airflow/example_dags/example_task_group_decorator.py took 0.091 seconds
[2022-09-02T11:59:13.365+0000] {processor.py:153} INFO - Started process (PID=4791) to work on /home/airflow/.local/lib/python3.7/site-packages/airflow/example_dags/example_task_group_decorator.py
[2022-09-02T11:59:13.382+0000] {processor.py:640} INFO - Processing file /home/airflow/.local/lib/python3.7/site-packages/airflow/example_dags/example_task_group_decorator.py for tasks to queue
[2022-09-02T11:59:13.383+0000] {logging_mixin.py:115} INFO - [2022-09-02T11:59:13.383+0000] {dagbag.py:508} INFO - Filling up the DagBag from /home/airflow/.local/lib/python3.7/site-packages/airflow/example_dags/example_task_group_decorator.py
[2022-09-02T11:59:13.397+0000] {processor.py:650} INFO - DAG(s) dict_keys(['example_task_group_decorator']) retrieved from /home/airflow/.local/lib/python3.7/site-packages/airflow/example_dags/example_task_group_decorator.py
[2022-09-02T11:59:13.418+0000] {logging_mixin.py:115} INFO - [2022-09-02T11:59:13.418+0000] {dag.py:2429} INFO - Sync 1 DAGs
[2022-09-02T11:59:13.434+0000] {logging_mixin.py:115} INFO - [2022-09-02T11:59:13.434+0000] {dag.py:2981} INFO - Setting next_dagrun for example_task_group_decorator to 2022-09-01T11:59:13.434268+00:00, run_after=2022-09-02T11:59:13.434268+00:00
[2022-09-02T11:59:13.441+0000] {processor.py:161} INFO - Processing /home/airflow/.local/lib/python3.7/site-packages/airflow/example_dags/example_task_group_decorator.py took 0.079 seconds
[2022-09-02T11:59:44.216+0000] {processor.py:153} INFO - Started process (PID=4985) to work on /home/airflow/.local/lib/python3.7/site-packages/airflow/example_dags/example_task_group_decorator.py
[2022-09-02T11:59:44.233+0000] {processor.py:640} INFO - Processing file /home/airflow/.local/lib/python3.7/site-packages/airflow/example_dags/example_task_group_decorator.py for tasks to queue
[2022-09-02T11:59:44.238+0000] {logging_mixin.py:115} INFO - [2022-09-02T11:59:44.237+0000] {dagbag.py:508} INFO - Filling up the DagBag from /home/airflow/.local/lib/python3.7/site-packages/airflow/example_dags/example_task_group_decorator.py
[2022-09-02T11:59:44.278+0000] {processor.py:650} INFO - DAG(s) dict_keys(['example_task_group_decorator']) retrieved from /home/airflow/.local/lib/python3.7/site-packages/airflow/example_dags/example_task_group_decorator.py
[2022-09-02T11:59:44.300+0000] {logging_mixin.py:115} INFO - [2022-09-02T11:59:44.300+0000] {dag.py:2429} INFO - Sync 1 DAGs
[2022-09-02T11:59:44.317+0000] {logging_mixin.py:115} INFO - [2022-09-02T11:59:44.317+0000] {dag.py:2981} INFO - Setting next_dagrun for example_task_group_decorator to 2022-09-01T11:59:44.317702+00:00, run_after=2022-09-02T11:59:44.317702+00:00
[2022-09-02T11:59:44.327+0000] {processor.py:161} INFO - Processing /home/airflow/.local/lib/python3.7/site-packages/airflow/example_dags/example_task_group_decorator.py took 0.118 seconds
[2022-09-02T12:00:15.039+0000] {processor.py:153} INFO - Started process (PID=5176) to work on /home/airflow/.local/lib/python3.7/site-packages/airflow/example_dags/example_task_group_decorator.py
[2022-09-02T12:00:15.041+0000] {processor.py:640} INFO - Processing file /home/airflow/.local/lib/python3.7/site-packages/airflow/example_dags/example_task_group_decorator.py for tasks to queue
[2022-09-02T12:00:15.042+0000] {logging_mixin.py:115} INFO - [2022-09-02T12:00:15.042+0000] {dagbag.py:508} INFO - Filling up the DagBag from /home/airflow/.local/lib/python3.7/site-packages/airflow/example_dags/example_task_group_decorator.py
[2022-09-02T12:00:15.059+0000] {processor.py:650} INFO - DAG(s) dict_keys(['example_task_group_decorator']) retrieved from /home/airflow/.local/lib/python3.7/site-packages/airflow/example_dags/example_task_group_decorator.py
[2022-09-02T12:00:15.106+0000] {logging_mixin.py:115} INFO - [2022-09-02T12:00:15.106+0000] {dag.py:2429} INFO - Sync 1 DAGs
[2022-09-02T12:00:15.118+0000] {logging_mixin.py:115} INFO - [2022-09-02T12:00:15.117+0000] {dag.py:2981} INFO - Setting next_dagrun for example_task_group_decorator to 2022-09-01T12:00:15.117833+00:00, run_after=2022-09-02T12:00:15.117833+00:00
[2022-09-02T12:00:15.127+0000] {processor.py:161} INFO - Processing /home/airflow/.local/lib/python3.7/site-packages/airflow/example_dags/example_task_group_decorator.py took 0.090 seconds
[2022-09-02T12:00:45.876+0000] {processor.py:153} INFO - Started process (PID=5373) to work on /home/airflow/.local/lib/python3.7/site-packages/airflow/example_dags/example_task_group_decorator.py
[2022-09-02T12:00:45.877+0000] {processor.py:640} INFO - Processing file /home/airflow/.local/lib/python3.7/site-packages/airflow/example_dags/example_task_group_decorator.py for tasks to queue
[2022-09-02T12:00:45.878+0000] {logging_mixin.py:115} INFO - [2022-09-02T12:00:45.878+0000] {dagbag.py:508} INFO - Filling up the DagBag from /home/airflow/.local/lib/python3.7/site-packages/airflow/example_dags/example_task_group_decorator.py
[2022-09-02T12:00:45.893+0000] {processor.py:650} INFO - DAG(s) dict_keys(['example_task_group_decorator']) retrieved from /home/airflow/.local/lib/python3.7/site-packages/airflow/example_dags/example_task_group_decorator.py
[2022-09-02T12:00:45.935+0000] {logging_mixin.py:115} INFO - [2022-09-02T12:00:45.935+0000] {dag.py:2429} INFO - Sync 1 DAGs
[2022-09-02T12:00:45.946+0000] {logging_mixin.py:115} INFO - [2022-09-02T12:00:45.946+0000] {dag.py:2981} INFO - Setting next_dagrun for example_task_group_decorator to 2022-09-01T12:00:45.946168+00:00, run_after=2022-09-02T12:00:45.946168+00:00
[2022-09-02T12:00:45.956+0000] {processor.py:161} INFO - Processing /home/airflow/.local/lib/python3.7/site-packages/airflow/example_dags/example_task_group_decorator.py took 0.082 seconds
[2022-09-02T12:01:16.487+0000] {processor.py:153} INFO - Started process (PID=5572) to work on /home/airflow/.local/lib/python3.7/site-packages/airflow/example_dags/example_task_group_decorator.py
[2022-09-02T12:01:16.488+0000] {processor.py:640} INFO - Processing file /home/airflow/.local/lib/python3.7/site-packages/airflow/example_dags/example_task_group_decorator.py for tasks to queue
[2022-09-02T12:01:16.489+0000] {logging_mixin.py:115} INFO - [2022-09-02T12:01:16.489+0000] {dagbag.py:508} INFO - Filling up the DagBag from /home/airflow/.local/lib/python3.7/site-packages/airflow/example_dags/example_task_group_decorator.py
[2022-09-02T12:01:16.505+0000] {processor.py:650} INFO - DAG(s) dict_keys(['example_task_group_decorator']) retrieved from /home/airflow/.local/lib/python3.7/site-packages/airflow/example_dags/example_task_group_decorator.py
[2022-09-02T12:01:16.548+0000] {logging_mixin.py:115} INFO - [2022-09-02T12:01:16.548+0000] {dag.py:2429} INFO - Sync 1 DAGs
[2022-09-02T12:01:16.561+0000] {logging_mixin.py:115} INFO - [2022-09-02T12:01:16.561+0000] {dag.py:2981} INFO - Setting next_dagrun for example_task_group_decorator to 2022-09-01T12:01:16.561099+00:00, run_after=2022-09-02T12:01:16.561099+00:00
[2022-09-02T12:01:16.569+0000] {processor.py:161} INFO - Processing /home/airflow/.local/lib/python3.7/site-packages/airflow/example_dags/example_task_group_decorator.py took 0.084 seconds
[2022-09-02T12:01:47.305+0000] {processor.py:153} INFO - Started process (PID=5769) to work on /home/airflow/.local/lib/python3.7/site-packages/airflow/example_dags/example_task_group_decorator.py
[2022-09-02T12:01:47.307+0000] {processor.py:640} INFO - Processing file /home/airflow/.local/lib/python3.7/site-packages/airflow/example_dags/example_task_group_decorator.py for tasks to queue
[2022-09-02T12:01:47.309+0000] {logging_mixin.py:115} INFO - [2022-09-02T12:01:47.309+0000] {dagbag.py:508} INFO - Filling up the DagBag from /home/airflow/.local/lib/python3.7/site-packages/airflow/example_dags/example_task_group_decorator.py
[2022-09-02T12:01:47.324+0000] {processor.py:650} INFO - DAG(s) dict_keys(['example_task_group_decorator']) retrieved from /home/airflow/.local/lib/python3.7/site-packages/airflow/example_dags/example_task_group_decorator.py
[2022-09-02T12:01:47.367+0000] {logging_mixin.py:115} INFO - [2022-09-02T12:01:47.367+0000] {dag.py:2429} INFO - Sync 1 DAGs
[2022-09-02T12:01:47.379+0000] {logging_mixin.py:115} INFO - [2022-09-02T12:01:47.379+0000] {dag.py:2981} INFO - Setting next_dagrun for example_task_group_decorator to 2022-09-01T12:01:47.379476+00:00, run_after=2022-09-02T12:01:47.379476+00:00
[2022-09-02T12:01:47.389+0000] {processor.py:161} INFO - Processing /home/airflow/.local/lib/python3.7/site-packages/airflow/example_dags/example_task_group_decorator.py took 0.087 seconds
[2022-09-02T12:02:18.166+0000] {processor.py:153} INFO - Started process (PID=5984) to work on /home/airflow/.local/lib/python3.7/site-packages/airflow/example_dags/example_task_group_decorator.py
[2022-09-02T12:02:18.168+0000] {processor.py:640} INFO - Processing file /home/airflow/.local/lib/python3.7/site-packages/airflow/example_dags/example_task_group_decorator.py for tasks to queue
[2022-09-02T12:02:18.169+0000] {logging_mixin.py:115} INFO - [2022-09-02T12:02:18.169+0000] {dagbag.py:508} INFO - Filling up the DagBag from /home/airflow/.local/lib/python3.7/site-packages/airflow/example_dags/example_task_group_decorator.py
[2022-09-02T12:02:18.185+0000] {processor.py:650} INFO - DAG(s) dict_keys(['example_task_group_decorator']) retrieved from /home/airflow/.local/lib/python3.7/site-packages/airflow/example_dags/example_task_group_decorator.py
[2022-09-02T12:02:18.205+0000] {logging_mixin.py:115} INFO - [2022-09-02T12:02:18.205+0000] {dag.py:2429} INFO - Sync 1 DAGs
[2022-09-02T12:02:18.221+0000] {logging_mixin.py:115} INFO - [2022-09-02T12:02:18.220+0000] {dag.py:2981} INFO - Setting next_dagrun for example_task_group_decorator to 2022-09-01T12:02:18.220754+00:00, run_after=2022-09-02T12:02:18.220754+00:00
[2022-09-02T12:02:18.229+0000] {processor.py:161} INFO - Processing /home/airflow/.local/lib/python3.7/site-packages/airflow/example_dags/example_task_group_decorator.py took 0.066 seconds
[2022-09-02T12:02:49.049+0000] {processor.py:153} INFO - Started process (PID=6179) to work on /home/airflow/.local/lib/python3.7/site-packages/airflow/example_dags/example_task_group_decorator.py
[2022-09-02T12:02:49.050+0000] {processor.py:640} INFO - Processing file /home/airflow/.local/lib/python3.7/site-packages/airflow/example_dags/example_task_group_decorator.py for tasks to queue
[2022-09-02T12:02:49.051+0000] {logging_mixin.py:115} INFO - [2022-09-02T12:02:49.051+0000] {dagbag.py:508} INFO - Filling up the DagBag from /home/airflow/.local/lib/python3.7/site-packages/airflow/example_dags/example_task_group_decorator.py
[2022-09-02T12:02:49.067+0000] {processor.py:650} INFO - DAG(s) dict_keys(['example_task_group_decorator']) retrieved from /home/airflow/.local/lib/python3.7/site-packages/airflow/example_dags/example_task_group_decorator.py
[2022-09-02T12:02:49.126+0000] {logging_mixin.py:115} INFO - [2022-09-02T12:02:49.126+0000] {dag.py:2429} INFO - Sync 1 DAGs
[2022-09-02T12:02:49.141+0000] {logging_mixin.py:115} INFO - [2022-09-02T12:02:49.141+0000] {dag.py:2981} INFO - Setting next_dagrun for example_task_group_decorator to 2022-09-01T12:02:49.141143+00:00, run_after=2022-09-02T12:02:49.141143+00:00
[2022-09-02T12:02:49.152+0000] {processor.py:161} INFO - Processing /home/airflow/.local/lib/python3.7/site-packages/airflow/example_dags/example_task_group_decorator.py took 0.106 seconds
[2022-09-02T12:03:19.793+0000] {processor.py:153} INFO - Started process (PID=6367) to work on /home/airflow/.local/lib/python3.7/site-packages/airflow/example_dags/example_task_group_decorator.py
[2022-09-02T12:03:19.795+0000] {processor.py:640} INFO - Processing file /home/airflow/.local/lib/python3.7/site-packages/airflow/example_dags/example_task_group_decorator.py for tasks to queue
[2022-09-02T12:03:19.797+0000] {logging_mixin.py:115} INFO - [2022-09-02T12:03:19.797+0000] {dagbag.py:508} INFO - Filling up the DagBag from /home/airflow/.local/lib/python3.7/site-packages/airflow/example_dags/example_task_group_decorator.py
[2022-09-02T12:03:19.811+0000] {processor.py:650} INFO - DAG(s) dict_keys(['example_task_group_decorator']) retrieved from /home/airflow/.local/lib/python3.7/site-packages/airflow/example_dags/example_task_group_decorator.py
[2022-09-02T12:03:19.854+0000] {logging_mixin.py:115} INFO - [2022-09-02T12:03:19.854+0000] {dag.py:2429} INFO - Sync 1 DAGs
[2022-09-02T12:03:19.866+0000] {logging_mixin.py:115} INFO - [2022-09-02T12:03:19.866+0000] {dag.py:2981} INFO - Setting next_dagrun for example_task_group_decorator to 2022-09-01T12:03:19.866109+00:00, run_after=2022-09-02T12:03:19.866109+00:00
[2022-09-02T12:03:19.874+0000] {processor.py:161} INFO - Processing /home/airflow/.local/lib/python3.7/site-packages/airflow/example_dags/example_task_group_decorator.py took 0.083 seconds
[2022-09-02T12:03:50.572+0000] {processor.py:153} INFO - Started process (PID=6563) to work on /home/airflow/.local/lib/python3.7/site-packages/airflow/example_dags/example_task_group_decorator.py
[2022-09-02T12:03:50.574+0000] {processor.py:640} INFO - Processing file /home/airflow/.local/lib/python3.7/site-packages/airflow/example_dags/example_task_group_decorator.py for tasks to queue
[2022-09-02T12:03:50.575+0000] {logging_mixin.py:115} INFO - [2022-09-02T12:03:50.575+0000] {dagbag.py:508} INFO - Filling up the DagBag from /home/airflow/.local/lib/python3.7/site-packages/airflow/example_dags/example_task_group_decorator.py
[2022-09-02T12:03:50.589+0000] {processor.py:650} INFO - DAG(s) dict_keys(['example_task_group_decorator']) retrieved from /home/airflow/.local/lib/python3.7/site-packages/airflow/example_dags/example_task_group_decorator.py
[2022-09-02T12:03:50.634+0000] {logging_mixin.py:115} INFO - [2022-09-02T12:03:50.633+0000] {dag.py:2429} INFO - Sync 1 DAGs
[2022-09-02T12:03:50.646+0000] {logging_mixin.py:115} INFO - [2022-09-02T12:03:50.646+0000] {dag.py:2981} INFO - Setting next_dagrun for example_task_group_decorator to 2022-09-01T12:03:50.646292+00:00, run_after=2022-09-02T12:03:50.646292+00:00
[2022-09-02T12:03:50.655+0000] {processor.py:161} INFO - Processing /home/airflow/.local/lib/python3.7/site-packages/airflow/example_dags/example_task_group_decorator.py took 0.085 seconds
[2022-09-02T12:04:21.328+0000] {processor.py:153} INFO - Started process (PID=6761) to work on /home/airflow/.local/lib/python3.7/site-packages/airflow/example_dags/example_task_group_decorator.py
[2022-09-02T12:04:21.330+0000] {processor.py:640} INFO - Processing file /home/airflow/.local/lib/python3.7/site-packages/airflow/example_dags/example_task_group_decorator.py for tasks to queue
[2022-09-02T12:04:21.331+0000] {logging_mixin.py:115} INFO - [2022-09-02T12:04:21.331+0000] {dagbag.py:508} INFO - Filling up the DagBag from /home/airflow/.local/lib/python3.7/site-packages/airflow/example_dags/example_task_group_decorator.py
[2022-09-02T12:04:21.349+0000] {processor.py:650} INFO - DAG(s) dict_keys(['example_task_group_decorator']) retrieved from /home/airflow/.local/lib/python3.7/site-packages/airflow/example_dags/example_task_group_decorator.py
[2022-09-02T12:04:21.371+0000] {logging_mixin.py:115} INFO - [2022-09-02T12:04:21.371+0000] {dag.py:2429} INFO - Sync 1 DAGs
[2022-09-02T12:04:21.386+0000] {logging_mixin.py:115} INFO - [2022-09-02T12:04:21.386+0000] {dag.py:2981} INFO - Setting next_dagrun for example_task_group_decorator to 2022-09-01T12:04:21.386531+00:00, run_after=2022-09-02T12:04:21.386531+00:00
[2022-09-02T12:04:21.396+0000] {processor.py:161} INFO - Processing /home/airflow/.local/lib/python3.7/site-packages/airflow/example_dags/example_task_group_decorator.py took 0.070 seconds
[2022-09-02T12:04:52.187+0000] {processor.py:153} INFO - Started process (PID=6958) to work on /home/airflow/.local/lib/python3.7/site-packages/airflow/example_dags/example_task_group_decorator.py
[2022-09-02T12:04:52.189+0000] {processor.py:640} INFO - Processing file /home/airflow/.local/lib/python3.7/site-packages/airflow/example_dags/example_task_group_decorator.py for tasks to queue
[2022-09-02T12:04:52.191+0000] {logging_mixin.py:115} INFO - [2022-09-02T12:04:52.190+0000] {dagbag.py:508} INFO - Filling up the DagBag from /home/airflow/.local/lib/python3.7/site-packages/airflow/example_dags/example_task_group_decorator.py
[2022-09-02T12:04:52.204+0000] {processor.py:650} INFO - DAG(s) dict_keys(['example_task_group_decorator']) retrieved from /home/airflow/.local/lib/python3.7/site-packages/airflow/example_dags/example_task_group_decorator.py
[2022-09-02T12:04:52.222+0000] {logging_mixin.py:115} INFO - [2022-09-02T12:04:52.222+0000] {dag.py:2429} INFO - Sync 1 DAGs
[2022-09-02T12:04:52.239+0000] {logging_mixin.py:115} INFO - [2022-09-02T12:04:52.239+0000] {dag.py:2981} INFO - Setting next_dagrun for example_task_group_decorator to 2022-09-01T12:04:52.239695+00:00, run_after=2022-09-02T12:04:52.239695+00:00
[2022-09-02T12:04:52.249+0000] {processor.py:161} INFO - Processing /home/airflow/.local/lib/python3.7/site-packages/airflow/example_dags/example_task_group_decorator.py took 0.065 seconds
[2022-09-02T12:05:22.992+0000] {processor.py:153} INFO - Started process (PID=7156) to work on /home/airflow/.local/lib/python3.7/site-packages/airflow/example_dags/example_task_group_decorator.py
[2022-09-02T12:05:22.994+0000] {processor.py:640} INFO - Processing file /home/airflow/.local/lib/python3.7/site-packages/airflow/example_dags/example_task_group_decorator.py for tasks to queue
[2022-09-02T12:05:22.995+0000] {logging_mixin.py:115} INFO - [2022-09-02T12:05:22.995+0000] {dagbag.py:508} INFO - Filling up the DagBag from /home/airflow/.local/lib/python3.7/site-packages/airflow/example_dags/example_task_group_decorator.py
[2022-09-02T12:05:23.010+0000] {processor.py:650} INFO - DAG(s) dict_keys(['example_task_group_decorator']) retrieved from /home/airflow/.local/lib/python3.7/site-packages/airflow/example_dags/example_task_group_decorator.py
[2022-09-02T12:05:23.032+0000] {logging_mixin.py:115} INFO - [2022-09-02T12:05:23.031+0000] {dag.py:2429} INFO - Sync 1 DAGs
[2022-09-02T12:05:23.048+0000] {logging_mixin.py:115} INFO - [2022-09-02T12:05:23.048+0000] {dag.py:2981} INFO - Setting next_dagrun for example_task_group_decorator to 2022-09-01T12:05:23.048393+00:00, run_after=2022-09-02T12:05:23.048393+00:00
[2022-09-02T12:05:23.058+0000] {processor.py:161} INFO - Processing /home/airflow/.local/lib/python3.7/site-packages/airflow/example_dags/example_task_group_decorator.py took 0.068 seconds
[2022-09-02T12:05:53.801+0000] {processor.py:153} INFO - Started process (PID=7355) to work on /home/airflow/.local/lib/python3.7/site-packages/airflow/example_dags/example_task_group_decorator.py
[2022-09-02T12:05:53.802+0000] {processor.py:640} INFO - Processing file /home/airflow/.local/lib/python3.7/site-packages/airflow/example_dags/example_task_group_decorator.py for tasks to queue
[2022-09-02T12:05:53.803+0000] {logging_mixin.py:115} INFO - [2022-09-02T12:05:53.803+0000] {dagbag.py:508} INFO - Filling up the DagBag from /home/airflow/.local/lib/python3.7/site-packages/airflow/example_dags/example_task_group_decorator.py
[2022-09-02T12:05:53.821+0000] {processor.py:650} INFO - DAG(s) dict_keys(['example_task_group_decorator']) retrieved from /home/airflow/.local/lib/python3.7/site-packages/airflow/example_dags/example_task_group_decorator.py
[2022-09-02T12:05:53.865+0000] {logging_mixin.py:115} INFO - [2022-09-02T12:05:53.865+0000] {dag.py:2429} INFO - Sync 1 DAGs
[2022-09-02T12:05:53.878+0000] {logging_mixin.py:115} INFO - [2022-09-02T12:05:53.878+0000] {dag.py:2981} INFO - Setting next_dagrun for example_task_group_decorator to 2022-09-01T12:05:53.878250+00:00, run_after=2022-09-02T12:05:53.878250+00:00
[2022-09-02T12:05:53.888+0000] {processor.py:161} INFO - Processing /home/airflow/.local/lib/python3.7/site-packages/airflow/example_dags/example_task_group_decorator.py took 0.090 seconds
[2022-09-02T12:06:24.629+0000] {processor.py:153} INFO - Started process (PID=7542) to work on /home/airflow/.local/lib/python3.7/site-packages/airflow/example_dags/example_task_group_decorator.py
[2022-09-02T12:06:24.631+0000] {processor.py:640} INFO - Processing file /home/airflow/.local/lib/python3.7/site-packages/airflow/example_dags/example_task_group_decorator.py for tasks to queue
[2022-09-02T12:06:24.632+0000] {logging_mixin.py:115} INFO - [2022-09-02T12:06:24.632+0000] {dagbag.py:508} INFO - Filling up the DagBag from /home/airflow/.local/lib/python3.7/site-packages/airflow/example_dags/example_task_group_decorator.py
[2022-09-02T12:06:24.648+0000] {processor.py:650} INFO - DAG(s) dict_keys(['example_task_group_decorator']) retrieved from /home/airflow/.local/lib/python3.7/site-packages/airflow/example_dags/example_task_group_decorator.py
[2022-09-02T12:06:24.691+0000] {logging_mixin.py:115} INFO - [2022-09-02T12:06:24.691+0000] {dag.py:2429} INFO - Sync 1 DAGs
[2022-09-02T12:06:24.703+0000] {logging_mixin.py:115} INFO - [2022-09-02T12:06:24.702+0000] {dag.py:2981} INFO - Setting next_dagrun for example_task_group_decorator to 2022-09-01T12:06:24.702868+00:00, run_after=2022-09-02T12:06:24.702868+00:00
[2022-09-02T12:06:24.714+0000] {processor.py:161} INFO - Processing /home/airflow/.local/lib/python3.7/site-packages/airflow/example_dags/example_task_group_decorator.py took 0.088 seconds
[2022-09-02T12:06:55.491+0000] {processor.py:153} INFO - Started process (PID=7738) to work on /home/airflow/.local/lib/python3.7/site-packages/airflow/example_dags/example_task_group_decorator.py
[2022-09-02T12:06:55.493+0000] {processor.py:640} INFO - Processing file /home/airflow/.local/lib/python3.7/site-packages/airflow/example_dags/example_task_group_decorator.py for tasks to queue
[2022-09-02T12:06:55.495+0000] {logging_mixin.py:115} INFO - [2022-09-02T12:06:55.495+0000] {dagbag.py:508} INFO - Filling up the DagBag from /home/airflow/.local/lib/python3.7/site-packages/airflow/example_dags/example_task_group_decorator.py
[2022-09-02T12:06:55.511+0000] {processor.py:650} INFO - DAG(s) dict_keys(['example_task_group_decorator']) retrieved from /home/airflow/.local/lib/python3.7/site-packages/airflow/example_dags/example_task_group_decorator.py
[2022-09-02T12:06:55.555+0000] {logging_mixin.py:115} INFO - [2022-09-02T12:06:55.554+0000] {dag.py:2429} INFO - Sync 1 DAGs
[2022-09-02T12:06:55.568+0000] {logging_mixin.py:115} INFO - [2022-09-02T12:06:55.568+0000] {dag.py:2981} INFO - Setting next_dagrun for example_task_group_decorator to 2022-09-01T12:06:55.567904+00:00, run_after=2022-09-02T12:06:55.567904+00:00
[2022-09-02T12:06:55.578+0000] {processor.py:161} INFO - Processing /home/airflow/.local/lib/python3.7/site-packages/airflow/example_dags/example_task_group_decorator.py took 0.089 seconds
[2022-09-02T12:07:26.478+0000] {processor.py:153} INFO - Started process (PID=7937) to work on /home/airflow/.local/lib/python3.7/site-packages/airflow/example_dags/example_task_group_decorator.py
[2022-09-02T12:07:26.480+0000] {processor.py:640} INFO - Processing file /home/airflow/.local/lib/python3.7/site-packages/airflow/example_dags/example_task_group_decorator.py for tasks to queue
[2022-09-02T12:07:26.482+0000] {logging_mixin.py:115} INFO - [2022-09-02T12:07:26.481+0000] {dagbag.py:508} INFO - Filling up the DagBag from /home/airflow/.local/lib/python3.7/site-packages/airflow/example_dags/example_task_group_decorator.py
[2022-09-02T12:07:26.498+0000] {processor.py:650} INFO - DAG(s) dict_keys(['example_task_group_decorator']) retrieved from /home/airflow/.local/lib/python3.7/site-packages/airflow/example_dags/example_task_group_decorator.py
[2022-09-02T12:07:26.548+0000] {logging_mixin.py:115} INFO - [2022-09-02T12:07:26.548+0000] {dag.py:2429} INFO - Sync 1 DAGs
[2022-09-02T12:07:26.564+0000] {logging_mixin.py:115} INFO - [2022-09-02T12:07:26.563+0000] {dag.py:2981} INFO - Setting next_dagrun for example_task_group_decorator to 2022-09-01T12:07:26.563853+00:00, run_after=2022-09-02T12:07:26.563853+00:00
[2022-09-02T12:07:26.577+0000] {processor.py:161} INFO - Processing /home/airflow/.local/lib/python3.7/site-packages/airflow/example_dags/example_task_group_decorator.py took 0.101 seconds
[2022-09-02T12:07:57.352+0000] {processor.py:153} INFO - Started process (PID=8132) to work on /home/airflow/.local/lib/python3.7/site-packages/airflow/example_dags/example_task_group_decorator.py
[2022-09-02T12:07:57.354+0000] {processor.py:640} INFO - Processing file /home/airflow/.local/lib/python3.7/site-packages/airflow/example_dags/example_task_group_decorator.py for tasks to queue
[2022-09-02T12:07:57.355+0000] {logging_mixin.py:115} INFO - [2022-09-02T12:07:57.355+0000] {dagbag.py:508} INFO - Filling up the DagBag from /home/airflow/.local/lib/python3.7/site-packages/airflow/example_dags/example_task_group_decorator.py
[2022-09-02T12:07:57.371+0000] {processor.py:650} INFO - DAG(s) dict_keys(['example_task_group_decorator']) retrieved from /home/airflow/.local/lib/python3.7/site-packages/airflow/example_dags/example_task_group_decorator.py
[2022-09-02T12:07:57.416+0000] {logging_mixin.py:115} INFO - [2022-09-02T12:07:57.416+0000] {dag.py:2429} INFO - Sync 1 DAGs
[2022-09-02T12:07:57.427+0000] {logging_mixin.py:115} INFO - [2022-09-02T12:07:57.427+0000] {dag.py:2981} INFO - Setting next_dagrun for example_task_group_decorator to 2022-09-01T12:07:57.427714+00:00, run_after=2022-09-02T12:07:57.427714+00:00
[2022-09-02T12:07:57.437+0000] {processor.py:161} INFO - Processing /home/airflow/.local/lib/python3.7/site-packages/airflow/example_dags/example_task_group_decorator.py took 0.087 seconds
