[2022-09-02T11:47:23.387+0000] {processor.py:153} INFO - Started process (PID=177) to work on /home/airflow/.local/lib/python3.7/site-packages/airflow/example_dags/example_nested_branch_dag.py
[2022-09-02T11:47:23.388+0000] {processor.py:640} INFO - Processing file /home/airflow/.local/lib/python3.7/site-packages/airflow/example_dags/example_nested_branch_dag.py for tasks to queue
[2022-09-02T11:47:23.390+0000] {logging_mixin.py:115} INFO - [2022-09-02T11:47:23.389+0000] {dagbag.py:508} INFO - Filling up the DagBag from /home/airflow/.local/lib/python3.7/site-packages/airflow/example_dags/example_nested_branch_dag.py
[2022-09-02T11:47:23.397+0000] {processor.py:650} INFO - DAG(s) dict_keys(['example_nested_branch_dag']) retrieved from /home/airflow/.local/lib/python3.7/site-packages/airflow/example_dags/example_nested_branch_dag.py
[2022-09-02T11:47:23.446+0000] {logging_mixin.py:115} INFO - [2022-09-02T11:47:23.446+0000] {manager.py:508} INFO - Created Permission View: can edit on DAG:example_nested_branch_dag
[2022-09-02T11:47:23.452+0000] {logging_mixin.py:115} INFO - [2022-09-02T11:47:23.452+0000] {manager.py:508} INFO - Created Permission View: can delete on DAG:example_nested_branch_dag
[2022-09-02T11:47:23.458+0000] {logging_mixin.py:115} INFO - [2022-09-02T11:47:23.458+0000] {manager.py:508} INFO - Created Permission View: can read on DAG:example_nested_branch_dag
[2022-09-02T11:47:23.459+0000] {logging_mixin.py:115} INFO - [2022-09-02T11:47:23.459+0000] {dag.py:2429} INFO - Sync 1 DAGs
[2022-09-02T11:47:23.465+0000] {logging_mixin.py:115} INFO - [2022-09-02T11:47:23.465+0000] {dag.py:2448} INFO - Creating ORM DAG for example_nested_branch_dag
[2022-09-02T11:47:23.472+0000] {logging_mixin.py:115} INFO - [2022-09-02T11:47:23.472+0000] {dag.py:2981} INFO - Setting next_dagrun for example_nested_branch_dag to 2022-09-01T00:00:00+00:00, run_after=2022-09-02T00:00:00+00:00
[2022-09-02T11:47:23.481+0000] {processor.py:161} INFO - Processing /home/airflow/.local/lib/python3.7/site-packages/airflow/example_dags/example_nested_branch_dag.py took 0.096 seconds
[2022-09-02T11:47:53.557+0000] {processor.py:153} INFO - Started process (PID=372) to work on /home/airflow/.local/lib/python3.7/site-packages/airflow/example_dags/example_nested_branch_dag.py
[2022-09-02T11:47:53.559+0000] {processor.py:640} INFO - Processing file /home/airflow/.local/lib/python3.7/site-packages/airflow/example_dags/example_nested_branch_dag.py for tasks to queue
[2022-09-02T11:47:53.561+0000] {logging_mixin.py:115} INFO - [2022-09-02T11:47:53.561+0000] {dagbag.py:508} INFO - Filling up the DagBag from /home/airflow/.local/lib/python3.7/site-packages/airflow/example_dags/example_nested_branch_dag.py
[2022-09-02T11:47:53.569+0000] {processor.py:650} INFO - DAG(s) dict_keys(['example_nested_branch_dag']) retrieved from /home/airflow/.local/lib/python3.7/site-packages/airflow/example_dags/example_nested_branch_dag.py
[2022-09-02T11:47:53.591+0000] {logging_mixin.py:115} INFO - [2022-09-02T11:47:53.591+0000] {dag.py:2429} INFO - Sync 1 DAGs
[2022-09-02T11:47:53.604+0000] {logging_mixin.py:115} INFO - [2022-09-02T11:47:53.604+0000] {dag.py:2981} INFO - Setting next_dagrun for example_nested_branch_dag to 2022-09-01T00:00:00+00:00, run_after=2022-09-02T00:00:00+00:00
[2022-09-02T11:47:53.613+0000] {processor.py:161} INFO - Processing /home/airflow/.local/lib/python3.7/site-packages/airflow/example_dags/example_nested_branch_dag.py took 0.058 seconds
[2022-09-02T11:48:23.669+0000] {processor.py:153} INFO - Started process (PID=570) to work on /home/airflow/.local/lib/python3.7/site-packages/airflow/example_dags/example_nested_branch_dag.py
[2022-09-02T11:48:23.670+0000] {processor.py:640} INFO - Processing file /home/airflow/.local/lib/python3.7/site-packages/airflow/example_dags/example_nested_branch_dag.py for tasks to queue
[2022-09-02T11:48:23.672+0000] {logging_mixin.py:115} INFO - [2022-09-02T11:48:23.671+0000] {dagbag.py:508} INFO - Filling up the DagBag from /home/airflow/.local/lib/python3.7/site-packages/airflow/example_dags/example_nested_branch_dag.py
[2022-09-02T11:48:23.680+0000] {processor.py:650} INFO - DAG(s) dict_keys(['example_nested_branch_dag']) retrieved from /home/airflow/.local/lib/python3.7/site-packages/airflow/example_dags/example_nested_branch_dag.py
[2022-09-02T11:48:23.699+0000] {logging_mixin.py:115} INFO - [2022-09-02T11:48:23.699+0000] {dag.py:2429} INFO - Sync 1 DAGs
[2022-09-02T11:48:23.713+0000] {logging_mixin.py:115} INFO - [2022-09-02T11:48:23.713+0000] {dag.py:2981} INFO - Setting next_dagrun for example_nested_branch_dag to 2022-09-01T00:00:00+00:00, run_after=2022-09-02T00:00:00+00:00
[2022-09-02T11:48:23.723+0000] {processor.py:161} INFO - Processing /home/airflow/.local/lib/python3.7/site-packages/airflow/example_dags/example_nested_branch_dag.py took 0.056 seconds
[2022-09-02T11:48:53.757+0000] {processor.py:153} INFO - Started process (PID=755) to work on /home/airflow/.local/lib/python3.7/site-packages/airflow/example_dags/example_nested_branch_dag.py
[2022-09-02T11:48:53.759+0000] {processor.py:640} INFO - Processing file /home/airflow/.local/lib/python3.7/site-packages/airflow/example_dags/example_nested_branch_dag.py for tasks to queue
[2022-09-02T11:48:53.760+0000] {logging_mixin.py:115} INFO - [2022-09-02T11:48:53.760+0000] {dagbag.py:508} INFO - Filling up the DagBag from /home/airflow/.local/lib/python3.7/site-packages/airflow/example_dags/example_nested_branch_dag.py
[2022-09-02T11:48:53.767+0000] {processor.py:650} INFO - DAG(s) dict_keys(['example_nested_branch_dag']) retrieved from /home/airflow/.local/lib/python3.7/site-packages/airflow/example_dags/example_nested_branch_dag.py
[2022-09-02T11:48:53.785+0000] {logging_mixin.py:115} INFO - [2022-09-02T11:48:53.785+0000] {dag.py:2429} INFO - Sync 1 DAGs
[2022-09-02T11:48:53.798+0000] {logging_mixin.py:115} INFO - [2022-09-02T11:48:53.798+0000] {dag.py:2981} INFO - Setting next_dagrun for example_nested_branch_dag to 2022-09-01T00:00:00+00:00, run_after=2022-09-02T00:00:00+00:00
[2022-09-02T11:48:53.806+0000] {processor.py:161} INFO - Processing /home/airflow/.local/lib/python3.7/site-packages/airflow/example_dags/example_nested_branch_dag.py took 0.051 seconds
[2022-09-02T11:49:24.682+0000] {processor.py:153} INFO - Started process (PID=954) to work on /home/airflow/.local/lib/python3.7/site-packages/airflow/example_dags/example_nested_branch_dag.py
[2022-09-02T11:49:24.683+0000] {processor.py:640} INFO - Processing file /home/airflow/.local/lib/python3.7/site-packages/airflow/example_dags/example_nested_branch_dag.py for tasks to queue
[2022-09-02T11:49:24.684+0000] {logging_mixin.py:115} INFO - [2022-09-02T11:49:24.684+0000] {dagbag.py:508} INFO - Filling up the DagBag from /home/airflow/.local/lib/python3.7/site-packages/airflow/example_dags/example_nested_branch_dag.py
[2022-09-02T11:49:24.692+0000] {processor.py:650} INFO - DAG(s) dict_keys(['example_nested_branch_dag']) retrieved from /home/airflow/.local/lib/python3.7/site-packages/airflow/example_dags/example_nested_branch_dag.py
[2022-09-02T11:49:24.711+0000] {logging_mixin.py:115} INFO - [2022-09-02T11:49:24.711+0000] {dag.py:2429} INFO - Sync 1 DAGs
[2022-09-02T11:49:24.724+0000] {logging_mixin.py:115} INFO - [2022-09-02T11:49:24.724+0000] {dag.py:2981} INFO - Setting next_dagrun for example_nested_branch_dag to 2022-09-01T00:00:00+00:00, run_after=2022-09-02T00:00:00+00:00
[2022-09-02T11:49:24.732+0000] {processor.py:161} INFO - Processing /home/airflow/.local/lib/python3.7/site-packages/airflow/example_dags/example_nested_branch_dag.py took 0.052 seconds
[2022-09-02T11:49:55.594+0000] {processor.py:153} INFO - Started process (PID=1151) to work on /home/airflow/.local/lib/python3.7/site-packages/airflow/example_dags/example_nested_branch_dag.py
[2022-09-02T11:49:55.596+0000] {processor.py:640} INFO - Processing file /home/airflow/.local/lib/python3.7/site-packages/airflow/example_dags/example_nested_branch_dag.py for tasks to queue
[2022-09-02T11:49:55.598+0000] {logging_mixin.py:115} INFO - [2022-09-02T11:49:55.597+0000] {dagbag.py:508} INFO - Filling up the DagBag from /home/airflow/.local/lib/python3.7/site-packages/airflow/example_dags/example_nested_branch_dag.py
[2022-09-02T11:49:55.606+0000] {processor.py:650} INFO - DAG(s) dict_keys(['example_nested_branch_dag']) retrieved from /home/airflow/.local/lib/python3.7/site-packages/airflow/example_dags/example_nested_branch_dag.py
[2022-09-02T11:49:55.624+0000] {logging_mixin.py:115} INFO - [2022-09-02T11:49:55.624+0000] {dag.py:2429} INFO - Sync 1 DAGs
[2022-09-02T11:49:55.639+0000] {logging_mixin.py:115} INFO - [2022-09-02T11:49:55.638+0000] {dag.py:2981} INFO - Setting next_dagrun for example_nested_branch_dag to 2022-09-01T00:00:00+00:00, run_after=2022-09-02T00:00:00+00:00
[2022-09-02T11:49:55.647+0000] {processor.py:161} INFO - Processing /home/airflow/.local/lib/python3.7/site-packages/airflow/example_dags/example_nested_branch_dag.py took 0.055 seconds
[2022-09-02T11:50:26.356+0000] {processor.py:153} INFO - Started process (PID=1348) to work on /home/airflow/.local/lib/python3.7/site-packages/airflow/example_dags/example_nested_branch_dag.py
[2022-09-02T11:50:26.358+0000] {processor.py:640} INFO - Processing file /home/airflow/.local/lib/python3.7/site-packages/airflow/example_dags/example_nested_branch_dag.py for tasks to queue
[2022-09-02T11:50:26.359+0000] {logging_mixin.py:115} INFO - [2022-09-02T11:50:26.359+0000] {dagbag.py:508} INFO - Filling up the DagBag from /home/airflow/.local/lib/python3.7/site-packages/airflow/example_dags/example_nested_branch_dag.py
[2022-09-02T11:50:26.366+0000] {processor.py:650} INFO - DAG(s) dict_keys(['example_nested_branch_dag']) retrieved from /home/airflow/.local/lib/python3.7/site-packages/airflow/example_dags/example_nested_branch_dag.py
[2022-09-02T11:50:26.383+0000] {logging_mixin.py:115} INFO - [2022-09-02T11:50:26.383+0000] {dag.py:2429} INFO - Sync 1 DAGs
[2022-09-02T11:50:26.396+0000] {logging_mixin.py:115} INFO - [2022-09-02T11:50:26.396+0000] {dag.py:2981} INFO - Setting next_dagrun for example_nested_branch_dag to 2022-09-01T00:00:00+00:00, run_after=2022-09-02T00:00:00+00:00
[2022-09-02T11:50:26.404+0000] {processor.py:161} INFO - Processing /home/airflow/.local/lib/python3.7/site-packages/airflow/example_dags/example_nested_branch_dag.py took 0.050 seconds
[2022-09-02T11:50:57.151+0000] {processor.py:153} INFO - Started process (PID=1547) to work on /home/airflow/.local/lib/python3.7/site-packages/airflow/example_dags/example_nested_branch_dag.py
[2022-09-02T11:50:57.153+0000] {processor.py:640} INFO - Processing file /home/airflow/.local/lib/python3.7/site-packages/airflow/example_dags/example_nested_branch_dag.py for tasks to queue
[2022-09-02T11:50:57.154+0000] {logging_mixin.py:115} INFO - [2022-09-02T11:50:57.154+0000] {dagbag.py:508} INFO - Filling up the DagBag from /home/airflow/.local/lib/python3.7/site-packages/airflow/example_dags/example_nested_branch_dag.py
[2022-09-02T11:50:57.161+0000] {processor.py:650} INFO - DAG(s) dict_keys(['example_nested_branch_dag']) retrieved from /home/airflow/.local/lib/python3.7/site-packages/airflow/example_dags/example_nested_branch_dag.py
[2022-09-02T11:50:57.179+0000] {logging_mixin.py:115} INFO - [2022-09-02T11:50:57.178+0000] {dag.py:2429} INFO - Sync 1 DAGs
[2022-09-02T11:50:57.191+0000] {logging_mixin.py:115} INFO - [2022-09-02T11:50:57.191+0000] {dag.py:2981} INFO - Setting next_dagrun for example_nested_branch_dag to 2022-09-01T00:00:00+00:00, run_after=2022-09-02T00:00:00+00:00
[2022-09-02T11:50:57.199+0000] {processor.py:161} INFO - Processing /home/airflow/.local/lib/python3.7/site-packages/airflow/example_dags/example_nested_branch_dag.py took 0.050 seconds
[2022-09-02T11:51:27.892+0000] {processor.py:153} INFO - Started process (PID=1745) to work on /home/airflow/.local/lib/python3.7/site-packages/airflow/example_dags/example_nested_branch_dag.py
[2022-09-02T11:51:27.894+0000] {processor.py:640} INFO - Processing file /home/airflow/.local/lib/python3.7/site-packages/airflow/example_dags/example_nested_branch_dag.py for tasks to queue
[2022-09-02T11:51:27.895+0000] {logging_mixin.py:115} INFO - [2022-09-02T11:51:27.895+0000] {dagbag.py:508} INFO - Filling up the DagBag from /home/airflow/.local/lib/python3.7/site-packages/airflow/example_dags/example_nested_branch_dag.py
[2022-09-02T11:51:27.903+0000] {processor.py:650} INFO - DAG(s) dict_keys(['example_nested_branch_dag']) retrieved from /home/airflow/.local/lib/python3.7/site-packages/airflow/example_dags/example_nested_branch_dag.py
[2022-09-02T11:51:27.921+0000] {logging_mixin.py:115} INFO - [2022-09-02T11:51:27.921+0000] {dag.py:2429} INFO - Sync 1 DAGs
[2022-09-02T11:51:27.934+0000] {logging_mixin.py:115} INFO - [2022-09-02T11:51:27.934+0000] {dag.py:2981} INFO - Setting next_dagrun for example_nested_branch_dag to 2022-09-01T00:00:00+00:00, run_after=2022-09-02T00:00:00+00:00
[2022-09-02T11:51:27.942+0000] {processor.py:161} INFO - Processing /home/airflow/.local/lib/python3.7/site-packages/airflow/example_dags/example_nested_branch_dag.py took 0.053 seconds
[2022-09-02T11:51:58.651+0000] {processor.py:153} INFO - Started process (PID=1940) to work on /home/airflow/.local/lib/python3.7/site-packages/airflow/example_dags/example_nested_branch_dag.py
[2022-09-02T11:51:58.653+0000] {processor.py:640} INFO - Processing file /home/airflow/.local/lib/python3.7/site-packages/airflow/example_dags/example_nested_branch_dag.py for tasks to queue
[2022-09-02T11:51:58.654+0000] {logging_mixin.py:115} INFO - [2022-09-02T11:51:58.654+0000] {dagbag.py:508} INFO - Filling up the DagBag from /home/airflow/.local/lib/python3.7/site-packages/airflow/example_dags/example_nested_branch_dag.py
[2022-09-02T11:51:58.662+0000] {processor.py:650} INFO - DAG(s) dict_keys(['example_nested_branch_dag']) retrieved from /home/airflow/.local/lib/python3.7/site-packages/airflow/example_dags/example_nested_branch_dag.py
[2022-09-02T11:51:58.681+0000] {logging_mixin.py:115} INFO - [2022-09-02T11:51:58.681+0000] {dag.py:2429} INFO - Sync 1 DAGs
[2022-09-02T11:51:58.697+0000] {logging_mixin.py:115} INFO - [2022-09-02T11:51:58.697+0000] {dag.py:2981} INFO - Setting next_dagrun for example_nested_branch_dag to 2022-09-01T00:00:00+00:00, run_after=2022-09-02T00:00:00+00:00
[2022-09-02T11:51:58.710+0000] {processor.py:161} INFO - Processing /home/airflow/.local/lib/python3.7/site-packages/airflow/example_dags/example_nested_branch_dag.py took 0.061 seconds
[2022-09-02T11:52:29.659+0000] {processor.py:153} INFO - Started process (PID=2130) to work on /home/airflow/.local/lib/python3.7/site-packages/airflow/example_dags/example_nested_branch_dag.py
[2022-09-02T11:52:29.661+0000] {processor.py:640} INFO - Processing file /home/airflow/.local/lib/python3.7/site-packages/airflow/example_dags/example_nested_branch_dag.py for tasks to queue
[2022-09-02T11:52:29.663+0000] {logging_mixin.py:115} INFO - [2022-09-02T11:52:29.663+0000] {dagbag.py:508} INFO - Filling up the DagBag from /home/airflow/.local/lib/python3.7/site-packages/airflow/example_dags/example_nested_branch_dag.py
[2022-09-02T11:52:29.670+0000] {processor.py:650} INFO - DAG(s) dict_keys(['example_nested_branch_dag']) retrieved from /home/airflow/.local/lib/python3.7/site-packages/airflow/example_dags/example_nested_branch_dag.py
[2022-09-02T11:52:29.691+0000] {logging_mixin.py:115} INFO - [2022-09-02T11:52:29.691+0000] {dag.py:2429} INFO - Sync 1 DAGs
[2022-09-02T11:52:29.707+0000] {logging_mixin.py:115} INFO - [2022-09-02T11:52:29.707+0000] {dag.py:2981} INFO - Setting next_dagrun for example_nested_branch_dag to 2022-09-01T00:00:00+00:00, run_after=2022-09-02T00:00:00+00:00
[2022-09-02T11:52:29.717+0000] {processor.py:161} INFO - Processing /home/airflow/.local/lib/python3.7/site-packages/airflow/example_dags/example_nested_branch_dag.py took 0.060 seconds
[2022-09-02T11:53:00.381+0000] {processor.py:153} INFO - Started process (PID=2328) to work on /home/airflow/.local/lib/python3.7/site-packages/airflow/example_dags/example_nested_branch_dag.py
[2022-09-02T11:53:00.382+0000] {processor.py:640} INFO - Processing file /home/airflow/.local/lib/python3.7/site-packages/airflow/example_dags/example_nested_branch_dag.py for tasks to queue
[2022-09-02T11:53:00.384+0000] {logging_mixin.py:115} INFO - [2022-09-02T11:53:00.384+0000] {dagbag.py:508} INFO - Filling up the DagBag from /home/airflow/.local/lib/python3.7/site-packages/airflow/example_dags/example_nested_branch_dag.py
[2022-09-02T11:53:00.394+0000] {processor.py:650} INFO - DAG(s) dict_keys(['example_nested_branch_dag']) retrieved from /home/airflow/.local/lib/python3.7/site-packages/airflow/example_dags/example_nested_branch_dag.py
[2022-09-02T11:53:00.414+0000] {logging_mixin.py:115} INFO - [2022-09-02T11:53:00.414+0000] {dag.py:2429} INFO - Sync 1 DAGs
[2022-09-02T11:53:00.430+0000] {logging_mixin.py:115} INFO - [2022-09-02T11:53:00.430+0000] {dag.py:2981} INFO - Setting next_dagrun for example_nested_branch_dag to 2022-09-01T00:00:00+00:00, run_after=2022-09-02T00:00:00+00:00
[2022-09-02T11:53:00.437+0000] {processor.py:161} INFO - Processing /home/airflow/.local/lib/python3.7/site-packages/airflow/example_dags/example_nested_branch_dag.py took 0.059 seconds
[2022-09-02T11:53:31.132+0000] {processor.py:153} INFO - Started process (PID=2526) to work on /home/airflow/.local/lib/python3.7/site-packages/airflow/example_dags/example_nested_branch_dag.py
[2022-09-02T11:53:31.135+0000] {processor.py:640} INFO - Processing file /home/airflow/.local/lib/python3.7/site-packages/airflow/example_dags/example_nested_branch_dag.py for tasks to queue
[2022-09-02T11:53:31.136+0000] {logging_mixin.py:115} INFO - [2022-09-02T11:53:31.136+0000] {dagbag.py:508} INFO - Filling up the DagBag from /home/airflow/.local/lib/python3.7/site-packages/airflow/example_dags/example_nested_branch_dag.py
[2022-09-02T11:53:31.144+0000] {processor.py:650} INFO - DAG(s) dict_keys(['example_nested_branch_dag']) retrieved from /home/airflow/.local/lib/python3.7/site-packages/airflow/example_dags/example_nested_branch_dag.py
[2022-09-02T11:53:31.160+0000] {logging_mixin.py:115} INFO - [2022-09-02T11:53:31.160+0000] {dag.py:2429} INFO - Sync 1 DAGs
[2022-09-02T11:53:31.175+0000] {logging_mixin.py:115} INFO - [2022-09-02T11:53:31.175+0000] {dag.py:2981} INFO - Setting next_dagrun for example_nested_branch_dag to 2022-09-01T00:00:00+00:00, run_after=2022-09-02T00:00:00+00:00
[2022-09-02T11:53:31.182+0000] {processor.py:161} INFO - Processing /home/airflow/.local/lib/python3.7/site-packages/airflow/example_dags/example_nested_branch_dag.py took 0.052 seconds
[2022-09-02T11:54:01.957+0000] {processor.py:153} INFO - Started process (PID=2723) to work on /home/airflow/.local/lib/python3.7/site-packages/airflow/example_dags/example_nested_branch_dag.py
[2022-09-02T11:54:01.959+0000] {processor.py:640} INFO - Processing file /home/airflow/.local/lib/python3.7/site-packages/airflow/example_dags/example_nested_branch_dag.py for tasks to queue
[2022-09-02T11:54:01.960+0000] {logging_mixin.py:115} INFO - [2022-09-02T11:54:01.960+0000] {dagbag.py:508} INFO - Filling up the DagBag from /home/airflow/.local/lib/python3.7/site-packages/airflow/example_dags/example_nested_branch_dag.py
[2022-09-02T11:54:01.967+0000] {processor.py:650} INFO - DAG(s) dict_keys(['example_nested_branch_dag']) retrieved from /home/airflow/.local/lib/python3.7/site-packages/airflow/example_dags/example_nested_branch_dag.py
[2022-09-02T11:54:01.986+0000] {logging_mixin.py:115} INFO - [2022-09-02T11:54:01.986+0000] {dag.py:2429} INFO - Sync 1 DAGs
[2022-09-02T11:54:02.000+0000] {logging_mixin.py:115} INFO - [2022-09-02T11:54:02.000+0000] {dag.py:2981} INFO - Setting next_dagrun for example_nested_branch_dag to 2022-09-01T00:00:00+00:00, run_after=2022-09-02T00:00:00+00:00
[2022-09-02T11:54:02.007+0000] {processor.py:161} INFO - Processing /home/airflow/.local/lib/python3.7/site-packages/airflow/example_dags/example_nested_branch_dag.py took 0.053 seconds
[2022-09-02T11:54:32.764+0000] {processor.py:153} INFO - Started process (PID=2919) to work on /home/airflow/.local/lib/python3.7/site-packages/airflow/example_dags/example_nested_branch_dag.py
[2022-09-02T11:54:32.765+0000] {processor.py:640} INFO - Processing file /home/airflow/.local/lib/python3.7/site-packages/airflow/example_dags/example_nested_branch_dag.py for tasks to queue
[2022-09-02T11:54:32.767+0000] {logging_mixin.py:115} INFO - [2022-09-02T11:54:32.767+0000] {dagbag.py:508} INFO - Filling up the DagBag from /home/airflow/.local/lib/python3.7/site-packages/airflow/example_dags/example_nested_branch_dag.py
[2022-09-02T11:54:32.775+0000] {processor.py:650} INFO - DAG(s) dict_keys(['example_nested_branch_dag']) retrieved from /home/airflow/.local/lib/python3.7/site-packages/airflow/example_dags/example_nested_branch_dag.py
[2022-09-02T11:54:32.794+0000] {logging_mixin.py:115} INFO - [2022-09-02T11:54:32.794+0000] {dag.py:2429} INFO - Sync 1 DAGs
[2022-09-02T11:54:32.808+0000] {logging_mixin.py:115} INFO - [2022-09-02T11:54:32.808+0000] {dag.py:2981} INFO - Setting next_dagrun for example_nested_branch_dag to 2022-09-01T00:00:00+00:00, run_after=2022-09-02T00:00:00+00:00
[2022-09-02T11:54:32.815+0000] {processor.py:161} INFO - Processing /home/airflow/.local/lib/python3.7/site-packages/airflow/example_dags/example_nested_branch_dag.py took 0.054 seconds
[2022-09-02T11:55:03.475+0000] {processor.py:153} INFO - Started process (PID=3117) to work on /home/airflow/.local/lib/python3.7/site-packages/airflow/example_dags/example_nested_branch_dag.py
[2022-09-02T11:55:03.477+0000] {processor.py:640} INFO - Processing file /home/airflow/.local/lib/python3.7/site-packages/airflow/example_dags/example_nested_branch_dag.py for tasks to queue
[2022-09-02T11:55:03.478+0000] {logging_mixin.py:115} INFO - [2022-09-02T11:55:03.478+0000] {dagbag.py:508} INFO - Filling up the DagBag from /home/airflow/.local/lib/python3.7/site-packages/airflow/example_dags/example_nested_branch_dag.py
[2022-09-02T11:55:03.486+0000] {processor.py:650} INFO - DAG(s) dict_keys(['example_nested_branch_dag']) retrieved from /home/airflow/.local/lib/python3.7/site-packages/airflow/example_dags/example_nested_branch_dag.py
[2022-09-02T11:55:03.503+0000] {logging_mixin.py:115} INFO - [2022-09-02T11:55:03.503+0000] {dag.py:2429} INFO - Sync 1 DAGs
[2022-09-02T11:55:03.518+0000] {logging_mixin.py:115} INFO - [2022-09-02T11:55:03.518+0000] {dag.py:2981} INFO - Setting next_dagrun for example_nested_branch_dag to 2022-09-01T00:00:00+00:00, run_after=2022-09-02T00:00:00+00:00
[2022-09-02T11:55:03.525+0000] {processor.py:161} INFO - Processing /home/airflow/.local/lib/python3.7/site-packages/airflow/example_dags/example_nested_branch_dag.py took 0.052 seconds
[2022-09-02T11:55:34.337+0000] {processor.py:153} INFO - Started process (PID=3305) to work on /home/airflow/.local/lib/python3.7/site-packages/airflow/example_dags/example_nested_branch_dag.py
[2022-09-02T11:55:34.339+0000] {processor.py:640} INFO - Processing file /home/airflow/.local/lib/python3.7/site-packages/airflow/example_dags/example_nested_branch_dag.py for tasks to queue
[2022-09-02T11:55:34.340+0000] {logging_mixin.py:115} INFO - [2022-09-02T11:55:34.340+0000] {dagbag.py:508} INFO - Filling up the DagBag from /home/airflow/.local/lib/python3.7/site-packages/airflow/example_dags/example_nested_branch_dag.py
[2022-09-02T11:55:34.347+0000] {processor.py:650} INFO - DAG(s) dict_keys(['example_nested_branch_dag']) retrieved from /home/airflow/.local/lib/python3.7/site-packages/airflow/example_dags/example_nested_branch_dag.py
[2022-09-02T11:55:34.363+0000] {logging_mixin.py:115} INFO - [2022-09-02T11:55:34.363+0000] {dag.py:2429} INFO - Sync 1 DAGs
[2022-09-02T11:55:34.378+0000] {logging_mixin.py:115} INFO - [2022-09-02T11:55:34.377+0000] {dag.py:2981} INFO - Setting next_dagrun for example_nested_branch_dag to 2022-09-01T00:00:00+00:00, run_after=2022-09-02T00:00:00+00:00
[2022-09-02T11:55:34.384+0000] {processor.py:161} INFO - Processing /home/airflow/.local/lib/python3.7/site-packages/airflow/example_dags/example_nested_branch_dag.py took 0.050 seconds
[2022-09-02T11:56:05.084+0000] {processor.py:153} INFO - Started process (PID=3502) to work on /home/airflow/.local/lib/python3.7/site-packages/airflow/example_dags/example_nested_branch_dag.py
[2022-09-02T11:56:05.085+0000] {processor.py:640} INFO - Processing file /home/airflow/.local/lib/python3.7/site-packages/airflow/example_dags/example_nested_branch_dag.py for tasks to queue
[2022-09-02T11:56:05.087+0000] {logging_mixin.py:115} INFO - [2022-09-02T11:56:05.087+0000] {dagbag.py:508} INFO - Filling up the DagBag from /home/airflow/.local/lib/python3.7/site-packages/airflow/example_dags/example_nested_branch_dag.py
[2022-09-02T11:56:05.095+0000] {processor.py:650} INFO - DAG(s) dict_keys(['example_nested_branch_dag']) retrieved from /home/airflow/.local/lib/python3.7/site-packages/airflow/example_dags/example_nested_branch_dag.py
[2022-09-02T11:56:05.114+0000] {logging_mixin.py:115} INFO - [2022-09-02T11:56:05.114+0000] {dag.py:2429} INFO - Sync 1 DAGs
[2022-09-02T11:56:05.130+0000] {logging_mixin.py:115} INFO - [2022-09-02T11:56:05.130+0000] {dag.py:2981} INFO - Setting next_dagrun for example_nested_branch_dag to 2022-09-01T00:00:00+00:00, run_after=2022-09-02T00:00:00+00:00
[2022-09-02T11:56:05.137+0000] {processor.py:161} INFO - Processing /home/airflow/.local/lib/python3.7/site-packages/airflow/example_dags/example_nested_branch_dag.py took 0.055 seconds
[2022-09-02T11:56:36.062+0000] {processor.py:153} INFO - Started process (PID=3698) to work on /home/airflow/.local/lib/python3.7/site-packages/airflow/example_dags/example_nested_branch_dag.py
[2022-09-02T11:56:36.064+0000] {processor.py:640} INFO - Processing file /home/airflow/.local/lib/python3.7/site-packages/airflow/example_dags/example_nested_branch_dag.py for tasks to queue
[2022-09-02T11:56:36.065+0000] {logging_mixin.py:115} INFO - [2022-09-02T11:56:36.065+0000] {dagbag.py:508} INFO - Filling up the DagBag from /home/airflow/.local/lib/python3.7/site-packages/airflow/example_dags/example_nested_branch_dag.py
[2022-09-02T11:56:36.073+0000] {processor.py:650} INFO - DAG(s) dict_keys(['example_nested_branch_dag']) retrieved from /home/airflow/.local/lib/python3.7/site-packages/airflow/example_dags/example_nested_branch_dag.py
[2022-09-02T11:56:36.090+0000] {logging_mixin.py:115} INFO - [2022-09-02T11:56:36.090+0000] {dag.py:2429} INFO - Sync 1 DAGs
[2022-09-02T11:56:36.104+0000] {logging_mixin.py:115} INFO - [2022-09-02T11:56:36.104+0000] {dag.py:2981} INFO - Setting next_dagrun for example_nested_branch_dag to 2022-09-01T00:00:00+00:00, run_after=2022-09-02T00:00:00+00:00
[2022-09-02T11:56:36.111+0000] {processor.py:161} INFO - Processing /home/airflow/.local/lib/python3.7/site-packages/airflow/example_dags/example_nested_branch_dag.py took 0.051 seconds
[2022-09-02T11:57:06.791+0000] {processor.py:153} INFO - Started process (PID=3895) to work on /home/airflow/.local/lib/python3.7/site-packages/airflow/example_dags/example_nested_branch_dag.py
[2022-09-02T11:57:06.792+0000] {processor.py:640} INFO - Processing file /home/airflow/.local/lib/python3.7/site-packages/airflow/example_dags/example_nested_branch_dag.py for tasks to queue
[2022-09-02T11:57:06.794+0000] {logging_mixin.py:115} INFO - [2022-09-02T11:57:06.794+0000] {dagbag.py:508} INFO - Filling up the DagBag from /home/airflow/.local/lib/python3.7/site-packages/airflow/example_dags/example_nested_branch_dag.py
[2022-09-02T11:57:06.802+0000] {processor.py:650} INFO - DAG(s) dict_keys(['example_nested_branch_dag']) retrieved from /home/airflow/.local/lib/python3.7/site-packages/airflow/example_dags/example_nested_branch_dag.py
[2022-09-02T11:57:06.821+0000] {logging_mixin.py:115} INFO - [2022-09-02T11:57:06.820+0000] {dag.py:2429} INFO - Sync 1 DAGs
[2022-09-02T11:57:06.836+0000] {logging_mixin.py:115} INFO - [2022-09-02T11:57:06.836+0000] {dag.py:2981} INFO - Setting next_dagrun for example_nested_branch_dag to 2022-09-01T00:00:00+00:00, run_after=2022-09-02T00:00:00+00:00
[2022-09-02T11:57:06.844+0000] {processor.py:161} INFO - Processing /home/airflow/.local/lib/python3.7/site-packages/airflow/example_dags/example_nested_branch_dag.py took 0.056 seconds
[2022-09-02T11:57:37.669+0000] {processor.py:153} INFO - Started process (PID=4090) to work on /home/airflow/.local/lib/python3.7/site-packages/airflow/example_dags/example_nested_branch_dag.py
[2022-09-02T11:57:37.671+0000] {processor.py:640} INFO - Processing file /home/airflow/.local/lib/python3.7/site-packages/airflow/example_dags/example_nested_branch_dag.py for tasks to queue
[2022-09-02T11:57:37.674+0000] {logging_mixin.py:115} INFO - [2022-09-02T11:57:37.674+0000] {dagbag.py:508} INFO - Filling up the DagBag from /home/airflow/.local/lib/python3.7/site-packages/airflow/example_dags/example_nested_branch_dag.py
[2022-09-02T11:57:37.681+0000] {processor.py:650} INFO - DAG(s) dict_keys(['example_nested_branch_dag']) retrieved from /home/airflow/.local/lib/python3.7/site-packages/airflow/example_dags/example_nested_branch_dag.py
[2022-09-02T11:57:37.699+0000] {logging_mixin.py:115} INFO - [2022-09-02T11:57:37.699+0000] {dag.py:2429} INFO - Sync 1 DAGs
[2022-09-02T11:57:37.714+0000] {logging_mixin.py:115} INFO - [2022-09-02T11:57:37.714+0000] {dag.py:2981} INFO - Setting next_dagrun for example_nested_branch_dag to 2022-09-01T00:00:00+00:00, run_after=2022-09-02T00:00:00+00:00
[2022-09-02T11:57:37.721+0000] {processor.py:161} INFO - Processing /home/airflow/.local/lib/python3.7/site-packages/airflow/example_dags/example_nested_branch_dag.py took 0.054 seconds
[2022-09-02T11:58:08.458+0000] {processor.py:153} INFO - Started process (PID=4287) to work on /home/airflow/.local/lib/python3.7/site-packages/airflow/example_dags/example_nested_branch_dag.py
[2022-09-02T11:58:08.460+0000] {processor.py:640} INFO - Processing file /home/airflow/.local/lib/python3.7/site-packages/airflow/example_dags/example_nested_branch_dag.py for tasks to queue
[2022-09-02T11:58:08.462+0000] {logging_mixin.py:115} INFO - [2022-09-02T11:58:08.462+0000] {dagbag.py:508} INFO - Filling up the DagBag from /home/airflow/.local/lib/python3.7/site-packages/airflow/example_dags/example_nested_branch_dag.py
[2022-09-02T11:58:08.469+0000] {processor.py:650} INFO - DAG(s) dict_keys(['example_nested_branch_dag']) retrieved from /home/airflow/.local/lib/python3.7/site-packages/airflow/example_dags/example_nested_branch_dag.py
[2022-09-02T11:58:08.488+0000] {logging_mixin.py:115} INFO - [2022-09-02T11:58:08.488+0000] {dag.py:2429} INFO - Sync 1 DAGs
[2022-09-02T11:58:08.503+0000] {logging_mixin.py:115} INFO - [2022-09-02T11:58:08.503+0000] {dag.py:2981} INFO - Setting next_dagrun for example_nested_branch_dag to 2022-09-01T00:00:00+00:00, run_after=2022-09-02T00:00:00+00:00
[2022-09-02T11:58:08.510+0000] {processor.py:161} INFO - Processing /home/airflow/.local/lib/python3.7/site-packages/airflow/example_dags/example_nested_branch_dag.py took 0.054 seconds
[2022-09-02T11:58:39.344+0000] {processor.py:153} INFO - Started process (PID=4484) to work on /home/airflow/.local/lib/python3.7/site-packages/airflow/example_dags/example_nested_branch_dag.py
[2022-09-02T11:58:39.346+0000] {processor.py:640} INFO - Processing file /home/airflow/.local/lib/python3.7/site-packages/airflow/example_dags/example_nested_branch_dag.py for tasks to queue
[2022-09-02T11:58:39.347+0000] {logging_mixin.py:115} INFO - [2022-09-02T11:58:39.347+0000] {dagbag.py:508} INFO - Filling up the DagBag from /home/airflow/.local/lib/python3.7/site-packages/airflow/example_dags/example_nested_branch_dag.py
[2022-09-02T11:58:39.355+0000] {processor.py:650} INFO - DAG(s) dict_keys(['example_nested_branch_dag']) retrieved from /home/airflow/.local/lib/python3.7/site-packages/airflow/example_dags/example_nested_branch_dag.py
[2022-09-02T11:58:39.375+0000] {logging_mixin.py:115} INFO - [2022-09-02T11:58:39.375+0000] {dag.py:2429} INFO - Sync 1 DAGs
[2022-09-02T11:58:39.393+0000] {logging_mixin.py:115} INFO - [2022-09-02T11:58:39.393+0000] {dag.py:2981} INFO - Setting next_dagrun for example_nested_branch_dag to 2022-09-01T00:00:00+00:00, run_after=2022-09-02T00:00:00+00:00
[2022-09-02T11:58:39.402+0000] {processor.py:161} INFO - Processing /home/airflow/.local/lib/python3.7/site-packages/airflow/example_dags/example_nested_branch_dag.py took 0.060 seconds
[2022-09-02T11:59:10.256+0000] {processor.py:153} INFO - Started process (PID=4672) to work on /home/airflow/.local/lib/python3.7/site-packages/airflow/example_dags/example_nested_branch_dag.py
[2022-09-02T11:59:10.267+0000] {processor.py:640} INFO - Processing file /home/airflow/.local/lib/python3.7/site-packages/airflow/example_dags/example_nested_branch_dag.py for tasks to queue
[2022-09-02T11:59:10.269+0000] {logging_mixin.py:115} INFO - [2022-09-02T11:59:10.269+0000] {dagbag.py:508} INFO - Filling up the DagBag from /home/airflow/.local/lib/python3.7/site-packages/airflow/example_dags/example_nested_branch_dag.py
[2022-09-02T11:59:10.278+0000] {processor.py:650} INFO - DAG(s) dict_keys(['example_nested_branch_dag']) retrieved from /home/airflow/.local/lib/python3.7/site-packages/airflow/example_dags/example_nested_branch_dag.py
[2022-09-02T11:59:10.297+0000] {logging_mixin.py:115} INFO - [2022-09-02T11:59:10.297+0000] {dag.py:2429} INFO - Sync 1 DAGs
[2022-09-02T11:59:10.313+0000] {logging_mixin.py:115} INFO - [2022-09-02T11:59:10.313+0000] {dag.py:2981} INFO - Setting next_dagrun for example_nested_branch_dag to 2022-09-01T00:00:00+00:00, run_after=2022-09-02T00:00:00+00:00
[2022-09-02T11:59:10.320+0000] {processor.py:161} INFO - Processing /home/airflow/.local/lib/python3.7/site-packages/airflow/example_dags/example_nested_branch_dag.py took 0.067 seconds
[2022-09-02T11:59:41.083+0000] {processor.py:153} INFO - Started process (PID=4871) to work on /home/airflow/.local/lib/python3.7/site-packages/airflow/example_dags/example_nested_branch_dag.py
[2022-09-02T11:59:41.085+0000] {processor.py:640} INFO - Processing file /home/airflow/.local/lib/python3.7/site-packages/airflow/example_dags/example_nested_branch_dag.py for tasks to queue
[2022-09-02T11:59:41.087+0000] {logging_mixin.py:115} INFO - [2022-09-02T11:59:41.087+0000] {dagbag.py:508} INFO - Filling up the DagBag from /home/airflow/.local/lib/python3.7/site-packages/airflow/example_dags/example_nested_branch_dag.py
[2022-09-02T11:59:41.094+0000] {processor.py:650} INFO - DAG(s) dict_keys(['example_nested_branch_dag']) retrieved from /home/airflow/.local/lib/python3.7/site-packages/airflow/example_dags/example_nested_branch_dag.py
[2022-09-02T11:59:41.113+0000] {logging_mixin.py:115} INFO - [2022-09-02T11:59:41.113+0000] {dag.py:2429} INFO - Sync 1 DAGs
[2022-09-02T11:59:41.133+0000] {logging_mixin.py:115} INFO - [2022-09-02T11:59:41.133+0000] {dag.py:2981} INFO - Setting next_dagrun for example_nested_branch_dag to 2022-09-01T00:00:00+00:00, run_after=2022-09-02T00:00:00+00:00
[2022-09-02T11:59:41.148+0000] {processor.py:161} INFO - Processing /home/airflow/.local/lib/python3.7/site-packages/airflow/example_dags/example_nested_branch_dag.py took 0.066 seconds
[2022-09-02T12:00:12.014+0000] {processor.py:153} INFO - Started process (PID=5066) to work on /home/airflow/.local/lib/python3.7/site-packages/airflow/example_dags/example_nested_branch_dag.py
[2022-09-02T12:00:12.016+0000] {processor.py:640} INFO - Processing file /home/airflow/.local/lib/python3.7/site-packages/airflow/example_dags/example_nested_branch_dag.py for tasks to queue
[2022-09-02T12:00:12.017+0000] {logging_mixin.py:115} INFO - [2022-09-02T12:00:12.017+0000] {dagbag.py:508} INFO - Filling up the DagBag from /home/airflow/.local/lib/python3.7/site-packages/airflow/example_dags/example_nested_branch_dag.py
[2022-09-02T12:00:12.025+0000] {processor.py:650} INFO - DAG(s) dict_keys(['example_nested_branch_dag']) retrieved from /home/airflow/.local/lib/python3.7/site-packages/airflow/example_dags/example_nested_branch_dag.py
[2022-09-02T12:00:12.043+0000] {logging_mixin.py:115} INFO - [2022-09-02T12:00:12.043+0000] {dag.py:2429} INFO - Sync 1 DAGs
[2022-09-02T12:00:12.057+0000] {logging_mixin.py:115} INFO - [2022-09-02T12:00:12.057+0000] {dag.py:2981} INFO - Setting next_dagrun for example_nested_branch_dag to 2022-09-01T00:00:00+00:00, run_after=2022-09-02T00:00:00+00:00
[2022-09-02T12:00:12.064+0000] {processor.py:161} INFO - Processing /home/airflow/.local/lib/python3.7/site-packages/airflow/example_dags/example_nested_branch_dag.py took 0.052 seconds
[2022-09-02T12:00:42.807+0000] {processor.py:153} INFO - Started process (PID=5263) to work on /home/airflow/.local/lib/python3.7/site-packages/airflow/example_dags/example_nested_branch_dag.py
[2022-09-02T12:00:42.809+0000] {processor.py:640} INFO - Processing file /home/airflow/.local/lib/python3.7/site-packages/airflow/example_dags/example_nested_branch_dag.py for tasks to queue
[2022-09-02T12:00:42.810+0000] {logging_mixin.py:115} INFO - [2022-09-02T12:00:42.810+0000] {dagbag.py:508} INFO - Filling up the DagBag from /home/airflow/.local/lib/python3.7/site-packages/airflow/example_dags/example_nested_branch_dag.py
[2022-09-02T12:00:42.817+0000] {processor.py:650} INFO - DAG(s) dict_keys(['example_nested_branch_dag']) retrieved from /home/airflow/.local/lib/python3.7/site-packages/airflow/example_dags/example_nested_branch_dag.py
[2022-09-02T12:00:42.834+0000] {logging_mixin.py:115} INFO - [2022-09-02T12:00:42.834+0000] {dag.py:2429} INFO - Sync 1 DAGs
[2022-09-02T12:00:42.847+0000] {logging_mixin.py:115} INFO - [2022-09-02T12:00:42.847+0000] {dag.py:2981} INFO - Setting next_dagrun for example_nested_branch_dag to 2022-09-01T00:00:00+00:00, run_after=2022-09-02T00:00:00+00:00
[2022-09-02T12:00:42.854+0000] {processor.py:161} INFO - Processing /home/airflow/.local/lib/python3.7/site-packages/airflow/example_dags/example_nested_branch_dag.py took 0.049 seconds
[2022-09-02T12:01:13.486+0000] {processor.py:153} INFO - Started process (PID=5460) to work on /home/airflow/.local/lib/python3.7/site-packages/airflow/example_dags/example_nested_branch_dag.py
[2022-09-02T12:01:13.487+0000] {processor.py:640} INFO - Processing file /home/airflow/.local/lib/python3.7/site-packages/airflow/example_dags/example_nested_branch_dag.py for tasks to queue
[2022-09-02T12:01:13.488+0000] {logging_mixin.py:115} INFO - [2022-09-02T12:01:13.488+0000] {dagbag.py:508} INFO - Filling up the DagBag from /home/airflow/.local/lib/python3.7/site-packages/airflow/example_dags/example_nested_branch_dag.py
[2022-09-02T12:01:13.495+0000] {processor.py:650} INFO - DAG(s) dict_keys(['example_nested_branch_dag']) retrieved from /home/airflow/.local/lib/python3.7/site-packages/airflow/example_dags/example_nested_branch_dag.py
[2022-09-02T12:01:13.513+0000] {logging_mixin.py:115} INFO - [2022-09-02T12:01:13.513+0000] {dag.py:2429} INFO - Sync 1 DAGs
[2022-09-02T12:01:13.528+0000] {logging_mixin.py:115} INFO - [2022-09-02T12:01:13.528+0000] {dag.py:2981} INFO - Setting next_dagrun for example_nested_branch_dag to 2022-09-01T00:00:00+00:00, run_after=2022-09-02T00:00:00+00:00
[2022-09-02T12:01:13.535+0000] {processor.py:161} INFO - Processing /home/airflow/.local/lib/python3.7/site-packages/airflow/example_dags/example_nested_branch_dag.py took 0.052 seconds
[2022-09-02T12:01:44.195+0000] {processor.py:153} INFO - Started process (PID=5657) to work on /home/airflow/.local/lib/python3.7/site-packages/airflow/example_dags/example_nested_branch_dag.py
[2022-09-02T12:01:44.197+0000] {processor.py:640} INFO - Processing file /home/airflow/.local/lib/python3.7/site-packages/airflow/example_dags/example_nested_branch_dag.py for tasks to queue
[2022-09-02T12:01:44.198+0000] {logging_mixin.py:115} INFO - [2022-09-02T12:01:44.198+0000] {dagbag.py:508} INFO - Filling up the DagBag from /home/airflow/.local/lib/python3.7/site-packages/airflow/example_dags/example_nested_branch_dag.py
[2022-09-02T12:01:44.206+0000] {processor.py:650} INFO - DAG(s) dict_keys(['example_nested_branch_dag']) retrieved from /home/airflow/.local/lib/python3.7/site-packages/airflow/example_dags/example_nested_branch_dag.py
[2022-09-02T12:01:44.223+0000] {logging_mixin.py:115} INFO - [2022-09-02T12:01:44.223+0000] {dag.py:2429} INFO - Sync 1 DAGs
[2022-09-02T12:01:44.237+0000] {logging_mixin.py:115} INFO - [2022-09-02T12:01:44.237+0000] {dag.py:2981} INFO - Setting next_dagrun for example_nested_branch_dag to 2022-09-01T00:00:00+00:00, run_after=2022-09-02T00:00:00+00:00
[2022-09-02T12:01:44.244+0000] {processor.py:161} INFO - Processing /home/airflow/.local/lib/python3.7/site-packages/airflow/example_dags/example_nested_branch_dag.py took 0.051 seconds
[2022-09-02T12:02:14.973+0000] {processor.py:153} INFO - Started process (PID=5863) to work on /home/airflow/.local/lib/python3.7/site-packages/airflow/example_dags/example_nested_branch_dag.py
[2022-09-02T12:02:14.975+0000] {processor.py:640} INFO - Processing file /home/airflow/.local/lib/python3.7/site-packages/airflow/example_dags/example_nested_branch_dag.py for tasks to queue
[2022-09-02T12:02:14.977+0000] {logging_mixin.py:115} INFO - [2022-09-02T12:02:14.977+0000] {dagbag.py:508} INFO - Filling up the DagBag from /home/airflow/.local/lib/python3.7/site-packages/airflow/example_dags/example_nested_branch_dag.py
[2022-09-02T12:02:14.984+0000] {processor.py:650} INFO - DAG(s) dict_keys(['example_nested_branch_dag']) retrieved from /home/airflow/.local/lib/python3.7/site-packages/airflow/example_dags/example_nested_branch_dag.py
[2022-09-02T12:02:15.003+0000] {logging_mixin.py:115} INFO - [2022-09-02T12:02:15.003+0000] {dag.py:2429} INFO - Sync 1 DAGs
[2022-09-02T12:02:15.019+0000] {logging_mixin.py:115} INFO - [2022-09-02T12:02:15.019+0000] {dag.py:2981} INFO - Setting next_dagrun for example_nested_branch_dag to 2022-09-01T00:00:00+00:00, run_after=2022-09-02T00:00:00+00:00
[2022-09-02T12:02:15.026+0000] {processor.py:161} INFO - Processing /home/airflow/.local/lib/python3.7/site-packages/airflow/example_dags/example_nested_branch_dag.py took 0.056 seconds
[2022-09-02T12:02:45.955+0000] {processor.py:153} INFO - Started process (PID=6060) to work on /home/airflow/.local/lib/python3.7/site-packages/airflow/example_dags/example_nested_branch_dag.py
[2022-09-02T12:02:45.956+0000] {processor.py:640} INFO - Processing file /home/airflow/.local/lib/python3.7/site-packages/airflow/example_dags/example_nested_branch_dag.py for tasks to queue
[2022-09-02T12:02:45.958+0000] {logging_mixin.py:115} INFO - [2022-09-02T12:02:45.958+0000] {dagbag.py:508} INFO - Filling up the DagBag from /home/airflow/.local/lib/python3.7/site-packages/airflow/example_dags/example_nested_branch_dag.py
[2022-09-02T12:02:45.964+0000] {processor.py:650} INFO - DAG(s) dict_keys(['example_nested_branch_dag']) retrieved from /home/airflow/.local/lib/python3.7/site-packages/airflow/example_dags/example_nested_branch_dag.py
[2022-09-02T12:02:45.982+0000] {logging_mixin.py:115} INFO - [2022-09-02T12:02:45.982+0000] {dag.py:2429} INFO - Sync 1 DAGs
[2022-09-02T12:02:45.996+0000] {logging_mixin.py:115} INFO - [2022-09-02T12:02:45.996+0000] {dag.py:2981} INFO - Setting next_dagrun for example_nested_branch_dag to 2022-09-01T00:00:00+00:00, run_after=2022-09-02T00:00:00+00:00
[2022-09-02T12:02:46.003+0000] {processor.py:161} INFO - Processing /home/airflow/.local/lib/python3.7/site-packages/airflow/example_dags/example_nested_branch_dag.py took 0.051 seconds
[2022-09-02T12:03:16.753+0000] {processor.py:153} INFO - Started process (PID=6257) to work on /home/airflow/.local/lib/python3.7/site-packages/airflow/example_dags/example_nested_branch_dag.py
[2022-09-02T12:03:16.754+0000] {processor.py:640} INFO - Processing file /home/airflow/.local/lib/python3.7/site-packages/airflow/example_dags/example_nested_branch_dag.py for tasks to queue
[2022-09-02T12:03:16.756+0000] {logging_mixin.py:115} INFO - [2022-09-02T12:03:16.755+0000] {dagbag.py:508} INFO - Filling up the DagBag from /home/airflow/.local/lib/python3.7/site-packages/airflow/example_dags/example_nested_branch_dag.py
[2022-09-02T12:03:16.763+0000] {processor.py:650} INFO - DAG(s) dict_keys(['example_nested_branch_dag']) retrieved from /home/airflow/.local/lib/python3.7/site-packages/airflow/example_dags/example_nested_branch_dag.py
[2022-09-02T12:03:16.781+0000] {logging_mixin.py:115} INFO - [2022-09-02T12:03:16.781+0000] {dag.py:2429} INFO - Sync 1 DAGs
[2022-09-02T12:03:16.796+0000] {logging_mixin.py:115} INFO - [2022-09-02T12:03:16.796+0000] {dag.py:2981} INFO - Setting next_dagrun for example_nested_branch_dag to 2022-09-01T00:00:00+00:00, run_after=2022-09-02T00:00:00+00:00
[2022-09-02T12:03:16.804+0000] {processor.py:161} INFO - Processing /home/airflow/.local/lib/python3.7/site-packages/airflow/example_dags/example_nested_branch_dag.py took 0.054 seconds
[2022-09-02T12:03:47.516+0000] {processor.py:153} INFO - Started process (PID=6453) to work on /home/airflow/.local/lib/python3.7/site-packages/airflow/example_dags/example_nested_branch_dag.py
[2022-09-02T12:03:47.520+0000] {processor.py:640} INFO - Processing file /home/airflow/.local/lib/python3.7/site-packages/airflow/example_dags/example_nested_branch_dag.py for tasks to queue
[2022-09-02T12:03:47.521+0000] {logging_mixin.py:115} INFO - [2022-09-02T12:03:47.521+0000] {dagbag.py:508} INFO - Filling up the DagBag from /home/airflow/.local/lib/python3.7/site-packages/airflow/example_dags/example_nested_branch_dag.py
[2022-09-02T12:03:47.529+0000] {processor.py:650} INFO - DAG(s) dict_keys(['example_nested_branch_dag']) retrieved from /home/airflow/.local/lib/python3.7/site-packages/airflow/example_dags/example_nested_branch_dag.py
[2022-09-02T12:03:47.547+0000] {logging_mixin.py:115} INFO - [2022-09-02T12:03:47.547+0000] {dag.py:2429} INFO - Sync 1 DAGs
[2022-09-02T12:03:47.560+0000] {logging_mixin.py:115} INFO - [2022-09-02T12:03:47.560+0000] {dag.py:2981} INFO - Setting next_dagrun for example_nested_branch_dag to 2022-09-01T00:00:00+00:00, run_after=2022-09-02T00:00:00+00:00
[2022-09-02T12:03:47.568+0000] {processor.py:161} INFO - Processing /home/airflow/.local/lib/python3.7/site-packages/airflow/example_dags/example_nested_branch_dag.py took 0.054 seconds
[2022-09-02T12:04:18.210+0000] {processor.py:153} INFO - Started process (PID=6651) to work on /home/airflow/.local/lib/python3.7/site-packages/airflow/example_dags/example_nested_branch_dag.py
[2022-09-02T12:04:18.225+0000] {processor.py:640} INFO - Processing file /home/airflow/.local/lib/python3.7/site-packages/airflow/example_dags/example_nested_branch_dag.py for tasks to queue
[2022-09-02T12:04:18.243+0000] {logging_mixin.py:115} INFO - [2022-09-02T12:04:18.243+0000] {dagbag.py:508} INFO - Filling up the DagBag from /home/airflow/.local/lib/python3.7/site-packages/airflow/example_dags/example_nested_branch_dag.py
[2022-09-02T12:04:18.284+0000] {processor.py:650} INFO - DAG(s) dict_keys(['example_nested_branch_dag']) retrieved from /home/airflow/.local/lib/python3.7/site-packages/airflow/example_dags/example_nested_branch_dag.py
[2022-09-02T12:04:18.319+0000] {logging_mixin.py:115} INFO - [2022-09-02T12:04:18.319+0000] {dag.py:2429} INFO - Sync 1 DAGs
[2022-09-02T12:04:18.336+0000] {logging_mixin.py:115} INFO - [2022-09-02T12:04:18.336+0000] {dag.py:2981} INFO - Setting next_dagrun for example_nested_branch_dag to 2022-09-01T00:00:00+00:00, run_after=2022-09-02T00:00:00+00:00
[2022-09-02T12:04:18.346+0000] {processor.py:161} INFO - Processing /home/airflow/.local/lib/python3.7/site-packages/airflow/example_dags/example_nested_branch_dag.py took 0.137 seconds
[2022-09-02T12:04:49.044+0000] {processor.py:153} INFO - Started process (PID=6848) to work on /home/airflow/.local/lib/python3.7/site-packages/airflow/example_dags/example_nested_branch_dag.py
[2022-09-02T12:04:49.046+0000] {processor.py:640} INFO - Processing file /home/airflow/.local/lib/python3.7/site-packages/airflow/example_dags/example_nested_branch_dag.py for tasks to queue
[2022-09-02T12:04:49.048+0000] {logging_mixin.py:115} INFO - [2022-09-02T12:04:49.047+0000] {dagbag.py:508} INFO - Filling up the DagBag from /home/airflow/.local/lib/python3.7/site-packages/airflow/example_dags/example_nested_branch_dag.py
[2022-09-02T12:04:49.055+0000] {processor.py:650} INFO - DAG(s) dict_keys(['example_nested_branch_dag']) retrieved from /home/airflow/.local/lib/python3.7/site-packages/airflow/example_dags/example_nested_branch_dag.py
[2022-09-02T12:04:49.074+0000] {logging_mixin.py:115} INFO - [2022-09-02T12:04:49.074+0000] {dag.py:2429} INFO - Sync 1 DAGs
[2022-09-02T12:04:49.090+0000] {logging_mixin.py:115} INFO - [2022-09-02T12:04:49.090+0000] {dag.py:2981} INFO - Setting next_dagrun for example_nested_branch_dag to 2022-09-01T00:00:00+00:00, run_after=2022-09-02T00:00:00+00:00
[2022-09-02T12:04:49.100+0000] {processor.py:161} INFO - Processing /home/airflow/.local/lib/python3.7/site-packages/airflow/example_dags/example_nested_branch_dag.py took 0.058 seconds
[2022-09-02T12:05:19.935+0000] {processor.py:153} INFO - Started process (PID=7038) to work on /home/airflow/.local/lib/python3.7/site-packages/airflow/example_dags/example_nested_branch_dag.py
[2022-09-02T12:05:19.937+0000] {processor.py:640} INFO - Processing file /home/airflow/.local/lib/python3.7/site-packages/airflow/example_dags/example_nested_branch_dag.py for tasks to queue
[2022-09-02T12:05:19.938+0000] {logging_mixin.py:115} INFO - [2022-09-02T12:05:19.938+0000] {dagbag.py:508} INFO - Filling up the DagBag from /home/airflow/.local/lib/python3.7/site-packages/airflow/example_dags/example_nested_branch_dag.py
[2022-09-02T12:05:19.945+0000] {processor.py:650} INFO - DAG(s) dict_keys(['example_nested_branch_dag']) retrieved from /home/airflow/.local/lib/python3.7/site-packages/airflow/example_dags/example_nested_branch_dag.py
[2022-09-02T12:05:19.964+0000] {logging_mixin.py:115} INFO - [2022-09-02T12:05:19.964+0000] {dag.py:2429} INFO - Sync 1 DAGs
[2022-09-02T12:05:19.980+0000] {logging_mixin.py:115} INFO - [2022-09-02T12:05:19.980+0000] {dag.py:2981} INFO - Setting next_dagrun for example_nested_branch_dag to 2022-09-01T00:00:00+00:00, run_after=2022-09-02T00:00:00+00:00
[2022-09-02T12:05:19.987+0000] {processor.py:161} INFO - Processing /home/airflow/.local/lib/python3.7/site-packages/airflow/example_dags/example_nested_branch_dag.py took 0.055 seconds
[2022-09-02T12:05:50.703+0000] {processor.py:153} INFO - Started process (PID=7236) to work on /home/airflow/.local/lib/python3.7/site-packages/airflow/example_dags/example_nested_branch_dag.py
[2022-09-02T12:05:50.725+0000] {processor.py:640} INFO - Processing file /home/airflow/.local/lib/python3.7/site-packages/airflow/example_dags/example_nested_branch_dag.py for tasks to queue
[2022-09-02T12:05:50.743+0000] {logging_mixin.py:115} INFO - [2022-09-02T12:05:50.743+0000] {dagbag.py:508} INFO - Filling up the DagBag from /home/airflow/.local/lib/python3.7/site-packages/airflow/example_dags/example_nested_branch_dag.py
[2022-09-02T12:05:50.769+0000] {processor.py:650} INFO - DAG(s) dict_keys(['example_nested_branch_dag']) retrieved from /home/airflow/.local/lib/python3.7/site-packages/airflow/example_dags/example_nested_branch_dag.py
[2022-09-02T12:05:50.810+0000] {logging_mixin.py:115} INFO - [2022-09-02T12:05:50.810+0000] {dag.py:2429} INFO - Sync 1 DAGs
[2022-09-02T12:05:50.829+0000] {logging_mixin.py:115} INFO - [2022-09-02T12:05:50.829+0000] {dag.py:2981} INFO - Setting next_dagrun for example_nested_branch_dag to 2022-09-01T00:00:00+00:00, run_after=2022-09-02T00:00:00+00:00
[2022-09-02T12:05:50.839+0000] {processor.py:161} INFO - Processing /home/airflow/.local/lib/python3.7/site-packages/airflow/example_dags/example_nested_branch_dag.py took 0.139 seconds
[2022-09-02T12:06:21.495+0000] {processor.py:153} INFO - Started process (PID=7432) to work on /home/airflow/.local/lib/python3.7/site-packages/airflow/example_dags/example_nested_branch_dag.py
[2022-09-02T12:06:21.497+0000] {processor.py:640} INFO - Processing file /home/airflow/.local/lib/python3.7/site-packages/airflow/example_dags/example_nested_branch_dag.py for tasks to queue
[2022-09-02T12:06:21.498+0000] {logging_mixin.py:115} INFO - [2022-09-02T12:06:21.498+0000] {dagbag.py:508} INFO - Filling up the DagBag from /home/airflow/.local/lib/python3.7/site-packages/airflow/example_dags/example_nested_branch_dag.py
[2022-09-02T12:06:21.505+0000] {processor.py:650} INFO - DAG(s) dict_keys(['example_nested_branch_dag']) retrieved from /home/airflow/.local/lib/python3.7/site-packages/airflow/example_dags/example_nested_branch_dag.py
[2022-09-02T12:06:21.523+0000] {logging_mixin.py:115} INFO - [2022-09-02T12:06:21.523+0000] {dag.py:2429} INFO - Sync 1 DAGs
[2022-09-02T12:06:21.537+0000] {logging_mixin.py:115} INFO - [2022-09-02T12:06:21.537+0000] {dag.py:2981} INFO - Setting next_dagrun for example_nested_branch_dag to 2022-09-01T00:00:00+00:00, run_after=2022-09-02T00:00:00+00:00
[2022-09-02T12:06:21.544+0000] {processor.py:161} INFO - Processing /home/airflow/.local/lib/python3.7/site-packages/airflow/example_dags/example_nested_branch_dag.py took 0.050 seconds
[2022-09-02T12:06:52.323+0000] {processor.py:153} INFO - Started process (PID=7628) to work on /home/airflow/.local/lib/python3.7/site-packages/airflow/example_dags/example_nested_branch_dag.py
[2022-09-02T12:06:52.325+0000] {processor.py:640} INFO - Processing file /home/airflow/.local/lib/python3.7/site-packages/airflow/example_dags/example_nested_branch_dag.py for tasks to queue
[2022-09-02T12:06:52.327+0000] {logging_mixin.py:115} INFO - [2022-09-02T12:06:52.327+0000] {dagbag.py:508} INFO - Filling up the DagBag from /home/airflow/.local/lib/python3.7/site-packages/airflow/example_dags/example_nested_branch_dag.py
[2022-09-02T12:06:52.335+0000] {processor.py:650} INFO - DAG(s) dict_keys(['example_nested_branch_dag']) retrieved from /home/airflow/.local/lib/python3.7/site-packages/airflow/example_dags/example_nested_branch_dag.py
[2022-09-02T12:06:52.353+0000] {logging_mixin.py:115} INFO - [2022-09-02T12:06:52.353+0000] {dag.py:2429} INFO - Sync 1 DAGs
[2022-09-02T12:06:52.369+0000] {logging_mixin.py:115} INFO - [2022-09-02T12:06:52.369+0000] {dag.py:2981} INFO - Setting next_dagrun for example_nested_branch_dag to 2022-09-01T00:00:00+00:00, run_after=2022-09-02T00:00:00+00:00
[2022-09-02T12:06:52.376+0000] {processor.py:161} INFO - Processing /home/airflow/.local/lib/python3.7/site-packages/airflow/example_dags/example_nested_branch_dag.py took 0.056 seconds
[2022-09-02T12:07:23.210+0000] {processor.py:153} INFO - Started process (PID=7825) to work on /home/airflow/.local/lib/python3.7/site-packages/airflow/example_dags/example_nested_branch_dag.py
[2022-09-02T12:07:23.212+0000] {processor.py:640} INFO - Processing file /home/airflow/.local/lib/python3.7/site-packages/airflow/example_dags/example_nested_branch_dag.py for tasks to queue
[2022-09-02T12:07:23.214+0000] {logging_mixin.py:115} INFO - [2022-09-02T12:07:23.214+0000] {dagbag.py:508} INFO - Filling up the DagBag from /home/airflow/.local/lib/python3.7/site-packages/airflow/example_dags/example_nested_branch_dag.py
[2022-09-02T12:07:23.221+0000] {processor.py:650} INFO - DAG(s) dict_keys(['example_nested_branch_dag']) retrieved from /home/airflow/.local/lib/python3.7/site-packages/airflow/example_dags/example_nested_branch_dag.py
[2022-09-02T12:07:23.239+0000] {logging_mixin.py:115} INFO - [2022-09-02T12:07:23.239+0000] {dag.py:2429} INFO - Sync 1 DAGs
[2022-09-02T12:07:23.253+0000] {logging_mixin.py:115} INFO - [2022-09-02T12:07:23.253+0000] {dag.py:2981} INFO - Setting next_dagrun for example_nested_branch_dag to 2022-09-01T00:00:00+00:00, run_after=2022-09-02T00:00:00+00:00
[2022-09-02T12:07:23.260+0000] {processor.py:161} INFO - Processing /home/airflow/.local/lib/python3.7/site-packages/airflow/example_dags/example_nested_branch_dag.py took 0.054 seconds
[2022-09-02T12:07:54.212+0000] {processor.py:153} INFO - Started process (PID=8022) to work on /home/airflow/.local/lib/python3.7/site-packages/airflow/example_dags/example_nested_branch_dag.py
[2022-09-02T12:07:54.213+0000] {processor.py:640} INFO - Processing file /home/airflow/.local/lib/python3.7/site-packages/airflow/example_dags/example_nested_branch_dag.py for tasks to queue
[2022-09-02T12:07:54.215+0000] {logging_mixin.py:115} INFO - [2022-09-02T12:07:54.215+0000] {dagbag.py:508} INFO - Filling up the DagBag from /home/airflow/.local/lib/python3.7/site-packages/airflow/example_dags/example_nested_branch_dag.py
[2022-09-02T12:07:54.223+0000] {processor.py:650} INFO - DAG(s) dict_keys(['example_nested_branch_dag']) retrieved from /home/airflow/.local/lib/python3.7/site-packages/airflow/example_dags/example_nested_branch_dag.py
[2022-09-02T12:07:54.241+0000] {logging_mixin.py:115} INFO - [2022-09-02T12:07:54.241+0000] {dag.py:2429} INFO - Sync 1 DAGs
[2022-09-02T12:07:54.259+0000] {logging_mixin.py:115} INFO - [2022-09-02T12:07:54.258+0000] {dag.py:2981} INFO - Setting next_dagrun for example_nested_branch_dag to 2022-09-01T00:00:00+00:00, run_after=2022-09-02T00:00:00+00:00
[2022-09-02T12:07:54.266+0000] {processor.py:161} INFO - Processing /home/airflow/.local/lib/python3.7/site-packages/airflow/example_dags/example_nested_branch_dag.py took 0.056 seconds
