[2022-09-02T11:47:25.744+0000] {processor.py:153} INFO - Started process (PID=300) to work on /home/airflow/.local/lib/python3.7/site-packages/airflow/example_dags/example_branch_operator.py
[2022-09-02T11:47:25.746+0000] {processor.py:640} INFO - Processing file /home/airflow/.local/lib/python3.7/site-packages/airflow/example_dags/example_branch_operator.py for tasks to queue
[2022-09-02T11:47:25.748+0000] {logging_mixin.py:115} INFO - [2022-09-02T11:47:25.748+0000] {dagbag.py:508} INFO - Filling up the DagBag from /home/airflow/.local/lib/python3.7/site-packages/airflow/example_dags/example_branch_operator.py
[2022-09-02T11:47:25.757+0000] {processor.py:650} INFO - DAG(s) dict_keys(['example_branch_operator']) retrieved from /home/airflow/.local/lib/python3.7/site-packages/airflow/example_dags/example_branch_operator.py
[2022-09-02T11:47:25.824+0000] {logging_mixin.py:115} INFO - [2022-09-02T11:47:25.824+0000] {manager.py:508} INFO - Created Permission View: can edit on DAG:example_branch_operator
[2022-09-02T11:47:25.833+0000] {logging_mixin.py:115} INFO - [2022-09-02T11:47:25.833+0000] {manager.py:508} INFO - Created Permission View: can delete on DAG:example_branch_operator
[2022-09-02T11:47:25.839+0000] {logging_mixin.py:115} INFO - [2022-09-02T11:47:25.838+0000] {manager.py:508} INFO - Created Permission View: can read on DAG:example_branch_operator
[2022-09-02T11:47:25.840+0000] {logging_mixin.py:115} INFO - [2022-09-02T11:47:25.840+0000] {dag.py:2429} INFO - Sync 1 DAGs
[2022-09-02T11:47:25.846+0000] {logging_mixin.py:115} INFO - [2022-09-02T11:47:25.846+0000] {dag.py:2448} INFO - Creating ORM DAG for example_branch_operator
[2022-09-02T11:47:25.857+0000] {logging_mixin.py:115} INFO - [2022-09-02T11:47:25.857+0000] {dag.py:2981} INFO - Setting next_dagrun for example_branch_operator to 2022-09-01T00:00:00+00:00, run_after=2022-09-02T00:00:00+00:00
[2022-09-02T11:47:25.869+0000] {processor.py:161} INFO - Processing /home/airflow/.local/lib/python3.7/site-packages/airflow/example_dags/example_branch_operator.py took 0.127 seconds
[2022-09-02T11:47:55.915+0000] {processor.py:153} INFO - Started process (PID=499) to work on /home/airflow/.local/lib/python3.7/site-packages/airflow/example_dags/example_branch_operator.py
[2022-09-02T11:47:55.916+0000] {processor.py:640} INFO - Processing file /home/airflow/.local/lib/python3.7/site-packages/airflow/example_dags/example_branch_operator.py for tasks to queue
[2022-09-02T11:47:55.918+0000] {logging_mixin.py:115} INFO - [2022-09-02T11:47:55.917+0000] {dagbag.py:508} INFO - Filling up the DagBag from /home/airflow/.local/lib/python3.7/site-packages/airflow/example_dags/example_branch_operator.py
[2022-09-02T11:47:55.925+0000] {processor.py:650} INFO - DAG(s) dict_keys(['example_branch_operator']) retrieved from /home/airflow/.local/lib/python3.7/site-packages/airflow/example_dags/example_branch_operator.py
[2022-09-02T11:47:55.946+0000] {logging_mixin.py:115} INFO - [2022-09-02T11:47:55.946+0000] {dag.py:2429} INFO - Sync 1 DAGs
[2022-09-02T11:47:55.961+0000] {logging_mixin.py:115} INFO - [2022-09-02T11:47:55.961+0000] {dag.py:2981} INFO - Setting next_dagrun for example_branch_operator to 2022-09-01T00:00:00+00:00, run_after=2022-09-02T00:00:00+00:00
[2022-09-02T11:47:55.971+0000] {processor.py:161} INFO - Processing /home/airflow/.local/lib/python3.7/site-packages/airflow/example_dags/example_branch_operator.py took 0.059 seconds
[2022-09-02T11:48:26.173+0000] {processor.py:153} INFO - Started process (PID=695) to work on /home/airflow/.local/lib/python3.7/site-packages/airflow/example_dags/example_branch_operator.py
[2022-09-02T11:48:26.175+0000] {processor.py:640} INFO - Processing file /home/airflow/.local/lib/python3.7/site-packages/airflow/example_dags/example_branch_operator.py for tasks to queue
[2022-09-02T11:48:26.176+0000] {logging_mixin.py:115} INFO - [2022-09-02T11:48:26.176+0000] {dagbag.py:508} INFO - Filling up the DagBag from /home/airflow/.local/lib/python3.7/site-packages/airflow/example_dags/example_branch_operator.py
[2022-09-02T11:48:26.184+0000] {processor.py:650} INFO - DAG(s) dict_keys(['example_branch_operator']) retrieved from /home/airflow/.local/lib/python3.7/site-packages/airflow/example_dags/example_branch_operator.py
[2022-09-02T11:48:26.206+0000] {logging_mixin.py:115} INFO - [2022-09-02T11:48:26.206+0000] {dag.py:2429} INFO - Sync 1 DAGs
[2022-09-02T11:48:26.223+0000] {logging_mixin.py:115} INFO - [2022-09-02T11:48:26.223+0000] {dag.py:2981} INFO - Setting next_dagrun for example_branch_operator to 2022-09-01T00:00:00+00:00, run_after=2022-09-02T00:00:00+00:00
[2022-09-02T11:48:26.232+0000] {processor.py:161} INFO - Processing /home/airflow/.local/lib/python3.7/site-packages/airflow/example_dags/example_branch_operator.py took 0.062 seconds
[2022-09-02T11:48:57.018+0000] {processor.py:153} INFO - Started process (PID=891) to work on /home/airflow/.local/lib/python3.7/site-packages/airflow/example_dags/example_branch_operator.py
[2022-09-02T11:48:57.021+0000] {processor.py:640} INFO - Processing file /home/airflow/.local/lib/python3.7/site-packages/airflow/example_dags/example_branch_operator.py for tasks to queue
[2022-09-02T11:48:57.022+0000] {logging_mixin.py:115} INFO - [2022-09-02T11:48:57.022+0000] {dagbag.py:508} INFO - Filling up the DagBag from /home/airflow/.local/lib/python3.7/site-packages/airflow/example_dags/example_branch_operator.py
[2022-09-02T11:48:57.030+0000] {processor.py:650} INFO - DAG(s) dict_keys(['example_branch_operator']) retrieved from /home/airflow/.local/lib/python3.7/site-packages/airflow/example_dags/example_branch_operator.py
[2022-09-02T11:48:57.049+0000] {logging_mixin.py:115} INFO - [2022-09-02T11:48:57.049+0000] {dag.py:2429} INFO - Sync 1 DAGs
[2022-09-02T11:48:57.064+0000] {logging_mixin.py:115} INFO - [2022-09-02T11:48:57.064+0000] {dag.py:2981} INFO - Setting next_dagrun for example_branch_operator to 2022-09-01T00:00:00+00:00, run_after=2022-09-02T00:00:00+00:00
[2022-09-02T11:48:57.071+0000] {processor.py:161} INFO - Processing /home/airflow/.local/lib/python3.7/site-packages/airflow/example_dags/example_branch_operator.py took 0.055 seconds
[2022-09-02T11:49:27.933+0000] {processor.py:153} INFO - Started process (PID=1090) to work on /home/airflow/.local/lib/python3.7/site-packages/airflow/example_dags/example_branch_operator.py
[2022-09-02T11:49:27.935+0000] {processor.py:640} INFO - Processing file /home/airflow/.local/lib/python3.7/site-packages/airflow/example_dags/example_branch_operator.py for tasks to queue
[2022-09-02T11:49:27.936+0000] {logging_mixin.py:115} INFO - [2022-09-02T11:49:27.936+0000] {dagbag.py:508} INFO - Filling up the DagBag from /home/airflow/.local/lib/python3.7/site-packages/airflow/example_dags/example_branch_operator.py
[2022-09-02T11:49:27.946+0000] {processor.py:650} INFO - DAG(s) dict_keys(['example_branch_operator']) retrieved from /home/airflow/.local/lib/python3.7/site-packages/airflow/example_dags/example_branch_operator.py
[2022-09-02T11:49:27.965+0000] {logging_mixin.py:115} INFO - [2022-09-02T11:49:27.965+0000] {dag.py:2429} INFO - Sync 1 DAGs
[2022-09-02T11:49:27.982+0000] {logging_mixin.py:115} INFO - [2022-09-02T11:49:27.982+0000] {dag.py:2981} INFO - Setting next_dagrun for example_branch_operator to 2022-09-01T00:00:00+00:00, run_after=2022-09-02T00:00:00+00:00
[2022-09-02T11:49:27.991+0000] {processor.py:161} INFO - Processing /home/airflow/.local/lib/python3.7/site-packages/airflow/example_dags/example_branch_operator.py took 0.060 seconds
[2022-09-02T11:49:58.760+0000] {processor.py:153} INFO - Started process (PID=1276) to work on /home/airflow/.local/lib/python3.7/site-packages/airflow/example_dags/example_branch_operator.py
[2022-09-02T11:49:58.762+0000] {processor.py:640} INFO - Processing file /home/airflow/.local/lib/python3.7/site-packages/airflow/example_dags/example_branch_operator.py for tasks to queue
[2022-09-02T11:49:58.763+0000] {logging_mixin.py:115} INFO - [2022-09-02T11:49:58.763+0000] {dagbag.py:508} INFO - Filling up the DagBag from /home/airflow/.local/lib/python3.7/site-packages/airflow/example_dags/example_branch_operator.py
[2022-09-02T11:49:58.771+0000] {processor.py:650} INFO - DAG(s) dict_keys(['example_branch_operator']) retrieved from /home/airflow/.local/lib/python3.7/site-packages/airflow/example_dags/example_branch_operator.py
[2022-09-02T11:49:58.790+0000] {logging_mixin.py:115} INFO - [2022-09-02T11:49:58.790+0000] {dag.py:2429} INFO - Sync 1 DAGs
[2022-09-02T11:49:58.805+0000] {logging_mixin.py:115} INFO - [2022-09-02T11:49:58.805+0000] {dag.py:2981} INFO - Setting next_dagrun for example_branch_operator to 2022-09-01T00:00:00+00:00, run_after=2022-09-02T00:00:00+00:00
[2022-09-02T11:49:58.813+0000] {processor.py:161} INFO - Processing /home/airflow/.local/lib/python3.7/site-packages/airflow/example_dags/example_branch_operator.py took 0.055 seconds
[2022-09-02T11:50:29.582+0000] {processor.py:153} INFO - Started process (PID=1473) to work on /home/airflow/.local/lib/python3.7/site-packages/airflow/example_dags/example_branch_operator.py
[2022-09-02T11:50:29.584+0000] {processor.py:640} INFO - Processing file /home/airflow/.local/lib/python3.7/site-packages/airflow/example_dags/example_branch_operator.py for tasks to queue
[2022-09-02T11:50:29.585+0000] {logging_mixin.py:115} INFO - [2022-09-02T11:50:29.585+0000] {dagbag.py:508} INFO - Filling up the DagBag from /home/airflow/.local/lib/python3.7/site-packages/airflow/example_dags/example_branch_operator.py
[2022-09-02T11:50:29.592+0000] {processor.py:650} INFO - DAG(s) dict_keys(['example_branch_operator']) retrieved from /home/airflow/.local/lib/python3.7/site-packages/airflow/example_dags/example_branch_operator.py
[2022-09-02T11:50:29.610+0000] {logging_mixin.py:115} INFO - [2022-09-02T11:50:29.610+0000] {dag.py:2429} INFO - Sync 1 DAGs
[2022-09-02T11:50:29.627+0000] {logging_mixin.py:115} INFO - [2022-09-02T11:50:29.627+0000] {dag.py:2981} INFO - Setting next_dagrun for example_branch_operator to 2022-09-01T00:00:00+00:00, run_after=2022-09-02T00:00:00+00:00
[2022-09-02T11:50:29.636+0000] {processor.py:161} INFO - Processing /home/airflow/.local/lib/python3.7/site-packages/airflow/example_dags/example_branch_operator.py took 0.056 seconds
[2022-09-02T11:51:00.252+0000] {processor.py:153} INFO - Started process (PID=1672) to work on /home/airflow/.local/lib/python3.7/site-packages/airflow/example_dags/example_branch_operator.py
[2022-09-02T11:51:00.254+0000] {processor.py:640} INFO - Processing file /home/airflow/.local/lib/python3.7/site-packages/airflow/example_dags/example_branch_operator.py for tasks to queue
[2022-09-02T11:51:00.255+0000] {logging_mixin.py:115} INFO - [2022-09-02T11:51:00.255+0000] {dagbag.py:508} INFO - Filling up the DagBag from /home/airflow/.local/lib/python3.7/site-packages/airflow/example_dags/example_branch_operator.py
[2022-09-02T11:51:00.263+0000] {processor.py:650} INFO - DAG(s) dict_keys(['example_branch_operator']) retrieved from /home/airflow/.local/lib/python3.7/site-packages/airflow/example_dags/example_branch_operator.py
[2022-09-02T11:51:00.284+0000] {logging_mixin.py:115} INFO - [2022-09-02T11:51:00.284+0000] {dag.py:2429} INFO - Sync 1 DAGs
[2022-09-02T11:51:00.304+0000] {logging_mixin.py:115} INFO - [2022-09-02T11:51:00.304+0000] {dag.py:2981} INFO - Setting next_dagrun for example_branch_operator to 2022-09-01T00:00:00+00:00, run_after=2022-09-02T00:00:00+00:00
[2022-09-02T11:51:00.312+0000] {processor.py:161} INFO - Processing /home/airflow/.local/lib/python3.7/site-packages/airflow/example_dags/example_branch_operator.py took 0.062 seconds
[2022-09-02T11:51:31.065+0000] {processor.py:153} INFO - Started process (PID=1870) to work on /home/airflow/.local/lib/python3.7/site-packages/airflow/example_dags/example_branch_operator.py
[2022-09-02T11:51:31.067+0000] {processor.py:640} INFO - Processing file /home/airflow/.local/lib/python3.7/site-packages/airflow/example_dags/example_branch_operator.py for tasks to queue
[2022-09-02T11:51:31.068+0000] {logging_mixin.py:115} INFO - [2022-09-02T11:51:31.068+0000] {dagbag.py:508} INFO - Filling up the DagBag from /home/airflow/.local/lib/python3.7/site-packages/airflow/example_dags/example_branch_operator.py
[2022-09-02T11:51:31.076+0000] {processor.py:650} INFO - DAG(s) dict_keys(['example_branch_operator']) retrieved from /home/airflow/.local/lib/python3.7/site-packages/airflow/example_dags/example_branch_operator.py
[2022-09-02T11:51:31.095+0000] {logging_mixin.py:115} INFO - [2022-09-02T11:51:31.095+0000] {dag.py:2429} INFO - Sync 1 DAGs
[2022-09-02T11:51:31.111+0000] {logging_mixin.py:115} INFO - [2022-09-02T11:51:31.111+0000] {dag.py:2981} INFO - Setting next_dagrun for example_branch_operator to 2022-09-01T00:00:00+00:00, run_after=2022-09-02T00:00:00+00:00
[2022-09-02T11:51:31.119+0000] {processor.py:161} INFO - Processing /home/airflow/.local/lib/python3.7/site-packages/airflow/example_dags/example_branch_operator.py took 0.056 seconds
[2022-09-02T11:52:01.972+0000] {processor.py:153} INFO - Started process (PID=2067) to work on /home/airflow/.local/lib/python3.7/site-packages/airflow/example_dags/example_branch_operator.py
[2022-09-02T11:52:01.975+0000] {processor.py:640} INFO - Processing file /home/airflow/.local/lib/python3.7/site-packages/airflow/example_dags/example_branch_operator.py for tasks to queue
[2022-09-02T11:52:01.976+0000] {logging_mixin.py:115} INFO - [2022-09-02T11:52:01.976+0000] {dagbag.py:508} INFO - Filling up the DagBag from /home/airflow/.local/lib/python3.7/site-packages/airflow/example_dags/example_branch_operator.py
[2022-09-02T11:52:01.984+0000] {processor.py:650} INFO - DAG(s) dict_keys(['example_branch_operator']) retrieved from /home/airflow/.local/lib/python3.7/site-packages/airflow/example_dags/example_branch_operator.py
[2022-09-02T11:52:02.004+0000] {logging_mixin.py:115} INFO - [2022-09-02T11:52:02.003+0000] {dag.py:2429} INFO - Sync 1 DAGs
[2022-09-02T11:52:02.021+0000] {logging_mixin.py:115} INFO - [2022-09-02T11:52:02.021+0000] {dag.py:2981} INFO - Setting next_dagrun for example_branch_operator to 2022-09-01T00:00:00+00:00, run_after=2022-09-02T00:00:00+00:00
[2022-09-02T11:52:02.030+0000] {processor.py:161} INFO - Processing /home/airflow/.local/lib/python3.7/site-packages/airflow/example_dags/example_branch_operator.py took 0.060 seconds
[2022-09-02T11:52:32.872+0000] {processor.py:153} INFO - Started process (PID=2264) to work on /home/airflow/.local/lib/python3.7/site-packages/airflow/example_dags/example_branch_operator.py
[2022-09-02T11:52:32.874+0000] {processor.py:640} INFO - Processing file /home/airflow/.local/lib/python3.7/site-packages/airflow/example_dags/example_branch_operator.py for tasks to queue
[2022-09-02T11:52:32.875+0000] {logging_mixin.py:115} INFO - [2022-09-02T11:52:32.875+0000] {dagbag.py:508} INFO - Filling up the DagBag from /home/airflow/.local/lib/python3.7/site-packages/airflow/example_dags/example_branch_operator.py
[2022-09-02T11:52:32.884+0000] {processor.py:650} INFO - DAG(s) dict_keys(['example_branch_operator']) retrieved from /home/airflow/.local/lib/python3.7/site-packages/airflow/example_dags/example_branch_operator.py
[2022-09-02T11:52:32.902+0000] {logging_mixin.py:115} INFO - [2022-09-02T11:52:32.902+0000] {dag.py:2429} INFO - Sync 1 DAGs
[2022-09-02T11:52:32.919+0000] {logging_mixin.py:115} INFO - [2022-09-02T11:52:32.919+0000] {dag.py:2981} INFO - Setting next_dagrun for example_branch_operator to 2022-09-01T00:00:00+00:00, run_after=2022-09-02T00:00:00+00:00
[2022-09-02T11:52:32.927+0000] {processor.py:161} INFO - Processing /home/airflow/.local/lib/python3.7/site-packages/airflow/example_dags/example_branch_operator.py took 0.057 seconds
[2022-09-02T11:53:03.538+0000] {processor.py:153} INFO - Started process (PID=2453) to work on /home/airflow/.local/lib/python3.7/site-packages/airflow/example_dags/example_branch_operator.py
[2022-09-02T11:53:03.539+0000] {processor.py:640} INFO - Processing file /home/airflow/.local/lib/python3.7/site-packages/airflow/example_dags/example_branch_operator.py for tasks to queue
[2022-09-02T11:53:03.540+0000] {logging_mixin.py:115} INFO - [2022-09-02T11:53:03.540+0000] {dagbag.py:508} INFO - Filling up the DagBag from /home/airflow/.local/lib/python3.7/site-packages/airflow/example_dags/example_branch_operator.py
[2022-09-02T11:53:03.548+0000] {processor.py:650} INFO - DAG(s) dict_keys(['example_branch_operator']) retrieved from /home/airflow/.local/lib/python3.7/site-packages/airflow/example_dags/example_branch_operator.py
[2022-09-02T11:53:03.569+0000] {logging_mixin.py:115} INFO - [2022-09-02T11:53:03.568+0000] {dag.py:2429} INFO - Sync 1 DAGs
[2022-09-02T11:53:03.587+0000] {logging_mixin.py:115} INFO - [2022-09-02T11:53:03.587+0000] {dag.py:2981} INFO - Setting next_dagrun for example_branch_operator to 2022-09-01T00:00:00+00:00, run_after=2022-09-02T00:00:00+00:00
[2022-09-02T11:53:03.596+0000] {processor.py:161} INFO - Processing /home/airflow/.local/lib/python3.7/site-packages/airflow/example_dags/example_branch_operator.py took 0.061 seconds
[2022-09-02T11:53:34.367+0000] {processor.py:153} INFO - Started process (PID=2651) to work on /home/airflow/.local/lib/python3.7/site-packages/airflow/example_dags/example_branch_operator.py
[2022-09-02T11:53:34.368+0000] {processor.py:640} INFO - Processing file /home/airflow/.local/lib/python3.7/site-packages/airflow/example_dags/example_branch_operator.py for tasks to queue
[2022-09-02T11:53:34.369+0000] {logging_mixin.py:115} INFO - [2022-09-02T11:53:34.369+0000] {dagbag.py:508} INFO - Filling up the DagBag from /home/airflow/.local/lib/python3.7/site-packages/airflow/example_dags/example_branch_operator.py
[2022-09-02T11:53:34.377+0000] {processor.py:650} INFO - DAG(s) dict_keys(['example_branch_operator']) retrieved from /home/airflow/.local/lib/python3.7/site-packages/airflow/example_dags/example_branch_operator.py
[2022-09-02T11:53:34.395+0000] {logging_mixin.py:115} INFO - [2022-09-02T11:53:34.395+0000] {dag.py:2429} INFO - Sync 1 DAGs
[2022-09-02T11:53:34.412+0000] {logging_mixin.py:115} INFO - [2022-09-02T11:53:34.412+0000] {dag.py:2981} INFO - Setting next_dagrun for example_branch_operator to 2022-09-01T00:00:00+00:00, run_after=2022-09-02T00:00:00+00:00
[2022-09-02T11:53:34.420+0000] {processor.py:161} INFO - Processing /home/airflow/.local/lib/python3.7/site-packages/airflow/example_dags/example_branch_operator.py took 0.056 seconds
[2022-09-02T11:54:05.162+0000] {processor.py:153} INFO - Started process (PID=2848) to work on /home/airflow/.local/lib/python3.7/site-packages/airflow/example_dags/example_branch_operator.py
[2022-09-02T11:54:05.164+0000] {processor.py:640} INFO - Processing file /home/airflow/.local/lib/python3.7/site-packages/airflow/example_dags/example_branch_operator.py for tasks to queue
[2022-09-02T11:54:05.165+0000] {logging_mixin.py:115} INFO - [2022-09-02T11:54:05.165+0000] {dagbag.py:508} INFO - Filling up the DagBag from /home/airflow/.local/lib/python3.7/site-packages/airflow/example_dags/example_branch_operator.py
[2022-09-02T11:54:05.173+0000] {processor.py:650} INFO - DAG(s) dict_keys(['example_branch_operator']) retrieved from /home/airflow/.local/lib/python3.7/site-packages/airflow/example_dags/example_branch_operator.py
[2022-09-02T11:54:05.191+0000] {logging_mixin.py:115} INFO - [2022-09-02T11:54:05.191+0000] {dag.py:2429} INFO - Sync 1 DAGs
[2022-09-02T11:54:05.207+0000] {logging_mixin.py:115} INFO - [2022-09-02T11:54:05.207+0000] {dag.py:2981} INFO - Setting next_dagrun for example_branch_operator to 2022-09-01T00:00:00+00:00, run_after=2022-09-02T00:00:00+00:00
[2022-09-02T11:54:05.215+0000] {processor.py:161} INFO - Processing /home/airflow/.local/lib/python3.7/site-packages/airflow/example_dags/example_branch_operator.py took 0.055 seconds
[2022-09-02T11:54:35.957+0000] {processor.py:153} INFO - Started process (PID=3044) to work on /home/airflow/.local/lib/python3.7/site-packages/airflow/example_dags/example_branch_operator.py
[2022-09-02T11:54:35.958+0000] {processor.py:640} INFO - Processing file /home/airflow/.local/lib/python3.7/site-packages/airflow/example_dags/example_branch_operator.py for tasks to queue
[2022-09-02T11:54:35.959+0000] {logging_mixin.py:115} INFO - [2022-09-02T11:54:35.959+0000] {dagbag.py:508} INFO - Filling up the DagBag from /home/airflow/.local/lib/python3.7/site-packages/airflow/example_dags/example_branch_operator.py
[2022-09-02T11:54:35.967+0000] {processor.py:650} INFO - DAG(s) dict_keys(['example_branch_operator']) retrieved from /home/airflow/.local/lib/python3.7/site-packages/airflow/example_dags/example_branch_operator.py
[2022-09-02T11:54:35.985+0000] {logging_mixin.py:115} INFO - [2022-09-02T11:54:35.985+0000] {dag.py:2429} INFO - Sync 1 DAGs
[2022-09-02T11:54:36.004+0000] {logging_mixin.py:115} INFO - [2022-09-02T11:54:36.003+0000] {dag.py:2981} INFO - Setting next_dagrun for example_branch_operator to 2022-09-01T00:00:00+00:00, run_after=2022-09-02T00:00:00+00:00
[2022-09-02T11:54:36.010+0000] {processor.py:161} INFO - Processing /home/airflow/.local/lib/python3.7/site-packages/airflow/example_dags/example_branch_operator.py took 0.056 seconds
[2022-09-02T11:55:06.736+0000] {processor.py:153} INFO - Started process (PID=3242) to work on /home/airflow/.local/lib/python3.7/site-packages/airflow/example_dags/example_branch_operator.py
[2022-09-02T11:55:06.737+0000] {processor.py:640} INFO - Processing file /home/airflow/.local/lib/python3.7/site-packages/airflow/example_dags/example_branch_operator.py for tasks to queue
[2022-09-02T11:55:06.738+0000] {logging_mixin.py:115} INFO - [2022-09-02T11:55:06.738+0000] {dagbag.py:508} INFO - Filling up the DagBag from /home/airflow/.local/lib/python3.7/site-packages/airflow/example_dags/example_branch_operator.py
[2022-09-02T11:55:06.746+0000] {processor.py:650} INFO - DAG(s) dict_keys(['example_branch_operator']) retrieved from /home/airflow/.local/lib/python3.7/site-packages/airflow/example_dags/example_branch_operator.py
[2022-09-02T11:55:06.764+0000] {logging_mixin.py:115} INFO - [2022-09-02T11:55:06.764+0000] {dag.py:2429} INFO - Sync 1 DAGs
[2022-09-02T11:55:06.781+0000] {logging_mixin.py:115} INFO - [2022-09-02T11:55:06.781+0000] {dag.py:2981} INFO - Setting next_dagrun for example_branch_operator to 2022-09-01T00:00:00+00:00, run_after=2022-09-02T00:00:00+00:00
[2022-09-02T11:55:06.790+0000] {processor.py:161} INFO - Processing /home/airflow/.local/lib/python3.7/site-packages/airflow/example_dags/example_branch_operator.py took 0.057 seconds
[2022-09-02T11:55:37.528+0000] {processor.py:153} INFO - Started process (PID=3440) to work on /home/airflow/.local/lib/python3.7/site-packages/airflow/example_dags/example_branch_operator.py
[2022-09-02T11:55:37.530+0000] {processor.py:640} INFO - Processing file /home/airflow/.local/lib/python3.7/site-packages/airflow/example_dags/example_branch_operator.py for tasks to queue
[2022-09-02T11:55:37.530+0000] {logging_mixin.py:115} INFO - [2022-09-02T11:55:37.530+0000] {dagbag.py:508} INFO - Filling up the DagBag from /home/airflow/.local/lib/python3.7/site-packages/airflow/example_dags/example_branch_operator.py
[2022-09-02T11:55:37.538+0000] {processor.py:650} INFO - DAG(s) dict_keys(['example_branch_operator']) retrieved from /home/airflow/.local/lib/python3.7/site-packages/airflow/example_dags/example_branch_operator.py
[2022-09-02T11:55:37.558+0000] {logging_mixin.py:115} INFO - [2022-09-02T11:55:37.558+0000] {dag.py:2429} INFO - Sync 1 DAGs
[2022-09-02T11:55:37.577+0000] {logging_mixin.py:115} INFO - [2022-09-02T11:55:37.577+0000] {dag.py:2981} INFO - Setting next_dagrun for example_branch_operator to 2022-09-01T00:00:00+00:00, run_after=2022-09-02T00:00:00+00:00
[2022-09-02T11:55:37.585+0000] {processor.py:161} INFO - Processing /home/airflow/.local/lib/python3.7/site-packages/airflow/example_dags/example_branch_operator.py took 0.060 seconds
[2022-09-02T11:56:08.472+0000] {processor.py:153} INFO - Started process (PID=3638) to work on /home/airflow/.local/lib/python3.7/site-packages/airflow/example_dags/example_branch_operator.py
[2022-09-02T11:56:08.473+0000] {processor.py:640} INFO - Processing file /home/airflow/.local/lib/python3.7/site-packages/airflow/example_dags/example_branch_operator.py for tasks to queue
[2022-09-02T11:56:08.475+0000] {logging_mixin.py:115} INFO - [2022-09-02T11:56:08.475+0000] {dagbag.py:508} INFO - Filling up the DagBag from /home/airflow/.local/lib/python3.7/site-packages/airflow/example_dags/example_branch_operator.py
[2022-09-02T11:56:08.483+0000] {processor.py:650} INFO - DAG(s) dict_keys(['example_branch_operator']) retrieved from /home/airflow/.local/lib/python3.7/site-packages/airflow/example_dags/example_branch_operator.py
[2022-09-02T11:56:08.501+0000] {logging_mixin.py:115} INFO - [2022-09-02T11:56:08.501+0000] {dag.py:2429} INFO - Sync 1 DAGs
[2022-09-02T11:56:08.519+0000] {logging_mixin.py:115} INFO - [2022-09-02T11:56:08.519+0000] {dag.py:2981} INFO - Setting next_dagrun for example_branch_operator to 2022-09-01T00:00:00+00:00, run_after=2022-09-02T00:00:00+00:00
[2022-09-02T11:56:08.528+0000] {processor.py:161} INFO - Processing /home/airflow/.local/lib/python3.7/site-packages/airflow/example_dags/example_branch_operator.py took 0.059 seconds
[2022-09-02T11:56:39.208+0000] {processor.py:153} INFO - Started process (PID=3823) to work on /home/airflow/.local/lib/python3.7/site-packages/airflow/example_dags/example_branch_operator.py
[2022-09-02T11:56:39.210+0000] {processor.py:640} INFO - Processing file /home/airflow/.local/lib/python3.7/site-packages/airflow/example_dags/example_branch_operator.py for tasks to queue
[2022-09-02T11:56:39.211+0000] {logging_mixin.py:115} INFO - [2022-09-02T11:56:39.211+0000] {dagbag.py:508} INFO - Filling up the DagBag from /home/airflow/.local/lib/python3.7/site-packages/airflow/example_dags/example_branch_operator.py
[2022-09-02T11:56:39.218+0000] {processor.py:650} INFO - DAG(s) dict_keys(['example_branch_operator']) retrieved from /home/airflow/.local/lib/python3.7/site-packages/airflow/example_dags/example_branch_operator.py
[2022-09-02T11:56:39.237+0000] {logging_mixin.py:115} INFO - [2022-09-02T11:56:39.237+0000] {dag.py:2429} INFO - Sync 1 DAGs
[2022-09-02T11:56:39.258+0000] {logging_mixin.py:115} INFO - [2022-09-02T11:56:39.258+0000] {dag.py:2981} INFO - Setting next_dagrun for example_branch_operator to 2022-09-01T00:00:00+00:00, run_after=2022-09-02T00:00:00+00:00
[2022-09-02T11:56:39.267+0000] {processor.py:161} INFO - Processing /home/airflow/.local/lib/python3.7/site-packages/airflow/example_dags/example_branch_operator.py took 0.061 seconds
[2022-09-02T11:57:09.995+0000] {processor.py:153} INFO - Started process (PID=4020) to work on /home/airflow/.local/lib/python3.7/site-packages/airflow/example_dags/example_branch_operator.py
[2022-09-02T11:57:09.996+0000] {processor.py:640} INFO - Processing file /home/airflow/.local/lib/python3.7/site-packages/airflow/example_dags/example_branch_operator.py for tasks to queue
[2022-09-02T11:57:09.997+0000] {logging_mixin.py:115} INFO - [2022-09-02T11:57:09.997+0000] {dagbag.py:508} INFO - Filling up the DagBag from /home/airflow/.local/lib/python3.7/site-packages/airflow/example_dags/example_branch_operator.py
[2022-09-02T11:57:10.004+0000] {processor.py:650} INFO - DAG(s) dict_keys(['example_branch_operator']) retrieved from /home/airflow/.local/lib/python3.7/site-packages/airflow/example_dags/example_branch_operator.py
[2022-09-02T11:57:10.022+0000] {logging_mixin.py:115} INFO - [2022-09-02T11:57:10.022+0000] {dag.py:2429} INFO - Sync 1 DAGs
[2022-09-02T11:57:10.041+0000] {logging_mixin.py:115} INFO - [2022-09-02T11:57:10.040+0000] {dag.py:2981} INFO - Setting next_dagrun for example_branch_operator to 2022-09-01T00:00:00+00:00, run_after=2022-09-02T00:00:00+00:00
[2022-09-02T11:57:10.050+0000] {processor.py:161} INFO - Processing /home/airflow/.local/lib/python3.7/site-packages/airflow/example_dags/example_branch_operator.py took 0.058 seconds
[2022-09-02T11:57:40.871+0000] {processor.py:153} INFO - Started process (PID=4215) to work on /home/airflow/.local/lib/python3.7/site-packages/airflow/example_dags/example_branch_operator.py
[2022-09-02T11:57:40.873+0000] {processor.py:640} INFO - Processing file /home/airflow/.local/lib/python3.7/site-packages/airflow/example_dags/example_branch_operator.py for tasks to queue
[2022-09-02T11:57:40.874+0000] {logging_mixin.py:115} INFO - [2022-09-02T11:57:40.874+0000] {dagbag.py:508} INFO - Filling up the DagBag from /home/airflow/.local/lib/python3.7/site-packages/airflow/example_dags/example_branch_operator.py
[2022-09-02T11:57:40.882+0000] {processor.py:650} INFO - DAG(s) dict_keys(['example_branch_operator']) retrieved from /home/airflow/.local/lib/python3.7/site-packages/airflow/example_dags/example_branch_operator.py
[2022-09-02T11:57:40.900+0000] {logging_mixin.py:115} INFO - [2022-09-02T11:57:40.900+0000] {dag.py:2429} INFO - Sync 1 DAGs
[2022-09-02T11:57:40.917+0000] {logging_mixin.py:115} INFO - [2022-09-02T11:57:40.917+0000] {dag.py:2981} INFO - Setting next_dagrun for example_branch_operator to 2022-09-01T00:00:00+00:00, run_after=2022-09-02T00:00:00+00:00
[2022-09-02T11:57:40.926+0000] {processor.py:161} INFO - Processing /home/airflow/.local/lib/python3.7/site-packages/airflow/example_dags/example_branch_operator.py took 0.058 seconds
[2022-09-02T11:58:11.752+0000] {processor.py:153} INFO - Started process (PID=4412) to work on /home/airflow/.local/lib/python3.7/site-packages/airflow/example_dags/example_branch_operator.py
[2022-09-02T11:58:11.754+0000] {processor.py:640} INFO - Processing file /home/airflow/.local/lib/python3.7/site-packages/airflow/example_dags/example_branch_operator.py for tasks to queue
[2022-09-02T11:58:11.756+0000] {logging_mixin.py:115} INFO - [2022-09-02T11:58:11.755+0000] {dagbag.py:508} INFO - Filling up the DagBag from /home/airflow/.local/lib/python3.7/site-packages/airflow/example_dags/example_branch_operator.py
[2022-09-02T11:58:11.763+0000] {processor.py:650} INFO - DAG(s) dict_keys(['example_branch_operator']) retrieved from /home/airflow/.local/lib/python3.7/site-packages/airflow/example_dags/example_branch_operator.py
[2022-09-02T11:58:11.782+0000] {logging_mixin.py:115} INFO - [2022-09-02T11:58:11.782+0000] {dag.py:2429} INFO - Sync 1 DAGs
[2022-09-02T11:58:11.799+0000] {logging_mixin.py:115} INFO - [2022-09-02T11:58:11.799+0000] {dag.py:2981} INFO - Setting next_dagrun for example_branch_operator to 2022-09-01T00:00:00+00:00, run_after=2022-09-02T00:00:00+00:00
[2022-09-02T11:58:11.808+0000] {processor.py:161} INFO - Processing /home/airflow/.local/lib/python3.7/site-packages/airflow/example_dags/example_branch_operator.py took 0.058 seconds
[2022-09-02T11:58:42.627+0000] {processor.py:153} INFO - Started process (PID=4611) to work on /home/airflow/.local/lib/python3.7/site-packages/airflow/example_dags/example_branch_operator.py
[2022-09-02T11:58:42.636+0000] {processor.py:640} INFO - Processing file /home/airflow/.local/lib/python3.7/site-packages/airflow/example_dags/example_branch_operator.py for tasks to queue
[2022-09-02T11:58:42.637+0000] {logging_mixin.py:115} INFO - [2022-09-02T11:58:42.637+0000] {dagbag.py:508} INFO - Filling up the DagBag from /home/airflow/.local/lib/python3.7/site-packages/airflow/example_dags/example_branch_operator.py
[2022-09-02T11:58:42.648+0000] {processor.py:650} INFO - DAG(s) dict_keys(['example_branch_operator']) retrieved from /home/airflow/.local/lib/python3.7/site-packages/airflow/example_dags/example_branch_operator.py
[2022-09-02T11:58:42.676+0000] {logging_mixin.py:115} INFO - [2022-09-02T11:58:42.676+0000] {dag.py:2429} INFO - Sync 1 DAGs
[2022-09-02T11:58:42.695+0000] {logging_mixin.py:115} INFO - [2022-09-02T11:58:42.695+0000] {dag.py:2981} INFO - Setting next_dagrun for example_branch_operator to 2022-09-01T00:00:00+00:00, run_after=2022-09-02T00:00:00+00:00
[2022-09-02T11:58:42.705+0000] {processor.py:161} INFO - Processing /home/airflow/.local/lib/python3.7/site-packages/airflow/example_dags/example_branch_operator.py took 0.081 seconds
[2022-09-02T11:59:13.507+0000] {processor.py:153} INFO - Started process (PID=4806) to work on /home/airflow/.local/lib/python3.7/site-packages/airflow/example_dags/example_branch_operator.py
[2022-09-02T11:59:13.508+0000] {processor.py:640} INFO - Processing file /home/airflow/.local/lib/python3.7/site-packages/airflow/example_dags/example_branch_operator.py for tasks to queue
[2022-09-02T11:59:13.510+0000] {logging_mixin.py:115} INFO - [2022-09-02T11:59:13.510+0000] {dagbag.py:508} INFO - Filling up the DagBag from /home/airflow/.local/lib/python3.7/site-packages/airflow/example_dags/example_branch_operator.py
[2022-09-02T11:59:13.517+0000] {processor.py:650} INFO - DAG(s) dict_keys(['example_branch_operator']) retrieved from /home/airflow/.local/lib/python3.7/site-packages/airflow/example_dags/example_branch_operator.py
[2022-09-02T11:59:13.537+0000] {logging_mixin.py:115} INFO - [2022-09-02T11:59:13.537+0000] {dag.py:2429} INFO - Sync 1 DAGs
[2022-09-02T11:59:13.553+0000] {logging_mixin.py:115} INFO - [2022-09-02T11:59:13.553+0000] {dag.py:2981} INFO - Setting next_dagrun for example_branch_operator to 2022-09-01T00:00:00+00:00, run_after=2022-09-02T00:00:00+00:00
[2022-09-02T11:59:13.563+0000] {processor.py:161} INFO - Processing /home/airflow/.local/lib/python3.7/site-packages/airflow/example_dags/example_branch_operator.py took 0.059 seconds
[2022-09-02T11:59:44.446+0000] {processor.py:153} INFO - Started process (PID=5005) to work on /home/airflow/.local/lib/python3.7/site-packages/airflow/example_dags/example_branch_operator.py
[2022-09-02T11:59:44.448+0000] {processor.py:640} INFO - Processing file /home/airflow/.local/lib/python3.7/site-packages/airflow/example_dags/example_branch_operator.py for tasks to queue
[2022-09-02T11:59:44.449+0000] {logging_mixin.py:115} INFO - [2022-09-02T11:59:44.449+0000] {dagbag.py:508} INFO - Filling up the DagBag from /home/airflow/.local/lib/python3.7/site-packages/airflow/example_dags/example_branch_operator.py
[2022-09-02T11:59:44.456+0000] {processor.py:650} INFO - DAG(s) dict_keys(['example_branch_operator']) retrieved from /home/airflow/.local/lib/python3.7/site-packages/airflow/example_dags/example_branch_operator.py
[2022-09-02T11:59:44.474+0000] {logging_mixin.py:115} INFO - [2022-09-02T11:59:44.474+0000] {dag.py:2429} INFO - Sync 1 DAGs
[2022-09-02T11:59:44.492+0000] {logging_mixin.py:115} INFO - [2022-09-02T11:59:44.492+0000] {dag.py:2981} INFO - Setting next_dagrun for example_branch_operator to 2022-09-01T00:00:00+00:00, run_after=2022-09-02T00:00:00+00:00
[2022-09-02T11:59:44.501+0000] {processor.py:161} INFO - Processing /home/airflow/.local/lib/python3.7/site-packages/airflow/example_dags/example_branch_operator.py took 0.058 seconds
[2022-09-02T12:00:15.155+0000] {processor.py:153} INFO - Started process (PID=5191) to work on /home/airflow/.local/lib/python3.7/site-packages/airflow/example_dags/example_branch_operator.py
[2022-09-02T12:00:15.157+0000] {processor.py:640} INFO - Processing file /home/airflow/.local/lib/python3.7/site-packages/airflow/example_dags/example_branch_operator.py for tasks to queue
[2022-09-02T12:00:15.158+0000] {logging_mixin.py:115} INFO - [2022-09-02T12:00:15.158+0000] {dagbag.py:508} INFO - Filling up the DagBag from /home/airflow/.local/lib/python3.7/site-packages/airflow/example_dags/example_branch_operator.py
[2022-09-02T12:00:15.165+0000] {processor.py:650} INFO - DAG(s) dict_keys(['example_branch_operator']) retrieved from /home/airflow/.local/lib/python3.7/site-packages/airflow/example_dags/example_branch_operator.py
[2022-09-02T12:00:15.183+0000] {logging_mixin.py:115} INFO - [2022-09-02T12:00:15.183+0000] {dag.py:2429} INFO - Sync 1 DAGs
[2022-09-02T12:00:15.198+0000] {logging_mixin.py:115} INFO - [2022-09-02T12:00:15.198+0000] {dag.py:2981} INFO - Setting next_dagrun for example_branch_operator to 2022-09-01T00:00:00+00:00, run_after=2022-09-02T00:00:00+00:00
[2022-09-02T12:00:15.206+0000] {processor.py:161} INFO - Processing /home/airflow/.local/lib/python3.7/site-packages/airflow/example_dags/example_branch_operator.py took 0.053 seconds
[2022-09-02T12:00:45.980+0000] {processor.py:153} INFO - Started process (PID=5388) to work on /home/airflow/.local/lib/python3.7/site-packages/airflow/example_dags/example_branch_operator.py
[2022-09-02T12:00:45.982+0000] {processor.py:640} INFO - Processing file /home/airflow/.local/lib/python3.7/site-packages/airflow/example_dags/example_branch_operator.py for tasks to queue
[2022-09-02T12:00:45.983+0000] {logging_mixin.py:115} INFO - [2022-09-02T12:00:45.983+0000] {dagbag.py:508} INFO - Filling up the DagBag from /home/airflow/.local/lib/python3.7/site-packages/airflow/example_dags/example_branch_operator.py
[2022-09-02T12:00:45.991+0000] {processor.py:650} INFO - DAG(s) dict_keys(['example_branch_operator']) retrieved from /home/airflow/.local/lib/python3.7/site-packages/airflow/example_dags/example_branch_operator.py
[2022-09-02T12:00:46.009+0000] {logging_mixin.py:115} INFO - [2022-09-02T12:00:46.009+0000] {dag.py:2429} INFO - Sync 1 DAGs
[2022-09-02T12:00:46.030+0000] {logging_mixin.py:115} INFO - [2022-09-02T12:00:46.030+0000] {dag.py:2981} INFO - Setting next_dagrun for example_branch_operator to 2022-09-01T00:00:00+00:00, run_after=2022-09-02T00:00:00+00:00
[2022-09-02T12:00:46.040+0000] {processor.py:161} INFO - Processing /home/airflow/.local/lib/python3.7/site-packages/airflow/example_dags/example_branch_operator.py took 0.062 seconds
[2022-09-02T12:01:16.591+0000] {processor.py:153} INFO - Started process (PID=5585) to work on /home/airflow/.local/lib/python3.7/site-packages/airflow/example_dags/example_branch_operator.py
[2022-09-02T12:01:16.592+0000] {processor.py:640} INFO - Processing file /home/airflow/.local/lib/python3.7/site-packages/airflow/example_dags/example_branch_operator.py for tasks to queue
[2022-09-02T12:01:16.594+0000] {logging_mixin.py:115} INFO - [2022-09-02T12:01:16.594+0000] {dagbag.py:508} INFO - Filling up the DagBag from /home/airflow/.local/lib/python3.7/site-packages/airflow/example_dags/example_branch_operator.py
[2022-09-02T12:01:16.601+0000] {processor.py:650} INFO - DAG(s) dict_keys(['example_branch_operator']) retrieved from /home/airflow/.local/lib/python3.7/site-packages/airflow/example_dags/example_branch_operator.py
[2022-09-02T12:01:16.619+0000] {logging_mixin.py:115} INFO - [2022-09-02T12:01:16.619+0000] {dag.py:2429} INFO - Sync 1 DAGs
[2022-09-02T12:01:16.636+0000] {logging_mixin.py:115} INFO - [2022-09-02T12:01:16.636+0000] {dag.py:2981} INFO - Setting next_dagrun for example_branch_operator to 2022-09-01T00:00:00+00:00, run_after=2022-09-02T00:00:00+00:00
[2022-09-02T12:01:16.643+0000] {processor.py:161} INFO - Processing /home/airflow/.local/lib/python3.7/site-packages/airflow/example_dags/example_branch_operator.py took 0.054 seconds
[2022-09-02T12:01:47.412+0000] {processor.py:153} INFO - Started process (PID=5782) to work on /home/airflow/.local/lib/python3.7/site-packages/airflow/example_dags/example_branch_operator.py
[2022-09-02T12:01:47.413+0000] {processor.py:640} INFO - Processing file /home/airflow/.local/lib/python3.7/site-packages/airflow/example_dags/example_branch_operator.py for tasks to queue
[2022-09-02T12:01:47.414+0000] {logging_mixin.py:115} INFO - [2022-09-02T12:01:47.414+0000] {dagbag.py:508} INFO - Filling up the DagBag from /home/airflow/.local/lib/python3.7/site-packages/airflow/example_dags/example_branch_operator.py
[2022-09-02T12:01:47.421+0000] {processor.py:650} INFO - DAG(s) dict_keys(['example_branch_operator']) retrieved from /home/airflow/.local/lib/python3.7/site-packages/airflow/example_dags/example_branch_operator.py
[2022-09-02T12:01:47.439+0000] {logging_mixin.py:115} INFO - [2022-09-02T12:01:47.439+0000] {dag.py:2429} INFO - Sync 1 DAGs
[2022-09-02T12:01:47.457+0000] {logging_mixin.py:115} INFO - [2022-09-02T12:01:47.456+0000] {dag.py:2981} INFO - Setting next_dagrun for example_branch_operator to 2022-09-01T00:00:00+00:00, run_after=2022-09-02T00:00:00+00:00
[2022-09-02T12:01:47.465+0000] {processor.py:161} INFO - Processing /home/airflow/.local/lib/python3.7/site-packages/airflow/example_dags/example_branch_operator.py took 0.056 seconds
[2022-09-02T12:02:18.253+0000] {processor.py:153} INFO - Started process (PID=5997) to work on /home/airflow/.local/lib/python3.7/site-packages/airflow/example_dags/example_branch_operator.py
[2022-09-02T12:02:18.255+0000] {processor.py:640} INFO - Processing file /home/airflow/.local/lib/python3.7/site-packages/airflow/example_dags/example_branch_operator.py for tasks to queue
[2022-09-02T12:02:18.256+0000] {logging_mixin.py:115} INFO - [2022-09-02T12:02:18.256+0000] {dagbag.py:508} INFO - Filling up the DagBag from /home/airflow/.local/lib/python3.7/site-packages/airflow/example_dags/example_branch_operator.py
[2022-09-02T12:02:18.264+0000] {processor.py:650} INFO - DAG(s) dict_keys(['example_branch_operator']) retrieved from /home/airflow/.local/lib/python3.7/site-packages/airflow/example_dags/example_branch_operator.py
[2022-09-02T12:02:18.282+0000] {logging_mixin.py:115} INFO - [2022-09-02T12:02:18.282+0000] {dag.py:2429} INFO - Sync 1 DAGs
[2022-09-02T12:02:18.298+0000] {logging_mixin.py:115} INFO - [2022-09-02T12:02:18.298+0000] {dag.py:2981} INFO - Setting next_dagrun for example_branch_operator to 2022-09-01T00:00:00+00:00, run_after=2022-09-02T00:00:00+00:00
[2022-09-02T12:02:18.307+0000] {processor.py:161} INFO - Processing /home/airflow/.local/lib/python3.7/site-packages/airflow/example_dags/example_branch_operator.py took 0.056 seconds
[2022-09-02T12:02:49.181+0000] {processor.py:153} INFO - Started process (PID=6194) to work on /home/airflow/.local/lib/python3.7/site-packages/airflow/example_dags/example_branch_operator.py
[2022-09-02T12:02:49.184+0000] {processor.py:640} INFO - Processing file /home/airflow/.local/lib/python3.7/site-packages/airflow/example_dags/example_branch_operator.py for tasks to queue
[2022-09-02T12:02:49.185+0000] {logging_mixin.py:115} INFO - [2022-09-02T12:02:49.185+0000] {dagbag.py:508} INFO - Filling up the DagBag from /home/airflow/.local/lib/python3.7/site-packages/airflow/example_dags/example_branch_operator.py
[2022-09-02T12:02:49.193+0000] {processor.py:650} INFO - DAG(s) dict_keys(['example_branch_operator']) retrieved from /home/airflow/.local/lib/python3.7/site-packages/airflow/example_dags/example_branch_operator.py
[2022-09-02T12:02:49.213+0000] {logging_mixin.py:115} INFO - [2022-09-02T12:02:49.212+0000] {dag.py:2429} INFO - Sync 1 DAGs
[2022-09-02T12:02:49.231+0000] {logging_mixin.py:115} INFO - [2022-09-02T12:02:49.231+0000] {dag.py:2981} INFO - Setting next_dagrun for example_branch_operator to 2022-09-01T00:00:00+00:00, run_after=2022-09-02T00:00:00+00:00
[2022-09-02T12:02:49.240+0000] {processor.py:161} INFO - Processing /home/airflow/.local/lib/python3.7/site-packages/airflow/example_dags/example_branch_operator.py took 0.063 seconds
[2022-09-02T12:03:19.966+0000] {processor.py:153} INFO - Started process (PID=6384) to work on /home/airflow/.local/lib/python3.7/site-packages/airflow/example_dags/example_branch_operator.py
[2022-09-02T12:03:19.968+0000] {processor.py:640} INFO - Processing file /home/airflow/.local/lib/python3.7/site-packages/airflow/example_dags/example_branch_operator.py for tasks to queue
[2022-09-02T12:03:19.969+0000] {logging_mixin.py:115} INFO - [2022-09-02T12:03:19.969+0000] {dagbag.py:508} INFO - Filling up the DagBag from /home/airflow/.local/lib/python3.7/site-packages/airflow/example_dags/example_branch_operator.py
[2022-09-02T12:03:19.977+0000] {processor.py:650} INFO - DAG(s) dict_keys(['example_branch_operator']) retrieved from /home/airflow/.local/lib/python3.7/site-packages/airflow/example_dags/example_branch_operator.py
[2022-09-02T12:03:19.996+0000] {logging_mixin.py:115} INFO - [2022-09-02T12:03:19.996+0000] {dag.py:2429} INFO - Sync 1 DAGs
[2022-09-02T12:03:20.011+0000] {logging_mixin.py:115} INFO - [2022-09-02T12:03:20.011+0000] {dag.py:2981} INFO - Setting next_dagrun for example_branch_operator to 2022-09-01T00:00:00+00:00, run_after=2022-09-02T00:00:00+00:00
[2022-09-02T12:03:20.019+0000] {processor.py:161} INFO - Processing /home/airflow/.local/lib/python3.7/site-packages/airflow/example_dags/example_branch_operator.py took 0.056 seconds
[2022-09-02T12:03:50.684+0000] {processor.py:153} INFO - Started process (PID=6578) to work on /home/airflow/.local/lib/python3.7/site-packages/airflow/example_dags/example_branch_operator.py
[2022-09-02T12:03:50.686+0000] {processor.py:640} INFO - Processing file /home/airflow/.local/lib/python3.7/site-packages/airflow/example_dags/example_branch_operator.py for tasks to queue
[2022-09-02T12:03:50.687+0000] {logging_mixin.py:115} INFO - [2022-09-02T12:03:50.687+0000] {dagbag.py:508} INFO - Filling up the DagBag from /home/airflow/.local/lib/python3.7/site-packages/airflow/example_dags/example_branch_operator.py
[2022-09-02T12:03:50.695+0000] {processor.py:650} INFO - DAG(s) dict_keys(['example_branch_operator']) retrieved from /home/airflow/.local/lib/python3.7/site-packages/airflow/example_dags/example_branch_operator.py
[2022-09-02T12:03:50.712+0000] {logging_mixin.py:115} INFO - [2022-09-02T12:03:50.712+0000] {dag.py:2429} INFO - Sync 1 DAGs
[2022-09-02T12:03:50.728+0000] {logging_mixin.py:115} INFO - [2022-09-02T12:03:50.727+0000] {dag.py:2981} INFO - Setting next_dagrun for example_branch_operator to 2022-09-01T00:00:00+00:00, run_after=2022-09-02T00:00:00+00:00
[2022-09-02T12:03:50.767+0000] {processor.py:161} INFO - Processing /home/airflow/.local/lib/python3.7/site-packages/airflow/example_dags/example_branch_operator.py took 0.085 seconds
[2022-09-02T12:04:21.445+0000] {processor.py:153} INFO - Started process (PID=6776) to work on /home/airflow/.local/lib/python3.7/site-packages/airflow/example_dags/example_branch_operator.py
[2022-09-02T12:04:21.447+0000] {processor.py:640} INFO - Processing file /home/airflow/.local/lib/python3.7/site-packages/airflow/example_dags/example_branch_operator.py for tasks to queue
[2022-09-02T12:04:21.448+0000] {logging_mixin.py:115} INFO - [2022-09-02T12:04:21.448+0000] {dagbag.py:508} INFO - Filling up the DagBag from /home/airflow/.local/lib/python3.7/site-packages/airflow/example_dags/example_branch_operator.py
[2022-09-02T12:04:21.455+0000] {processor.py:650} INFO - DAG(s) dict_keys(['example_branch_operator']) retrieved from /home/airflow/.local/lib/python3.7/site-packages/airflow/example_dags/example_branch_operator.py
[2022-09-02T12:04:21.474+0000] {logging_mixin.py:115} INFO - [2022-09-02T12:04:21.474+0000] {dag.py:2429} INFO - Sync 1 DAGs
[2022-09-02T12:04:21.491+0000] {logging_mixin.py:115} INFO - [2022-09-02T12:04:21.491+0000] {dag.py:2981} INFO - Setting next_dagrun for example_branch_operator to 2022-09-01T00:00:00+00:00, run_after=2022-09-02T00:00:00+00:00
[2022-09-02T12:04:21.500+0000] {processor.py:161} INFO - Processing /home/airflow/.local/lib/python3.7/site-packages/airflow/example_dags/example_branch_operator.py took 0.057 seconds
[2022-09-02T12:04:52.331+0000] {processor.py:153} INFO - Started process (PID=6973) to work on /home/airflow/.local/lib/python3.7/site-packages/airflow/example_dags/example_branch_operator.py
[2022-09-02T12:04:52.333+0000] {processor.py:640} INFO - Processing file /home/airflow/.local/lib/python3.7/site-packages/airflow/example_dags/example_branch_operator.py for tasks to queue
[2022-09-02T12:04:52.334+0000] {logging_mixin.py:115} INFO - [2022-09-02T12:04:52.334+0000] {dagbag.py:508} INFO - Filling up the DagBag from /home/airflow/.local/lib/python3.7/site-packages/airflow/example_dags/example_branch_operator.py
[2022-09-02T12:04:52.342+0000] {processor.py:650} INFO - DAG(s) dict_keys(['example_branch_operator']) retrieved from /home/airflow/.local/lib/python3.7/site-packages/airflow/example_dags/example_branch_operator.py
[2022-09-02T12:04:52.362+0000] {logging_mixin.py:115} INFO - [2022-09-02T12:04:52.362+0000] {dag.py:2429} INFO - Sync 1 DAGs
[2022-09-02T12:04:52.378+0000] {logging_mixin.py:115} INFO - [2022-09-02T12:04:52.378+0000] {dag.py:2981} INFO - Setting next_dagrun for example_branch_operator to 2022-09-01T00:00:00+00:00, run_after=2022-09-02T00:00:00+00:00
[2022-09-02T12:04:52.387+0000] {processor.py:161} INFO - Processing /home/airflow/.local/lib/python3.7/site-packages/airflow/example_dags/example_branch_operator.py took 0.059 seconds
[2022-09-02T12:05:23.118+0000] {processor.py:153} INFO - Started process (PID=7171) to work on /home/airflow/.local/lib/python3.7/site-packages/airflow/example_dags/example_branch_operator.py
[2022-09-02T12:05:23.120+0000] {processor.py:640} INFO - Processing file /home/airflow/.local/lib/python3.7/site-packages/airflow/example_dags/example_branch_operator.py for tasks to queue
[2022-09-02T12:05:23.121+0000] {logging_mixin.py:115} INFO - [2022-09-02T12:05:23.121+0000] {dagbag.py:508} INFO - Filling up the DagBag from /home/airflow/.local/lib/python3.7/site-packages/airflow/example_dags/example_branch_operator.py
[2022-09-02T12:05:23.129+0000] {processor.py:650} INFO - DAG(s) dict_keys(['example_branch_operator']) retrieved from /home/airflow/.local/lib/python3.7/site-packages/airflow/example_dags/example_branch_operator.py
[2022-09-02T12:05:23.149+0000] {logging_mixin.py:115} INFO - [2022-09-02T12:05:23.149+0000] {dag.py:2429} INFO - Sync 1 DAGs
[2022-09-02T12:05:23.169+0000] {logging_mixin.py:115} INFO - [2022-09-02T12:05:23.169+0000] {dag.py:2981} INFO - Setting next_dagrun for example_branch_operator to 2022-09-01T00:00:00+00:00, run_after=2022-09-02T00:00:00+00:00
[2022-09-02T12:05:23.177+0000] {processor.py:161} INFO - Processing /home/airflow/.local/lib/python3.7/site-packages/airflow/example_dags/example_branch_operator.py took 0.061 seconds
[2022-09-02T12:05:53.914+0000] {processor.py:153} INFO - Started process (PID=7368) to work on /home/airflow/.local/lib/python3.7/site-packages/airflow/example_dags/example_branch_operator.py
[2022-09-02T12:05:53.916+0000] {processor.py:640} INFO - Processing file /home/airflow/.local/lib/python3.7/site-packages/airflow/example_dags/example_branch_operator.py for tasks to queue
[2022-09-02T12:05:53.917+0000] {logging_mixin.py:115} INFO - [2022-09-02T12:05:53.917+0000] {dagbag.py:508} INFO - Filling up the DagBag from /home/airflow/.local/lib/python3.7/site-packages/airflow/example_dags/example_branch_operator.py
[2022-09-02T12:05:53.924+0000] {processor.py:650} INFO - DAG(s) dict_keys(['example_branch_operator']) retrieved from /home/airflow/.local/lib/python3.7/site-packages/airflow/example_dags/example_branch_operator.py
[2022-09-02T12:05:53.945+0000] {logging_mixin.py:115} INFO - [2022-09-02T12:05:53.945+0000] {dag.py:2429} INFO - Sync 1 DAGs
[2022-09-02T12:05:53.962+0000] {logging_mixin.py:115} INFO - [2022-09-02T12:05:53.962+0000] {dag.py:2981} INFO - Setting next_dagrun for example_branch_operator to 2022-09-01T00:00:00+00:00, run_after=2022-09-02T00:00:00+00:00
[2022-09-02T12:05:53.970+0000] {processor.py:161} INFO - Processing /home/airflow/.local/lib/python3.7/site-packages/airflow/example_dags/example_branch_operator.py took 0.058 seconds
[2022-09-02T12:06:24.739+0000] {processor.py:153} INFO - Started process (PID=7557) to work on /home/airflow/.local/lib/python3.7/site-packages/airflow/example_dags/example_branch_operator.py
[2022-09-02T12:06:24.741+0000] {processor.py:640} INFO - Processing file /home/airflow/.local/lib/python3.7/site-packages/airflow/example_dags/example_branch_operator.py for tasks to queue
[2022-09-02T12:06:24.743+0000] {logging_mixin.py:115} INFO - [2022-09-02T12:06:24.743+0000] {dagbag.py:508} INFO - Filling up the DagBag from /home/airflow/.local/lib/python3.7/site-packages/airflow/example_dags/example_branch_operator.py
[2022-09-02T12:06:24.751+0000] {processor.py:650} INFO - DAG(s) dict_keys(['example_branch_operator']) retrieved from /home/airflow/.local/lib/python3.7/site-packages/airflow/example_dags/example_branch_operator.py
[2022-09-02T12:06:24.769+0000] {logging_mixin.py:115} INFO - [2022-09-02T12:06:24.769+0000] {dag.py:2429} INFO - Sync 1 DAGs
[2022-09-02T12:06:24.787+0000] {logging_mixin.py:115} INFO - [2022-09-02T12:06:24.787+0000] {dag.py:2981} INFO - Setting next_dagrun for example_branch_operator to 2022-09-01T00:00:00+00:00, run_after=2022-09-02T00:00:00+00:00
[2022-09-02T12:06:24.795+0000] {processor.py:161} INFO - Processing /home/airflow/.local/lib/python3.7/site-packages/airflow/example_dags/example_branch_operator.py took 0.059 seconds
[2022-09-02T12:06:55.606+0000] {processor.py:153} INFO - Started process (PID=7753) to work on /home/airflow/.local/lib/python3.7/site-packages/airflow/example_dags/example_branch_operator.py
[2022-09-02T12:06:55.608+0000] {processor.py:640} INFO - Processing file /home/airflow/.local/lib/python3.7/site-packages/airflow/example_dags/example_branch_operator.py for tasks to queue
[2022-09-02T12:06:55.610+0000] {logging_mixin.py:115} INFO - [2022-09-02T12:06:55.610+0000] {dagbag.py:508} INFO - Filling up the DagBag from /home/airflow/.local/lib/python3.7/site-packages/airflow/example_dags/example_branch_operator.py
[2022-09-02T12:06:55.620+0000] {processor.py:650} INFO - DAG(s) dict_keys(['example_branch_operator']) retrieved from /home/airflow/.local/lib/python3.7/site-packages/airflow/example_dags/example_branch_operator.py
[2022-09-02T12:06:55.641+0000] {logging_mixin.py:115} INFO - [2022-09-02T12:06:55.641+0000] {dag.py:2429} INFO - Sync 1 DAGs
[2022-09-02T12:06:55.661+0000] {logging_mixin.py:115} INFO - [2022-09-02T12:06:55.661+0000] {dag.py:2981} INFO - Setting next_dagrun for example_branch_operator to 2022-09-01T00:00:00+00:00, run_after=2022-09-02T00:00:00+00:00
[2022-09-02T12:06:55.671+0000] {processor.py:161} INFO - Processing /home/airflow/.local/lib/python3.7/site-packages/airflow/example_dags/example_branch_operator.py took 0.068 seconds
[2022-09-02T12:07:26.607+0000] {processor.py:153} INFO - Started process (PID=7950) to work on /home/airflow/.local/lib/python3.7/site-packages/airflow/example_dags/example_branch_operator.py
[2022-09-02T12:07:26.609+0000] {processor.py:640} INFO - Processing file /home/airflow/.local/lib/python3.7/site-packages/airflow/example_dags/example_branch_operator.py for tasks to queue
[2022-09-02T12:07:26.610+0000] {logging_mixin.py:115} INFO - [2022-09-02T12:07:26.610+0000] {dagbag.py:508} INFO - Filling up the DagBag from /home/airflow/.local/lib/python3.7/site-packages/airflow/example_dags/example_branch_operator.py
[2022-09-02T12:07:26.619+0000] {processor.py:650} INFO - DAG(s) dict_keys(['example_branch_operator']) retrieved from /home/airflow/.local/lib/python3.7/site-packages/airflow/example_dags/example_branch_operator.py
[2022-09-02T12:07:26.642+0000] {logging_mixin.py:115} INFO - [2022-09-02T12:07:26.641+0000] {dag.py:2429} INFO - Sync 1 DAGs
[2022-09-02T12:07:26.662+0000] {logging_mixin.py:115} INFO - [2022-09-02T12:07:26.662+0000] {dag.py:2981} INFO - Setting next_dagrun for example_branch_operator to 2022-09-01T00:00:00+00:00, run_after=2022-09-02T00:00:00+00:00
[2022-09-02T12:07:26.675+0000] {processor.py:161} INFO - Processing /home/airflow/.local/lib/python3.7/site-packages/airflow/example_dags/example_branch_operator.py took 0.071 seconds
[2022-09-02T12:07:57.525+0000] {processor.py:153} INFO - Started process (PID=8149) to work on /home/airflow/.local/lib/python3.7/site-packages/airflow/example_dags/example_branch_operator.py
[2022-09-02T12:07:57.527+0000] {processor.py:640} INFO - Processing file /home/airflow/.local/lib/python3.7/site-packages/airflow/example_dags/example_branch_operator.py for tasks to queue
[2022-09-02T12:07:57.529+0000] {logging_mixin.py:115} INFO - [2022-09-02T12:07:57.528+0000] {dagbag.py:508} INFO - Filling up the DagBag from /home/airflow/.local/lib/python3.7/site-packages/airflow/example_dags/example_branch_operator.py
[2022-09-02T12:07:57.536+0000] {processor.py:650} INFO - DAG(s) dict_keys(['example_branch_operator']) retrieved from /home/airflow/.local/lib/python3.7/site-packages/airflow/example_dags/example_branch_operator.py
[2022-09-02T12:07:57.554+0000] {logging_mixin.py:115} INFO - [2022-09-02T12:07:57.554+0000] {dag.py:2429} INFO - Sync 1 DAGs
[2022-09-02T12:07:57.572+0000] {logging_mixin.py:115} INFO - [2022-09-02T12:07:57.571+0000] {dag.py:2981} INFO - Setting next_dagrun for example_branch_operator to 2022-09-01T00:00:00+00:00, run_after=2022-09-02T00:00:00+00:00
[2022-09-02T12:07:57.579+0000] {processor.py:161} INFO - Processing /home/airflow/.local/lib/python3.7/site-packages/airflow/example_dags/example_branch_operator.py took 0.056 seconds
