[2022-09-02T11:47:25.828+0000] {processor.py:153} INFO - Started process (PID=305) to work on /home/airflow/.local/lib/python3.7/site-packages/airflow/example_dags/example_kubernetes_executor.py
[2022-09-02T11:47:25.833+0000] {processor.py:640} INFO - Processing file /home/airflow/.local/lib/python3.7/site-packages/airflow/example_dags/example_kubernetes_executor.py for tasks to queue
[2022-09-02T11:47:25.834+0000] {logging_mixin.py:115} INFO - [2022-09-02T11:47:25.834+0000] {dagbag.py:508} INFO - Filling up the DagBag from /home/airflow/.local/lib/python3.7/site-packages/airflow/example_dags/example_kubernetes_executor.py
[2022-09-02T11:47:25.853+0000] {processor.py:650} INFO - DAG(s) dict_keys(['example_kubernetes_executor']) retrieved from /home/airflow/.local/lib/python3.7/site-packages/airflow/example_dags/example_kubernetes_executor.py
[2022-09-02T11:47:25.923+0000] {logging_mixin.py:115} INFO - [2022-09-02T11:47:25.922+0000] {manager.py:508} INFO - Created Permission View: can edit on DAG:example_kubernetes_executor
[2022-09-02T11:47:25.930+0000] {logging_mixin.py:115} INFO - [2022-09-02T11:47:25.929+0000] {manager.py:508} INFO - Created Permission View: can delete on DAG:example_kubernetes_executor
[2022-09-02T11:47:25.934+0000] {logging_mixin.py:115} INFO - [2022-09-02T11:47:25.934+0000] {manager.py:508} INFO - Created Permission View: can read on DAG:example_kubernetes_executor
[2022-09-02T11:47:25.936+0000] {logging_mixin.py:115} INFO - [2022-09-02T11:47:25.935+0000] {dag.py:2429} INFO - Sync 1 DAGs
[2022-09-02T11:47:25.941+0000] {logging_mixin.py:115} INFO - [2022-09-02T11:47:25.941+0000] {dag.py:2448} INFO - Creating ORM DAG for example_kubernetes_executor
[2022-09-02T11:47:25.949+0000] {logging_mixin.py:115} INFO - [2022-09-02T11:47:25.949+0000] {dag.py:2981} INFO - Setting next_dagrun for example_kubernetes_executor to None, run_after=None
[2022-09-02T11:47:25.958+0000] {processor.py:161} INFO - Processing /home/airflow/.local/lib/python3.7/site-packages/airflow/example_dags/example_kubernetes_executor.py took 0.134 seconds
[2022-09-02T11:47:55.996+0000] {processor.py:153} INFO - Started process (PID=504) to work on /home/airflow/.local/lib/python3.7/site-packages/airflow/example_dags/example_kubernetes_executor.py
[2022-09-02T11:47:55.998+0000] {processor.py:640} INFO - Processing file /home/airflow/.local/lib/python3.7/site-packages/airflow/example_dags/example_kubernetes_executor.py for tasks to queue
[2022-09-02T11:47:56.000+0000] {logging_mixin.py:115} INFO - [2022-09-02T11:47:55.999+0000] {dagbag.py:508} INFO - Filling up the DagBag from /home/airflow/.local/lib/python3.7/site-packages/airflow/example_dags/example_kubernetes_executor.py
[2022-09-02T11:47:56.014+0000] {processor.py:650} INFO - DAG(s) dict_keys(['example_kubernetes_executor']) retrieved from /home/airflow/.local/lib/python3.7/site-packages/airflow/example_dags/example_kubernetes_executor.py
[2022-09-02T11:47:56.034+0000] {logging_mixin.py:115} INFO - [2022-09-02T11:47:56.033+0000] {dag.py:2429} INFO - Sync 1 DAGs
[2022-09-02T11:47:56.050+0000] {logging_mixin.py:115} INFO - [2022-09-02T11:47:56.050+0000] {dag.py:2981} INFO - Setting next_dagrun for example_kubernetes_executor to None, run_after=None
[2022-09-02T11:47:56.061+0000] {processor.py:161} INFO - Processing /home/airflow/.local/lib/python3.7/site-packages/airflow/example_dags/example_kubernetes_executor.py took 0.067 seconds
[2022-09-02T11:48:26.203+0000] {processor.py:153} INFO - Started process (PID=700) to work on /home/airflow/.local/lib/python3.7/site-packages/airflow/example_dags/example_kubernetes_executor.py
[2022-09-02T11:48:26.205+0000] {processor.py:640} INFO - Processing file /home/airflow/.local/lib/python3.7/site-packages/airflow/example_dags/example_kubernetes_executor.py for tasks to queue
[2022-09-02T11:48:26.207+0000] {logging_mixin.py:115} INFO - [2022-09-02T11:48:26.207+0000] {dagbag.py:508} INFO - Filling up the DagBag from /home/airflow/.local/lib/python3.7/site-packages/airflow/example_dags/example_kubernetes_executor.py
[2022-09-02T11:48:26.222+0000] {processor.py:650} INFO - DAG(s) dict_keys(['example_kubernetes_executor']) retrieved from /home/airflow/.local/lib/python3.7/site-packages/airflow/example_dags/example_kubernetes_executor.py
[2022-09-02T11:48:26.243+0000] {logging_mixin.py:115} INFO - [2022-09-02T11:48:26.243+0000] {dag.py:2429} INFO - Sync 1 DAGs
[2022-09-02T11:48:26.261+0000] {logging_mixin.py:115} INFO - [2022-09-02T11:48:26.261+0000] {dag.py:2981} INFO - Setting next_dagrun for example_kubernetes_executor to None, run_after=None
[2022-09-02T11:48:26.270+0000] {processor.py:161} INFO - Processing /home/airflow/.local/lib/python3.7/site-packages/airflow/example_dags/example_kubernetes_executor.py took 0.069 seconds
[2022-09-02T11:48:57.095+0000] {processor.py:153} INFO - Started process (PID=896) to work on /home/airflow/.local/lib/python3.7/site-packages/airflow/example_dags/example_kubernetes_executor.py
[2022-09-02T11:48:57.097+0000] {processor.py:640} INFO - Processing file /home/airflow/.local/lib/python3.7/site-packages/airflow/example_dags/example_kubernetes_executor.py for tasks to queue
[2022-09-02T11:48:57.098+0000] {logging_mixin.py:115} INFO - [2022-09-02T11:48:57.098+0000] {dagbag.py:508} INFO - Filling up the DagBag from /home/airflow/.local/lib/python3.7/site-packages/airflow/example_dags/example_kubernetes_executor.py
[2022-09-02T11:48:57.113+0000] {processor.py:650} INFO - DAG(s) dict_keys(['example_kubernetes_executor']) retrieved from /home/airflow/.local/lib/python3.7/site-packages/airflow/example_dags/example_kubernetes_executor.py
[2022-09-02T11:48:57.131+0000] {logging_mixin.py:115} INFO - [2022-09-02T11:48:57.131+0000] {dag.py:2429} INFO - Sync 1 DAGs
[2022-09-02T11:48:57.145+0000] {logging_mixin.py:115} INFO - [2022-09-02T11:48:57.145+0000] {dag.py:2981} INFO - Setting next_dagrun for example_kubernetes_executor to None, run_after=None
[2022-09-02T11:48:57.153+0000] {processor.py:161} INFO - Processing /home/airflow/.local/lib/python3.7/site-packages/airflow/example_dags/example_kubernetes_executor.py took 0.060 seconds
[2022-09-02T11:49:27.946+0000] {processor.py:153} INFO - Started process (PID=1093) to work on /home/airflow/.local/lib/python3.7/site-packages/airflow/example_dags/example_kubernetes_executor.py
[2022-09-02T11:49:27.948+0000] {processor.py:640} INFO - Processing file /home/airflow/.local/lib/python3.7/site-packages/airflow/example_dags/example_kubernetes_executor.py for tasks to queue
[2022-09-02T11:49:27.949+0000] {logging_mixin.py:115} INFO - [2022-09-02T11:49:27.949+0000] {dagbag.py:508} INFO - Filling up the DagBag from /home/airflow/.local/lib/python3.7/site-packages/airflow/example_dags/example_kubernetes_executor.py
[2022-09-02T11:49:27.968+0000] {processor.py:650} INFO - DAG(s) dict_keys(['example_kubernetes_executor']) retrieved from /home/airflow/.local/lib/python3.7/site-packages/airflow/example_dags/example_kubernetes_executor.py
[2022-09-02T11:49:27.986+0000] {logging_mixin.py:115} INFO - [2022-09-02T11:49:27.986+0000] {dag.py:2429} INFO - Sync 1 DAGs
[2022-09-02T11:49:28.004+0000] {logging_mixin.py:115} INFO - [2022-09-02T11:49:28.004+0000] {dag.py:2981} INFO - Setting next_dagrun for example_kubernetes_executor to None, run_after=None
[2022-09-02T11:49:28.015+0000] {processor.py:161} INFO - Processing /home/airflow/.local/lib/python3.7/site-packages/airflow/example_dags/example_kubernetes_executor.py took 0.071 seconds
[2022-09-02T11:49:58.779+0000] {processor.py:153} INFO - Started process (PID=1281) to work on /home/airflow/.local/lib/python3.7/site-packages/airflow/example_dags/example_kubernetes_executor.py
[2022-09-02T11:49:58.781+0000] {processor.py:640} INFO - Processing file /home/airflow/.local/lib/python3.7/site-packages/airflow/example_dags/example_kubernetes_executor.py for tasks to queue
[2022-09-02T11:49:58.782+0000] {logging_mixin.py:115} INFO - [2022-09-02T11:49:58.782+0000] {dagbag.py:508} INFO - Filling up the DagBag from /home/airflow/.local/lib/python3.7/site-packages/airflow/example_dags/example_kubernetes_executor.py
[2022-09-02T11:49:58.796+0000] {processor.py:650} INFO - DAG(s) dict_keys(['example_kubernetes_executor']) retrieved from /home/airflow/.local/lib/python3.7/site-packages/airflow/example_dags/example_kubernetes_executor.py
[2022-09-02T11:49:58.815+0000] {logging_mixin.py:115} INFO - [2022-09-02T11:49:58.814+0000] {dag.py:2429} INFO - Sync 1 DAGs
[2022-09-02T11:49:58.830+0000] {logging_mixin.py:115} INFO - [2022-09-02T11:49:58.830+0000] {dag.py:2981} INFO - Setting next_dagrun for example_kubernetes_executor to None, run_after=None
[2022-09-02T11:49:58.838+0000] {processor.py:161} INFO - Processing /home/airflow/.local/lib/python3.7/site-packages/airflow/example_dags/example_kubernetes_executor.py took 0.062 seconds
[2022-09-02T11:50:29.627+0000] {processor.py:153} INFO - Started process (PID=1478) to work on /home/airflow/.local/lib/python3.7/site-packages/airflow/example_dags/example_kubernetes_executor.py
[2022-09-02T11:50:29.629+0000] {processor.py:640} INFO - Processing file /home/airflow/.local/lib/python3.7/site-packages/airflow/example_dags/example_kubernetes_executor.py for tasks to queue
[2022-09-02T11:50:29.630+0000] {logging_mixin.py:115} INFO - [2022-09-02T11:50:29.630+0000] {dagbag.py:508} INFO - Filling up the DagBag from /home/airflow/.local/lib/python3.7/site-packages/airflow/example_dags/example_kubernetes_executor.py
[2022-09-02T11:50:29.645+0000] {processor.py:650} INFO - DAG(s) dict_keys(['example_kubernetes_executor']) retrieved from /home/airflow/.local/lib/python3.7/site-packages/airflow/example_dags/example_kubernetes_executor.py
[2022-09-02T11:50:29.665+0000] {logging_mixin.py:115} INFO - [2022-09-02T11:50:29.665+0000] {dag.py:2429} INFO - Sync 1 DAGs
[2022-09-02T11:50:29.679+0000] {logging_mixin.py:115} INFO - [2022-09-02T11:50:29.679+0000] {dag.py:2981} INFO - Setting next_dagrun for example_kubernetes_executor to None, run_after=None
[2022-09-02T11:50:29.687+0000] {processor.py:161} INFO - Processing /home/airflow/.local/lib/python3.7/site-packages/airflow/example_dags/example_kubernetes_executor.py took 0.061 seconds
[2022-09-02T11:51:00.319+0000] {processor.py:153} INFO - Started process (PID=1677) to work on /home/airflow/.local/lib/python3.7/site-packages/airflow/example_dags/example_kubernetes_executor.py
[2022-09-02T11:51:00.321+0000] {processor.py:640} INFO - Processing file /home/airflow/.local/lib/python3.7/site-packages/airflow/example_dags/example_kubernetes_executor.py for tasks to queue
[2022-09-02T11:51:00.322+0000] {logging_mixin.py:115} INFO - [2022-09-02T11:51:00.322+0000] {dagbag.py:508} INFO - Filling up the DagBag from /home/airflow/.local/lib/python3.7/site-packages/airflow/example_dags/example_kubernetes_executor.py
[2022-09-02T11:51:00.337+0000] {processor.py:650} INFO - DAG(s) dict_keys(['example_kubernetes_executor']) retrieved from /home/airflow/.local/lib/python3.7/site-packages/airflow/example_dags/example_kubernetes_executor.py
[2022-09-02T11:51:00.354+0000] {logging_mixin.py:115} INFO - [2022-09-02T11:51:00.354+0000] {dag.py:2429} INFO - Sync 1 DAGs
[2022-09-02T11:51:00.369+0000] {logging_mixin.py:115} INFO - [2022-09-02T11:51:00.369+0000] {dag.py:2981} INFO - Setting next_dagrun for example_kubernetes_executor to None, run_after=None
[2022-09-02T11:51:00.376+0000] {processor.py:161} INFO - Processing /home/airflow/.local/lib/python3.7/site-packages/airflow/example_dags/example_kubernetes_executor.py took 0.059 seconds
[2022-09-02T11:51:31.134+0000] {processor.py:153} INFO - Started process (PID=1877) to work on /home/airflow/.local/lib/python3.7/site-packages/airflow/example_dags/example_kubernetes_executor.py
[2022-09-02T11:51:31.136+0000] {processor.py:640} INFO - Processing file /home/airflow/.local/lib/python3.7/site-packages/airflow/example_dags/example_kubernetes_executor.py for tasks to queue
[2022-09-02T11:51:31.138+0000] {logging_mixin.py:115} INFO - [2022-09-02T11:51:31.138+0000] {dagbag.py:508} INFO - Filling up the DagBag from /home/airflow/.local/lib/python3.7/site-packages/airflow/example_dags/example_kubernetes_executor.py
[2022-09-02T11:51:31.153+0000] {processor.py:650} INFO - DAG(s) dict_keys(['example_kubernetes_executor']) retrieved from /home/airflow/.local/lib/python3.7/site-packages/airflow/example_dags/example_kubernetes_executor.py
[2022-09-02T11:51:31.172+0000] {logging_mixin.py:115} INFO - [2022-09-02T11:51:31.172+0000] {dag.py:2429} INFO - Sync 1 DAGs
[2022-09-02T11:51:31.188+0000] {logging_mixin.py:115} INFO - [2022-09-02T11:51:31.187+0000] {dag.py:2981} INFO - Setting next_dagrun for example_kubernetes_executor to None, run_after=None
[2022-09-02T11:51:31.195+0000] {processor.py:161} INFO - Processing /home/airflow/.local/lib/python3.7/site-packages/airflow/example_dags/example_kubernetes_executor.py took 0.063 seconds
[2022-09-02T11:52:02.045+0000] {processor.py:153} INFO - Started process (PID=2073) to work on /home/airflow/.local/lib/python3.7/site-packages/airflow/example_dags/example_kubernetes_executor.py
[2022-09-02T11:52:02.047+0000] {processor.py:640} INFO - Processing file /home/airflow/.local/lib/python3.7/site-packages/airflow/example_dags/example_kubernetes_executor.py for tasks to queue
[2022-09-02T11:52:02.049+0000] {logging_mixin.py:115} INFO - [2022-09-02T11:52:02.049+0000] {dagbag.py:508} INFO - Filling up the DagBag from /home/airflow/.local/lib/python3.7/site-packages/airflow/example_dags/example_kubernetes_executor.py
[2022-09-02T11:52:02.066+0000] {processor.py:650} INFO - DAG(s) dict_keys(['example_kubernetes_executor']) retrieved from /home/airflow/.local/lib/python3.7/site-packages/airflow/example_dags/example_kubernetes_executor.py
[2022-09-02T11:52:02.087+0000] {logging_mixin.py:115} INFO - [2022-09-02T11:52:02.087+0000] {dag.py:2429} INFO - Sync 1 DAGs
[2022-09-02T11:52:02.102+0000] {logging_mixin.py:115} INFO - [2022-09-02T11:52:02.102+0000] {dag.py:2981} INFO - Setting next_dagrun for example_kubernetes_executor to None, run_after=None
[2022-09-02T11:52:02.115+0000] {processor.py:161} INFO - Processing /home/airflow/.local/lib/python3.7/site-packages/airflow/example_dags/example_kubernetes_executor.py took 0.073 seconds
[2022-09-02T11:52:32.920+0000] {processor.py:153} INFO - Started process (PID=2269) to work on /home/airflow/.local/lib/python3.7/site-packages/airflow/example_dags/example_kubernetes_executor.py
[2022-09-02T11:52:32.921+0000] {processor.py:640} INFO - Processing file /home/airflow/.local/lib/python3.7/site-packages/airflow/example_dags/example_kubernetes_executor.py for tasks to queue
[2022-09-02T11:52:32.922+0000] {logging_mixin.py:115} INFO - [2022-09-02T11:52:32.922+0000] {dagbag.py:508} INFO - Filling up the DagBag from /home/airflow/.local/lib/python3.7/site-packages/airflow/example_dags/example_kubernetes_executor.py
[2022-09-02T11:52:32.936+0000] {processor.py:650} INFO - DAG(s) dict_keys(['example_kubernetes_executor']) retrieved from /home/airflow/.local/lib/python3.7/site-packages/airflow/example_dags/example_kubernetes_executor.py
[2022-09-02T11:52:32.954+0000] {logging_mixin.py:115} INFO - [2022-09-02T11:52:32.954+0000] {dag.py:2429} INFO - Sync 1 DAGs
[2022-09-02T11:52:32.970+0000] {logging_mixin.py:115} INFO - [2022-09-02T11:52:32.969+0000] {dag.py:2981} INFO - Setting next_dagrun for example_kubernetes_executor to None, run_after=None
[2022-09-02T11:52:32.978+0000] {processor.py:161} INFO - Processing /home/airflow/.local/lib/python3.7/site-packages/airflow/example_dags/example_kubernetes_executor.py took 0.060 seconds
[2022-09-02T11:53:03.621+0000] {processor.py:153} INFO - Started process (PID=2467) to work on /home/airflow/.local/lib/python3.7/site-packages/airflow/example_dags/example_kubernetes_executor.py
[2022-09-02T11:53:03.623+0000] {processor.py:640} INFO - Processing file /home/airflow/.local/lib/python3.7/site-packages/airflow/example_dags/example_kubernetes_executor.py for tasks to queue
[2022-09-02T11:53:03.624+0000] {logging_mixin.py:115} INFO - [2022-09-02T11:53:03.624+0000] {dagbag.py:508} INFO - Filling up the DagBag from /home/airflow/.local/lib/python3.7/site-packages/airflow/example_dags/example_kubernetes_executor.py
[2022-09-02T11:53:03.638+0000] {processor.py:650} INFO - DAG(s) dict_keys(['example_kubernetes_executor']) retrieved from /home/airflow/.local/lib/python3.7/site-packages/airflow/example_dags/example_kubernetes_executor.py
[2022-09-02T11:53:03.657+0000] {logging_mixin.py:115} INFO - [2022-09-02T11:53:03.657+0000] {dag.py:2429} INFO - Sync 1 DAGs
[2022-09-02T11:53:03.673+0000] {logging_mixin.py:115} INFO - [2022-09-02T11:53:03.673+0000] {dag.py:2981} INFO - Setting next_dagrun for example_kubernetes_executor to None, run_after=None
[2022-09-02T11:53:03.682+0000] {processor.py:161} INFO - Processing /home/airflow/.local/lib/python3.7/site-packages/airflow/example_dags/example_kubernetes_executor.py took 0.064 seconds
[2022-09-02T11:53:34.429+0000] {processor.py:153} INFO - Started process (PID=2656) to work on /home/airflow/.local/lib/python3.7/site-packages/airflow/example_dags/example_kubernetes_executor.py
[2022-09-02T11:53:34.430+0000] {processor.py:640} INFO - Processing file /home/airflow/.local/lib/python3.7/site-packages/airflow/example_dags/example_kubernetes_executor.py for tasks to queue
[2022-09-02T11:53:34.432+0000] {logging_mixin.py:115} INFO - [2022-09-02T11:53:34.431+0000] {dagbag.py:508} INFO - Filling up the DagBag from /home/airflow/.local/lib/python3.7/site-packages/airflow/example_dags/example_kubernetes_executor.py
[2022-09-02T11:53:34.447+0000] {processor.py:650} INFO - DAG(s) dict_keys(['example_kubernetes_executor']) retrieved from /home/airflow/.local/lib/python3.7/site-packages/airflow/example_dags/example_kubernetes_executor.py
[2022-09-02T11:53:34.466+0000] {logging_mixin.py:115} INFO - [2022-09-02T11:53:34.466+0000] {dag.py:2429} INFO - Sync 1 DAGs
[2022-09-02T11:53:34.481+0000] {logging_mixin.py:115} INFO - [2022-09-02T11:53:34.480+0000] {dag.py:2981} INFO - Setting next_dagrun for example_kubernetes_executor to None, run_after=None
[2022-09-02T11:53:34.488+0000] {processor.py:161} INFO - Processing /home/airflow/.local/lib/python3.7/site-packages/airflow/example_dags/example_kubernetes_executor.py took 0.062 seconds
[2022-09-02T11:54:05.226+0000] {processor.py:153} INFO - Started process (PID=2853) to work on /home/airflow/.local/lib/python3.7/site-packages/airflow/example_dags/example_kubernetes_executor.py
[2022-09-02T11:54:05.228+0000] {processor.py:640} INFO - Processing file /home/airflow/.local/lib/python3.7/site-packages/airflow/example_dags/example_kubernetes_executor.py for tasks to queue
[2022-09-02T11:54:05.230+0000] {logging_mixin.py:115} INFO - [2022-09-02T11:54:05.230+0000] {dagbag.py:508} INFO - Filling up the DagBag from /home/airflow/.local/lib/python3.7/site-packages/airflow/example_dags/example_kubernetes_executor.py
[2022-09-02T11:54:05.245+0000] {processor.py:650} INFO - DAG(s) dict_keys(['example_kubernetes_executor']) retrieved from /home/airflow/.local/lib/python3.7/site-packages/airflow/example_dags/example_kubernetes_executor.py
[2022-09-02T11:54:05.264+0000] {logging_mixin.py:115} INFO - [2022-09-02T11:54:05.264+0000] {dag.py:2429} INFO - Sync 1 DAGs
[2022-09-02T11:54:05.279+0000] {logging_mixin.py:115} INFO - [2022-09-02T11:54:05.279+0000] {dag.py:2981} INFO - Setting next_dagrun for example_kubernetes_executor to None, run_after=None
[2022-09-02T11:54:05.287+0000] {processor.py:161} INFO - Processing /home/airflow/.local/lib/python3.7/site-packages/airflow/example_dags/example_kubernetes_executor.py took 0.063 seconds
[2022-09-02T11:54:36.000+0000] {processor.py:153} INFO - Started process (PID=3049) to work on /home/airflow/.local/lib/python3.7/site-packages/airflow/example_dags/example_kubernetes_executor.py
[2022-09-02T11:54:36.002+0000] {processor.py:640} INFO - Processing file /home/airflow/.local/lib/python3.7/site-packages/airflow/example_dags/example_kubernetes_executor.py for tasks to queue
[2022-09-02T11:54:36.003+0000] {logging_mixin.py:115} INFO - [2022-09-02T11:54:36.003+0000] {dagbag.py:508} INFO - Filling up the DagBag from /home/airflow/.local/lib/python3.7/site-packages/airflow/example_dags/example_kubernetes_executor.py
[2022-09-02T11:54:36.018+0000] {processor.py:650} INFO - DAG(s) dict_keys(['example_kubernetes_executor']) retrieved from /home/airflow/.local/lib/python3.7/site-packages/airflow/example_dags/example_kubernetes_executor.py
[2022-09-02T11:54:36.039+0000] {logging_mixin.py:115} INFO - [2022-09-02T11:54:36.039+0000] {dag.py:2429} INFO - Sync 1 DAGs
[2022-09-02T11:54:36.054+0000] {logging_mixin.py:115} INFO - [2022-09-02T11:54:36.054+0000] {dag.py:2981} INFO - Setting next_dagrun for example_kubernetes_executor to None, run_after=None
[2022-09-02T11:54:36.062+0000] {processor.py:161} INFO - Processing /home/airflow/.local/lib/python3.7/site-packages/airflow/example_dags/example_kubernetes_executor.py took 0.065 seconds
[2022-09-02T11:55:06.798+0000] {processor.py:153} INFO - Started process (PID=3247) to work on /home/airflow/.local/lib/python3.7/site-packages/airflow/example_dags/example_kubernetes_executor.py
[2022-09-02T11:55:06.799+0000] {processor.py:640} INFO - Processing file /home/airflow/.local/lib/python3.7/site-packages/airflow/example_dags/example_kubernetes_executor.py for tasks to queue
[2022-09-02T11:55:06.801+0000] {logging_mixin.py:115} INFO - [2022-09-02T11:55:06.801+0000] {dagbag.py:508} INFO - Filling up the DagBag from /home/airflow/.local/lib/python3.7/site-packages/airflow/example_dags/example_kubernetes_executor.py
[2022-09-02T11:55:06.816+0000] {processor.py:650} INFO - DAG(s) dict_keys(['example_kubernetes_executor']) retrieved from /home/airflow/.local/lib/python3.7/site-packages/airflow/example_dags/example_kubernetes_executor.py
[2022-09-02T11:55:06.834+0000] {logging_mixin.py:115} INFO - [2022-09-02T11:55:06.834+0000] {dag.py:2429} INFO - Sync 1 DAGs
[2022-09-02T11:55:06.850+0000] {logging_mixin.py:115} INFO - [2022-09-02T11:55:06.850+0000] {dag.py:2981} INFO - Setting next_dagrun for example_kubernetes_executor to None, run_after=None
[2022-09-02T11:55:06.877+0000] {processor.py:161} INFO - Processing /home/airflow/.local/lib/python3.7/site-packages/airflow/example_dags/example_kubernetes_executor.py took 0.081 seconds
[2022-09-02T11:55:37.566+0000] {processor.py:153} INFO - Started process (PID=3445) to work on /home/airflow/.local/lib/python3.7/site-packages/airflow/example_dags/example_kubernetes_executor.py
[2022-09-02T11:55:37.568+0000] {processor.py:640} INFO - Processing file /home/airflow/.local/lib/python3.7/site-packages/airflow/example_dags/example_kubernetes_executor.py for tasks to queue
[2022-09-02T11:55:37.570+0000] {logging_mixin.py:115} INFO - [2022-09-02T11:55:37.570+0000] {dagbag.py:508} INFO - Filling up the DagBag from /home/airflow/.local/lib/python3.7/site-packages/airflow/example_dags/example_kubernetes_executor.py
[2022-09-02T11:55:37.584+0000] {processor.py:650} INFO - DAG(s) dict_keys(['example_kubernetes_executor']) retrieved from /home/airflow/.local/lib/python3.7/site-packages/airflow/example_dags/example_kubernetes_executor.py
[2022-09-02T11:55:37.602+0000] {logging_mixin.py:115} INFO - [2022-09-02T11:55:37.602+0000] {dag.py:2429} INFO - Sync 1 DAGs
[2022-09-02T11:55:37.618+0000] {logging_mixin.py:115} INFO - [2022-09-02T11:55:37.618+0000] {dag.py:2981} INFO - Setting next_dagrun for example_kubernetes_executor to None, run_after=None
[2022-09-02T11:55:37.627+0000] {processor.py:161} INFO - Processing /home/airflow/.local/lib/python3.7/site-packages/airflow/example_dags/example_kubernetes_executor.py took 0.064 seconds
[2022-09-02T11:56:08.476+0000] {processor.py:153} INFO - Started process (PID=3641) to work on /home/airflow/.local/lib/python3.7/site-packages/airflow/example_dags/example_kubernetes_executor.py
[2022-09-02T11:56:08.478+0000] {processor.py:640} INFO - Processing file /home/airflow/.local/lib/python3.7/site-packages/airflow/example_dags/example_kubernetes_executor.py for tasks to queue
[2022-09-02T11:56:08.479+0000] {logging_mixin.py:115} INFO - [2022-09-02T11:56:08.479+0000] {dagbag.py:508} INFO - Filling up the DagBag from /home/airflow/.local/lib/python3.7/site-packages/airflow/example_dags/example_kubernetes_executor.py
[2022-09-02T11:56:08.495+0000] {processor.py:650} INFO - DAG(s) dict_keys(['example_kubernetes_executor']) retrieved from /home/airflow/.local/lib/python3.7/site-packages/airflow/example_dags/example_kubernetes_executor.py
[2022-09-02T11:56:08.515+0000] {logging_mixin.py:115} INFO - [2022-09-02T11:56:08.515+0000] {dag.py:2429} INFO - Sync 1 DAGs
[2022-09-02T11:56:08.533+0000] {logging_mixin.py:115} INFO - [2022-09-02T11:56:08.533+0000] {dag.py:2981} INFO - Setting next_dagrun for example_kubernetes_executor to None, run_after=None
[2022-09-02T11:56:08.544+0000] {processor.py:161} INFO - Processing /home/airflow/.local/lib/python3.7/site-packages/airflow/example_dags/example_kubernetes_executor.py took 0.070 seconds
[2022-09-02T11:56:39.261+0000] {processor.py:153} INFO - Started process (PID=3828) to work on /home/airflow/.local/lib/python3.7/site-packages/airflow/example_dags/example_kubernetes_executor.py
[2022-09-02T11:56:39.263+0000] {processor.py:640} INFO - Processing file /home/airflow/.local/lib/python3.7/site-packages/airflow/example_dags/example_kubernetes_executor.py for tasks to queue
[2022-09-02T11:56:39.265+0000] {logging_mixin.py:115} INFO - [2022-09-02T11:56:39.265+0000] {dagbag.py:508} INFO - Filling up the DagBag from /home/airflow/.local/lib/python3.7/site-packages/airflow/example_dags/example_kubernetes_executor.py
[2022-09-02T11:56:39.281+0000] {processor.py:650} INFO - DAG(s) dict_keys(['example_kubernetes_executor']) retrieved from /home/airflow/.local/lib/python3.7/site-packages/airflow/example_dags/example_kubernetes_executor.py
[2022-09-02T11:56:39.305+0000] {logging_mixin.py:115} INFO - [2022-09-02T11:56:39.305+0000] {dag.py:2429} INFO - Sync 1 DAGs
[2022-09-02T11:56:39.326+0000] {logging_mixin.py:115} INFO - [2022-09-02T11:56:39.326+0000] {dag.py:2981} INFO - Setting next_dagrun for example_kubernetes_executor to None, run_after=None
[2022-09-02T11:56:39.335+0000] {processor.py:161} INFO - Processing /home/airflow/.local/lib/python3.7/site-packages/airflow/example_dags/example_kubernetes_executor.py took 0.077 seconds
[2022-09-02T11:57:10.052+0000] {processor.py:153} INFO - Started process (PID=4025) to work on /home/airflow/.local/lib/python3.7/site-packages/airflow/example_dags/example_kubernetes_executor.py
[2022-09-02T11:57:10.055+0000] {processor.py:640} INFO - Processing file /home/airflow/.local/lib/python3.7/site-packages/airflow/example_dags/example_kubernetes_executor.py for tasks to queue
[2022-09-02T11:57:10.056+0000] {logging_mixin.py:115} INFO - [2022-09-02T11:57:10.056+0000] {dagbag.py:508} INFO - Filling up the DagBag from /home/airflow/.local/lib/python3.7/site-packages/airflow/example_dags/example_kubernetes_executor.py
[2022-09-02T11:57:10.077+0000] {processor.py:650} INFO - DAG(s) dict_keys(['example_kubernetes_executor']) retrieved from /home/airflow/.local/lib/python3.7/site-packages/airflow/example_dags/example_kubernetes_executor.py
[2022-09-02T11:57:10.096+0000] {logging_mixin.py:115} INFO - [2022-09-02T11:57:10.096+0000] {dag.py:2429} INFO - Sync 1 DAGs
[2022-09-02T11:57:10.111+0000] {logging_mixin.py:115} INFO - [2022-09-02T11:57:10.111+0000] {dag.py:2981} INFO - Setting next_dagrun for example_kubernetes_executor to None, run_after=None
[2022-09-02T11:57:10.119+0000] {processor.py:161} INFO - Processing /home/airflow/.local/lib/python3.7/site-packages/airflow/example_dags/example_kubernetes_executor.py took 0.069 seconds
[2022-09-02T11:57:40.933+0000] {processor.py:153} INFO - Started process (PID=4220) to work on /home/airflow/.local/lib/python3.7/site-packages/airflow/example_dags/example_kubernetes_executor.py
[2022-09-02T11:57:40.935+0000] {processor.py:640} INFO - Processing file /home/airflow/.local/lib/python3.7/site-packages/airflow/example_dags/example_kubernetes_executor.py for tasks to queue
[2022-09-02T11:57:40.936+0000] {logging_mixin.py:115} INFO - [2022-09-02T11:57:40.936+0000] {dagbag.py:508} INFO - Filling up the DagBag from /home/airflow/.local/lib/python3.7/site-packages/airflow/example_dags/example_kubernetes_executor.py
[2022-09-02T11:57:40.951+0000] {processor.py:650} INFO - DAG(s) dict_keys(['example_kubernetes_executor']) retrieved from /home/airflow/.local/lib/python3.7/site-packages/airflow/example_dags/example_kubernetes_executor.py
[2022-09-02T11:57:40.969+0000] {logging_mixin.py:115} INFO - [2022-09-02T11:57:40.969+0000] {dag.py:2429} INFO - Sync 1 DAGs
[2022-09-02T11:57:40.984+0000] {logging_mixin.py:115} INFO - [2022-09-02T11:57:40.984+0000] {dag.py:2981} INFO - Setting next_dagrun for example_kubernetes_executor to None, run_after=None
[2022-09-02T11:57:40.992+0000] {processor.py:161} INFO - Processing /home/airflow/.local/lib/python3.7/site-packages/airflow/example_dags/example_kubernetes_executor.py took 0.061 seconds
[2022-09-02T11:58:11.815+0000] {processor.py:153} INFO - Started process (PID=4417) to work on /home/airflow/.local/lib/python3.7/site-packages/airflow/example_dags/example_kubernetes_executor.py
[2022-09-02T11:58:11.817+0000] {processor.py:640} INFO - Processing file /home/airflow/.local/lib/python3.7/site-packages/airflow/example_dags/example_kubernetes_executor.py for tasks to queue
[2022-09-02T11:58:11.818+0000] {logging_mixin.py:115} INFO - [2022-09-02T11:58:11.818+0000] {dagbag.py:508} INFO - Filling up the DagBag from /home/airflow/.local/lib/python3.7/site-packages/airflow/example_dags/example_kubernetes_executor.py
[2022-09-02T11:58:11.834+0000] {processor.py:650} INFO - DAG(s) dict_keys(['example_kubernetes_executor']) retrieved from /home/airflow/.local/lib/python3.7/site-packages/airflow/example_dags/example_kubernetes_executor.py
[2022-09-02T11:58:11.852+0000] {logging_mixin.py:115} INFO - [2022-09-02T11:58:11.852+0000] {dag.py:2429} INFO - Sync 1 DAGs
[2022-09-02T11:58:11.868+0000] {logging_mixin.py:115} INFO - [2022-09-02T11:58:11.868+0000] {dag.py:2981} INFO - Setting next_dagrun for example_kubernetes_executor to None, run_after=None
[2022-09-02T11:58:11.876+0000] {processor.py:161} INFO - Processing /home/airflow/.local/lib/python3.7/site-packages/airflow/example_dags/example_kubernetes_executor.py took 0.063 seconds
[2022-09-02T11:58:42.632+0000] {processor.py:153} INFO - Started process (PID=4614) to work on /home/airflow/.local/lib/python3.7/site-packages/airflow/example_dags/example_kubernetes_executor.py
[2022-09-02T11:58:42.636+0000] {processor.py:640} INFO - Processing file /home/airflow/.local/lib/python3.7/site-packages/airflow/example_dags/example_kubernetes_executor.py for tasks to queue
[2022-09-02T11:58:42.638+0000] {logging_mixin.py:115} INFO - [2022-09-02T11:58:42.638+0000] {dagbag.py:508} INFO - Filling up the DagBag from /home/airflow/.local/lib/python3.7/site-packages/airflow/example_dags/example_kubernetes_executor.py
[2022-09-02T11:58:42.660+0000] {processor.py:650} INFO - DAG(s) dict_keys(['example_kubernetes_executor']) retrieved from /home/airflow/.local/lib/python3.7/site-packages/airflow/example_dags/example_kubernetes_executor.py
[2022-09-02T11:58:42.686+0000] {logging_mixin.py:115} INFO - [2022-09-02T11:58:42.686+0000] {dag.py:2429} INFO - Sync 1 DAGs
[2022-09-02T11:58:42.703+0000] {logging_mixin.py:115} INFO - [2022-09-02T11:58:42.703+0000] {dag.py:2981} INFO - Setting next_dagrun for example_kubernetes_executor to None, run_after=None
[2022-09-02T11:58:42.714+0000] {processor.py:161} INFO - Processing /home/airflow/.local/lib/python3.7/site-packages/airflow/example_dags/example_kubernetes_executor.py took 0.086 seconds
[2022-09-02T11:59:13.542+0000] {processor.py:153} INFO - Started process (PID=4811) to work on /home/airflow/.local/lib/python3.7/site-packages/airflow/example_dags/example_kubernetes_executor.py
[2022-09-02T11:59:13.544+0000] {processor.py:640} INFO - Processing file /home/airflow/.local/lib/python3.7/site-packages/airflow/example_dags/example_kubernetes_executor.py for tasks to queue
[2022-09-02T11:59:13.545+0000] {logging_mixin.py:115} INFO - [2022-09-02T11:59:13.545+0000] {dagbag.py:508} INFO - Filling up the DagBag from /home/airflow/.local/lib/python3.7/site-packages/airflow/example_dags/example_kubernetes_executor.py
[2022-09-02T11:59:13.559+0000] {processor.py:650} INFO - DAG(s) dict_keys(['example_kubernetes_executor']) retrieved from /home/airflow/.local/lib/python3.7/site-packages/airflow/example_dags/example_kubernetes_executor.py
[2022-09-02T11:59:13.581+0000] {logging_mixin.py:115} INFO - [2022-09-02T11:59:13.581+0000] {dag.py:2429} INFO - Sync 1 DAGs
[2022-09-02T11:59:13.600+0000] {logging_mixin.py:115} INFO - [2022-09-02T11:59:13.600+0000] {dag.py:2981} INFO - Setting next_dagrun for example_kubernetes_executor to None, run_after=None
[2022-09-02T11:59:13.608+0000] {processor.py:161} INFO - Processing /home/airflow/.local/lib/python3.7/site-packages/airflow/example_dags/example_kubernetes_executor.py took 0.069 seconds
[2022-09-02T11:59:44.450+0000] {processor.py:153} INFO - Started process (PID=5008) to work on /home/airflow/.local/lib/python3.7/site-packages/airflow/example_dags/example_kubernetes_executor.py
[2022-09-02T11:59:44.451+0000] {processor.py:640} INFO - Processing file /home/airflow/.local/lib/python3.7/site-packages/airflow/example_dags/example_kubernetes_executor.py for tasks to queue
[2022-09-02T11:59:44.452+0000] {logging_mixin.py:115} INFO - [2022-09-02T11:59:44.452+0000] {dagbag.py:508} INFO - Filling up the DagBag from /home/airflow/.local/lib/python3.7/site-packages/airflow/example_dags/example_kubernetes_executor.py
[2022-09-02T11:59:44.467+0000] {processor.py:650} INFO - DAG(s) dict_keys(['example_kubernetes_executor']) retrieved from /home/airflow/.local/lib/python3.7/site-packages/airflow/example_dags/example_kubernetes_executor.py
[2022-09-02T11:59:44.486+0000] {logging_mixin.py:115} INFO - [2022-09-02T11:59:44.486+0000] {dag.py:2429} INFO - Sync 1 DAGs
[2022-09-02T11:59:44.502+0000] {logging_mixin.py:115} INFO - [2022-09-02T11:59:44.502+0000] {dag.py:2981} INFO - Setting next_dagrun for example_kubernetes_executor to None, run_after=None
[2022-09-02T11:59:44.510+0000] {processor.py:161} INFO - Processing /home/airflow/.local/lib/python3.7/site-packages/airflow/example_dags/example_kubernetes_executor.py took 0.063 seconds
[2022-09-02T12:00:15.229+0000] {processor.py:153} INFO - Started process (PID=5198) to work on /home/airflow/.local/lib/python3.7/site-packages/airflow/example_dags/example_kubernetes_executor.py
[2022-09-02T12:00:15.231+0000] {processor.py:640} INFO - Processing file /home/airflow/.local/lib/python3.7/site-packages/airflow/example_dags/example_kubernetes_executor.py for tasks to queue
[2022-09-02T12:00:15.233+0000] {logging_mixin.py:115} INFO - [2022-09-02T12:00:15.232+0000] {dagbag.py:508} INFO - Filling up the DagBag from /home/airflow/.local/lib/python3.7/site-packages/airflow/example_dags/example_kubernetes_executor.py
[2022-09-02T12:00:15.245+0000] {processor.py:650} INFO - DAG(s) dict_keys(['example_kubernetes_executor']) retrieved from /home/airflow/.local/lib/python3.7/site-packages/airflow/example_dags/example_kubernetes_executor.py
[2022-09-02T12:00:15.264+0000] {logging_mixin.py:115} INFO - [2022-09-02T12:00:15.264+0000] {dag.py:2429} INFO - Sync 1 DAGs
[2022-09-02T12:00:15.277+0000] {logging_mixin.py:115} INFO - [2022-09-02T12:00:15.277+0000] {dag.py:2981} INFO - Setting next_dagrun for example_kubernetes_executor to None, run_after=None
[2022-09-02T12:00:15.284+0000] {processor.py:161} INFO - Processing /home/airflow/.local/lib/python3.7/site-packages/airflow/example_dags/example_kubernetes_executor.py took 0.058 seconds
[2022-09-02T12:00:46.040+0000] {processor.py:153} INFO - Started process (PID=5393) to work on /home/airflow/.local/lib/python3.7/site-packages/airflow/example_dags/example_kubernetes_executor.py
[2022-09-02T12:00:46.042+0000] {processor.py:640} INFO - Processing file /home/airflow/.local/lib/python3.7/site-packages/airflow/example_dags/example_kubernetes_executor.py for tasks to queue
[2022-09-02T12:00:46.043+0000] {logging_mixin.py:115} INFO - [2022-09-02T12:00:46.043+0000] {dagbag.py:508} INFO - Filling up the DagBag from /home/airflow/.local/lib/python3.7/site-packages/airflow/example_dags/example_kubernetes_executor.py
[2022-09-02T12:00:46.058+0000] {processor.py:650} INFO - DAG(s) dict_keys(['example_kubernetes_executor']) retrieved from /home/airflow/.local/lib/python3.7/site-packages/airflow/example_dags/example_kubernetes_executor.py
[2022-09-02T12:00:46.076+0000] {logging_mixin.py:115} INFO - [2022-09-02T12:00:46.076+0000] {dag.py:2429} INFO - Sync 1 DAGs
[2022-09-02T12:00:46.092+0000] {logging_mixin.py:115} INFO - [2022-09-02T12:00:46.092+0000] {dag.py:2981} INFO - Setting next_dagrun for example_kubernetes_executor to None, run_after=None
[2022-09-02T12:00:46.099+0000] {processor.py:161} INFO - Processing /home/airflow/.local/lib/python3.7/site-packages/airflow/example_dags/example_kubernetes_executor.py took 0.061 seconds
[2022-09-02T12:01:16.633+0000] {processor.py:153} INFO - Started process (PID=5590) to work on /home/airflow/.local/lib/python3.7/site-packages/airflow/example_dags/example_kubernetes_executor.py
[2022-09-02T12:01:16.635+0000] {processor.py:640} INFO - Processing file /home/airflow/.local/lib/python3.7/site-packages/airflow/example_dags/example_kubernetes_executor.py for tasks to queue
[2022-09-02T12:01:16.636+0000] {logging_mixin.py:115} INFO - [2022-09-02T12:01:16.636+0000] {dagbag.py:508} INFO - Filling up the DagBag from /home/airflow/.local/lib/python3.7/site-packages/airflow/example_dags/example_kubernetes_executor.py
[2022-09-02T12:01:16.650+0000] {processor.py:650} INFO - DAG(s) dict_keys(['example_kubernetes_executor']) retrieved from /home/airflow/.local/lib/python3.7/site-packages/airflow/example_dags/example_kubernetes_executor.py
[2022-09-02T12:01:16.669+0000] {logging_mixin.py:115} INFO - [2022-09-02T12:01:16.669+0000] {dag.py:2429} INFO - Sync 1 DAGs
[2022-09-02T12:01:16.684+0000] {logging_mixin.py:115} INFO - [2022-09-02T12:01:16.684+0000] {dag.py:2981} INFO - Setting next_dagrun for example_kubernetes_executor to None, run_after=None
[2022-09-02T12:01:16.693+0000] {processor.py:161} INFO - Processing /home/airflow/.local/lib/python3.7/site-packages/airflow/example_dags/example_kubernetes_executor.py took 0.063 seconds
[2022-09-02T12:01:47.458+0000] {processor.py:153} INFO - Started process (PID=5787) to work on /home/airflow/.local/lib/python3.7/site-packages/airflow/example_dags/example_kubernetes_executor.py
[2022-09-02T12:01:47.460+0000] {processor.py:640} INFO - Processing file /home/airflow/.local/lib/python3.7/site-packages/airflow/example_dags/example_kubernetes_executor.py for tasks to queue
[2022-09-02T12:01:47.461+0000] {logging_mixin.py:115} INFO - [2022-09-02T12:01:47.460+0000] {dagbag.py:508} INFO - Filling up the DagBag from /home/airflow/.local/lib/python3.7/site-packages/airflow/example_dags/example_kubernetes_executor.py
[2022-09-02T12:01:47.475+0000] {processor.py:650} INFO - DAG(s) dict_keys(['example_kubernetes_executor']) retrieved from /home/airflow/.local/lib/python3.7/site-packages/airflow/example_dags/example_kubernetes_executor.py
[2022-09-02T12:01:47.496+0000] {logging_mixin.py:115} INFO - [2022-09-02T12:01:47.496+0000] {dag.py:2429} INFO - Sync 1 DAGs
[2022-09-02T12:01:47.511+0000] {logging_mixin.py:115} INFO - [2022-09-02T12:01:47.511+0000] {dag.py:2981} INFO - Setting next_dagrun for example_kubernetes_executor to None, run_after=None
[2022-09-02T12:01:47.519+0000] {processor.py:161} INFO - Processing /home/airflow/.local/lib/python3.7/site-packages/airflow/example_dags/example_kubernetes_executor.py took 0.064 seconds
[2022-09-02T12:02:18.321+0000] {processor.py:153} INFO - Started process (PID=6003) to work on /home/airflow/.local/lib/python3.7/site-packages/airflow/example_dags/example_kubernetes_executor.py
[2022-09-02T12:02:18.322+0000] {processor.py:640} INFO - Processing file /home/airflow/.local/lib/python3.7/site-packages/airflow/example_dags/example_kubernetes_executor.py for tasks to queue
[2022-09-02T12:02:18.323+0000] {logging_mixin.py:115} INFO - [2022-09-02T12:02:18.323+0000] {dagbag.py:508} INFO - Filling up the DagBag from /home/airflow/.local/lib/python3.7/site-packages/airflow/example_dags/example_kubernetes_executor.py
[2022-09-02T12:02:18.339+0000] {processor.py:650} INFO - DAG(s) dict_keys(['example_kubernetes_executor']) retrieved from /home/airflow/.local/lib/python3.7/site-packages/airflow/example_dags/example_kubernetes_executor.py
[2022-09-02T12:02:18.361+0000] {logging_mixin.py:115} INFO - [2022-09-02T12:02:18.361+0000] {dag.py:2429} INFO - Sync 1 DAGs
[2022-09-02T12:02:18.378+0000] {logging_mixin.py:115} INFO - [2022-09-02T12:02:18.378+0000] {dag.py:2981} INFO - Setting next_dagrun for example_kubernetes_executor to None, run_after=None
[2022-09-02T12:02:18.386+0000] {processor.py:161} INFO - Processing /home/airflow/.local/lib/python3.7/site-packages/airflow/example_dags/example_kubernetes_executor.py took 0.068 seconds
[2022-09-02T12:02:49.242+0000] {processor.py:153} INFO - Started process (PID=6199) to work on /home/airflow/.local/lib/python3.7/site-packages/airflow/example_dags/example_kubernetes_executor.py
[2022-09-02T12:02:49.243+0000] {processor.py:640} INFO - Processing file /home/airflow/.local/lib/python3.7/site-packages/airflow/example_dags/example_kubernetes_executor.py for tasks to queue
[2022-09-02T12:02:49.244+0000] {logging_mixin.py:115} INFO - [2022-09-02T12:02:49.244+0000] {dagbag.py:508} INFO - Filling up the DagBag from /home/airflow/.local/lib/python3.7/site-packages/airflow/example_dags/example_kubernetes_executor.py
[2022-09-02T12:02:49.261+0000] {processor.py:650} INFO - DAG(s) dict_keys(['example_kubernetes_executor']) retrieved from /home/airflow/.local/lib/python3.7/site-packages/airflow/example_dags/example_kubernetes_executor.py
[2022-09-02T12:02:49.283+0000] {logging_mixin.py:115} INFO - [2022-09-02T12:02:49.283+0000] {dag.py:2429} INFO - Sync 1 DAGs
[2022-09-02T12:02:49.297+0000] {logging_mixin.py:115} INFO - [2022-09-02T12:02:49.297+0000] {dag.py:2981} INFO - Setting next_dagrun for example_kubernetes_executor to None, run_after=None
[2022-09-02T12:02:49.306+0000] {processor.py:161} INFO - Processing /home/airflow/.local/lib/python3.7/site-packages/airflow/example_dags/example_kubernetes_executor.py took 0.067 seconds
[2022-09-02T12:03:19.967+0000] {processor.py:153} INFO - Started process (PID=6387) to work on /home/airflow/.local/lib/python3.7/site-packages/airflow/example_dags/example_kubernetes_executor.py
[2022-09-02T12:03:19.969+0000] {processor.py:640} INFO - Processing file /home/airflow/.local/lib/python3.7/site-packages/airflow/example_dags/example_kubernetes_executor.py for tasks to queue
[2022-09-02T12:03:19.970+0000] {logging_mixin.py:115} INFO - [2022-09-02T12:03:19.970+0000] {dagbag.py:508} INFO - Filling up the DagBag from /home/airflow/.local/lib/python3.7/site-packages/airflow/example_dags/example_kubernetes_executor.py
[2022-09-02T12:03:19.984+0000] {processor.py:650} INFO - DAG(s) dict_keys(['example_kubernetes_executor']) retrieved from /home/airflow/.local/lib/python3.7/site-packages/airflow/example_dags/example_kubernetes_executor.py
[2022-09-02T12:03:20.003+0000] {logging_mixin.py:115} INFO - [2022-09-02T12:03:20.003+0000] {dag.py:2429} INFO - Sync 1 DAGs
[2022-09-02T12:03:20.016+0000] {logging_mixin.py:115} INFO - [2022-09-02T12:03:20.016+0000] {dag.py:2981} INFO - Setting next_dagrun for example_kubernetes_executor to None, run_after=None
[2022-09-02T12:03:20.023+0000] {processor.py:161} INFO - Processing /home/airflow/.local/lib/python3.7/site-packages/airflow/example_dags/example_kubernetes_executor.py took 0.059 seconds
[2022-09-02T12:03:50.750+0000] {processor.py:153} INFO - Started process (PID=6583) to work on /home/airflow/.local/lib/python3.7/site-packages/airflow/example_dags/example_kubernetes_executor.py
[2022-09-02T12:03:50.765+0000] {processor.py:640} INFO - Processing file /home/airflow/.local/lib/python3.7/site-packages/airflow/example_dags/example_kubernetes_executor.py for tasks to queue
[2022-09-02T12:03:50.765+0000] {logging_mixin.py:115} INFO - [2022-09-02T12:03:50.765+0000] {dagbag.py:508} INFO - Filling up the DagBag from /home/airflow/.local/lib/python3.7/site-packages/airflow/example_dags/example_kubernetes_executor.py
[2022-09-02T12:03:50.781+0000] {processor.py:650} INFO - DAG(s) dict_keys(['example_kubernetes_executor']) retrieved from /home/airflow/.local/lib/python3.7/site-packages/airflow/example_dags/example_kubernetes_executor.py
[2022-09-02T12:03:50.805+0000] {logging_mixin.py:115} INFO - [2022-09-02T12:03:50.805+0000] {dag.py:2429} INFO - Sync 1 DAGs
[2022-09-02T12:03:50.819+0000] {logging_mixin.py:115} INFO - [2022-09-02T12:03:50.819+0000] {dag.py:2981} INFO - Setting next_dagrun for example_kubernetes_executor to None, run_after=None
[2022-09-02T12:03:50.827+0000] {processor.py:161} INFO - Processing /home/airflow/.local/lib/python3.7/site-packages/airflow/example_dags/example_kubernetes_executor.py took 0.079 seconds
[2022-09-02T12:04:21.497+0000] {processor.py:153} INFO - Started process (PID=6781) to work on /home/airflow/.local/lib/python3.7/site-packages/airflow/example_dags/example_kubernetes_executor.py
[2022-09-02T12:04:21.499+0000] {processor.py:640} INFO - Processing file /home/airflow/.local/lib/python3.7/site-packages/airflow/example_dags/example_kubernetes_executor.py for tasks to queue
[2022-09-02T12:04:21.500+0000] {logging_mixin.py:115} INFO - [2022-09-02T12:04:21.500+0000] {dagbag.py:508} INFO - Filling up the DagBag from /home/airflow/.local/lib/python3.7/site-packages/airflow/example_dags/example_kubernetes_executor.py
[2022-09-02T12:04:21.521+0000] {processor.py:650} INFO - DAG(s) dict_keys(['example_kubernetes_executor']) retrieved from /home/airflow/.local/lib/python3.7/site-packages/airflow/example_dags/example_kubernetes_executor.py
[2022-09-02T12:04:21.542+0000] {logging_mixin.py:115} INFO - [2022-09-02T12:04:21.542+0000] {dag.py:2429} INFO - Sync 1 DAGs
[2022-09-02T12:04:21.555+0000] {logging_mixin.py:115} INFO - [2022-09-02T12:04:21.555+0000] {dag.py:2981} INFO - Setting next_dagrun for example_kubernetes_executor to None, run_after=None
[2022-09-02T12:04:21.562+0000] {processor.py:161} INFO - Processing /home/airflow/.local/lib/python3.7/site-packages/airflow/example_dags/example_kubernetes_executor.py took 0.067 seconds
[2022-09-02T12:04:52.356+0000] {processor.py:153} INFO - Started process (PID=6978) to work on /home/airflow/.local/lib/python3.7/site-packages/airflow/example_dags/example_kubernetes_executor.py
[2022-09-02T12:04:52.358+0000] {processor.py:640} INFO - Processing file /home/airflow/.local/lib/python3.7/site-packages/airflow/example_dags/example_kubernetes_executor.py for tasks to queue
[2022-09-02T12:04:52.359+0000] {logging_mixin.py:115} INFO - [2022-09-02T12:04:52.359+0000] {dagbag.py:508} INFO - Filling up the DagBag from /home/airflow/.local/lib/python3.7/site-packages/airflow/example_dags/example_kubernetes_executor.py
[2022-09-02T12:04:52.374+0000] {processor.py:650} INFO - DAG(s) dict_keys(['example_kubernetes_executor']) retrieved from /home/airflow/.local/lib/python3.7/site-packages/airflow/example_dags/example_kubernetes_executor.py
[2022-09-02T12:04:52.396+0000] {logging_mixin.py:115} INFO - [2022-09-02T12:04:52.396+0000] {dag.py:2429} INFO - Sync 1 DAGs
[2022-09-02T12:04:52.413+0000] {logging_mixin.py:115} INFO - [2022-09-02T12:04:52.413+0000] {dag.py:2981} INFO - Setting next_dagrun for example_kubernetes_executor to None, run_after=None
[2022-09-02T12:04:52.424+0000] {processor.py:161} INFO - Processing /home/airflow/.local/lib/python3.7/site-packages/airflow/example_dags/example_kubernetes_executor.py took 0.071 seconds
[2022-09-02T12:05:23.162+0000] {processor.py:153} INFO - Started process (PID=7176) to work on /home/airflow/.local/lib/python3.7/site-packages/airflow/example_dags/example_kubernetes_executor.py
[2022-09-02T12:05:23.164+0000] {processor.py:640} INFO - Processing file /home/airflow/.local/lib/python3.7/site-packages/airflow/example_dags/example_kubernetes_executor.py for tasks to queue
[2022-09-02T12:05:23.165+0000] {logging_mixin.py:115} INFO - [2022-09-02T12:05:23.165+0000] {dagbag.py:508} INFO - Filling up the DagBag from /home/airflow/.local/lib/python3.7/site-packages/airflow/example_dags/example_kubernetes_executor.py
[2022-09-02T12:05:23.181+0000] {processor.py:650} INFO - DAG(s) dict_keys(['example_kubernetes_executor']) retrieved from /home/airflow/.local/lib/python3.7/site-packages/airflow/example_dags/example_kubernetes_executor.py
[2022-09-02T12:05:23.202+0000] {logging_mixin.py:115} INFO - [2022-09-02T12:05:23.202+0000] {dag.py:2429} INFO - Sync 1 DAGs
[2022-09-02T12:05:23.216+0000] {logging_mixin.py:115} INFO - [2022-09-02T12:05:23.216+0000] {dag.py:2981} INFO - Setting next_dagrun for example_kubernetes_executor to None, run_after=None
[2022-09-02T12:05:23.225+0000] {processor.py:161} INFO - Processing /home/airflow/.local/lib/python3.7/site-packages/airflow/example_dags/example_kubernetes_executor.py took 0.065 seconds
[2022-09-02T12:05:53.956+0000] {processor.py:153} INFO - Started process (PID=7373) to work on /home/airflow/.local/lib/python3.7/site-packages/airflow/example_dags/example_kubernetes_executor.py
[2022-09-02T12:05:53.958+0000] {processor.py:640} INFO - Processing file /home/airflow/.local/lib/python3.7/site-packages/airflow/example_dags/example_kubernetes_executor.py for tasks to queue
[2022-09-02T12:05:53.959+0000] {logging_mixin.py:115} INFO - [2022-09-02T12:05:53.959+0000] {dagbag.py:508} INFO - Filling up the DagBag from /home/airflow/.local/lib/python3.7/site-packages/airflow/example_dags/example_kubernetes_executor.py
[2022-09-02T12:05:53.974+0000] {processor.py:650} INFO - DAG(s) dict_keys(['example_kubernetes_executor']) retrieved from /home/airflow/.local/lib/python3.7/site-packages/airflow/example_dags/example_kubernetes_executor.py
[2022-09-02T12:05:54.001+0000] {logging_mixin.py:115} INFO - [2022-09-02T12:05:54.001+0000] {dag.py:2429} INFO - Sync 1 DAGs
[2022-09-02T12:05:54.013+0000] {logging_mixin.py:115} INFO - [2022-09-02T12:05:54.013+0000] {dag.py:2981} INFO - Setting next_dagrun for example_kubernetes_executor to None, run_after=None
[2022-09-02T12:05:54.021+0000] {processor.py:161} INFO - Processing /home/airflow/.local/lib/python3.7/site-packages/airflow/example_dags/example_kubernetes_executor.py took 0.068 seconds
[2022-09-02T12:06:24.802+0000] {processor.py:153} INFO - Started process (PID=7562) to work on /home/airflow/.local/lib/python3.7/site-packages/airflow/example_dags/example_kubernetes_executor.py
[2022-09-02T12:06:24.803+0000] {processor.py:640} INFO - Processing file /home/airflow/.local/lib/python3.7/site-packages/airflow/example_dags/example_kubernetes_executor.py for tasks to queue
[2022-09-02T12:06:24.805+0000] {logging_mixin.py:115} INFO - [2022-09-02T12:06:24.805+0000] {dagbag.py:508} INFO - Filling up the DagBag from /home/airflow/.local/lib/python3.7/site-packages/airflow/example_dags/example_kubernetes_executor.py
[2022-09-02T12:06:24.820+0000] {processor.py:650} INFO - DAG(s) dict_keys(['example_kubernetes_executor']) retrieved from /home/airflow/.local/lib/python3.7/site-packages/airflow/example_dags/example_kubernetes_executor.py
[2022-09-02T12:06:24.841+0000] {logging_mixin.py:115} INFO - [2022-09-02T12:06:24.841+0000] {dag.py:2429} INFO - Sync 1 DAGs
[2022-09-02T12:06:24.854+0000] {logging_mixin.py:115} INFO - [2022-09-02T12:06:24.854+0000] {dag.py:2981} INFO - Setting next_dagrun for example_kubernetes_executor to None, run_after=None
[2022-09-02T12:06:24.862+0000] {processor.py:161} INFO - Processing /home/airflow/.local/lib/python3.7/site-packages/airflow/example_dags/example_kubernetes_executor.py took 0.062 seconds
[2022-09-02T12:06:55.684+0000] {processor.py:153} INFO - Started process (PID=7758) to work on /home/airflow/.local/lib/python3.7/site-packages/airflow/example_dags/example_kubernetes_executor.py
[2022-09-02T12:06:55.686+0000] {processor.py:640} INFO - Processing file /home/airflow/.local/lib/python3.7/site-packages/airflow/example_dags/example_kubernetes_executor.py for tasks to queue
[2022-09-02T12:06:55.687+0000] {logging_mixin.py:115} INFO - [2022-09-02T12:06:55.687+0000] {dagbag.py:508} INFO - Filling up the DagBag from /home/airflow/.local/lib/python3.7/site-packages/airflow/example_dags/example_kubernetes_executor.py
[2022-09-02T12:06:55.704+0000] {processor.py:650} INFO - DAG(s) dict_keys(['example_kubernetes_executor']) retrieved from /home/airflow/.local/lib/python3.7/site-packages/airflow/example_dags/example_kubernetes_executor.py
[2022-09-02T12:06:55.725+0000] {logging_mixin.py:115} INFO - [2022-09-02T12:06:55.725+0000] {dag.py:2429} INFO - Sync 1 DAGs
[2022-09-02T12:06:55.739+0000] {logging_mixin.py:115} INFO - [2022-09-02T12:06:55.739+0000] {dag.py:2981} INFO - Setting next_dagrun for example_kubernetes_executor to None, run_after=None
[2022-09-02T12:06:55.747+0000] {processor.py:161} INFO - Processing /home/airflow/.local/lib/python3.7/site-packages/airflow/example_dags/example_kubernetes_executor.py took 0.066 seconds
[2022-09-02T12:07:26.659+0000] {processor.py:153} INFO - Started process (PID=7955) to work on /home/airflow/.local/lib/python3.7/site-packages/airflow/example_dags/example_kubernetes_executor.py
[2022-09-02T12:07:26.661+0000] {processor.py:640} INFO - Processing file /home/airflow/.local/lib/python3.7/site-packages/airflow/example_dags/example_kubernetes_executor.py for tasks to queue
[2022-09-02T12:07:26.662+0000] {logging_mixin.py:115} INFO - [2022-09-02T12:07:26.662+0000] {dagbag.py:508} INFO - Filling up the DagBag from /home/airflow/.local/lib/python3.7/site-packages/airflow/example_dags/example_kubernetes_executor.py
[2022-09-02T12:07:26.678+0000] {processor.py:650} INFO - DAG(s) dict_keys(['example_kubernetes_executor']) retrieved from /home/airflow/.local/lib/python3.7/site-packages/airflow/example_dags/example_kubernetes_executor.py
[2022-09-02T12:07:26.703+0000] {logging_mixin.py:115} INFO - [2022-09-02T12:07:26.702+0000] {dag.py:2429} INFO - Sync 1 DAGs
[2022-09-02T12:07:26.716+0000] {logging_mixin.py:115} INFO - [2022-09-02T12:07:26.716+0000] {dag.py:2981} INFO - Setting next_dagrun for example_kubernetes_executor to None, run_after=None
[2022-09-02T12:07:26.725+0000] {processor.py:161} INFO - Processing /home/airflow/.local/lib/python3.7/site-packages/airflow/example_dags/example_kubernetes_executor.py took 0.069 seconds
[2022-09-02T12:07:57.530+0000] {processor.py:153} INFO - Started process (PID=8152) to work on /home/airflow/.local/lib/python3.7/site-packages/airflow/example_dags/example_kubernetes_executor.py
[2022-09-02T12:07:57.531+0000] {processor.py:640} INFO - Processing file /home/airflow/.local/lib/python3.7/site-packages/airflow/example_dags/example_kubernetes_executor.py for tasks to queue
[2022-09-02T12:07:57.532+0000] {logging_mixin.py:115} INFO - [2022-09-02T12:07:57.532+0000] {dagbag.py:508} INFO - Filling up the DagBag from /home/airflow/.local/lib/python3.7/site-packages/airflow/example_dags/example_kubernetes_executor.py
[2022-09-02T12:07:57.546+0000] {processor.py:650} INFO - DAG(s) dict_keys(['example_kubernetes_executor']) retrieved from /home/airflow/.local/lib/python3.7/site-packages/airflow/example_dags/example_kubernetes_executor.py
[2022-09-02T12:07:57.567+0000] {logging_mixin.py:115} INFO - [2022-09-02T12:07:57.567+0000] {dag.py:2429} INFO - Sync 1 DAGs
[2022-09-02T12:07:57.581+0000] {logging_mixin.py:115} INFO - [2022-09-02T12:07:57.581+0000] {dag.py:2981} INFO - Setting next_dagrun for example_kubernetes_executor to None, run_after=None
[2022-09-02T12:07:57.589+0000] {processor.py:161} INFO - Processing /home/airflow/.local/lib/python3.7/site-packages/airflow/example_dags/example_kubernetes_executor.py took 0.061 seconds
