[2022-09-02T11:47:25.097+0000] {processor.py:153} INFO - Started process (PID=260) to work on /home/airflow/.local/lib/python3.7/site-packages/airflow/example_dags/example_sla_dag.py
[2022-09-02T11:47:25.099+0000] {processor.py:640} INFO - Processing file /home/airflow/.local/lib/python3.7/site-packages/airflow/example_dags/example_sla_dag.py for tasks to queue
[2022-09-02T11:47:25.100+0000] {logging_mixin.py:115} INFO - [2022-09-02T11:47:25.100+0000] {dagbag.py:508} INFO - Filling up the DagBag from /home/airflow/.local/lib/python3.7/site-packages/airflow/example_dags/example_sla_dag.py
[2022-09-02T11:47:25.113+0000] {processor.py:650} INFO - DAG(s) dict_keys(['example_sla_dag']) retrieved from /home/airflow/.local/lib/python3.7/site-packages/airflow/example_dags/example_sla_dag.py
[2022-09-02T11:47:25.168+0000] {logging_mixin.py:115} INFO - [2022-09-02T11:47:25.168+0000] {manager.py:508} INFO - Created Permission View: can edit on DAG:example_sla_dag
[2022-09-02T11:47:25.177+0000] {logging_mixin.py:115} INFO - [2022-09-02T11:47:25.176+0000] {manager.py:508} INFO - Created Permission View: can delete on DAG:example_sla_dag
[2022-09-02T11:47:25.183+0000] {logging_mixin.py:115} INFO - [2022-09-02T11:47:25.182+0000] {manager.py:508} INFO - Created Permission View: can read on DAG:example_sla_dag
[2022-09-02T11:47:25.184+0000] {logging_mixin.py:115} INFO - [2022-09-02T11:47:25.184+0000] {dag.py:2429} INFO - Sync 1 DAGs
[2022-09-02T11:47:25.193+0000] {logging_mixin.py:115} INFO - [2022-09-02T11:47:25.193+0000] {dag.py:2448} INFO - Creating ORM DAG for example_sla_dag
[2022-09-02T11:47:25.206+0000] {logging_mixin.py:115} INFO - [2022-09-02T11:47:25.206+0000] {dag.py:2981} INFO - Setting next_dagrun for example_sla_dag to 2022-09-02T11:44:00+00:00, run_after=2022-09-02T11:46:00+00:00
[2022-09-02T11:47:25.215+0000] {processor.py:161} INFO - Processing /home/airflow/.local/lib/python3.7/site-packages/airflow/example_dags/example_sla_dag.py took 0.121 seconds
[2022-09-02T11:47:55.474+0000] {processor.py:153} INFO - Started process (PID=457) to work on /home/airflow/.local/lib/python3.7/site-packages/airflow/example_dags/example_sla_dag.py
[2022-09-02T11:47:55.476+0000] {processor.py:640} INFO - Processing file /home/airflow/.local/lib/python3.7/site-packages/airflow/example_dags/example_sla_dag.py for tasks to queue
[2022-09-02T11:47:55.478+0000] {logging_mixin.py:115} INFO - [2022-09-02T11:47:55.477+0000] {dagbag.py:508} INFO - Filling up the DagBag from /home/airflow/.local/lib/python3.7/site-packages/airflow/example_dags/example_sla_dag.py
[2022-09-02T11:47:55.490+0000] {processor.py:650} INFO - DAG(s) dict_keys(['example_sla_dag']) retrieved from /home/airflow/.local/lib/python3.7/site-packages/airflow/example_dags/example_sla_dag.py
[2022-09-02T11:47:55.510+0000] {logging_mixin.py:115} INFO - [2022-09-02T11:47:55.509+0000] {dag.py:2429} INFO - Sync 1 DAGs
[2022-09-02T11:47:55.531+0000] {logging_mixin.py:115} INFO - [2022-09-02T11:47:55.530+0000] {dag.py:2981} INFO - Setting next_dagrun for example_sla_dag to 2022-09-02T11:44:00+00:00, run_after=2022-09-02T11:46:00+00:00
[2022-09-02T11:47:55.543+0000] {processor.py:161} INFO - Processing /home/airflow/.local/lib/python3.7/site-packages/airflow/example_dags/example_sla_dag.py took 0.071 seconds
[2022-09-02T11:48:25.662+0000] {processor.py:153} INFO - Started process (PID=655) to work on /home/airflow/.local/lib/python3.7/site-packages/airflow/example_dags/example_sla_dag.py
[2022-09-02T11:48:25.671+0000] {processor.py:640} INFO - Processing file /home/airflow/.local/lib/python3.7/site-packages/airflow/example_dags/example_sla_dag.py for tasks to queue
[2022-09-02T11:48:25.672+0000] {logging_mixin.py:115} INFO - [2022-09-02T11:48:25.672+0000] {dagbag.py:508} INFO - Filling up the DagBag from /home/airflow/.local/lib/python3.7/site-packages/airflow/example_dags/example_sla_dag.py
[2022-09-02T11:48:25.687+0000] {processor.py:650} INFO - DAG(s) dict_keys(['example_sla_dag']) retrieved from /home/airflow/.local/lib/python3.7/site-packages/airflow/example_dags/example_sla_dag.py
[2022-09-02T11:48:25.706+0000] {logging_mixin.py:115} INFO - [2022-09-02T11:48:25.706+0000] {dag.py:2429} INFO - Sync 1 DAGs
[2022-09-02T11:48:25.726+0000] {logging_mixin.py:115} INFO - [2022-09-02T11:48:25.726+0000] {dag.py:2981} INFO - Setting next_dagrun for example_sla_dag to 2022-09-02T11:46:00+00:00, run_after=2022-09-02T11:48:00+00:00
[2022-09-02T11:48:25.739+0000] {processor.py:161} INFO - Processing /home/airflow/.local/lib/python3.7/site-packages/airflow/example_dags/example_sla_dag.py took 0.081 seconds
[2022-09-02T11:48:56.652+0000] {processor.py:153} INFO - Started process (PID=851) to work on /home/airflow/.local/lib/python3.7/site-packages/airflow/example_dags/example_sla_dag.py
[2022-09-02T11:48:56.654+0000] {processor.py:640} INFO - Processing file /home/airflow/.local/lib/python3.7/site-packages/airflow/example_dags/example_sla_dag.py for tasks to queue
[2022-09-02T11:48:56.655+0000] {logging_mixin.py:115} INFO - [2022-09-02T11:48:56.655+0000] {dagbag.py:508} INFO - Filling up the DagBag from /home/airflow/.local/lib/python3.7/site-packages/airflow/example_dags/example_sla_dag.py
[2022-09-02T11:48:56.666+0000] {processor.py:650} INFO - DAG(s) dict_keys(['example_sla_dag']) retrieved from /home/airflow/.local/lib/python3.7/site-packages/airflow/example_dags/example_sla_dag.py
[2022-09-02T11:48:56.683+0000] {logging_mixin.py:115} INFO - [2022-09-02T11:48:56.683+0000] {dag.py:2429} INFO - Sync 1 DAGs
[2022-09-02T11:48:56.699+0000] {logging_mixin.py:115} INFO - [2022-09-02T11:48:56.699+0000] {dag.py:2981} INFO - Setting next_dagrun for example_sla_dag to 2022-09-02T11:46:00+00:00, run_after=2022-09-02T11:48:00+00:00
[2022-09-02T11:48:56.707+0000] {processor.py:161} INFO - Processing /home/airflow/.local/lib/python3.7/site-packages/airflow/example_dags/example_sla_dag.py took 0.056 seconds
[2022-09-02T11:49:27.510+0000] {processor.py:153} INFO - Started process (PID=1048) to work on /home/airflow/.local/lib/python3.7/site-packages/airflow/example_dags/example_sla_dag.py
[2022-09-02T11:49:27.512+0000] {processor.py:640} INFO - Processing file /home/airflow/.local/lib/python3.7/site-packages/airflow/example_dags/example_sla_dag.py for tasks to queue
[2022-09-02T11:49:27.513+0000] {logging_mixin.py:115} INFO - [2022-09-02T11:49:27.513+0000] {dagbag.py:508} INFO - Filling up the DagBag from /home/airflow/.local/lib/python3.7/site-packages/airflow/example_dags/example_sla_dag.py
[2022-09-02T11:49:27.523+0000] {processor.py:650} INFO - DAG(s) dict_keys(['example_sla_dag']) retrieved from /home/airflow/.local/lib/python3.7/site-packages/airflow/example_dags/example_sla_dag.py
[2022-09-02T11:49:27.540+0000] {logging_mixin.py:115} INFO - [2022-09-02T11:49:27.540+0000] {dag.py:2429} INFO - Sync 1 DAGs
[2022-09-02T11:49:27.558+0000] {logging_mixin.py:115} INFO - [2022-09-02T11:49:27.558+0000] {dag.py:2981} INFO - Setting next_dagrun for example_sla_dag to 2022-09-02T11:46:00+00:00, run_after=2022-09-02T11:48:00+00:00
[2022-09-02T11:49:27.568+0000] {processor.py:161} INFO - Processing /home/airflow/.local/lib/python3.7/site-packages/airflow/example_dags/example_sla_dag.py took 0.060 seconds
[2022-09-02T11:49:58.366+0000] {processor.py:153} INFO - Started process (PID=1236) to work on /home/airflow/.local/lib/python3.7/site-packages/airflow/example_dags/example_sla_dag.py
[2022-09-02T11:49:58.367+0000] {processor.py:640} INFO - Processing file /home/airflow/.local/lib/python3.7/site-packages/airflow/example_dags/example_sla_dag.py for tasks to queue
[2022-09-02T11:49:58.369+0000] {logging_mixin.py:115} INFO - [2022-09-02T11:49:58.368+0000] {dagbag.py:508} INFO - Filling up the DagBag from /home/airflow/.local/lib/python3.7/site-packages/airflow/example_dags/example_sla_dag.py
[2022-09-02T11:49:58.379+0000] {processor.py:650} INFO - DAG(s) dict_keys(['example_sla_dag']) retrieved from /home/airflow/.local/lib/python3.7/site-packages/airflow/example_dags/example_sla_dag.py
[2022-09-02T11:49:58.395+0000] {logging_mixin.py:115} INFO - [2022-09-02T11:49:58.395+0000] {dag.py:2429} INFO - Sync 1 DAGs
[2022-09-02T11:49:58.411+0000] {logging_mixin.py:115} INFO - [2022-09-02T11:49:58.411+0000] {dag.py:2981} INFO - Setting next_dagrun for example_sla_dag to 2022-09-02T11:46:00+00:00, run_after=2022-09-02T11:48:00+00:00
[2022-09-02T11:49:58.418+0000] {processor.py:161} INFO - Processing /home/airflow/.local/lib/python3.7/site-packages/airflow/example_dags/example_sla_dag.py took 0.055 seconds
[2022-09-02T11:50:29.195+0000] {processor.py:153} INFO - Started process (PID=1433) to work on /home/airflow/.local/lib/python3.7/site-packages/airflow/example_dags/example_sla_dag.py
[2022-09-02T11:50:29.196+0000] {processor.py:640} INFO - Processing file /home/airflow/.local/lib/python3.7/site-packages/airflow/example_dags/example_sla_dag.py for tasks to queue
[2022-09-02T11:50:29.197+0000] {logging_mixin.py:115} INFO - [2022-09-02T11:50:29.197+0000] {dagbag.py:508} INFO - Filling up the DagBag from /home/airflow/.local/lib/python3.7/site-packages/airflow/example_dags/example_sla_dag.py
[2022-09-02T11:50:29.207+0000] {processor.py:650} INFO - DAG(s) dict_keys(['example_sla_dag']) retrieved from /home/airflow/.local/lib/python3.7/site-packages/airflow/example_dags/example_sla_dag.py
[2022-09-02T11:50:29.225+0000] {logging_mixin.py:115} INFO - [2022-09-02T11:50:29.225+0000] {dag.py:2429} INFO - Sync 1 DAGs
[2022-09-02T11:50:29.240+0000] {logging_mixin.py:115} INFO - [2022-09-02T11:50:29.240+0000] {dag.py:2981} INFO - Setting next_dagrun for example_sla_dag to 2022-09-02T11:48:00+00:00, run_after=2022-09-02T11:50:00+00:00
[2022-09-02T11:50:29.247+0000] {processor.py:161} INFO - Processing /home/airflow/.local/lib/python3.7/site-packages/airflow/example_dags/example_sla_dag.py took 0.055 seconds
[2022-09-02T11:50:59.921+0000] {processor.py:153} INFO - Started process (PID=1632) to work on /home/airflow/.local/lib/python3.7/site-packages/airflow/example_dags/example_sla_dag.py
[2022-09-02T11:50:59.923+0000] {processor.py:640} INFO - Processing file /home/airflow/.local/lib/python3.7/site-packages/airflow/example_dags/example_sla_dag.py for tasks to queue
[2022-09-02T11:50:59.924+0000] {logging_mixin.py:115} INFO - [2022-09-02T11:50:59.924+0000] {dagbag.py:508} INFO - Filling up the DagBag from /home/airflow/.local/lib/python3.7/site-packages/airflow/example_dags/example_sla_dag.py
[2022-09-02T11:50:59.935+0000] {processor.py:650} INFO - DAG(s) dict_keys(['example_sla_dag']) retrieved from /home/airflow/.local/lib/python3.7/site-packages/airflow/example_dags/example_sla_dag.py
[2022-09-02T11:50:59.952+0000] {logging_mixin.py:115} INFO - [2022-09-02T11:50:59.952+0000] {dag.py:2429} INFO - Sync 1 DAGs
[2022-09-02T11:50:59.971+0000] {logging_mixin.py:115} INFO - [2022-09-02T11:50:59.971+0000] {dag.py:2981} INFO - Setting next_dagrun for example_sla_dag to 2022-09-02T11:48:00+00:00, run_after=2022-09-02T11:50:00+00:00
[2022-09-02T11:50:59.981+0000] {processor.py:161} INFO - Processing /home/airflow/.local/lib/python3.7/site-packages/airflow/example_dags/example_sla_dag.py took 0.061 seconds
[2022-09-02T11:51:30.683+0000] {processor.py:153} INFO - Started process (PID=1830) to work on /home/airflow/.local/lib/python3.7/site-packages/airflow/example_dags/example_sla_dag.py
[2022-09-02T11:51:30.686+0000] {processor.py:640} INFO - Processing file /home/airflow/.local/lib/python3.7/site-packages/airflow/example_dags/example_sla_dag.py for tasks to queue
[2022-09-02T11:51:30.687+0000] {logging_mixin.py:115} INFO - [2022-09-02T11:51:30.687+0000] {dagbag.py:508} INFO - Filling up the DagBag from /home/airflow/.local/lib/python3.7/site-packages/airflow/example_dags/example_sla_dag.py
[2022-09-02T11:51:30.698+0000] {processor.py:650} INFO - DAG(s) dict_keys(['example_sla_dag']) retrieved from /home/airflow/.local/lib/python3.7/site-packages/airflow/example_dags/example_sla_dag.py
[2022-09-02T11:51:30.715+0000] {logging_mixin.py:115} INFO - [2022-09-02T11:51:30.715+0000] {dag.py:2429} INFO - Sync 1 DAGs
[2022-09-02T11:51:30.730+0000] {logging_mixin.py:115} INFO - [2022-09-02T11:51:30.730+0000] {dag.py:2981} INFO - Setting next_dagrun for example_sla_dag to 2022-09-02T11:48:00+00:00, run_after=2022-09-02T11:50:00+00:00
[2022-09-02T11:51:30.739+0000] {processor.py:161} INFO - Processing /home/airflow/.local/lib/python3.7/site-packages/airflow/example_dags/example_sla_dag.py took 0.058 seconds
[2022-09-02T11:52:01.577+0000] {processor.py:153} INFO - Started process (PID=2027) to work on /home/airflow/.local/lib/python3.7/site-packages/airflow/example_dags/example_sla_dag.py
[2022-09-02T11:52:01.580+0000] {processor.py:640} INFO - Processing file /home/airflow/.local/lib/python3.7/site-packages/airflow/example_dags/example_sla_dag.py for tasks to queue
[2022-09-02T11:52:01.581+0000] {logging_mixin.py:115} INFO - [2022-09-02T11:52:01.581+0000] {dagbag.py:508} INFO - Filling up the DagBag from /home/airflow/.local/lib/python3.7/site-packages/airflow/example_dags/example_sla_dag.py
[2022-09-02T11:52:01.595+0000] {processor.py:650} INFO - DAG(s) dict_keys(['example_sla_dag']) retrieved from /home/airflow/.local/lib/python3.7/site-packages/airflow/example_dags/example_sla_dag.py
[2022-09-02T11:52:01.617+0000] {logging_mixin.py:115} INFO - [2022-09-02T11:52:01.617+0000] {dag.py:2429} INFO - Sync 1 DAGs
[2022-09-02T11:52:01.640+0000] {logging_mixin.py:115} INFO - [2022-09-02T11:52:01.640+0000] {dag.py:2981} INFO - Setting next_dagrun for example_sla_dag to 2022-09-02T11:50:00+00:00, run_after=2022-09-02T11:52:00+00:00
[2022-09-02T11:52:01.653+0000] {processor.py:161} INFO - Processing /home/airflow/.local/lib/python3.7/site-packages/airflow/example_dags/example_sla_dag.py took 0.079 seconds
[2022-09-02T11:52:32.519+0000] {processor.py:153} INFO - Started process (PID=2224) to work on /home/airflow/.local/lib/python3.7/site-packages/airflow/example_dags/example_sla_dag.py
[2022-09-02T11:52:32.522+0000] {processor.py:640} INFO - Processing file /home/airflow/.local/lib/python3.7/site-packages/airflow/example_dags/example_sla_dag.py for tasks to queue
[2022-09-02T11:52:32.523+0000] {logging_mixin.py:115} INFO - [2022-09-02T11:52:32.522+0000] {dagbag.py:508} INFO - Filling up the DagBag from /home/airflow/.local/lib/python3.7/site-packages/airflow/example_dags/example_sla_dag.py
[2022-09-02T11:52:32.533+0000] {processor.py:650} INFO - DAG(s) dict_keys(['example_sla_dag']) retrieved from /home/airflow/.local/lib/python3.7/site-packages/airflow/example_dags/example_sla_dag.py
[2022-09-02T11:52:32.553+0000] {logging_mixin.py:115} INFO - [2022-09-02T11:52:32.553+0000] {dag.py:2429} INFO - Sync 1 DAGs
[2022-09-02T11:52:32.571+0000] {logging_mixin.py:115} INFO - [2022-09-02T11:52:32.570+0000] {dag.py:2981} INFO - Setting next_dagrun for example_sla_dag to 2022-09-02T11:50:00+00:00, run_after=2022-09-02T11:52:00+00:00
[2022-09-02T11:52:32.581+0000] {processor.py:161} INFO - Processing /home/airflow/.local/lib/python3.7/site-packages/airflow/example_dags/example_sla_dag.py took 0.063 seconds
[2022-09-02T11:53:03.179+0000] {processor.py:153} INFO - Started process (PID=2413) to work on /home/airflow/.local/lib/python3.7/site-packages/airflow/example_dags/example_sla_dag.py
[2022-09-02T11:53:03.180+0000] {processor.py:640} INFO - Processing file /home/airflow/.local/lib/python3.7/site-packages/airflow/example_dags/example_sla_dag.py for tasks to queue
[2022-09-02T11:53:03.181+0000] {logging_mixin.py:115} INFO - [2022-09-02T11:53:03.181+0000] {dagbag.py:508} INFO - Filling up the DagBag from /home/airflow/.local/lib/python3.7/site-packages/airflow/example_dags/example_sla_dag.py
[2022-09-02T11:53:03.193+0000] {processor.py:650} INFO - DAG(s) dict_keys(['example_sla_dag']) retrieved from /home/airflow/.local/lib/python3.7/site-packages/airflow/example_dags/example_sla_dag.py
[2022-09-02T11:53:03.210+0000] {logging_mixin.py:115} INFO - [2022-09-02T11:53:03.210+0000] {dag.py:2429} INFO - Sync 1 DAGs
[2022-09-02T11:53:03.228+0000] {logging_mixin.py:115} INFO - [2022-09-02T11:53:03.228+0000] {dag.py:2981} INFO - Setting next_dagrun for example_sla_dag to 2022-09-02T11:50:00+00:00, run_after=2022-09-02T11:52:00+00:00
[2022-09-02T11:53:03.235+0000] {processor.py:161} INFO - Processing /home/airflow/.local/lib/python3.7/site-packages/airflow/example_dags/example_sla_dag.py took 0.059 seconds
[2022-09-02T11:53:33.997+0000] {processor.py:153} INFO - Started process (PID=2611) to work on /home/airflow/.local/lib/python3.7/site-packages/airflow/example_dags/example_sla_dag.py
[2022-09-02T11:53:33.998+0000] {processor.py:640} INFO - Processing file /home/airflow/.local/lib/python3.7/site-packages/airflow/example_dags/example_sla_dag.py for tasks to queue
[2022-09-02T11:53:33.999+0000] {logging_mixin.py:115} INFO - [2022-09-02T11:53:33.999+0000] {dagbag.py:508} INFO - Filling up the DagBag from /home/airflow/.local/lib/python3.7/site-packages/airflow/example_dags/example_sla_dag.py
[2022-09-02T11:53:34.010+0000] {processor.py:650} INFO - DAG(s) dict_keys(['example_sla_dag']) retrieved from /home/airflow/.local/lib/python3.7/site-packages/airflow/example_dags/example_sla_dag.py
[2022-09-02T11:53:34.027+0000] {logging_mixin.py:115} INFO - [2022-09-02T11:53:34.027+0000] {dag.py:2429} INFO - Sync 1 DAGs
[2022-09-02T11:53:34.043+0000] {logging_mixin.py:115} INFO - [2022-09-02T11:53:34.043+0000] {dag.py:2981} INFO - Setting next_dagrun for example_sla_dag to 2022-09-02T11:50:00+00:00, run_after=2022-09-02T11:52:00+00:00
[2022-09-02T11:53:34.051+0000] {processor.py:161} INFO - Processing /home/airflow/.local/lib/python3.7/site-packages/airflow/example_dags/example_sla_dag.py took 0.056 seconds
[2022-09-02T11:54:04.760+0000] {processor.py:153} INFO - Started process (PID=2808) to work on /home/airflow/.local/lib/python3.7/site-packages/airflow/example_dags/example_sla_dag.py
[2022-09-02T11:54:04.762+0000] {processor.py:640} INFO - Processing file /home/airflow/.local/lib/python3.7/site-packages/airflow/example_dags/example_sla_dag.py for tasks to queue
[2022-09-02T11:54:04.764+0000] {logging_mixin.py:115} INFO - [2022-09-02T11:54:04.764+0000] {dagbag.py:508} INFO - Filling up the DagBag from /home/airflow/.local/lib/python3.7/site-packages/airflow/example_dags/example_sla_dag.py
[2022-09-02T11:54:04.775+0000] {processor.py:650} INFO - DAG(s) dict_keys(['example_sla_dag']) retrieved from /home/airflow/.local/lib/python3.7/site-packages/airflow/example_dags/example_sla_dag.py
[2022-09-02T11:54:04.793+0000] {logging_mixin.py:115} INFO - [2022-09-02T11:54:04.793+0000] {dag.py:2429} INFO - Sync 1 DAGs
[2022-09-02T11:54:04.810+0000] {logging_mixin.py:115} INFO - [2022-09-02T11:54:04.810+0000] {dag.py:2981} INFO - Setting next_dagrun for example_sla_dag to 2022-09-02T11:52:00+00:00, run_after=2022-09-02T11:54:00+00:00
[2022-09-02T11:54:04.818+0000] {processor.py:161} INFO - Processing /home/airflow/.local/lib/python3.7/site-packages/airflow/example_dags/example_sla_dag.py took 0.060 seconds
[2022-09-02T11:54:35.556+0000] {processor.py:153} INFO - Started process (PID=3004) to work on /home/airflow/.local/lib/python3.7/site-packages/airflow/example_dags/example_sla_dag.py
[2022-09-02T11:54:35.557+0000] {processor.py:640} INFO - Processing file /home/airflow/.local/lib/python3.7/site-packages/airflow/example_dags/example_sla_dag.py for tasks to queue
[2022-09-02T11:54:35.559+0000] {logging_mixin.py:115} INFO - [2022-09-02T11:54:35.559+0000] {dagbag.py:508} INFO - Filling up the DagBag from /home/airflow/.local/lib/python3.7/site-packages/airflow/example_dags/example_sla_dag.py
[2022-09-02T11:54:35.570+0000] {processor.py:650} INFO - DAG(s) dict_keys(['example_sla_dag']) retrieved from /home/airflow/.local/lib/python3.7/site-packages/airflow/example_dags/example_sla_dag.py
[2022-09-02T11:54:35.588+0000] {logging_mixin.py:115} INFO - [2022-09-02T11:54:35.588+0000] {dag.py:2429} INFO - Sync 1 DAGs
[2022-09-02T11:54:35.604+0000] {logging_mixin.py:115} INFO - [2022-09-02T11:54:35.604+0000] {dag.py:2981} INFO - Setting next_dagrun for example_sla_dag to 2022-09-02T11:52:00+00:00, run_after=2022-09-02T11:54:00+00:00
[2022-09-02T11:54:35.611+0000] {processor.py:161} INFO - Processing /home/airflow/.local/lib/python3.7/site-packages/airflow/example_dags/example_sla_dag.py took 0.057 seconds
[2022-09-02T11:55:06.334+0000] {processor.py:153} INFO - Started process (PID=3202) to work on /home/airflow/.local/lib/python3.7/site-packages/airflow/example_dags/example_sla_dag.py
[2022-09-02T11:55:06.339+0000] {processor.py:640} INFO - Processing file /home/airflow/.local/lib/python3.7/site-packages/airflow/example_dags/example_sla_dag.py for tasks to queue
[2022-09-02T11:55:06.341+0000] {logging_mixin.py:115} INFO - [2022-09-02T11:55:06.341+0000] {dagbag.py:508} INFO - Filling up the DagBag from /home/airflow/.local/lib/python3.7/site-packages/airflow/example_dags/example_sla_dag.py
[2022-09-02T11:55:06.353+0000] {processor.py:650} INFO - DAG(s) dict_keys(['example_sla_dag']) retrieved from /home/airflow/.local/lib/python3.7/site-packages/airflow/example_dags/example_sla_dag.py
[2022-09-02T11:55:06.372+0000] {logging_mixin.py:115} INFO - [2022-09-02T11:55:06.372+0000] {dag.py:2429} INFO - Sync 1 DAGs
[2022-09-02T11:55:06.390+0000] {logging_mixin.py:115} INFO - [2022-09-02T11:55:06.389+0000] {dag.py:2981} INFO - Setting next_dagrun for example_sla_dag to 2022-09-02T11:52:00+00:00, run_after=2022-09-02T11:54:00+00:00
[2022-09-02T11:55:06.397+0000] {processor.py:161} INFO - Processing /home/airflow/.local/lib/python3.7/site-packages/airflow/example_dags/example_sla_dag.py took 0.066 seconds
[2022-09-02T11:55:37.145+0000] {processor.py:153} INFO - Started process (PID=3400) to work on /home/airflow/.local/lib/python3.7/site-packages/airflow/example_dags/example_sla_dag.py
[2022-09-02T11:55:37.147+0000] {processor.py:640} INFO - Processing file /home/airflow/.local/lib/python3.7/site-packages/airflow/example_dags/example_sla_dag.py for tasks to queue
[2022-09-02T11:55:37.148+0000] {logging_mixin.py:115} INFO - [2022-09-02T11:55:37.148+0000] {dagbag.py:508} INFO - Filling up the DagBag from /home/airflow/.local/lib/python3.7/site-packages/airflow/example_dags/example_sla_dag.py
[2022-09-02T11:55:37.159+0000] {processor.py:650} INFO - DAG(s) dict_keys(['example_sla_dag']) retrieved from /home/airflow/.local/lib/python3.7/site-packages/airflow/example_dags/example_sla_dag.py
[2022-09-02T11:55:37.175+0000] {logging_mixin.py:115} INFO - [2022-09-02T11:55:37.175+0000] {dag.py:2429} INFO - Sync 1 DAGs
[2022-09-02T11:55:37.192+0000] {logging_mixin.py:115} INFO - [2022-09-02T11:55:37.192+0000] {dag.py:2981} INFO - Setting next_dagrun for example_sla_dag to 2022-09-02T11:52:00+00:00, run_after=2022-09-02T11:54:00+00:00
[2022-09-02T11:55:37.200+0000] {processor.py:161} INFO - Processing /home/airflow/.local/lib/python3.7/site-packages/airflow/example_dags/example_sla_dag.py took 0.058 seconds
[2022-09-02T11:56:07.946+0000] {processor.py:153} INFO - Started process (PID=3596) to work on /home/airflow/.local/lib/python3.7/site-packages/airflow/example_dags/example_sla_dag.py
[2022-09-02T11:56:07.948+0000] {processor.py:640} INFO - Processing file /home/airflow/.local/lib/python3.7/site-packages/airflow/example_dags/example_sla_dag.py for tasks to queue
[2022-09-02T11:56:07.949+0000] {logging_mixin.py:115} INFO - [2022-09-02T11:56:07.949+0000] {dagbag.py:508} INFO - Filling up the DagBag from /home/airflow/.local/lib/python3.7/site-packages/airflow/example_dags/example_sla_dag.py
[2022-09-02T11:56:07.960+0000] {processor.py:650} INFO - DAG(s) dict_keys(['example_sla_dag']) retrieved from /home/airflow/.local/lib/python3.7/site-packages/airflow/example_dags/example_sla_dag.py
[2022-09-02T11:56:07.980+0000] {logging_mixin.py:115} INFO - [2022-09-02T11:56:07.980+0000] {dag.py:2429} INFO - Sync 1 DAGs
[2022-09-02T11:56:07.999+0000] {logging_mixin.py:115} INFO - [2022-09-02T11:56:07.999+0000] {dag.py:2981} INFO - Setting next_dagrun for example_sla_dag to 2022-09-02T11:54:00+00:00, run_after=2022-09-02T11:56:00+00:00
[2022-09-02T11:56:08.008+0000] {processor.py:161} INFO - Processing /home/airflow/.local/lib/python3.7/site-packages/airflow/example_dags/example_sla_dag.py took 0.064 seconds
[2022-09-02T11:56:38.837+0000] {processor.py:153} INFO - Started process (PID=3783) to work on /home/airflow/.local/lib/python3.7/site-packages/airflow/example_dags/example_sla_dag.py
[2022-09-02T11:56:38.839+0000] {processor.py:640} INFO - Processing file /home/airflow/.local/lib/python3.7/site-packages/airflow/example_dags/example_sla_dag.py for tasks to queue
[2022-09-02T11:56:38.841+0000] {logging_mixin.py:115} INFO - [2022-09-02T11:56:38.841+0000] {dagbag.py:508} INFO - Filling up the DagBag from /home/airflow/.local/lib/python3.7/site-packages/airflow/example_dags/example_sla_dag.py
[2022-09-02T11:56:38.851+0000] {processor.py:650} INFO - DAG(s) dict_keys(['example_sla_dag']) retrieved from /home/airflow/.local/lib/python3.7/site-packages/airflow/example_dags/example_sla_dag.py
[2022-09-02T11:56:38.869+0000] {logging_mixin.py:115} INFO - [2022-09-02T11:56:38.869+0000] {dag.py:2429} INFO - Sync 1 DAGs
[2022-09-02T11:56:38.885+0000] {logging_mixin.py:115} INFO - [2022-09-02T11:56:38.885+0000] {dag.py:2981} INFO - Setting next_dagrun for example_sla_dag to 2022-09-02T11:54:00+00:00, run_after=2022-09-02T11:56:00+00:00
[2022-09-02T11:56:38.895+0000] {processor.py:161} INFO - Processing /home/airflow/.local/lib/python3.7/site-packages/airflow/example_dags/example_sla_dag.py took 0.060 seconds
[2022-09-02T11:57:09.590+0000] {processor.py:153} INFO - Started process (PID=3980) to work on /home/airflow/.local/lib/python3.7/site-packages/airflow/example_dags/example_sla_dag.py
[2022-09-02T11:57:09.592+0000] {processor.py:640} INFO - Processing file /home/airflow/.local/lib/python3.7/site-packages/airflow/example_dags/example_sla_dag.py for tasks to queue
[2022-09-02T11:57:09.593+0000] {logging_mixin.py:115} INFO - [2022-09-02T11:57:09.593+0000] {dagbag.py:508} INFO - Filling up the DagBag from /home/airflow/.local/lib/python3.7/site-packages/airflow/example_dags/example_sla_dag.py
[2022-09-02T11:57:09.604+0000] {processor.py:650} INFO - DAG(s) dict_keys(['example_sla_dag']) retrieved from /home/airflow/.local/lib/python3.7/site-packages/airflow/example_dags/example_sla_dag.py
[2022-09-02T11:57:09.620+0000] {logging_mixin.py:115} INFO - [2022-09-02T11:57:09.620+0000] {dag.py:2429} INFO - Sync 1 DAGs
[2022-09-02T11:57:09.637+0000] {logging_mixin.py:115} INFO - [2022-09-02T11:57:09.637+0000] {dag.py:2981} INFO - Setting next_dagrun for example_sla_dag to 2022-09-02T11:54:00+00:00, run_after=2022-09-02T11:56:00+00:00
[2022-09-02T11:57:09.644+0000] {processor.py:161} INFO - Processing /home/airflow/.local/lib/python3.7/site-packages/airflow/example_dags/example_sla_dag.py took 0.057 seconds
[2022-09-02T11:57:40.503+0000] {processor.py:153} INFO - Started process (PID=4175) to work on /home/airflow/.local/lib/python3.7/site-packages/airflow/example_dags/example_sla_dag.py
[2022-09-02T11:57:40.505+0000] {processor.py:640} INFO - Processing file /home/airflow/.local/lib/python3.7/site-packages/airflow/example_dags/example_sla_dag.py for tasks to queue
[2022-09-02T11:57:40.506+0000] {logging_mixin.py:115} INFO - [2022-09-02T11:57:40.506+0000] {dagbag.py:508} INFO - Filling up the DagBag from /home/airflow/.local/lib/python3.7/site-packages/airflow/example_dags/example_sla_dag.py
[2022-09-02T11:57:40.517+0000] {processor.py:650} INFO - DAG(s) dict_keys(['example_sla_dag']) retrieved from /home/airflow/.local/lib/python3.7/site-packages/airflow/example_dags/example_sla_dag.py
[2022-09-02T11:57:40.534+0000] {logging_mixin.py:115} INFO - [2022-09-02T11:57:40.533+0000] {dag.py:2429} INFO - Sync 1 DAGs
[2022-09-02T11:57:40.550+0000] {logging_mixin.py:115} INFO - [2022-09-02T11:57:40.550+0000] {dag.py:2981} INFO - Setting next_dagrun for example_sla_dag to 2022-09-02T11:54:00+00:00, run_after=2022-09-02T11:56:00+00:00
[2022-09-02T11:57:40.557+0000] {processor.py:161} INFO - Processing /home/airflow/.local/lib/python3.7/site-packages/airflow/example_dags/example_sla_dag.py took 0.057 seconds
[2022-09-02T11:58:11.399+0000] {processor.py:153} INFO - Started process (PID=4372) to work on /home/airflow/.local/lib/python3.7/site-packages/airflow/example_dags/example_sla_dag.py
[2022-09-02T11:58:11.401+0000] {processor.py:640} INFO - Processing file /home/airflow/.local/lib/python3.7/site-packages/airflow/example_dags/example_sla_dag.py for tasks to queue
[2022-09-02T11:58:11.403+0000] {logging_mixin.py:115} INFO - [2022-09-02T11:58:11.402+0000] {dagbag.py:508} INFO - Filling up the DagBag from /home/airflow/.local/lib/python3.7/site-packages/airflow/example_dags/example_sla_dag.py
[2022-09-02T11:58:11.414+0000] {processor.py:650} INFO - DAG(s) dict_keys(['example_sla_dag']) retrieved from /home/airflow/.local/lib/python3.7/site-packages/airflow/example_dags/example_sla_dag.py
[2022-09-02T11:58:11.431+0000] {logging_mixin.py:115} INFO - [2022-09-02T11:58:11.431+0000] {dag.py:2429} INFO - Sync 1 DAGs
[2022-09-02T11:58:11.447+0000] {logging_mixin.py:115} INFO - [2022-09-02T11:58:11.447+0000] {dag.py:2981} INFO - Setting next_dagrun for example_sla_dag to 2022-09-02T11:56:00+00:00, run_after=2022-09-02T11:58:00+00:00
[2022-09-02T11:58:11.455+0000] {processor.py:161} INFO - Processing /home/airflow/.local/lib/python3.7/site-packages/airflow/example_dags/example_sla_dag.py took 0.058 seconds
[2022-09-02T11:58:42.129+0000] {processor.py:153} INFO - Started process (PID=4569) to work on /home/airflow/.local/lib/python3.7/site-packages/airflow/example_dags/example_sla_dag.py
[2022-09-02T11:58:42.135+0000] {processor.py:640} INFO - Processing file /home/airflow/.local/lib/python3.7/site-packages/airflow/example_dags/example_sla_dag.py for tasks to queue
[2022-09-02T11:58:42.137+0000] {logging_mixin.py:115} INFO - [2022-09-02T11:58:42.136+0000] {dagbag.py:508} INFO - Filling up the DagBag from /home/airflow/.local/lib/python3.7/site-packages/airflow/example_dags/example_sla_dag.py
[2022-09-02T11:58:42.148+0000] {processor.py:650} INFO - DAG(s) dict_keys(['example_sla_dag']) retrieved from /home/airflow/.local/lib/python3.7/site-packages/airflow/example_dags/example_sla_dag.py
[2022-09-02T11:58:42.165+0000] {logging_mixin.py:115} INFO - [2022-09-02T11:58:42.165+0000] {dag.py:2429} INFO - Sync 1 DAGs
[2022-09-02T11:58:42.182+0000] {logging_mixin.py:115} INFO - [2022-09-02T11:58:42.182+0000] {dag.py:2981} INFO - Setting next_dagrun for example_sla_dag to 2022-09-02T11:56:00+00:00, run_after=2022-09-02T11:58:00+00:00
[2022-09-02T11:58:42.189+0000] {processor.py:161} INFO - Processing /home/airflow/.local/lib/python3.7/site-packages/airflow/example_dags/example_sla_dag.py took 0.063 seconds
[2022-09-02T11:59:13.090+0000] {processor.py:153} INFO - Started process (PID=4766) to work on /home/airflow/.local/lib/python3.7/site-packages/airflow/example_dags/example_sla_dag.py
[2022-09-02T11:59:13.092+0000] {processor.py:640} INFO - Processing file /home/airflow/.local/lib/python3.7/site-packages/airflow/example_dags/example_sla_dag.py for tasks to queue
[2022-09-02T11:59:13.094+0000] {logging_mixin.py:115} INFO - [2022-09-02T11:59:13.094+0000] {dagbag.py:508} INFO - Filling up the DagBag from /home/airflow/.local/lib/python3.7/site-packages/airflow/example_dags/example_sla_dag.py
[2022-09-02T11:59:13.106+0000] {processor.py:650} INFO - DAG(s) dict_keys(['example_sla_dag']) retrieved from /home/airflow/.local/lib/python3.7/site-packages/airflow/example_dags/example_sla_dag.py
[2022-09-02T11:59:13.126+0000] {logging_mixin.py:115} INFO - [2022-09-02T11:59:13.126+0000] {dag.py:2429} INFO - Sync 1 DAGs
[2022-09-02T11:59:13.143+0000] {logging_mixin.py:115} INFO - [2022-09-02T11:59:13.143+0000] {dag.py:2981} INFO - Setting next_dagrun for example_sla_dag to 2022-09-02T11:56:00+00:00, run_after=2022-09-02T11:58:00+00:00
[2022-09-02T11:59:13.151+0000] {processor.py:161} INFO - Processing /home/airflow/.local/lib/python3.7/site-packages/airflow/example_dags/example_sla_dag.py took 0.063 seconds
[2022-09-02T11:59:43.918+0000] {processor.py:153} INFO - Started process (PID=4954) to work on /home/airflow/.local/lib/python3.7/site-packages/airflow/example_dags/example_sla_dag.py
[2022-09-02T11:59:43.921+0000] {processor.py:640} INFO - Processing file /home/airflow/.local/lib/python3.7/site-packages/airflow/example_dags/example_sla_dag.py for tasks to queue
[2022-09-02T11:59:43.922+0000] {logging_mixin.py:115} INFO - [2022-09-02T11:59:43.922+0000] {dagbag.py:508} INFO - Filling up the DagBag from /home/airflow/.local/lib/python3.7/site-packages/airflow/example_dags/example_sla_dag.py
[2022-09-02T11:59:43.932+0000] {processor.py:650} INFO - DAG(s) dict_keys(['example_sla_dag']) retrieved from /home/airflow/.local/lib/python3.7/site-packages/airflow/example_dags/example_sla_dag.py
[2022-09-02T11:59:43.948+0000] {logging_mixin.py:115} INFO - [2022-09-02T11:59:43.948+0000] {dag.py:2429} INFO - Sync 1 DAGs
[2022-09-02T11:59:43.966+0000] {logging_mixin.py:115} INFO - [2022-09-02T11:59:43.966+0000] {dag.py:2981} INFO - Setting next_dagrun for example_sla_dag to 2022-09-02T11:56:00+00:00, run_after=2022-09-02T11:58:00+00:00
[2022-09-02T11:59:43.978+0000] {processor.py:161} INFO - Processing /home/airflow/.local/lib/python3.7/site-packages/airflow/example_dags/example_sla_dag.py took 0.062 seconds
[2022-09-02T12:00:14.762+0000] {processor.py:153} INFO - Started process (PID=5151) to work on /home/airflow/.local/lib/python3.7/site-packages/airflow/example_dags/example_sla_dag.py
[2022-09-02T12:00:14.763+0000] {processor.py:640} INFO - Processing file /home/airflow/.local/lib/python3.7/site-packages/airflow/example_dags/example_sla_dag.py for tasks to queue
[2022-09-02T12:00:14.764+0000] {logging_mixin.py:115} INFO - [2022-09-02T12:00:14.764+0000] {dagbag.py:508} INFO - Filling up the DagBag from /home/airflow/.local/lib/python3.7/site-packages/airflow/example_dags/example_sla_dag.py
[2022-09-02T12:00:14.774+0000] {processor.py:650} INFO - DAG(s) dict_keys(['example_sla_dag']) retrieved from /home/airflow/.local/lib/python3.7/site-packages/airflow/example_dags/example_sla_dag.py
[2022-09-02T12:00:14.791+0000] {logging_mixin.py:115} INFO - [2022-09-02T12:00:14.791+0000] {dag.py:2429} INFO - Sync 1 DAGs
[2022-09-02T12:00:14.806+0000] {logging_mixin.py:115} INFO - [2022-09-02T12:00:14.806+0000] {dag.py:2981} INFO - Setting next_dagrun for example_sla_dag to 2022-09-02T11:58:00+00:00, run_after=2022-09-02T12:00:00+00:00
[2022-09-02T12:00:14.814+0000] {processor.py:161} INFO - Processing /home/airflow/.local/lib/python3.7/site-packages/airflow/example_dags/example_sla_dag.py took 0.055 seconds
[2022-09-02T12:00:45.609+0000] {processor.py:153} INFO - Started process (PID=5348) to work on /home/airflow/.local/lib/python3.7/site-packages/airflow/example_dags/example_sla_dag.py
[2022-09-02T12:00:45.610+0000] {processor.py:640} INFO - Processing file /home/airflow/.local/lib/python3.7/site-packages/airflow/example_dags/example_sla_dag.py for tasks to queue
[2022-09-02T12:00:45.612+0000] {logging_mixin.py:115} INFO - [2022-09-02T12:00:45.611+0000] {dagbag.py:508} INFO - Filling up the DagBag from /home/airflow/.local/lib/python3.7/site-packages/airflow/example_dags/example_sla_dag.py
[2022-09-02T12:00:45.622+0000] {processor.py:650} INFO - DAG(s) dict_keys(['example_sla_dag']) retrieved from /home/airflow/.local/lib/python3.7/site-packages/airflow/example_dags/example_sla_dag.py
[2022-09-02T12:00:45.639+0000] {logging_mixin.py:115} INFO - [2022-09-02T12:00:45.639+0000] {dag.py:2429} INFO - Sync 1 DAGs
[2022-09-02T12:00:45.655+0000] {logging_mixin.py:115} INFO - [2022-09-02T12:00:45.655+0000] {dag.py:2981} INFO - Setting next_dagrun for example_sla_dag to 2022-09-02T11:58:00+00:00, run_after=2022-09-02T12:00:00+00:00
[2022-09-02T12:00:45.663+0000] {processor.py:161} INFO - Processing /home/airflow/.local/lib/python3.7/site-packages/airflow/example_dags/example_sla_dag.py took 0.056 seconds
[2022-09-02T12:01:16.231+0000] {processor.py:153} INFO - Started process (PID=5545) to work on /home/airflow/.local/lib/python3.7/site-packages/airflow/example_dags/example_sla_dag.py
[2022-09-02T12:01:16.233+0000] {processor.py:640} INFO - Processing file /home/airflow/.local/lib/python3.7/site-packages/airflow/example_dags/example_sla_dag.py for tasks to queue
[2022-09-02T12:01:16.234+0000] {logging_mixin.py:115} INFO - [2022-09-02T12:01:16.234+0000] {dagbag.py:508} INFO - Filling up the DagBag from /home/airflow/.local/lib/python3.7/site-packages/airflow/example_dags/example_sla_dag.py
[2022-09-02T12:01:16.245+0000] {processor.py:650} INFO - DAG(s) dict_keys(['example_sla_dag']) retrieved from /home/airflow/.local/lib/python3.7/site-packages/airflow/example_dags/example_sla_dag.py
[2022-09-02T12:01:16.265+0000] {logging_mixin.py:115} INFO - [2022-09-02T12:01:16.265+0000] {dag.py:2429} INFO - Sync 1 DAGs
[2022-09-02T12:01:16.283+0000] {logging_mixin.py:115} INFO - [2022-09-02T12:01:16.283+0000] {dag.py:2981} INFO - Setting next_dagrun for example_sla_dag to 2022-09-02T11:58:00+00:00, run_after=2022-09-02T12:00:00+00:00
[2022-09-02T12:01:16.291+0000] {processor.py:161} INFO - Processing /home/airflow/.local/lib/python3.7/site-packages/airflow/example_dags/example_sla_dag.py took 0.063 seconds
[2022-09-02T12:01:46.996+0000] {processor.py:153} INFO - Started process (PID=5742) to work on /home/airflow/.local/lib/python3.7/site-packages/airflow/example_dags/example_sla_dag.py
[2022-09-02T12:01:46.998+0000] {processor.py:640} INFO - Processing file /home/airflow/.local/lib/python3.7/site-packages/airflow/example_dags/example_sla_dag.py for tasks to queue
[2022-09-02T12:01:46.999+0000] {logging_mixin.py:115} INFO - [2022-09-02T12:01:46.999+0000] {dagbag.py:508} INFO - Filling up the DagBag from /home/airflow/.local/lib/python3.7/site-packages/airflow/example_dags/example_sla_dag.py
[2022-09-02T12:01:47.010+0000] {processor.py:650} INFO - DAG(s) dict_keys(['example_sla_dag']) retrieved from /home/airflow/.local/lib/python3.7/site-packages/airflow/example_dags/example_sla_dag.py
[2022-09-02T12:01:47.027+0000] {logging_mixin.py:115} INFO - [2022-09-02T12:01:47.027+0000] {dag.py:2429} INFO - Sync 1 DAGs
[2022-09-02T12:01:47.044+0000] {logging_mixin.py:115} INFO - [2022-09-02T12:01:47.044+0000] {dag.py:2981} INFO - Setting next_dagrun for example_sla_dag to 2022-09-02T11:58:00+00:00, run_after=2022-09-02T12:00:00+00:00
[2022-09-02T12:01:47.052+0000] {processor.py:161} INFO - Processing /home/airflow/.local/lib/python3.7/site-packages/airflow/example_dags/example_sla_dag.py took 0.058 seconds
[2022-09-02T12:02:17.827+0000] {processor.py:153} INFO - Started process (PID=5957) to work on /home/airflow/.local/lib/python3.7/site-packages/airflow/example_dags/example_sla_dag.py
[2022-09-02T12:02:17.829+0000] {processor.py:640} INFO - Processing file /home/airflow/.local/lib/python3.7/site-packages/airflow/example_dags/example_sla_dag.py for tasks to queue
[2022-09-02T12:02:17.830+0000] {logging_mixin.py:115} INFO - [2022-09-02T12:02:17.830+0000] {dagbag.py:508} INFO - Filling up the DagBag from /home/airflow/.local/lib/python3.7/site-packages/airflow/example_dags/example_sla_dag.py
[2022-09-02T12:02:17.841+0000] {processor.py:650} INFO - DAG(s) dict_keys(['example_sla_dag']) retrieved from /home/airflow/.local/lib/python3.7/site-packages/airflow/example_dags/example_sla_dag.py
[2022-09-02T12:02:17.858+0000] {logging_mixin.py:115} INFO - [2022-09-02T12:02:17.858+0000] {dag.py:2429} INFO - Sync 1 DAGs
[2022-09-02T12:02:17.874+0000] {logging_mixin.py:115} INFO - [2022-09-02T12:02:17.874+0000] {dag.py:2981} INFO - Setting next_dagrun for example_sla_dag to 2022-09-02T12:00:00+00:00, run_after=2022-09-02T12:02:00+00:00
[2022-09-02T12:02:17.882+0000] {processor.py:161} INFO - Processing /home/airflow/.local/lib/python3.7/site-packages/airflow/example_dags/example_sla_dag.py took 0.057 seconds
[2022-09-02T12:02:48.754+0000] {processor.py:153} INFO - Started process (PID=6154) to work on /home/airflow/.local/lib/python3.7/site-packages/airflow/example_dags/example_sla_dag.py
[2022-09-02T12:02:48.756+0000] {processor.py:640} INFO - Processing file /home/airflow/.local/lib/python3.7/site-packages/airflow/example_dags/example_sla_dag.py for tasks to queue
[2022-09-02T12:02:48.757+0000] {logging_mixin.py:115} INFO - [2022-09-02T12:02:48.757+0000] {dagbag.py:508} INFO - Filling up the DagBag from /home/airflow/.local/lib/python3.7/site-packages/airflow/example_dags/example_sla_dag.py
[2022-09-02T12:02:48.768+0000] {processor.py:650} INFO - DAG(s) dict_keys(['example_sla_dag']) retrieved from /home/airflow/.local/lib/python3.7/site-packages/airflow/example_dags/example_sla_dag.py
[2022-09-02T12:02:48.784+0000] {logging_mixin.py:115} INFO - [2022-09-02T12:02:48.784+0000] {dag.py:2429} INFO - Sync 1 DAGs
[2022-09-02T12:02:48.803+0000] {logging_mixin.py:115} INFO - [2022-09-02T12:02:48.803+0000] {dag.py:2981} INFO - Setting next_dagrun for example_sla_dag to 2022-09-02T12:00:00+00:00, run_after=2022-09-02T12:02:00+00:00
[2022-09-02T12:02:48.811+0000] {processor.py:161} INFO - Processing /home/airflow/.local/lib/python3.7/site-packages/airflow/example_dags/example_sla_dag.py took 0.060 seconds
[2022-09-02T12:03:19.522+0000] {processor.py:153} INFO - Started process (PID=6342) to work on /home/airflow/.local/lib/python3.7/site-packages/airflow/example_dags/example_sla_dag.py
[2022-09-02T12:03:19.523+0000] {processor.py:640} INFO - Processing file /home/airflow/.local/lib/python3.7/site-packages/airflow/example_dags/example_sla_dag.py for tasks to queue
[2022-09-02T12:03:19.524+0000] {logging_mixin.py:115} INFO - [2022-09-02T12:03:19.524+0000] {dagbag.py:508} INFO - Filling up the DagBag from /home/airflow/.local/lib/python3.7/site-packages/airflow/example_dags/example_sla_dag.py
[2022-09-02T12:03:19.535+0000] {processor.py:650} INFO - DAG(s) dict_keys(['example_sla_dag']) retrieved from /home/airflow/.local/lib/python3.7/site-packages/airflow/example_dags/example_sla_dag.py
[2022-09-02T12:03:19.551+0000] {logging_mixin.py:115} INFO - [2022-09-02T12:03:19.551+0000] {dag.py:2429} INFO - Sync 1 DAGs
[2022-09-02T12:03:19.568+0000] {logging_mixin.py:115} INFO - [2022-09-02T12:03:19.568+0000] {dag.py:2981} INFO - Setting next_dagrun for example_sla_dag to 2022-09-02T12:00:00+00:00, run_after=2022-09-02T12:02:00+00:00
[2022-09-02T12:03:19.576+0000] {processor.py:161} INFO - Processing /home/airflow/.local/lib/python3.7/site-packages/airflow/example_dags/example_sla_dag.py took 0.056 seconds
[2022-09-02T12:03:50.306+0000] {processor.py:153} INFO - Started process (PID=6538) to work on /home/airflow/.local/lib/python3.7/site-packages/airflow/example_dags/example_sla_dag.py
[2022-09-02T12:03:50.309+0000] {processor.py:640} INFO - Processing file /home/airflow/.local/lib/python3.7/site-packages/airflow/example_dags/example_sla_dag.py for tasks to queue
[2022-09-02T12:03:50.310+0000] {logging_mixin.py:115} INFO - [2022-09-02T12:03:50.310+0000] {dagbag.py:508} INFO - Filling up the DagBag from /home/airflow/.local/lib/python3.7/site-packages/airflow/example_dags/example_sla_dag.py
[2022-09-02T12:03:50.322+0000] {processor.py:650} INFO - DAG(s) dict_keys(['example_sla_dag']) retrieved from /home/airflow/.local/lib/python3.7/site-packages/airflow/example_dags/example_sla_dag.py
[2022-09-02T12:03:50.338+0000] {logging_mixin.py:115} INFO - [2022-09-02T12:03:50.337+0000] {dag.py:2429} INFO - Sync 1 DAGs
[2022-09-02T12:03:50.354+0000] {logging_mixin.py:115} INFO - [2022-09-02T12:03:50.353+0000] {dag.py:2981} INFO - Setting next_dagrun for example_sla_dag to 2022-09-02T12:00:00+00:00, run_after=2022-09-02T12:02:00+00:00
[2022-09-02T12:03:50.360+0000] {processor.py:161} INFO - Processing /home/airflow/.local/lib/python3.7/site-packages/airflow/example_dags/example_sla_dag.py took 0.056 seconds
[2022-09-02T12:04:21.029+0000] {processor.py:153} INFO - Started process (PID=6736) to work on /home/airflow/.local/lib/python3.7/site-packages/airflow/example_dags/example_sla_dag.py
[2022-09-02T12:04:21.032+0000] {processor.py:640} INFO - Processing file /home/airflow/.local/lib/python3.7/site-packages/airflow/example_dags/example_sla_dag.py for tasks to queue
[2022-09-02T12:04:21.034+0000] {logging_mixin.py:115} INFO - [2022-09-02T12:04:21.034+0000] {dagbag.py:508} INFO - Filling up the DagBag from /home/airflow/.local/lib/python3.7/site-packages/airflow/example_dags/example_sla_dag.py
[2022-09-02T12:04:21.049+0000] {processor.py:650} INFO - DAG(s) dict_keys(['example_sla_dag']) retrieved from /home/airflow/.local/lib/python3.7/site-packages/airflow/example_dags/example_sla_dag.py
[2022-09-02T12:04:21.071+0000] {logging_mixin.py:115} INFO - [2022-09-02T12:04:21.071+0000] {dag.py:2429} INFO - Sync 1 DAGs
[2022-09-02T12:04:21.089+0000] {logging_mixin.py:115} INFO - [2022-09-02T12:04:21.089+0000] {dag.py:2981} INFO - Setting next_dagrun for example_sla_dag to 2022-09-02T12:02:00+00:00, run_after=2022-09-02T12:04:00+00:00
[2022-09-02T12:04:21.099+0000] {processor.py:161} INFO - Processing /home/airflow/.local/lib/python3.7/site-packages/airflow/example_dags/example_sla_dag.py took 0.072 seconds
[2022-09-02T12:04:51.913+0000] {processor.py:153} INFO - Started process (PID=6933) to work on /home/airflow/.local/lib/python3.7/site-packages/airflow/example_dags/example_sla_dag.py
[2022-09-02T12:04:51.915+0000] {processor.py:640} INFO - Processing file /home/airflow/.local/lib/python3.7/site-packages/airflow/example_dags/example_sla_dag.py for tasks to queue
[2022-09-02T12:04:51.916+0000] {logging_mixin.py:115} INFO - [2022-09-02T12:04:51.916+0000] {dagbag.py:508} INFO - Filling up the DagBag from /home/airflow/.local/lib/python3.7/site-packages/airflow/example_dags/example_sla_dag.py
[2022-09-02T12:04:51.927+0000] {processor.py:650} INFO - DAG(s) dict_keys(['example_sla_dag']) retrieved from /home/airflow/.local/lib/python3.7/site-packages/airflow/example_dags/example_sla_dag.py
[2022-09-02T12:04:51.946+0000] {logging_mixin.py:115} INFO - [2022-09-02T12:04:51.945+0000] {dag.py:2429} INFO - Sync 1 DAGs
[2022-09-02T12:04:51.961+0000] {logging_mixin.py:115} INFO - [2022-09-02T12:04:51.961+0000] {dag.py:2981} INFO - Setting next_dagrun for example_sla_dag to 2022-09-02T12:02:00+00:00, run_after=2022-09-02T12:04:00+00:00
[2022-09-02T12:04:51.968+0000] {processor.py:161} INFO - Processing /home/airflow/.local/lib/python3.7/site-packages/airflow/example_dags/example_sla_dag.py took 0.057 seconds
[2022-09-02T12:05:22.719+0000] {processor.py:153} INFO - Started process (PID=7131) to work on /home/airflow/.local/lib/python3.7/site-packages/airflow/example_dags/example_sla_dag.py
[2022-09-02T12:05:22.721+0000] {processor.py:640} INFO - Processing file /home/airflow/.local/lib/python3.7/site-packages/airflow/example_dags/example_sla_dag.py for tasks to queue
[2022-09-02T12:05:22.722+0000] {logging_mixin.py:115} INFO - [2022-09-02T12:05:22.722+0000] {dagbag.py:508} INFO - Filling up the DagBag from /home/airflow/.local/lib/python3.7/site-packages/airflow/example_dags/example_sla_dag.py
[2022-09-02T12:05:22.733+0000] {processor.py:650} INFO - DAG(s) dict_keys(['example_sla_dag']) retrieved from /home/airflow/.local/lib/python3.7/site-packages/airflow/example_dags/example_sla_dag.py
[2022-09-02T12:05:22.750+0000] {logging_mixin.py:115} INFO - [2022-09-02T12:05:22.750+0000] {dag.py:2429} INFO - Sync 1 DAGs
[2022-09-02T12:05:22.767+0000] {logging_mixin.py:115} INFO - [2022-09-02T12:05:22.767+0000] {dag.py:2981} INFO - Setting next_dagrun for example_sla_dag to 2022-09-02T12:02:00+00:00, run_after=2022-09-02T12:04:00+00:00
[2022-09-02T12:05:22.774+0000] {processor.py:161} INFO - Processing /home/airflow/.local/lib/python3.7/site-packages/airflow/example_dags/example_sla_dag.py took 0.058 seconds
[2022-09-02T12:05:53.501+0000] {processor.py:153} INFO - Started process (PID=7328) to work on /home/airflow/.local/lib/python3.7/site-packages/airflow/example_dags/example_sla_dag.py
[2022-09-02T12:05:53.514+0000] {processor.py:640} INFO - Processing file /home/airflow/.local/lib/python3.7/site-packages/airflow/example_dags/example_sla_dag.py for tasks to queue
[2022-09-02T12:05:53.516+0000] {logging_mixin.py:115} INFO - [2022-09-02T12:05:53.516+0000] {dagbag.py:508} INFO - Filling up the DagBag from /home/airflow/.local/lib/python3.7/site-packages/airflow/example_dags/example_sla_dag.py
[2022-09-02T12:05:53.528+0000] {processor.py:650} INFO - DAG(s) dict_keys(['example_sla_dag']) retrieved from /home/airflow/.local/lib/python3.7/site-packages/airflow/example_dags/example_sla_dag.py
[2022-09-02T12:05:53.549+0000] {logging_mixin.py:115} INFO - [2022-09-02T12:05:53.549+0000] {dag.py:2429} INFO - Sync 1 DAGs
[2022-09-02T12:05:53.569+0000] {logging_mixin.py:115} INFO - [2022-09-02T12:05:53.568+0000] {dag.py:2981} INFO - Setting next_dagrun for example_sla_dag to 2022-09-02T12:02:00+00:00, run_after=2022-09-02T12:04:00+00:00
[2022-09-02T12:05:53.580+0000] {processor.py:161} INFO - Processing /home/airflow/.local/lib/python3.7/site-packages/airflow/example_dags/example_sla_dag.py took 0.081 seconds
[2022-09-02T12:06:24.389+0000] {processor.py:153} INFO - Started process (PID=7517) to work on /home/airflow/.local/lib/python3.7/site-packages/airflow/example_dags/example_sla_dag.py
[2022-09-02T12:06:24.390+0000] {processor.py:640} INFO - Processing file /home/airflow/.local/lib/python3.7/site-packages/airflow/example_dags/example_sla_dag.py for tasks to queue
[2022-09-02T12:06:24.391+0000] {logging_mixin.py:115} INFO - [2022-09-02T12:06:24.391+0000] {dagbag.py:508} INFO - Filling up the DagBag from /home/airflow/.local/lib/python3.7/site-packages/airflow/example_dags/example_sla_dag.py
[2022-09-02T12:06:24.402+0000] {processor.py:650} INFO - DAG(s) dict_keys(['example_sla_dag']) retrieved from /home/airflow/.local/lib/python3.7/site-packages/airflow/example_dags/example_sla_dag.py
[2022-09-02T12:06:24.419+0000] {logging_mixin.py:115} INFO - [2022-09-02T12:06:24.419+0000] {dag.py:2429} INFO - Sync 1 DAGs
[2022-09-02T12:06:24.436+0000] {logging_mixin.py:115} INFO - [2022-09-02T12:06:24.435+0000] {dag.py:2981} INFO - Setting next_dagrun for example_sla_dag to 2022-09-02T12:04:00+00:00, run_after=2022-09-02T12:06:00+00:00
[2022-09-02T12:06:24.444+0000] {processor.py:161} INFO - Processing /home/airflow/.local/lib/python3.7/site-packages/airflow/example_dags/example_sla_dag.py took 0.058 seconds
[2022-09-02T12:06:55.241+0000] {processor.py:153} INFO - Started process (PID=7713) to work on /home/airflow/.local/lib/python3.7/site-packages/airflow/example_dags/example_sla_dag.py
[2022-09-02T12:06:55.244+0000] {processor.py:640} INFO - Processing file /home/airflow/.local/lib/python3.7/site-packages/airflow/example_dags/example_sla_dag.py for tasks to queue
[2022-09-02T12:06:55.245+0000] {logging_mixin.py:115} INFO - [2022-09-02T12:06:55.245+0000] {dagbag.py:508} INFO - Filling up the DagBag from /home/airflow/.local/lib/python3.7/site-packages/airflow/example_dags/example_sla_dag.py
[2022-09-02T12:06:55.258+0000] {processor.py:650} INFO - DAG(s) dict_keys(['example_sla_dag']) retrieved from /home/airflow/.local/lib/python3.7/site-packages/airflow/example_dags/example_sla_dag.py
[2022-09-02T12:06:55.283+0000] {logging_mixin.py:115} INFO - [2022-09-02T12:06:55.282+0000] {dag.py:2429} INFO - Sync 1 DAGs
[2022-09-02T12:06:55.303+0000] {logging_mixin.py:115} INFO - [2022-09-02T12:06:55.303+0000] {dag.py:2981} INFO - Setting next_dagrun for example_sla_dag to 2022-09-02T12:04:00+00:00, run_after=2022-09-02T12:06:00+00:00
[2022-09-02T12:06:55.313+0000] {processor.py:161} INFO - Processing /home/airflow/.local/lib/python3.7/site-packages/airflow/example_dags/example_sla_dag.py took 0.074 seconds
[2022-09-02T12:07:26.121+0000] {processor.py:153} INFO - Started process (PID=7910) to work on /home/airflow/.local/lib/python3.7/site-packages/airflow/example_dags/example_sla_dag.py
[2022-09-02T12:07:26.123+0000] {processor.py:640} INFO - Processing file /home/airflow/.local/lib/python3.7/site-packages/airflow/example_dags/example_sla_dag.py for tasks to queue
[2022-09-02T12:07:26.124+0000] {logging_mixin.py:115} INFO - [2022-09-02T12:07:26.124+0000] {dagbag.py:508} INFO - Filling up the DagBag from /home/airflow/.local/lib/python3.7/site-packages/airflow/example_dags/example_sla_dag.py
[2022-09-02T12:07:26.136+0000] {processor.py:650} INFO - DAG(s) dict_keys(['example_sla_dag']) retrieved from /home/airflow/.local/lib/python3.7/site-packages/airflow/example_dags/example_sla_dag.py
[2022-09-02T12:07:26.157+0000] {logging_mixin.py:115} INFO - [2022-09-02T12:07:26.157+0000] {dag.py:2429} INFO - Sync 1 DAGs
[2022-09-02T12:07:26.176+0000] {logging_mixin.py:115} INFO - [2022-09-02T12:07:26.176+0000] {dag.py:2981} INFO - Setting next_dagrun for example_sla_dag to 2022-09-02T12:04:00+00:00, run_after=2022-09-02T12:06:00+00:00
[2022-09-02T12:07:26.185+0000] {processor.py:161} INFO - Processing /home/airflow/.local/lib/python3.7/site-packages/airflow/example_dags/example_sla_dag.py took 0.067 seconds
[2022-09-02T12:07:57.075+0000] {processor.py:153} INFO - Started process (PID=8107) to work on /home/airflow/.local/lib/python3.7/site-packages/airflow/example_dags/example_sla_dag.py
[2022-09-02T12:07:57.078+0000] {processor.py:640} INFO - Processing file /home/airflow/.local/lib/python3.7/site-packages/airflow/example_dags/example_sla_dag.py for tasks to queue
[2022-09-02T12:07:57.079+0000] {logging_mixin.py:115} INFO - [2022-09-02T12:07:57.079+0000] {dagbag.py:508} INFO - Filling up the DagBag from /home/airflow/.local/lib/python3.7/site-packages/airflow/example_dags/example_sla_dag.py
[2022-09-02T12:07:57.091+0000] {processor.py:650} INFO - DAG(s) dict_keys(['example_sla_dag']) retrieved from /home/airflow/.local/lib/python3.7/site-packages/airflow/example_dags/example_sla_dag.py
[2022-09-02T12:07:57.110+0000] {logging_mixin.py:115} INFO - [2022-09-02T12:07:57.110+0000] {dag.py:2429} INFO - Sync 1 DAGs
[2022-09-02T12:07:57.128+0000] {logging_mixin.py:115} INFO - [2022-09-02T12:07:57.128+0000] {dag.py:2981} INFO - Setting next_dagrun for example_sla_dag to 2022-09-02T12:04:00+00:00, run_after=2022-09-02T12:06:00+00:00
[2022-09-02T12:07:57.137+0000] {processor.py:161} INFO - Processing /home/airflow/.local/lib/python3.7/site-packages/airflow/example_dags/example_sla_dag.py took 0.064 seconds
