[2022-09-02T11:47:23.198+0000] {processor.py:153} INFO - Started process (PID=166) to work on /home/airflow/.local/lib/python3.7/site-packages/airflow/example_dags/example_task_group.py
[2022-09-02T11:47:23.200+0000] {processor.py:640} INFO - Processing file /home/airflow/.local/lib/python3.7/site-packages/airflow/example_dags/example_task_group.py for tasks to queue
[2022-09-02T11:47:23.203+0000] {logging_mixin.py:115} INFO - [2022-09-02T11:47:23.202+0000] {dagbag.py:508} INFO - Filling up the DagBag from /home/airflow/.local/lib/python3.7/site-packages/airflow/example_dags/example_task_group.py
[2022-09-02T11:47:23.215+0000] {processor.py:650} INFO - DAG(s) dict_keys(['example_task_group']) retrieved from /home/airflow/.local/lib/python3.7/site-packages/airflow/example_dags/example_task_group.py
[2022-09-02T11:47:23.307+0000] {logging_mixin.py:115} INFO - [2022-09-02T11:47:23.307+0000] {manager.py:508} INFO - Created Permission View: can edit on DAG:example_task_group
[2022-09-02T11:47:23.319+0000] {logging_mixin.py:115} INFO - [2022-09-02T11:47:23.319+0000] {manager.py:508} INFO - Created Permission View: can delete on DAG:example_task_group
[2022-09-02T11:47:23.326+0000] {logging_mixin.py:115} INFO - [2022-09-02T11:47:23.326+0000] {manager.py:508} INFO - Created Permission View: can read on DAG:example_task_group
[2022-09-02T11:47:23.327+0000] {logging_mixin.py:115} INFO - [2022-09-02T11:47:23.327+0000] {dag.py:2429} INFO - Sync 1 DAGs
[2022-09-02T11:47:23.334+0000] {logging_mixin.py:115} INFO - [2022-09-02T11:47:23.334+0000] {dag.py:2448} INFO - Creating ORM DAG for example_task_group
[2022-09-02T11:47:23.345+0000] {logging_mixin.py:115} INFO - [2022-09-02T11:47:23.344+0000] {dag.py:2981} INFO - Setting next_dagrun for example_task_group to 2022-09-01T11:47:23.342580+00:00, run_after=2022-09-02T11:47:23.342580+00:00
[2022-09-02T11:47:23.356+0000] {processor.py:161} INFO - Processing /home/airflow/.local/lib/python3.7/site-packages/airflow/example_dags/example_task_group.py took 0.165 seconds
[2022-09-02T11:47:53.460+0000] {processor.py:153} INFO - Started process (PID=364) to work on /home/airflow/.local/lib/python3.7/site-packages/airflow/example_dags/example_task_group.py
[2022-09-02T11:47:53.462+0000] {processor.py:640} INFO - Processing file /home/airflow/.local/lib/python3.7/site-packages/airflow/example_dags/example_task_group.py for tasks to queue
[2022-09-02T11:47:53.464+0000] {logging_mixin.py:115} INFO - [2022-09-02T11:47:53.464+0000] {dagbag.py:508} INFO - Filling up the DagBag from /home/airflow/.local/lib/python3.7/site-packages/airflow/example_dags/example_task_group.py
[2022-09-02T11:47:53.474+0000] {processor.py:650} INFO - DAG(s) dict_keys(['example_task_group']) retrieved from /home/airflow/.local/lib/python3.7/site-packages/airflow/example_dags/example_task_group.py
[2022-09-02T11:47:53.507+0000] {logging_mixin.py:115} INFO - [2022-09-02T11:47:53.507+0000] {dag.py:2429} INFO - Sync 1 DAGs
[2022-09-02T11:47:53.522+0000] {logging_mixin.py:115} INFO - [2022-09-02T11:47:53.522+0000] {dag.py:2981} INFO - Setting next_dagrun for example_task_group to 2022-09-01T11:47:53.522562+00:00, run_after=2022-09-02T11:47:53.522562+00:00
[2022-09-02T11:47:53.533+0000] {processor.py:161} INFO - Processing /home/airflow/.local/lib/python3.7/site-packages/airflow/example_dags/example_task_group.py took 0.077 seconds
[2022-09-02T11:48:23.584+0000] {processor.py:153} INFO - Started process (PID=562) to work on /home/airflow/.local/lib/python3.7/site-packages/airflow/example_dags/example_task_group.py
[2022-09-02T11:48:23.586+0000] {processor.py:640} INFO - Processing file /home/airflow/.local/lib/python3.7/site-packages/airflow/example_dags/example_task_group.py for tasks to queue
[2022-09-02T11:48:23.588+0000] {logging_mixin.py:115} INFO - [2022-09-02T11:48:23.588+0000] {dagbag.py:508} INFO - Filling up the DagBag from /home/airflow/.local/lib/python3.7/site-packages/airflow/example_dags/example_task_group.py
[2022-09-02T11:48:23.594+0000] {processor.py:650} INFO - DAG(s) dict_keys(['example_task_group']) retrieved from /home/airflow/.local/lib/python3.7/site-packages/airflow/example_dags/example_task_group.py
[2022-09-02T11:48:23.614+0000] {logging_mixin.py:115} INFO - [2022-09-02T11:48:23.614+0000] {dag.py:2429} INFO - Sync 1 DAGs
[2022-09-02T11:48:23.630+0000] {logging_mixin.py:115} INFO - [2022-09-02T11:48:23.630+0000] {dag.py:2981} INFO - Setting next_dagrun for example_task_group to 2022-09-01T11:48:23.629888+00:00, run_after=2022-09-02T11:48:23.629888+00:00
[2022-09-02T11:48:23.639+0000] {processor.py:161} INFO - Processing /home/airflow/.local/lib/python3.7/site-packages/airflow/example_dags/example_task_group.py took 0.058 seconds
[2022-09-02T11:48:53.682+0000] {processor.py:153} INFO - Started process (PID=750) to work on /home/airflow/.local/lib/python3.7/site-packages/airflow/example_dags/example_task_group.py
[2022-09-02T11:48:53.684+0000] {processor.py:640} INFO - Processing file /home/airflow/.local/lib/python3.7/site-packages/airflow/example_dags/example_task_group.py for tasks to queue
[2022-09-02T11:48:53.686+0000] {logging_mixin.py:115} INFO - [2022-09-02T11:48:53.686+0000] {dagbag.py:508} INFO - Filling up the DagBag from /home/airflow/.local/lib/python3.7/site-packages/airflow/example_dags/example_task_group.py
[2022-09-02T11:48:53.692+0000] {processor.py:650} INFO - DAG(s) dict_keys(['example_task_group']) retrieved from /home/airflow/.local/lib/python3.7/site-packages/airflow/example_dags/example_task_group.py
[2022-09-02T11:48:53.712+0000] {logging_mixin.py:115} INFO - [2022-09-02T11:48:53.712+0000] {dag.py:2429} INFO - Sync 1 DAGs
[2022-09-02T11:48:53.727+0000] {logging_mixin.py:115} INFO - [2022-09-02T11:48:53.727+0000] {dag.py:2981} INFO - Setting next_dagrun for example_task_group to 2022-09-01T11:48:53.727114+00:00, run_after=2022-09-02T11:48:53.727114+00:00
[2022-09-02T11:48:53.736+0000] {processor.py:161} INFO - Processing /home/airflow/.local/lib/python3.7/site-packages/airflow/example_dags/example_task_group.py took 0.058 seconds
[2022-09-02T11:49:24.597+0000] {processor.py:153} INFO - Started process (PID=946) to work on /home/airflow/.local/lib/python3.7/site-packages/airflow/example_dags/example_task_group.py
[2022-09-02T11:49:24.599+0000] {processor.py:640} INFO - Processing file /home/airflow/.local/lib/python3.7/site-packages/airflow/example_dags/example_task_group.py for tasks to queue
[2022-09-02T11:49:24.601+0000] {logging_mixin.py:115} INFO - [2022-09-02T11:49:24.601+0000] {dagbag.py:508} INFO - Filling up the DagBag from /home/airflow/.local/lib/python3.7/site-packages/airflow/example_dags/example_task_group.py
[2022-09-02T11:49:24.610+0000] {processor.py:650} INFO - DAG(s) dict_keys(['example_task_group']) retrieved from /home/airflow/.local/lib/python3.7/site-packages/airflow/example_dags/example_task_group.py
[2022-09-02T11:49:24.634+0000] {logging_mixin.py:115} INFO - [2022-09-02T11:49:24.634+0000] {dag.py:2429} INFO - Sync 1 DAGs
[2022-09-02T11:49:24.650+0000] {logging_mixin.py:115} INFO - [2022-09-02T11:49:24.650+0000] {dag.py:2981} INFO - Setting next_dagrun for example_task_group to 2022-09-01T11:49:24.649841+00:00, run_after=2022-09-02T11:49:24.649841+00:00
[2022-09-02T11:49:24.660+0000] {processor.py:161} INFO - Processing /home/airflow/.local/lib/python3.7/site-packages/airflow/example_dags/example_task_group.py took 0.067 seconds
[2022-09-02T11:49:55.514+0000] {processor.py:153} INFO - Started process (PID=1143) to work on /home/airflow/.local/lib/python3.7/site-packages/airflow/example_dags/example_task_group.py
[2022-09-02T11:49:55.516+0000] {processor.py:640} INFO - Processing file /home/airflow/.local/lib/python3.7/site-packages/airflow/example_dags/example_task_group.py for tasks to queue
[2022-09-02T11:49:55.518+0000] {logging_mixin.py:115} INFO - [2022-09-02T11:49:55.518+0000] {dagbag.py:508} INFO - Filling up the DagBag from /home/airflow/.local/lib/python3.7/site-packages/airflow/example_dags/example_task_group.py
[2022-09-02T11:49:55.525+0000] {processor.py:650} INFO - DAG(s) dict_keys(['example_task_group']) retrieved from /home/airflow/.local/lib/python3.7/site-packages/airflow/example_dags/example_task_group.py
[2022-09-02T11:49:55.548+0000] {logging_mixin.py:115} INFO - [2022-09-02T11:49:55.548+0000] {dag.py:2429} INFO - Sync 1 DAGs
[2022-09-02T11:49:55.562+0000] {logging_mixin.py:115} INFO - [2022-09-02T11:49:55.562+0000] {dag.py:2981} INFO - Setting next_dagrun for example_task_group to 2022-09-01T11:49:55.561908+00:00, run_after=2022-09-02T11:49:55.561908+00:00
[2022-09-02T11:49:55.571+0000] {processor.py:161} INFO - Processing /home/airflow/.local/lib/python3.7/site-packages/airflow/example_dags/example_task_group.py took 0.061 seconds
[2022-09-02T11:50:26.281+0000] {processor.py:153} INFO - Started process (PID=1340) to work on /home/airflow/.local/lib/python3.7/site-packages/airflow/example_dags/example_task_group.py
[2022-09-02T11:50:26.283+0000] {processor.py:640} INFO - Processing file /home/airflow/.local/lib/python3.7/site-packages/airflow/example_dags/example_task_group.py for tasks to queue
[2022-09-02T11:50:26.285+0000] {logging_mixin.py:115} INFO - [2022-09-02T11:50:26.285+0000] {dagbag.py:508} INFO - Filling up the DagBag from /home/airflow/.local/lib/python3.7/site-packages/airflow/example_dags/example_task_group.py
[2022-09-02T11:50:26.293+0000] {processor.py:650} INFO - DAG(s) dict_keys(['example_task_group']) retrieved from /home/airflow/.local/lib/python3.7/site-packages/airflow/example_dags/example_task_group.py
[2022-09-02T11:50:26.311+0000] {logging_mixin.py:115} INFO - [2022-09-02T11:50:26.311+0000] {dag.py:2429} INFO - Sync 1 DAGs
[2022-09-02T11:50:26.324+0000] {logging_mixin.py:115} INFO - [2022-09-02T11:50:26.324+0000] {dag.py:2981} INFO - Setting next_dagrun for example_task_group to 2022-09-01T11:50:26.324233+00:00, run_after=2022-09-02T11:50:26.324233+00:00
[2022-09-02T11:50:26.334+0000] {processor.py:161} INFO - Processing /home/airflow/.local/lib/python3.7/site-packages/airflow/example_dags/example_task_group.py took 0.059 seconds
[2022-09-02T11:50:57.073+0000] {processor.py:153} INFO - Started process (PID=1539) to work on /home/airflow/.local/lib/python3.7/site-packages/airflow/example_dags/example_task_group.py
[2022-09-02T11:50:57.076+0000] {processor.py:640} INFO - Processing file /home/airflow/.local/lib/python3.7/site-packages/airflow/example_dags/example_task_group.py for tasks to queue
[2022-09-02T11:50:57.078+0000] {logging_mixin.py:115} INFO - [2022-09-02T11:50:57.078+0000] {dagbag.py:508} INFO - Filling up the DagBag from /home/airflow/.local/lib/python3.7/site-packages/airflow/example_dags/example_task_group.py
[2022-09-02T11:50:57.086+0000] {processor.py:650} INFO - DAG(s) dict_keys(['example_task_group']) retrieved from /home/airflow/.local/lib/python3.7/site-packages/airflow/example_dags/example_task_group.py
[2022-09-02T11:50:57.105+0000] {logging_mixin.py:115} INFO - [2022-09-02T11:50:57.105+0000] {dag.py:2429} INFO - Sync 1 DAGs
[2022-09-02T11:50:57.118+0000] {logging_mixin.py:115} INFO - [2022-09-02T11:50:57.118+0000] {dag.py:2981} INFO - Setting next_dagrun for example_task_group to 2022-09-01T11:50:57.118530+00:00, run_after=2022-09-02T11:50:57.118530+00:00
[2022-09-02T11:50:57.127+0000] {processor.py:161} INFO - Processing /home/airflow/.local/lib/python3.7/site-packages/airflow/example_dags/example_task_group.py took 0.058 seconds
[2022-09-02T11:51:27.802+0000] {processor.py:153} INFO - Started process (PID=1737) to work on /home/airflow/.local/lib/python3.7/site-packages/airflow/example_dags/example_task_group.py
[2022-09-02T11:51:27.805+0000] {processor.py:640} INFO - Processing file /home/airflow/.local/lib/python3.7/site-packages/airflow/example_dags/example_task_group.py for tasks to queue
[2022-09-02T11:51:27.807+0000] {logging_mixin.py:115} INFO - [2022-09-02T11:51:27.807+0000] {dagbag.py:508} INFO - Filling up the DagBag from /home/airflow/.local/lib/python3.7/site-packages/airflow/example_dags/example_task_group.py
[2022-09-02T11:51:27.817+0000] {processor.py:650} INFO - DAG(s) dict_keys(['example_task_group']) retrieved from /home/airflow/.local/lib/python3.7/site-packages/airflow/example_dags/example_task_group.py
[2022-09-02T11:51:27.843+0000] {logging_mixin.py:115} INFO - [2022-09-02T11:51:27.843+0000] {dag.py:2429} INFO - Sync 1 DAGs
[2022-09-02T11:51:27.859+0000] {logging_mixin.py:115} INFO - [2022-09-02T11:51:27.859+0000] {dag.py:2981} INFO - Setting next_dagrun for example_task_group to 2022-09-01T11:51:27.859227+00:00, run_after=2022-09-02T11:51:27.859227+00:00
[2022-09-02T11:51:27.869+0000] {processor.py:161} INFO - Processing /home/airflow/.local/lib/python3.7/site-packages/airflow/example_dags/example_task_group.py took 0.072 seconds
[2022-09-02T11:51:58.549+0000] {processor.py:153} INFO - Started process (PID=1932) to work on /home/airflow/.local/lib/python3.7/site-packages/airflow/example_dags/example_task_group.py
[2022-09-02T11:51:58.551+0000] {processor.py:640} INFO - Processing file /home/airflow/.local/lib/python3.7/site-packages/airflow/example_dags/example_task_group.py for tasks to queue
[2022-09-02T11:51:58.552+0000] {logging_mixin.py:115} INFO - [2022-09-02T11:51:58.552+0000] {dagbag.py:508} INFO - Filling up the DagBag from /home/airflow/.local/lib/python3.7/site-packages/airflow/example_dags/example_task_group.py
[2022-09-02T11:51:58.565+0000] {processor.py:650} INFO - DAG(s) dict_keys(['example_task_group']) retrieved from /home/airflow/.local/lib/python3.7/site-packages/airflow/example_dags/example_task_group.py
[2022-09-02T11:51:58.595+0000] {logging_mixin.py:115} INFO - [2022-09-02T11:51:58.595+0000] {dag.py:2429} INFO - Sync 1 DAGs
[2022-09-02T11:51:58.614+0000] {logging_mixin.py:115} INFO - [2022-09-02T11:51:58.614+0000] {dag.py:2981} INFO - Setting next_dagrun for example_task_group to 2022-09-01T11:51:58.614071+00:00, run_after=2022-09-02T11:51:58.614071+00:00
[2022-09-02T11:51:58.627+0000] {processor.py:161} INFO - Processing /home/airflow/.local/lib/python3.7/site-packages/airflow/example_dags/example_task_group.py took 0.084 seconds
[2022-09-02T11:52:29.578+0000] {processor.py:153} INFO - Started process (PID=2122) to work on /home/airflow/.local/lib/python3.7/site-packages/airflow/example_dags/example_task_group.py
[2022-09-02T11:52:29.582+0000] {processor.py:640} INFO - Processing file /home/airflow/.local/lib/python3.7/site-packages/airflow/example_dags/example_task_group.py for tasks to queue
[2022-09-02T11:52:29.584+0000] {logging_mixin.py:115} INFO - [2022-09-02T11:52:29.583+0000] {dagbag.py:508} INFO - Filling up the DagBag from /home/airflow/.local/lib/python3.7/site-packages/airflow/example_dags/example_task_group.py
[2022-09-02T11:52:29.591+0000] {processor.py:650} INFO - DAG(s) dict_keys(['example_task_group']) retrieved from /home/airflow/.local/lib/python3.7/site-packages/airflow/example_dags/example_task_group.py
[2022-09-02T11:52:29.612+0000] {logging_mixin.py:115} INFO - [2022-09-02T11:52:29.612+0000] {dag.py:2429} INFO - Sync 1 DAGs
[2022-09-02T11:52:29.626+0000] {logging_mixin.py:115} INFO - [2022-09-02T11:52:29.626+0000] {dag.py:2981} INFO - Setting next_dagrun for example_task_group to 2022-09-01T11:52:29.626168+00:00, run_after=2022-09-02T11:52:29.626168+00:00
[2022-09-02T11:52:29.636+0000] {processor.py:161} INFO - Processing /home/airflow/.local/lib/python3.7/site-packages/airflow/example_dags/example_task_group.py took 0.061 seconds
[2022-09-02T11:53:00.303+0000] {processor.py:153} INFO - Started process (PID=2320) to work on /home/airflow/.local/lib/python3.7/site-packages/airflow/example_dags/example_task_group.py
[2022-09-02T11:53:00.305+0000] {processor.py:640} INFO - Processing file /home/airflow/.local/lib/python3.7/site-packages/airflow/example_dags/example_task_group.py for tasks to queue
[2022-09-02T11:53:00.306+0000] {logging_mixin.py:115} INFO - [2022-09-02T11:53:00.306+0000] {dagbag.py:508} INFO - Filling up the DagBag from /home/airflow/.local/lib/python3.7/site-packages/airflow/example_dags/example_task_group.py
[2022-09-02T11:53:00.311+0000] {processor.py:650} INFO - DAG(s) dict_keys(['example_task_group']) retrieved from /home/airflow/.local/lib/python3.7/site-packages/airflow/example_dags/example_task_group.py
[2022-09-02T11:53:00.332+0000] {logging_mixin.py:115} INFO - [2022-09-02T11:53:00.332+0000] {dag.py:2429} INFO - Sync 1 DAGs
[2022-09-02T11:53:00.347+0000] {logging_mixin.py:115} INFO - [2022-09-02T11:53:00.347+0000] {dag.py:2981} INFO - Setting next_dagrun for example_task_group to 2022-09-01T11:53:00.347367+00:00, run_after=2022-09-02T11:53:00.347367+00:00
[2022-09-02T11:53:00.358+0000] {processor.py:161} INFO - Processing /home/airflow/.local/lib/python3.7/site-packages/airflow/example_dags/example_task_group.py took 0.058 seconds
[2022-09-02T11:53:31.058+0000] {processor.py:153} INFO - Started process (PID=2518) to work on /home/airflow/.local/lib/python3.7/site-packages/airflow/example_dags/example_task_group.py
[2022-09-02T11:53:31.059+0000] {processor.py:640} INFO - Processing file /home/airflow/.local/lib/python3.7/site-packages/airflow/example_dags/example_task_group.py for tasks to queue
[2022-09-02T11:53:31.060+0000] {logging_mixin.py:115} INFO - [2022-09-02T11:53:31.060+0000] {dagbag.py:508} INFO - Filling up the DagBag from /home/airflow/.local/lib/python3.7/site-packages/airflow/example_dags/example_task_group.py
[2022-09-02T11:53:31.066+0000] {processor.py:650} INFO - DAG(s) dict_keys(['example_task_group']) retrieved from /home/airflow/.local/lib/python3.7/site-packages/airflow/example_dags/example_task_group.py
[2022-09-02T11:53:31.085+0000] {logging_mixin.py:115} INFO - [2022-09-02T11:53:31.085+0000] {dag.py:2429} INFO - Sync 1 DAGs
[2022-09-02T11:53:31.098+0000] {logging_mixin.py:115} INFO - [2022-09-02T11:53:31.098+0000] {dag.py:2981} INFO - Setting next_dagrun for example_task_group to 2022-09-01T11:53:31.098716+00:00, run_after=2022-09-02T11:53:31.098716+00:00
[2022-09-02T11:53:31.109+0000] {processor.py:161} INFO - Processing /home/airflow/.local/lib/python3.7/site-packages/airflow/example_dags/example_task_group.py took 0.054 seconds
[2022-09-02T11:54:01.856+0000] {processor.py:153} INFO - Started process (PID=2715) to work on /home/airflow/.local/lib/python3.7/site-packages/airflow/example_dags/example_task_group.py
[2022-09-02T11:54:01.860+0000] {processor.py:640} INFO - Processing file /home/airflow/.local/lib/python3.7/site-packages/airflow/example_dags/example_task_group.py for tasks to queue
[2022-09-02T11:54:01.863+0000] {logging_mixin.py:115} INFO - [2022-09-02T11:54:01.863+0000] {dagbag.py:508} INFO - Filling up the DagBag from /home/airflow/.local/lib/python3.7/site-packages/airflow/example_dags/example_task_group.py
[2022-09-02T11:54:01.871+0000] {processor.py:650} INFO - DAG(s) dict_keys(['example_task_group']) retrieved from /home/airflow/.local/lib/python3.7/site-packages/airflow/example_dags/example_task_group.py
[2022-09-02T11:54:01.907+0000] {logging_mixin.py:115} INFO - [2022-09-02T11:54:01.907+0000] {dag.py:2429} INFO - Sync 1 DAGs
[2022-09-02T11:54:01.923+0000] {logging_mixin.py:115} INFO - [2022-09-02T11:54:01.923+0000] {dag.py:2981} INFO - Setting next_dagrun for example_task_group to 2022-09-01T11:54:01.922896+00:00, run_after=2022-09-02T11:54:01.922896+00:00
[2022-09-02T11:54:01.933+0000] {processor.py:161} INFO - Processing /home/airflow/.local/lib/python3.7/site-packages/airflow/example_dags/example_task_group.py took 0.081 seconds
[2022-09-02T11:54:32.676+0000] {processor.py:153} INFO - Started process (PID=2911) to work on /home/airflow/.local/lib/python3.7/site-packages/airflow/example_dags/example_task_group.py
[2022-09-02T11:54:32.678+0000] {processor.py:640} INFO - Processing file /home/airflow/.local/lib/python3.7/site-packages/airflow/example_dags/example_task_group.py for tasks to queue
[2022-09-02T11:54:32.681+0000] {logging_mixin.py:115} INFO - [2022-09-02T11:54:32.681+0000] {dagbag.py:508} INFO - Filling up the DagBag from /home/airflow/.local/lib/python3.7/site-packages/airflow/example_dags/example_task_group.py
[2022-09-02T11:54:32.689+0000] {processor.py:650} INFO - DAG(s) dict_keys(['example_task_group']) retrieved from /home/airflow/.local/lib/python3.7/site-packages/airflow/example_dags/example_task_group.py
[2022-09-02T11:54:32.712+0000] {logging_mixin.py:115} INFO - [2022-09-02T11:54:32.712+0000] {dag.py:2429} INFO - Sync 1 DAGs
[2022-09-02T11:54:32.730+0000] {logging_mixin.py:115} INFO - [2022-09-02T11:54:32.730+0000] {dag.py:2981} INFO - Setting next_dagrun for example_task_group to 2022-09-01T11:54:32.730188+00:00, run_after=2022-09-02T11:54:32.730188+00:00
[2022-09-02T11:54:32.740+0000] {processor.py:161} INFO - Processing /home/airflow/.local/lib/python3.7/site-packages/airflow/example_dags/example_task_group.py took 0.069 seconds
[2022-09-02T11:55:03.400+0000] {processor.py:153} INFO - Started process (PID=3109) to work on /home/airflow/.local/lib/python3.7/site-packages/airflow/example_dags/example_task_group.py
[2022-09-02T11:55:03.401+0000] {processor.py:640} INFO - Processing file /home/airflow/.local/lib/python3.7/site-packages/airflow/example_dags/example_task_group.py for tasks to queue
[2022-09-02T11:55:03.402+0000] {logging_mixin.py:115} INFO - [2022-09-02T11:55:03.402+0000] {dagbag.py:508} INFO - Filling up the DagBag from /home/airflow/.local/lib/python3.7/site-packages/airflow/example_dags/example_task_group.py
[2022-09-02T11:55:03.408+0000] {processor.py:650} INFO - DAG(s) dict_keys(['example_task_group']) retrieved from /home/airflow/.local/lib/python3.7/site-packages/airflow/example_dags/example_task_group.py
[2022-09-02T11:55:03.426+0000] {logging_mixin.py:115} INFO - [2022-09-02T11:55:03.426+0000] {dag.py:2429} INFO - Sync 1 DAGs
[2022-09-02T11:55:03.439+0000] {logging_mixin.py:115} INFO - [2022-09-02T11:55:03.439+0000] {dag.py:2981} INFO - Setting next_dagrun for example_task_group to 2022-09-01T11:55:03.439572+00:00, run_after=2022-09-02T11:55:03.439572+00:00
[2022-09-02T11:55:03.450+0000] {processor.py:161} INFO - Processing /home/airflow/.local/lib/python3.7/site-packages/airflow/example_dags/example_task_group.py took 0.052 seconds
[2022-09-02T11:55:34.258+0000] {processor.py:153} INFO - Started process (PID=3297) to work on /home/airflow/.local/lib/python3.7/site-packages/airflow/example_dags/example_task_group.py
[2022-09-02T11:55:34.260+0000] {processor.py:640} INFO - Processing file /home/airflow/.local/lib/python3.7/site-packages/airflow/example_dags/example_task_group.py for tasks to queue
[2022-09-02T11:55:34.262+0000] {logging_mixin.py:115} INFO - [2022-09-02T11:55:34.262+0000] {dagbag.py:508} INFO - Filling up the DagBag from /home/airflow/.local/lib/python3.7/site-packages/airflow/example_dags/example_task_group.py
[2022-09-02T11:55:34.270+0000] {processor.py:650} INFO - DAG(s) dict_keys(['example_task_group']) retrieved from /home/airflow/.local/lib/python3.7/site-packages/airflow/example_dags/example_task_group.py
[2022-09-02T11:55:34.289+0000] {logging_mixin.py:115} INFO - [2022-09-02T11:55:34.288+0000] {dag.py:2429} INFO - Sync 1 DAGs
[2022-09-02T11:55:34.303+0000] {logging_mixin.py:115} INFO - [2022-09-02T11:55:34.303+0000] {dag.py:2981} INFO - Setting next_dagrun for example_task_group to 2022-09-01T11:55:34.303451+00:00, run_after=2022-09-02T11:55:34.303451+00:00
[2022-09-02T11:55:34.314+0000] {processor.py:161} INFO - Processing /home/airflow/.local/lib/python3.7/site-packages/airflow/example_dags/example_task_group.py took 0.061 seconds
[2022-09-02T11:56:05.002+0000] {processor.py:153} INFO - Started process (PID=3494) to work on /home/airflow/.local/lib/python3.7/site-packages/airflow/example_dags/example_task_group.py
[2022-09-02T11:56:05.005+0000] {processor.py:640} INFO - Processing file /home/airflow/.local/lib/python3.7/site-packages/airflow/example_dags/example_task_group.py for tasks to queue
[2022-09-02T11:56:05.006+0000] {logging_mixin.py:115} INFO - [2022-09-02T11:56:05.006+0000] {dagbag.py:508} INFO - Filling up the DagBag from /home/airflow/.local/lib/python3.7/site-packages/airflow/example_dags/example_task_group.py
[2022-09-02T11:56:05.015+0000] {processor.py:650} INFO - DAG(s) dict_keys(['example_task_group']) retrieved from /home/airflow/.local/lib/python3.7/site-packages/airflow/example_dags/example_task_group.py
[2022-09-02T11:56:05.035+0000] {logging_mixin.py:115} INFO - [2022-09-02T11:56:05.035+0000] {dag.py:2429} INFO - Sync 1 DAGs
[2022-09-02T11:56:05.048+0000] {logging_mixin.py:115} INFO - [2022-09-02T11:56:05.048+0000] {dag.py:2981} INFO - Setting next_dagrun for example_task_group to 2022-09-01T11:56:05.048301+00:00, run_after=2022-09-02T11:56:05.048301+00:00
[2022-09-02T11:56:05.060+0000] {processor.py:161} INFO - Processing /home/airflow/.local/lib/python3.7/site-packages/airflow/example_dags/example_task_group.py took 0.063 seconds
[2022-09-02T11:56:35.984+0000] {processor.py:153} INFO - Started process (PID=3690) to work on /home/airflow/.local/lib/python3.7/site-packages/airflow/example_dags/example_task_group.py
[2022-09-02T11:56:35.986+0000] {processor.py:640} INFO - Processing file /home/airflow/.local/lib/python3.7/site-packages/airflow/example_dags/example_task_group.py for tasks to queue
[2022-09-02T11:56:35.988+0000] {logging_mixin.py:115} INFO - [2022-09-02T11:56:35.988+0000] {dagbag.py:508} INFO - Filling up the DagBag from /home/airflow/.local/lib/python3.7/site-packages/airflow/example_dags/example_task_group.py
[2022-09-02T11:56:35.996+0000] {processor.py:650} INFO - DAG(s) dict_keys(['example_task_group']) retrieved from /home/airflow/.local/lib/python3.7/site-packages/airflow/example_dags/example_task_group.py
[2022-09-02T11:56:36.016+0000] {logging_mixin.py:115} INFO - [2022-09-02T11:56:36.016+0000] {dag.py:2429} INFO - Sync 1 DAGs
[2022-09-02T11:56:36.029+0000] {logging_mixin.py:115} INFO - [2022-09-02T11:56:36.029+0000] {dag.py:2981} INFO - Setting next_dagrun for example_task_group to 2022-09-01T11:56:36.029644+00:00, run_after=2022-09-02T11:56:36.029644+00:00
[2022-09-02T11:56:36.039+0000] {processor.py:161} INFO - Processing /home/airflow/.local/lib/python3.7/site-packages/airflow/example_dags/example_task_group.py took 0.061 seconds
[2022-09-02T11:57:06.708+0000] {processor.py:153} INFO - Started process (PID=3887) to work on /home/airflow/.local/lib/python3.7/site-packages/airflow/example_dags/example_task_group.py
[2022-09-02T11:57:06.712+0000] {processor.py:640} INFO - Processing file /home/airflow/.local/lib/python3.7/site-packages/airflow/example_dags/example_task_group.py for tasks to queue
[2022-09-02T11:57:06.714+0000] {logging_mixin.py:115} INFO - [2022-09-02T11:57:06.714+0000] {dagbag.py:508} INFO - Filling up the DagBag from /home/airflow/.local/lib/python3.7/site-packages/airflow/example_dags/example_task_group.py
[2022-09-02T11:57:06.722+0000] {processor.py:650} INFO - DAG(s) dict_keys(['example_task_group']) retrieved from /home/airflow/.local/lib/python3.7/site-packages/airflow/example_dags/example_task_group.py
[2022-09-02T11:57:06.744+0000] {logging_mixin.py:115} INFO - [2022-09-02T11:57:06.743+0000] {dag.py:2429} INFO - Sync 1 DAGs
[2022-09-02T11:57:06.758+0000] {logging_mixin.py:115} INFO - [2022-09-02T11:57:06.758+0000] {dag.py:2981} INFO - Setting next_dagrun for example_task_group to 2022-09-01T11:57:06.757921+00:00, run_after=2022-09-02T11:57:06.757921+00:00
[2022-09-02T11:57:06.767+0000] {processor.py:161} INFO - Processing /home/airflow/.local/lib/python3.7/site-packages/airflow/example_dags/example_task_group.py took 0.063 seconds
[2022-09-02T11:57:37.590+0000] {processor.py:153} INFO - Started process (PID=4082) to work on /home/airflow/.local/lib/python3.7/site-packages/airflow/example_dags/example_task_group.py
[2022-09-02T11:57:37.593+0000] {processor.py:640} INFO - Processing file /home/airflow/.local/lib/python3.7/site-packages/airflow/example_dags/example_task_group.py for tasks to queue
[2022-09-02T11:57:37.595+0000] {logging_mixin.py:115} INFO - [2022-09-02T11:57:37.595+0000] {dagbag.py:508} INFO - Filling up the DagBag from /home/airflow/.local/lib/python3.7/site-packages/airflow/example_dags/example_task_group.py
[2022-09-02T11:57:37.601+0000] {processor.py:650} INFO - DAG(s) dict_keys(['example_task_group']) retrieved from /home/airflow/.local/lib/python3.7/site-packages/airflow/example_dags/example_task_group.py
[2022-09-02T11:57:37.623+0000] {logging_mixin.py:115} INFO - [2022-09-02T11:57:37.623+0000] {dag.py:2429} INFO - Sync 1 DAGs
[2022-09-02T11:57:37.639+0000] {logging_mixin.py:115} INFO - [2022-09-02T11:57:37.639+0000] {dag.py:2981} INFO - Setting next_dagrun for example_task_group to 2022-09-01T11:57:37.639320+00:00, run_after=2022-09-02T11:57:37.639320+00:00
[2022-09-02T11:57:37.648+0000] {processor.py:161} INFO - Processing /home/airflow/.local/lib/python3.7/site-packages/airflow/example_dags/example_task_group.py took 0.065 seconds
[2022-09-02T11:58:08.382+0000] {processor.py:153} INFO - Started process (PID=4279) to work on /home/airflow/.local/lib/python3.7/site-packages/airflow/example_dags/example_task_group.py
[2022-09-02T11:58:08.384+0000] {processor.py:640} INFO - Processing file /home/airflow/.local/lib/python3.7/site-packages/airflow/example_dags/example_task_group.py for tasks to queue
[2022-09-02T11:58:08.386+0000] {logging_mixin.py:115} INFO - [2022-09-02T11:58:08.386+0000] {dagbag.py:508} INFO - Filling up the DagBag from /home/airflow/.local/lib/python3.7/site-packages/airflow/example_dags/example_task_group.py
[2022-09-02T11:58:08.394+0000] {processor.py:650} INFO - DAG(s) dict_keys(['example_task_group']) retrieved from /home/airflow/.local/lib/python3.7/site-packages/airflow/example_dags/example_task_group.py
[2022-09-02T11:58:08.414+0000] {logging_mixin.py:115} INFO - [2022-09-02T11:58:08.414+0000] {dag.py:2429} INFO - Sync 1 DAGs
[2022-09-02T11:58:08.429+0000] {logging_mixin.py:115} INFO - [2022-09-02T11:58:08.429+0000] {dag.py:2981} INFO - Setting next_dagrun for example_task_group to 2022-09-01T11:58:08.428873+00:00, run_after=2022-09-02T11:58:08.428873+00:00
[2022-09-02T11:58:08.436+0000] {processor.py:161} INFO - Processing /home/airflow/.local/lib/python3.7/site-packages/airflow/example_dags/example_task_group.py took 0.063 seconds
[2022-09-02T11:58:39.242+0000] {processor.py:153} INFO - Started process (PID=4476) to work on /home/airflow/.local/lib/python3.7/site-packages/airflow/example_dags/example_task_group.py
[2022-09-02T11:58:39.243+0000] {processor.py:640} INFO - Processing file /home/airflow/.local/lib/python3.7/site-packages/airflow/example_dags/example_task_group.py for tasks to queue
[2022-09-02T11:58:39.245+0000] {logging_mixin.py:115} INFO - [2022-09-02T11:58:39.245+0000] {dagbag.py:508} INFO - Filling up the DagBag from /home/airflow/.local/lib/python3.7/site-packages/airflow/example_dags/example_task_group.py
[2022-09-02T11:58:39.252+0000] {processor.py:650} INFO - DAG(s) dict_keys(['example_task_group']) retrieved from /home/airflow/.local/lib/python3.7/site-packages/airflow/example_dags/example_task_group.py
[2022-09-02T11:58:39.277+0000] {logging_mixin.py:115} INFO - [2022-09-02T11:58:39.277+0000] {dag.py:2429} INFO - Sync 1 DAGs
[2022-09-02T11:58:39.297+0000] {logging_mixin.py:115} INFO - [2022-09-02T11:58:39.297+0000] {dag.py:2981} INFO - Setting next_dagrun for example_task_group to 2022-09-01T11:58:39.296948+00:00, run_after=2022-09-02T11:58:39.296948+00:00
[2022-09-02T11:58:39.320+0000] {processor.py:161} INFO - Processing /home/airflow/.local/lib/python3.7/site-packages/airflow/example_dags/example_task_group.py took 0.081 seconds
[2022-09-02T11:59:10.154+0000] {processor.py:153} INFO - Started process (PID=4664) to work on /home/airflow/.local/lib/python3.7/site-packages/airflow/example_dags/example_task_group.py
[2022-09-02T11:59:10.156+0000] {processor.py:640} INFO - Processing file /home/airflow/.local/lib/python3.7/site-packages/airflow/example_dags/example_task_group.py for tasks to queue
[2022-09-02T11:59:10.158+0000] {logging_mixin.py:115} INFO - [2022-09-02T11:59:10.158+0000] {dagbag.py:508} INFO - Filling up the DagBag from /home/airflow/.local/lib/python3.7/site-packages/airflow/example_dags/example_task_group.py
[2022-09-02T11:59:10.169+0000] {processor.py:650} INFO - DAG(s) dict_keys(['example_task_group']) retrieved from /home/airflow/.local/lib/python3.7/site-packages/airflow/example_dags/example_task_group.py
[2022-09-02T11:59:10.201+0000] {logging_mixin.py:115} INFO - [2022-09-02T11:59:10.201+0000] {dag.py:2429} INFO - Sync 1 DAGs
[2022-09-02T11:59:10.221+0000] {logging_mixin.py:115} INFO - [2022-09-02T11:59:10.220+0000] {dag.py:2981} INFO - Setting next_dagrun for example_task_group to 2022-09-01T11:59:10.220516+00:00, run_after=2022-09-02T11:59:10.220516+00:00
[2022-09-02T11:59:10.231+0000] {processor.py:161} INFO - Processing /home/airflow/.local/lib/python3.7/site-packages/airflow/example_dags/example_task_group.py took 0.083 seconds
[2022-09-02T11:59:40.960+0000] {processor.py:153} INFO - Started process (PID=4861) to work on /home/airflow/.local/lib/python3.7/site-packages/airflow/example_dags/example_task_group.py
[2022-09-02T11:59:40.962+0000] {processor.py:640} INFO - Processing file /home/airflow/.local/lib/python3.7/site-packages/airflow/example_dags/example_task_group.py for tasks to queue
[2022-09-02T11:59:40.965+0000] {logging_mixin.py:115} INFO - [2022-09-02T11:59:40.964+0000] {dagbag.py:508} INFO - Filling up the DagBag from /home/airflow/.local/lib/python3.7/site-packages/airflow/example_dags/example_task_group.py
[2022-09-02T11:59:40.973+0000] {processor.py:650} INFO - DAG(s) dict_keys(['example_task_group']) retrieved from /home/airflow/.local/lib/python3.7/site-packages/airflow/example_dags/example_task_group.py
[2022-09-02T11:59:40.991+0000] {logging_mixin.py:115} INFO - [2022-09-02T11:59:40.991+0000] {dag.py:2429} INFO - Sync 1 DAGs
[2022-09-02T11:59:41.029+0000] {logging_mixin.py:115} INFO - [2022-09-02T11:59:41.029+0000] {dag.py:2981} INFO - Setting next_dagrun for example_task_group to 2022-09-01T11:59:41.028876+00:00, run_after=2022-09-02T11:59:41.028876+00:00
[2022-09-02T11:59:41.043+0000] {processor.py:161} INFO - Processing /home/airflow/.local/lib/python3.7/site-packages/airflow/example_dags/example_task_group.py took 0.087 seconds
[2022-09-02T12:00:11.931+0000] {processor.py:153} INFO - Started process (PID=5058) to work on /home/airflow/.local/lib/python3.7/site-packages/airflow/example_dags/example_task_group.py
[2022-09-02T12:00:11.932+0000] {processor.py:640} INFO - Processing file /home/airflow/.local/lib/python3.7/site-packages/airflow/example_dags/example_task_group.py for tasks to queue
[2022-09-02T12:00:11.934+0000] {logging_mixin.py:115} INFO - [2022-09-02T12:00:11.934+0000] {dagbag.py:508} INFO - Filling up the DagBag from /home/airflow/.local/lib/python3.7/site-packages/airflow/example_dags/example_task_group.py
[2022-09-02T12:00:11.942+0000] {processor.py:650} INFO - DAG(s) dict_keys(['example_task_group']) retrieved from /home/airflow/.local/lib/python3.7/site-packages/airflow/example_dags/example_task_group.py
[2022-09-02T12:00:11.965+0000] {logging_mixin.py:115} INFO - [2022-09-02T12:00:11.965+0000] {dag.py:2429} INFO - Sync 1 DAGs
[2022-09-02T12:00:11.982+0000] {logging_mixin.py:115} INFO - [2022-09-02T12:00:11.982+0000] {dag.py:2981} INFO - Setting next_dagrun for example_task_group to 2022-09-01T12:00:11.982314+00:00, run_after=2022-09-02T12:00:11.982314+00:00
[2022-09-02T12:00:11.991+0000] {processor.py:161} INFO - Processing /home/airflow/.local/lib/python3.7/site-packages/airflow/example_dags/example_task_group.py took 0.063 seconds
[2022-09-02T12:00:42.725+0000] {processor.py:153} INFO - Started process (PID=5255) to work on /home/airflow/.local/lib/python3.7/site-packages/airflow/example_dags/example_task_group.py
[2022-09-02T12:00:42.727+0000] {processor.py:640} INFO - Processing file /home/airflow/.local/lib/python3.7/site-packages/airflow/example_dags/example_task_group.py for tasks to queue
[2022-09-02T12:00:42.729+0000] {logging_mixin.py:115} INFO - [2022-09-02T12:00:42.728+0000] {dagbag.py:508} INFO - Filling up the DagBag from /home/airflow/.local/lib/python3.7/site-packages/airflow/example_dags/example_task_group.py
[2022-09-02T12:00:42.736+0000] {processor.py:650} INFO - DAG(s) dict_keys(['example_task_group']) retrieved from /home/airflow/.local/lib/python3.7/site-packages/airflow/example_dags/example_task_group.py
[2022-09-02T12:00:42.758+0000] {logging_mixin.py:115} INFO - [2022-09-02T12:00:42.758+0000] {dag.py:2429} INFO - Sync 1 DAGs
[2022-09-02T12:00:42.773+0000] {logging_mixin.py:115} INFO - [2022-09-02T12:00:42.773+0000] {dag.py:2981} INFO - Setting next_dagrun for example_task_group to 2022-09-01T12:00:42.773691+00:00, run_after=2022-09-02T12:00:42.773691+00:00
[2022-09-02T12:00:42.782+0000] {processor.py:161} INFO - Processing /home/airflow/.local/lib/python3.7/site-packages/airflow/example_dags/example_task_group.py took 0.061 seconds
[2022-09-02T12:01:13.408+0000] {processor.py:153} INFO - Started process (PID=5452) to work on /home/airflow/.local/lib/python3.7/site-packages/airflow/example_dags/example_task_group.py
[2022-09-02T12:01:13.412+0000] {processor.py:640} INFO - Processing file /home/airflow/.local/lib/python3.7/site-packages/airflow/example_dags/example_task_group.py for tasks to queue
[2022-09-02T12:01:13.414+0000] {logging_mixin.py:115} INFO - [2022-09-02T12:01:13.414+0000] {dagbag.py:508} INFO - Filling up the DagBag from /home/airflow/.local/lib/python3.7/site-packages/airflow/example_dags/example_task_group.py
[2022-09-02T12:01:13.420+0000] {processor.py:650} INFO - DAG(s) dict_keys(['example_task_group']) retrieved from /home/airflow/.local/lib/python3.7/site-packages/airflow/example_dags/example_task_group.py
[2022-09-02T12:01:13.440+0000] {logging_mixin.py:115} INFO - [2022-09-02T12:01:13.440+0000] {dag.py:2429} INFO - Sync 1 DAGs
[2022-09-02T12:01:13.456+0000] {logging_mixin.py:115} INFO - [2022-09-02T12:01:13.456+0000] {dag.py:2981} INFO - Setting next_dagrun for example_task_group to 2022-09-01T12:01:13.456390+00:00, run_after=2022-09-02T12:01:13.456390+00:00
[2022-09-02T12:01:13.464+0000] {processor.py:161} INFO - Processing /home/airflow/.local/lib/python3.7/site-packages/airflow/example_dags/example_task_group.py took 0.059 seconds
[2022-09-02T12:01:44.076+0000] {processor.py:153} INFO - Started process (PID=5649) to work on /home/airflow/.local/lib/python3.7/site-packages/airflow/example_dags/example_task_group.py
[2022-09-02T12:01:44.078+0000] {processor.py:640} INFO - Processing file /home/airflow/.local/lib/python3.7/site-packages/airflow/example_dags/example_task_group.py for tasks to queue
[2022-09-02T12:01:44.080+0000] {logging_mixin.py:115} INFO - [2022-09-02T12:01:44.080+0000] {dagbag.py:508} INFO - Filling up the DagBag from /home/airflow/.local/lib/python3.7/site-packages/airflow/example_dags/example_task_group.py
[2022-09-02T12:01:44.092+0000] {processor.py:650} INFO - DAG(s) dict_keys(['example_task_group']) retrieved from /home/airflow/.local/lib/python3.7/site-packages/airflow/example_dags/example_task_group.py
[2022-09-02T12:01:44.133+0000] {logging_mixin.py:115} INFO - [2022-09-02T12:01:44.133+0000] {dag.py:2429} INFO - Sync 1 DAGs
[2022-09-02T12:01:44.158+0000] {logging_mixin.py:115} INFO - [2022-09-02T12:01:44.158+0000] {dag.py:2981} INFO - Setting next_dagrun for example_task_group to 2022-09-01T12:01:44.157875+00:00, run_after=2022-09-02T12:01:44.157875+00:00
[2022-09-02T12:01:44.169+0000] {processor.py:161} INFO - Processing /home/airflow/.local/lib/python3.7/site-packages/airflow/example_dags/example_task_group.py took 0.098 seconds
[2022-09-02T12:02:14.883+0000] {processor.py:153} INFO - Started process (PID=5855) to work on /home/airflow/.local/lib/python3.7/site-packages/airflow/example_dags/example_task_group.py
[2022-09-02T12:02:14.886+0000] {processor.py:640} INFO - Processing file /home/airflow/.local/lib/python3.7/site-packages/airflow/example_dags/example_task_group.py for tasks to queue
[2022-09-02T12:02:14.888+0000] {logging_mixin.py:115} INFO - [2022-09-02T12:02:14.888+0000] {dagbag.py:508} INFO - Filling up the DagBag from /home/airflow/.local/lib/python3.7/site-packages/airflow/example_dags/example_task_group.py
[2022-09-02T12:02:14.896+0000] {processor.py:650} INFO - DAG(s) dict_keys(['example_task_group']) retrieved from /home/airflow/.local/lib/python3.7/site-packages/airflow/example_dags/example_task_group.py
[2022-09-02T12:02:14.920+0000] {logging_mixin.py:115} INFO - [2022-09-02T12:02:14.920+0000] {dag.py:2429} INFO - Sync 1 DAGs
[2022-09-02T12:02:14.938+0000] {logging_mixin.py:115} INFO - [2022-09-02T12:02:14.938+0000] {dag.py:2981} INFO - Setting next_dagrun for example_task_group to 2022-09-01T12:02:14.938347+00:00, run_after=2022-09-02T12:02:14.938347+00:00
[2022-09-02T12:02:14.948+0000] {processor.py:161} INFO - Processing /home/airflow/.local/lib/python3.7/site-packages/airflow/example_dags/example_task_group.py took 0.070 seconds
[2022-09-02T12:02:45.870+0000] {processor.py:153} INFO - Started process (PID=6052) to work on /home/airflow/.local/lib/python3.7/site-packages/airflow/example_dags/example_task_group.py
[2022-09-02T12:02:45.872+0000] {processor.py:640} INFO - Processing file /home/airflow/.local/lib/python3.7/site-packages/airflow/example_dags/example_task_group.py for tasks to queue
[2022-09-02T12:02:45.874+0000] {logging_mixin.py:115} INFO - [2022-09-02T12:02:45.874+0000] {dagbag.py:508} INFO - Filling up the DagBag from /home/airflow/.local/lib/python3.7/site-packages/airflow/example_dags/example_task_group.py
[2022-09-02T12:02:45.881+0000] {processor.py:650} INFO - DAG(s) dict_keys(['example_task_group']) retrieved from /home/airflow/.local/lib/python3.7/site-packages/airflow/example_dags/example_task_group.py
[2022-09-02T12:02:45.904+0000] {logging_mixin.py:115} INFO - [2022-09-02T12:02:45.904+0000] {dag.py:2429} INFO - Sync 1 DAGs
[2022-09-02T12:02:45.921+0000] {logging_mixin.py:115} INFO - [2022-09-02T12:02:45.921+0000] {dag.py:2981} INFO - Setting next_dagrun for example_task_group to 2022-09-01T12:02:45.921682+00:00, run_after=2022-09-02T12:02:45.921682+00:00
[2022-09-02T12:02:45.930+0000] {processor.py:161} INFO - Processing /home/airflow/.local/lib/python3.7/site-packages/airflow/example_dags/example_task_group.py took 0.063 seconds
[2022-09-02T12:03:16.669+0000] {processor.py:153} INFO - Started process (PID=6249) to work on /home/airflow/.local/lib/python3.7/site-packages/airflow/example_dags/example_task_group.py
[2022-09-02T12:03:16.671+0000] {processor.py:640} INFO - Processing file /home/airflow/.local/lib/python3.7/site-packages/airflow/example_dags/example_task_group.py for tasks to queue
[2022-09-02T12:03:16.672+0000] {logging_mixin.py:115} INFO - [2022-09-02T12:03:16.672+0000] {dagbag.py:508} INFO - Filling up the DagBag from /home/airflow/.local/lib/python3.7/site-packages/airflow/example_dags/example_task_group.py
[2022-09-02T12:03:16.678+0000] {processor.py:650} INFO - DAG(s) dict_keys(['example_task_group']) retrieved from /home/airflow/.local/lib/python3.7/site-packages/airflow/example_dags/example_task_group.py
[2022-09-02T12:03:16.696+0000] {logging_mixin.py:115} INFO - [2022-09-02T12:03:16.696+0000] {dag.py:2429} INFO - Sync 1 DAGs
[2022-09-02T12:03:16.712+0000] {logging_mixin.py:115} INFO - [2022-09-02T12:03:16.712+0000] {dag.py:2981} INFO - Setting next_dagrun for example_task_group to 2022-09-01T12:03:16.712235+00:00, run_after=2022-09-02T12:03:16.712235+00:00
[2022-09-02T12:03:16.721+0000] {processor.py:161} INFO - Processing /home/airflow/.local/lib/python3.7/site-packages/airflow/example_dags/example_task_group.py took 0.055 seconds
[2022-09-02T12:03:47.432+0000] {processor.py:153} INFO - Started process (PID=6445) to work on /home/airflow/.local/lib/python3.7/site-packages/airflow/example_dags/example_task_group.py
[2022-09-02T12:03:47.434+0000] {processor.py:640} INFO - Processing file /home/airflow/.local/lib/python3.7/site-packages/airflow/example_dags/example_task_group.py for tasks to queue
[2022-09-02T12:03:47.436+0000] {logging_mixin.py:115} INFO - [2022-09-02T12:03:47.435+0000] {dagbag.py:508} INFO - Filling up the DagBag from /home/airflow/.local/lib/python3.7/site-packages/airflow/example_dags/example_task_group.py
[2022-09-02T12:03:47.443+0000] {processor.py:650} INFO - DAG(s) dict_keys(['example_task_group']) retrieved from /home/airflow/.local/lib/python3.7/site-packages/airflow/example_dags/example_task_group.py
[2022-09-02T12:03:47.466+0000] {logging_mixin.py:115} INFO - [2022-09-02T12:03:47.465+0000] {dag.py:2429} INFO - Sync 1 DAGs
[2022-09-02T12:03:47.482+0000] {logging_mixin.py:115} INFO - [2022-09-02T12:03:47.482+0000] {dag.py:2981} INFO - Setting next_dagrun for example_task_group to 2022-09-01T12:03:47.482662+00:00, run_after=2022-09-02T12:03:47.482662+00:00
[2022-09-02T12:03:47.491+0000] {processor.py:161} INFO - Processing /home/airflow/.local/lib/python3.7/site-packages/airflow/example_dags/example_task_group.py took 0.063 seconds
[2022-09-02T12:04:18.129+0000] {processor.py:153} INFO - Started process (PID=6643) to work on /home/airflow/.local/lib/python3.7/site-packages/airflow/example_dags/example_task_group.py
[2022-09-02T12:04:18.131+0000] {processor.py:640} INFO - Processing file /home/airflow/.local/lib/python3.7/site-packages/airflow/example_dags/example_task_group.py for tasks to queue
[2022-09-02T12:04:18.133+0000] {logging_mixin.py:115} INFO - [2022-09-02T12:04:18.133+0000] {dagbag.py:508} INFO - Filling up the DagBag from /home/airflow/.local/lib/python3.7/site-packages/airflow/example_dags/example_task_group.py
[2022-09-02T12:04:18.140+0000] {processor.py:650} INFO - DAG(s) dict_keys(['example_task_group']) retrieved from /home/airflow/.local/lib/python3.7/site-packages/airflow/example_dags/example_task_group.py
[2022-09-02T12:04:18.161+0000] {logging_mixin.py:115} INFO - [2022-09-02T12:04:18.161+0000] {dag.py:2429} INFO - Sync 1 DAGs
[2022-09-02T12:04:18.178+0000] {logging_mixin.py:115} INFO - [2022-09-02T12:04:18.178+0000] {dag.py:2981} INFO - Setting next_dagrun for example_task_group to 2022-09-01T12:04:18.178690+00:00, run_after=2022-09-02T12:04:18.178690+00:00
[2022-09-02T12:04:18.187+0000] {processor.py:161} INFO - Processing /home/airflow/.local/lib/python3.7/site-packages/airflow/example_dags/example_task_group.py took 0.061 seconds
[2022-09-02T12:04:48.962+0000] {processor.py:153} INFO - Started process (PID=6840) to work on /home/airflow/.local/lib/python3.7/site-packages/airflow/example_dags/example_task_group.py
[2022-09-02T12:04:48.964+0000] {processor.py:640} INFO - Processing file /home/airflow/.local/lib/python3.7/site-packages/airflow/example_dags/example_task_group.py for tasks to queue
[2022-09-02T12:04:48.966+0000] {logging_mixin.py:115} INFO - [2022-09-02T12:04:48.966+0000] {dagbag.py:508} INFO - Filling up the DagBag from /home/airflow/.local/lib/python3.7/site-packages/airflow/example_dags/example_task_group.py
[2022-09-02T12:04:48.973+0000] {processor.py:650} INFO - DAG(s) dict_keys(['example_task_group']) retrieved from /home/airflow/.local/lib/python3.7/site-packages/airflow/example_dags/example_task_group.py
[2022-09-02T12:04:48.994+0000] {logging_mixin.py:115} INFO - [2022-09-02T12:04:48.994+0000] {dag.py:2429} INFO - Sync 1 DAGs
[2022-09-02T12:04:49.010+0000] {logging_mixin.py:115} INFO - [2022-09-02T12:04:49.010+0000] {dag.py:2981} INFO - Setting next_dagrun for example_task_group to 2022-09-01T12:04:49.010654+00:00, run_after=2022-09-02T12:04:49.010654+00:00
[2022-09-02T12:04:49.020+0000] {processor.py:161} INFO - Processing /home/airflow/.local/lib/python3.7/site-packages/airflow/example_dags/example_task_group.py took 0.061 seconds
[2022-09-02T12:05:19.828+0000] {processor.py:153} INFO - Started process (PID=7028) to work on /home/airflow/.local/lib/python3.7/site-packages/airflow/example_dags/example_task_group.py
[2022-09-02T12:05:19.830+0000] {processor.py:640} INFO - Processing file /home/airflow/.local/lib/python3.7/site-packages/airflow/example_dags/example_task_group.py for tasks to queue
[2022-09-02T12:05:19.832+0000] {logging_mixin.py:115} INFO - [2022-09-02T12:05:19.832+0000] {dagbag.py:508} INFO - Filling up the DagBag from /home/airflow/.local/lib/python3.7/site-packages/airflow/example_dags/example_task_group.py
[2022-09-02T12:05:19.842+0000] {processor.py:650} INFO - DAG(s) dict_keys(['example_task_group']) retrieved from /home/airflow/.local/lib/python3.7/site-packages/airflow/example_dags/example_task_group.py
[2022-09-02T12:05:19.876+0000] {logging_mixin.py:115} INFO - [2022-09-02T12:05:19.876+0000] {dag.py:2429} INFO - Sync 1 DAGs
[2022-09-02T12:05:19.897+0000] {logging_mixin.py:115} INFO - [2022-09-02T12:05:19.897+0000] {dag.py:2981} INFO - Setting next_dagrun for example_task_group to 2022-09-01T12:05:19.897072+00:00, run_after=2022-09-02T12:05:19.897072+00:00
[2022-09-02T12:05:19.908+0000] {processor.py:161} INFO - Processing /home/airflow/.local/lib/python3.7/site-packages/airflow/example_dags/example_task_group.py took 0.086 seconds
[2022-09-02T12:05:50.622+0000] {processor.py:153} INFO - Started process (PID=7226) to work on /home/airflow/.local/lib/python3.7/site-packages/airflow/example_dags/example_task_group.py
[2022-09-02T12:05:50.624+0000] {processor.py:640} INFO - Processing file /home/airflow/.local/lib/python3.7/site-packages/airflow/example_dags/example_task_group.py for tasks to queue
[2022-09-02T12:05:50.626+0000] {logging_mixin.py:115} INFO - [2022-09-02T12:05:50.626+0000] {dagbag.py:508} INFO - Filling up the DagBag from /home/airflow/.local/lib/python3.7/site-packages/airflow/example_dags/example_task_group.py
[2022-09-02T12:05:50.633+0000] {processor.py:650} INFO - DAG(s) dict_keys(['example_task_group']) retrieved from /home/airflow/.local/lib/python3.7/site-packages/airflow/example_dags/example_task_group.py
[2022-09-02T12:05:50.655+0000] {logging_mixin.py:115} INFO - [2022-09-02T12:05:50.655+0000] {dag.py:2429} INFO - Sync 1 DAGs
[2022-09-02T12:05:50.670+0000] {logging_mixin.py:115} INFO - [2022-09-02T12:05:50.670+0000] {dag.py:2981} INFO - Setting next_dagrun for example_task_group to 2022-09-01T12:05:50.670270+00:00, run_after=2022-09-02T12:05:50.670270+00:00
[2022-09-02T12:05:50.679+0000] {processor.py:161} INFO - Processing /home/airflow/.local/lib/python3.7/site-packages/airflow/example_dags/example_task_group.py took 0.059 seconds
[2022-09-02T12:06:21.419+0000] {processor.py:153} INFO - Started process (PID=7424) to work on /home/airflow/.local/lib/python3.7/site-packages/airflow/example_dags/example_task_group.py
[2022-09-02T12:06:21.421+0000] {processor.py:640} INFO - Processing file /home/airflow/.local/lib/python3.7/site-packages/airflow/example_dags/example_task_group.py for tasks to queue
[2022-09-02T12:06:21.423+0000] {logging_mixin.py:115} INFO - [2022-09-02T12:06:21.423+0000] {dagbag.py:508} INFO - Filling up the DagBag from /home/airflow/.local/lib/python3.7/site-packages/airflow/example_dags/example_task_group.py
[2022-09-02T12:06:21.430+0000] {processor.py:650} INFO - DAG(s) dict_keys(['example_task_group']) retrieved from /home/airflow/.local/lib/python3.7/site-packages/airflow/example_dags/example_task_group.py
[2022-09-02T12:06:21.450+0000] {logging_mixin.py:115} INFO - [2022-09-02T12:06:21.450+0000] {dag.py:2429} INFO - Sync 1 DAGs
[2022-09-02T12:06:21.465+0000] {logging_mixin.py:115} INFO - [2022-09-02T12:06:21.464+0000] {dag.py:2981} INFO - Setting next_dagrun for example_task_group to 2022-09-01T12:06:21.464791+00:00, run_after=2022-09-02T12:06:21.464791+00:00
[2022-09-02T12:06:21.473+0000] {processor.py:161} INFO - Processing /home/airflow/.local/lib/python3.7/site-packages/airflow/example_dags/example_task_group.py took 0.058 seconds
[2022-09-02T12:06:52.240+0000] {processor.py:153} INFO - Started process (PID=7620) to work on /home/airflow/.local/lib/python3.7/site-packages/airflow/example_dags/example_task_group.py
[2022-09-02T12:06:52.242+0000] {processor.py:640} INFO - Processing file /home/airflow/.local/lib/python3.7/site-packages/airflow/example_dags/example_task_group.py for tasks to queue
[2022-09-02T12:06:52.244+0000] {logging_mixin.py:115} INFO - [2022-09-02T12:06:52.243+0000] {dagbag.py:508} INFO - Filling up the DagBag from /home/airflow/.local/lib/python3.7/site-packages/airflow/example_dags/example_task_group.py
[2022-09-02T12:06:52.250+0000] {processor.py:650} INFO - DAG(s) dict_keys(['example_task_group']) retrieved from /home/airflow/.local/lib/python3.7/site-packages/airflow/example_dags/example_task_group.py
[2022-09-02T12:06:52.270+0000] {logging_mixin.py:115} INFO - [2022-09-02T12:06:52.270+0000] {dag.py:2429} INFO - Sync 1 DAGs
[2022-09-02T12:06:52.288+0000] {logging_mixin.py:115} INFO - [2022-09-02T12:06:52.288+0000] {dag.py:2981} INFO - Setting next_dagrun for example_task_group to 2022-09-01T12:06:52.288306+00:00, run_after=2022-09-02T12:06:52.288306+00:00
[2022-09-02T12:06:52.298+0000] {processor.py:161} INFO - Processing /home/airflow/.local/lib/python3.7/site-packages/airflow/example_dags/example_task_group.py took 0.061 seconds
[2022-09-02T12:07:23.129+0000] {processor.py:153} INFO - Started process (PID=7817) to work on /home/airflow/.local/lib/python3.7/site-packages/airflow/example_dags/example_task_group.py
[2022-09-02T12:07:23.131+0000] {processor.py:640} INFO - Processing file /home/airflow/.local/lib/python3.7/site-packages/airflow/example_dags/example_task_group.py for tasks to queue
[2022-09-02T12:07:23.132+0000] {logging_mixin.py:115} INFO - [2022-09-02T12:07:23.132+0000] {dagbag.py:508} INFO - Filling up the DagBag from /home/airflow/.local/lib/python3.7/site-packages/airflow/example_dags/example_task_group.py
[2022-09-02T12:07:23.141+0000] {processor.py:650} INFO - DAG(s) dict_keys(['example_task_group']) retrieved from /home/airflow/.local/lib/python3.7/site-packages/airflow/example_dags/example_task_group.py
[2022-09-02T12:07:23.159+0000] {logging_mixin.py:115} INFO - [2022-09-02T12:07:23.159+0000] {dag.py:2429} INFO - Sync 1 DAGs
[2022-09-02T12:07:23.175+0000] {logging_mixin.py:115} INFO - [2022-09-02T12:07:23.175+0000] {dag.py:2981} INFO - Setting next_dagrun for example_task_group to 2022-09-01T12:07:23.175128+00:00, run_after=2022-09-02T12:07:23.175128+00:00
[2022-09-02T12:07:23.182+0000] {processor.py:161} INFO - Processing /home/airflow/.local/lib/python3.7/site-packages/airflow/example_dags/example_task_group.py took 0.058 seconds
[2022-09-02T12:07:54.131+0000] {processor.py:153} INFO - Started process (PID=8014) to work on /home/airflow/.local/lib/python3.7/site-packages/airflow/example_dags/example_task_group.py
[2022-09-02T12:07:54.133+0000] {processor.py:640} INFO - Processing file /home/airflow/.local/lib/python3.7/site-packages/airflow/example_dags/example_task_group.py for tasks to queue
[2022-09-02T12:07:54.135+0000] {logging_mixin.py:115} INFO - [2022-09-02T12:07:54.135+0000] {dagbag.py:508} INFO - Filling up the DagBag from /home/airflow/.local/lib/python3.7/site-packages/airflow/example_dags/example_task_group.py
[2022-09-02T12:07:54.142+0000] {processor.py:650} INFO - DAG(s) dict_keys(['example_task_group']) retrieved from /home/airflow/.local/lib/python3.7/site-packages/airflow/example_dags/example_task_group.py
[2022-09-02T12:07:54.162+0000] {logging_mixin.py:115} INFO - [2022-09-02T12:07:54.162+0000] {dag.py:2429} INFO - Sync 1 DAGs
[2022-09-02T12:07:54.178+0000] {logging_mixin.py:115} INFO - [2022-09-02T12:07:54.178+0000] {dag.py:2981} INFO - Setting next_dagrun for example_task_group to 2022-09-01T12:07:54.178338+00:00, run_after=2022-09-02T12:07:54.178338+00:00
[2022-09-02T12:07:54.187+0000] {processor.py:161} INFO - Processing /home/airflow/.local/lib/python3.7/site-packages/airflow/example_dags/example_task_group.py took 0.059 seconds
