[2022-09-02T11:47:24.562+0000] {processor.py:153} INFO - Started process (PID=230) to work on /home/airflow/.local/lib/python3.7/site-packages/airflow/example_dags/example_trigger_target_dag.py
[2022-09-02T11:47:24.564+0000] {processor.py:640} INFO - Processing file /home/airflow/.local/lib/python3.7/site-packages/airflow/example_dags/example_trigger_target_dag.py for tasks to queue
[2022-09-02T11:47:24.565+0000] {logging_mixin.py:115} INFO - [2022-09-02T11:47:24.565+0000] {dagbag.py:508} INFO - Filling up the DagBag from /home/airflow/.local/lib/python3.7/site-packages/airflow/example_dags/example_trigger_target_dag.py
[2022-09-02T11:47:24.577+0000] {processor.py:650} INFO - DAG(s) dict_keys(['example_trigger_target_dag']) retrieved from /home/airflow/.local/lib/python3.7/site-packages/airflow/example_dags/example_trigger_target_dag.py
[2022-09-02T11:47:24.639+0000] {logging_mixin.py:115} INFO - [2022-09-02T11:47:24.639+0000] {manager.py:508} INFO - Created Permission View: can edit on DAG:example_trigger_target_dag
[2022-09-02T11:47:24.646+0000] {logging_mixin.py:115} INFO - [2022-09-02T11:47:24.646+0000] {manager.py:508} INFO - Created Permission View: can delete on DAG:example_trigger_target_dag
[2022-09-02T11:47:24.651+0000] {logging_mixin.py:115} INFO - [2022-09-02T11:47:24.651+0000] {manager.py:508} INFO - Created Permission View: can read on DAG:example_trigger_target_dag
[2022-09-02T11:47:24.653+0000] {logging_mixin.py:115} INFO - [2022-09-02T11:47:24.653+0000] {dag.py:2429} INFO - Sync 1 DAGs
[2022-09-02T11:47:24.659+0000] {logging_mixin.py:115} INFO - [2022-09-02T11:47:24.659+0000] {dag.py:2448} INFO - Creating ORM DAG for example_trigger_target_dag
[2022-09-02T11:47:24.668+0000] {logging_mixin.py:115} INFO - [2022-09-02T11:47:24.668+0000] {dag.py:2981} INFO - Setting next_dagrun for example_trigger_target_dag to None, run_after=None
[2022-09-02T11:47:24.680+0000] {processor.py:161} INFO - Processing /home/airflow/.local/lib/python3.7/site-packages/airflow/example_dags/example_trigger_target_dag.py took 0.120 seconds
[2022-09-02T11:47:55.098+0000] {processor.py:153} INFO - Started process (PID=427) to work on /home/airflow/.local/lib/python3.7/site-packages/airflow/example_dags/example_trigger_target_dag.py
[2022-09-02T11:47:55.100+0000] {processor.py:640} INFO - Processing file /home/airflow/.local/lib/python3.7/site-packages/airflow/example_dags/example_trigger_target_dag.py for tasks to queue
[2022-09-02T11:47:55.102+0000] {logging_mixin.py:115} INFO - [2022-09-02T11:47:55.102+0000] {dagbag.py:508} INFO - Filling up the DagBag from /home/airflow/.local/lib/python3.7/site-packages/airflow/example_dags/example_trigger_target_dag.py
[2022-09-02T11:47:55.113+0000] {processor.py:650} INFO - DAG(s) dict_keys(['example_trigger_target_dag']) retrieved from /home/airflow/.local/lib/python3.7/site-packages/airflow/example_dags/example_trigger_target_dag.py
[2022-09-02T11:47:55.131+0000] {logging_mixin.py:115} INFO - [2022-09-02T11:47:55.131+0000] {dag.py:2429} INFO - Sync 1 DAGs
[2022-09-02T11:47:55.148+0000] {logging_mixin.py:115} INFO - [2022-09-02T11:47:55.148+0000] {dag.py:2981} INFO - Setting next_dagrun for example_trigger_target_dag to None, run_after=None
[2022-09-02T11:47:55.158+0000] {processor.py:161} INFO - Processing /home/airflow/.local/lib/python3.7/site-packages/airflow/example_dags/example_trigger_target_dag.py took 0.062 seconds
[2022-09-02T11:48:25.321+0000] {processor.py:153} INFO - Started process (PID=625) to work on /home/airflow/.local/lib/python3.7/site-packages/airflow/example_dags/example_trigger_target_dag.py
[2022-09-02T11:48:25.323+0000] {processor.py:640} INFO - Processing file /home/airflow/.local/lib/python3.7/site-packages/airflow/example_dags/example_trigger_target_dag.py for tasks to queue
[2022-09-02T11:48:25.325+0000] {logging_mixin.py:115} INFO - [2022-09-02T11:48:25.325+0000] {dagbag.py:508} INFO - Filling up the DagBag from /home/airflow/.local/lib/python3.7/site-packages/airflow/example_dags/example_trigger_target_dag.py
[2022-09-02T11:48:25.336+0000] {processor.py:650} INFO - DAG(s) dict_keys(['example_trigger_target_dag']) retrieved from /home/airflow/.local/lib/python3.7/site-packages/airflow/example_dags/example_trigger_target_dag.py
[2022-09-02T11:48:25.355+0000] {logging_mixin.py:115} INFO - [2022-09-02T11:48:25.355+0000] {dag.py:2429} INFO - Sync 1 DAGs
[2022-09-02T11:48:25.372+0000] {logging_mixin.py:115} INFO - [2022-09-02T11:48:25.372+0000] {dag.py:2981} INFO - Setting next_dagrun for example_trigger_target_dag to None, run_after=None
[2022-09-02T11:48:25.382+0000] {processor.py:161} INFO - Processing /home/airflow/.local/lib/python3.7/site-packages/airflow/example_dags/example_trigger_target_dag.py took 0.063 seconds
[2022-09-02T11:48:56.380+0000] {processor.py:153} INFO - Started process (PID=821) to work on /home/airflow/.local/lib/python3.7/site-packages/airflow/example_dags/example_trigger_target_dag.py
[2022-09-02T11:48:56.382+0000] {processor.py:640} INFO - Processing file /home/airflow/.local/lib/python3.7/site-packages/airflow/example_dags/example_trigger_target_dag.py for tasks to queue
[2022-09-02T11:48:56.383+0000] {logging_mixin.py:115} INFO - [2022-09-02T11:48:56.383+0000] {dagbag.py:508} INFO - Filling up the DagBag from /home/airflow/.local/lib/python3.7/site-packages/airflow/example_dags/example_trigger_target_dag.py
[2022-09-02T11:48:56.393+0000] {processor.py:650} INFO - DAG(s) dict_keys(['example_trigger_target_dag']) retrieved from /home/airflow/.local/lib/python3.7/site-packages/airflow/example_dags/example_trigger_target_dag.py
[2022-09-02T11:48:56.412+0000] {logging_mixin.py:115} INFO - [2022-09-02T11:48:56.412+0000] {dag.py:2429} INFO - Sync 1 DAGs
[2022-09-02T11:48:56.427+0000] {logging_mixin.py:115} INFO - [2022-09-02T11:48:56.427+0000] {dag.py:2981} INFO - Setting next_dagrun for example_trigger_target_dag to None, run_after=None
[2022-09-02T11:48:56.434+0000] {processor.py:161} INFO - Processing /home/airflow/.local/lib/python3.7/site-packages/airflow/example_dags/example_trigger_target_dag.py took 0.056 seconds
[2022-09-02T11:49:27.198+0000] {processor.py:153} INFO - Started process (PID=1009) to work on /home/airflow/.local/lib/python3.7/site-packages/airflow/example_dags/example_trigger_target_dag.py
[2022-09-02T11:49:27.201+0000] {processor.py:640} INFO - Processing file /home/airflow/.local/lib/python3.7/site-packages/airflow/example_dags/example_trigger_target_dag.py for tasks to queue
[2022-09-02T11:49:27.202+0000] {logging_mixin.py:115} INFO - [2022-09-02T11:49:27.202+0000] {dagbag.py:508} INFO - Filling up the DagBag from /home/airflow/.local/lib/python3.7/site-packages/airflow/example_dags/example_trigger_target_dag.py
[2022-09-02T11:49:27.219+0000] {processor.py:650} INFO - DAG(s) dict_keys(['example_trigger_target_dag']) retrieved from /home/airflow/.local/lib/python3.7/site-packages/airflow/example_dags/example_trigger_target_dag.py
[2022-09-02T11:49:27.237+0000] {logging_mixin.py:115} INFO - [2022-09-02T11:49:27.237+0000] {dag.py:2429} INFO - Sync 1 DAGs
[2022-09-02T11:49:27.256+0000] {logging_mixin.py:115} INFO - [2022-09-02T11:49:27.255+0000] {dag.py:2981} INFO - Setting next_dagrun for example_trigger_target_dag to None, run_after=None
[2022-09-02T11:49:27.264+0000] {processor.py:161} INFO - Processing /home/airflow/.local/lib/python3.7/site-packages/airflow/example_dags/example_trigger_target_dag.py took 0.068 seconds
[2022-09-02T11:49:58.085+0000] {processor.py:153} INFO - Started process (PID=1208) to work on /home/airflow/.local/lib/python3.7/site-packages/airflow/example_dags/example_trigger_target_dag.py
[2022-09-02T11:49:58.114+0000] {processor.py:640} INFO - Processing file /home/airflow/.local/lib/python3.7/site-packages/airflow/example_dags/example_trigger_target_dag.py for tasks to queue
[2022-09-02T11:49:58.115+0000] {logging_mixin.py:115} INFO - [2022-09-02T11:49:58.115+0000] {dagbag.py:508} INFO - Filling up the DagBag from /home/airflow/.local/lib/python3.7/site-packages/airflow/example_dags/example_trigger_target_dag.py
[2022-09-02T11:49:58.125+0000] {processor.py:650} INFO - DAG(s) dict_keys(['example_trigger_target_dag']) retrieved from /home/airflow/.local/lib/python3.7/site-packages/airflow/example_dags/example_trigger_target_dag.py
[2022-09-02T11:49:58.144+0000] {logging_mixin.py:115} INFO - [2022-09-02T11:49:58.143+0000] {dag.py:2429} INFO - Sync 1 DAGs
[2022-09-02T11:49:58.158+0000] {logging_mixin.py:115} INFO - [2022-09-02T11:49:58.158+0000] {dag.py:2981} INFO - Setting next_dagrun for example_trigger_target_dag to None, run_after=None
[2022-09-02T11:49:58.166+0000] {processor.py:161} INFO - Processing /home/airflow/.local/lib/python3.7/site-packages/airflow/example_dags/example_trigger_target_dag.py took 0.084 seconds
[2022-09-02T11:50:28.887+0000] {processor.py:153} INFO - Started process (PID=1405) to work on /home/airflow/.local/lib/python3.7/site-packages/airflow/example_dags/example_trigger_target_dag.py
[2022-09-02T11:50:28.888+0000] {processor.py:640} INFO - Processing file /home/airflow/.local/lib/python3.7/site-packages/airflow/example_dags/example_trigger_target_dag.py for tasks to queue
[2022-09-02T11:50:28.889+0000] {logging_mixin.py:115} INFO - [2022-09-02T11:50:28.889+0000] {dagbag.py:508} INFO - Filling up the DagBag from /home/airflow/.local/lib/python3.7/site-packages/airflow/example_dags/example_trigger_target_dag.py
[2022-09-02T11:50:28.900+0000] {processor.py:650} INFO - DAG(s) dict_keys(['example_trigger_target_dag']) retrieved from /home/airflow/.local/lib/python3.7/site-packages/airflow/example_dags/example_trigger_target_dag.py
[2022-09-02T11:50:28.916+0000] {logging_mixin.py:115} INFO - [2022-09-02T11:50:28.916+0000] {dag.py:2429} INFO - Sync 1 DAGs
[2022-09-02T11:50:28.930+0000] {logging_mixin.py:115} INFO - [2022-09-02T11:50:28.930+0000] {dag.py:2981} INFO - Setting next_dagrun for example_trigger_target_dag to None, run_after=None
[2022-09-02T11:50:28.937+0000] {processor.py:161} INFO - Processing /home/airflow/.local/lib/python3.7/site-packages/airflow/example_dags/example_trigger_target_dag.py took 0.052 seconds
[2022-09-02T11:50:59.605+0000] {processor.py:153} INFO - Started process (PID=1604) to work on /home/airflow/.local/lib/python3.7/site-packages/airflow/example_dags/example_trigger_target_dag.py
[2022-09-02T11:50:59.607+0000] {processor.py:640} INFO - Processing file /home/airflow/.local/lib/python3.7/site-packages/airflow/example_dags/example_trigger_target_dag.py for tasks to queue
[2022-09-02T11:50:59.609+0000] {logging_mixin.py:115} INFO - [2022-09-02T11:50:59.609+0000] {dagbag.py:508} INFO - Filling up the DagBag from /home/airflow/.local/lib/python3.7/site-packages/airflow/example_dags/example_trigger_target_dag.py
[2022-09-02T11:50:59.618+0000] {processor.py:650} INFO - DAG(s) dict_keys(['example_trigger_target_dag']) retrieved from /home/airflow/.local/lib/python3.7/site-packages/airflow/example_dags/example_trigger_target_dag.py
[2022-09-02T11:50:59.633+0000] {logging_mixin.py:115} INFO - [2022-09-02T11:50:59.633+0000] {dag.py:2429} INFO - Sync 1 DAGs
[2022-09-02T11:50:59.647+0000] {logging_mixin.py:115} INFO - [2022-09-02T11:50:59.647+0000] {dag.py:2981} INFO - Setting next_dagrun for example_trigger_target_dag to None, run_after=None
[2022-09-02T11:50:59.654+0000] {processor.py:161} INFO - Processing /home/airflow/.local/lib/python3.7/site-packages/airflow/example_dags/example_trigger_target_dag.py took 0.051 seconds
[2022-09-02T11:51:30.395+0000] {processor.py:153} INFO - Started process (PID=1802) to work on /home/airflow/.local/lib/python3.7/site-packages/airflow/example_dags/example_trigger_target_dag.py
[2022-09-02T11:51:30.397+0000] {processor.py:640} INFO - Processing file /home/airflow/.local/lib/python3.7/site-packages/airflow/example_dags/example_trigger_target_dag.py for tasks to queue
[2022-09-02T11:51:30.398+0000] {logging_mixin.py:115} INFO - [2022-09-02T11:51:30.398+0000] {dagbag.py:508} INFO - Filling up the DagBag from /home/airflow/.local/lib/python3.7/site-packages/airflow/example_dags/example_trigger_target_dag.py
[2022-09-02T11:51:30.409+0000] {processor.py:650} INFO - DAG(s) dict_keys(['example_trigger_target_dag']) retrieved from /home/airflow/.local/lib/python3.7/site-packages/airflow/example_dags/example_trigger_target_dag.py
[2022-09-02T11:51:30.427+0000] {logging_mixin.py:115} INFO - [2022-09-02T11:51:30.427+0000] {dag.py:2429} INFO - Sync 1 DAGs
[2022-09-02T11:51:30.442+0000] {logging_mixin.py:115} INFO - [2022-09-02T11:51:30.441+0000] {dag.py:2981} INFO - Setting next_dagrun for example_trigger_target_dag to None, run_after=None
[2022-09-02T11:51:30.450+0000] {processor.py:161} INFO - Processing /home/airflow/.local/lib/python3.7/site-packages/airflow/example_dags/example_trigger_target_dag.py took 0.057 seconds
[2022-09-02T11:52:01.157+0000] {processor.py:153} INFO - Started process (PID=1999) to work on /home/airflow/.local/lib/python3.7/site-packages/airflow/example_dags/example_trigger_target_dag.py
[2022-09-02T11:52:01.159+0000] {processor.py:640} INFO - Processing file /home/airflow/.local/lib/python3.7/site-packages/airflow/example_dags/example_trigger_target_dag.py for tasks to queue
[2022-09-02T11:52:01.160+0000] {logging_mixin.py:115} INFO - [2022-09-02T11:52:01.160+0000] {dagbag.py:508} INFO - Filling up the DagBag from /home/airflow/.local/lib/python3.7/site-packages/airflow/example_dags/example_trigger_target_dag.py
[2022-09-02T11:52:01.172+0000] {processor.py:650} INFO - DAG(s) dict_keys(['example_trigger_target_dag']) retrieved from /home/airflow/.local/lib/python3.7/site-packages/airflow/example_dags/example_trigger_target_dag.py
[2022-09-02T11:52:01.191+0000] {logging_mixin.py:115} INFO - [2022-09-02T11:52:01.191+0000] {dag.py:2429} INFO - Sync 1 DAGs
[2022-09-02T11:52:01.208+0000] {logging_mixin.py:115} INFO - [2022-09-02T11:52:01.208+0000] {dag.py:2981} INFO - Setting next_dagrun for example_trigger_target_dag to None, run_after=None
[2022-09-02T11:52:01.218+0000] {processor.py:161} INFO - Processing /home/airflow/.local/lib/python3.7/site-packages/airflow/example_dags/example_trigger_target_dag.py took 0.063 seconds
[2022-09-02T11:52:32.153+0000] {processor.py:153} INFO - Started process (PID=2196) to work on /home/airflow/.local/lib/python3.7/site-packages/airflow/example_dags/example_trigger_target_dag.py
[2022-09-02T11:52:32.156+0000] {processor.py:640} INFO - Processing file /home/airflow/.local/lib/python3.7/site-packages/airflow/example_dags/example_trigger_target_dag.py for tasks to queue
[2022-09-02T11:52:32.157+0000] {logging_mixin.py:115} INFO - [2022-09-02T11:52:32.157+0000] {dagbag.py:508} INFO - Filling up the DagBag from /home/airflow/.local/lib/python3.7/site-packages/airflow/example_dags/example_trigger_target_dag.py
[2022-09-02T11:52:32.169+0000] {processor.py:650} INFO - DAG(s) dict_keys(['example_trigger_target_dag']) retrieved from /home/airflow/.local/lib/python3.7/site-packages/airflow/example_dags/example_trigger_target_dag.py
[2022-09-02T11:52:32.187+0000] {logging_mixin.py:115} INFO - [2022-09-02T11:52:32.187+0000] {dag.py:2429} INFO - Sync 1 DAGs
[2022-09-02T11:52:32.203+0000] {logging_mixin.py:115} INFO - [2022-09-02T11:52:32.203+0000] {dag.py:2981} INFO - Setting next_dagrun for example_trigger_target_dag to None, run_after=None
[2022-09-02T11:52:32.212+0000] {processor.py:161} INFO - Processing /home/airflow/.local/lib/python3.7/site-packages/airflow/example_dags/example_trigger_target_dag.py took 0.061 seconds
[2022-09-02T11:53:02.855+0000] {processor.py:153} INFO - Started process (PID=2385) to work on /home/airflow/.local/lib/python3.7/site-packages/airflow/example_dags/example_trigger_target_dag.py
[2022-09-02T11:53:02.857+0000] {processor.py:640} INFO - Processing file /home/airflow/.local/lib/python3.7/site-packages/airflow/example_dags/example_trigger_target_dag.py for tasks to queue
[2022-09-02T11:53:02.859+0000] {logging_mixin.py:115} INFO - [2022-09-02T11:53:02.859+0000] {dagbag.py:508} INFO - Filling up the DagBag from /home/airflow/.local/lib/python3.7/site-packages/airflow/example_dags/example_trigger_target_dag.py
[2022-09-02T11:53:02.871+0000] {processor.py:650} INFO - DAG(s) dict_keys(['example_trigger_target_dag']) retrieved from /home/airflow/.local/lib/python3.7/site-packages/airflow/example_dags/example_trigger_target_dag.py
[2022-09-02T11:53:02.889+0000] {logging_mixin.py:115} INFO - [2022-09-02T11:53:02.888+0000] {dag.py:2429} INFO - Sync 1 DAGs
[2022-09-02T11:53:02.903+0000] {logging_mixin.py:115} INFO - [2022-09-02T11:53:02.903+0000] {dag.py:2981} INFO - Setting next_dagrun for example_trigger_target_dag to None, run_after=None
[2022-09-02T11:53:02.911+0000] {processor.py:161} INFO - Processing /home/airflow/.local/lib/python3.7/site-packages/airflow/example_dags/example_trigger_target_dag.py took 0.058 seconds
[2022-09-02T11:53:33.691+0000] {processor.py:153} INFO - Started process (PID=2581) to work on /home/airflow/.local/lib/python3.7/site-packages/airflow/example_dags/example_trigger_target_dag.py
[2022-09-02T11:53:33.709+0000] {processor.py:640} INFO - Processing file /home/airflow/.local/lib/python3.7/site-packages/airflow/example_dags/example_trigger_target_dag.py for tasks to queue
[2022-09-02T11:53:33.710+0000] {logging_mixin.py:115} INFO - [2022-09-02T11:53:33.710+0000] {dagbag.py:508} INFO - Filling up the DagBag from /home/airflow/.local/lib/python3.7/site-packages/airflow/example_dags/example_trigger_target_dag.py
[2022-09-02T11:53:33.720+0000] {processor.py:650} INFO - DAG(s) dict_keys(['example_trigger_target_dag']) retrieved from /home/airflow/.local/lib/python3.7/site-packages/airflow/example_dags/example_trigger_target_dag.py
[2022-09-02T11:53:33.741+0000] {logging_mixin.py:115} INFO - [2022-09-02T11:53:33.741+0000] {dag.py:2429} INFO - Sync 1 DAGs
[2022-09-02T11:53:33.757+0000] {logging_mixin.py:115} INFO - [2022-09-02T11:53:33.757+0000] {dag.py:2981} INFO - Setting next_dagrun for example_trigger_target_dag to None, run_after=None
[2022-09-02T11:53:33.769+0000] {processor.py:161} INFO - Processing /home/airflow/.local/lib/python3.7/site-packages/airflow/example_dags/example_trigger_target_dag.py took 0.080 seconds
[2022-09-02T11:54:04.469+0000] {processor.py:153} INFO - Started process (PID=2778) to work on /home/airflow/.local/lib/python3.7/site-packages/airflow/example_dags/example_trigger_target_dag.py
[2022-09-02T11:54:04.470+0000] {processor.py:640} INFO - Processing file /home/airflow/.local/lib/python3.7/site-packages/airflow/example_dags/example_trigger_target_dag.py for tasks to queue
[2022-09-02T11:54:04.472+0000] {logging_mixin.py:115} INFO - [2022-09-02T11:54:04.471+0000] {dagbag.py:508} INFO - Filling up the DagBag from /home/airflow/.local/lib/python3.7/site-packages/airflow/example_dags/example_trigger_target_dag.py
[2022-09-02T11:54:04.482+0000] {processor.py:650} INFO - DAG(s) dict_keys(['example_trigger_target_dag']) retrieved from /home/airflow/.local/lib/python3.7/site-packages/airflow/example_dags/example_trigger_target_dag.py
[2022-09-02T11:54:04.501+0000] {logging_mixin.py:115} INFO - [2022-09-02T11:54:04.501+0000] {dag.py:2429} INFO - Sync 1 DAGs
[2022-09-02T11:54:04.517+0000] {logging_mixin.py:115} INFO - [2022-09-02T11:54:04.517+0000] {dag.py:2981} INFO - Setting next_dagrun for example_trigger_target_dag to None, run_after=None
[2022-09-02T11:54:04.526+0000] {processor.py:161} INFO - Processing /home/airflow/.local/lib/python3.7/site-packages/airflow/example_dags/example_trigger_target_dag.py took 0.060 seconds
[2022-09-02T11:54:35.283+0000] {processor.py:153} INFO - Started process (PID=2974) to work on /home/airflow/.local/lib/python3.7/site-packages/airflow/example_dags/example_trigger_target_dag.py
[2022-09-02T11:54:35.284+0000] {processor.py:640} INFO - Processing file /home/airflow/.local/lib/python3.7/site-packages/airflow/example_dags/example_trigger_target_dag.py for tasks to queue
[2022-09-02T11:54:35.287+0000] {logging_mixin.py:115} INFO - [2022-09-02T11:54:35.287+0000] {dagbag.py:508} INFO - Filling up the DagBag from /home/airflow/.local/lib/python3.7/site-packages/airflow/example_dags/example_trigger_target_dag.py
[2022-09-02T11:54:35.305+0000] {processor.py:650} INFO - DAG(s) dict_keys(['example_trigger_target_dag']) retrieved from /home/airflow/.local/lib/python3.7/site-packages/airflow/example_dags/example_trigger_target_dag.py
[2022-09-02T11:54:35.326+0000] {logging_mixin.py:115} INFO - [2022-09-02T11:54:35.325+0000] {dag.py:2429} INFO - Sync 1 DAGs
[2022-09-02T11:54:35.345+0000] {logging_mixin.py:115} INFO - [2022-09-02T11:54:35.344+0000] {dag.py:2981} INFO - Setting next_dagrun for example_trigger_target_dag to None, run_after=None
[2022-09-02T11:54:35.353+0000] {processor.py:161} INFO - Processing /home/airflow/.local/lib/python3.7/site-packages/airflow/example_dags/example_trigger_target_dag.py took 0.073 seconds
[2022-09-02T11:55:06.000+0000] {processor.py:153} INFO - Started process (PID=3174) to work on /home/airflow/.local/lib/python3.7/site-packages/airflow/example_dags/example_trigger_target_dag.py
[2022-09-02T11:55:06.001+0000] {processor.py:640} INFO - Processing file /home/airflow/.local/lib/python3.7/site-packages/airflow/example_dags/example_trigger_target_dag.py for tasks to queue
[2022-09-02T11:55:06.002+0000] {logging_mixin.py:115} INFO - [2022-09-02T11:55:06.002+0000] {dagbag.py:508} INFO - Filling up the DagBag from /home/airflow/.local/lib/python3.7/site-packages/airflow/example_dags/example_trigger_target_dag.py
[2022-09-02T11:55:06.011+0000] {processor.py:650} INFO - DAG(s) dict_keys(['example_trigger_target_dag']) retrieved from /home/airflow/.local/lib/python3.7/site-packages/airflow/example_dags/example_trigger_target_dag.py
[2022-09-02T11:55:06.028+0000] {logging_mixin.py:115} INFO - [2022-09-02T11:55:06.028+0000] {dag.py:2429} INFO - Sync 1 DAGs
[2022-09-02T11:55:06.042+0000] {logging_mixin.py:115} INFO - [2022-09-02T11:55:06.042+0000] {dag.py:2981} INFO - Setting next_dagrun for example_trigger_target_dag to None, run_after=None
[2022-09-02T11:55:06.050+0000] {processor.py:161} INFO - Processing /home/airflow/.local/lib/python3.7/site-packages/airflow/example_dags/example_trigger_target_dag.py took 0.052 seconds
[2022-09-02T11:55:36.890+0000] {processor.py:153} INFO - Started process (PID=3372) to work on /home/airflow/.local/lib/python3.7/site-packages/airflow/example_dags/example_trigger_target_dag.py
[2022-09-02T11:55:36.892+0000] {processor.py:640} INFO - Processing file /home/airflow/.local/lib/python3.7/site-packages/airflow/example_dags/example_trigger_target_dag.py for tasks to queue
[2022-09-02T11:55:36.894+0000] {logging_mixin.py:115} INFO - [2022-09-02T11:55:36.894+0000] {dagbag.py:508} INFO - Filling up the DagBag from /home/airflow/.local/lib/python3.7/site-packages/airflow/example_dags/example_trigger_target_dag.py
[2022-09-02T11:55:36.905+0000] {processor.py:650} INFO - DAG(s) dict_keys(['example_trigger_target_dag']) retrieved from /home/airflow/.local/lib/python3.7/site-packages/airflow/example_dags/example_trigger_target_dag.py
[2022-09-02T11:55:36.920+0000] {logging_mixin.py:115} INFO - [2022-09-02T11:55:36.920+0000] {dag.py:2429} INFO - Sync 1 DAGs
[2022-09-02T11:55:36.936+0000] {logging_mixin.py:115} INFO - [2022-09-02T11:55:36.936+0000] {dag.py:2981} INFO - Setting next_dagrun for example_trigger_target_dag to None, run_after=None
[2022-09-02T11:55:36.943+0000] {processor.py:161} INFO - Processing /home/airflow/.local/lib/python3.7/site-packages/airflow/example_dags/example_trigger_target_dag.py took 0.055 seconds
[2022-09-02T11:56:07.652+0000] {processor.py:153} INFO - Started process (PID=3564) to work on /home/airflow/.local/lib/python3.7/site-packages/airflow/example_dags/example_trigger_target_dag.py
[2022-09-02T11:56:07.653+0000] {processor.py:640} INFO - Processing file /home/airflow/.local/lib/python3.7/site-packages/airflow/example_dags/example_trigger_target_dag.py for tasks to queue
[2022-09-02T11:56:07.654+0000] {logging_mixin.py:115} INFO - [2022-09-02T11:56:07.654+0000] {dagbag.py:508} INFO - Filling up the DagBag from /home/airflow/.local/lib/python3.7/site-packages/airflow/example_dags/example_trigger_target_dag.py
[2022-09-02T11:56:07.668+0000] {processor.py:650} INFO - DAG(s) dict_keys(['example_trigger_target_dag']) retrieved from /home/airflow/.local/lib/python3.7/site-packages/airflow/example_dags/example_trigger_target_dag.py
[2022-09-02T11:56:07.688+0000] {logging_mixin.py:115} INFO - [2022-09-02T11:56:07.688+0000] {dag.py:2429} INFO - Sync 1 DAGs
[2022-09-02T11:56:07.706+0000] {logging_mixin.py:115} INFO - [2022-09-02T11:56:07.706+0000] {dag.py:2981} INFO - Setting next_dagrun for example_trigger_target_dag to None, run_after=None
[2022-09-02T11:56:07.715+0000] {processor.py:161} INFO - Processing /home/airflow/.local/lib/python3.7/site-packages/airflow/example_dags/example_trigger_target_dag.py took 0.065 seconds
[2022-09-02T11:56:38.527+0000] {processor.py:153} INFO - Started process (PID=3755) to work on /home/airflow/.local/lib/python3.7/site-packages/airflow/example_dags/example_trigger_target_dag.py
[2022-09-02T11:56:38.529+0000] {processor.py:640} INFO - Processing file /home/airflow/.local/lib/python3.7/site-packages/airflow/example_dags/example_trigger_target_dag.py for tasks to queue
[2022-09-02T11:56:38.530+0000] {logging_mixin.py:115} INFO - [2022-09-02T11:56:38.530+0000] {dagbag.py:508} INFO - Filling up the DagBag from /home/airflow/.local/lib/python3.7/site-packages/airflow/example_dags/example_trigger_target_dag.py
[2022-09-02T11:56:38.539+0000] {processor.py:650} INFO - DAG(s) dict_keys(['example_trigger_target_dag']) retrieved from /home/airflow/.local/lib/python3.7/site-packages/airflow/example_dags/example_trigger_target_dag.py
[2022-09-02T11:56:38.555+0000] {logging_mixin.py:115} INFO - [2022-09-02T11:56:38.555+0000] {dag.py:2429} INFO - Sync 1 DAGs
[2022-09-02T11:56:38.569+0000] {logging_mixin.py:115} INFO - [2022-09-02T11:56:38.569+0000] {dag.py:2981} INFO - Setting next_dagrun for example_trigger_target_dag to None, run_after=None
[2022-09-02T11:56:38.577+0000] {processor.py:161} INFO - Processing /home/airflow/.local/lib/python3.7/site-packages/airflow/example_dags/example_trigger_target_dag.py took 0.052 seconds
[2022-09-02T11:57:09.324+0000] {processor.py:153} INFO - Started process (PID=3950) to work on /home/airflow/.local/lib/python3.7/site-packages/airflow/example_dags/example_trigger_target_dag.py
[2022-09-02T11:57:09.326+0000] {processor.py:640} INFO - Processing file /home/airflow/.local/lib/python3.7/site-packages/airflow/example_dags/example_trigger_target_dag.py for tasks to queue
[2022-09-02T11:57:09.328+0000] {logging_mixin.py:115} INFO - [2022-09-02T11:57:09.327+0000] {dagbag.py:508} INFO - Filling up the DagBag from /home/airflow/.local/lib/python3.7/site-packages/airflow/example_dags/example_trigger_target_dag.py
[2022-09-02T11:57:09.339+0000] {processor.py:650} INFO - DAG(s) dict_keys(['example_trigger_target_dag']) retrieved from /home/airflow/.local/lib/python3.7/site-packages/airflow/example_dags/example_trigger_target_dag.py
[2022-09-02T11:57:09.357+0000] {logging_mixin.py:115} INFO - [2022-09-02T11:57:09.356+0000] {dag.py:2429} INFO - Sync 1 DAGs
[2022-09-02T11:57:09.373+0000] {logging_mixin.py:115} INFO - [2022-09-02T11:57:09.373+0000] {dag.py:2981} INFO - Setting next_dagrun for example_trigger_target_dag to None, run_after=None
[2022-09-02T11:57:09.381+0000] {processor.py:161} INFO - Processing /home/airflow/.local/lib/python3.7/site-packages/airflow/example_dags/example_trigger_target_dag.py took 0.059 seconds
[2022-09-02T11:57:40.167+0000] {processor.py:153} INFO - Started process (PID=4147) to work on /home/airflow/.local/lib/python3.7/site-packages/airflow/example_dags/example_trigger_target_dag.py
[2022-09-02T11:57:40.169+0000] {processor.py:640} INFO - Processing file /home/airflow/.local/lib/python3.7/site-packages/airflow/example_dags/example_trigger_target_dag.py for tasks to queue
[2022-09-02T11:57:40.170+0000] {logging_mixin.py:115} INFO - [2022-09-02T11:57:40.170+0000] {dagbag.py:508} INFO - Filling up the DagBag from /home/airflow/.local/lib/python3.7/site-packages/airflow/example_dags/example_trigger_target_dag.py
[2022-09-02T11:57:40.179+0000] {processor.py:650} INFO - DAG(s) dict_keys(['example_trigger_target_dag']) retrieved from /home/airflow/.local/lib/python3.7/site-packages/airflow/example_dags/example_trigger_target_dag.py
[2022-09-02T11:57:40.196+0000] {logging_mixin.py:115} INFO - [2022-09-02T11:57:40.196+0000] {dag.py:2429} INFO - Sync 1 DAGs
[2022-09-02T11:57:40.211+0000] {logging_mixin.py:115} INFO - [2022-09-02T11:57:40.211+0000] {dag.py:2981} INFO - Setting next_dagrun for example_trigger_target_dag to None, run_after=None
[2022-09-02T11:57:40.218+0000] {processor.py:161} INFO - Processing /home/airflow/.local/lib/python3.7/site-packages/airflow/example_dags/example_trigger_target_dag.py took 0.052 seconds
[2022-09-02T11:58:11.056+0000] {processor.py:153} INFO - Started process (PID=4344) to work on /home/airflow/.local/lib/python3.7/site-packages/airflow/example_dags/example_trigger_target_dag.py
[2022-09-02T11:58:11.059+0000] {processor.py:640} INFO - Processing file /home/airflow/.local/lib/python3.7/site-packages/airflow/example_dags/example_trigger_target_dag.py for tasks to queue
[2022-09-02T11:58:11.061+0000] {logging_mixin.py:115} INFO - [2022-09-02T11:58:11.061+0000] {dagbag.py:508} INFO - Filling up the DagBag from /home/airflow/.local/lib/python3.7/site-packages/airflow/example_dags/example_trigger_target_dag.py
[2022-09-02T11:58:11.073+0000] {processor.py:650} INFO - DAG(s) dict_keys(['example_trigger_target_dag']) retrieved from /home/airflow/.local/lib/python3.7/site-packages/airflow/example_dags/example_trigger_target_dag.py
[2022-09-02T11:58:11.091+0000] {logging_mixin.py:115} INFO - [2022-09-02T11:58:11.091+0000] {dag.py:2429} INFO - Sync 1 DAGs
[2022-09-02T11:58:11.106+0000] {logging_mixin.py:115} INFO - [2022-09-02T11:58:11.106+0000] {dag.py:2981} INFO - Setting next_dagrun for example_trigger_target_dag to None, run_after=None
[2022-09-02T11:58:11.113+0000] {processor.py:161} INFO - Processing /home/airflow/.local/lib/python3.7/site-packages/airflow/example_dags/example_trigger_target_dag.py took 0.060 seconds
[2022-09-02T11:58:41.859+0000] {processor.py:153} INFO - Started process (PID=4541) to work on /home/airflow/.local/lib/python3.7/site-packages/airflow/example_dags/example_trigger_target_dag.py
[2022-09-02T11:58:41.861+0000] {processor.py:640} INFO - Processing file /home/airflow/.local/lib/python3.7/site-packages/airflow/example_dags/example_trigger_target_dag.py for tasks to queue
[2022-09-02T11:58:41.862+0000] {logging_mixin.py:115} INFO - [2022-09-02T11:58:41.862+0000] {dagbag.py:508} INFO - Filling up the DagBag from /home/airflow/.local/lib/python3.7/site-packages/airflow/example_dags/example_trigger_target_dag.py
[2022-09-02T11:58:41.876+0000] {processor.py:650} INFO - DAG(s) dict_keys(['example_trigger_target_dag']) retrieved from /home/airflow/.local/lib/python3.7/site-packages/airflow/example_dags/example_trigger_target_dag.py
[2022-09-02T11:58:41.894+0000] {logging_mixin.py:115} INFO - [2022-09-02T11:58:41.894+0000] {dag.py:2429} INFO - Sync 1 DAGs
[2022-09-02T11:58:41.909+0000] {logging_mixin.py:115} INFO - [2022-09-02T11:58:41.909+0000] {dag.py:2981} INFO - Setting next_dagrun for example_trigger_target_dag to None, run_after=None
[2022-09-02T11:58:41.917+0000] {processor.py:161} INFO - Processing /home/airflow/.local/lib/python3.7/site-packages/airflow/example_dags/example_trigger_target_dag.py took 0.060 seconds
[2022-09-02T11:59:12.786+0000] {processor.py:153} INFO - Started process (PID=4736) to work on /home/airflow/.local/lib/python3.7/site-packages/airflow/example_dags/example_trigger_target_dag.py
[2022-09-02T11:59:12.788+0000] {processor.py:640} INFO - Processing file /home/airflow/.local/lib/python3.7/site-packages/airflow/example_dags/example_trigger_target_dag.py for tasks to queue
[2022-09-02T11:59:12.789+0000] {logging_mixin.py:115} INFO - [2022-09-02T11:59:12.789+0000] {dagbag.py:508} INFO - Filling up the DagBag from /home/airflow/.local/lib/python3.7/site-packages/airflow/example_dags/example_trigger_target_dag.py
[2022-09-02T11:59:12.800+0000] {processor.py:650} INFO - DAG(s) dict_keys(['example_trigger_target_dag']) retrieved from /home/airflow/.local/lib/python3.7/site-packages/airflow/example_dags/example_trigger_target_dag.py
[2022-09-02T11:59:12.821+0000] {logging_mixin.py:115} INFO - [2022-09-02T11:59:12.821+0000] {dag.py:2429} INFO - Sync 1 DAGs
[2022-09-02T11:59:12.839+0000] {logging_mixin.py:115} INFO - [2022-09-02T11:59:12.839+0000] {dag.py:2981} INFO - Setting next_dagrun for example_trigger_target_dag to None, run_after=None
[2022-09-02T11:59:12.871+0000] {processor.py:161} INFO - Processing /home/airflow/.local/lib/python3.7/site-packages/airflow/example_dags/example_trigger_target_dag.py took 0.087 seconds
[2022-09-02T11:59:43.590+0000] {processor.py:153} INFO - Started process (PID=4926) to work on /home/airflow/.local/lib/python3.7/site-packages/airflow/example_dags/example_trigger_target_dag.py
[2022-09-02T11:59:43.591+0000] {processor.py:640} INFO - Processing file /home/airflow/.local/lib/python3.7/site-packages/airflow/example_dags/example_trigger_target_dag.py for tasks to queue
[2022-09-02T11:59:43.593+0000] {logging_mixin.py:115} INFO - [2022-09-02T11:59:43.593+0000] {dagbag.py:508} INFO - Filling up the DagBag from /home/airflow/.local/lib/python3.7/site-packages/airflow/example_dags/example_trigger_target_dag.py
[2022-09-02T11:59:43.608+0000] {processor.py:650} INFO - DAG(s) dict_keys(['example_trigger_target_dag']) retrieved from /home/airflow/.local/lib/python3.7/site-packages/airflow/example_dags/example_trigger_target_dag.py
[2022-09-02T11:59:43.624+0000] {logging_mixin.py:115} INFO - [2022-09-02T11:59:43.624+0000] {dag.py:2429} INFO - Sync 1 DAGs
[2022-09-02T11:59:43.640+0000] {logging_mixin.py:115} INFO - [2022-09-02T11:59:43.640+0000] {dag.py:2981} INFO - Setting next_dagrun for example_trigger_target_dag to None, run_after=None
[2022-09-02T11:59:43.647+0000] {processor.py:161} INFO - Processing /home/airflow/.local/lib/python3.7/site-packages/airflow/example_dags/example_trigger_target_dag.py took 0.060 seconds
[2022-09-02T12:00:14.488+0000] {processor.py:153} INFO - Started process (PID=5123) to work on /home/airflow/.local/lib/python3.7/site-packages/airflow/example_dags/example_trigger_target_dag.py
[2022-09-02T12:00:14.490+0000] {processor.py:640} INFO - Processing file /home/airflow/.local/lib/python3.7/site-packages/airflow/example_dags/example_trigger_target_dag.py for tasks to queue
[2022-09-02T12:00:14.491+0000] {logging_mixin.py:115} INFO - [2022-09-02T12:00:14.491+0000] {dagbag.py:508} INFO - Filling up the DagBag from /home/airflow/.local/lib/python3.7/site-packages/airflow/example_dags/example_trigger_target_dag.py
[2022-09-02T12:00:14.501+0000] {processor.py:650} INFO - DAG(s) dict_keys(['example_trigger_target_dag']) retrieved from /home/airflow/.local/lib/python3.7/site-packages/airflow/example_dags/example_trigger_target_dag.py
[2022-09-02T12:00:14.518+0000] {logging_mixin.py:115} INFO - [2022-09-02T12:00:14.518+0000] {dag.py:2429} INFO - Sync 1 DAGs
[2022-09-02T12:00:14.532+0000] {logging_mixin.py:115} INFO - [2022-09-02T12:00:14.532+0000] {dag.py:2981} INFO - Setting next_dagrun for example_trigger_target_dag to None, run_after=None
[2022-09-02T12:00:14.539+0000] {processor.py:161} INFO - Processing /home/airflow/.local/lib/python3.7/site-packages/airflow/example_dags/example_trigger_target_dag.py took 0.053 seconds
[2022-09-02T12:00:45.306+0000] {processor.py:153} INFO - Started process (PID=5318) to work on /home/airflow/.local/lib/python3.7/site-packages/airflow/example_dags/example_trigger_target_dag.py
[2022-09-02T12:00:45.307+0000] {processor.py:640} INFO - Processing file /home/airflow/.local/lib/python3.7/site-packages/airflow/example_dags/example_trigger_target_dag.py for tasks to queue
[2022-09-02T12:00:45.308+0000] {logging_mixin.py:115} INFO - [2022-09-02T12:00:45.308+0000] {dagbag.py:508} INFO - Filling up the DagBag from /home/airflow/.local/lib/python3.7/site-packages/airflow/example_dags/example_trigger_target_dag.py
[2022-09-02T12:00:45.318+0000] {processor.py:650} INFO - DAG(s) dict_keys(['example_trigger_target_dag']) retrieved from /home/airflow/.local/lib/python3.7/site-packages/airflow/example_dags/example_trigger_target_dag.py
[2022-09-02T12:00:45.336+0000] {logging_mixin.py:115} INFO - [2022-09-02T12:00:45.335+0000] {dag.py:2429} INFO - Sync 1 DAGs
[2022-09-02T12:00:45.351+0000] {logging_mixin.py:115} INFO - [2022-09-02T12:00:45.351+0000] {dag.py:2981} INFO - Setting next_dagrun for example_trigger_target_dag to None, run_after=None
[2022-09-02T12:00:45.360+0000] {processor.py:161} INFO - Processing /home/airflow/.local/lib/python3.7/site-packages/airflow/example_dags/example_trigger_target_dag.py took 0.057 seconds
[2022-09-02T12:01:15.929+0000] {processor.py:153} INFO - Started process (PID=5517) to work on /home/airflow/.local/lib/python3.7/site-packages/airflow/example_dags/example_trigger_target_dag.py
[2022-09-02T12:01:15.930+0000] {processor.py:640} INFO - Processing file /home/airflow/.local/lib/python3.7/site-packages/airflow/example_dags/example_trigger_target_dag.py for tasks to queue
[2022-09-02T12:01:15.932+0000] {logging_mixin.py:115} INFO - [2022-09-02T12:01:15.931+0000] {dagbag.py:508} INFO - Filling up the DagBag from /home/airflow/.local/lib/python3.7/site-packages/airflow/example_dags/example_trigger_target_dag.py
[2022-09-02T12:01:15.941+0000] {processor.py:650} INFO - DAG(s) dict_keys(['example_trigger_target_dag']) retrieved from /home/airflow/.local/lib/python3.7/site-packages/airflow/example_dags/example_trigger_target_dag.py
[2022-09-02T12:01:15.957+0000] {logging_mixin.py:115} INFO - [2022-09-02T12:01:15.957+0000] {dag.py:2429} INFO - Sync 1 DAGs
[2022-09-02T12:01:15.969+0000] {logging_mixin.py:115} INFO - [2022-09-02T12:01:15.969+0000] {dag.py:2981} INFO - Setting next_dagrun for example_trigger_target_dag to None, run_after=None
[2022-09-02T12:01:15.976+0000] {processor.py:161} INFO - Processing /home/airflow/.local/lib/python3.7/site-packages/airflow/example_dags/example_trigger_target_dag.py took 0.049 seconds
[2022-09-02T12:01:46.745+0000] {processor.py:153} INFO - Started process (PID=5712) to work on /home/airflow/.local/lib/python3.7/site-packages/airflow/example_dags/example_trigger_target_dag.py
[2022-09-02T12:01:46.747+0000] {processor.py:640} INFO - Processing file /home/airflow/.local/lib/python3.7/site-packages/airflow/example_dags/example_trigger_target_dag.py for tasks to queue
[2022-09-02T12:01:46.748+0000] {logging_mixin.py:115} INFO - [2022-09-02T12:01:46.748+0000] {dagbag.py:508} INFO - Filling up the DagBag from /home/airflow/.local/lib/python3.7/site-packages/airflow/example_dags/example_trigger_target_dag.py
[2022-09-02T12:01:46.759+0000] {processor.py:650} INFO - DAG(s) dict_keys(['example_trigger_target_dag']) retrieved from /home/airflow/.local/lib/python3.7/site-packages/airflow/example_dags/example_trigger_target_dag.py
[2022-09-02T12:01:46.778+0000] {logging_mixin.py:115} INFO - [2022-09-02T12:01:46.778+0000] {dag.py:2429} INFO - Sync 1 DAGs
[2022-09-02T12:01:46.793+0000] {logging_mixin.py:115} INFO - [2022-09-02T12:01:46.793+0000] {dag.py:2981} INFO - Setting next_dagrun for example_trigger_target_dag to None, run_after=None
[2022-09-02T12:01:46.800+0000] {processor.py:161} INFO - Processing /home/airflow/.local/lib/python3.7/site-packages/airflow/example_dags/example_trigger_target_dag.py took 0.058 seconds
[2022-09-02T12:02:17.546+0000] {processor.py:153} INFO - Started process (PID=5927) to work on /home/airflow/.local/lib/python3.7/site-packages/airflow/example_dags/example_trigger_target_dag.py
[2022-09-02T12:02:17.548+0000] {processor.py:640} INFO - Processing file /home/airflow/.local/lib/python3.7/site-packages/airflow/example_dags/example_trigger_target_dag.py for tasks to queue
[2022-09-02T12:02:17.549+0000] {logging_mixin.py:115} INFO - [2022-09-02T12:02:17.549+0000] {dagbag.py:508} INFO - Filling up the DagBag from /home/airflow/.local/lib/python3.7/site-packages/airflow/example_dags/example_trigger_target_dag.py
[2022-09-02T12:02:17.559+0000] {processor.py:650} INFO - DAG(s) dict_keys(['example_trigger_target_dag']) retrieved from /home/airflow/.local/lib/python3.7/site-packages/airflow/example_dags/example_trigger_target_dag.py
[2022-09-02T12:02:17.577+0000] {logging_mixin.py:115} INFO - [2022-09-02T12:02:17.577+0000] {dag.py:2429} INFO - Sync 1 DAGs
[2022-09-02T12:02:17.592+0000] {logging_mixin.py:115} INFO - [2022-09-02T12:02:17.592+0000] {dag.py:2981} INFO - Setting next_dagrun for example_trigger_target_dag to None, run_after=None
[2022-09-02T12:02:17.600+0000] {processor.py:161} INFO - Processing /home/airflow/.local/lib/python3.7/site-packages/airflow/example_dags/example_trigger_target_dag.py took 0.057 seconds
[2022-09-02T12:02:48.473+0000] {processor.py:153} INFO - Started process (PID=6124) to work on /home/airflow/.local/lib/python3.7/site-packages/airflow/example_dags/example_trigger_target_dag.py
[2022-09-02T12:02:48.475+0000] {processor.py:640} INFO - Processing file /home/airflow/.local/lib/python3.7/site-packages/airflow/example_dags/example_trigger_target_dag.py for tasks to queue
[2022-09-02T12:02:48.477+0000] {logging_mixin.py:115} INFO - [2022-09-02T12:02:48.477+0000] {dagbag.py:508} INFO - Filling up the DagBag from /home/airflow/.local/lib/python3.7/site-packages/airflow/example_dags/example_trigger_target_dag.py
[2022-09-02T12:02:48.487+0000] {processor.py:650} INFO - DAG(s) dict_keys(['example_trigger_target_dag']) retrieved from /home/airflow/.local/lib/python3.7/site-packages/airflow/example_dags/example_trigger_target_dag.py
[2022-09-02T12:02:48.505+0000] {logging_mixin.py:115} INFO - [2022-09-02T12:02:48.505+0000] {dag.py:2429} INFO - Sync 1 DAGs
[2022-09-02T12:02:48.521+0000] {logging_mixin.py:115} INFO - [2022-09-02T12:02:48.521+0000] {dag.py:2981} INFO - Setting next_dagrun for example_trigger_target_dag to None, run_after=None
[2022-09-02T12:02:48.530+0000] {processor.py:161} INFO - Processing /home/airflow/.local/lib/python3.7/site-packages/airflow/example_dags/example_trigger_target_dag.py took 0.059 seconds
[2022-09-02T12:03:19.254+0000] {processor.py:153} INFO - Started process (PID=6312) to work on /home/airflow/.local/lib/python3.7/site-packages/airflow/example_dags/example_trigger_target_dag.py
[2022-09-02T12:03:19.256+0000] {processor.py:640} INFO - Processing file /home/airflow/.local/lib/python3.7/site-packages/airflow/example_dags/example_trigger_target_dag.py for tasks to queue
[2022-09-02T12:03:19.257+0000] {logging_mixin.py:115} INFO - [2022-09-02T12:03:19.257+0000] {dagbag.py:508} INFO - Filling up the DagBag from /home/airflow/.local/lib/python3.7/site-packages/airflow/example_dags/example_trigger_target_dag.py
[2022-09-02T12:03:19.268+0000] {processor.py:650} INFO - DAG(s) dict_keys(['example_trigger_target_dag']) retrieved from /home/airflow/.local/lib/python3.7/site-packages/airflow/example_dags/example_trigger_target_dag.py
[2022-09-02T12:03:19.290+0000] {logging_mixin.py:115} INFO - [2022-09-02T12:03:19.290+0000] {dag.py:2429} INFO - Sync 1 DAGs
[2022-09-02T12:03:19.307+0000] {logging_mixin.py:115} INFO - [2022-09-02T12:03:19.307+0000] {dag.py:2981} INFO - Setting next_dagrun for example_trigger_target_dag to None, run_after=None
[2022-09-02T12:03:19.314+0000] {processor.py:161} INFO - Processing /home/airflow/.local/lib/python3.7/site-packages/airflow/example_dags/example_trigger_target_dag.py took 0.062 seconds
[2022-09-02T12:03:50.049+0000] {processor.py:153} INFO - Started process (PID=6508) to work on /home/airflow/.local/lib/python3.7/site-packages/airflow/example_dags/example_trigger_target_dag.py
[2022-09-02T12:03:50.050+0000] {processor.py:640} INFO - Processing file /home/airflow/.local/lib/python3.7/site-packages/airflow/example_dags/example_trigger_target_dag.py for tasks to queue
[2022-09-02T12:03:50.051+0000] {logging_mixin.py:115} INFO - [2022-09-02T12:03:50.051+0000] {dagbag.py:508} INFO - Filling up the DagBag from /home/airflow/.local/lib/python3.7/site-packages/airflow/example_dags/example_trigger_target_dag.py
[2022-09-02T12:03:50.062+0000] {processor.py:650} INFO - DAG(s) dict_keys(['example_trigger_target_dag']) retrieved from /home/airflow/.local/lib/python3.7/site-packages/airflow/example_dags/example_trigger_target_dag.py
[2022-09-02T12:03:50.081+0000] {logging_mixin.py:115} INFO - [2022-09-02T12:03:50.081+0000] {dag.py:2429} INFO - Sync 1 DAGs
[2022-09-02T12:03:50.096+0000] {logging_mixin.py:115} INFO - [2022-09-02T12:03:50.096+0000] {dag.py:2981} INFO - Setting next_dagrun for example_trigger_target_dag to None, run_after=None
[2022-09-02T12:03:50.104+0000] {processor.py:161} INFO - Processing /home/airflow/.local/lib/python3.7/site-packages/airflow/example_dags/example_trigger_target_dag.py took 0.058 seconds
[2022-09-02T12:04:20.752+0000] {processor.py:153} INFO - Started process (PID=6706) to work on /home/airflow/.local/lib/python3.7/site-packages/airflow/example_dags/example_trigger_target_dag.py
[2022-09-02T12:04:20.754+0000] {processor.py:640} INFO - Processing file /home/airflow/.local/lib/python3.7/site-packages/airflow/example_dags/example_trigger_target_dag.py for tasks to queue
[2022-09-02T12:04:20.755+0000] {logging_mixin.py:115} INFO - [2022-09-02T12:04:20.755+0000] {dagbag.py:508} INFO - Filling up the DagBag from /home/airflow/.local/lib/python3.7/site-packages/airflow/example_dags/example_trigger_target_dag.py
[2022-09-02T12:04:20.766+0000] {processor.py:650} INFO - DAG(s) dict_keys(['example_trigger_target_dag']) retrieved from /home/airflow/.local/lib/python3.7/site-packages/airflow/example_dags/example_trigger_target_dag.py
[2022-09-02T12:04:20.786+0000] {logging_mixin.py:115} INFO - [2022-09-02T12:04:20.786+0000] {dag.py:2429} INFO - Sync 1 DAGs
[2022-09-02T12:04:20.802+0000] {logging_mixin.py:115} INFO - [2022-09-02T12:04:20.802+0000] {dag.py:2981} INFO - Setting next_dagrun for example_trigger_target_dag to None, run_after=None
[2022-09-02T12:04:20.809+0000] {processor.py:161} INFO - Processing /home/airflow/.local/lib/python3.7/site-packages/airflow/example_dags/example_trigger_target_dag.py took 0.060 seconds
[2022-09-02T12:04:51.591+0000] {processor.py:153} INFO - Started process (PID=6905) to work on /home/airflow/.local/lib/python3.7/site-packages/airflow/example_dags/example_trigger_target_dag.py
[2022-09-02T12:04:51.592+0000] {processor.py:640} INFO - Processing file /home/airflow/.local/lib/python3.7/site-packages/airflow/example_dags/example_trigger_target_dag.py for tasks to queue
[2022-09-02T12:04:51.594+0000] {logging_mixin.py:115} INFO - [2022-09-02T12:04:51.593+0000] {dagbag.py:508} INFO - Filling up the DagBag from /home/airflow/.local/lib/python3.7/site-packages/airflow/example_dags/example_trigger_target_dag.py
[2022-09-02T12:04:51.602+0000] {processor.py:650} INFO - DAG(s) dict_keys(['example_trigger_target_dag']) retrieved from /home/airflow/.local/lib/python3.7/site-packages/airflow/example_dags/example_trigger_target_dag.py
[2022-09-02T12:04:51.620+0000] {logging_mixin.py:115} INFO - [2022-09-02T12:04:51.620+0000] {dag.py:2429} INFO - Sync 1 DAGs
[2022-09-02T12:04:51.634+0000] {logging_mixin.py:115} INFO - [2022-09-02T12:04:51.633+0000] {dag.py:2981} INFO - Setting next_dagrun for example_trigger_target_dag to None, run_after=None
[2022-09-02T12:04:51.641+0000] {processor.py:161} INFO - Processing /home/airflow/.local/lib/python3.7/site-packages/airflow/example_dags/example_trigger_target_dag.py took 0.053 seconds
[2022-09-02T12:05:22.457+0000] {processor.py:153} INFO - Started process (PID=7103) to work on /home/airflow/.local/lib/python3.7/site-packages/airflow/example_dags/example_trigger_target_dag.py
[2022-09-02T12:05:22.459+0000] {processor.py:640} INFO - Processing file /home/airflow/.local/lib/python3.7/site-packages/airflow/example_dags/example_trigger_target_dag.py for tasks to queue
[2022-09-02T12:05:22.460+0000] {logging_mixin.py:115} INFO - [2022-09-02T12:05:22.460+0000] {dagbag.py:508} INFO - Filling up the DagBag from /home/airflow/.local/lib/python3.7/site-packages/airflow/example_dags/example_trigger_target_dag.py
[2022-09-02T12:05:22.470+0000] {processor.py:650} INFO - DAG(s) dict_keys(['example_trigger_target_dag']) retrieved from /home/airflow/.local/lib/python3.7/site-packages/airflow/example_dags/example_trigger_target_dag.py
[2022-09-02T12:05:22.489+0000] {logging_mixin.py:115} INFO - [2022-09-02T12:05:22.489+0000] {dag.py:2429} INFO - Sync 1 DAGs
[2022-09-02T12:05:22.504+0000] {logging_mixin.py:115} INFO - [2022-09-02T12:05:22.504+0000] {dag.py:2981} INFO - Setting next_dagrun for example_trigger_target_dag to None, run_after=None
[2022-09-02T12:05:22.512+0000] {processor.py:161} INFO - Processing /home/airflow/.local/lib/python3.7/site-packages/airflow/example_dags/example_trigger_target_dag.py took 0.057 seconds
[2022-09-02T12:05:53.152+0000] {processor.py:153} INFO - Started process (PID=7300) to work on /home/airflow/.local/lib/python3.7/site-packages/airflow/example_dags/example_trigger_target_dag.py
[2022-09-02T12:05:53.154+0000] {processor.py:640} INFO - Processing file /home/airflow/.local/lib/python3.7/site-packages/airflow/example_dags/example_trigger_target_dag.py for tasks to queue
[2022-09-02T12:05:53.155+0000] {logging_mixin.py:115} INFO - [2022-09-02T12:05:53.155+0000] {dagbag.py:508} INFO - Filling up the DagBag from /home/airflow/.local/lib/python3.7/site-packages/airflow/example_dags/example_trigger_target_dag.py
[2022-09-02T12:05:53.167+0000] {processor.py:650} INFO - DAG(s) dict_keys(['example_trigger_target_dag']) retrieved from /home/airflow/.local/lib/python3.7/site-packages/airflow/example_dags/example_trigger_target_dag.py
[2022-09-02T12:05:53.182+0000] {logging_mixin.py:115} INFO - [2022-09-02T12:05:53.182+0000] {dag.py:2429} INFO - Sync 1 DAGs
[2022-09-02T12:05:53.199+0000] {logging_mixin.py:115} INFO - [2022-09-02T12:05:53.199+0000] {dag.py:2981} INFO - Setting next_dagrun for example_trigger_target_dag to None, run_after=None
[2022-09-02T12:05:53.208+0000] {processor.py:161} INFO - Processing /home/airflow/.local/lib/python3.7/site-packages/airflow/example_dags/example_trigger_target_dag.py took 0.057 seconds
[2022-09-02T12:06:24.054+0000] {processor.py:153} INFO - Started process (PID=7489) to work on /home/airflow/.local/lib/python3.7/site-packages/airflow/example_dags/example_trigger_target_dag.py
[2022-09-02T12:06:24.056+0000] {processor.py:640} INFO - Processing file /home/airflow/.local/lib/python3.7/site-packages/airflow/example_dags/example_trigger_target_dag.py for tasks to queue
[2022-09-02T12:06:24.058+0000] {logging_mixin.py:115} INFO - [2022-09-02T12:06:24.058+0000] {dagbag.py:508} INFO - Filling up the DagBag from /home/airflow/.local/lib/python3.7/site-packages/airflow/example_dags/example_trigger_target_dag.py
[2022-09-02T12:06:24.069+0000] {processor.py:650} INFO - DAG(s) dict_keys(['example_trigger_target_dag']) retrieved from /home/airflow/.local/lib/python3.7/site-packages/airflow/example_dags/example_trigger_target_dag.py
[2022-09-02T12:06:24.087+0000] {logging_mixin.py:115} INFO - [2022-09-02T12:06:24.087+0000] {dag.py:2429} INFO - Sync 1 DAGs
[2022-09-02T12:06:24.105+0000] {logging_mixin.py:115} INFO - [2022-09-02T12:06:24.105+0000] {dag.py:2981} INFO - Setting next_dagrun for example_trigger_target_dag to None, run_after=None
[2022-09-02T12:06:24.114+0000] {processor.py:161} INFO - Processing /home/airflow/.local/lib/python3.7/site-packages/airflow/example_dags/example_trigger_target_dag.py took 0.063 seconds
[2022-09-02T12:06:54.828+0000] {processor.py:153} INFO - Started process (PID=7685) to work on /home/airflow/.local/lib/python3.7/site-packages/airflow/example_dags/example_trigger_target_dag.py
[2022-09-02T12:06:54.829+0000] {processor.py:640} INFO - Processing file /home/airflow/.local/lib/python3.7/site-packages/airflow/example_dags/example_trigger_target_dag.py for tasks to queue
[2022-09-02T12:06:54.831+0000] {logging_mixin.py:115} INFO - [2022-09-02T12:06:54.831+0000] {dagbag.py:508} INFO - Filling up the DagBag from /home/airflow/.local/lib/python3.7/site-packages/airflow/example_dags/example_trigger_target_dag.py
[2022-09-02T12:06:54.840+0000] {processor.py:650} INFO - DAG(s) dict_keys(['example_trigger_target_dag']) retrieved from /home/airflow/.local/lib/python3.7/site-packages/airflow/example_dags/example_trigger_target_dag.py
[2022-09-02T12:06:54.857+0000] {logging_mixin.py:115} INFO - [2022-09-02T12:06:54.857+0000] {dag.py:2429} INFO - Sync 1 DAGs
[2022-09-02T12:06:54.871+0000] {logging_mixin.py:115} INFO - [2022-09-02T12:06:54.871+0000] {dag.py:2981} INFO - Setting next_dagrun for example_trigger_target_dag to None, run_after=None
[2022-09-02T12:06:54.885+0000] {processor.py:161} INFO - Processing /home/airflow/.local/lib/python3.7/site-packages/airflow/example_dags/example_trigger_target_dag.py took 0.059 seconds
[2022-09-02T12:07:25.755+0000] {processor.py:153} INFO - Started process (PID=7882) to work on /home/airflow/.local/lib/python3.7/site-packages/airflow/example_dags/example_trigger_target_dag.py
[2022-09-02T12:07:25.758+0000] {processor.py:640} INFO - Processing file /home/airflow/.local/lib/python3.7/site-packages/airflow/example_dags/example_trigger_target_dag.py for tasks to queue
[2022-09-02T12:07:25.759+0000] {logging_mixin.py:115} INFO - [2022-09-02T12:07:25.759+0000] {dagbag.py:508} INFO - Filling up the DagBag from /home/airflow/.local/lib/python3.7/site-packages/airflow/example_dags/example_trigger_target_dag.py
[2022-09-02T12:07:25.769+0000] {processor.py:650} INFO - DAG(s) dict_keys(['example_trigger_target_dag']) retrieved from /home/airflow/.local/lib/python3.7/site-packages/airflow/example_dags/example_trigger_target_dag.py
[2022-09-02T12:07:25.788+0000] {logging_mixin.py:115} INFO - [2022-09-02T12:07:25.787+0000] {dag.py:2429} INFO - Sync 1 DAGs
[2022-09-02T12:07:25.803+0000] {logging_mixin.py:115} INFO - [2022-09-02T12:07:25.803+0000] {dag.py:2981} INFO - Setting next_dagrun for example_trigger_target_dag to None, run_after=None
[2022-09-02T12:07:25.811+0000] {processor.py:161} INFO - Processing /home/airflow/.local/lib/python3.7/site-packages/airflow/example_dags/example_trigger_target_dag.py took 0.058 seconds
[2022-09-02T12:07:56.775+0000] {processor.py:153} INFO - Started process (PID=8077) to work on /home/airflow/.local/lib/python3.7/site-packages/airflow/example_dags/example_trigger_target_dag.py
[2022-09-02T12:07:56.777+0000] {processor.py:640} INFO - Processing file /home/airflow/.local/lib/python3.7/site-packages/airflow/example_dags/example_trigger_target_dag.py for tasks to queue
[2022-09-02T12:07:56.778+0000] {logging_mixin.py:115} INFO - [2022-09-02T12:07:56.778+0000] {dagbag.py:508} INFO - Filling up the DagBag from /home/airflow/.local/lib/python3.7/site-packages/airflow/example_dags/example_trigger_target_dag.py
[2022-09-02T12:07:56.789+0000] {processor.py:650} INFO - DAG(s) dict_keys(['example_trigger_target_dag']) retrieved from /home/airflow/.local/lib/python3.7/site-packages/airflow/example_dags/example_trigger_target_dag.py
[2022-09-02T12:07:56.808+0000] {logging_mixin.py:115} INFO - [2022-09-02T12:07:56.808+0000] {dag.py:2429} INFO - Sync 1 DAGs
[2022-09-02T12:07:56.824+0000] {logging_mixin.py:115} INFO - [2022-09-02T12:07:56.824+0000] {dag.py:2981} INFO - Setting next_dagrun for example_trigger_target_dag to None, run_after=None
[2022-09-02T12:07:56.832+0000] {processor.py:161} INFO - Processing /home/airflow/.local/lib/python3.7/site-packages/airflow/example_dags/example_trigger_target_dag.py took 0.059 seconds
