[2022-09-02T11:47:25.310+0000] {processor.py:153} INFO - Started process (PID=270) to work on /home/airflow/.local/lib/python3.7/site-packages/airflow/example_dags/example_local_kubernetes_executor.py
[2022-09-02T11:47:25.312+0000] {processor.py:640} INFO - Processing file /home/airflow/.local/lib/python3.7/site-packages/airflow/example_dags/example_local_kubernetes_executor.py for tasks to queue
[2022-09-02T11:47:25.313+0000] {logging_mixin.py:115} INFO - [2022-09-02T11:47:25.313+0000] {dagbag.py:508} INFO - Filling up the DagBag from /home/airflow/.local/lib/python3.7/site-packages/airflow/example_dags/example_local_kubernetes_executor.py
[2022-09-02T11:47:25.326+0000] {processor.py:650} INFO - DAG(s) dict_keys(['example_local_kubernetes_executor']) retrieved from /home/airflow/.local/lib/python3.7/site-packages/airflow/example_dags/example_local_kubernetes_executor.py
[2022-09-02T11:47:25.385+0000] {logging_mixin.py:115} INFO - [2022-09-02T11:47:25.384+0000] {manager.py:508} INFO - Created Permission View: can edit on DAG:example_local_kubernetes_executor
[2022-09-02T11:47:25.393+0000] {logging_mixin.py:115} INFO - [2022-09-02T11:47:25.393+0000] {manager.py:508} INFO - Created Permission View: can delete on DAG:example_local_kubernetes_executor
[2022-09-02T11:47:25.399+0000] {logging_mixin.py:115} INFO - [2022-09-02T11:47:25.398+0000] {manager.py:508} INFO - Created Permission View: can read on DAG:example_local_kubernetes_executor
[2022-09-02T11:47:25.400+0000] {logging_mixin.py:115} INFO - [2022-09-02T11:47:25.400+0000] {dag.py:2429} INFO - Sync 1 DAGs
[2022-09-02T11:47:25.407+0000] {logging_mixin.py:115} INFO - [2022-09-02T11:47:25.407+0000] {dag.py:2448} INFO - Creating ORM DAG for example_local_kubernetes_executor
[2022-09-02T11:47:25.414+0000] {logging_mixin.py:115} INFO - [2022-09-02T11:47:25.414+0000] {dag.py:2981} INFO - Setting next_dagrun for example_local_kubernetes_executor to None, run_after=None
[2022-09-02T11:47:25.423+0000] {processor.py:161} INFO - Processing /home/airflow/.local/lib/python3.7/site-packages/airflow/example_dags/example_local_kubernetes_executor.py took 0.116 seconds
[2022-09-02T11:47:55.574+0000] {processor.py:153} INFO - Started process (PID=467) to work on /home/airflow/.local/lib/python3.7/site-packages/airflow/example_dags/example_local_kubernetes_executor.py
[2022-09-02T11:47:55.577+0000] {processor.py:640} INFO - Processing file /home/airflow/.local/lib/python3.7/site-packages/airflow/example_dags/example_local_kubernetes_executor.py for tasks to queue
[2022-09-02T11:47:55.579+0000] {logging_mixin.py:115} INFO - [2022-09-02T11:47:55.579+0000] {dagbag.py:508} INFO - Filling up the DagBag from /home/airflow/.local/lib/python3.7/site-packages/airflow/example_dags/example_local_kubernetes_executor.py
[2022-09-02T11:47:55.592+0000] {processor.py:650} INFO - DAG(s) dict_keys(['example_local_kubernetes_executor']) retrieved from /home/airflow/.local/lib/python3.7/site-packages/airflow/example_dags/example_local_kubernetes_executor.py
[2022-09-02T11:47:55.611+0000] {logging_mixin.py:115} INFO - [2022-09-02T11:47:55.611+0000] {dag.py:2429} INFO - Sync 1 DAGs
[2022-09-02T11:47:55.628+0000] {logging_mixin.py:115} INFO - [2022-09-02T11:47:55.627+0000] {dag.py:2981} INFO - Setting next_dagrun for example_local_kubernetes_executor to None, run_after=None
[2022-09-02T11:47:55.639+0000] {processor.py:161} INFO - Processing /home/airflow/.local/lib/python3.7/site-packages/airflow/example_dags/example_local_kubernetes_executor.py took 0.066 seconds
[2022-09-02T11:48:25.857+0000] {processor.py:153} INFO - Started process (PID=667) to work on /home/airflow/.local/lib/python3.7/site-packages/airflow/example_dags/example_local_kubernetes_executor.py
[2022-09-02T11:48:25.858+0000] {processor.py:640} INFO - Processing file /home/airflow/.local/lib/python3.7/site-packages/airflow/example_dags/example_local_kubernetes_executor.py for tasks to queue
[2022-09-02T11:48:25.860+0000] {logging_mixin.py:115} INFO - [2022-09-02T11:48:25.860+0000] {dagbag.py:508} INFO - Filling up the DagBag from /home/airflow/.local/lib/python3.7/site-packages/airflow/example_dags/example_local_kubernetes_executor.py
[2022-09-02T11:48:25.872+0000] {processor.py:650} INFO - DAG(s) dict_keys(['example_local_kubernetes_executor']) retrieved from /home/airflow/.local/lib/python3.7/site-packages/airflow/example_dags/example_local_kubernetes_executor.py
[2022-09-02T11:48:25.890+0000] {logging_mixin.py:115} INFO - [2022-09-02T11:48:25.890+0000] {dag.py:2429} INFO - Sync 1 DAGs
[2022-09-02T11:48:25.905+0000] {logging_mixin.py:115} INFO - [2022-09-02T11:48:25.905+0000] {dag.py:2981} INFO - Setting next_dagrun for example_local_kubernetes_executor to None, run_after=None
[2022-09-02T11:48:25.913+0000] {processor.py:161} INFO - Processing /home/airflow/.local/lib/python3.7/site-packages/airflow/example_dags/example_local_kubernetes_executor.py took 0.058 seconds
[2022-09-02T11:48:56.773+0000] {processor.py:153} INFO - Started process (PID=861) to work on /home/airflow/.local/lib/python3.7/site-packages/airflow/example_dags/example_local_kubernetes_executor.py
[2022-09-02T11:48:56.775+0000] {processor.py:640} INFO - Processing file /home/airflow/.local/lib/python3.7/site-packages/airflow/example_dags/example_local_kubernetes_executor.py for tasks to queue
[2022-09-02T11:48:56.777+0000] {logging_mixin.py:115} INFO - [2022-09-02T11:48:56.777+0000] {dagbag.py:508} INFO - Filling up the DagBag from /home/airflow/.local/lib/python3.7/site-packages/airflow/example_dags/example_local_kubernetes_executor.py
[2022-09-02T11:48:56.788+0000] {processor.py:650} INFO - DAG(s) dict_keys(['example_local_kubernetes_executor']) retrieved from /home/airflow/.local/lib/python3.7/site-packages/airflow/example_dags/example_local_kubernetes_executor.py
[2022-09-02T11:48:56.804+0000] {logging_mixin.py:115} INFO - [2022-09-02T11:48:56.804+0000] {dag.py:2429} INFO - Sync 1 DAGs
[2022-09-02T11:48:56.820+0000] {logging_mixin.py:115} INFO - [2022-09-02T11:48:56.820+0000] {dag.py:2981} INFO - Setting next_dagrun for example_local_kubernetes_executor to None, run_after=None
[2022-09-02T11:48:56.830+0000] {processor.py:161} INFO - Processing /home/airflow/.local/lib/python3.7/site-packages/airflow/example_dags/example_local_kubernetes_executor.py took 0.059 seconds
[2022-09-02T11:49:27.626+0000] {processor.py:153} INFO - Started process (PID=1058) to work on /home/airflow/.local/lib/python3.7/site-packages/airflow/example_dags/example_local_kubernetes_executor.py
[2022-09-02T11:49:27.628+0000] {processor.py:640} INFO - Processing file /home/airflow/.local/lib/python3.7/site-packages/airflow/example_dags/example_local_kubernetes_executor.py for tasks to queue
[2022-09-02T11:49:27.629+0000] {logging_mixin.py:115} INFO - [2022-09-02T11:49:27.629+0000] {dagbag.py:508} INFO - Filling up the DagBag from /home/airflow/.local/lib/python3.7/site-packages/airflow/example_dags/example_local_kubernetes_executor.py
[2022-09-02T11:49:27.643+0000] {processor.py:650} INFO - DAG(s) dict_keys(['example_local_kubernetes_executor']) retrieved from /home/airflow/.local/lib/python3.7/site-packages/airflow/example_dags/example_local_kubernetes_executor.py
[2022-09-02T11:49:27.661+0000] {logging_mixin.py:115} INFO - [2022-09-02T11:49:27.661+0000] {dag.py:2429} INFO - Sync 1 DAGs
[2022-09-02T11:49:27.680+0000] {logging_mixin.py:115} INFO - [2022-09-02T11:49:27.680+0000] {dag.py:2981} INFO - Setting next_dagrun for example_local_kubernetes_executor to None, run_after=None
[2022-09-02T11:49:27.688+0000] {processor.py:161} INFO - Processing /home/airflow/.local/lib/python3.7/site-packages/airflow/example_dags/example_local_kubernetes_executor.py took 0.064 seconds
[2022-09-02T11:49:58.507+0000] {processor.py:153} INFO - Started process (PID=1246) to work on /home/airflow/.local/lib/python3.7/site-packages/airflow/example_dags/example_local_kubernetes_executor.py
[2022-09-02T11:49:58.509+0000] {processor.py:640} INFO - Processing file /home/airflow/.local/lib/python3.7/site-packages/airflow/example_dags/example_local_kubernetes_executor.py for tasks to queue
[2022-09-02T11:49:58.510+0000] {logging_mixin.py:115} INFO - [2022-09-02T11:49:58.510+0000] {dagbag.py:508} INFO - Filling up the DagBag from /home/airflow/.local/lib/python3.7/site-packages/airflow/example_dags/example_local_kubernetes_executor.py
[2022-09-02T11:49:58.521+0000] {processor.py:650} INFO - DAG(s) dict_keys(['example_local_kubernetes_executor']) retrieved from /home/airflow/.local/lib/python3.7/site-packages/airflow/example_dags/example_local_kubernetes_executor.py
[2022-09-02T11:49:58.538+0000] {logging_mixin.py:115} INFO - [2022-09-02T11:49:58.538+0000] {dag.py:2429} INFO - Sync 1 DAGs
[2022-09-02T11:49:58.554+0000] {logging_mixin.py:115} INFO - [2022-09-02T11:49:58.554+0000] {dag.py:2981} INFO - Setting next_dagrun for example_local_kubernetes_executor to None, run_after=None
[2022-09-02T11:49:58.563+0000] {processor.py:161} INFO - Processing /home/airflow/.local/lib/python3.7/site-packages/airflow/example_dags/example_local_kubernetes_executor.py took 0.058 seconds
[2022-09-02T11:50:29.352+0000] {processor.py:153} INFO - Started process (PID=1443) to work on /home/airflow/.local/lib/python3.7/site-packages/airflow/example_dags/example_local_kubernetes_executor.py
[2022-09-02T11:50:29.354+0000] {processor.py:640} INFO - Processing file /home/airflow/.local/lib/python3.7/site-packages/airflow/example_dags/example_local_kubernetes_executor.py for tasks to queue
[2022-09-02T11:50:29.356+0000] {logging_mixin.py:115} INFO - [2022-09-02T11:50:29.355+0000] {dagbag.py:508} INFO - Filling up the DagBag from /home/airflow/.local/lib/python3.7/site-packages/airflow/example_dags/example_local_kubernetes_executor.py
[2022-09-02T11:50:29.372+0000] {processor.py:650} INFO - DAG(s) dict_keys(['example_local_kubernetes_executor']) retrieved from /home/airflow/.local/lib/python3.7/site-packages/airflow/example_dags/example_local_kubernetes_executor.py
[2022-09-02T11:50:29.388+0000] {logging_mixin.py:115} INFO - [2022-09-02T11:50:29.388+0000] {dag.py:2429} INFO - Sync 1 DAGs
[2022-09-02T11:50:29.403+0000] {logging_mixin.py:115} INFO - [2022-09-02T11:50:29.402+0000] {dag.py:2981} INFO - Setting next_dagrun for example_local_kubernetes_executor to None, run_after=None
[2022-09-02T11:50:29.409+0000] {processor.py:161} INFO - Processing /home/airflow/.local/lib/python3.7/site-packages/airflow/example_dags/example_local_kubernetes_executor.py took 0.060 seconds
[2022-09-02T11:51:00.003+0000] {processor.py:153} INFO - Started process (PID=1642) to work on /home/airflow/.local/lib/python3.7/site-packages/airflow/example_dags/example_local_kubernetes_executor.py
[2022-09-02T11:51:00.005+0000] {processor.py:640} INFO - Processing file /home/airflow/.local/lib/python3.7/site-packages/airflow/example_dags/example_local_kubernetes_executor.py for tasks to queue
[2022-09-02T11:51:00.007+0000] {logging_mixin.py:115} INFO - [2022-09-02T11:51:00.007+0000] {dagbag.py:508} INFO - Filling up the DagBag from /home/airflow/.local/lib/python3.7/site-packages/airflow/example_dags/example_local_kubernetes_executor.py
[2022-09-02T11:51:00.019+0000] {processor.py:650} INFO - DAG(s) dict_keys(['example_local_kubernetes_executor']) retrieved from /home/airflow/.local/lib/python3.7/site-packages/airflow/example_dags/example_local_kubernetes_executor.py
[2022-09-02T11:51:00.036+0000] {logging_mixin.py:115} INFO - [2022-09-02T11:51:00.036+0000] {dag.py:2429} INFO - Sync 1 DAGs
[2022-09-02T11:51:00.054+0000] {logging_mixin.py:115} INFO - [2022-09-02T11:51:00.054+0000] {dag.py:2981} INFO - Setting next_dagrun for example_local_kubernetes_executor to None, run_after=None
[2022-09-02T11:51:00.064+0000] {processor.py:161} INFO - Processing /home/airflow/.local/lib/python3.7/site-packages/airflow/example_dags/example_local_kubernetes_executor.py took 0.063 seconds
[2022-09-02T11:51:30.802+0000] {processor.py:153} INFO - Started process (PID=1840) to work on /home/airflow/.local/lib/python3.7/site-packages/airflow/example_dags/example_local_kubernetes_executor.py
[2022-09-02T11:51:30.804+0000] {processor.py:640} INFO - Processing file /home/airflow/.local/lib/python3.7/site-packages/airflow/example_dags/example_local_kubernetes_executor.py for tasks to queue
[2022-09-02T11:51:30.806+0000] {logging_mixin.py:115} INFO - [2022-09-02T11:51:30.806+0000] {dagbag.py:508} INFO - Filling up the DagBag from /home/airflow/.local/lib/python3.7/site-packages/airflow/example_dags/example_local_kubernetes_executor.py
[2022-09-02T11:51:30.817+0000] {processor.py:650} INFO - DAG(s) dict_keys(['example_local_kubernetes_executor']) retrieved from /home/airflow/.local/lib/python3.7/site-packages/airflow/example_dags/example_local_kubernetes_executor.py
[2022-09-02T11:51:30.835+0000] {logging_mixin.py:115} INFO - [2022-09-02T11:51:30.835+0000] {dag.py:2429} INFO - Sync 1 DAGs
[2022-09-02T11:51:30.852+0000] {logging_mixin.py:115} INFO - [2022-09-02T11:51:30.852+0000] {dag.py:2981} INFO - Setting next_dagrun for example_local_kubernetes_executor to None, run_after=None
[2022-09-02T11:51:30.862+0000] {processor.py:161} INFO - Processing /home/airflow/.local/lib/python3.7/site-packages/airflow/example_dags/example_local_kubernetes_executor.py took 0.062 seconds
[2022-09-02T11:52:01.690+0000] {processor.py:153} INFO - Started process (PID=2037) to work on /home/airflow/.local/lib/python3.7/site-packages/airflow/example_dags/example_local_kubernetes_executor.py
[2022-09-02T11:52:01.693+0000] {processor.py:640} INFO - Processing file /home/airflow/.local/lib/python3.7/site-packages/airflow/example_dags/example_local_kubernetes_executor.py for tasks to queue
[2022-09-02T11:52:01.695+0000] {logging_mixin.py:115} INFO - [2022-09-02T11:52:01.695+0000] {dagbag.py:508} INFO - Filling up the DagBag from /home/airflow/.local/lib/python3.7/site-packages/airflow/example_dags/example_local_kubernetes_executor.py
[2022-09-02T11:52:01.707+0000] {processor.py:650} INFO - DAG(s) dict_keys(['example_local_kubernetes_executor']) retrieved from /home/airflow/.local/lib/python3.7/site-packages/airflow/example_dags/example_local_kubernetes_executor.py
[2022-09-02T11:52:01.728+0000] {logging_mixin.py:115} INFO - [2022-09-02T11:52:01.728+0000] {dag.py:2429} INFO - Sync 1 DAGs
[2022-09-02T11:52:01.750+0000] {logging_mixin.py:115} INFO - [2022-09-02T11:52:01.750+0000] {dag.py:2981} INFO - Setting next_dagrun for example_local_kubernetes_executor to None, run_after=None
[2022-09-02T11:52:01.760+0000] {processor.py:161} INFO - Processing /home/airflow/.local/lib/python3.7/site-packages/airflow/example_dags/example_local_kubernetes_executor.py took 0.073 seconds
[2022-09-02T11:52:32.604+0000] {processor.py:153} INFO - Started process (PID=2234) to work on /home/airflow/.local/lib/python3.7/site-packages/airflow/example_dags/example_local_kubernetes_executor.py
[2022-09-02T11:52:32.606+0000] {processor.py:640} INFO - Processing file /home/airflow/.local/lib/python3.7/site-packages/airflow/example_dags/example_local_kubernetes_executor.py for tasks to queue
[2022-09-02T11:52:32.607+0000] {logging_mixin.py:115} INFO - [2022-09-02T11:52:32.607+0000] {dagbag.py:508} INFO - Filling up the DagBag from /home/airflow/.local/lib/python3.7/site-packages/airflow/example_dags/example_local_kubernetes_executor.py
[2022-09-02T11:52:32.619+0000] {processor.py:650} INFO - DAG(s) dict_keys(['example_local_kubernetes_executor']) retrieved from /home/airflow/.local/lib/python3.7/site-packages/airflow/example_dags/example_local_kubernetes_executor.py
[2022-09-02T11:52:32.636+0000] {logging_mixin.py:115} INFO - [2022-09-02T11:52:32.635+0000] {dag.py:2429} INFO - Sync 1 DAGs
[2022-09-02T11:52:32.652+0000] {logging_mixin.py:115} INFO - [2022-09-02T11:52:32.652+0000] {dag.py:2981} INFO - Setting next_dagrun for example_local_kubernetes_executor to None, run_after=None
[2022-09-02T11:52:32.659+0000] {processor.py:161} INFO - Processing /home/airflow/.local/lib/python3.7/site-packages/airflow/example_dags/example_local_kubernetes_executor.py took 0.057 seconds
[2022-09-02T11:53:03.262+0000] {processor.py:153} INFO - Started process (PID=2423) to work on /home/airflow/.local/lib/python3.7/site-packages/airflow/example_dags/example_local_kubernetes_executor.py
[2022-09-02T11:53:03.263+0000] {processor.py:640} INFO - Processing file /home/airflow/.local/lib/python3.7/site-packages/airflow/example_dags/example_local_kubernetes_executor.py for tasks to queue
[2022-09-02T11:53:03.265+0000] {logging_mixin.py:115} INFO - [2022-09-02T11:53:03.265+0000] {dagbag.py:508} INFO - Filling up the DagBag from /home/airflow/.local/lib/python3.7/site-packages/airflow/example_dags/example_local_kubernetes_executor.py
[2022-09-02T11:53:03.275+0000] {processor.py:650} INFO - DAG(s) dict_keys(['example_local_kubernetes_executor']) retrieved from /home/airflow/.local/lib/python3.7/site-packages/airflow/example_dags/example_local_kubernetes_executor.py
[2022-09-02T11:53:03.292+0000] {logging_mixin.py:115} INFO - [2022-09-02T11:53:03.292+0000] {dag.py:2429} INFO - Sync 1 DAGs
[2022-09-02T11:53:03.307+0000] {logging_mixin.py:115} INFO - [2022-09-02T11:53:03.307+0000] {dag.py:2981} INFO - Setting next_dagrun for example_local_kubernetes_executor to None, run_after=None
[2022-09-02T11:53:03.314+0000] {processor.py:161} INFO - Processing /home/airflow/.local/lib/python3.7/site-packages/airflow/example_dags/example_local_kubernetes_executor.py took 0.055 seconds
[2022-09-02T11:53:34.111+0000] {processor.py:153} INFO - Started process (PID=2621) to work on /home/airflow/.local/lib/python3.7/site-packages/airflow/example_dags/example_local_kubernetes_executor.py
[2022-09-02T11:53:34.113+0000] {processor.py:640} INFO - Processing file /home/airflow/.local/lib/python3.7/site-packages/airflow/example_dags/example_local_kubernetes_executor.py for tasks to queue
[2022-09-02T11:53:34.114+0000] {logging_mixin.py:115} INFO - [2022-09-02T11:53:34.114+0000] {dagbag.py:508} INFO - Filling up the DagBag from /home/airflow/.local/lib/python3.7/site-packages/airflow/example_dags/example_local_kubernetes_executor.py
[2022-09-02T11:53:34.127+0000] {processor.py:650} INFO - DAG(s) dict_keys(['example_local_kubernetes_executor']) retrieved from /home/airflow/.local/lib/python3.7/site-packages/airflow/example_dags/example_local_kubernetes_executor.py
[2022-09-02T11:53:34.148+0000] {logging_mixin.py:115} INFO - [2022-09-02T11:53:34.148+0000] {dag.py:2429} INFO - Sync 1 DAGs
[2022-09-02T11:53:34.172+0000] {logging_mixin.py:115} INFO - [2022-09-02T11:53:34.172+0000] {dag.py:2981} INFO - Setting next_dagrun for example_local_kubernetes_executor to None, run_after=None
[2022-09-02T11:53:34.179+0000] {processor.py:161} INFO - Processing /home/airflow/.local/lib/python3.7/site-packages/airflow/example_dags/example_local_kubernetes_executor.py took 0.071 seconds
[2022-09-02T11:54:04.908+0000] {processor.py:153} INFO - Started process (PID=2818) to work on /home/airflow/.local/lib/python3.7/site-packages/airflow/example_dags/example_local_kubernetes_executor.py
[2022-09-02T11:54:04.910+0000] {processor.py:640} INFO - Processing file /home/airflow/.local/lib/python3.7/site-packages/airflow/example_dags/example_local_kubernetes_executor.py for tasks to queue
[2022-09-02T11:54:04.911+0000] {logging_mixin.py:115} INFO - [2022-09-02T11:54:04.911+0000] {dagbag.py:508} INFO - Filling up the DagBag from /home/airflow/.local/lib/python3.7/site-packages/airflow/example_dags/example_local_kubernetes_executor.py
[2022-09-02T11:54:04.924+0000] {processor.py:650} INFO - DAG(s) dict_keys(['example_local_kubernetes_executor']) retrieved from /home/airflow/.local/lib/python3.7/site-packages/airflow/example_dags/example_local_kubernetes_executor.py
[2022-09-02T11:54:04.941+0000] {logging_mixin.py:115} INFO - [2022-09-02T11:54:04.941+0000] {dag.py:2429} INFO - Sync 1 DAGs
[2022-09-02T11:54:04.958+0000] {logging_mixin.py:115} INFO - [2022-09-02T11:54:04.958+0000] {dag.py:2981} INFO - Setting next_dagrun for example_local_kubernetes_executor to None, run_after=None
[2022-09-02T11:54:04.972+0000] {processor.py:161} INFO - Processing /home/airflow/.local/lib/python3.7/site-packages/airflow/example_dags/example_local_kubernetes_executor.py took 0.066 seconds
[2022-09-02T11:54:35.711+0000] {processor.py:153} INFO - Started process (PID=3014) to work on /home/airflow/.local/lib/python3.7/site-packages/airflow/example_dags/example_local_kubernetes_executor.py
[2022-09-02T11:54:35.714+0000] {processor.py:640} INFO - Processing file /home/airflow/.local/lib/python3.7/site-packages/airflow/example_dags/example_local_kubernetes_executor.py for tasks to queue
[2022-09-02T11:54:35.714+0000] {logging_mixin.py:115} INFO - [2022-09-02T11:54:35.714+0000] {dagbag.py:508} INFO - Filling up the DagBag from /home/airflow/.local/lib/python3.7/site-packages/airflow/example_dags/example_local_kubernetes_executor.py
[2022-09-02T11:54:35.727+0000] {processor.py:650} INFO - DAG(s) dict_keys(['example_local_kubernetes_executor']) retrieved from /home/airflow/.local/lib/python3.7/site-packages/airflow/example_dags/example_local_kubernetes_executor.py
[2022-09-02T11:54:35.745+0000] {logging_mixin.py:115} INFO - [2022-09-02T11:54:35.745+0000] {dag.py:2429} INFO - Sync 1 DAGs
[2022-09-02T11:54:35.761+0000] {logging_mixin.py:115} INFO - [2022-09-02T11:54:35.761+0000] {dag.py:2981} INFO - Setting next_dagrun for example_local_kubernetes_executor to None, run_after=None
[2022-09-02T11:54:35.770+0000] {processor.py:161} INFO - Processing /home/airflow/.local/lib/python3.7/site-packages/airflow/example_dags/example_local_kubernetes_executor.py took 0.061 seconds
[2022-09-02T11:55:06.499+0000] {processor.py:153} INFO - Started process (PID=3212) to work on /home/airflow/.local/lib/python3.7/site-packages/airflow/example_dags/example_local_kubernetes_executor.py
[2022-09-02T11:55:06.500+0000] {processor.py:640} INFO - Processing file /home/airflow/.local/lib/python3.7/site-packages/airflow/example_dags/example_local_kubernetes_executor.py for tasks to queue
[2022-09-02T11:55:06.502+0000] {logging_mixin.py:115} INFO - [2022-09-02T11:55:06.502+0000] {dagbag.py:508} INFO - Filling up the DagBag from /home/airflow/.local/lib/python3.7/site-packages/airflow/example_dags/example_local_kubernetes_executor.py
[2022-09-02T11:55:06.513+0000] {processor.py:650} INFO - DAG(s) dict_keys(['example_local_kubernetes_executor']) retrieved from /home/airflow/.local/lib/python3.7/site-packages/airflow/example_dags/example_local_kubernetes_executor.py
[2022-09-02T11:55:06.532+0000] {logging_mixin.py:115} INFO - [2022-09-02T11:55:06.532+0000] {dag.py:2429} INFO - Sync 1 DAGs
[2022-09-02T11:55:06.549+0000] {logging_mixin.py:115} INFO - [2022-09-02T11:55:06.549+0000] {dag.py:2981} INFO - Setting next_dagrun for example_local_kubernetes_executor to None, run_after=None
[2022-09-02T11:55:06.557+0000] {processor.py:161} INFO - Processing /home/airflow/.local/lib/python3.7/site-packages/airflow/example_dags/example_local_kubernetes_executor.py took 0.060 seconds
[2022-09-02T11:55:37.288+0000] {processor.py:153} INFO - Started process (PID=3410) to work on /home/airflow/.local/lib/python3.7/site-packages/airflow/example_dags/example_local_kubernetes_executor.py
[2022-09-02T11:55:37.289+0000] {processor.py:640} INFO - Processing file /home/airflow/.local/lib/python3.7/site-packages/airflow/example_dags/example_local_kubernetes_executor.py for tasks to queue
[2022-09-02T11:55:37.291+0000] {logging_mixin.py:115} INFO - [2022-09-02T11:55:37.291+0000] {dagbag.py:508} INFO - Filling up the DagBag from /home/airflow/.local/lib/python3.7/site-packages/airflow/example_dags/example_local_kubernetes_executor.py
[2022-09-02T11:55:37.302+0000] {processor.py:650} INFO - DAG(s) dict_keys(['example_local_kubernetes_executor']) retrieved from /home/airflow/.local/lib/python3.7/site-packages/airflow/example_dags/example_local_kubernetes_executor.py
[2022-09-02T11:55:37.319+0000] {logging_mixin.py:115} INFO - [2022-09-02T11:55:37.319+0000] {dag.py:2429} INFO - Sync 1 DAGs
[2022-09-02T11:55:37.335+0000] {logging_mixin.py:115} INFO - [2022-09-02T11:55:37.335+0000] {dag.py:2981} INFO - Setting next_dagrun for example_local_kubernetes_executor to None, run_after=None
[2022-09-02T11:55:37.344+0000] {processor.py:161} INFO - Processing /home/airflow/.local/lib/python3.7/site-packages/airflow/example_dags/example_local_kubernetes_executor.py took 0.059 seconds
[2022-09-02T11:56:08.090+0000] {processor.py:153} INFO - Started process (PID=3606) to work on /home/airflow/.local/lib/python3.7/site-packages/airflow/example_dags/example_local_kubernetes_executor.py
[2022-09-02T11:56:08.092+0000] {processor.py:640} INFO - Processing file /home/airflow/.local/lib/python3.7/site-packages/airflow/example_dags/example_local_kubernetes_executor.py for tasks to queue
[2022-09-02T11:56:08.094+0000] {logging_mixin.py:115} INFO - [2022-09-02T11:56:08.094+0000] {dagbag.py:508} INFO - Filling up the DagBag from /home/airflow/.local/lib/python3.7/site-packages/airflow/example_dags/example_local_kubernetes_executor.py
[2022-09-02T11:56:08.107+0000] {processor.py:650} INFO - DAG(s) dict_keys(['example_local_kubernetes_executor']) retrieved from /home/airflow/.local/lib/python3.7/site-packages/airflow/example_dags/example_local_kubernetes_executor.py
[2022-09-02T11:56:08.125+0000] {logging_mixin.py:115} INFO - [2022-09-02T11:56:08.125+0000] {dag.py:2429} INFO - Sync 1 DAGs
[2022-09-02T11:56:08.143+0000] {logging_mixin.py:115} INFO - [2022-09-02T11:56:08.142+0000] {dag.py:2981} INFO - Setting next_dagrun for example_local_kubernetes_executor to None, run_after=None
[2022-09-02T11:56:08.151+0000] {processor.py:161} INFO - Processing /home/airflow/.local/lib/python3.7/site-packages/airflow/example_dags/example_local_kubernetes_executor.py took 0.063 seconds
[2022-09-02T11:56:38.930+0000] {processor.py:153} INFO - Started process (PID=3793) to work on /home/airflow/.local/lib/python3.7/site-packages/airflow/example_dags/example_local_kubernetes_executor.py
[2022-09-02T11:56:38.932+0000] {processor.py:640} INFO - Processing file /home/airflow/.local/lib/python3.7/site-packages/airflow/example_dags/example_local_kubernetes_executor.py for tasks to queue
[2022-09-02T11:56:38.933+0000] {logging_mixin.py:115} INFO - [2022-09-02T11:56:38.933+0000] {dagbag.py:508} INFO - Filling up the DagBag from /home/airflow/.local/lib/python3.7/site-packages/airflow/example_dags/example_local_kubernetes_executor.py
[2022-09-02T11:56:38.944+0000] {processor.py:650} INFO - DAG(s) dict_keys(['example_local_kubernetes_executor']) retrieved from /home/airflow/.local/lib/python3.7/site-packages/airflow/example_dags/example_local_kubernetes_executor.py
[2022-09-02T11:56:38.962+0000] {logging_mixin.py:115} INFO - [2022-09-02T11:56:38.961+0000] {dag.py:2429} INFO - Sync 1 DAGs
[2022-09-02T11:56:38.976+0000] {logging_mixin.py:115} INFO - [2022-09-02T11:56:38.976+0000] {dag.py:2981} INFO - Setting next_dagrun for example_local_kubernetes_executor to None, run_after=None
[2022-09-02T11:56:38.984+0000] {processor.py:161} INFO - Processing /home/airflow/.local/lib/python3.7/site-packages/airflow/example_dags/example_local_kubernetes_executor.py took 0.056 seconds
[2022-09-02T11:57:09.726+0000] {processor.py:153} INFO - Started process (PID=3990) to work on /home/airflow/.local/lib/python3.7/site-packages/airflow/example_dags/example_local_kubernetes_executor.py
[2022-09-02T11:57:09.728+0000] {processor.py:640} INFO - Processing file /home/airflow/.local/lib/python3.7/site-packages/airflow/example_dags/example_local_kubernetes_executor.py for tasks to queue
[2022-09-02T11:57:09.729+0000] {logging_mixin.py:115} INFO - [2022-09-02T11:57:09.729+0000] {dagbag.py:508} INFO - Filling up the DagBag from /home/airflow/.local/lib/python3.7/site-packages/airflow/example_dags/example_local_kubernetes_executor.py
[2022-09-02T11:57:09.740+0000] {processor.py:650} INFO - DAG(s) dict_keys(['example_local_kubernetes_executor']) retrieved from /home/airflow/.local/lib/python3.7/site-packages/airflow/example_dags/example_local_kubernetes_executor.py
[2022-09-02T11:57:09.759+0000] {logging_mixin.py:115} INFO - [2022-09-02T11:57:09.758+0000] {dag.py:2429} INFO - Sync 1 DAGs
[2022-09-02T11:57:09.781+0000] {logging_mixin.py:115} INFO - [2022-09-02T11:57:09.781+0000] {dag.py:2981} INFO - Setting next_dagrun for example_local_kubernetes_executor to None, run_after=None
[2022-09-02T11:57:09.789+0000] {processor.py:161} INFO - Processing /home/airflow/.local/lib/python3.7/site-packages/airflow/example_dags/example_local_kubernetes_executor.py took 0.066 seconds
[2022-09-02T11:57:40.616+0000] {processor.py:153} INFO - Started process (PID=4185) to work on /home/airflow/.local/lib/python3.7/site-packages/airflow/example_dags/example_local_kubernetes_executor.py
[2022-09-02T11:57:40.618+0000] {processor.py:640} INFO - Processing file /home/airflow/.local/lib/python3.7/site-packages/airflow/example_dags/example_local_kubernetes_executor.py for tasks to queue
[2022-09-02T11:57:40.619+0000] {logging_mixin.py:115} INFO - [2022-09-02T11:57:40.619+0000] {dagbag.py:508} INFO - Filling up the DagBag from /home/airflow/.local/lib/python3.7/site-packages/airflow/example_dags/example_local_kubernetes_executor.py
[2022-09-02T11:57:40.630+0000] {processor.py:650} INFO - DAG(s) dict_keys(['example_local_kubernetes_executor']) retrieved from /home/airflow/.local/lib/python3.7/site-packages/airflow/example_dags/example_local_kubernetes_executor.py
[2022-09-02T11:57:40.648+0000] {logging_mixin.py:115} INFO - [2022-09-02T11:57:40.648+0000] {dag.py:2429} INFO - Sync 1 DAGs
[2022-09-02T11:57:40.664+0000] {logging_mixin.py:115} INFO - [2022-09-02T11:57:40.664+0000] {dag.py:2981} INFO - Setting next_dagrun for example_local_kubernetes_executor to None, run_after=None
[2022-09-02T11:57:40.673+0000] {processor.py:161} INFO - Processing /home/airflow/.local/lib/python3.7/site-packages/airflow/example_dags/example_local_kubernetes_executor.py took 0.059 seconds
[2022-09-02T11:58:11.482+0000] {processor.py:153} INFO - Started process (PID=4382) to work on /home/airflow/.local/lib/python3.7/site-packages/airflow/example_dags/example_local_kubernetes_executor.py
[2022-09-02T11:58:11.484+0000] {processor.py:640} INFO - Processing file /home/airflow/.local/lib/python3.7/site-packages/airflow/example_dags/example_local_kubernetes_executor.py for tasks to queue
[2022-09-02T11:58:11.485+0000] {logging_mixin.py:115} INFO - [2022-09-02T11:58:11.485+0000] {dagbag.py:508} INFO - Filling up the DagBag from /home/airflow/.local/lib/python3.7/site-packages/airflow/example_dags/example_local_kubernetes_executor.py
[2022-09-02T11:58:11.496+0000] {processor.py:650} INFO - DAG(s) dict_keys(['example_local_kubernetes_executor']) retrieved from /home/airflow/.local/lib/python3.7/site-packages/airflow/example_dags/example_local_kubernetes_executor.py
[2022-09-02T11:58:11.514+0000] {logging_mixin.py:115} INFO - [2022-09-02T11:58:11.514+0000] {dag.py:2429} INFO - Sync 1 DAGs
[2022-09-02T11:58:11.529+0000] {logging_mixin.py:115} INFO - [2022-09-02T11:58:11.529+0000] {dag.py:2981} INFO - Setting next_dagrun for example_local_kubernetes_executor to None, run_after=None
[2022-09-02T11:58:11.537+0000] {processor.py:161} INFO - Processing /home/airflow/.local/lib/python3.7/site-packages/airflow/example_dags/example_local_kubernetes_executor.py took 0.058 seconds
[2022-09-02T11:58:42.267+0000] {processor.py:153} INFO - Started process (PID=4579) to work on /home/airflow/.local/lib/python3.7/site-packages/airflow/example_dags/example_local_kubernetes_executor.py
[2022-09-02T11:58:42.274+0000] {processor.py:640} INFO - Processing file /home/airflow/.local/lib/python3.7/site-packages/airflow/example_dags/example_local_kubernetes_executor.py for tasks to queue
[2022-09-02T11:58:42.276+0000] {logging_mixin.py:115} INFO - [2022-09-02T11:58:42.276+0000] {dagbag.py:508} INFO - Filling up the DagBag from /home/airflow/.local/lib/python3.7/site-packages/airflow/example_dags/example_local_kubernetes_executor.py
[2022-09-02T11:58:42.287+0000] {processor.py:650} INFO - DAG(s) dict_keys(['example_local_kubernetes_executor']) retrieved from /home/airflow/.local/lib/python3.7/site-packages/airflow/example_dags/example_local_kubernetes_executor.py
[2022-09-02T11:58:42.306+0000] {logging_mixin.py:115} INFO - [2022-09-02T11:58:42.305+0000] {dag.py:2429} INFO - Sync 1 DAGs
[2022-09-02T11:58:42.325+0000] {logging_mixin.py:115} INFO - [2022-09-02T11:58:42.325+0000] {dag.py:2981} INFO - Setting next_dagrun for example_local_kubernetes_executor to None, run_after=None
[2022-09-02T11:58:42.333+0000] {processor.py:161} INFO - Processing /home/airflow/.local/lib/python3.7/site-packages/airflow/example_dags/example_local_kubernetes_executor.py took 0.067 seconds
[2022-09-02T11:59:13.251+0000] {processor.py:153} INFO - Started process (PID=4776) to work on /home/airflow/.local/lib/python3.7/site-packages/airflow/example_dags/example_local_kubernetes_executor.py
[2022-09-02T11:59:13.253+0000] {processor.py:640} INFO - Processing file /home/airflow/.local/lib/python3.7/site-packages/airflow/example_dags/example_local_kubernetes_executor.py for tasks to queue
[2022-09-02T11:59:13.254+0000] {logging_mixin.py:115} INFO - [2022-09-02T11:59:13.254+0000] {dagbag.py:508} INFO - Filling up the DagBag from /home/airflow/.local/lib/python3.7/site-packages/airflow/example_dags/example_local_kubernetes_executor.py
[2022-09-02T11:59:13.266+0000] {processor.py:650} INFO - DAG(s) dict_keys(['example_local_kubernetes_executor']) retrieved from /home/airflow/.local/lib/python3.7/site-packages/airflow/example_dags/example_local_kubernetes_executor.py
[2022-09-02T11:59:13.286+0000] {logging_mixin.py:115} INFO - [2022-09-02T11:59:13.286+0000] {dag.py:2429} INFO - Sync 1 DAGs
[2022-09-02T11:59:13.302+0000] {logging_mixin.py:115} INFO - [2022-09-02T11:59:13.302+0000] {dag.py:2981} INFO - Setting next_dagrun for example_local_kubernetes_executor to None, run_after=None
[2022-09-02T11:59:13.310+0000] {processor.py:161} INFO - Processing /home/airflow/.local/lib/python3.7/site-packages/airflow/example_dags/example_local_kubernetes_executor.py took 0.061 seconds
[2022-09-02T11:59:44.001+0000] {processor.py:153} INFO - Started process (PID=4964) to work on /home/airflow/.local/lib/python3.7/site-packages/airflow/example_dags/example_local_kubernetes_executor.py
[2022-09-02T11:59:44.003+0000] {processor.py:640} INFO - Processing file /home/airflow/.local/lib/python3.7/site-packages/airflow/example_dags/example_local_kubernetes_executor.py for tasks to queue
[2022-09-02T11:59:44.004+0000] {logging_mixin.py:115} INFO - [2022-09-02T11:59:44.004+0000] {dagbag.py:508} INFO - Filling up the DagBag from /home/airflow/.local/lib/python3.7/site-packages/airflow/example_dags/example_local_kubernetes_executor.py
[2022-09-02T11:59:44.015+0000] {processor.py:650} INFO - DAG(s) dict_keys(['example_local_kubernetes_executor']) retrieved from /home/airflow/.local/lib/python3.7/site-packages/airflow/example_dags/example_local_kubernetes_executor.py
[2022-09-02T11:59:44.031+0000] {logging_mixin.py:115} INFO - [2022-09-02T11:59:44.031+0000] {dag.py:2429} INFO - Sync 1 DAGs
[2022-09-02T11:59:44.047+0000] {logging_mixin.py:115} INFO - [2022-09-02T11:59:44.047+0000] {dag.py:2981} INFO - Setting next_dagrun for example_local_kubernetes_executor to None, run_after=None
[2022-09-02T11:59:44.059+0000] {processor.py:161} INFO - Processing /home/airflow/.local/lib/python3.7/site-packages/airflow/example_dags/example_local_kubernetes_executor.py took 0.060 seconds
[2022-09-02T12:00:14.887+0000] {processor.py:153} INFO - Started process (PID=5161) to work on /home/airflow/.local/lib/python3.7/site-packages/airflow/example_dags/example_local_kubernetes_executor.py
[2022-09-02T12:00:14.889+0000] {processor.py:640} INFO - Processing file /home/airflow/.local/lib/python3.7/site-packages/airflow/example_dags/example_local_kubernetes_executor.py for tasks to queue
[2022-09-02T12:00:14.890+0000] {logging_mixin.py:115} INFO - [2022-09-02T12:00:14.890+0000] {dagbag.py:508} INFO - Filling up the DagBag from /home/airflow/.local/lib/python3.7/site-packages/airflow/example_dags/example_local_kubernetes_executor.py
[2022-09-02T12:00:14.900+0000] {processor.py:650} INFO - DAG(s) dict_keys(['example_local_kubernetes_executor']) retrieved from /home/airflow/.local/lib/python3.7/site-packages/airflow/example_dags/example_local_kubernetes_executor.py
[2022-09-02T12:00:14.917+0000] {logging_mixin.py:115} INFO - [2022-09-02T12:00:14.916+0000] {dag.py:2429} INFO - Sync 1 DAGs
[2022-09-02T12:00:14.936+0000] {logging_mixin.py:115} INFO - [2022-09-02T12:00:14.936+0000] {dag.py:2981} INFO - Setting next_dagrun for example_local_kubernetes_executor to None, run_after=None
[2022-09-02T12:00:14.945+0000] {processor.py:161} INFO - Processing /home/airflow/.local/lib/python3.7/site-packages/airflow/example_dags/example_local_kubernetes_executor.py took 0.060 seconds
[2022-09-02T12:00:45.738+0000] {processor.py:153} INFO - Started process (PID=5358) to work on /home/airflow/.local/lib/python3.7/site-packages/airflow/example_dags/example_local_kubernetes_executor.py
[2022-09-02T12:00:45.739+0000] {processor.py:640} INFO - Processing file /home/airflow/.local/lib/python3.7/site-packages/airflow/example_dags/example_local_kubernetes_executor.py for tasks to queue
[2022-09-02T12:00:45.741+0000] {logging_mixin.py:115} INFO - [2022-09-02T12:00:45.741+0000] {dagbag.py:508} INFO - Filling up the DagBag from /home/airflow/.local/lib/python3.7/site-packages/airflow/example_dags/example_local_kubernetes_executor.py
[2022-09-02T12:00:45.752+0000] {processor.py:650} INFO - DAG(s) dict_keys(['example_local_kubernetes_executor']) retrieved from /home/airflow/.local/lib/python3.7/site-packages/airflow/example_dags/example_local_kubernetes_executor.py
[2022-09-02T12:00:45.768+0000] {logging_mixin.py:115} INFO - [2022-09-02T12:00:45.768+0000] {dag.py:2429} INFO - Sync 1 DAGs
[2022-09-02T12:00:45.783+0000] {logging_mixin.py:115} INFO - [2022-09-02T12:00:45.783+0000] {dag.py:2981} INFO - Setting next_dagrun for example_local_kubernetes_executor to None, run_after=None
[2022-09-02T12:00:45.793+0000] {processor.py:161} INFO - Processing /home/airflow/.local/lib/python3.7/site-packages/airflow/example_dags/example_local_kubernetes_executor.py took 0.057 seconds
[2022-09-02T12:01:16.329+0000] {processor.py:153} INFO - Started process (PID=5555) to work on /home/airflow/.local/lib/python3.7/site-packages/airflow/example_dags/example_local_kubernetes_executor.py
[2022-09-02T12:01:16.330+0000] {processor.py:640} INFO - Processing file /home/airflow/.local/lib/python3.7/site-packages/airflow/example_dags/example_local_kubernetes_executor.py for tasks to queue
[2022-09-02T12:01:16.331+0000] {logging_mixin.py:115} INFO - [2022-09-02T12:01:16.331+0000] {dagbag.py:508} INFO - Filling up the DagBag from /home/airflow/.local/lib/python3.7/site-packages/airflow/example_dags/example_local_kubernetes_executor.py
[2022-09-02T12:01:16.342+0000] {processor.py:650} INFO - DAG(s) dict_keys(['example_local_kubernetes_executor']) retrieved from /home/airflow/.local/lib/python3.7/site-packages/airflow/example_dags/example_local_kubernetes_executor.py
[2022-09-02T12:01:16.359+0000] {logging_mixin.py:115} INFO - [2022-09-02T12:01:16.359+0000] {dag.py:2429} INFO - Sync 1 DAGs
[2022-09-02T12:01:16.374+0000] {logging_mixin.py:115} INFO - [2022-09-02T12:01:16.374+0000] {dag.py:2981} INFO - Setting next_dagrun for example_local_kubernetes_executor to None, run_after=None
[2022-09-02T12:01:16.382+0000] {processor.py:161} INFO - Processing /home/airflow/.local/lib/python3.7/site-packages/airflow/example_dags/example_local_kubernetes_executor.py took 0.055 seconds
[2022-09-02T12:01:47.143+0000] {processor.py:153} INFO - Started process (PID=5752) to work on /home/airflow/.local/lib/python3.7/site-packages/airflow/example_dags/example_local_kubernetes_executor.py
[2022-09-02T12:01:47.146+0000] {processor.py:640} INFO - Processing file /home/airflow/.local/lib/python3.7/site-packages/airflow/example_dags/example_local_kubernetes_executor.py for tasks to queue
[2022-09-02T12:01:47.148+0000] {logging_mixin.py:115} INFO - [2022-09-02T12:01:47.148+0000] {dagbag.py:508} INFO - Filling up the DagBag from /home/airflow/.local/lib/python3.7/site-packages/airflow/example_dags/example_local_kubernetes_executor.py
[2022-09-02T12:01:47.165+0000] {processor.py:650} INFO - DAG(s) dict_keys(['example_local_kubernetes_executor']) retrieved from /home/airflow/.local/lib/python3.7/site-packages/airflow/example_dags/example_local_kubernetes_executor.py
[2022-09-02T12:01:47.184+0000] {logging_mixin.py:115} INFO - [2022-09-02T12:01:47.184+0000] {dag.py:2429} INFO - Sync 1 DAGs
[2022-09-02T12:01:47.199+0000] {logging_mixin.py:115} INFO - [2022-09-02T12:01:47.198+0000] {dag.py:2981} INFO - Setting next_dagrun for example_local_kubernetes_executor to None, run_after=None
[2022-09-02T12:01:47.207+0000] {processor.py:161} INFO - Processing /home/airflow/.local/lib/python3.7/site-packages/airflow/example_dags/example_local_kubernetes_executor.py took 0.067 seconds
[2022-09-02T12:02:17.937+0000] {processor.py:153} INFO - Started process (PID=5967) to work on /home/airflow/.local/lib/python3.7/site-packages/airflow/example_dags/example_local_kubernetes_executor.py
[2022-09-02T12:02:17.938+0000] {processor.py:640} INFO - Processing file /home/airflow/.local/lib/python3.7/site-packages/airflow/example_dags/example_local_kubernetes_executor.py for tasks to queue
[2022-09-02T12:02:17.939+0000] {logging_mixin.py:115} INFO - [2022-09-02T12:02:17.939+0000] {dagbag.py:508} INFO - Filling up the DagBag from /home/airflow/.local/lib/python3.7/site-packages/airflow/example_dags/example_local_kubernetes_executor.py
[2022-09-02T12:02:17.950+0000] {processor.py:650} INFO - DAG(s) dict_keys(['example_local_kubernetes_executor']) retrieved from /home/airflow/.local/lib/python3.7/site-packages/airflow/example_dags/example_local_kubernetes_executor.py
[2022-09-02T12:02:17.968+0000] {logging_mixin.py:115} INFO - [2022-09-02T12:02:17.968+0000] {dag.py:2429} INFO - Sync 1 DAGs
[2022-09-02T12:02:17.981+0000] {logging_mixin.py:115} INFO - [2022-09-02T12:02:17.981+0000] {dag.py:2981} INFO - Setting next_dagrun for example_local_kubernetes_executor to None, run_after=None
[2022-09-02T12:02:17.989+0000] {processor.py:161} INFO - Processing /home/airflow/.local/lib/python3.7/site-packages/airflow/example_dags/example_local_kubernetes_executor.py took 0.055 seconds
[2022-09-02T12:02:48.889+0000] {processor.py:153} INFO - Started process (PID=6164) to work on /home/airflow/.local/lib/python3.7/site-packages/airflow/example_dags/example_local_kubernetes_executor.py
[2022-09-02T12:02:48.891+0000] {processor.py:640} INFO - Processing file /home/airflow/.local/lib/python3.7/site-packages/airflow/example_dags/example_local_kubernetes_executor.py for tasks to queue
[2022-09-02T12:02:48.892+0000] {logging_mixin.py:115} INFO - [2022-09-02T12:02:48.892+0000] {dagbag.py:508} INFO - Filling up the DagBag from /home/airflow/.local/lib/python3.7/site-packages/airflow/example_dags/example_local_kubernetes_executor.py
[2022-09-02T12:02:48.904+0000] {processor.py:650} INFO - DAG(s) dict_keys(['example_local_kubernetes_executor']) retrieved from /home/airflow/.local/lib/python3.7/site-packages/airflow/example_dags/example_local_kubernetes_executor.py
[2022-09-02T12:02:48.923+0000] {logging_mixin.py:115} INFO - [2022-09-02T12:02:48.923+0000] {dag.py:2429} INFO - Sync 1 DAGs
[2022-09-02T12:02:48.940+0000] {logging_mixin.py:115} INFO - [2022-09-02T12:02:48.940+0000] {dag.py:2981} INFO - Setting next_dagrun for example_local_kubernetes_executor to None, run_after=None
[2022-09-02T12:02:48.951+0000] {processor.py:161} INFO - Processing /home/airflow/.local/lib/python3.7/site-packages/airflow/example_dags/example_local_kubernetes_executor.py took 0.064 seconds
[2022-09-02T12:03:19.657+0000] {processor.py:153} INFO - Started process (PID=6352) to work on /home/airflow/.local/lib/python3.7/site-packages/airflow/example_dags/example_local_kubernetes_executor.py
[2022-09-02T12:03:19.659+0000] {processor.py:640} INFO - Processing file /home/airflow/.local/lib/python3.7/site-packages/airflow/example_dags/example_local_kubernetes_executor.py for tasks to queue
[2022-09-02T12:03:19.662+0000] {logging_mixin.py:115} INFO - [2022-09-02T12:03:19.661+0000] {dagbag.py:508} INFO - Filling up the DagBag from /home/airflow/.local/lib/python3.7/site-packages/airflow/example_dags/example_local_kubernetes_executor.py
[2022-09-02T12:03:19.674+0000] {processor.py:650} INFO - DAG(s) dict_keys(['example_local_kubernetes_executor']) retrieved from /home/airflow/.local/lib/python3.7/site-packages/airflow/example_dags/example_local_kubernetes_executor.py
[2022-09-02T12:03:19.692+0000] {logging_mixin.py:115} INFO - [2022-09-02T12:03:19.692+0000] {dag.py:2429} INFO - Sync 1 DAGs
[2022-09-02T12:03:19.711+0000] {logging_mixin.py:115} INFO - [2022-09-02T12:03:19.711+0000] {dag.py:2981} INFO - Setting next_dagrun for example_local_kubernetes_executor to None, run_after=None
[2022-09-02T12:03:19.718+0000] {processor.py:161} INFO - Processing /home/airflow/.local/lib/python3.7/site-packages/airflow/example_dags/example_local_kubernetes_executor.py took 0.063 seconds
[2022-09-02T12:03:50.445+0000] {processor.py:153} INFO - Started process (PID=6548) to work on /home/airflow/.local/lib/python3.7/site-packages/airflow/example_dags/example_local_kubernetes_executor.py
[2022-09-02T12:03:50.447+0000] {processor.py:640} INFO - Processing file /home/airflow/.local/lib/python3.7/site-packages/airflow/example_dags/example_local_kubernetes_executor.py for tasks to queue
[2022-09-02T12:03:50.448+0000] {logging_mixin.py:115} INFO - [2022-09-02T12:03:50.448+0000] {dagbag.py:508} INFO - Filling up the DagBag from /home/airflow/.local/lib/python3.7/site-packages/airflow/example_dags/example_local_kubernetes_executor.py
[2022-09-02T12:03:50.459+0000] {processor.py:650} INFO - DAG(s) dict_keys(['example_local_kubernetes_executor']) retrieved from /home/airflow/.local/lib/python3.7/site-packages/airflow/example_dags/example_local_kubernetes_executor.py
[2022-09-02T12:03:50.478+0000] {logging_mixin.py:115} INFO - [2022-09-02T12:03:50.478+0000] {dag.py:2429} INFO - Sync 1 DAGs
[2022-09-02T12:03:50.494+0000] {logging_mixin.py:115} INFO - [2022-09-02T12:03:50.494+0000] {dag.py:2981} INFO - Setting next_dagrun for example_local_kubernetes_executor to None, run_after=None
[2022-09-02T12:03:50.502+0000] {processor.py:161} INFO - Processing /home/airflow/.local/lib/python3.7/site-packages/airflow/example_dags/example_local_kubernetes_executor.py took 0.059 seconds
[2022-09-02T12:04:21.191+0000] {processor.py:153} INFO - Started process (PID=6746) to work on /home/airflow/.local/lib/python3.7/site-packages/airflow/example_dags/example_local_kubernetes_executor.py
[2022-09-02T12:04:21.193+0000] {processor.py:640} INFO - Processing file /home/airflow/.local/lib/python3.7/site-packages/airflow/example_dags/example_local_kubernetes_executor.py for tasks to queue
[2022-09-02T12:04:21.195+0000] {logging_mixin.py:115} INFO - [2022-09-02T12:04:21.195+0000] {dagbag.py:508} INFO - Filling up the DagBag from /home/airflow/.local/lib/python3.7/site-packages/airflow/example_dags/example_local_kubernetes_executor.py
[2022-09-02T12:04:21.208+0000] {processor.py:650} INFO - DAG(s) dict_keys(['example_local_kubernetes_executor']) retrieved from /home/airflow/.local/lib/python3.7/site-packages/airflow/example_dags/example_local_kubernetes_executor.py
[2022-09-02T12:04:21.227+0000] {logging_mixin.py:115} INFO - [2022-09-02T12:04:21.227+0000] {dag.py:2429} INFO - Sync 1 DAGs
[2022-09-02T12:04:21.245+0000] {logging_mixin.py:115} INFO - [2022-09-02T12:04:21.245+0000] {dag.py:2981} INFO - Setting next_dagrun for example_local_kubernetes_executor to None, run_after=None
[2022-09-02T12:04:21.253+0000] {processor.py:161} INFO - Processing /home/airflow/.local/lib/python3.7/site-packages/airflow/example_dags/example_local_kubernetes_executor.py took 0.065 seconds
[2022-09-02T12:04:52.079+0000] {processor.py:153} INFO - Started process (PID=6943) to work on /home/airflow/.local/lib/python3.7/site-packages/airflow/example_dags/example_local_kubernetes_executor.py
[2022-09-02T12:04:52.081+0000] {processor.py:640} INFO - Processing file /home/airflow/.local/lib/python3.7/site-packages/airflow/example_dags/example_local_kubernetes_executor.py for tasks to queue
[2022-09-02T12:04:52.082+0000] {logging_mixin.py:115} INFO - [2022-09-02T12:04:52.082+0000] {dagbag.py:508} INFO - Filling up the DagBag from /home/airflow/.local/lib/python3.7/site-packages/airflow/example_dags/example_local_kubernetes_executor.py
[2022-09-02T12:04:52.098+0000] {processor.py:650} INFO - DAG(s) dict_keys(['example_local_kubernetes_executor']) retrieved from /home/airflow/.local/lib/python3.7/site-packages/airflow/example_dags/example_local_kubernetes_executor.py
[2022-09-02T12:04:52.118+0000] {logging_mixin.py:115} INFO - [2022-09-02T12:04:52.118+0000] {dag.py:2429} INFO - Sync 1 DAGs
[2022-09-02T12:04:52.133+0000] {logging_mixin.py:115} INFO - [2022-09-02T12:04:52.133+0000] {dag.py:2981} INFO - Setting next_dagrun for example_local_kubernetes_executor to None, run_after=None
[2022-09-02T12:04:52.141+0000] {processor.py:161} INFO - Processing /home/airflow/.local/lib/python3.7/site-packages/airflow/example_dags/example_local_kubernetes_executor.py took 0.066 seconds
[2022-09-02T12:05:22.866+0000] {processor.py:153} INFO - Started process (PID=7141) to work on /home/airflow/.local/lib/python3.7/site-packages/airflow/example_dags/example_local_kubernetes_executor.py
[2022-09-02T12:05:22.868+0000] {processor.py:640} INFO - Processing file /home/airflow/.local/lib/python3.7/site-packages/airflow/example_dags/example_local_kubernetes_executor.py for tasks to queue
[2022-09-02T12:05:22.869+0000] {logging_mixin.py:115} INFO - [2022-09-02T12:05:22.869+0000] {dagbag.py:508} INFO - Filling up the DagBag from /home/airflow/.local/lib/python3.7/site-packages/airflow/example_dags/example_local_kubernetes_executor.py
[2022-09-02T12:05:22.881+0000] {processor.py:650} INFO - DAG(s) dict_keys(['example_local_kubernetes_executor']) retrieved from /home/airflow/.local/lib/python3.7/site-packages/airflow/example_dags/example_local_kubernetes_executor.py
[2022-09-02T12:05:22.899+0000] {logging_mixin.py:115} INFO - [2022-09-02T12:05:22.899+0000] {dag.py:2429} INFO - Sync 1 DAGs
[2022-09-02T12:05:22.916+0000] {logging_mixin.py:115} INFO - [2022-09-02T12:05:22.916+0000] {dag.py:2981} INFO - Setting next_dagrun for example_local_kubernetes_executor to None, run_after=None
[2022-09-02T12:05:22.924+0000] {processor.py:161} INFO - Processing /home/airflow/.local/lib/python3.7/site-packages/airflow/example_dags/example_local_kubernetes_executor.py took 0.060 seconds
[2022-09-02T12:05:53.607+0000] {processor.py:153} INFO - Started process (PID=7338) to work on /home/airflow/.local/lib/python3.7/site-packages/airflow/example_dags/example_local_kubernetes_executor.py
[2022-09-02T12:05:53.609+0000] {processor.py:640} INFO - Processing file /home/airflow/.local/lib/python3.7/site-packages/airflow/example_dags/example_local_kubernetes_executor.py for tasks to queue
[2022-09-02T12:05:53.611+0000] {logging_mixin.py:115} INFO - [2022-09-02T12:05:53.611+0000] {dagbag.py:508} INFO - Filling up the DagBag from /home/airflow/.local/lib/python3.7/site-packages/airflow/example_dags/example_local_kubernetes_executor.py
[2022-09-02T12:05:53.624+0000] {processor.py:650} INFO - DAG(s) dict_keys(['example_local_kubernetes_executor']) retrieved from /home/airflow/.local/lib/python3.7/site-packages/airflow/example_dags/example_local_kubernetes_executor.py
[2022-09-02T12:05:53.643+0000] {logging_mixin.py:115} INFO - [2022-09-02T12:05:53.643+0000] {dag.py:2429} INFO - Sync 1 DAGs
[2022-09-02T12:05:53.662+0000] {logging_mixin.py:115} INFO - [2022-09-02T12:05:53.662+0000] {dag.py:2981} INFO - Setting next_dagrun for example_local_kubernetes_executor to None, run_after=None
[2022-09-02T12:05:53.673+0000] {processor.py:161} INFO - Processing /home/airflow/.local/lib/python3.7/site-packages/airflow/example_dags/example_local_kubernetes_executor.py took 0.069 seconds
[2022-09-02T12:06:24.468+0000] {processor.py:153} INFO - Started process (PID=7527) to work on /home/airflow/.local/lib/python3.7/site-packages/airflow/example_dags/example_local_kubernetes_executor.py
[2022-09-02T12:06:24.470+0000] {processor.py:640} INFO - Processing file /home/airflow/.local/lib/python3.7/site-packages/airflow/example_dags/example_local_kubernetes_executor.py for tasks to queue
[2022-09-02T12:06:24.471+0000] {logging_mixin.py:115} INFO - [2022-09-02T12:06:24.471+0000] {dagbag.py:508} INFO - Filling up the DagBag from /home/airflow/.local/lib/python3.7/site-packages/airflow/example_dags/example_local_kubernetes_executor.py
[2022-09-02T12:06:24.482+0000] {processor.py:650} INFO - DAG(s) dict_keys(['example_local_kubernetes_executor']) retrieved from /home/airflow/.local/lib/python3.7/site-packages/airflow/example_dags/example_local_kubernetes_executor.py
[2022-09-02T12:06:24.500+0000] {logging_mixin.py:115} INFO - [2022-09-02T12:06:24.500+0000] {dag.py:2429} INFO - Sync 1 DAGs
[2022-09-02T12:06:24.515+0000] {logging_mixin.py:115} INFO - [2022-09-02T12:06:24.515+0000] {dag.py:2981} INFO - Setting next_dagrun for example_local_kubernetes_executor to None, run_after=None
[2022-09-02T12:06:24.523+0000] {processor.py:161} INFO - Processing /home/airflow/.local/lib/python3.7/site-packages/airflow/example_dags/example_local_kubernetes_executor.py took 0.058 seconds
[2022-09-02T12:06:55.340+0000] {processor.py:153} INFO - Started process (PID=7723) to work on /home/airflow/.local/lib/python3.7/site-packages/airflow/example_dags/example_local_kubernetes_executor.py
[2022-09-02T12:06:55.342+0000] {processor.py:640} INFO - Processing file /home/airflow/.local/lib/python3.7/site-packages/airflow/example_dags/example_local_kubernetes_executor.py for tasks to queue
[2022-09-02T12:06:55.343+0000] {logging_mixin.py:115} INFO - [2022-09-02T12:06:55.343+0000] {dagbag.py:508} INFO - Filling up the DagBag from /home/airflow/.local/lib/python3.7/site-packages/airflow/example_dags/example_local_kubernetes_executor.py
[2022-09-02T12:06:55.354+0000] {processor.py:650} INFO - DAG(s) dict_keys(['example_local_kubernetes_executor']) retrieved from /home/airflow/.local/lib/python3.7/site-packages/airflow/example_dags/example_local_kubernetes_executor.py
[2022-09-02T12:06:55.372+0000] {logging_mixin.py:115} INFO - [2022-09-02T12:06:55.372+0000] {dag.py:2429} INFO - Sync 1 DAGs
[2022-09-02T12:06:55.390+0000] {logging_mixin.py:115} INFO - [2022-09-02T12:06:55.390+0000] {dag.py:2981} INFO - Setting next_dagrun for example_local_kubernetes_executor to None, run_after=None
[2022-09-02T12:06:55.401+0000] {processor.py:161} INFO - Processing /home/airflow/.local/lib/python3.7/site-packages/airflow/example_dags/example_local_kubernetes_executor.py took 0.064 seconds
[2022-09-02T12:07:26.308+0000] {processor.py:153} INFO - Started process (PID=7922) to work on /home/airflow/.local/lib/python3.7/site-packages/airflow/example_dags/example_local_kubernetes_executor.py
[2022-09-02T12:07:26.310+0000] {processor.py:640} INFO - Processing file /home/airflow/.local/lib/python3.7/site-packages/airflow/example_dags/example_local_kubernetes_executor.py for tasks to queue
[2022-09-02T12:07:26.311+0000] {logging_mixin.py:115} INFO - [2022-09-02T12:07:26.311+0000] {dagbag.py:508} INFO - Filling up the DagBag from /home/airflow/.local/lib/python3.7/site-packages/airflow/example_dags/example_local_kubernetes_executor.py
[2022-09-02T12:07:26.323+0000] {processor.py:650} INFO - DAG(s) dict_keys(['example_local_kubernetes_executor']) retrieved from /home/airflow/.local/lib/python3.7/site-packages/airflow/example_dags/example_local_kubernetes_executor.py
[2022-09-02T12:07:26.342+0000] {logging_mixin.py:115} INFO - [2022-09-02T12:07:26.341+0000] {dag.py:2429} INFO - Sync 1 DAGs
[2022-09-02T12:07:26.357+0000] {logging_mixin.py:115} INFO - [2022-09-02T12:07:26.356+0000] {dag.py:2981} INFO - Setting next_dagrun for example_local_kubernetes_executor to None, run_after=None
[2022-09-02T12:07:26.365+0000] {processor.py:161} INFO - Processing /home/airflow/.local/lib/python3.7/site-packages/airflow/example_dags/example_local_kubernetes_executor.py took 0.060 seconds
[2022-09-02T12:07:57.214+0000] {processor.py:153} INFO - Started process (PID=8117) to work on /home/airflow/.local/lib/python3.7/site-packages/airflow/example_dags/example_local_kubernetes_executor.py
[2022-09-02T12:07:57.216+0000] {processor.py:640} INFO - Processing file /home/airflow/.local/lib/python3.7/site-packages/airflow/example_dags/example_local_kubernetes_executor.py for tasks to queue
[2022-09-02T12:07:57.217+0000] {logging_mixin.py:115} INFO - [2022-09-02T12:07:57.217+0000] {dagbag.py:508} INFO - Filling up the DagBag from /home/airflow/.local/lib/python3.7/site-packages/airflow/example_dags/example_local_kubernetes_executor.py
[2022-09-02T12:07:57.230+0000] {processor.py:650} INFO - DAG(s) dict_keys(['example_local_kubernetes_executor']) retrieved from /home/airflow/.local/lib/python3.7/site-packages/airflow/example_dags/example_local_kubernetes_executor.py
[2022-09-02T12:07:57.250+0000] {logging_mixin.py:115} INFO - [2022-09-02T12:07:57.249+0000] {dag.py:2429} INFO - Sync 1 DAGs
[2022-09-02T12:07:57.267+0000] {logging_mixin.py:115} INFO - [2022-09-02T12:07:57.267+0000] {dag.py:2981} INFO - Setting next_dagrun for example_local_kubernetes_executor to None, run_after=None
[2022-09-02T12:07:57.276+0000] {processor.py:161} INFO - Processing /home/airflow/.local/lib/python3.7/site-packages/airflow/example_dags/example_local_kubernetes_executor.py took 0.064 seconds
