[2022-09-02T11:47:25.993+0000] {processor.py:153} INFO - Started process (PID=315) to work on /home/airflow/.local/lib/python3.7/site-packages/airflow/example_dags/example_branch_datetime_operator.py
[2022-09-02T11:47:25.995+0000] {processor.py:640} INFO - Processing file /home/airflow/.local/lib/python3.7/site-packages/airflow/example_dags/example_branch_datetime_operator.py for tasks to queue
[2022-09-02T11:47:25.997+0000] {logging_mixin.py:115} INFO - [2022-09-02T11:47:25.997+0000] {dagbag.py:508} INFO - Filling up the DagBag from /home/airflow/.local/lib/python3.7/site-packages/airflow/example_dags/example_branch_datetime_operator.py
[2022-09-02T11:47:26.006+0000] {processor.py:650} INFO - DAG(s) dict_keys(['example_branch_datetime_operator', 'example_branch_datetime_operator_2']) retrieved from /home/airflow/.local/lib/python3.7/site-packages/airflow/example_dags/example_branch_datetime_operator.py
[2022-09-02T11:47:26.066+0000] {logging_mixin.py:115} INFO - [2022-09-02T11:47:26.066+0000] {manager.py:508} INFO - Created Permission View: can edit on DAG:example_branch_datetime_operator
[2022-09-02T11:47:26.075+0000] {logging_mixin.py:115} INFO - [2022-09-02T11:47:26.074+0000] {manager.py:508} INFO - Created Permission View: can delete on DAG:example_branch_datetime_operator
[2022-09-02T11:47:26.082+0000] {logging_mixin.py:115} INFO - [2022-09-02T11:47:26.082+0000] {manager.py:508} INFO - Created Permission View: can read on DAG:example_branch_datetime_operator
[2022-09-02T11:47:26.093+0000] {logging_mixin.py:115} INFO - [2022-09-02T11:47:26.093+0000] {manager.py:508} INFO - Created Permission View: can edit on DAG:example_branch_datetime_operator_2
[2022-09-02T11:47:26.100+0000] {logging_mixin.py:115} INFO - [2022-09-02T11:47:26.100+0000] {manager.py:508} INFO - Created Permission View: can delete on DAG:example_branch_datetime_operator_2
[2022-09-02T11:47:26.106+0000] {logging_mixin.py:115} INFO - [2022-09-02T11:47:26.106+0000] {manager.py:508} INFO - Created Permission View: can read on DAG:example_branch_datetime_operator_2
[2022-09-02T11:47:26.108+0000] {logging_mixin.py:115} INFO - [2022-09-02T11:47:26.108+0000] {dag.py:2429} INFO - Sync 2 DAGs
[2022-09-02T11:47:26.115+0000] {logging_mixin.py:115} INFO - [2022-09-02T11:47:26.115+0000] {dag.py:2448} INFO - Creating ORM DAG for example_branch_datetime_operator
[2022-09-02T11:47:26.117+0000] {logging_mixin.py:115} INFO - [2022-09-02T11:47:26.116+0000] {dag.py:2448} INFO - Creating ORM DAG for example_branch_datetime_operator_2
[2022-09-02T11:47:26.130+0000] {logging_mixin.py:115} INFO - [2022-09-02T11:47:26.130+0000] {dag.py:2981} INFO - Setting next_dagrun for example_branch_datetime_operator to 2022-09-01T00:00:00+00:00, run_after=2022-09-02T00:00:00+00:00
[2022-09-02T11:47:26.134+0000] {logging_mixin.py:115} INFO - [2022-09-02T11:47:26.134+0000] {dag.py:2981} INFO - Setting next_dagrun for example_branch_datetime_operator_2 to 2022-09-01T00:00:00+00:00, run_after=2022-09-02T00:00:00+00:00
[2022-09-02T11:47:26.147+0000] {processor.py:161} INFO - Processing /home/airflow/.local/lib/python3.7/site-packages/airflow/example_dags/example_branch_datetime_operator.py took 0.156 seconds
[2022-09-02T11:47:56.202+0000] {processor.py:153} INFO - Started process (PID=514) to work on /home/airflow/.local/lib/python3.7/site-packages/airflow/example_dags/example_branch_datetime_operator.py
[2022-09-02T11:47:56.204+0000] {processor.py:640} INFO - Processing file /home/airflow/.local/lib/python3.7/site-packages/airflow/example_dags/example_branch_datetime_operator.py for tasks to queue
[2022-09-02T11:47:56.205+0000] {logging_mixin.py:115} INFO - [2022-09-02T11:47:56.205+0000] {dagbag.py:508} INFO - Filling up the DagBag from /home/airflow/.local/lib/python3.7/site-packages/airflow/example_dags/example_branch_datetime_operator.py
[2022-09-02T11:47:56.211+0000] {processor.py:650} INFO - DAG(s) dict_keys(['example_branch_datetime_operator', 'example_branch_datetime_operator_2']) retrieved from /home/airflow/.local/lib/python3.7/site-packages/airflow/example_dags/example_branch_datetime_operator.py
[2022-09-02T11:47:56.234+0000] {logging_mixin.py:115} INFO - [2022-09-02T11:47:56.234+0000] {dag.py:2429} INFO - Sync 2 DAGs
[2022-09-02T11:47:56.250+0000] {logging_mixin.py:115} INFO - [2022-09-02T11:47:56.249+0000] {dag.py:2981} INFO - Setting next_dagrun for example_branch_datetime_operator to 2022-09-01T00:00:00+00:00, run_after=2022-09-02T00:00:00+00:00
[2022-09-02T11:47:56.252+0000] {logging_mixin.py:115} INFO - [2022-09-02T11:47:56.252+0000] {dag.py:2981} INFO - Setting next_dagrun for example_branch_datetime_operator_2 to 2022-09-01T00:00:00+00:00, run_after=2022-09-02T00:00:00+00:00
[2022-09-02T11:47:56.263+0000] {processor.py:161} INFO - Processing /home/airflow/.local/lib/python3.7/site-packages/airflow/example_dags/example_branch_datetime_operator.py took 0.063 seconds
[2022-09-02T11:48:26.295+0000] {processor.py:153} INFO - Started process (PID=710) to work on /home/airflow/.local/lib/python3.7/site-packages/airflow/example_dags/example_branch_datetime_operator.py
[2022-09-02T11:48:26.297+0000] {processor.py:640} INFO - Processing file /home/airflow/.local/lib/python3.7/site-packages/airflow/example_dags/example_branch_datetime_operator.py for tasks to queue
[2022-09-02T11:48:26.299+0000] {logging_mixin.py:115} INFO - [2022-09-02T11:48:26.298+0000] {dagbag.py:508} INFO - Filling up the DagBag from /home/airflow/.local/lib/python3.7/site-packages/airflow/example_dags/example_branch_datetime_operator.py
[2022-09-02T11:48:26.305+0000] {processor.py:650} INFO - DAG(s) dict_keys(['example_branch_datetime_operator', 'example_branch_datetime_operator_2']) retrieved from /home/airflow/.local/lib/python3.7/site-packages/airflow/example_dags/example_branch_datetime_operator.py
[2022-09-02T11:48:26.327+0000] {logging_mixin.py:115} INFO - [2022-09-02T11:48:26.327+0000] {dag.py:2429} INFO - Sync 2 DAGs
[2022-09-02T11:48:26.343+0000] {logging_mixin.py:115} INFO - [2022-09-02T11:48:26.342+0000] {dag.py:2981} INFO - Setting next_dagrun for example_branch_datetime_operator to 2022-09-01T00:00:00+00:00, run_after=2022-09-02T00:00:00+00:00
[2022-09-02T11:48:26.345+0000] {logging_mixin.py:115} INFO - [2022-09-02T11:48:26.344+0000] {dag.py:2981} INFO - Setting next_dagrun for example_branch_datetime_operator_2 to 2022-09-01T00:00:00+00:00, run_after=2022-09-02T00:00:00+00:00
[2022-09-02T11:48:26.355+0000] {processor.py:161} INFO - Processing /home/airflow/.local/lib/python3.7/site-packages/airflow/example_dags/example_branch_datetime_operator.py took 0.062 seconds
[2022-09-02T11:48:57.177+0000] {processor.py:153} INFO - Started process (PID=906) to work on /home/airflow/.local/lib/python3.7/site-packages/airflow/example_dags/example_branch_datetime_operator.py
[2022-09-02T11:48:57.179+0000] {processor.py:640} INFO - Processing file /home/airflow/.local/lib/python3.7/site-packages/airflow/example_dags/example_branch_datetime_operator.py for tasks to queue
[2022-09-02T11:48:57.180+0000] {logging_mixin.py:115} INFO - [2022-09-02T11:48:57.180+0000] {dagbag.py:508} INFO - Filling up the DagBag from /home/airflow/.local/lib/python3.7/site-packages/airflow/example_dags/example_branch_datetime_operator.py
[2022-09-02T11:48:57.186+0000] {processor.py:650} INFO - DAG(s) dict_keys(['example_branch_datetime_operator', 'example_branch_datetime_operator_2']) retrieved from /home/airflow/.local/lib/python3.7/site-packages/airflow/example_dags/example_branch_datetime_operator.py
[2022-09-02T11:48:57.212+0000] {logging_mixin.py:115} INFO - [2022-09-02T11:48:57.212+0000] {dag.py:2429} INFO - Sync 2 DAGs
[2022-09-02T11:48:57.228+0000] {logging_mixin.py:115} INFO - [2022-09-02T11:48:57.228+0000] {dag.py:2981} INFO - Setting next_dagrun for example_branch_datetime_operator to 2022-09-01T00:00:00+00:00, run_after=2022-09-02T00:00:00+00:00
[2022-09-02T11:48:57.230+0000] {logging_mixin.py:115} INFO - [2022-09-02T11:48:57.230+0000] {dag.py:2981} INFO - Setting next_dagrun for example_branch_datetime_operator_2 to 2022-09-01T00:00:00+00:00, run_after=2022-09-02T00:00:00+00:00
[2022-09-02T11:48:57.241+0000] {processor.py:161} INFO - Processing /home/airflow/.local/lib/python3.7/site-packages/airflow/example_dags/example_branch_datetime_operator.py took 0.066 seconds
[2022-09-02T11:49:28.052+0000] {processor.py:153} INFO - Started process (PID=1103) to work on /home/airflow/.local/lib/python3.7/site-packages/airflow/example_dags/example_branch_datetime_operator.py
[2022-09-02T11:49:28.054+0000] {processor.py:640} INFO - Processing file /home/airflow/.local/lib/python3.7/site-packages/airflow/example_dags/example_branch_datetime_operator.py for tasks to queue
[2022-09-02T11:49:28.056+0000] {logging_mixin.py:115} INFO - [2022-09-02T11:49:28.056+0000] {dagbag.py:508} INFO - Filling up the DagBag from /home/airflow/.local/lib/python3.7/site-packages/airflow/example_dags/example_branch_datetime_operator.py
[2022-09-02T11:49:28.064+0000] {processor.py:650} INFO - DAG(s) dict_keys(['example_branch_datetime_operator', 'example_branch_datetime_operator_2']) retrieved from /home/airflow/.local/lib/python3.7/site-packages/airflow/example_dags/example_branch_datetime_operator.py
[2022-09-02T11:49:28.092+0000] {logging_mixin.py:115} INFO - [2022-09-02T11:49:28.092+0000] {dag.py:2429} INFO - Sync 2 DAGs
[2022-09-02T11:49:28.111+0000] {logging_mixin.py:115} INFO - [2022-09-02T11:49:28.110+0000] {dag.py:2981} INFO - Setting next_dagrun for example_branch_datetime_operator to 2022-09-01T00:00:00+00:00, run_after=2022-09-02T00:00:00+00:00
[2022-09-02T11:49:28.113+0000] {logging_mixin.py:115} INFO - [2022-09-02T11:49:28.113+0000] {dag.py:2981} INFO - Setting next_dagrun for example_branch_datetime_operator_2 to 2022-09-01T00:00:00+00:00, run_after=2022-09-02T00:00:00+00:00
[2022-09-02T11:49:28.126+0000] {processor.py:161} INFO - Processing /home/airflow/.local/lib/python3.7/site-packages/airflow/example_dags/example_branch_datetime_operator.py took 0.078 seconds
[2022-09-02T11:49:58.862+0000] {processor.py:153} INFO - Started process (PID=1291) to work on /home/airflow/.local/lib/python3.7/site-packages/airflow/example_dags/example_branch_datetime_operator.py
[2022-09-02T11:49:58.864+0000] {processor.py:640} INFO - Processing file /home/airflow/.local/lib/python3.7/site-packages/airflow/example_dags/example_branch_datetime_operator.py for tasks to queue
[2022-09-02T11:49:58.866+0000] {logging_mixin.py:115} INFO - [2022-09-02T11:49:58.865+0000] {dagbag.py:508} INFO - Filling up the DagBag from /home/airflow/.local/lib/python3.7/site-packages/airflow/example_dags/example_branch_datetime_operator.py
[2022-09-02T11:49:58.871+0000] {processor.py:650} INFO - DAG(s) dict_keys(['example_branch_datetime_operator', 'example_branch_datetime_operator_2']) retrieved from /home/airflow/.local/lib/python3.7/site-packages/airflow/example_dags/example_branch_datetime_operator.py
[2022-09-02T11:49:58.890+0000] {logging_mixin.py:115} INFO - [2022-09-02T11:49:58.889+0000] {dag.py:2429} INFO - Sync 2 DAGs
[2022-09-02T11:49:58.903+0000] {logging_mixin.py:115} INFO - [2022-09-02T11:49:58.903+0000] {dag.py:2981} INFO - Setting next_dagrun for example_branch_datetime_operator to 2022-09-01T00:00:00+00:00, run_after=2022-09-02T00:00:00+00:00
[2022-09-02T11:49:58.905+0000] {logging_mixin.py:115} INFO - [2022-09-02T11:49:58.905+0000] {dag.py:2981} INFO - Setting next_dagrun for example_branch_datetime_operator_2 to 2022-09-01T00:00:00+00:00, run_after=2022-09-02T00:00:00+00:00
[2022-09-02T11:49:58.914+0000] {processor.py:161} INFO - Processing /home/airflow/.local/lib/python3.7/site-packages/airflow/example_dags/example_branch_datetime_operator.py took 0.054 seconds
[2022-09-02T11:50:29.710+0000] {processor.py:153} INFO - Started process (PID=1488) to work on /home/airflow/.local/lib/python3.7/site-packages/airflow/example_dags/example_branch_datetime_operator.py
[2022-09-02T11:50:29.711+0000] {processor.py:640} INFO - Processing file /home/airflow/.local/lib/python3.7/site-packages/airflow/example_dags/example_branch_datetime_operator.py for tasks to queue
[2022-09-02T11:50:29.713+0000] {logging_mixin.py:115} INFO - [2022-09-02T11:50:29.713+0000] {dagbag.py:508} INFO - Filling up the DagBag from /home/airflow/.local/lib/python3.7/site-packages/airflow/example_dags/example_branch_datetime_operator.py
[2022-09-02T11:50:29.719+0000] {processor.py:650} INFO - DAG(s) dict_keys(['example_branch_datetime_operator', 'example_branch_datetime_operator_2']) retrieved from /home/airflow/.local/lib/python3.7/site-packages/airflow/example_dags/example_branch_datetime_operator.py
[2022-09-02T11:50:29.738+0000] {logging_mixin.py:115} INFO - [2022-09-02T11:50:29.738+0000] {dag.py:2429} INFO - Sync 2 DAGs
[2022-09-02T11:50:29.754+0000] {logging_mixin.py:115} INFO - [2022-09-02T11:50:29.754+0000] {dag.py:2981} INFO - Setting next_dagrun for example_branch_datetime_operator to 2022-09-01T00:00:00+00:00, run_after=2022-09-02T00:00:00+00:00
[2022-09-02T11:50:29.756+0000] {logging_mixin.py:115} INFO - [2022-09-02T11:50:29.756+0000] {dag.py:2981} INFO - Setting next_dagrun for example_branch_datetime_operator_2 to 2022-09-01T00:00:00+00:00, run_after=2022-09-02T00:00:00+00:00
[2022-09-02T11:50:29.766+0000] {processor.py:161} INFO - Processing /home/airflow/.local/lib/python3.7/site-packages/airflow/example_dags/example_branch_datetime_operator.py took 0.058 seconds
[2022-09-02T11:51:00.399+0000] {processor.py:153} INFO - Started process (PID=1687) to work on /home/airflow/.local/lib/python3.7/site-packages/airflow/example_dags/example_branch_datetime_operator.py
[2022-09-02T11:51:00.401+0000] {processor.py:640} INFO - Processing file /home/airflow/.local/lib/python3.7/site-packages/airflow/example_dags/example_branch_datetime_operator.py for tasks to queue
[2022-09-02T11:51:00.403+0000] {logging_mixin.py:115} INFO - [2022-09-02T11:51:00.402+0000] {dagbag.py:508} INFO - Filling up the DagBag from /home/airflow/.local/lib/python3.7/site-packages/airflow/example_dags/example_branch_datetime_operator.py
[2022-09-02T11:51:00.408+0000] {processor.py:650} INFO - DAG(s) dict_keys(['example_branch_datetime_operator', 'example_branch_datetime_operator_2']) retrieved from /home/airflow/.local/lib/python3.7/site-packages/airflow/example_dags/example_branch_datetime_operator.py
[2022-09-02T11:51:00.427+0000] {logging_mixin.py:115} INFO - [2022-09-02T11:51:00.427+0000] {dag.py:2429} INFO - Sync 2 DAGs
[2022-09-02T11:51:00.443+0000] {logging_mixin.py:115} INFO - [2022-09-02T11:51:00.443+0000] {dag.py:2981} INFO - Setting next_dagrun for example_branch_datetime_operator to 2022-09-01T00:00:00+00:00, run_after=2022-09-02T00:00:00+00:00
[2022-09-02T11:51:00.445+0000] {logging_mixin.py:115} INFO - [2022-09-02T11:51:00.445+0000] {dag.py:2981} INFO - Setting next_dagrun for example_branch_datetime_operator_2 to 2022-09-01T00:00:00+00:00, run_after=2022-09-02T00:00:00+00:00
[2022-09-02T11:51:00.457+0000] {processor.py:161} INFO - Processing /home/airflow/.local/lib/python3.7/site-packages/airflow/example_dags/example_branch_datetime_operator.py took 0.060 seconds
[2022-09-02T11:51:31.222+0000] {processor.py:153} INFO - Started process (PID=1885) to work on /home/airflow/.local/lib/python3.7/site-packages/airflow/example_dags/example_branch_datetime_operator.py
[2022-09-02T11:51:31.224+0000] {processor.py:640} INFO - Processing file /home/airflow/.local/lib/python3.7/site-packages/airflow/example_dags/example_branch_datetime_operator.py for tasks to queue
[2022-09-02T11:51:31.225+0000] {logging_mixin.py:115} INFO - [2022-09-02T11:51:31.225+0000] {dagbag.py:508} INFO - Filling up the DagBag from /home/airflow/.local/lib/python3.7/site-packages/airflow/example_dags/example_branch_datetime_operator.py
[2022-09-02T11:51:31.231+0000] {processor.py:650} INFO - DAG(s) dict_keys(['example_branch_datetime_operator', 'example_branch_datetime_operator_2']) retrieved from /home/airflow/.local/lib/python3.7/site-packages/airflow/example_dags/example_branch_datetime_operator.py
[2022-09-02T11:51:31.253+0000] {logging_mixin.py:115} INFO - [2022-09-02T11:51:31.253+0000] {dag.py:2429} INFO - Sync 2 DAGs
[2022-09-02T11:51:31.268+0000] {logging_mixin.py:115} INFO - [2022-09-02T11:51:31.268+0000] {dag.py:2981} INFO - Setting next_dagrun for example_branch_datetime_operator to 2022-09-01T00:00:00+00:00, run_after=2022-09-02T00:00:00+00:00
[2022-09-02T11:51:31.271+0000] {logging_mixin.py:115} INFO - [2022-09-02T11:51:31.271+0000] {dag.py:2981} INFO - Setting next_dagrun for example_branch_datetime_operator_2 to 2022-09-01T00:00:00+00:00, run_after=2022-09-02T00:00:00+00:00
[2022-09-02T11:51:31.280+0000] {processor.py:161} INFO - Processing /home/airflow/.local/lib/python3.7/site-packages/airflow/example_dags/example_branch_datetime_operator.py took 0.060 seconds
[2022-09-02T11:52:02.140+0000] {processor.py:153} INFO - Started process (PID=2082) to work on /home/airflow/.local/lib/python3.7/site-packages/airflow/example_dags/example_branch_datetime_operator.py
[2022-09-02T11:52:02.142+0000] {processor.py:640} INFO - Processing file /home/airflow/.local/lib/python3.7/site-packages/airflow/example_dags/example_branch_datetime_operator.py for tasks to queue
[2022-09-02T11:52:02.143+0000] {logging_mixin.py:115} INFO - [2022-09-02T11:52:02.143+0000] {dagbag.py:508} INFO - Filling up the DagBag from /home/airflow/.local/lib/python3.7/site-packages/airflow/example_dags/example_branch_datetime_operator.py
[2022-09-02T11:52:02.150+0000] {processor.py:650} INFO - DAG(s) dict_keys(['example_branch_datetime_operator', 'example_branch_datetime_operator_2']) retrieved from /home/airflow/.local/lib/python3.7/site-packages/airflow/example_dags/example_branch_datetime_operator.py
[2022-09-02T11:52:02.174+0000] {logging_mixin.py:115} INFO - [2022-09-02T11:52:02.174+0000] {dag.py:2429} INFO - Sync 2 DAGs
[2022-09-02T11:52:02.189+0000] {logging_mixin.py:115} INFO - [2022-09-02T11:52:02.189+0000] {dag.py:2981} INFO - Setting next_dagrun for example_branch_datetime_operator to 2022-09-01T00:00:00+00:00, run_after=2022-09-02T00:00:00+00:00
[2022-09-02T11:52:02.192+0000] {logging_mixin.py:115} INFO - [2022-09-02T11:52:02.192+0000] {dag.py:2981} INFO - Setting next_dagrun for example_branch_datetime_operator_2 to 2022-09-01T00:00:00+00:00, run_after=2022-09-02T00:00:00+00:00
[2022-09-02T11:52:02.204+0000] {processor.py:161} INFO - Processing /home/airflow/.local/lib/python3.7/site-packages/airflow/example_dags/example_branch_datetime_operator.py took 0.066 seconds
[2022-09-02T11:52:33.002+0000] {processor.py:153} INFO - Started process (PID=2279) to work on /home/airflow/.local/lib/python3.7/site-packages/airflow/example_dags/example_branch_datetime_operator.py
[2022-09-02T11:52:33.004+0000] {processor.py:640} INFO - Processing file /home/airflow/.local/lib/python3.7/site-packages/airflow/example_dags/example_branch_datetime_operator.py for tasks to queue
[2022-09-02T11:52:33.005+0000] {logging_mixin.py:115} INFO - [2022-09-02T11:52:33.005+0000] {dagbag.py:508} INFO - Filling up the DagBag from /home/airflow/.local/lib/python3.7/site-packages/airflow/example_dags/example_branch_datetime_operator.py
[2022-09-02T11:52:33.011+0000] {processor.py:650} INFO - DAG(s) dict_keys(['example_branch_datetime_operator', 'example_branch_datetime_operator_2']) retrieved from /home/airflow/.local/lib/python3.7/site-packages/airflow/example_dags/example_branch_datetime_operator.py
[2022-09-02T11:52:33.030+0000] {logging_mixin.py:115} INFO - [2022-09-02T11:52:33.030+0000] {dag.py:2429} INFO - Sync 2 DAGs
[2022-09-02T11:52:33.045+0000] {logging_mixin.py:115} INFO - [2022-09-02T11:52:33.045+0000] {dag.py:2981} INFO - Setting next_dagrun for example_branch_datetime_operator to 2022-09-01T00:00:00+00:00, run_after=2022-09-02T00:00:00+00:00
[2022-09-02T11:52:33.048+0000] {logging_mixin.py:115} INFO - [2022-09-02T11:52:33.048+0000] {dag.py:2981} INFO - Setting next_dagrun for example_branch_datetime_operator_2 to 2022-09-01T00:00:00+00:00, run_after=2022-09-02T00:00:00+00:00
[2022-09-02T11:52:33.059+0000] {processor.py:161} INFO - Processing /home/airflow/.local/lib/python3.7/site-packages/airflow/example_dags/example_branch_datetime_operator.py took 0.059 seconds
[2022-09-02T11:53:03.706+0000] {processor.py:153} INFO - Started process (PID=2475) to work on /home/airflow/.local/lib/python3.7/site-packages/airflow/example_dags/example_branch_datetime_operator.py
[2022-09-02T11:53:03.708+0000] {processor.py:640} INFO - Processing file /home/airflow/.local/lib/python3.7/site-packages/airflow/example_dags/example_branch_datetime_operator.py for tasks to queue
[2022-09-02T11:53:03.709+0000] {logging_mixin.py:115} INFO - [2022-09-02T11:53:03.709+0000] {dagbag.py:508} INFO - Filling up the DagBag from /home/airflow/.local/lib/python3.7/site-packages/airflow/example_dags/example_branch_datetime_operator.py
[2022-09-02T11:53:03.716+0000] {processor.py:650} INFO - DAG(s) dict_keys(['example_branch_datetime_operator', 'example_branch_datetime_operator_2']) retrieved from /home/airflow/.local/lib/python3.7/site-packages/airflow/example_dags/example_branch_datetime_operator.py
[2022-09-02T11:53:03.738+0000] {logging_mixin.py:115} INFO - [2022-09-02T11:53:03.738+0000] {dag.py:2429} INFO - Sync 2 DAGs
[2022-09-02T11:53:03.754+0000] {logging_mixin.py:115} INFO - [2022-09-02T11:53:03.754+0000] {dag.py:2981} INFO - Setting next_dagrun for example_branch_datetime_operator to 2022-09-01T00:00:00+00:00, run_after=2022-09-02T00:00:00+00:00
[2022-09-02T11:53:03.757+0000] {logging_mixin.py:115} INFO - [2022-09-02T11:53:03.757+0000] {dag.py:2981} INFO - Setting next_dagrun for example_branch_datetime_operator_2 to 2022-09-01T00:00:00+00:00, run_after=2022-09-02T00:00:00+00:00
[2022-09-02T11:53:03.767+0000] {processor.py:161} INFO - Processing /home/airflow/.local/lib/python3.7/site-packages/airflow/example_dags/example_branch_datetime_operator.py took 0.063 seconds
[2022-09-02T11:53:34.511+0000] {processor.py:153} INFO - Started process (PID=2666) to work on /home/airflow/.local/lib/python3.7/site-packages/airflow/example_dags/example_branch_datetime_operator.py
[2022-09-02T11:53:34.513+0000] {processor.py:640} INFO - Processing file /home/airflow/.local/lib/python3.7/site-packages/airflow/example_dags/example_branch_datetime_operator.py for tasks to queue
[2022-09-02T11:53:34.514+0000] {logging_mixin.py:115} INFO - [2022-09-02T11:53:34.514+0000] {dagbag.py:508} INFO - Filling up the DagBag from /home/airflow/.local/lib/python3.7/site-packages/airflow/example_dags/example_branch_datetime_operator.py
[2022-09-02T11:53:34.521+0000] {processor.py:650} INFO - DAG(s) dict_keys(['example_branch_datetime_operator', 'example_branch_datetime_operator_2']) retrieved from /home/airflow/.local/lib/python3.7/site-packages/airflow/example_dags/example_branch_datetime_operator.py
[2022-09-02T11:53:34.543+0000] {logging_mixin.py:115} INFO - [2022-09-02T11:53:34.543+0000] {dag.py:2429} INFO - Sync 2 DAGs
[2022-09-02T11:53:34.557+0000] {logging_mixin.py:115} INFO - [2022-09-02T11:53:34.557+0000] {dag.py:2981} INFO - Setting next_dagrun for example_branch_datetime_operator to 2022-09-01T00:00:00+00:00, run_after=2022-09-02T00:00:00+00:00
[2022-09-02T11:53:34.559+0000] {logging_mixin.py:115} INFO - [2022-09-02T11:53:34.559+0000] {dag.py:2981} INFO - Setting next_dagrun for example_branch_datetime_operator_2 to 2022-09-01T00:00:00+00:00, run_after=2022-09-02T00:00:00+00:00
[2022-09-02T11:53:34.569+0000] {processor.py:161} INFO - Processing /home/airflow/.local/lib/python3.7/site-packages/airflow/example_dags/example_branch_datetime_operator.py took 0.060 seconds
[2022-09-02T11:54:05.312+0000] {processor.py:153} INFO - Started process (PID=2863) to work on /home/airflow/.local/lib/python3.7/site-packages/airflow/example_dags/example_branch_datetime_operator.py
[2022-09-02T11:54:05.313+0000] {processor.py:640} INFO - Processing file /home/airflow/.local/lib/python3.7/site-packages/airflow/example_dags/example_branch_datetime_operator.py for tasks to queue
[2022-09-02T11:54:05.314+0000] {logging_mixin.py:115} INFO - [2022-09-02T11:54:05.314+0000] {dagbag.py:508} INFO - Filling up the DagBag from /home/airflow/.local/lib/python3.7/site-packages/airflow/example_dags/example_branch_datetime_operator.py
[2022-09-02T11:54:05.321+0000] {processor.py:650} INFO - DAG(s) dict_keys(['example_branch_datetime_operator', 'example_branch_datetime_operator_2']) retrieved from /home/airflow/.local/lib/python3.7/site-packages/airflow/example_dags/example_branch_datetime_operator.py
[2022-09-02T11:54:05.344+0000] {logging_mixin.py:115} INFO - [2022-09-02T11:54:05.344+0000] {dag.py:2429} INFO - Sync 2 DAGs
[2022-09-02T11:54:05.360+0000] {logging_mixin.py:115} INFO - [2022-09-02T11:54:05.359+0000] {dag.py:2981} INFO - Setting next_dagrun for example_branch_datetime_operator to 2022-09-01T00:00:00+00:00, run_after=2022-09-02T00:00:00+00:00
[2022-09-02T11:54:05.362+0000] {logging_mixin.py:115} INFO - [2022-09-02T11:54:05.362+0000] {dag.py:2981} INFO - Setting next_dagrun for example_branch_datetime_operator_2 to 2022-09-01T00:00:00+00:00, run_after=2022-09-02T00:00:00+00:00
[2022-09-02T11:54:05.372+0000] {processor.py:161} INFO - Processing /home/airflow/.local/lib/python3.7/site-packages/airflow/example_dags/example_branch_datetime_operator.py took 0.063 seconds
[2022-09-02T11:54:36.088+0000] {processor.py:153} INFO - Started process (PID=3059) to work on /home/airflow/.local/lib/python3.7/site-packages/airflow/example_dags/example_branch_datetime_operator.py
[2022-09-02T11:54:36.089+0000] {processor.py:640} INFO - Processing file /home/airflow/.local/lib/python3.7/site-packages/airflow/example_dags/example_branch_datetime_operator.py for tasks to queue
[2022-09-02T11:54:36.091+0000] {logging_mixin.py:115} INFO - [2022-09-02T11:54:36.091+0000] {dagbag.py:508} INFO - Filling up the DagBag from /home/airflow/.local/lib/python3.7/site-packages/airflow/example_dags/example_branch_datetime_operator.py
[2022-09-02T11:54:36.098+0000] {processor.py:650} INFO - DAG(s) dict_keys(['example_branch_datetime_operator', 'example_branch_datetime_operator_2']) retrieved from /home/airflow/.local/lib/python3.7/site-packages/airflow/example_dags/example_branch_datetime_operator.py
[2022-09-02T11:54:36.119+0000] {logging_mixin.py:115} INFO - [2022-09-02T11:54:36.119+0000] {dag.py:2429} INFO - Sync 2 DAGs
[2022-09-02T11:54:36.134+0000] {logging_mixin.py:115} INFO - [2022-09-02T11:54:36.133+0000] {dag.py:2981} INFO - Setting next_dagrun for example_branch_datetime_operator to 2022-09-01T00:00:00+00:00, run_after=2022-09-02T00:00:00+00:00
[2022-09-02T11:54:36.135+0000] {logging_mixin.py:115} INFO - [2022-09-02T11:54:36.135+0000] {dag.py:2981} INFO - Setting next_dagrun for example_branch_datetime_operator_2 to 2022-09-01T00:00:00+00:00, run_after=2022-09-02T00:00:00+00:00
[2022-09-02T11:54:36.145+0000] {processor.py:161} INFO - Processing /home/airflow/.local/lib/python3.7/site-packages/airflow/example_dags/example_branch_datetime_operator.py took 0.059 seconds
[2022-09-02T11:55:06.905+0000] {processor.py:153} INFO - Started process (PID=3257) to work on /home/airflow/.local/lib/python3.7/site-packages/airflow/example_dags/example_branch_datetime_operator.py
[2022-09-02T11:55:06.906+0000] {processor.py:640} INFO - Processing file /home/airflow/.local/lib/python3.7/site-packages/airflow/example_dags/example_branch_datetime_operator.py for tasks to queue
[2022-09-02T11:55:06.908+0000] {logging_mixin.py:115} INFO - [2022-09-02T11:55:06.908+0000] {dagbag.py:508} INFO - Filling up the DagBag from /home/airflow/.local/lib/python3.7/site-packages/airflow/example_dags/example_branch_datetime_operator.py
[2022-09-02T11:55:06.915+0000] {processor.py:650} INFO - DAG(s) dict_keys(['example_branch_datetime_operator', 'example_branch_datetime_operator_2']) retrieved from /home/airflow/.local/lib/python3.7/site-packages/airflow/example_dags/example_branch_datetime_operator.py
[2022-09-02T11:55:06.937+0000] {logging_mixin.py:115} INFO - [2022-09-02T11:55:06.937+0000] {dag.py:2429} INFO - Sync 2 DAGs
[2022-09-02T11:55:06.954+0000] {logging_mixin.py:115} INFO - [2022-09-02T11:55:06.954+0000] {dag.py:2981} INFO - Setting next_dagrun for example_branch_datetime_operator to 2022-09-01T00:00:00+00:00, run_after=2022-09-02T00:00:00+00:00
[2022-09-02T11:55:06.956+0000] {logging_mixin.py:115} INFO - [2022-09-02T11:55:06.956+0000] {dag.py:2981} INFO - Setting next_dagrun for example_branch_datetime_operator_2 to 2022-09-01T00:00:00+00:00, run_after=2022-09-02T00:00:00+00:00
[2022-09-02T11:55:06.966+0000] {processor.py:161} INFO - Processing /home/airflow/.local/lib/python3.7/site-packages/airflow/example_dags/example_branch_datetime_operator.py took 0.063 seconds
[2022-09-02T11:55:37.651+0000] {processor.py:153} INFO - Started process (PID=3455) to work on /home/airflow/.local/lib/python3.7/site-packages/airflow/example_dags/example_branch_datetime_operator.py
[2022-09-02T11:55:37.653+0000] {processor.py:640} INFO - Processing file /home/airflow/.local/lib/python3.7/site-packages/airflow/example_dags/example_branch_datetime_operator.py for tasks to queue
[2022-09-02T11:55:37.654+0000] {logging_mixin.py:115} INFO - [2022-09-02T11:55:37.654+0000] {dagbag.py:508} INFO - Filling up the DagBag from /home/airflow/.local/lib/python3.7/site-packages/airflow/example_dags/example_branch_datetime_operator.py
[2022-09-02T11:55:37.660+0000] {processor.py:650} INFO - DAG(s) dict_keys(['example_branch_datetime_operator', 'example_branch_datetime_operator_2']) retrieved from /home/airflow/.local/lib/python3.7/site-packages/airflow/example_dags/example_branch_datetime_operator.py
[2022-09-02T11:55:37.680+0000] {logging_mixin.py:115} INFO - [2022-09-02T11:55:37.680+0000] {dag.py:2429} INFO - Sync 2 DAGs
[2022-09-02T11:55:37.694+0000] {logging_mixin.py:115} INFO - [2022-09-02T11:55:37.694+0000] {dag.py:2981} INFO - Setting next_dagrun for example_branch_datetime_operator to 2022-09-01T00:00:00+00:00, run_after=2022-09-02T00:00:00+00:00
[2022-09-02T11:55:37.696+0000] {logging_mixin.py:115} INFO - [2022-09-02T11:55:37.696+0000] {dag.py:2981} INFO - Setting next_dagrun for example_branch_datetime_operator_2 to 2022-09-01T00:00:00+00:00, run_after=2022-09-02T00:00:00+00:00
[2022-09-02T11:55:37.707+0000] {processor.py:161} INFO - Processing /home/airflow/.local/lib/python3.7/site-packages/airflow/example_dags/example_branch_datetime_operator.py took 0.059 seconds
[2022-09-02T11:56:08.570+0000] {processor.py:153} INFO - Started process (PID=3651) to work on /home/airflow/.local/lib/python3.7/site-packages/airflow/example_dags/example_branch_datetime_operator.py
[2022-09-02T11:56:08.572+0000] {processor.py:640} INFO - Processing file /home/airflow/.local/lib/python3.7/site-packages/airflow/example_dags/example_branch_datetime_operator.py for tasks to queue
[2022-09-02T11:56:08.573+0000] {logging_mixin.py:115} INFO - [2022-09-02T11:56:08.573+0000] {dagbag.py:508} INFO - Filling up the DagBag from /home/airflow/.local/lib/python3.7/site-packages/airflow/example_dags/example_branch_datetime_operator.py
[2022-09-02T11:56:08.580+0000] {processor.py:650} INFO - DAG(s) dict_keys(['example_branch_datetime_operator', 'example_branch_datetime_operator_2']) retrieved from /home/airflow/.local/lib/python3.7/site-packages/airflow/example_dags/example_branch_datetime_operator.py
[2022-09-02T11:56:08.600+0000] {logging_mixin.py:115} INFO - [2022-09-02T11:56:08.600+0000] {dag.py:2429} INFO - Sync 2 DAGs
[2022-09-02T11:56:08.614+0000] {logging_mixin.py:115} INFO - [2022-09-02T11:56:08.614+0000] {dag.py:2981} INFO - Setting next_dagrun for example_branch_datetime_operator to 2022-09-01T00:00:00+00:00, run_after=2022-09-02T00:00:00+00:00
[2022-09-02T11:56:08.616+0000] {logging_mixin.py:115} INFO - [2022-09-02T11:56:08.616+0000] {dag.py:2981} INFO - Setting next_dagrun for example_branch_datetime_operator_2 to 2022-09-01T00:00:00+00:00, run_after=2022-09-02T00:00:00+00:00
[2022-09-02T11:56:08.625+0000] {processor.py:161} INFO - Processing /home/airflow/.local/lib/python3.7/site-packages/airflow/example_dags/example_branch_datetime_operator.py took 0.058 seconds
[2022-09-02T11:56:39.358+0000] {processor.py:153} INFO - Started process (PID=3838) to work on /home/airflow/.local/lib/python3.7/site-packages/airflow/example_dags/example_branch_datetime_operator.py
[2022-09-02T11:56:39.360+0000] {processor.py:640} INFO - Processing file /home/airflow/.local/lib/python3.7/site-packages/airflow/example_dags/example_branch_datetime_operator.py for tasks to queue
[2022-09-02T11:56:39.361+0000] {logging_mixin.py:115} INFO - [2022-09-02T11:56:39.361+0000] {dagbag.py:508} INFO - Filling up the DagBag from /home/airflow/.local/lib/python3.7/site-packages/airflow/example_dags/example_branch_datetime_operator.py
[2022-09-02T11:56:39.368+0000] {processor.py:650} INFO - DAG(s) dict_keys(['example_branch_datetime_operator', 'example_branch_datetime_operator_2']) retrieved from /home/airflow/.local/lib/python3.7/site-packages/airflow/example_dags/example_branch_datetime_operator.py
[2022-09-02T11:56:39.387+0000] {logging_mixin.py:115} INFO - [2022-09-02T11:56:39.387+0000] {dag.py:2429} INFO - Sync 2 DAGs
[2022-09-02T11:56:39.400+0000] {logging_mixin.py:115} INFO - [2022-09-02T11:56:39.400+0000] {dag.py:2981} INFO - Setting next_dagrun for example_branch_datetime_operator to 2022-09-01T00:00:00+00:00, run_after=2022-09-02T00:00:00+00:00
[2022-09-02T11:56:39.402+0000] {logging_mixin.py:115} INFO - [2022-09-02T11:56:39.402+0000] {dag.py:2981} INFO - Setting next_dagrun for example_branch_datetime_operator_2 to 2022-09-01T00:00:00+00:00, run_after=2022-09-02T00:00:00+00:00
[2022-09-02T11:56:39.412+0000] {processor.py:161} INFO - Processing /home/airflow/.local/lib/python3.7/site-packages/airflow/example_dags/example_branch_datetime_operator.py took 0.057 seconds
[2022-09-02T11:57:10.142+0000] {processor.py:153} INFO - Started process (PID=4035) to work on /home/airflow/.local/lib/python3.7/site-packages/airflow/example_dags/example_branch_datetime_operator.py
[2022-09-02T11:57:10.143+0000] {processor.py:640} INFO - Processing file /home/airflow/.local/lib/python3.7/site-packages/airflow/example_dags/example_branch_datetime_operator.py for tasks to queue
[2022-09-02T11:57:10.144+0000] {logging_mixin.py:115} INFO - [2022-09-02T11:57:10.144+0000] {dagbag.py:508} INFO - Filling up the DagBag from /home/airflow/.local/lib/python3.7/site-packages/airflow/example_dags/example_branch_datetime_operator.py
[2022-09-02T11:57:10.151+0000] {processor.py:650} INFO - DAG(s) dict_keys(['example_branch_datetime_operator', 'example_branch_datetime_operator_2']) retrieved from /home/airflow/.local/lib/python3.7/site-packages/airflow/example_dags/example_branch_datetime_operator.py
[2022-09-02T11:57:10.172+0000] {logging_mixin.py:115} INFO - [2022-09-02T11:57:10.171+0000] {dag.py:2429} INFO - Sync 2 DAGs
[2022-09-02T11:57:10.188+0000] {logging_mixin.py:115} INFO - [2022-09-02T11:57:10.188+0000] {dag.py:2981} INFO - Setting next_dagrun for example_branch_datetime_operator to 2022-09-01T00:00:00+00:00, run_after=2022-09-02T00:00:00+00:00
[2022-09-02T11:57:10.189+0000] {logging_mixin.py:115} INFO - [2022-09-02T11:57:10.189+0000] {dag.py:2981} INFO - Setting next_dagrun for example_branch_datetime_operator_2 to 2022-09-01T00:00:00+00:00, run_after=2022-09-02T00:00:00+00:00
[2022-09-02T11:57:10.198+0000] {processor.py:161} INFO - Processing /home/airflow/.local/lib/python3.7/site-packages/airflow/example_dags/example_branch_datetime_operator.py took 0.058 seconds
[2022-09-02T11:57:41.018+0000] {processor.py:153} INFO - Started process (PID=4230) to work on /home/airflow/.local/lib/python3.7/site-packages/airflow/example_dags/example_branch_datetime_operator.py
[2022-09-02T11:57:41.020+0000] {processor.py:640} INFO - Processing file /home/airflow/.local/lib/python3.7/site-packages/airflow/example_dags/example_branch_datetime_operator.py for tasks to queue
[2022-09-02T11:57:41.021+0000] {logging_mixin.py:115} INFO - [2022-09-02T11:57:41.021+0000] {dagbag.py:508} INFO - Filling up the DagBag from /home/airflow/.local/lib/python3.7/site-packages/airflow/example_dags/example_branch_datetime_operator.py
[2022-09-02T11:57:41.027+0000] {processor.py:650} INFO - DAG(s) dict_keys(['example_branch_datetime_operator', 'example_branch_datetime_operator_2']) retrieved from /home/airflow/.local/lib/python3.7/site-packages/airflow/example_dags/example_branch_datetime_operator.py
[2022-09-02T11:57:41.047+0000] {logging_mixin.py:115} INFO - [2022-09-02T11:57:41.047+0000] {dag.py:2429} INFO - Sync 2 DAGs
[2022-09-02T11:57:41.064+0000] {logging_mixin.py:115} INFO - [2022-09-02T11:57:41.064+0000] {dag.py:2981} INFO - Setting next_dagrun for example_branch_datetime_operator to 2022-09-01T00:00:00+00:00, run_after=2022-09-02T00:00:00+00:00
[2022-09-02T11:57:41.066+0000] {logging_mixin.py:115} INFO - [2022-09-02T11:57:41.066+0000] {dag.py:2981} INFO - Setting next_dagrun for example_branch_datetime_operator_2 to 2022-09-01T00:00:00+00:00, run_after=2022-09-02T00:00:00+00:00
[2022-09-02T11:57:41.074+0000] {processor.py:161} INFO - Processing /home/airflow/.local/lib/python3.7/site-packages/airflow/example_dags/example_branch_datetime_operator.py took 0.058 seconds
[2022-09-02T11:58:11.898+0000] {processor.py:153} INFO - Started process (PID=4427) to work on /home/airflow/.local/lib/python3.7/site-packages/airflow/example_dags/example_branch_datetime_operator.py
[2022-09-02T11:58:11.900+0000] {processor.py:640} INFO - Processing file /home/airflow/.local/lib/python3.7/site-packages/airflow/example_dags/example_branch_datetime_operator.py for tasks to queue
[2022-09-02T11:58:11.902+0000] {logging_mixin.py:115} INFO - [2022-09-02T11:58:11.902+0000] {dagbag.py:508} INFO - Filling up the DagBag from /home/airflow/.local/lib/python3.7/site-packages/airflow/example_dags/example_branch_datetime_operator.py
[2022-09-02T11:58:11.909+0000] {processor.py:650} INFO - DAG(s) dict_keys(['example_branch_datetime_operator', 'example_branch_datetime_operator_2']) retrieved from /home/airflow/.local/lib/python3.7/site-packages/airflow/example_dags/example_branch_datetime_operator.py
[2022-09-02T11:58:11.930+0000] {logging_mixin.py:115} INFO - [2022-09-02T11:58:11.930+0000] {dag.py:2429} INFO - Sync 2 DAGs
[2022-09-02T11:58:11.947+0000] {logging_mixin.py:115} INFO - [2022-09-02T11:58:11.947+0000] {dag.py:2981} INFO - Setting next_dagrun for example_branch_datetime_operator to 2022-09-01T00:00:00+00:00, run_after=2022-09-02T00:00:00+00:00
[2022-09-02T11:58:11.950+0000] {logging_mixin.py:115} INFO - [2022-09-02T11:58:11.950+0000] {dag.py:2981} INFO - Setting next_dagrun for example_branch_datetime_operator_2 to 2022-09-01T00:00:00+00:00, run_after=2022-09-02T00:00:00+00:00
[2022-09-02T11:58:11.959+0000] {processor.py:161} INFO - Processing /home/airflow/.local/lib/python3.7/site-packages/airflow/example_dags/example_branch_datetime_operator.py took 0.063 seconds
[2022-09-02T11:58:42.747+0000] {processor.py:153} INFO - Started process (PID=4624) to work on /home/airflow/.local/lib/python3.7/site-packages/airflow/example_dags/example_branch_datetime_operator.py
[2022-09-02T11:58:42.749+0000] {processor.py:640} INFO - Processing file /home/airflow/.local/lib/python3.7/site-packages/airflow/example_dags/example_branch_datetime_operator.py for tasks to queue
[2022-09-02T11:58:42.751+0000] {logging_mixin.py:115} INFO - [2022-09-02T11:58:42.751+0000] {dagbag.py:508} INFO - Filling up the DagBag from /home/airflow/.local/lib/python3.7/site-packages/airflow/example_dags/example_branch_datetime_operator.py
[2022-09-02T11:58:42.757+0000] {processor.py:650} INFO - DAG(s) dict_keys(['example_branch_datetime_operator', 'example_branch_datetime_operator_2']) retrieved from /home/airflow/.local/lib/python3.7/site-packages/airflow/example_dags/example_branch_datetime_operator.py
[2022-09-02T11:58:42.790+0000] {logging_mixin.py:115} INFO - [2022-09-02T11:58:42.790+0000] {dag.py:2429} INFO - Sync 2 DAGs
[2022-09-02T11:58:42.813+0000] {logging_mixin.py:115} INFO - [2022-09-02T11:58:42.813+0000] {dag.py:2981} INFO - Setting next_dagrun for example_branch_datetime_operator to 2022-09-01T00:00:00+00:00, run_after=2022-09-02T00:00:00+00:00
[2022-09-02T11:58:42.815+0000] {logging_mixin.py:115} INFO - [2022-09-02T11:58:42.815+0000] {dag.py:2981} INFO - Setting next_dagrun for example_branch_datetime_operator_2 to 2022-09-01T00:00:00+00:00, run_after=2022-09-02T00:00:00+00:00
[2022-09-02T11:58:42.829+0000] {processor.py:161} INFO - Processing /home/airflow/.local/lib/python3.7/site-packages/airflow/example_dags/example_branch_datetime_operator.py took 0.085 seconds
[2022-09-02T11:59:13.631+0000] {processor.py:153} INFO - Started process (PID=4821) to work on /home/airflow/.local/lib/python3.7/site-packages/airflow/example_dags/example_branch_datetime_operator.py
[2022-09-02T11:59:13.634+0000] {processor.py:640} INFO - Processing file /home/airflow/.local/lib/python3.7/site-packages/airflow/example_dags/example_branch_datetime_operator.py for tasks to queue
[2022-09-02T11:59:13.635+0000] {logging_mixin.py:115} INFO - [2022-09-02T11:59:13.635+0000] {dagbag.py:508} INFO - Filling up the DagBag from /home/airflow/.local/lib/python3.7/site-packages/airflow/example_dags/example_branch_datetime_operator.py
[2022-09-02T11:59:13.640+0000] {processor.py:650} INFO - DAG(s) dict_keys(['example_branch_datetime_operator', 'example_branch_datetime_operator_2']) retrieved from /home/airflow/.local/lib/python3.7/site-packages/airflow/example_dags/example_branch_datetime_operator.py
[2022-09-02T11:59:13.662+0000] {logging_mixin.py:115} INFO - [2022-09-02T11:59:13.661+0000] {dag.py:2429} INFO - Sync 2 DAGs
[2022-09-02T11:59:13.679+0000] {logging_mixin.py:115} INFO - [2022-09-02T11:59:13.679+0000] {dag.py:2981} INFO - Setting next_dagrun for example_branch_datetime_operator to 2022-09-01T00:00:00+00:00, run_after=2022-09-02T00:00:00+00:00
[2022-09-02T11:59:13.681+0000] {logging_mixin.py:115} INFO - [2022-09-02T11:59:13.681+0000] {dag.py:2981} INFO - Setting next_dagrun for example_branch_datetime_operator_2 to 2022-09-01T00:00:00+00:00, run_after=2022-09-02T00:00:00+00:00
[2022-09-02T11:59:13.690+0000] {processor.py:161} INFO - Processing /home/airflow/.local/lib/python3.7/site-packages/airflow/example_dags/example_branch_datetime_operator.py took 0.061 seconds
[2022-09-02T11:59:44.535+0000] {processor.py:153} INFO - Started process (PID=5018) to work on /home/airflow/.local/lib/python3.7/site-packages/airflow/example_dags/example_branch_datetime_operator.py
[2022-09-02T11:59:44.537+0000] {processor.py:640} INFO - Processing file /home/airflow/.local/lib/python3.7/site-packages/airflow/example_dags/example_branch_datetime_operator.py for tasks to queue
[2022-09-02T11:59:44.539+0000] {logging_mixin.py:115} INFO - [2022-09-02T11:59:44.538+0000] {dagbag.py:508} INFO - Filling up the DagBag from /home/airflow/.local/lib/python3.7/site-packages/airflow/example_dags/example_branch_datetime_operator.py
[2022-09-02T11:59:44.545+0000] {processor.py:650} INFO - DAG(s) dict_keys(['example_branch_datetime_operator', 'example_branch_datetime_operator_2']) retrieved from /home/airflow/.local/lib/python3.7/site-packages/airflow/example_dags/example_branch_datetime_operator.py
[2022-09-02T11:59:44.563+0000] {logging_mixin.py:115} INFO - [2022-09-02T11:59:44.563+0000] {dag.py:2429} INFO - Sync 2 DAGs
[2022-09-02T11:59:44.581+0000] {logging_mixin.py:115} INFO - [2022-09-02T11:59:44.581+0000] {dag.py:2981} INFO - Setting next_dagrun for example_branch_datetime_operator to 2022-09-01T00:00:00+00:00, run_after=2022-09-02T00:00:00+00:00
[2022-09-02T11:59:44.584+0000] {logging_mixin.py:115} INFO - [2022-09-02T11:59:44.584+0000] {dag.py:2981} INFO - Setting next_dagrun for example_branch_datetime_operator_2 to 2022-09-01T00:00:00+00:00, run_after=2022-09-02T00:00:00+00:00
[2022-09-02T11:59:44.593+0000] {processor.py:161} INFO - Processing /home/airflow/.local/lib/python3.7/site-packages/airflow/example_dags/example_branch_datetime_operator.py took 0.060 seconds
[2022-09-02T12:00:15.311+0000] {processor.py:153} INFO - Started process (PID=5206) to work on /home/airflow/.local/lib/python3.7/site-packages/airflow/example_dags/example_branch_datetime_operator.py
[2022-09-02T12:00:15.312+0000] {processor.py:640} INFO - Processing file /home/airflow/.local/lib/python3.7/site-packages/airflow/example_dags/example_branch_datetime_operator.py for tasks to queue
[2022-09-02T12:00:15.314+0000] {logging_mixin.py:115} INFO - [2022-09-02T12:00:15.314+0000] {dagbag.py:508} INFO - Filling up the DagBag from /home/airflow/.local/lib/python3.7/site-packages/airflow/example_dags/example_branch_datetime_operator.py
[2022-09-02T12:00:15.320+0000] {processor.py:650} INFO - DAG(s) dict_keys(['example_branch_datetime_operator', 'example_branch_datetime_operator_2']) retrieved from /home/airflow/.local/lib/python3.7/site-packages/airflow/example_dags/example_branch_datetime_operator.py
[2022-09-02T12:00:15.341+0000] {logging_mixin.py:115} INFO - [2022-09-02T12:00:15.341+0000] {dag.py:2429} INFO - Sync 2 DAGs
[2022-09-02T12:00:15.357+0000] {logging_mixin.py:115} INFO - [2022-09-02T12:00:15.357+0000] {dag.py:2981} INFO - Setting next_dagrun for example_branch_datetime_operator to 2022-09-01T00:00:00+00:00, run_after=2022-09-02T00:00:00+00:00
[2022-09-02T12:00:15.360+0000] {logging_mixin.py:115} INFO - [2022-09-02T12:00:15.360+0000] {dag.py:2981} INFO - Setting next_dagrun for example_branch_datetime_operator_2 to 2022-09-01T00:00:00+00:00, run_after=2022-09-02T00:00:00+00:00
[2022-09-02T12:00:15.368+0000] {processor.py:161} INFO - Processing /home/airflow/.local/lib/python3.7/site-packages/airflow/example_dags/example_branch_datetime_operator.py took 0.060 seconds
[2022-09-02T12:00:46.121+0000] {processor.py:153} INFO - Started process (PID=5403) to work on /home/airflow/.local/lib/python3.7/site-packages/airflow/example_dags/example_branch_datetime_operator.py
[2022-09-02T12:00:46.123+0000] {processor.py:640} INFO - Processing file /home/airflow/.local/lib/python3.7/site-packages/airflow/example_dags/example_branch_datetime_operator.py for tasks to queue
[2022-09-02T12:00:46.125+0000] {logging_mixin.py:115} INFO - [2022-09-02T12:00:46.124+0000] {dagbag.py:508} INFO - Filling up the DagBag from /home/airflow/.local/lib/python3.7/site-packages/airflow/example_dags/example_branch_datetime_operator.py
[2022-09-02T12:00:46.131+0000] {processor.py:650} INFO - DAG(s) dict_keys(['example_branch_datetime_operator', 'example_branch_datetime_operator_2']) retrieved from /home/airflow/.local/lib/python3.7/site-packages/airflow/example_dags/example_branch_datetime_operator.py
[2022-09-02T12:00:46.149+0000] {logging_mixin.py:115} INFO - [2022-09-02T12:00:46.149+0000] {dag.py:2429} INFO - Sync 2 DAGs
[2022-09-02T12:00:46.165+0000] {logging_mixin.py:115} INFO - [2022-09-02T12:00:46.165+0000] {dag.py:2981} INFO - Setting next_dagrun for example_branch_datetime_operator to 2022-09-01T00:00:00+00:00, run_after=2022-09-02T00:00:00+00:00
[2022-09-02T12:00:46.167+0000] {logging_mixin.py:115} INFO - [2022-09-02T12:00:46.167+0000] {dag.py:2981} INFO - Setting next_dagrun for example_branch_datetime_operator_2 to 2022-09-01T00:00:00+00:00, run_after=2022-09-02T00:00:00+00:00
[2022-09-02T12:00:46.174+0000] {processor.py:161} INFO - Processing /home/airflow/.local/lib/python3.7/site-packages/airflow/example_dags/example_branch_datetime_operator.py took 0.056 seconds
[2022-09-02T12:01:16.720+0000] {processor.py:153} INFO - Started process (PID=5600) to work on /home/airflow/.local/lib/python3.7/site-packages/airflow/example_dags/example_branch_datetime_operator.py
[2022-09-02T12:01:16.722+0000] {processor.py:640} INFO - Processing file /home/airflow/.local/lib/python3.7/site-packages/airflow/example_dags/example_branch_datetime_operator.py for tasks to queue
[2022-09-02T12:01:16.723+0000] {logging_mixin.py:115} INFO - [2022-09-02T12:01:16.723+0000] {dagbag.py:508} INFO - Filling up the DagBag from /home/airflow/.local/lib/python3.7/site-packages/airflow/example_dags/example_branch_datetime_operator.py
[2022-09-02T12:01:16.730+0000] {processor.py:650} INFO - DAG(s) dict_keys(['example_branch_datetime_operator', 'example_branch_datetime_operator_2']) retrieved from /home/airflow/.local/lib/python3.7/site-packages/airflow/example_dags/example_branch_datetime_operator.py
[2022-09-02T12:01:16.751+0000] {logging_mixin.py:115} INFO - [2022-09-02T12:01:16.751+0000] {dag.py:2429} INFO - Sync 2 DAGs
[2022-09-02T12:01:16.769+0000] {logging_mixin.py:115} INFO - [2022-09-02T12:01:16.769+0000] {dag.py:2981} INFO - Setting next_dagrun for example_branch_datetime_operator to 2022-09-01T00:00:00+00:00, run_after=2022-09-02T00:00:00+00:00
[2022-09-02T12:01:16.772+0000] {logging_mixin.py:115} INFO - [2022-09-02T12:01:16.772+0000] {dag.py:2981} INFO - Setting next_dagrun for example_branch_datetime_operator_2 to 2022-09-01T00:00:00+00:00, run_after=2022-09-02T00:00:00+00:00
[2022-09-02T12:01:16.783+0000] {processor.py:161} INFO - Processing /home/airflow/.local/lib/python3.7/site-packages/airflow/example_dags/example_branch_datetime_operator.py took 0.066 seconds
[2022-09-02T12:01:47.540+0000] {processor.py:153} INFO - Started process (PID=5797) to work on /home/airflow/.local/lib/python3.7/site-packages/airflow/example_dags/example_branch_datetime_operator.py
[2022-09-02T12:01:47.542+0000] {processor.py:640} INFO - Processing file /home/airflow/.local/lib/python3.7/site-packages/airflow/example_dags/example_branch_datetime_operator.py for tasks to queue
[2022-09-02T12:01:47.544+0000] {logging_mixin.py:115} INFO - [2022-09-02T12:01:47.544+0000] {dagbag.py:508} INFO - Filling up the DagBag from /home/airflow/.local/lib/python3.7/site-packages/airflow/example_dags/example_branch_datetime_operator.py
[2022-09-02T12:01:47.550+0000] {processor.py:650} INFO - DAG(s) dict_keys(['example_branch_datetime_operator', 'example_branch_datetime_operator_2']) retrieved from /home/airflow/.local/lib/python3.7/site-packages/airflow/example_dags/example_branch_datetime_operator.py
[2022-09-02T12:01:47.572+0000] {logging_mixin.py:115} INFO - [2022-09-02T12:01:47.572+0000] {dag.py:2429} INFO - Sync 2 DAGs
[2022-09-02T12:01:47.588+0000] {logging_mixin.py:115} INFO - [2022-09-02T12:01:47.588+0000] {dag.py:2981} INFO - Setting next_dagrun for example_branch_datetime_operator to 2022-09-01T00:00:00+00:00, run_after=2022-09-02T00:00:00+00:00
[2022-09-02T12:01:47.590+0000] {logging_mixin.py:115} INFO - [2022-09-02T12:01:47.590+0000] {dag.py:2981} INFO - Setting next_dagrun for example_branch_datetime_operator_2 to 2022-09-01T00:00:00+00:00, run_after=2022-09-02T00:00:00+00:00
[2022-09-02T12:01:47.597+0000] {processor.py:161} INFO - Processing /home/airflow/.local/lib/python3.7/site-packages/airflow/example_dags/example_branch_datetime_operator.py took 0.059 seconds
[2022-09-02T12:02:18.413+0000] {processor.py:153} INFO - Started process (PID=6012) to work on /home/airflow/.local/lib/python3.7/site-packages/airflow/example_dags/example_branch_datetime_operator.py
[2022-09-02T12:02:18.424+0000] {processor.py:640} INFO - Processing file /home/airflow/.local/lib/python3.7/site-packages/airflow/example_dags/example_branch_datetime_operator.py for tasks to queue
[2022-09-02T12:02:18.425+0000] {logging_mixin.py:115} INFO - [2022-09-02T12:02:18.425+0000] {dagbag.py:508} INFO - Filling up the DagBag from /home/airflow/.local/lib/python3.7/site-packages/airflow/example_dags/example_branch_datetime_operator.py
[2022-09-02T12:02:18.431+0000] {processor.py:650} INFO - DAG(s) dict_keys(['example_branch_datetime_operator', 'example_branch_datetime_operator_2']) retrieved from /home/airflow/.local/lib/python3.7/site-packages/airflow/example_dags/example_branch_datetime_operator.py
[2022-09-02T12:02:18.454+0000] {logging_mixin.py:115} INFO - [2022-09-02T12:02:18.454+0000] {dag.py:2429} INFO - Sync 2 DAGs
[2022-09-02T12:02:18.472+0000] {logging_mixin.py:115} INFO - [2022-09-02T12:02:18.472+0000] {dag.py:2981} INFO - Setting next_dagrun for example_branch_datetime_operator to 2022-09-01T00:00:00+00:00, run_after=2022-09-02T00:00:00+00:00
[2022-09-02T12:02:18.474+0000] {logging_mixin.py:115} INFO - [2022-09-02T12:02:18.474+0000] {dag.py:2981} INFO - Setting next_dagrun for example_branch_datetime_operator_2 to 2022-09-01T00:00:00+00:00, run_after=2022-09-02T00:00:00+00:00
[2022-09-02T12:02:18.483+0000] {processor.py:161} INFO - Processing /home/airflow/.local/lib/python3.7/site-packages/airflow/example_dags/example_branch_datetime_operator.py took 0.072 seconds
[2022-09-02T12:02:49.329+0000] {processor.py:153} INFO - Started process (PID=6209) to work on /home/airflow/.local/lib/python3.7/site-packages/airflow/example_dags/example_branch_datetime_operator.py
[2022-09-02T12:02:49.331+0000] {processor.py:640} INFO - Processing file /home/airflow/.local/lib/python3.7/site-packages/airflow/example_dags/example_branch_datetime_operator.py for tasks to queue
[2022-09-02T12:02:49.332+0000] {logging_mixin.py:115} INFO - [2022-09-02T12:02:49.332+0000] {dagbag.py:508} INFO - Filling up the DagBag from /home/airflow/.local/lib/python3.7/site-packages/airflow/example_dags/example_branch_datetime_operator.py
[2022-09-02T12:02:49.340+0000] {processor.py:650} INFO - DAG(s) dict_keys(['example_branch_datetime_operator', 'example_branch_datetime_operator_2']) retrieved from /home/airflow/.local/lib/python3.7/site-packages/airflow/example_dags/example_branch_datetime_operator.py
[2022-09-02T12:02:49.362+0000] {logging_mixin.py:115} INFO - [2022-09-02T12:02:49.362+0000] {dag.py:2429} INFO - Sync 2 DAGs
[2022-09-02T12:02:49.382+0000] {logging_mixin.py:115} INFO - [2022-09-02T12:02:49.382+0000] {dag.py:2981} INFO - Setting next_dagrun for example_branch_datetime_operator to 2022-09-01T00:00:00+00:00, run_after=2022-09-02T00:00:00+00:00
[2022-09-02T12:02:49.384+0000] {logging_mixin.py:115} INFO - [2022-09-02T12:02:49.384+0000] {dag.py:2981} INFO - Setting next_dagrun for example_branch_datetime_operator_2 to 2022-09-01T00:00:00+00:00, run_after=2022-09-02T00:00:00+00:00
[2022-09-02T12:02:49.392+0000] {processor.py:161} INFO - Processing /home/airflow/.local/lib/python3.7/site-packages/airflow/example_dags/example_branch_datetime_operator.py took 0.065 seconds
[2022-09-02T12:03:20.052+0000] {processor.py:153} INFO - Started process (PID=6397) to work on /home/airflow/.local/lib/python3.7/site-packages/airflow/example_dags/example_branch_datetime_operator.py
[2022-09-02T12:03:20.054+0000] {processor.py:640} INFO - Processing file /home/airflow/.local/lib/python3.7/site-packages/airflow/example_dags/example_branch_datetime_operator.py for tasks to queue
[2022-09-02T12:03:20.055+0000] {logging_mixin.py:115} INFO - [2022-09-02T12:03:20.055+0000] {dagbag.py:508} INFO - Filling up the DagBag from /home/airflow/.local/lib/python3.7/site-packages/airflow/example_dags/example_branch_datetime_operator.py
[2022-09-02T12:03:20.061+0000] {processor.py:650} INFO - DAG(s) dict_keys(['example_branch_datetime_operator', 'example_branch_datetime_operator_2']) retrieved from /home/airflow/.local/lib/python3.7/site-packages/airflow/example_dags/example_branch_datetime_operator.py
[2022-09-02T12:03:20.083+0000] {logging_mixin.py:115} INFO - [2022-09-02T12:03:20.083+0000] {dag.py:2429} INFO - Sync 2 DAGs
[2022-09-02T12:03:20.099+0000] {logging_mixin.py:115} INFO - [2022-09-02T12:03:20.099+0000] {dag.py:2981} INFO - Setting next_dagrun for example_branch_datetime_operator to 2022-09-01T00:00:00+00:00, run_after=2022-09-02T00:00:00+00:00
[2022-09-02T12:03:20.100+0000] {logging_mixin.py:115} INFO - [2022-09-02T12:03:20.100+0000] {dag.py:2981} INFO - Setting next_dagrun for example_branch_datetime_operator_2 to 2022-09-01T00:00:00+00:00, run_after=2022-09-02T00:00:00+00:00
[2022-09-02T12:03:20.109+0000] {processor.py:161} INFO - Processing /home/airflow/.local/lib/python3.7/site-packages/airflow/example_dags/example_branch_datetime_operator.py took 0.060 seconds
[2022-09-02T12:03:50.852+0000] {processor.py:153} INFO - Started process (PID=6593) to work on /home/airflow/.local/lib/python3.7/site-packages/airflow/example_dags/example_branch_datetime_operator.py
[2022-09-02T12:03:50.853+0000] {processor.py:640} INFO - Processing file /home/airflow/.local/lib/python3.7/site-packages/airflow/example_dags/example_branch_datetime_operator.py for tasks to queue
[2022-09-02T12:03:50.855+0000] {logging_mixin.py:115} INFO - [2022-09-02T12:03:50.855+0000] {dagbag.py:508} INFO - Filling up the DagBag from /home/airflow/.local/lib/python3.7/site-packages/airflow/example_dags/example_branch_datetime_operator.py
[2022-09-02T12:03:50.861+0000] {processor.py:650} INFO - DAG(s) dict_keys(['example_branch_datetime_operator', 'example_branch_datetime_operator_2']) retrieved from /home/airflow/.local/lib/python3.7/site-packages/airflow/example_dags/example_branch_datetime_operator.py
[2022-09-02T12:03:50.882+0000] {logging_mixin.py:115} INFO - [2022-09-02T12:03:50.882+0000] {dag.py:2429} INFO - Sync 2 DAGs
[2022-09-02T12:03:50.899+0000] {logging_mixin.py:115} INFO - [2022-09-02T12:03:50.898+0000] {dag.py:2981} INFO - Setting next_dagrun for example_branch_datetime_operator to 2022-09-01T00:00:00+00:00, run_after=2022-09-02T00:00:00+00:00
[2022-09-02T12:03:50.901+0000] {logging_mixin.py:115} INFO - [2022-09-02T12:03:50.901+0000] {dag.py:2981} INFO - Setting next_dagrun for example_branch_datetime_operator_2 to 2022-09-01T00:00:00+00:00, run_after=2022-09-02T00:00:00+00:00
[2022-09-02T12:03:50.909+0000] {processor.py:161} INFO - Processing /home/airflow/.local/lib/python3.7/site-packages/airflow/example_dags/example_branch_datetime_operator.py took 0.059 seconds
[2022-09-02T12:04:21.592+0000] {processor.py:153} INFO - Started process (PID=6791) to work on /home/airflow/.local/lib/python3.7/site-packages/airflow/example_dags/example_branch_datetime_operator.py
[2022-09-02T12:04:21.594+0000] {processor.py:640} INFO - Processing file /home/airflow/.local/lib/python3.7/site-packages/airflow/example_dags/example_branch_datetime_operator.py for tasks to queue
[2022-09-02T12:04:21.595+0000] {logging_mixin.py:115} INFO - [2022-09-02T12:04:21.595+0000] {dagbag.py:508} INFO - Filling up the DagBag from /home/airflow/.local/lib/python3.7/site-packages/airflow/example_dags/example_branch_datetime_operator.py
[2022-09-02T12:04:21.603+0000] {processor.py:650} INFO - DAG(s) dict_keys(['example_branch_datetime_operator', 'example_branch_datetime_operator_2']) retrieved from /home/airflow/.local/lib/python3.7/site-packages/airflow/example_dags/example_branch_datetime_operator.py
[2022-09-02T12:04:21.625+0000] {logging_mixin.py:115} INFO - [2022-09-02T12:04:21.625+0000] {dag.py:2429} INFO - Sync 2 DAGs
[2022-09-02T12:04:21.642+0000] {logging_mixin.py:115} INFO - [2022-09-02T12:04:21.642+0000] {dag.py:2981} INFO - Setting next_dagrun for example_branch_datetime_operator to 2022-09-01T00:00:00+00:00, run_after=2022-09-02T00:00:00+00:00
[2022-09-02T12:04:21.644+0000] {logging_mixin.py:115} INFO - [2022-09-02T12:04:21.644+0000] {dag.py:2981} INFO - Setting next_dagrun for example_branch_datetime_operator_2 to 2022-09-01T00:00:00+00:00, run_after=2022-09-02T00:00:00+00:00
[2022-09-02T12:04:21.653+0000] {processor.py:161} INFO - Processing /home/airflow/.local/lib/python3.7/site-packages/airflow/example_dags/example_branch_datetime_operator.py took 0.063 seconds
[2022-09-02T12:04:52.453+0000] {processor.py:153} INFO - Started process (PID=6988) to work on /home/airflow/.local/lib/python3.7/site-packages/airflow/example_dags/example_branch_datetime_operator.py
[2022-09-02T12:04:52.455+0000] {processor.py:640} INFO - Processing file /home/airflow/.local/lib/python3.7/site-packages/airflow/example_dags/example_branch_datetime_operator.py for tasks to queue
[2022-09-02T12:04:52.456+0000] {logging_mixin.py:115} INFO - [2022-09-02T12:04:52.456+0000] {dagbag.py:508} INFO - Filling up the DagBag from /home/airflow/.local/lib/python3.7/site-packages/airflow/example_dags/example_branch_datetime_operator.py
[2022-09-02T12:04:52.463+0000] {processor.py:650} INFO - DAG(s) dict_keys(['example_branch_datetime_operator', 'example_branch_datetime_operator_2']) retrieved from /home/airflow/.local/lib/python3.7/site-packages/airflow/example_dags/example_branch_datetime_operator.py
[2022-09-02T12:04:52.485+0000] {logging_mixin.py:115} INFO - [2022-09-02T12:04:52.485+0000] {dag.py:2429} INFO - Sync 2 DAGs
[2022-09-02T12:04:52.503+0000] {logging_mixin.py:115} INFO - [2022-09-02T12:04:52.502+0000] {dag.py:2981} INFO - Setting next_dagrun for example_branch_datetime_operator to 2022-09-01T00:00:00+00:00, run_after=2022-09-02T00:00:00+00:00
[2022-09-02T12:04:52.505+0000] {logging_mixin.py:115} INFO - [2022-09-02T12:04:52.505+0000] {dag.py:2981} INFO - Setting next_dagrun for example_branch_datetime_operator_2 to 2022-09-01T00:00:00+00:00, run_after=2022-09-02T00:00:00+00:00
[2022-09-02T12:04:52.514+0000] {processor.py:161} INFO - Processing /home/airflow/.local/lib/python3.7/site-packages/airflow/example_dags/example_branch_datetime_operator.py took 0.064 seconds
[2022-09-02T12:05:23.250+0000] {processor.py:153} INFO - Started process (PID=7186) to work on /home/airflow/.local/lib/python3.7/site-packages/airflow/example_dags/example_branch_datetime_operator.py
[2022-09-02T12:05:23.253+0000] {processor.py:640} INFO - Processing file /home/airflow/.local/lib/python3.7/site-packages/airflow/example_dags/example_branch_datetime_operator.py for tasks to queue
[2022-09-02T12:05:23.254+0000] {logging_mixin.py:115} INFO - [2022-09-02T12:05:23.254+0000] {dagbag.py:508} INFO - Filling up the DagBag from /home/airflow/.local/lib/python3.7/site-packages/airflow/example_dags/example_branch_datetime_operator.py
[2022-09-02T12:05:23.260+0000] {processor.py:650} INFO - DAG(s) dict_keys(['example_branch_datetime_operator', 'example_branch_datetime_operator_2']) retrieved from /home/airflow/.local/lib/python3.7/site-packages/airflow/example_dags/example_branch_datetime_operator.py
[2022-09-02T12:05:23.280+0000] {logging_mixin.py:115} INFO - [2022-09-02T12:05:23.280+0000] {dag.py:2429} INFO - Sync 2 DAGs
[2022-09-02T12:05:23.297+0000] {logging_mixin.py:115} INFO - [2022-09-02T12:05:23.297+0000] {dag.py:2981} INFO - Setting next_dagrun for example_branch_datetime_operator to 2022-09-01T00:00:00+00:00, run_after=2022-09-02T00:00:00+00:00
[2022-09-02T12:05:23.299+0000] {logging_mixin.py:115} INFO - [2022-09-02T12:05:23.299+0000] {dag.py:2981} INFO - Setting next_dagrun for example_branch_datetime_operator_2 to 2022-09-01T00:00:00+00:00, run_after=2022-09-02T00:00:00+00:00
[2022-09-02T12:05:23.309+0000] {processor.py:161} INFO - Processing /home/airflow/.local/lib/python3.7/site-packages/airflow/example_dags/example_branch_datetime_operator.py took 0.061 seconds
[2022-09-02T12:05:54.044+0000] {processor.py:153} INFO - Started process (PID=7383) to work on /home/airflow/.local/lib/python3.7/site-packages/airflow/example_dags/example_branch_datetime_operator.py
[2022-09-02T12:05:54.045+0000] {processor.py:640} INFO - Processing file /home/airflow/.local/lib/python3.7/site-packages/airflow/example_dags/example_branch_datetime_operator.py for tasks to queue
[2022-09-02T12:05:54.046+0000] {logging_mixin.py:115} INFO - [2022-09-02T12:05:54.046+0000] {dagbag.py:508} INFO - Filling up the DagBag from /home/airflow/.local/lib/python3.7/site-packages/airflow/example_dags/example_branch_datetime_operator.py
[2022-09-02T12:05:54.052+0000] {processor.py:650} INFO - DAG(s) dict_keys(['example_branch_datetime_operator', 'example_branch_datetime_operator_2']) retrieved from /home/airflow/.local/lib/python3.7/site-packages/airflow/example_dags/example_branch_datetime_operator.py
[2022-09-02T12:05:54.072+0000] {logging_mixin.py:115} INFO - [2022-09-02T12:05:54.072+0000] {dag.py:2429} INFO - Sync 2 DAGs
[2022-09-02T12:05:54.089+0000] {logging_mixin.py:115} INFO - [2022-09-02T12:05:54.089+0000] {dag.py:2981} INFO - Setting next_dagrun for example_branch_datetime_operator to 2022-09-01T00:00:00+00:00, run_after=2022-09-02T00:00:00+00:00
[2022-09-02T12:05:54.091+0000] {logging_mixin.py:115} INFO - [2022-09-02T12:05:54.091+0000] {dag.py:2981} INFO - Setting next_dagrun for example_branch_datetime_operator_2 to 2022-09-01T00:00:00+00:00, run_after=2022-09-02T00:00:00+00:00
[2022-09-02T12:05:54.105+0000] {processor.py:161} INFO - Processing /home/airflow/.local/lib/python3.7/site-packages/airflow/example_dags/example_branch_datetime_operator.py took 0.063 seconds
[2022-09-02T12:06:24.886+0000] {processor.py:153} INFO - Started process (PID=7572) to work on /home/airflow/.local/lib/python3.7/site-packages/airflow/example_dags/example_branch_datetime_operator.py
[2022-09-02T12:06:24.888+0000] {processor.py:640} INFO - Processing file /home/airflow/.local/lib/python3.7/site-packages/airflow/example_dags/example_branch_datetime_operator.py for tasks to queue
[2022-09-02T12:06:24.889+0000] {logging_mixin.py:115} INFO - [2022-09-02T12:06:24.889+0000] {dagbag.py:508} INFO - Filling up the DagBag from /home/airflow/.local/lib/python3.7/site-packages/airflow/example_dags/example_branch_datetime_operator.py
[2022-09-02T12:06:24.895+0000] {processor.py:650} INFO - DAG(s) dict_keys(['example_branch_datetime_operator', 'example_branch_datetime_operator_2']) retrieved from /home/airflow/.local/lib/python3.7/site-packages/airflow/example_dags/example_branch_datetime_operator.py
[2022-09-02T12:06:24.916+0000] {logging_mixin.py:115} INFO - [2022-09-02T12:06:24.915+0000] {dag.py:2429} INFO - Sync 2 DAGs
[2022-09-02T12:06:24.933+0000] {logging_mixin.py:115} INFO - [2022-09-02T12:06:24.933+0000] {dag.py:2981} INFO - Setting next_dagrun for example_branch_datetime_operator to 2022-09-01T00:00:00+00:00, run_after=2022-09-02T00:00:00+00:00
[2022-09-02T12:06:24.934+0000] {logging_mixin.py:115} INFO - [2022-09-02T12:06:24.934+0000] {dag.py:2981} INFO - Setting next_dagrun for example_branch_datetime_operator_2 to 2022-09-01T00:00:00+00:00, run_after=2022-09-02T00:00:00+00:00
[2022-09-02T12:06:24.942+0000] {processor.py:161} INFO - Processing /home/airflow/.local/lib/python3.7/site-packages/airflow/example_dags/example_branch_datetime_operator.py took 0.058 seconds
[2022-09-02T12:06:55.770+0000] {processor.py:153} INFO - Started process (PID=7768) to work on /home/airflow/.local/lib/python3.7/site-packages/airflow/example_dags/example_branch_datetime_operator.py
[2022-09-02T12:06:55.772+0000] {processor.py:640} INFO - Processing file /home/airflow/.local/lib/python3.7/site-packages/airflow/example_dags/example_branch_datetime_operator.py for tasks to queue
[2022-09-02T12:06:55.774+0000] {logging_mixin.py:115} INFO - [2022-09-02T12:06:55.774+0000] {dagbag.py:508} INFO - Filling up the DagBag from /home/airflow/.local/lib/python3.7/site-packages/airflow/example_dags/example_branch_datetime_operator.py
[2022-09-02T12:06:55.781+0000] {processor.py:650} INFO - DAG(s) dict_keys(['example_branch_datetime_operator', 'example_branch_datetime_operator_2']) retrieved from /home/airflow/.local/lib/python3.7/site-packages/airflow/example_dags/example_branch_datetime_operator.py
[2022-09-02T12:06:55.802+0000] {logging_mixin.py:115} INFO - [2022-09-02T12:06:55.802+0000] {dag.py:2429} INFO - Sync 2 DAGs
[2022-09-02T12:06:55.820+0000] {logging_mixin.py:115} INFO - [2022-09-02T12:06:55.820+0000] {dag.py:2981} INFO - Setting next_dagrun for example_branch_datetime_operator to 2022-09-01T00:00:00+00:00, run_after=2022-09-02T00:00:00+00:00
[2022-09-02T12:06:55.822+0000] {logging_mixin.py:115} INFO - [2022-09-02T12:06:55.822+0000] {dag.py:2981} INFO - Setting next_dagrun for example_branch_datetime_operator_2 to 2022-09-01T00:00:00+00:00, run_after=2022-09-02T00:00:00+00:00
[2022-09-02T12:06:55.830+0000] {processor.py:161} INFO - Processing /home/airflow/.local/lib/python3.7/site-packages/airflow/example_dags/example_branch_datetime_operator.py took 0.063 seconds
[2022-09-02T12:07:26.751+0000] {processor.py:153} INFO - Started process (PID=7965) to work on /home/airflow/.local/lib/python3.7/site-packages/airflow/example_dags/example_branch_datetime_operator.py
[2022-09-02T12:07:26.753+0000] {processor.py:640} INFO - Processing file /home/airflow/.local/lib/python3.7/site-packages/airflow/example_dags/example_branch_datetime_operator.py for tasks to queue
[2022-09-02T12:07:26.754+0000] {logging_mixin.py:115} INFO - [2022-09-02T12:07:26.754+0000] {dagbag.py:508} INFO - Filling up the DagBag from /home/airflow/.local/lib/python3.7/site-packages/airflow/example_dags/example_branch_datetime_operator.py
[2022-09-02T12:07:26.760+0000] {processor.py:650} INFO - DAG(s) dict_keys(['example_branch_datetime_operator', 'example_branch_datetime_operator_2']) retrieved from /home/airflow/.local/lib/python3.7/site-packages/airflow/example_dags/example_branch_datetime_operator.py
[2022-09-02T12:07:26.782+0000] {logging_mixin.py:115} INFO - [2022-09-02T12:07:26.782+0000] {dag.py:2429} INFO - Sync 2 DAGs
[2022-09-02T12:07:26.800+0000] {logging_mixin.py:115} INFO - [2022-09-02T12:07:26.800+0000] {dag.py:2981} INFO - Setting next_dagrun for example_branch_datetime_operator to 2022-09-01T00:00:00+00:00, run_after=2022-09-02T00:00:00+00:00
[2022-09-02T12:07:26.802+0000] {logging_mixin.py:115} INFO - [2022-09-02T12:07:26.802+0000] {dag.py:2981} INFO - Setting next_dagrun for example_branch_datetime_operator_2 to 2022-09-01T00:00:00+00:00, run_after=2022-09-02T00:00:00+00:00
[2022-09-02T12:07:26.813+0000] {processor.py:161} INFO - Processing /home/airflow/.local/lib/python3.7/site-packages/airflow/example_dags/example_branch_datetime_operator.py took 0.064 seconds
[2022-09-02T12:07:57.613+0000] {processor.py:153} INFO - Started process (PID=8162) to work on /home/airflow/.local/lib/python3.7/site-packages/airflow/example_dags/example_branch_datetime_operator.py
[2022-09-02T12:07:57.615+0000] {processor.py:640} INFO - Processing file /home/airflow/.local/lib/python3.7/site-packages/airflow/example_dags/example_branch_datetime_operator.py for tasks to queue
[2022-09-02T12:07:57.616+0000] {logging_mixin.py:115} INFO - [2022-09-02T12:07:57.616+0000] {dagbag.py:508} INFO - Filling up the DagBag from /home/airflow/.local/lib/python3.7/site-packages/airflow/example_dags/example_branch_datetime_operator.py
[2022-09-02T12:07:57.621+0000] {processor.py:650} INFO - DAG(s) dict_keys(['example_branch_datetime_operator', 'example_branch_datetime_operator_2']) retrieved from /home/airflow/.local/lib/python3.7/site-packages/airflow/example_dags/example_branch_datetime_operator.py
[2022-09-02T12:07:57.640+0000] {logging_mixin.py:115} INFO - [2022-09-02T12:07:57.640+0000] {dag.py:2429} INFO - Sync 2 DAGs
[2022-09-02T12:07:57.656+0000] {logging_mixin.py:115} INFO - [2022-09-02T12:07:57.656+0000] {dag.py:2981} INFO - Setting next_dagrun for example_branch_datetime_operator to 2022-09-01T00:00:00+00:00, run_after=2022-09-02T00:00:00+00:00
[2022-09-02T12:07:57.658+0000] {logging_mixin.py:115} INFO - [2022-09-02T12:07:57.658+0000] {dag.py:2981} INFO - Setting next_dagrun for example_branch_datetime_operator_2 to 2022-09-01T00:00:00+00:00, run_after=2022-09-02T00:00:00+00:00
[2022-09-02T12:07:57.666+0000] {processor.py:161} INFO - Processing /home/airflow/.local/lib/python3.7/site-packages/airflow/example_dags/example_branch_datetime_operator.py took 0.055 seconds
