[2022-09-02T11:47:23.779+0000] {processor.py:153} INFO - Started process (PID=197) to work on /home/airflow/.local/lib/python3.7/site-packages/airflow/example_dags/tutorial.py
[2022-09-02T11:47:23.786+0000] {processor.py:640} INFO - Processing file /home/airflow/.local/lib/python3.7/site-packages/airflow/example_dags/tutorial.py for tasks to queue
[2022-09-02T11:47:23.788+0000] {logging_mixin.py:115} INFO - [2022-09-02T11:47:23.787+0000] {dagbag.py:508} INFO - Filling up the DagBag from /home/airflow/.local/lib/python3.7/site-packages/airflow/example_dags/tutorial.py
[2022-09-02T11:47:23.792+0000] {processor.py:650} INFO - DAG(s) dict_keys(['tutorial']) retrieved from /home/airflow/.local/lib/python3.7/site-packages/airflow/example_dags/tutorial.py
[2022-09-02T11:47:23.866+0000] {logging_mixin.py:115} INFO - [2022-09-02T11:47:23.866+0000] {manager.py:508} INFO - Created Permission View: can edit on DAG:tutorial
[2022-09-02T11:47:23.896+0000] {logging_mixin.py:115} INFO - [2022-09-02T11:47:23.896+0000] {manager.py:508} INFO - Created Permission View: can delete on DAG:tutorial
[2022-09-02T11:47:23.912+0000] {logging_mixin.py:115} INFO - [2022-09-02T11:47:23.912+0000] {manager.py:508} INFO - Created Permission View: can read on DAG:tutorial
[2022-09-02T11:47:23.916+0000] {logging_mixin.py:115} INFO - [2022-09-02T11:47:23.916+0000] {dag.py:2429} INFO - Sync 1 DAGs
[2022-09-02T11:47:23.932+0000] {logging_mixin.py:115} INFO - [2022-09-02T11:47:23.932+0000] {dag.py:2448} INFO - Creating ORM DAG for tutorial
[2022-09-02T11:47:23.946+0000] {logging_mixin.py:115} INFO - [2022-09-02T11:47:23.946+0000] {dag.py:2981} INFO - Setting next_dagrun for tutorial to 2022-09-01T11:47:23.946151+00:00, run_after=2022-09-02T11:47:23.946151+00:00
[2022-09-02T11:47:23.965+0000] {processor.py:161} INFO - Processing /home/airflow/.local/lib/python3.7/site-packages/airflow/example_dags/tutorial.py took 0.189 seconds
[2022-09-02T11:47:54.751+0000] {processor.py:153} INFO - Started process (PID=392) to work on /home/airflow/.local/lib/python3.7/site-packages/airflow/example_dags/tutorial.py
[2022-09-02T11:47:54.754+0000] {processor.py:640} INFO - Processing file /home/airflow/.local/lib/python3.7/site-packages/airflow/example_dags/tutorial.py for tasks to queue
[2022-09-02T11:47:54.755+0000] {logging_mixin.py:115} INFO - [2022-09-02T11:47:54.755+0000] {dagbag.py:508} INFO - Filling up the DagBag from /home/airflow/.local/lib/python3.7/site-packages/airflow/example_dags/tutorial.py
[2022-09-02T11:47:54.760+0000] {processor.py:650} INFO - DAG(s) dict_keys(['tutorial']) retrieved from /home/airflow/.local/lib/python3.7/site-packages/airflow/example_dags/tutorial.py
[2022-09-02T11:47:54.783+0000] {logging_mixin.py:115} INFO - [2022-09-02T11:47:54.783+0000] {dag.py:2429} INFO - Sync 1 DAGs
[2022-09-02T11:47:54.801+0000] {logging_mixin.py:115} INFO - [2022-09-02T11:47:54.800+0000] {dag.py:2981} INFO - Setting next_dagrun for tutorial to 2022-09-01T11:47:54.800786+00:00, run_after=2022-09-02T11:47:54.800786+00:00
[2022-09-02T11:47:54.814+0000] {processor.py:161} INFO - Processing /home/airflow/.local/lib/python3.7/site-packages/airflow/example_dags/tutorial.py took 0.065 seconds
[2022-09-02T11:48:24.917+0000] {processor.py:153} INFO - Started process (PID=590) to work on /home/airflow/.local/lib/python3.7/site-packages/airflow/example_dags/tutorial.py
[2022-09-02T11:48:24.919+0000] {processor.py:640} INFO - Processing file /home/airflow/.local/lib/python3.7/site-packages/airflow/example_dags/tutorial.py for tasks to queue
[2022-09-02T11:48:24.921+0000] {logging_mixin.py:115} INFO - [2022-09-02T11:48:24.920+0000] {dagbag.py:508} INFO - Filling up the DagBag from /home/airflow/.local/lib/python3.7/site-packages/airflow/example_dags/tutorial.py
[2022-09-02T11:48:24.925+0000] {processor.py:650} INFO - DAG(s) dict_keys(['tutorial']) retrieved from /home/airflow/.local/lib/python3.7/site-packages/airflow/example_dags/tutorial.py
[2022-09-02T11:48:24.946+0000] {logging_mixin.py:115} INFO - [2022-09-02T11:48:24.946+0000] {dag.py:2429} INFO - Sync 1 DAGs
[2022-09-02T11:48:24.961+0000] {logging_mixin.py:115} INFO - [2022-09-02T11:48:24.961+0000] {dag.py:2981} INFO - Setting next_dagrun for tutorial to 2022-09-01T11:48:24.961219+00:00, run_after=2022-09-02T11:48:24.961219+00:00
[2022-09-02T11:48:24.978+0000] {processor.py:161} INFO - Processing /home/airflow/.local/lib/python3.7/site-packages/airflow/example_dags/tutorial.py took 0.064 seconds
[2022-09-02T11:48:55.042+0000] {processor.py:153} INFO - Started process (PID=786) to work on /home/airflow/.local/lib/python3.7/site-packages/airflow/example_dags/tutorial.py
[2022-09-02T11:48:55.044+0000] {processor.py:640} INFO - Processing file /home/airflow/.local/lib/python3.7/site-packages/airflow/example_dags/tutorial.py for tasks to queue
[2022-09-02T11:48:55.045+0000] {logging_mixin.py:115} INFO - [2022-09-02T11:48:55.045+0000] {dagbag.py:508} INFO - Filling up the DagBag from /home/airflow/.local/lib/python3.7/site-packages/airflow/example_dags/tutorial.py
[2022-09-02T11:48:55.049+0000] {processor.py:650} INFO - DAG(s) dict_keys(['tutorial']) retrieved from /home/airflow/.local/lib/python3.7/site-packages/airflow/example_dags/tutorial.py
[2022-09-02T11:48:55.069+0000] {logging_mixin.py:115} INFO - [2022-09-02T11:48:55.068+0000] {dag.py:2429} INFO - Sync 1 DAGs
[2022-09-02T11:48:55.086+0000] {logging_mixin.py:115} INFO - [2022-09-02T11:48:55.086+0000] {dag.py:2981} INFO - Setting next_dagrun for tutorial to 2022-09-01T11:48:55.086111+00:00, run_after=2022-09-02T11:48:55.086111+00:00
[2022-09-02T11:48:55.096+0000] {processor.py:161} INFO - Processing /home/airflow/.local/lib/python3.7/site-packages/airflow/example_dags/tutorial.py took 0.057 seconds
[2022-09-02T11:49:25.861+0000] {processor.py:153} INFO - Started process (PID=974) to work on /home/airflow/.local/lib/python3.7/site-packages/airflow/example_dags/tutorial.py
[2022-09-02T11:49:25.863+0000] {processor.py:640} INFO - Processing file /home/airflow/.local/lib/python3.7/site-packages/airflow/example_dags/tutorial.py for tasks to queue
[2022-09-02T11:49:25.864+0000] {logging_mixin.py:115} INFO - [2022-09-02T11:49:25.864+0000] {dagbag.py:508} INFO - Filling up the DagBag from /home/airflow/.local/lib/python3.7/site-packages/airflow/example_dags/tutorial.py
[2022-09-02T11:49:25.868+0000] {processor.py:650} INFO - DAG(s) dict_keys(['tutorial']) retrieved from /home/airflow/.local/lib/python3.7/site-packages/airflow/example_dags/tutorial.py
[2022-09-02T11:49:25.886+0000] {logging_mixin.py:115} INFO - [2022-09-02T11:49:25.886+0000] {dag.py:2429} INFO - Sync 1 DAGs
[2022-09-02T11:49:25.902+0000] {logging_mixin.py:115} INFO - [2022-09-02T11:49:25.902+0000] {dag.py:2981} INFO - Setting next_dagrun for tutorial to 2022-09-01T11:49:25.902211+00:00, run_after=2022-09-02T11:49:25.902211+00:00
[2022-09-02T11:49:25.912+0000] {processor.py:161} INFO - Processing /home/airflow/.local/lib/python3.7/site-packages/airflow/example_dags/tutorial.py took 0.052 seconds
[2022-09-02T11:49:56.749+0000] {processor.py:153} INFO - Started process (PID=1171) to work on /home/airflow/.local/lib/python3.7/site-packages/airflow/example_dags/tutorial.py
[2022-09-02T11:49:56.751+0000] {processor.py:640} INFO - Processing file /home/airflow/.local/lib/python3.7/site-packages/airflow/example_dags/tutorial.py for tasks to queue
[2022-09-02T11:49:56.753+0000] {logging_mixin.py:115} INFO - [2022-09-02T11:49:56.752+0000] {dagbag.py:508} INFO - Filling up the DagBag from /home/airflow/.local/lib/python3.7/site-packages/airflow/example_dags/tutorial.py
[2022-09-02T11:49:56.757+0000] {processor.py:650} INFO - DAG(s) dict_keys(['tutorial']) retrieved from /home/airflow/.local/lib/python3.7/site-packages/airflow/example_dags/tutorial.py
[2022-09-02T11:49:56.776+0000] {logging_mixin.py:115} INFO - [2022-09-02T11:49:56.776+0000] {dag.py:2429} INFO - Sync 1 DAGs
[2022-09-02T11:49:56.791+0000] {logging_mixin.py:115} INFO - [2022-09-02T11:49:56.791+0000] {dag.py:2981} INFO - Setting next_dagrun for tutorial to 2022-09-01T11:49:56.790873+00:00, run_after=2022-09-02T11:49:56.790873+00:00
[2022-09-02T11:49:56.801+0000] {processor.py:161} INFO - Processing /home/airflow/.local/lib/python3.7/site-packages/airflow/example_dags/tutorial.py took 0.054 seconds
[2022-09-02T11:50:27.532+0000] {processor.py:153} INFO - Started process (PID=1368) to work on /home/airflow/.local/lib/python3.7/site-packages/airflow/example_dags/tutorial.py
[2022-09-02T11:50:27.533+0000] {processor.py:640} INFO - Processing file /home/airflow/.local/lib/python3.7/site-packages/airflow/example_dags/tutorial.py for tasks to queue
[2022-09-02T11:50:27.535+0000] {logging_mixin.py:115} INFO - [2022-09-02T11:50:27.534+0000] {dagbag.py:508} INFO - Filling up the DagBag from /home/airflow/.local/lib/python3.7/site-packages/airflow/example_dags/tutorial.py
[2022-09-02T11:50:27.539+0000] {processor.py:650} INFO - DAG(s) dict_keys(['tutorial']) retrieved from /home/airflow/.local/lib/python3.7/site-packages/airflow/example_dags/tutorial.py
[2022-09-02T11:50:27.560+0000] {logging_mixin.py:115} INFO - [2022-09-02T11:50:27.560+0000] {dag.py:2429} INFO - Sync 1 DAGs
[2022-09-02T11:50:27.574+0000] {logging_mixin.py:115} INFO - [2022-09-02T11:50:27.574+0000] {dag.py:2981} INFO - Setting next_dagrun for tutorial to 2022-09-01T11:50:27.574548+00:00, run_after=2022-09-02T11:50:27.574548+00:00
[2022-09-02T11:50:27.586+0000] {processor.py:161} INFO - Processing /home/airflow/.local/lib/python3.7/site-packages/airflow/example_dags/tutorial.py took 0.057 seconds
[2022-09-02T11:50:58.289+0000] {processor.py:153} INFO - Started process (PID=1567) to work on /home/airflow/.local/lib/python3.7/site-packages/airflow/example_dags/tutorial.py
[2022-09-02T11:50:58.291+0000] {processor.py:640} INFO - Processing file /home/airflow/.local/lib/python3.7/site-packages/airflow/example_dags/tutorial.py for tasks to queue
[2022-09-02T11:50:58.292+0000] {logging_mixin.py:115} INFO - [2022-09-02T11:50:58.292+0000] {dagbag.py:508} INFO - Filling up the DagBag from /home/airflow/.local/lib/python3.7/site-packages/airflow/example_dags/tutorial.py
[2022-09-02T11:50:58.296+0000] {processor.py:650} INFO - DAG(s) dict_keys(['tutorial']) retrieved from /home/airflow/.local/lib/python3.7/site-packages/airflow/example_dags/tutorial.py
[2022-09-02T11:50:58.312+0000] {logging_mixin.py:115} INFO - [2022-09-02T11:50:58.312+0000] {dag.py:2429} INFO - Sync 1 DAGs
[2022-09-02T11:50:58.326+0000] {logging_mixin.py:115} INFO - [2022-09-02T11:50:58.326+0000] {dag.py:2981} INFO - Setting next_dagrun for tutorial to 2022-09-01T11:50:58.326714+00:00, run_after=2022-09-02T11:50:58.326714+00:00
[2022-09-02T11:50:58.337+0000] {processor.py:161} INFO - Processing /home/airflow/.local/lib/python3.7/site-packages/airflow/example_dags/tutorial.py took 0.050 seconds
[2022-09-02T11:51:29.043+0000] {processor.py:153} INFO - Started process (PID=1765) to work on /home/airflow/.local/lib/python3.7/site-packages/airflow/example_dags/tutorial.py
[2022-09-02T11:51:29.045+0000] {processor.py:640} INFO - Processing file /home/airflow/.local/lib/python3.7/site-packages/airflow/example_dags/tutorial.py for tasks to queue
[2022-09-02T11:51:29.046+0000] {logging_mixin.py:115} INFO - [2022-09-02T11:51:29.046+0000] {dagbag.py:508} INFO - Filling up the DagBag from /home/airflow/.local/lib/python3.7/site-packages/airflow/example_dags/tutorial.py
[2022-09-02T11:51:29.052+0000] {processor.py:650} INFO - DAG(s) dict_keys(['tutorial']) retrieved from /home/airflow/.local/lib/python3.7/site-packages/airflow/example_dags/tutorial.py
[2022-09-02T11:51:29.071+0000] {logging_mixin.py:115} INFO - [2022-09-02T11:51:29.070+0000] {dag.py:2429} INFO - Sync 1 DAGs
[2022-09-02T11:51:29.084+0000] {logging_mixin.py:115} INFO - [2022-09-02T11:51:29.084+0000] {dag.py:2981} INFO - Setting next_dagrun for tutorial to 2022-09-01T11:51:29.084380+00:00, run_after=2022-09-02T11:51:29.084380+00:00
[2022-09-02T11:51:29.094+0000] {processor.py:161} INFO - Processing /home/airflow/.local/lib/python3.7/site-packages/airflow/example_dags/tutorial.py took 0.053 seconds
[2022-09-02T11:51:59.827+0000] {processor.py:153} INFO - Started process (PID=1962) to work on /home/airflow/.local/lib/python3.7/site-packages/airflow/example_dags/tutorial.py
[2022-09-02T11:51:59.831+0000] {processor.py:640} INFO - Processing file /home/airflow/.local/lib/python3.7/site-packages/airflow/example_dags/tutorial.py for tasks to queue
[2022-09-02T11:51:59.832+0000] {logging_mixin.py:115} INFO - [2022-09-02T11:51:59.832+0000] {dagbag.py:508} INFO - Filling up the DagBag from /home/airflow/.local/lib/python3.7/site-packages/airflow/example_dags/tutorial.py
[2022-09-02T11:51:59.837+0000] {processor.py:650} INFO - DAG(s) dict_keys(['tutorial']) retrieved from /home/airflow/.local/lib/python3.7/site-packages/airflow/example_dags/tutorial.py
[2022-09-02T11:51:59.858+0000] {logging_mixin.py:115} INFO - [2022-09-02T11:51:59.858+0000] {dag.py:2429} INFO - Sync 1 DAGs
[2022-09-02T11:51:59.874+0000] {logging_mixin.py:115} INFO - [2022-09-02T11:51:59.873+0000] {dag.py:2981} INFO - Setting next_dagrun for tutorial to 2022-09-01T11:51:59.873734+00:00, run_after=2022-09-02T11:51:59.873734+00:00
[2022-09-02T11:51:59.885+0000] {processor.py:161} INFO - Processing /home/airflow/.local/lib/python3.7/site-packages/airflow/example_dags/tutorial.py took 0.060 seconds
[2022-09-02T11:52:30.846+0000] {processor.py:153} INFO - Started process (PID=2150) to work on /home/airflow/.local/lib/python3.7/site-packages/airflow/example_dags/tutorial.py
[2022-09-02T11:52:30.848+0000] {processor.py:640} INFO - Processing file /home/airflow/.local/lib/python3.7/site-packages/airflow/example_dags/tutorial.py for tasks to queue
[2022-09-02T11:52:30.849+0000] {logging_mixin.py:115} INFO - [2022-09-02T11:52:30.849+0000] {dagbag.py:508} INFO - Filling up the DagBag from /home/airflow/.local/lib/python3.7/site-packages/airflow/example_dags/tutorial.py
[2022-09-02T11:52:30.854+0000] {processor.py:650} INFO - DAG(s) dict_keys(['tutorial']) retrieved from /home/airflow/.local/lib/python3.7/site-packages/airflow/example_dags/tutorial.py
[2022-09-02T11:52:30.872+0000] {logging_mixin.py:115} INFO - [2022-09-02T11:52:30.872+0000] {dag.py:2429} INFO - Sync 1 DAGs
[2022-09-02T11:52:30.887+0000] {logging_mixin.py:115} INFO - [2022-09-02T11:52:30.886+0000] {dag.py:2981} INFO - Setting next_dagrun for tutorial to 2022-09-01T11:52:30.886826+00:00, run_after=2022-09-02T11:52:30.886826+00:00
[2022-09-02T11:52:30.899+0000] {processor.py:161} INFO - Processing /home/airflow/.local/lib/python3.7/site-packages/airflow/example_dags/tutorial.py took 0.056 seconds
[2022-09-02T11:53:01.507+0000] {processor.py:153} INFO - Started process (PID=2348) to work on /home/airflow/.local/lib/python3.7/site-packages/airflow/example_dags/tutorial.py
[2022-09-02T11:53:01.508+0000] {processor.py:640} INFO - Processing file /home/airflow/.local/lib/python3.7/site-packages/airflow/example_dags/tutorial.py for tasks to queue
[2022-09-02T11:53:01.510+0000] {logging_mixin.py:115} INFO - [2022-09-02T11:53:01.510+0000] {dagbag.py:508} INFO - Filling up the DagBag from /home/airflow/.local/lib/python3.7/site-packages/airflow/example_dags/tutorial.py
[2022-09-02T11:53:01.514+0000] {processor.py:650} INFO - DAG(s) dict_keys(['tutorial']) retrieved from /home/airflow/.local/lib/python3.7/site-packages/airflow/example_dags/tutorial.py
[2022-09-02T11:53:01.534+0000] {logging_mixin.py:115} INFO - [2022-09-02T11:53:01.534+0000] {dag.py:2429} INFO - Sync 1 DAGs
[2022-09-02T11:53:01.548+0000] {logging_mixin.py:115} INFO - [2022-09-02T11:53:01.548+0000] {dag.py:2981} INFO - Setting next_dagrun for tutorial to 2022-09-01T11:53:01.547854+00:00, run_after=2022-09-02T11:53:01.547854+00:00
[2022-09-02T11:53:01.559+0000] {processor.py:161} INFO - Processing /home/airflow/.local/lib/python3.7/site-packages/airflow/example_dags/tutorial.py took 0.055 seconds
[2022-09-02T11:53:32.359+0000] {processor.py:153} INFO - Started process (PID=2548) to work on /home/airflow/.local/lib/python3.7/site-packages/airflow/example_dags/tutorial.py
[2022-09-02T11:53:32.361+0000] {processor.py:640} INFO - Processing file /home/airflow/.local/lib/python3.7/site-packages/airflow/example_dags/tutorial.py for tasks to queue
[2022-09-02T11:53:32.363+0000] {logging_mixin.py:115} INFO - [2022-09-02T11:53:32.363+0000] {dagbag.py:508} INFO - Filling up the DagBag from /home/airflow/.local/lib/python3.7/site-packages/airflow/example_dags/tutorial.py
[2022-09-02T11:53:32.369+0000] {processor.py:650} INFO - DAG(s) dict_keys(['tutorial']) retrieved from /home/airflow/.local/lib/python3.7/site-packages/airflow/example_dags/tutorial.py
[2022-09-02T11:53:32.387+0000] {logging_mixin.py:115} INFO - [2022-09-02T11:53:32.387+0000] {dag.py:2429} INFO - Sync 1 DAGs
[2022-09-02T11:53:32.401+0000] {logging_mixin.py:115} INFO - [2022-09-02T11:53:32.401+0000] {dag.py:2981} INFO - Setting next_dagrun for tutorial to 2022-09-01T11:53:32.401292+00:00, run_after=2022-09-02T11:53:32.401292+00:00
[2022-09-02T11:53:32.411+0000] {processor.py:161} INFO - Processing /home/airflow/.local/lib/python3.7/site-packages/airflow/example_dags/tutorial.py took 0.055 seconds
[2022-09-02T11:54:03.147+0000] {processor.py:153} INFO - Started process (PID=2743) to work on /home/airflow/.local/lib/python3.7/site-packages/airflow/example_dags/tutorial.py
[2022-09-02T11:54:03.148+0000] {processor.py:640} INFO - Processing file /home/airflow/.local/lib/python3.7/site-packages/airflow/example_dags/tutorial.py for tasks to queue
[2022-09-02T11:54:03.149+0000] {logging_mixin.py:115} INFO - [2022-09-02T11:54:03.149+0000] {dagbag.py:508} INFO - Filling up the DagBag from /home/airflow/.local/lib/python3.7/site-packages/airflow/example_dags/tutorial.py
[2022-09-02T11:54:03.153+0000] {processor.py:650} INFO - DAG(s) dict_keys(['tutorial']) retrieved from /home/airflow/.local/lib/python3.7/site-packages/airflow/example_dags/tutorial.py
[2022-09-02T11:54:03.173+0000] {logging_mixin.py:115} INFO - [2022-09-02T11:54:03.172+0000] {dag.py:2429} INFO - Sync 1 DAGs
[2022-09-02T11:54:03.187+0000] {logging_mixin.py:115} INFO - [2022-09-02T11:54:03.187+0000] {dag.py:2981} INFO - Setting next_dagrun for tutorial to 2022-09-01T11:54:03.187534+00:00, run_after=2022-09-02T11:54:03.187534+00:00
[2022-09-02T11:54:03.197+0000] {processor.py:161} INFO - Processing /home/airflow/.local/lib/python3.7/site-packages/airflow/example_dags/tutorial.py took 0.053 seconds
[2022-09-02T11:54:33.926+0000] {processor.py:153} INFO - Started process (PID=2939) to work on /home/airflow/.local/lib/python3.7/site-packages/airflow/example_dags/tutorial.py
[2022-09-02T11:54:33.927+0000] {processor.py:640} INFO - Processing file /home/airflow/.local/lib/python3.7/site-packages/airflow/example_dags/tutorial.py for tasks to queue
[2022-09-02T11:54:33.929+0000] {logging_mixin.py:115} INFO - [2022-09-02T11:54:33.929+0000] {dagbag.py:508} INFO - Filling up the DagBag from /home/airflow/.local/lib/python3.7/site-packages/airflow/example_dags/tutorial.py
[2022-09-02T11:54:33.933+0000] {processor.py:650} INFO - DAG(s) dict_keys(['tutorial']) retrieved from /home/airflow/.local/lib/python3.7/site-packages/airflow/example_dags/tutorial.py
[2022-09-02T11:54:33.952+0000] {logging_mixin.py:115} INFO - [2022-09-02T11:54:33.952+0000] {dag.py:2429} INFO - Sync 1 DAGs
[2022-09-02T11:54:33.969+0000] {logging_mixin.py:115} INFO - [2022-09-02T11:54:33.969+0000] {dag.py:2981} INFO - Setting next_dagrun for tutorial to 2022-09-01T11:54:33.969718+00:00, run_after=2022-09-02T11:54:33.969718+00:00
[2022-09-02T11:54:33.981+0000] {processor.py:161} INFO - Processing /home/airflow/.local/lib/python3.7/site-packages/airflow/example_dags/tutorial.py took 0.058 seconds
[2022-09-02T11:55:04.651+0000] {processor.py:153} INFO - Started process (PID=3137) to work on /home/airflow/.local/lib/python3.7/site-packages/airflow/example_dags/tutorial.py
[2022-09-02T11:55:04.652+0000] {processor.py:640} INFO - Processing file /home/airflow/.local/lib/python3.7/site-packages/airflow/example_dags/tutorial.py for tasks to queue
[2022-09-02T11:55:04.654+0000] {logging_mixin.py:115} INFO - [2022-09-02T11:55:04.653+0000] {dagbag.py:508} INFO - Filling up the DagBag from /home/airflow/.local/lib/python3.7/site-packages/airflow/example_dags/tutorial.py
[2022-09-02T11:55:04.658+0000] {processor.py:650} INFO - DAG(s) dict_keys(['tutorial']) retrieved from /home/airflow/.local/lib/python3.7/site-packages/airflow/example_dags/tutorial.py
[2022-09-02T11:55:04.675+0000] {logging_mixin.py:115} INFO - [2022-09-02T11:55:04.675+0000] {dag.py:2429} INFO - Sync 1 DAGs
[2022-09-02T11:55:04.691+0000] {logging_mixin.py:115} INFO - [2022-09-02T11:55:04.690+0000] {dag.py:2981} INFO - Setting next_dagrun for tutorial to 2022-09-01T11:55:04.690762+00:00, run_after=2022-09-02T11:55:04.690762+00:00
[2022-09-02T11:55:04.701+0000] {processor.py:161} INFO - Processing /home/airflow/.local/lib/python3.7/site-packages/airflow/example_dags/tutorial.py took 0.053 seconds
[2022-09-02T11:55:35.514+0000] {processor.py:153} INFO - Started process (PID=3335) to work on /home/airflow/.local/lib/python3.7/site-packages/airflow/example_dags/tutorial.py
[2022-09-02T11:55:35.515+0000] {processor.py:640} INFO - Processing file /home/airflow/.local/lib/python3.7/site-packages/airflow/example_dags/tutorial.py for tasks to queue
[2022-09-02T11:55:35.517+0000] {logging_mixin.py:115} INFO - [2022-09-02T11:55:35.516+0000] {dagbag.py:508} INFO - Filling up the DagBag from /home/airflow/.local/lib/python3.7/site-packages/airflow/example_dags/tutorial.py
[2022-09-02T11:55:35.521+0000] {processor.py:650} INFO - DAG(s) dict_keys(['tutorial']) retrieved from /home/airflow/.local/lib/python3.7/site-packages/airflow/example_dags/tutorial.py
[2022-09-02T11:55:35.540+0000] {logging_mixin.py:115} INFO - [2022-09-02T11:55:35.540+0000] {dag.py:2429} INFO - Sync 1 DAGs
[2022-09-02T11:55:35.556+0000] {logging_mixin.py:115} INFO - [2022-09-02T11:55:35.556+0000] {dag.py:2981} INFO - Setting next_dagrun for tutorial to 2022-09-01T11:55:35.556187+00:00, run_after=2022-09-02T11:55:35.556187+00:00
[2022-09-02T11:55:35.569+0000] {processor.py:161} INFO - Processing /home/airflow/.local/lib/python3.7/site-packages/airflow/example_dags/tutorial.py took 0.058 seconds
[2022-09-02T11:56:06.276+0000] {processor.py:153} INFO - Started process (PID=3522) to work on /home/airflow/.local/lib/python3.7/site-packages/airflow/example_dags/tutorial.py
[2022-09-02T11:56:06.278+0000] {processor.py:640} INFO - Processing file /home/airflow/.local/lib/python3.7/site-packages/airflow/example_dags/tutorial.py for tasks to queue
[2022-09-02T11:56:06.279+0000] {logging_mixin.py:115} INFO - [2022-09-02T11:56:06.279+0000] {dagbag.py:508} INFO - Filling up the DagBag from /home/airflow/.local/lib/python3.7/site-packages/airflow/example_dags/tutorial.py
[2022-09-02T11:56:06.283+0000] {processor.py:650} INFO - DAG(s) dict_keys(['tutorial']) retrieved from /home/airflow/.local/lib/python3.7/site-packages/airflow/example_dags/tutorial.py
[2022-09-02T11:56:06.302+0000] {logging_mixin.py:115} INFO - [2022-09-02T11:56:06.302+0000] {dag.py:2429} INFO - Sync 1 DAGs
[2022-09-02T11:56:06.317+0000] {logging_mixin.py:115} INFO - [2022-09-02T11:56:06.317+0000] {dag.py:2981} INFO - Setting next_dagrun for tutorial to 2022-09-01T11:56:06.316874+00:00, run_after=2022-09-02T11:56:06.316874+00:00
[2022-09-02T11:56:06.327+0000] {processor.py:161} INFO - Processing /home/airflow/.local/lib/python3.7/site-packages/airflow/example_dags/tutorial.py took 0.053 seconds
[2022-09-02T11:56:37.211+0000] {processor.py:153} INFO - Started process (PID=3718) to work on /home/airflow/.local/lib/python3.7/site-packages/airflow/example_dags/tutorial.py
[2022-09-02T11:56:37.212+0000] {processor.py:640} INFO - Processing file /home/airflow/.local/lib/python3.7/site-packages/airflow/example_dags/tutorial.py for tasks to queue
[2022-09-02T11:56:37.214+0000] {logging_mixin.py:115} INFO - [2022-09-02T11:56:37.213+0000] {dagbag.py:508} INFO - Filling up the DagBag from /home/airflow/.local/lib/python3.7/site-packages/airflow/example_dags/tutorial.py
[2022-09-02T11:56:37.218+0000] {processor.py:650} INFO - DAG(s) dict_keys(['tutorial']) retrieved from /home/airflow/.local/lib/python3.7/site-packages/airflow/example_dags/tutorial.py
[2022-09-02T11:56:37.235+0000] {logging_mixin.py:115} INFO - [2022-09-02T11:56:37.235+0000] {dag.py:2429} INFO - Sync 1 DAGs
[2022-09-02T11:56:37.249+0000] {logging_mixin.py:115} INFO - [2022-09-02T11:56:37.249+0000] {dag.py:2981} INFO - Setting next_dagrun for tutorial to 2022-09-01T11:56:37.248897+00:00, run_after=2022-09-02T11:56:37.248897+00:00
[2022-09-02T11:56:37.264+0000] {processor.py:161} INFO - Processing /home/airflow/.local/lib/python3.7/site-packages/airflow/example_dags/tutorial.py took 0.056 seconds
[2022-09-02T11:57:07.983+0000] {processor.py:153} INFO - Started process (PID=3915) to work on /home/airflow/.local/lib/python3.7/site-packages/airflow/example_dags/tutorial.py
[2022-09-02T11:57:07.985+0000] {processor.py:640} INFO - Processing file /home/airflow/.local/lib/python3.7/site-packages/airflow/example_dags/tutorial.py for tasks to queue
[2022-09-02T11:57:07.986+0000] {logging_mixin.py:115} INFO - [2022-09-02T11:57:07.986+0000] {dagbag.py:508} INFO - Filling up the DagBag from /home/airflow/.local/lib/python3.7/site-packages/airflow/example_dags/tutorial.py
[2022-09-02T11:57:07.990+0000] {processor.py:650} INFO - DAG(s) dict_keys(['tutorial']) retrieved from /home/airflow/.local/lib/python3.7/site-packages/airflow/example_dags/tutorial.py
[2022-09-02T11:57:08.008+0000] {logging_mixin.py:115} INFO - [2022-09-02T11:57:08.008+0000] {dag.py:2429} INFO - Sync 1 DAGs
[2022-09-02T11:57:08.024+0000] {logging_mixin.py:115} INFO - [2022-09-02T11:57:08.024+0000] {dag.py:2981} INFO - Setting next_dagrun for tutorial to 2022-09-01T11:57:08.024306+00:00, run_after=2022-09-02T11:57:08.024306+00:00
[2022-09-02T11:57:08.035+0000] {processor.py:161} INFO - Processing /home/airflow/.local/lib/python3.7/site-packages/airflow/example_dags/tutorial.py took 0.054 seconds
[2022-09-02T11:57:38.846+0000] {processor.py:153} INFO - Started process (PID=4110) to work on /home/airflow/.local/lib/python3.7/site-packages/airflow/example_dags/tutorial.py
[2022-09-02T11:57:38.850+0000] {processor.py:640} INFO - Processing file /home/airflow/.local/lib/python3.7/site-packages/airflow/example_dags/tutorial.py for tasks to queue
[2022-09-02T11:57:38.851+0000] {logging_mixin.py:115} INFO - [2022-09-02T11:57:38.851+0000] {dagbag.py:508} INFO - Filling up the DagBag from /home/airflow/.local/lib/python3.7/site-packages/airflow/example_dags/tutorial.py
[2022-09-02T11:57:38.855+0000] {processor.py:650} INFO - DAG(s) dict_keys(['tutorial']) retrieved from /home/airflow/.local/lib/python3.7/site-packages/airflow/example_dags/tutorial.py
[2022-09-02T11:57:38.874+0000] {logging_mixin.py:115} INFO - [2022-09-02T11:57:38.874+0000] {dag.py:2429} INFO - Sync 1 DAGs
[2022-09-02T11:57:38.890+0000] {logging_mixin.py:115} INFO - [2022-09-02T11:57:38.890+0000] {dag.py:2981} INFO - Setting next_dagrun for tutorial to 2022-09-01T11:57:38.890563+00:00, run_after=2022-09-02T11:57:38.890563+00:00
[2022-09-02T11:57:38.898+0000] {processor.py:161} INFO - Processing /home/airflow/.local/lib/python3.7/site-packages/airflow/example_dags/tutorial.py took 0.054 seconds
[2022-09-02T11:58:09.665+0000] {processor.py:153} INFO - Started process (PID=4307) to work on /home/airflow/.local/lib/python3.7/site-packages/airflow/example_dags/tutorial.py
[2022-09-02T11:58:09.667+0000] {processor.py:640} INFO - Processing file /home/airflow/.local/lib/python3.7/site-packages/airflow/example_dags/tutorial.py for tasks to queue
[2022-09-02T11:58:09.668+0000] {logging_mixin.py:115} INFO - [2022-09-02T11:58:09.668+0000] {dagbag.py:508} INFO - Filling up the DagBag from /home/airflow/.local/lib/python3.7/site-packages/airflow/example_dags/tutorial.py
[2022-09-02T11:58:09.672+0000] {processor.py:650} INFO - DAG(s) dict_keys(['tutorial']) retrieved from /home/airflow/.local/lib/python3.7/site-packages/airflow/example_dags/tutorial.py
[2022-09-02T11:58:09.690+0000] {logging_mixin.py:115} INFO - [2022-09-02T11:58:09.690+0000] {dag.py:2429} INFO - Sync 1 DAGs
[2022-09-02T11:58:09.706+0000] {logging_mixin.py:115} INFO - [2022-09-02T11:58:09.706+0000] {dag.py:2981} INFO - Setting next_dagrun for tutorial to 2022-09-01T11:58:09.706311+00:00, run_after=2022-09-02T11:58:09.706311+00:00
[2022-09-02T11:58:09.715+0000] {processor.py:161} INFO - Processing /home/airflow/.local/lib/python3.7/site-packages/airflow/example_dags/tutorial.py took 0.052 seconds
[2022-09-02T11:58:40.525+0000] {processor.py:153} INFO - Started process (PID=4504) to work on /home/airflow/.local/lib/python3.7/site-packages/airflow/example_dags/tutorial.py
[2022-09-02T11:58:40.527+0000] {processor.py:640} INFO - Processing file /home/airflow/.local/lib/python3.7/site-packages/airflow/example_dags/tutorial.py for tasks to queue
[2022-09-02T11:58:40.528+0000] {logging_mixin.py:115} INFO - [2022-09-02T11:58:40.528+0000] {dagbag.py:508} INFO - Filling up the DagBag from /home/airflow/.local/lib/python3.7/site-packages/airflow/example_dags/tutorial.py
[2022-09-02T11:58:40.533+0000] {processor.py:650} INFO - DAG(s) dict_keys(['tutorial']) retrieved from /home/airflow/.local/lib/python3.7/site-packages/airflow/example_dags/tutorial.py
[2022-09-02T11:58:40.560+0000] {logging_mixin.py:115} INFO - [2022-09-02T11:58:40.560+0000] {dag.py:2429} INFO - Sync 1 DAGs
[2022-09-02T11:58:40.579+0000] {logging_mixin.py:115} INFO - [2022-09-02T11:58:40.579+0000] {dag.py:2981} INFO - Setting next_dagrun for tutorial to 2022-09-01T11:58:40.578903+00:00, run_after=2022-09-02T11:58:40.578903+00:00
[2022-09-02T11:58:40.587+0000] {processor.py:161} INFO - Processing /home/airflow/.local/lib/python3.7/site-packages/airflow/example_dags/tutorial.py took 0.065 seconds
[2022-09-02T11:59:11.464+0000] {processor.py:153} INFO - Started process (PID=4692) to work on /home/airflow/.local/lib/python3.7/site-packages/airflow/example_dags/tutorial.py
[2022-09-02T11:59:11.466+0000] {processor.py:640} INFO - Processing file /home/airflow/.local/lib/python3.7/site-packages/airflow/example_dags/tutorial.py for tasks to queue
[2022-09-02T11:59:11.467+0000] {logging_mixin.py:115} INFO - [2022-09-02T11:59:11.467+0000] {dagbag.py:508} INFO - Filling up the DagBag from /home/airflow/.local/lib/python3.7/site-packages/airflow/example_dags/tutorial.py
[2022-09-02T11:59:11.472+0000] {processor.py:650} INFO - DAG(s) dict_keys(['tutorial']) retrieved from /home/airflow/.local/lib/python3.7/site-packages/airflow/example_dags/tutorial.py
[2022-09-02T11:59:11.492+0000] {logging_mixin.py:115} INFO - [2022-09-02T11:59:11.492+0000] {dag.py:2429} INFO - Sync 1 DAGs
[2022-09-02T11:59:11.508+0000] {logging_mixin.py:115} INFO - [2022-09-02T11:59:11.508+0000] {dag.py:2981} INFO - Setting next_dagrun for tutorial to 2022-09-01T11:59:11.508441+00:00, run_after=2022-09-02T11:59:11.508441+00:00
[2022-09-02T11:59:11.519+0000] {processor.py:161} INFO - Processing /home/airflow/.local/lib/python3.7/site-packages/airflow/example_dags/tutorial.py took 0.058 seconds
[2022-09-02T11:59:42.225+0000] {processor.py:153} INFO - Started process (PID=4889) to work on /home/airflow/.local/lib/python3.7/site-packages/airflow/example_dags/tutorial.py
[2022-09-02T11:59:42.227+0000] {processor.py:640} INFO - Processing file /home/airflow/.local/lib/python3.7/site-packages/airflow/example_dags/tutorial.py for tasks to queue
[2022-09-02T11:59:42.229+0000] {logging_mixin.py:115} INFO - [2022-09-02T11:59:42.229+0000] {dagbag.py:508} INFO - Filling up the DagBag from /home/airflow/.local/lib/python3.7/site-packages/airflow/example_dags/tutorial.py
[2022-09-02T11:59:42.233+0000] {processor.py:650} INFO - DAG(s) dict_keys(['tutorial']) retrieved from /home/airflow/.local/lib/python3.7/site-packages/airflow/example_dags/tutorial.py
[2022-09-02T11:59:42.255+0000] {logging_mixin.py:115} INFO - [2022-09-02T11:59:42.255+0000] {dag.py:2429} INFO - Sync 1 DAGs
[2022-09-02T11:59:42.277+0000] {logging_mixin.py:115} INFO - [2022-09-02T11:59:42.277+0000] {dag.py:2981} INFO - Setting next_dagrun for tutorial to 2022-09-01T11:59:42.277708+00:00, run_after=2022-09-02T11:59:42.277708+00:00
[2022-09-02T11:59:42.289+0000] {processor.py:161} INFO - Processing /home/airflow/.local/lib/python3.7/site-packages/airflow/example_dags/tutorial.py took 0.066 seconds
[2022-09-02T12:00:13.160+0000] {processor.py:153} INFO - Started process (PID=5086) to work on /home/airflow/.local/lib/python3.7/site-packages/airflow/example_dags/tutorial.py
[2022-09-02T12:00:13.162+0000] {processor.py:640} INFO - Processing file /home/airflow/.local/lib/python3.7/site-packages/airflow/example_dags/tutorial.py for tasks to queue
[2022-09-02T12:00:13.163+0000] {logging_mixin.py:115} INFO - [2022-09-02T12:00:13.163+0000] {dagbag.py:508} INFO - Filling up the DagBag from /home/airflow/.local/lib/python3.7/site-packages/airflow/example_dags/tutorial.py
[2022-09-02T12:00:13.169+0000] {processor.py:650} INFO - DAG(s) dict_keys(['tutorial']) retrieved from /home/airflow/.local/lib/python3.7/site-packages/airflow/example_dags/tutorial.py
[2022-09-02T12:00:13.188+0000] {logging_mixin.py:115} INFO - [2022-09-02T12:00:13.188+0000] {dag.py:2429} INFO - Sync 1 DAGs
[2022-09-02T12:00:13.207+0000] {logging_mixin.py:115} INFO - [2022-09-02T12:00:13.207+0000] {dag.py:2981} INFO - Setting next_dagrun for tutorial to 2022-09-01T12:00:13.207021+00:00, run_after=2022-09-02T12:00:13.207021+00:00
[2022-09-02T12:00:13.215+0000] {processor.py:161} INFO - Processing /home/airflow/.local/lib/python3.7/site-packages/airflow/example_dags/tutorial.py took 0.058 seconds
[2022-09-02T12:00:43.956+0000] {processor.py:153} INFO - Started process (PID=5283) to work on /home/airflow/.local/lib/python3.7/site-packages/airflow/example_dags/tutorial.py
[2022-09-02T12:00:43.958+0000] {processor.py:640} INFO - Processing file /home/airflow/.local/lib/python3.7/site-packages/airflow/example_dags/tutorial.py for tasks to queue
[2022-09-02T12:00:43.960+0000] {logging_mixin.py:115} INFO - [2022-09-02T12:00:43.959+0000] {dagbag.py:508} INFO - Filling up the DagBag from /home/airflow/.local/lib/python3.7/site-packages/airflow/example_dags/tutorial.py
[2022-09-02T12:00:43.964+0000] {processor.py:650} INFO - DAG(s) dict_keys(['tutorial']) retrieved from /home/airflow/.local/lib/python3.7/site-packages/airflow/example_dags/tutorial.py
[2022-09-02T12:00:43.982+0000] {logging_mixin.py:115} INFO - [2022-09-02T12:00:43.982+0000] {dag.py:2429} INFO - Sync 1 DAGs
[2022-09-02T12:00:43.999+0000] {logging_mixin.py:115} INFO - [2022-09-02T12:00:43.999+0000] {dag.py:2981} INFO - Setting next_dagrun for tutorial to 2022-09-01T12:00:43.998904+00:00, run_after=2022-09-02T12:00:43.998904+00:00
[2022-09-02T12:00:44.012+0000] {processor.py:161} INFO - Processing /home/airflow/.local/lib/python3.7/site-packages/airflow/example_dags/tutorial.py took 0.058 seconds
[2022-09-02T12:01:14.635+0000] {processor.py:153} INFO - Started process (PID=5480) to work on /home/airflow/.local/lib/python3.7/site-packages/airflow/example_dags/tutorial.py
[2022-09-02T12:01:14.637+0000] {processor.py:640} INFO - Processing file /home/airflow/.local/lib/python3.7/site-packages/airflow/example_dags/tutorial.py for tasks to queue
[2022-09-02T12:01:14.638+0000] {logging_mixin.py:115} INFO - [2022-09-02T12:01:14.638+0000] {dagbag.py:508} INFO - Filling up the DagBag from /home/airflow/.local/lib/python3.7/site-packages/airflow/example_dags/tutorial.py
[2022-09-02T12:01:14.642+0000] {processor.py:650} INFO - DAG(s) dict_keys(['tutorial']) retrieved from /home/airflow/.local/lib/python3.7/site-packages/airflow/example_dags/tutorial.py
[2022-09-02T12:01:14.659+0000] {logging_mixin.py:115} INFO - [2022-09-02T12:01:14.659+0000] {dag.py:2429} INFO - Sync 1 DAGs
[2022-09-02T12:01:14.674+0000] {logging_mixin.py:115} INFO - [2022-09-02T12:01:14.674+0000] {dag.py:2981} INFO - Setting next_dagrun for tutorial to 2022-09-01T12:01:14.674132+00:00, run_after=2022-09-02T12:01:14.674132+00:00
[2022-09-02T12:01:14.684+0000] {processor.py:161} INFO - Processing /home/airflow/.local/lib/python3.7/site-packages/airflow/example_dags/tutorial.py took 0.051 seconds
[2022-09-02T12:01:45.321+0000] {processor.py:153} INFO - Started process (PID=5677) to work on /home/airflow/.local/lib/python3.7/site-packages/airflow/example_dags/tutorial.py
[2022-09-02T12:01:45.322+0000] {processor.py:640} INFO - Processing file /home/airflow/.local/lib/python3.7/site-packages/airflow/example_dags/tutorial.py for tasks to queue
[2022-09-02T12:01:45.323+0000] {logging_mixin.py:115} INFO - [2022-09-02T12:01:45.323+0000] {dagbag.py:508} INFO - Filling up the DagBag from /home/airflow/.local/lib/python3.7/site-packages/airflow/example_dags/tutorial.py
[2022-09-02T12:01:45.328+0000] {processor.py:650} INFO - DAG(s) dict_keys(['tutorial']) retrieved from /home/airflow/.local/lib/python3.7/site-packages/airflow/example_dags/tutorial.py
[2022-09-02T12:01:45.343+0000] {logging_mixin.py:115} INFO - [2022-09-02T12:01:45.343+0000] {dag.py:2429} INFO - Sync 1 DAGs
[2022-09-02T12:01:45.358+0000] {logging_mixin.py:115} INFO - [2022-09-02T12:01:45.358+0000] {dag.py:2981} INFO - Setting next_dagrun for tutorial to 2022-09-01T12:01:45.357914+00:00, run_after=2022-09-02T12:01:45.357914+00:00
[2022-09-02T12:01:45.365+0000] {processor.py:161} INFO - Processing /home/airflow/.local/lib/python3.7/site-packages/airflow/example_dags/tutorial.py took 0.046 seconds
[2022-09-02T12:02:16.192+0000] {processor.py:153} INFO - Started process (PID=5894) to work on /home/airflow/.local/lib/python3.7/site-packages/airflow/example_dags/tutorial.py
[2022-09-02T12:02:16.194+0000] {processor.py:640} INFO - Processing file /home/airflow/.local/lib/python3.7/site-packages/airflow/example_dags/tutorial.py for tasks to queue
[2022-09-02T12:02:16.195+0000] {logging_mixin.py:115} INFO - [2022-09-02T12:02:16.195+0000] {dagbag.py:508} INFO - Filling up the DagBag from /home/airflow/.local/lib/python3.7/site-packages/airflow/example_dags/tutorial.py
[2022-09-02T12:02:16.201+0000] {processor.py:650} INFO - DAG(s) dict_keys(['tutorial']) retrieved from /home/airflow/.local/lib/python3.7/site-packages/airflow/example_dags/tutorial.py
[2022-09-02T12:02:16.220+0000] {logging_mixin.py:115} INFO - [2022-09-02T12:02:16.220+0000] {dag.py:2429} INFO - Sync 1 DAGs
[2022-09-02T12:02:16.239+0000] {logging_mixin.py:115} INFO - [2022-09-02T12:02:16.239+0000] {dag.py:2981} INFO - Setting next_dagrun for tutorial to 2022-09-01T12:02:16.239052+00:00, run_after=2022-09-02T12:02:16.239052+00:00
[2022-09-02T12:02:16.246+0000] {processor.py:161} INFO - Processing /home/airflow/.local/lib/python3.7/site-packages/airflow/example_dags/tutorial.py took 0.056 seconds
[2022-09-02T12:02:47.139+0000] {processor.py:153} INFO - Started process (PID=6080) to work on /home/airflow/.local/lib/python3.7/site-packages/airflow/example_dags/tutorial.py
[2022-09-02T12:02:47.140+0000] {processor.py:640} INFO - Processing file /home/airflow/.local/lib/python3.7/site-packages/airflow/example_dags/tutorial.py for tasks to queue
[2022-09-02T12:02:47.142+0000] {logging_mixin.py:115} INFO - [2022-09-02T12:02:47.142+0000] {dagbag.py:508} INFO - Filling up the DagBag from /home/airflow/.local/lib/python3.7/site-packages/airflow/example_dags/tutorial.py
[2022-09-02T12:02:47.146+0000] {processor.py:650} INFO - DAG(s) dict_keys(['tutorial']) retrieved from /home/airflow/.local/lib/python3.7/site-packages/airflow/example_dags/tutorial.py
[2022-09-02T12:02:47.163+0000] {logging_mixin.py:115} INFO - [2022-09-02T12:02:47.163+0000] {dag.py:2429} INFO - Sync 1 DAGs
[2022-09-02T12:02:47.180+0000] {logging_mixin.py:115} INFO - [2022-09-02T12:02:47.180+0000] {dag.py:2981} INFO - Setting next_dagrun for tutorial to 2022-09-01T12:02:47.180566+00:00, run_after=2022-09-02T12:02:47.180566+00:00
[2022-09-02T12:02:47.191+0000] {processor.py:161} INFO - Processing /home/airflow/.local/lib/python3.7/site-packages/airflow/example_dags/tutorial.py took 0.054 seconds
[2022-09-02T12:03:17.923+0000] {processor.py:153} INFO - Started process (PID=6277) to work on /home/airflow/.local/lib/python3.7/site-packages/airflow/example_dags/tutorial.py
[2022-09-02T12:03:17.925+0000] {processor.py:640} INFO - Processing file /home/airflow/.local/lib/python3.7/site-packages/airflow/example_dags/tutorial.py for tasks to queue
[2022-09-02T12:03:17.926+0000] {logging_mixin.py:115} INFO - [2022-09-02T12:03:17.926+0000] {dagbag.py:508} INFO - Filling up the DagBag from /home/airflow/.local/lib/python3.7/site-packages/airflow/example_dags/tutorial.py
[2022-09-02T12:03:17.930+0000] {processor.py:650} INFO - DAG(s) dict_keys(['tutorial']) retrieved from /home/airflow/.local/lib/python3.7/site-packages/airflow/example_dags/tutorial.py
[2022-09-02T12:03:17.948+0000] {logging_mixin.py:115} INFO - [2022-09-02T12:03:17.948+0000] {dag.py:2429} INFO - Sync 1 DAGs
[2022-09-02T12:03:17.963+0000] {logging_mixin.py:115} INFO - [2022-09-02T12:03:17.963+0000] {dag.py:2981} INFO - Setting next_dagrun for tutorial to 2022-09-01T12:03:17.963761+00:00, run_after=2022-09-02T12:03:17.963761+00:00
[2022-09-02T12:03:17.972+0000] {processor.py:161} INFO - Processing /home/airflow/.local/lib/python3.7/site-packages/airflow/example_dags/tutorial.py took 0.051 seconds
[2022-09-02T12:03:48.708+0000] {processor.py:153} INFO - Started process (PID=6473) to work on /home/airflow/.local/lib/python3.7/site-packages/airflow/example_dags/tutorial.py
[2022-09-02T12:03:48.710+0000] {processor.py:640} INFO - Processing file /home/airflow/.local/lib/python3.7/site-packages/airflow/example_dags/tutorial.py for tasks to queue
[2022-09-02T12:03:48.711+0000] {logging_mixin.py:115} INFO - [2022-09-02T12:03:48.711+0000] {dagbag.py:508} INFO - Filling up the DagBag from /home/airflow/.local/lib/python3.7/site-packages/airflow/example_dags/tutorial.py
[2022-09-02T12:03:48.716+0000] {processor.py:650} INFO - DAG(s) dict_keys(['tutorial']) retrieved from /home/airflow/.local/lib/python3.7/site-packages/airflow/example_dags/tutorial.py
[2022-09-02T12:03:48.734+0000] {logging_mixin.py:115} INFO - [2022-09-02T12:03:48.733+0000] {dag.py:2429} INFO - Sync 1 DAGs
[2022-09-02T12:03:48.754+0000] {logging_mixin.py:115} INFO - [2022-09-02T12:03:48.753+0000] {dag.py:2981} INFO - Setting next_dagrun for tutorial to 2022-09-01T12:03:48.753791+00:00, run_after=2022-09-02T12:03:48.753791+00:00
[2022-09-02T12:03:48.762+0000] {processor.py:161} INFO - Processing /home/airflow/.local/lib/python3.7/site-packages/airflow/example_dags/tutorial.py took 0.056 seconds
[2022-09-02T12:04:19.432+0000] {processor.py:153} INFO - Started process (PID=6671) to work on /home/airflow/.local/lib/python3.7/site-packages/airflow/example_dags/tutorial.py
[2022-09-02T12:04:19.434+0000] {processor.py:640} INFO - Processing file /home/airflow/.local/lib/python3.7/site-packages/airflow/example_dags/tutorial.py for tasks to queue
[2022-09-02T12:04:19.436+0000] {logging_mixin.py:115} INFO - [2022-09-02T12:04:19.436+0000] {dagbag.py:508} INFO - Filling up the DagBag from /home/airflow/.local/lib/python3.7/site-packages/airflow/example_dags/tutorial.py
[2022-09-02T12:04:19.440+0000] {processor.py:650} INFO - DAG(s) dict_keys(['tutorial']) retrieved from /home/airflow/.local/lib/python3.7/site-packages/airflow/example_dags/tutorial.py
[2022-09-02T12:04:19.458+0000] {logging_mixin.py:115} INFO - [2022-09-02T12:04:19.458+0000] {dag.py:2429} INFO - Sync 1 DAGs
[2022-09-02T12:04:19.476+0000] {logging_mixin.py:115} INFO - [2022-09-02T12:04:19.476+0000] {dag.py:2981} INFO - Setting next_dagrun for tutorial to 2022-09-01T12:04:19.476479+00:00, run_after=2022-09-02T12:04:19.476479+00:00
[2022-09-02T12:04:19.485+0000] {processor.py:161} INFO - Processing /home/airflow/.local/lib/python3.7/site-packages/airflow/example_dags/tutorial.py took 0.055 seconds
[2022-09-02T12:04:50.228+0000] {processor.py:153} INFO - Started process (PID=6868) to work on /home/airflow/.local/lib/python3.7/site-packages/airflow/example_dags/tutorial.py
[2022-09-02T12:04:50.230+0000] {processor.py:640} INFO - Processing file /home/airflow/.local/lib/python3.7/site-packages/airflow/example_dags/tutorial.py for tasks to queue
[2022-09-02T12:04:50.232+0000] {logging_mixin.py:115} INFO - [2022-09-02T12:04:50.232+0000] {dagbag.py:508} INFO - Filling up the DagBag from /home/airflow/.local/lib/python3.7/site-packages/airflow/example_dags/tutorial.py
[2022-09-02T12:04:50.237+0000] {processor.py:650} INFO - DAG(s) dict_keys(['tutorial']) retrieved from /home/airflow/.local/lib/python3.7/site-packages/airflow/example_dags/tutorial.py
[2022-09-02T12:04:50.256+0000] {logging_mixin.py:115} INFO - [2022-09-02T12:04:50.256+0000] {dag.py:2429} INFO - Sync 1 DAGs
[2022-09-02T12:04:50.276+0000] {logging_mixin.py:115} INFO - [2022-09-02T12:04:50.276+0000] {dag.py:2981} INFO - Setting next_dagrun for tutorial to 2022-09-01T12:04:50.276309+00:00, run_after=2022-09-02T12:04:50.276309+00:00
[2022-09-02T12:04:50.286+0000] {processor.py:161} INFO - Processing /home/airflow/.local/lib/python3.7/site-packages/airflow/example_dags/tutorial.py took 0.061 seconds
[2022-09-02T12:05:21.061+0000] {processor.py:153} INFO - Started process (PID=7066) to work on /home/airflow/.local/lib/python3.7/site-packages/airflow/example_dags/tutorial.py
[2022-09-02T12:05:21.063+0000] {processor.py:640} INFO - Processing file /home/airflow/.local/lib/python3.7/site-packages/airflow/example_dags/tutorial.py for tasks to queue
[2022-09-02T12:05:21.064+0000] {logging_mixin.py:115} INFO - [2022-09-02T12:05:21.064+0000] {dagbag.py:508} INFO - Filling up the DagBag from /home/airflow/.local/lib/python3.7/site-packages/airflow/example_dags/tutorial.py
[2022-09-02T12:05:21.074+0000] {processor.py:650} INFO - DAG(s) dict_keys(['tutorial']) retrieved from /home/airflow/.local/lib/python3.7/site-packages/airflow/example_dags/tutorial.py
[2022-09-02T12:05:21.099+0000] {logging_mixin.py:115} INFO - [2022-09-02T12:05:21.099+0000] {dag.py:2429} INFO - Sync 1 DAGs
[2022-09-02T12:05:21.121+0000] {logging_mixin.py:115} INFO - [2022-09-02T12:05:21.121+0000] {dag.py:2981} INFO - Setting next_dagrun for tutorial to 2022-09-01T12:05:21.121364+00:00, run_after=2022-09-02T12:05:21.121364+00:00
[2022-09-02T12:05:21.131+0000] {processor.py:161} INFO - Processing /home/airflow/.local/lib/python3.7/site-packages/airflow/example_dags/tutorial.py took 0.074 seconds
[2022-09-02T12:05:51.840+0000] {processor.py:153} INFO - Started process (PID=7254) to work on /home/airflow/.local/lib/python3.7/site-packages/airflow/example_dags/tutorial.py
[2022-09-02T12:05:51.841+0000] {processor.py:640} INFO - Processing file /home/airflow/.local/lib/python3.7/site-packages/airflow/example_dags/tutorial.py for tasks to queue
[2022-09-02T12:05:51.842+0000] {logging_mixin.py:115} INFO - [2022-09-02T12:05:51.842+0000] {dagbag.py:508} INFO - Filling up the DagBag from /home/airflow/.local/lib/python3.7/site-packages/airflow/example_dags/tutorial.py
[2022-09-02T12:05:51.847+0000] {processor.py:650} INFO - DAG(s) dict_keys(['tutorial']) retrieved from /home/airflow/.local/lib/python3.7/site-packages/airflow/example_dags/tutorial.py
[2022-09-02T12:05:51.865+0000] {logging_mixin.py:115} INFO - [2022-09-02T12:05:51.865+0000] {dag.py:2429} INFO - Sync 1 DAGs
[2022-09-02T12:05:51.883+0000] {logging_mixin.py:115} INFO - [2022-09-02T12:05:51.883+0000] {dag.py:2981} INFO - Setting next_dagrun for tutorial to 2022-09-01T12:05:51.882874+00:00, run_after=2022-09-02T12:05:51.882874+00:00
[2022-09-02T12:05:51.892+0000] {processor.py:161} INFO - Processing /home/airflow/.local/lib/python3.7/site-packages/airflow/example_dags/tutorial.py took 0.055 seconds
[2022-09-02T12:06:22.700+0000] {processor.py:153} INFO - Started process (PID=7452) to work on /home/airflow/.local/lib/python3.7/site-packages/airflow/example_dags/tutorial.py
[2022-09-02T12:06:22.702+0000] {processor.py:640} INFO - Processing file /home/airflow/.local/lib/python3.7/site-packages/airflow/example_dags/tutorial.py for tasks to queue
[2022-09-02T12:06:22.703+0000] {logging_mixin.py:115} INFO - [2022-09-02T12:06:22.703+0000] {dagbag.py:508} INFO - Filling up the DagBag from /home/airflow/.local/lib/python3.7/site-packages/airflow/example_dags/tutorial.py
[2022-09-02T12:06:22.707+0000] {processor.py:650} INFO - DAG(s) dict_keys(['tutorial']) retrieved from /home/airflow/.local/lib/python3.7/site-packages/airflow/example_dags/tutorial.py
[2022-09-02T12:06:22.724+0000] {logging_mixin.py:115} INFO - [2022-09-02T12:06:22.724+0000] {dag.py:2429} INFO - Sync 1 DAGs
[2022-09-02T12:06:22.742+0000] {logging_mixin.py:115} INFO - [2022-09-02T12:06:22.742+0000] {dag.py:2981} INFO - Setting next_dagrun for tutorial to 2022-09-01T12:06:22.741990+00:00, run_after=2022-09-02T12:06:22.741990+00:00
[2022-09-02T12:06:22.751+0000] {processor.py:161} INFO - Processing /home/airflow/.local/lib/python3.7/site-packages/airflow/example_dags/tutorial.py took 0.054 seconds
[2022-09-02T12:06:53.491+0000] {processor.py:153} INFO - Started process (PID=7648) to work on /home/airflow/.local/lib/python3.7/site-packages/airflow/example_dags/tutorial.py
[2022-09-02T12:06:53.492+0000] {processor.py:640} INFO - Processing file /home/airflow/.local/lib/python3.7/site-packages/airflow/example_dags/tutorial.py for tasks to queue
[2022-09-02T12:06:53.493+0000] {logging_mixin.py:115} INFO - [2022-09-02T12:06:53.493+0000] {dagbag.py:508} INFO - Filling up the DagBag from /home/airflow/.local/lib/python3.7/site-packages/airflow/example_dags/tutorial.py
[2022-09-02T12:06:53.498+0000] {processor.py:650} INFO - DAG(s) dict_keys(['tutorial']) retrieved from /home/airflow/.local/lib/python3.7/site-packages/airflow/example_dags/tutorial.py
[2022-09-02T12:06:53.515+0000] {logging_mixin.py:115} INFO - [2022-09-02T12:06:53.515+0000] {dag.py:2429} INFO - Sync 1 DAGs
[2022-09-02T12:06:53.533+0000] {logging_mixin.py:115} INFO - [2022-09-02T12:06:53.532+0000] {dag.py:2981} INFO - Setting next_dagrun for tutorial to 2022-09-01T12:06:53.532784+00:00, run_after=2022-09-02T12:06:53.532784+00:00
[2022-09-02T12:06:53.542+0000] {processor.py:161} INFO - Processing /home/airflow/.local/lib/python3.7/site-packages/airflow/example_dags/tutorial.py took 0.053 seconds
[2022-09-02T12:07:24.365+0000] {processor.py:153} INFO - Started process (PID=7845) to work on /home/airflow/.local/lib/python3.7/site-packages/airflow/example_dags/tutorial.py
[2022-09-02T12:07:24.367+0000] {processor.py:640} INFO - Processing file /home/airflow/.local/lib/python3.7/site-packages/airflow/example_dags/tutorial.py for tasks to queue
[2022-09-02T12:07:24.368+0000] {logging_mixin.py:115} INFO - [2022-09-02T12:07:24.368+0000] {dagbag.py:508} INFO - Filling up the DagBag from /home/airflow/.local/lib/python3.7/site-packages/airflow/example_dags/tutorial.py
[2022-09-02T12:07:24.374+0000] {processor.py:650} INFO - DAG(s) dict_keys(['tutorial']) retrieved from /home/airflow/.local/lib/python3.7/site-packages/airflow/example_dags/tutorial.py
[2022-09-02T12:07:24.399+0000] {logging_mixin.py:115} INFO - [2022-09-02T12:07:24.398+0000] {dag.py:2429} INFO - Sync 1 DAGs
[2022-09-02T12:07:24.447+0000] {logging_mixin.py:115} INFO - [2022-09-02T12:07:24.447+0000] {dag.py:2981} INFO - Setting next_dagrun for tutorial to 2022-09-01T12:07:24.447367+00:00, run_after=2022-09-02T12:07:24.447367+00:00
[2022-09-02T12:07:24.457+0000] {processor.py:161} INFO - Processing /home/airflow/.local/lib/python3.7/site-packages/airflow/example_dags/tutorial.py took 0.093 seconds
[2022-09-02T12:07:55.390+0000] {processor.py:153} INFO - Started process (PID=8042) to work on /home/airflow/.local/lib/python3.7/site-packages/airflow/example_dags/tutorial.py
[2022-09-02T12:07:55.392+0000] {processor.py:640} INFO - Processing file /home/airflow/.local/lib/python3.7/site-packages/airflow/example_dags/tutorial.py for tasks to queue
[2022-09-02T12:07:55.394+0000] {logging_mixin.py:115} INFO - [2022-09-02T12:07:55.394+0000] {dagbag.py:508} INFO - Filling up the DagBag from /home/airflow/.local/lib/python3.7/site-packages/airflow/example_dags/tutorial.py
[2022-09-02T12:07:55.398+0000] {processor.py:650} INFO - DAG(s) dict_keys(['tutorial']) retrieved from /home/airflow/.local/lib/python3.7/site-packages/airflow/example_dags/tutorial.py
[2022-09-02T12:07:55.418+0000] {logging_mixin.py:115} INFO - [2022-09-02T12:07:55.418+0000] {dag.py:2429} INFO - Sync 1 DAGs
[2022-09-02T12:07:55.435+0000] {logging_mixin.py:115} INFO - [2022-09-02T12:07:55.435+0000] {dag.py:2981} INFO - Setting next_dagrun for tutorial to 2022-09-01T12:07:55.435478+00:00, run_after=2022-09-02T12:07:55.435478+00:00
[2022-09-02T12:07:55.444+0000] {processor.py:161} INFO - Processing /home/airflow/.local/lib/python3.7/site-packages/airflow/example_dags/tutorial.py took 0.056 seconds
