[2022-09-02T11:47:23.654+0000] {processor.py:153} INFO - Started process (PID=192) to work on /home/airflow/.local/lib/python3.7/site-packages/airflow/example_dags/tutorial_etl_dag.py
[2022-09-02T11:47:23.656+0000] {processor.py:640} INFO - Processing file /home/airflow/.local/lib/python3.7/site-packages/airflow/example_dags/tutorial_etl_dag.py for tasks to queue
[2022-09-02T11:47:23.657+0000] {logging_mixin.py:115} INFO - [2022-09-02T11:47:23.657+0000] {dagbag.py:508} INFO - Filling up the DagBag from /home/airflow/.local/lib/python3.7/site-packages/airflow/example_dags/tutorial_etl_dag.py
[2022-09-02T11:47:23.662+0000] {processor.py:650} INFO - DAG(s) dict_keys(['tutorial_etl_dag']) retrieved from /home/airflow/.local/lib/python3.7/site-packages/airflow/example_dags/tutorial_etl_dag.py
[2022-09-02T11:47:23.709+0000] {logging_mixin.py:115} INFO - [2022-09-02T11:47:23.709+0000] {manager.py:508} INFO - Created Permission View: can edit on DAG:tutorial_etl_dag
[2022-09-02T11:47:23.716+0000] {logging_mixin.py:115} INFO - [2022-09-02T11:47:23.716+0000] {manager.py:508} INFO - Created Permission View: can delete on DAG:tutorial_etl_dag
[2022-09-02T11:47:23.721+0000] {logging_mixin.py:115} INFO - [2022-09-02T11:47:23.721+0000] {manager.py:508} INFO - Created Permission View: can read on DAG:tutorial_etl_dag
[2022-09-02T11:47:23.722+0000] {logging_mixin.py:115} INFO - [2022-09-02T11:47:23.722+0000] {dag.py:2429} INFO - Sync 1 DAGs
[2022-09-02T11:47:23.731+0000] {logging_mixin.py:115} INFO - [2022-09-02T11:47:23.731+0000] {dag.py:2448} INFO - Creating ORM DAG for tutorial_etl_dag
[2022-09-02T11:47:23.739+0000] {logging_mixin.py:115} INFO - [2022-09-02T11:47:23.738+0000] {dag.py:2981} INFO - Setting next_dagrun for tutorial_etl_dag to None, run_after=None
[2022-09-02T11:47:23.749+0000] {processor.py:161} INFO - Processing /home/airflow/.local/lib/python3.7/site-packages/airflow/example_dags/tutorial_etl_dag.py took 0.097 seconds
[2022-09-02T11:47:54.716+0000] {processor.py:153} INFO - Started process (PID=387) to work on /home/airflow/.local/lib/python3.7/site-packages/airflow/example_dags/tutorial_etl_dag.py
[2022-09-02T11:47:54.719+0000] {processor.py:640} INFO - Processing file /home/airflow/.local/lib/python3.7/site-packages/airflow/example_dags/tutorial_etl_dag.py for tasks to queue
[2022-09-02T11:47:54.721+0000] {logging_mixin.py:115} INFO - [2022-09-02T11:47:54.721+0000] {dagbag.py:508} INFO - Filling up the DagBag from /home/airflow/.local/lib/python3.7/site-packages/airflow/example_dags/tutorial_etl_dag.py
[2022-09-02T11:47:54.728+0000] {processor.py:650} INFO - DAG(s) dict_keys(['tutorial_etl_dag']) retrieved from /home/airflow/.local/lib/python3.7/site-packages/airflow/example_dags/tutorial_etl_dag.py
[2022-09-02T11:47:54.757+0000] {logging_mixin.py:115} INFO - [2022-09-02T11:47:54.757+0000] {dag.py:2429} INFO - Sync 1 DAGs
[2022-09-02T11:47:54.773+0000] {logging_mixin.py:115} INFO - [2022-09-02T11:47:54.773+0000] {dag.py:2981} INFO - Setting next_dagrun for tutorial_etl_dag to None, run_after=None
[2022-09-02T11:47:54.788+0000] {processor.py:161} INFO - Processing /home/airflow/.local/lib/python3.7/site-packages/airflow/example_dags/tutorial_etl_dag.py took 0.075 seconds
[2022-09-02T11:48:24.891+0000] {processor.py:153} INFO - Started process (PID=585) to work on /home/airflow/.local/lib/python3.7/site-packages/airflow/example_dags/tutorial_etl_dag.py
[2022-09-02T11:48:24.893+0000] {processor.py:640} INFO - Processing file /home/airflow/.local/lib/python3.7/site-packages/airflow/example_dags/tutorial_etl_dag.py for tasks to queue
[2022-09-02T11:48:24.895+0000] {logging_mixin.py:115} INFO - [2022-09-02T11:48:24.895+0000] {dagbag.py:508} INFO - Filling up the DagBag from /home/airflow/.local/lib/python3.7/site-packages/airflow/example_dags/tutorial_etl_dag.py
[2022-09-02T11:48:24.901+0000] {processor.py:650} INFO - DAG(s) dict_keys(['tutorial_etl_dag']) retrieved from /home/airflow/.local/lib/python3.7/site-packages/airflow/example_dags/tutorial_etl_dag.py
[2022-09-02T11:48:24.925+0000] {logging_mixin.py:115} INFO - [2022-09-02T11:48:24.925+0000] {dag.py:2429} INFO - Sync 1 DAGs
[2022-09-02T11:48:24.942+0000] {logging_mixin.py:115} INFO - [2022-09-02T11:48:24.942+0000] {dag.py:2981} INFO - Setting next_dagrun for tutorial_etl_dag to None, run_after=None
[2022-09-02T11:48:24.953+0000] {processor.py:161} INFO - Processing /home/airflow/.local/lib/python3.7/site-packages/airflow/example_dags/tutorial_etl_dag.py took 0.065 seconds
[2022-09-02T11:48:55.010+0000] {processor.py:153} INFO - Started process (PID=781) to work on /home/airflow/.local/lib/python3.7/site-packages/airflow/example_dags/tutorial_etl_dag.py
[2022-09-02T11:48:55.011+0000] {processor.py:640} INFO - Processing file /home/airflow/.local/lib/python3.7/site-packages/airflow/example_dags/tutorial_etl_dag.py for tasks to queue
[2022-09-02T11:48:55.013+0000] {logging_mixin.py:115} INFO - [2022-09-02T11:48:55.013+0000] {dagbag.py:508} INFO - Filling up the DagBag from /home/airflow/.local/lib/python3.7/site-packages/airflow/example_dags/tutorial_etl_dag.py
[2022-09-02T11:48:55.018+0000] {processor.py:650} INFO - DAG(s) dict_keys(['tutorial_etl_dag']) retrieved from /home/airflow/.local/lib/python3.7/site-packages/airflow/example_dags/tutorial_etl_dag.py
[2022-09-02T11:48:55.039+0000] {logging_mixin.py:115} INFO - [2022-09-02T11:48:55.039+0000] {dag.py:2429} INFO - Sync 1 DAGs
[2022-09-02T11:48:55.054+0000] {logging_mixin.py:115} INFO - [2022-09-02T11:48:55.054+0000] {dag.py:2981} INFO - Setting next_dagrun for tutorial_etl_dag to None, run_after=None
[2022-09-02T11:48:55.064+0000] {processor.py:161} INFO - Processing /home/airflow/.local/lib/python3.7/site-packages/airflow/example_dags/tutorial_etl_dag.py took 0.057 seconds
[2022-09-02T11:49:25.828+0000] {processor.py:153} INFO - Started process (PID=969) to work on /home/airflow/.local/lib/python3.7/site-packages/airflow/example_dags/tutorial_etl_dag.py
[2022-09-02T11:49:25.829+0000] {processor.py:640} INFO - Processing file /home/airflow/.local/lib/python3.7/site-packages/airflow/example_dags/tutorial_etl_dag.py for tasks to queue
[2022-09-02T11:49:25.830+0000] {logging_mixin.py:115} INFO - [2022-09-02T11:49:25.830+0000] {dagbag.py:508} INFO - Filling up the DagBag from /home/airflow/.local/lib/python3.7/site-packages/airflow/example_dags/tutorial_etl_dag.py
[2022-09-02T11:49:25.836+0000] {processor.py:650} INFO - DAG(s) dict_keys(['tutorial_etl_dag']) retrieved from /home/airflow/.local/lib/python3.7/site-packages/airflow/example_dags/tutorial_etl_dag.py
[2022-09-02T11:49:25.853+0000] {logging_mixin.py:115} INFO - [2022-09-02T11:49:25.853+0000] {dag.py:2429} INFO - Sync 1 DAGs
[2022-09-02T11:49:25.868+0000] {logging_mixin.py:115} INFO - [2022-09-02T11:49:25.868+0000] {dag.py:2981} INFO - Setting next_dagrun for tutorial_etl_dag to None, run_after=None
[2022-09-02T11:49:25.877+0000] {processor.py:161} INFO - Processing /home/airflow/.local/lib/python3.7/site-packages/airflow/example_dags/tutorial_etl_dag.py took 0.052 seconds
[2022-09-02T11:49:56.721+0000] {processor.py:153} INFO - Started process (PID=1166) to work on /home/airflow/.local/lib/python3.7/site-packages/airflow/example_dags/tutorial_etl_dag.py
[2022-09-02T11:49:56.723+0000] {processor.py:640} INFO - Processing file /home/airflow/.local/lib/python3.7/site-packages/airflow/example_dags/tutorial_etl_dag.py for tasks to queue
[2022-09-02T11:49:56.724+0000] {logging_mixin.py:115} INFO - [2022-09-02T11:49:56.724+0000] {dagbag.py:508} INFO - Filling up the DagBag from /home/airflow/.local/lib/python3.7/site-packages/airflow/example_dags/tutorial_etl_dag.py
[2022-09-02T11:49:56.729+0000] {processor.py:650} INFO - DAG(s) dict_keys(['tutorial_etl_dag']) retrieved from /home/airflow/.local/lib/python3.7/site-packages/airflow/example_dags/tutorial_etl_dag.py
[2022-09-02T11:49:56.750+0000] {logging_mixin.py:115} INFO - [2022-09-02T11:49:56.750+0000] {dag.py:2429} INFO - Sync 1 DAGs
[2022-09-02T11:49:56.763+0000] {logging_mixin.py:115} INFO - [2022-09-02T11:49:56.763+0000] {dag.py:2981} INFO - Setting next_dagrun for tutorial_etl_dag to None, run_after=None
[2022-09-02T11:49:56.773+0000] {processor.py:161} INFO - Processing /home/airflow/.local/lib/python3.7/site-packages/airflow/example_dags/tutorial_etl_dag.py took 0.054 seconds
[2022-09-02T11:50:27.509+0000] {processor.py:153} INFO - Started process (PID=1363) to work on /home/airflow/.local/lib/python3.7/site-packages/airflow/example_dags/tutorial_etl_dag.py
[2022-09-02T11:50:27.510+0000] {processor.py:640} INFO - Processing file /home/airflow/.local/lib/python3.7/site-packages/airflow/example_dags/tutorial_etl_dag.py for tasks to queue
[2022-09-02T11:50:27.511+0000] {logging_mixin.py:115} INFO - [2022-09-02T11:50:27.511+0000] {dagbag.py:508} INFO - Filling up the DagBag from /home/airflow/.local/lib/python3.7/site-packages/airflow/example_dags/tutorial_etl_dag.py
[2022-09-02T11:50:27.516+0000] {processor.py:650} INFO - DAG(s) dict_keys(['tutorial_etl_dag']) retrieved from /home/airflow/.local/lib/python3.7/site-packages/airflow/example_dags/tutorial_etl_dag.py
[2022-09-02T11:50:27.534+0000] {logging_mixin.py:115} INFO - [2022-09-02T11:50:27.534+0000] {dag.py:2429} INFO - Sync 1 DAGs
[2022-09-02T11:50:27.549+0000] {logging_mixin.py:115} INFO - [2022-09-02T11:50:27.549+0000] {dag.py:2981} INFO - Setting next_dagrun for tutorial_etl_dag to None, run_after=None
[2022-09-02T11:50:27.560+0000] {processor.py:161} INFO - Processing /home/airflow/.local/lib/python3.7/site-packages/airflow/example_dags/tutorial_etl_dag.py took 0.053 seconds
[2022-09-02T11:50:58.265+0000] {processor.py:153} INFO - Started process (PID=1562) to work on /home/airflow/.local/lib/python3.7/site-packages/airflow/example_dags/tutorial_etl_dag.py
[2022-09-02T11:50:58.268+0000] {processor.py:640} INFO - Processing file /home/airflow/.local/lib/python3.7/site-packages/airflow/example_dags/tutorial_etl_dag.py for tasks to queue
[2022-09-02T11:50:58.269+0000] {logging_mixin.py:115} INFO - [2022-09-02T11:50:58.269+0000] {dagbag.py:508} INFO - Filling up the DagBag from /home/airflow/.local/lib/python3.7/site-packages/airflow/example_dags/tutorial_etl_dag.py
[2022-09-02T11:50:58.275+0000] {processor.py:650} INFO - DAG(s) dict_keys(['tutorial_etl_dag']) retrieved from /home/airflow/.local/lib/python3.7/site-packages/airflow/example_dags/tutorial_etl_dag.py
[2022-09-02T11:50:58.294+0000] {logging_mixin.py:115} INFO - [2022-09-02T11:50:58.294+0000] {dag.py:2429} INFO - Sync 1 DAGs
[2022-09-02T11:50:58.307+0000] {logging_mixin.py:115} INFO - [2022-09-02T11:50:58.307+0000] {dag.py:2981} INFO - Setting next_dagrun for tutorial_etl_dag to None, run_after=None
[2022-09-02T11:50:58.316+0000] {processor.py:161} INFO - Processing /home/airflow/.local/lib/python3.7/site-packages/airflow/example_dags/tutorial_etl_dag.py took 0.053 seconds
[2022-09-02T11:51:29.016+0000] {processor.py:153} INFO - Started process (PID=1760) to work on /home/airflow/.local/lib/python3.7/site-packages/airflow/example_dags/tutorial_etl_dag.py
[2022-09-02T11:51:29.018+0000] {processor.py:640} INFO - Processing file /home/airflow/.local/lib/python3.7/site-packages/airflow/example_dags/tutorial_etl_dag.py for tasks to queue
[2022-09-02T11:51:29.019+0000] {logging_mixin.py:115} INFO - [2022-09-02T11:51:29.019+0000] {dagbag.py:508} INFO - Filling up the DagBag from /home/airflow/.local/lib/python3.7/site-packages/airflow/example_dags/tutorial_etl_dag.py
[2022-09-02T11:51:29.024+0000] {processor.py:650} INFO - DAG(s) dict_keys(['tutorial_etl_dag']) retrieved from /home/airflow/.local/lib/python3.7/site-packages/airflow/example_dags/tutorial_etl_dag.py
[2022-09-02T11:51:29.044+0000] {logging_mixin.py:115} INFO - [2022-09-02T11:51:29.044+0000] {dag.py:2429} INFO - Sync 1 DAGs
[2022-09-02T11:51:29.060+0000] {logging_mixin.py:115} INFO - [2022-09-02T11:51:29.060+0000] {dag.py:2981} INFO - Setting next_dagrun for tutorial_etl_dag to None, run_after=None
[2022-09-02T11:51:29.070+0000] {processor.py:161} INFO - Processing /home/airflow/.local/lib/python3.7/site-packages/airflow/example_dags/tutorial_etl_dag.py took 0.056 seconds
[2022-09-02T11:51:59.791+0000] {processor.py:153} INFO - Started process (PID=1957) to work on /home/airflow/.local/lib/python3.7/site-packages/airflow/example_dags/tutorial_etl_dag.py
[2022-09-02T11:51:59.794+0000] {processor.py:640} INFO - Processing file /home/airflow/.local/lib/python3.7/site-packages/airflow/example_dags/tutorial_etl_dag.py for tasks to queue
[2022-09-02T11:51:59.795+0000] {logging_mixin.py:115} INFO - [2022-09-02T11:51:59.795+0000] {dagbag.py:508} INFO - Filling up the DagBag from /home/airflow/.local/lib/python3.7/site-packages/airflow/example_dags/tutorial_etl_dag.py
[2022-09-02T11:51:59.800+0000] {processor.py:650} INFO - DAG(s) dict_keys(['tutorial_etl_dag']) retrieved from /home/airflow/.local/lib/python3.7/site-packages/airflow/example_dags/tutorial_etl_dag.py
[2022-09-02T11:51:59.818+0000] {logging_mixin.py:115} INFO - [2022-09-02T11:51:59.818+0000] {dag.py:2429} INFO - Sync 1 DAGs
[2022-09-02T11:51:59.834+0000] {logging_mixin.py:115} INFO - [2022-09-02T11:51:59.834+0000] {dag.py:2981} INFO - Setting next_dagrun for tutorial_etl_dag to None, run_after=None
[2022-09-02T11:51:59.845+0000] {processor.py:161} INFO - Processing /home/airflow/.local/lib/python3.7/site-packages/airflow/example_dags/tutorial_etl_dag.py took 0.057 seconds
[2022-09-02T11:52:30.818+0000] {processor.py:153} INFO - Started process (PID=2145) to work on /home/airflow/.local/lib/python3.7/site-packages/airflow/example_dags/tutorial_etl_dag.py
[2022-09-02T11:52:30.820+0000] {processor.py:640} INFO - Processing file /home/airflow/.local/lib/python3.7/site-packages/airflow/example_dags/tutorial_etl_dag.py for tasks to queue
[2022-09-02T11:52:30.821+0000] {logging_mixin.py:115} INFO - [2022-09-02T11:52:30.821+0000] {dagbag.py:508} INFO - Filling up the DagBag from /home/airflow/.local/lib/python3.7/site-packages/airflow/example_dags/tutorial_etl_dag.py
[2022-09-02T11:52:30.826+0000] {processor.py:650} INFO - DAG(s) dict_keys(['tutorial_etl_dag']) retrieved from /home/airflow/.local/lib/python3.7/site-packages/airflow/example_dags/tutorial_etl_dag.py
[2022-09-02T11:52:30.845+0000] {logging_mixin.py:115} INFO - [2022-09-02T11:52:30.844+0000] {dag.py:2429} INFO - Sync 1 DAGs
[2022-09-02T11:52:30.859+0000] {logging_mixin.py:115} INFO - [2022-09-02T11:52:30.859+0000] {dag.py:2981} INFO - Setting next_dagrun for tutorial_etl_dag to None, run_after=None
[2022-09-02T11:52:30.868+0000] {processor.py:161} INFO - Processing /home/airflow/.local/lib/python3.7/site-packages/airflow/example_dags/tutorial_etl_dag.py took 0.052 seconds
[2022-09-02T11:53:01.498+0000] {processor.py:153} INFO - Started process (PID=2345) to work on /home/airflow/.local/lib/python3.7/site-packages/airflow/example_dags/tutorial_etl_dag.py
[2022-09-02T11:53:01.500+0000] {processor.py:640} INFO - Processing file /home/airflow/.local/lib/python3.7/site-packages/airflow/example_dags/tutorial_etl_dag.py for tasks to queue
[2022-09-02T11:53:01.502+0000] {logging_mixin.py:115} INFO - [2022-09-02T11:53:01.502+0000] {dagbag.py:508} INFO - Filling up the DagBag from /home/airflow/.local/lib/python3.7/site-packages/airflow/example_dags/tutorial_etl_dag.py
[2022-09-02T11:53:01.507+0000] {processor.py:650} INFO - DAG(s) dict_keys(['tutorial_etl_dag']) retrieved from /home/airflow/.local/lib/python3.7/site-packages/airflow/example_dags/tutorial_etl_dag.py
[2022-09-02T11:53:01.526+0000] {logging_mixin.py:115} INFO - [2022-09-02T11:53:01.526+0000] {dag.py:2429} INFO - Sync 1 DAGs
[2022-09-02T11:53:01.540+0000] {logging_mixin.py:115} INFO - [2022-09-02T11:53:01.540+0000] {dag.py:2981} INFO - Setting next_dagrun for tutorial_etl_dag to None, run_after=None
[2022-09-02T11:53:01.549+0000] {processor.py:161} INFO - Processing /home/airflow/.local/lib/python3.7/site-packages/airflow/example_dags/tutorial_etl_dag.py took 0.053 seconds
[2022-09-02T11:53:32.280+0000] {processor.py:153} INFO - Started process (PID=2543) to work on /home/airflow/.local/lib/python3.7/site-packages/airflow/example_dags/tutorial_etl_dag.py
[2022-09-02T11:53:32.282+0000] {processor.py:640} INFO - Processing file /home/airflow/.local/lib/python3.7/site-packages/airflow/example_dags/tutorial_etl_dag.py for tasks to queue
[2022-09-02T11:53:32.284+0000] {logging_mixin.py:115} INFO - [2022-09-02T11:53:32.284+0000] {dagbag.py:508} INFO - Filling up the DagBag from /home/airflow/.local/lib/python3.7/site-packages/airflow/example_dags/tutorial_etl_dag.py
[2022-09-02T11:53:32.289+0000] {processor.py:650} INFO - DAG(s) dict_keys(['tutorial_etl_dag']) retrieved from /home/airflow/.local/lib/python3.7/site-packages/airflow/example_dags/tutorial_etl_dag.py
[2022-09-02T11:53:32.308+0000] {logging_mixin.py:115} INFO - [2022-09-02T11:53:32.308+0000] {dag.py:2429} INFO - Sync 1 DAGs
[2022-09-02T11:53:32.322+0000] {logging_mixin.py:115} INFO - [2022-09-02T11:53:32.322+0000] {dag.py:2981} INFO - Setting next_dagrun for tutorial_etl_dag to None, run_after=None
[2022-09-02T11:53:32.333+0000] {processor.py:161} INFO - Processing /home/airflow/.local/lib/python3.7/site-packages/airflow/example_dags/tutorial_etl_dag.py took 0.055 seconds
[2022-09-02T11:54:03.105+0000] {processor.py:153} INFO - Started process (PID=2738) to work on /home/airflow/.local/lib/python3.7/site-packages/airflow/example_dags/tutorial_etl_dag.py
[2022-09-02T11:54:03.108+0000] {processor.py:640} INFO - Processing file /home/airflow/.local/lib/python3.7/site-packages/airflow/example_dags/tutorial_etl_dag.py for tasks to queue
[2022-09-02T11:54:03.109+0000] {logging_mixin.py:115} INFO - [2022-09-02T11:54:03.109+0000] {dagbag.py:508} INFO - Filling up the DagBag from /home/airflow/.local/lib/python3.7/site-packages/airflow/example_dags/tutorial_etl_dag.py
[2022-09-02T11:54:03.116+0000] {processor.py:650} INFO - DAG(s) dict_keys(['tutorial_etl_dag']) retrieved from /home/airflow/.local/lib/python3.7/site-packages/airflow/example_dags/tutorial_etl_dag.py
[2022-09-02T11:54:03.135+0000] {logging_mixin.py:115} INFO - [2022-09-02T11:54:03.135+0000] {dag.py:2429} INFO - Sync 1 DAGs
[2022-09-02T11:54:03.154+0000] {logging_mixin.py:115} INFO - [2022-09-02T11:54:03.154+0000] {dag.py:2981} INFO - Setting next_dagrun for tutorial_etl_dag to None, run_after=None
[2022-09-02T11:54:03.165+0000] {processor.py:161} INFO - Processing /home/airflow/.local/lib/python3.7/site-packages/airflow/example_dags/tutorial_etl_dag.py took 0.062 seconds
[2022-09-02T11:54:33.897+0000] {processor.py:153} INFO - Started process (PID=2934) to work on /home/airflow/.local/lib/python3.7/site-packages/airflow/example_dags/tutorial_etl_dag.py
[2022-09-02T11:54:33.899+0000] {processor.py:640} INFO - Processing file /home/airflow/.local/lib/python3.7/site-packages/airflow/example_dags/tutorial_etl_dag.py for tasks to queue
[2022-09-02T11:54:33.901+0000] {logging_mixin.py:115} INFO - [2022-09-02T11:54:33.901+0000] {dagbag.py:508} INFO - Filling up the DagBag from /home/airflow/.local/lib/python3.7/site-packages/airflow/example_dags/tutorial_etl_dag.py
[2022-09-02T11:54:33.906+0000] {processor.py:650} INFO - DAG(s) dict_keys(['tutorial_etl_dag']) retrieved from /home/airflow/.local/lib/python3.7/site-packages/airflow/example_dags/tutorial_etl_dag.py
[2022-09-02T11:54:33.925+0000] {logging_mixin.py:115} INFO - [2022-09-02T11:54:33.924+0000] {dag.py:2429} INFO - Sync 1 DAGs
[2022-09-02T11:54:33.939+0000] {logging_mixin.py:115} INFO - [2022-09-02T11:54:33.939+0000] {dag.py:2981} INFO - Setting next_dagrun for tutorial_etl_dag to None, run_after=None
[2022-09-02T11:54:33.948+0000] {processor.py:161} INFO - Processing /home/airflow/.local/lib/python3.7/site-packages/airflow/example_dags/tutorial_etl_dag.py took 0.053 seconds
[2022-09-02T11:55:04.616+0000] {processor.py:153} INFO - Started process (PID=3132) to work on /home/airflow/.local/lib/python3.7/site-packages/airflow/example_dags/tutorial_etl_dag.py
[2022-09-02T11:55:04.618+0000] {processor.py:640} INFO - Processing file /home/airflow/.local/lib/python3.7/site-packages/airflow/example_dags/tutorial_etl_dag.py for tasks to queue
[2022-09-02T11:55:04.619+0000] {logging_mixin.py:115} INFO - [2022-09-02T11:55:04.619+0000] {dagbag.py:508} INFO - Filling up the DagBag from /home/airflow/.local/lib/python3.7/site-packages/airflow/example_dags/tutorial_etl_dag.py
[2022-09-02T11:55:04.624+0000] {processor.py:650} INFO - DAG(s) dict_keys(['tutorial_etl_dag']) retrieved from /home/airflow/.local/lib/python3.7/site-packages/airflow/example_dags/tutorial_etl_dag.py
[2022-09-02T11:55:04.643+0000] {logging_mixin.py:115} INFO - [2022-09-02T11:55:04.643+0000] {dag.py:2429} INFO - Sync 1 DAGs
[2022-09-02T11:55:04.658+0000] {logging_mixin.py:115} INFO - [2022-09-02T11:55:04.658+0000] {dag.py:2981} INFO - Setting next_dagrun for tutorial_etl_dag to None, run_after=None
[2022-09-02T11:55:04.668+0000] {processor.py:161} INFO - Processing /home/airflow/.local/lib/python3.7/site-packages/airflow/example_dags/tutorial_etl_dag.py took 0.055 seconds
[2022-09-02T11:55:35.493+0000] {processor.py:153} INFO - Started process (PID=3330) to work on /home/airflow/.local/lib/python3.7/site-packages/airflow/example_dags/tutorial_etl_dag.py
[2022-09-02T11:55:35.495+0000] {processor.py:640} INFO - Processing file /home/airflow/.local/lib/python3.7/site-packages/airflow/example_dags/tutorial_etl_dag.py for tasks to queue
[2022-09-02T11:55:35.497+0000] {logging_mixin.py:115} INFO - [2022-09-02T11:55:35.497+0000] {dagbag.py:508} INFO - Filling up the DagBag from /home/airflow/.local/lib/python3.7/site-packages/airflow/example_dags/tutorial_etl_dag.py
[2022-09-02T11:55:35.503+0000] {processor.py:650} INFO - DAG(s) dict_keys(['tutorial_etl_dag']) retrieved from /home/airflow/.local/lib/python3.7/site-packages/airflow/example_dags/tutorial_etl_dag.py
[2022-09-02T11:55:35.522+0000] {logging_mixin.py:115} INFO - [2022-09-02T11:55:35.522+0000] {dag.py:2429} INFO - Sync 1 DAGs
[2022-09-02T11:55:35.537+0000] {logging_mixin.py:115} INFO - [2022-09-02T11:55:35.537+0000] {dag.py:2981} INFO - Setting next_dagrun for tutorial_etl_dag to None, run_after=None
[2022-09-02T11:55:35.548+0000] {processor.py:161} INFO - Processing /home/airflow/.local/lib/python3.7/site-packages/airflow/example_dags/tutorial_etl_dag.py took 0.057 seconds
[2022-09-02T11:56:06.238+0000] {processor.py:153} INFO - Started process (PID=3517) to work on /home/airflow/.local/lib/python3.7/site-packages/airflow/example_dags/tutorial_etl_dag.py
[2022-09-02T11:56:06.239+0000] {processor.py:640} INFO - Processing file /home/airflow/.local/lib/python3.7/site-packages/airflow/example_dags/tutorial_etl_dag.py for tasks to queue
[2022-09-02T11:56:06.241+0000] {logging_mixin.py:115} INFO - [2022-09-02T11:56:06.241+0000] {dagbag.py:508} INFO - Filling up the DagBag from /home/airflow/.local/lib/python3.7/site-packages/airflow/example_dags/tutorial_etl_dag.py
[2022-09-02T11:56:06.247+0000] {processor.py:650} INFO - DAG(s) dict_keys(['tutorial_etl_dag']) retrieved from /home/airflow/.local/lib/python3.7/site-packages/airflow/example_dags/tutorial_etl_dag.py
[2022-09-02T11:56:06.265+0000] {logging_mixin.py:115} INFO - [2022-09-02T11:56:06.264+0000] {dag.py:2429} INFO - Sync 1 DAGs
[2022-09-02T11:56:06.281+0000] {logging_mixin.py:115} INFO - [2022-09-02T11:56:06.281+0000] {dag.py:2981} INFO - Setting next_dagrun for tutorial_etl_dag to None, run_after=None
[2022-09-02T11:56:06.291+0000] {processor.py:161} INFO - Processing /home/airflow/.local/lib/python3.7/site-packages/airflow/example_dags/tutorial_etl_dag.py took 0.056 seconds
[2022-09-02T11:56:37.179+0000] {processor.py:153} INFO - Started process (PID=3713) to work on /home/airflow/.local/lib/python3.7/site-packages/airflow/example_dags/tutorial_etl_dag.py
[2022-09-02T11:56:37.181+0000] {processor.py:640} INFO - Processing file /home/airflow/.local/lib/python3.7/site-packages/airflow/example_dags/tutorial_etl_dag.py for tasks to queue
[2022-09-02T11:56:37.182+0000] {logging_mixin.py:115} INFO - [2022-09-02T11:56:37.182+0000] {dagbag.py:508} INFO - Filling up the DagBag from /home/airflow/.local/lib/python3.7/site-packages/airflow/example_dags/tutorial_etl_dag.py
[2022-09-02T11:56:37.188+0000] {processor.py:650} INFO - DAG(s) dict_keys(['tutorial_etl_dag']) retrieved from /home/airflow/.local/lib/python3.7/site-packages/airflow/example_dags/tutorial_etl_dag.py
[2022-09-02T11:56:37.211+0000] {logging_mixin.py:115} INFO - [2022-09-02T11:56:37.211+0000] {dag.py:2429} INFO - Sync 1 DAGs
[2022-09-02T11:56:37.226+0000] {logging_mixin.py:115} INFO - [2022-09-02T11:56:37.226+0000] {dag.py:2981} INFO - Setting next_dagrun for tutorial_etl_dag to None, run_after=None
[2022-09-02T11:56:37.237+0000] {processor.py:161} INFO - Processing /home/airflow/.local/lib/python3.7/site-packages/airflow/example_dags/tutorial_etl_dag.py took 0.060 seconds
[2022-09-02T11:57:07.953+0000] {processor.py:153} INFO - Started process (PID=3910) to work on /home/airflow/.local/lib/python3.7/site-packages/airflow/example_dags/tutorial_etl_dag.py
[2022-09-02T11:57:07.955+0000] {processor.py:640} INFO - Processing file /home/airflow/.local/lib/python3.7/site-packages/airflow/example_dags/tutorial_etl_dag.py for tasks to queue
[2022-09-02T11:57:07.956+0000] {logging_mixin.py:115} INFO - [2022-09-02T11:57:07.956+0000] {dagbag.py:508} INFO - Filling up the DagBag from /home/airflow/.local/lib/python3.7/site-packages/airflow/example_dags/tutorial_etl_dag.py
[2022-09-02T11:57:07.961+0000] {processor.py:650} INFO - DAG(s) dict_keys(['tutorial_etl_dag']) retrieved from /home/airflow/.local/lib/python3.7/site-packages/airflow/example_dags/tutorial_etl_dag.py
[2022-09-02T11:57:07.980+0000] {logging_mixin.py:115} INFO - [2022-09-02T11:57:07.979+0000] {dag.py:2429} INFO - Sync 1 DAGs
[2022-09-02T11:57:07.994+0000] {logging_mixin.py:115} INFO - [2022-09-02T11:57:07.994+0000] {dag.py:2981} INFO - Setting next_dagrun for tutorial_etl_dag to None, run_after=None
[2022-09-02T11:57:08.003+0000] {processor.py:161} INFO - Processing /home/airflow/.local/lib/python3.7/site-packages/airflow/example_dags/tutorial_etl_dag.py took 0.052 seconds
[2022-09-02T11:57:38.813+0000] {processor.py:153} INFO - Started process (PID=4105) to work on /home/airflow/.local/lib/python3.7/site-packages/airflow/example_dags/tutorial_etl_dag.py
[2022-09-02T11:57:38.815+0000] {processor.py:640} INFO - Processing file /home/airflow/.local/lib/python3.7/site-packages/airflow/example_dags/tutorial_etl_dag.py for tasks to queue
[2022-09-02T11:57:38.816+0000] {logging_mixin.py:115} INFO - [2022-09-02T11:57:38.816+0000] {dagbag.py:508} INFO - Filling up the DagBag from /home/airflow/.local/lib/python3.7/site-packages/airflow/example_dags/tutorial_etl_dag.py
[2022-09-02T11:57:38.821+0000] {processor.py:650} INFO - DAG(s) dict_keys(['tutorial_etl_dag']) retrieved from /home/airflow/.local/lib/python3.7/site-packages/airflow/example_dags/tutorial_etl_dag.py
[2022-09-02T11:57:38.839+0000] {logging_mixin.py:115} INFO - [2022-09-02T11:57:38.839+0000] {dag.py:2429} INFO - Sync 1 DAGs
[2022-09-02T11:57:38.856+0000] {logging_mixin.py:115} INFO - [2022-09-02T11:57:38.856+0000] {dag.py:2981} INFO - Setting next_dagrun for tutorial_etl_dag to None, run_after=None
[2022-09-02T11:57:38.864+0000] {processor.py:161} INFO - Processing /home/airflow/.local/lib/python3.7/site-packages/airflow/example_dags/tutorial_etl_dag.py took 0.054 seconds
[2022-09-02T11:58:09.648+0000] {processor.py:153} INFO - Started process (PID=4302) to work on /home/airflow/.local/lib/python3.7/site-packages/airflow/example_dags/tutorial_etl_dag.py
[2022-09-02T11:58:09.651+0000] {processor.py:640} INFO - Processing file /home/airflow/.local/lib/python3.7/site-packages/airflow/example_dags/tutorial_etl_dag.py for tasks to queue
[2022-09-02T11:58:09.653+0000] {logging_mixin.py:115} INFO - [2022-09-02T11:58:09.653+0000] {dagbag.py:508} INFO - Filling up the DagBag from /home/airflow/.local/lib/python3.7/site-packages/airflow/example_dags/tutorial_etl_dag.py
[2022-09-02T11:58:09.659+0000] {processor.py:650} INFO - DAG(s) dict_keys(['tutorial_etl_dag']) retrieved from /home/airflow/.local/lib/python3.7/site-packages/airflow/example_dags/tutorial_etl_dag.py
[2022-09-02T11:58:09.678+0000] {logging_mixin.py:115} INFO - [2022-09-02T11:58:09.678+0000] {dag.py:2429} INFO - Sync 1 DAGs
[2022-09-02T11:58:09.696+0000] {logging_mixin.py:115} INFO - [2022-09-02T11:58:09.696+0000] {dag.py:2981} INFO - Setting next_dagrun for tutorial_etl_dag to None, run_after=None
[2022-09-02T11:58:09.703+0000] {processor.py:161} INFO - Processing /home/airflow/.local/lib/python3.7/site-packages/airflow/example_dags/tutorial_etl_dag.py took 0.058 seconds
[2022-09-02T11:58:40.488+0000] {processor.py:153} INFO - Started process (PID=4499) to work on /home/airflow/.local/lib/python3.7/site-packages/airflow/example_dags/tutorial_etl_dag.py
[2022-09-02T11:58:40.490+0000] {processor.py:640} INFO - Processing file /home/airflow/.local/lib/python3.7/site-packages/airflow/example_dags/tutorial_etl_dag.py for tasks to queue
[2022-09-02T11:58:40.491+0000] {logging_mixin.py:115} INFO - [2022-09-02T11:58:40.491+0000] {dagbag.py:508} INFO - Filling up the DagBag from /home/airflow/.local/lib/python3.7/site-packages/airflow/example_dags/tutorial_etl_dag.py
[2022-09-02T11:58:40.496+0000] {processor.py:650} INFO - DAG(s) dict_keys(['tutorial_etl_dag']) retrieved from /home/airflow/.local/lib/python3.7/site-packages/airflow/example_dags/tutorial_etl_dag.py
[2022-09-02T11:58:40.520+0000] {logging_mixin.py:115} INFO - [2022-09-02T11:58:40.520+0000] {dag.py:2429} INFO - Sync 1 DAGs
[2022-09-02T11:58:40.539+0000] {logging_mixin.py:115} INFO - [2022-09-02T11:58:40.539+0000] {dag.py:2981} INFO - Setting next_dagrun for tutorial_etl_dag to None, run_after=None
[2022-09-02T11:58:40.548+0000] {processor.py:161} INFO - Processing /home/airflow/.local/lib/python3.7/site-packages/airflow/example_dags/tutorial_etl_dag.py took 0.063 seconds
[2022-09-02T11:59:11.432+0000] {processor.py:153} INFO - Started process (PID=4687) to work on /home/airflow/.local/lib/python3.7/site-packages/airflow/example_dags/tutorial_etl_dag.py
[2022-09-02T11:59:11.434+0000] {processor.py:640} INFO - Processing file /home/airflow/.local/lib/python3.7/site-packages/airflow/example_dags/tutorial_etl_dag.py for tasks to queue
[2022-09-02T11:59:11.436+0000] {logging_mixin.py:115} INFO - [2022-09-02T11:59:11.435+0000] {dagbag.py:508} INFO - Filling up the DagBag from /home/airflow/.local/lib/python3.7/site-packages/airflow/example_dags/tutorial_etl_dag.py
[2022-09-02T11:59:11.442+0000] {processor.py:650} INFO - DAG(s) dict_keys(['tutorial_etl_dag']) retrieved from /home/airflow/.local/lib/python3.7/site-packages/airflow/example_dags/tutorial_etl_dag.py
[2022-09-02T11:59:11.462+0000] {logging_mixin.py:115} INFO - [2022-09-02T11:59:11.462+0000] {dag.py:2429} INFO - Sync 1 DAGs
[2022-09-02T11:59:11.479+0000] {logging_mixin.py:115} INFO - [2022-09-02T11:59:11.478+0000] {dag.py:2981} INFO - Setting next_dagrun for tutorial_etl_dag to None, run_after=None
[2022-09-02T11:59:11.487+0000] {processor.py:161} INFO - Processing /home/airflow/.local/lib/python3.7/site-packages/airflow/example_dags/tutorial_etl_dag.py took 0.058 seconds
[2022-09-02T11:59:42.195+0000] {processor.py:153} INFO - Started process (PID=4884) to work on /home/airflow/.local/lib/python3.7/site-packages/airflow/example_dags/tutorial_etl_dag.py
[2022-09-02T11:59:42.197+0000] {processor.py:640} INFO - Processing file /home/airflow/.local/lib/python3.7/site-packages/airflow/example_dags/tutorial_etl_dag.py for tasks to queue
[2022-09-02T11:59:42.199+0000] {logging_mixin.py:115} INFO - [2022-09-02T11:59:42.198+0000] {dagbag.py:508} INFO - Filling up the DagBag from /home/airflow/.local/lib/python3.7/site-packages/airflow/example_dags/tutorial_etl_dag.py
[2022-09-02T11:59:42.205+0000] {processor.py:650} INFO - DAG(s) dict_keys(['tutorial_etl_dag']) retrieved from /home/airflow/.local/lib/python3.7/site-packages/airflow/example_dags/tutorial_etl_dag.py
[2022-09-02T11:59:42.225+0000] {logging_mixin.py:115} INFO - [2022-09-02T11:59:42.225+0000] {dag.py:2429} INFO - Sync 1 DAGs
[2022-09-02T11:59:42.242+0000] {logging_mixin.py:115} INFO - [2022-09-02T11:59:42.242+0000] {dag.py:2981} INFO - Setting next_dagrun for tutorial_etl_dag to None, run_after=None
[2022-09-02T11:59:42.251+0000] {processor.py:161} INFO - Processing /home/airflow/.local/lib/python3.7/site-packages/airflow/example_dags/tutorial_etl_dag.py took 0.059 seconds
[2022-09-02T12:00:13.132+0000] {processor.py:153} INFO - Started process (PID=5081) to work on /home/airflow/.local/lib/python3.7/site-packages/airflow/example_dags/tutorial_etl_dag.py
[2022-09-02T12:00:13.135+0000] {processor.py:640} INFO - Processing file /home/airflow/.local/lib/python3.7/site-packages/airflow/example_dags/tutorial_etl_dag.py for tasks to queue
[2022-09-02T12:00:13.136+0000] {logging_mixin.py:115} INFO - [2022-09-02T12:00:13.136+0000] {dagbag.py:508} INFO - Filling up the DagBag from /home/airflow/.local/lib/python3.7/site-packages/airflow/example_dags/tutorial_etl_dag.py
[2022-09-02T12:00:13.141+0000] {processor.py:650} INFO - DAG(s) dict_keys(['tutorial_etl_dag']) retrieved from /home/airflow/.local/lib/python3.7/site-packages/airflow/example_dags/tutorial_etl_dag.py
[2022-09-02T12:00:13.160+0000] {logging_mixin.py:115} INFO - [2022-09-02T12:00:13.160+0000] {dag.py:2429} INFO - Sync 1 DAGs
[2022-09-02T12:00:13.176+0000] {logging_mixin.py:115} INFO - [2022-09-02T12:00:13.176+0000] {dag.py:2981} INFO - Setting next_dagrun for tutorial_etl_dag to None, run_after=None
[2022-09-02T12:00:13.184+0000] {processor.py:161} INFO - Processing /home/airflow/.local/lib/python3.7/site-packages/airflow/example_dags/tutorial_etl_dag.py took 0.055 seconds
[2022-09-02T12:00:43.934+0000] {processor.py:153} INFO - Started process (PID=5278) to work on /home/airflow/.local/lib/python3.7/site-packages/airflow/example_dags/tutorial_etl_dag.py
[2022-09-02T12:00:43.935+0000] {processor.py:640} INFO - Processing file /home/airflow/.local/lib/python3.7/site-packages/airflow/example_dags/tutorial_etl_dag.py for tasks to queue
[2022-09-02T12:00:43.937+0000] {logging_mixin.py:115} INFO - [2022-09-02T12:00:43.937+0000] {dagbag.py:508} INFO - Filling up the DagBag from /home/airflow/.local/lib/python3.7/site-packages/airflow/example_dags/tutorial_etl_dag.py
[2022-09-02T12:00:43.941+0000] {processor.py:650} INFO - DAG(s) dict_keys(['tutorial_etl_dag']) retrieved from /home/airflow/.local/lib/python3.7/site-packages/airflow/example_dags/tutorial_etl_dag.py
[2022-09-02T12:00:43.960+0000] {logging_mixin.py:115} INFO - [2022-09-02T12:00:43.960+0000] {dag.py:2429} INFO - Sync 1 DAGs
[2022-09-02T12:00:43.975+0000] {logging_mixin.py:115} INFO - [2022-09-02T12:00:43.975+0000] {dag.py:2981} INFO - Setting next_dagrun for tutorial_etl_dag to None, run_after=None
[2022-09-02T12:00:43.983+0000] {processor.py:161} INFO - Processing /home/airflow/.local/lib/python3.7/site-packages/airflow/example_dags/tutorial_etl_dag.py took 0.051 seconds
[2022-09-02T12:01:14.609+0000] {processor.py:153} INFO - Started process (PID=5475) to work on /home/airflow/.local/lib/python3.7/site-packages/airflow/example_dags/tutorial_etl_dag.py
[2022-09-02T12:01:14.611+0000] {processor.py:640} INFO - Processing file /home/airflow/.local/lib/python3.7/site-packages/airflow/example_dags/tutorial_etl_dag.py for tasks to queue
[2022-09-02T12:01:14.612+0000] {logging_mixin.py:115} INFO - [2022-09-02T12:01:14.612+0000] {dagbag.py:508} INFO - Filling up the DagBag from /home/airflow/.local/lib/python3.7/site-packages/airflow/example_dags/tutorial_etl_dag.py
[2022-09-02T12:01:14.618+0000] {processor.py:650} INFO - DAG(s) dict_keys(['tutorial_etl_dag']) retrieved from /home/airflow/.local/lib/python3.7/site-packages/airflow/example_dags/tutorial_etl_dag.py
[2022-09-02T12:01:14.636+0000] {logging_mixin.py:115} INFO - [2022-09-02T12:01:14.636+0000] {dag.py:2429} INFO - Sync 1 DAGs
[2022-09-02T12:01:14.651+0000] {logging_mixin.py:115} INFO - [2022-09-02T12:01:14.651+0000] {dag.py:2981} INFO - Setting next_dagrun for tutorial_etl_dag to None, run_after=None
[2022-09-02T12:01:14.659+0000] {processor.py:161} INFO - Processing /home/airflow/.local/lib/python3.7/site-packages/airflow/example_dags/tutorial_etl_dag.py took 0.052 seconds
[2022-09-02T12:01:45.317+0000] {processor.py:153} INFO - Started process (PID=5674) to work on /home/airflow/.local/lib/python3.7/site-packages/airflow/example_dags/tutorial_etl_dag.py
[2022-09-02T12:01:45.318+0000] {processor.py:640} INFO - Processing file /home/airflow/.local/lib/python3.7/site-packages/airflow/example_dags/tutorial_etl_dag.py for tasks to queue
[2022-09-02T12:01:45.320+0000] {logging_mixin.py:115} INFO - [2022-09-02T12:01:45.320+0000] {dagbag.py:508} INFO - Filling up the DagBag from /home/airflow/.local/lib/python3.7/site-packages/airflow/example_dags/tutorial_etl_dag.py
[2022-09-02T12:01:45.325+0000] {processor.py:650} INFO - DAG(s) dict_keys(['tutorial_etl_dag']) retrieved from /home/airflow/.local/lib/python3.7/site-packages/airflow/example_dags/tutorial_etl_dag.py
[2022-09-02T12:01:45.343+0000] {logging_mixin.py:115} INFO - [2022-09-02T12:01:45.343+0000] {dag.py:2429} INFO - Sync 1 DAGs
[2022-09-02T12:01:45.358+0000] {logging_mixin.py:115} INFO - [2022-09-02T12:01:45.358+0000] {dag.py:2981} INFO - Setting next_dagrun for tutorial_etl_dag to None, run_after=None
[2022-09-02T12:01:45.365+0000] {processor.py:161} INFO - Processing /home/airflow/.local/lib/python3.7/site-packages/airflow/example_dags/tutorial_etl_dag.py took 0.051 seconds
[2022-09-02T12:02:16.119+0000] {processor.py:153} INFO - Started process (PID=5889) to work on /home/airflow/.local/lib/python3.7/site-packages/airflow/example_dags/tutorial_etl_dag.py
[2022-09-02T12:02:16.121+0000] {processor.py:640} INFO - Processing file /home/airflow/.local/lib/python3.7/site-packages/airflow/example_dags/tutorial_etl_dag.py for tasks to queue
[2022-09-02T12:02:16.122+0000] {logging_mixin.py:115} INFO - [2022-09-02T12:02:16.122+0000] {dagbag.py:508} INFO - Filling up the DagBag from /home/airflow/.local/lib/python3.7/site-packages/airflow/example_dags/tutorial_etl_dag.py
[2022-09-02T12:02:16.127+0000] {processor.py:650} INFO - DAG(s) dict_keys(['tutorial_etl_dag']) retrieved from /home/airflow/.local/lib/python3.7/site-packages/airflow/example_dags/tutorial_etl_dag.py
[2022-09-02T12:02:16.144+0000] {logging_mixin.py:115} INFO - [2022-09-02T12:02:16.144+0000] {dag.py:2429} INFO - Sync 1 DAGs
[2022-09-02T12:02:16.160+0000] {logging_mixin.py:115} INFO - [2022-09-02T12:02:16.159+0000] {dag.py:2981} INFO - Setting next_dagrun for tutorial_etl_dag to None, run_after=None
[2022-09-02T12:02:16.168+0000] {processor.py:161} INFO - Processing /home/airflow/.local/lib/python3.7/site-packages/airflow/example_dags/tutorial_etl_dag.py took 0.053 seconds
[2022-09-02T12:02:47.112+0000] {processor.py:153} INFO - Started process (PID=6075) to work on /home/airflow/.local/lib/python3.7/site-packages/airflow/example_dags/tutorial_etl_dag.py
[2022-09-02T12:02:47.115+0000] {processor.py:640} INFO - Processing file /home/airflow/.local/lib/python3.7/site-packages/airflow/example_dags/tutorial_etl_dag.py for tasks to queue
[2022-09-02T12:02:47.116+0000] {logging_mixin.py:115} INFO - [2022-09-02T12:02:47.116+0000] {dagbag.py:508} INFO - Filling up the DagBag from /home/airflow/.local/lib/python3.7/site-packages/airflow/example_dags/tutorial_etl_dag.py
[2022-09-02T12:02:47.121+0000] {processor.py:650} INFO - DAG(s) dict_keys(['tutorial_etl_dag']) retrieved from /home/airflow/.local/lib/python3.7/site-packages/airflow/example_dags/tutorial_etl_dag.py
[2022-09-02T12:02:47.139+0000] {logging_mixin.py:115} INFO - [2022-09-02T12:02:47.139+0000] {dag.py:2429} INFO - Sync 1 DAGs
[2022-09-02T12:02:47.154+0000] {logging_mixin.py:115} INFO - [2022-09-02T12:02:47.154+0000] {dag.py:2981} INFO - Setting next_dagrun for tutorial_etl_dag to None, run_after=None
[2022-09-02T12:02:47.162+0000] {processor.py:161} INFO - Processing /home/airflow/.local/lib/python3.7/site-packages/airflow/example_dags/tutorial_etl_dag.py took 0.052 seconds
[2022-09-02T12:03:17.892+0000] {processor.py:153} INFO - Started process (PID=6272) to work on /home/airflow/.local/lib/python3.7/site-packages/airflow/example_dags/tutorial_etl_dag.py
[2022-09-02T12:03:17.893+0000] {processor.py:640} INFO - Processing file /home/airflow/.local/lib/python3.7/site-packages/airflow/example_dags/tutorial_etl_dag.py for tasks to queue
[2022-09-02T12:03:17.895+0000] {logging_mixin.py:115} INFO - [2022-09-02T12:03:17.895+0000] {dagbag.py:508} INFO - Filling up the DagBag from /home/airflow/.local/lib/python3.7/site-packages/airflow/example_dags/tutorial_etl_dag.py
[2022-09-02T12:03:17.900+0000] {processor.py:650} INFO - DAG(s) dict_keys(['tutorial_etl_dag']) retrieved from /home/airflow/.local/lib/python3.7/site-packages/airflow/example_dags/tutorial_etl_dag.py
[2022-09-02T12:03:17.926+0000] {logging_mixin.py:115} INFO - [2022-09-02T12:03:17.925+0000] {dag.py:2429} INFO - Sync 1 DAGs
[2022-09-02T12:03:17.941+0000] {logging_mixin.py:115} INFO - [2022-09-02T12:03:17.940+0000] {dag.py:2981} INFO - Setting next_dagrun for tutorial_etl_dag to None, run_after=None
[2022-09-02T12:03:17.948+0000] {processor.py:161} INFO - Processing /home/airflow/.local/lib/python3.7/site-packages/airflow/example_dags/tutorial_etl_dag.py took 0.059 seconds
[2022-09-02T12:03:48.679+0000] {processor.py:153} INFO - Started process (PID=6468) to work on /home/airflow/.local/lib/python3.7/site-packages/airflow/example_dags/tutorial_etl_dag.py
[2022-09-02T12:03:48.681+0000] {processor.py:640} INFO - Processing file /home/airflow/.local/lib/python3.7/site-packages/airflow/example_dags/tutorial_etl_dag.py for tasks to queue
[2022-09-02T12:03:48.682+0000] {logging_mixin.py:115} INFO - [2022-09-02T12:03:48.681+0000] {dagbag.py:508} INFO - Filling up the DagBag from /home/airflow/.local/lib/python3.7/site-packages/airflow/example_dags/tutorial_etl_dag.py
[2022-09-02T12:03:48.686+0000] {processor.py:650} INFO - DAG(s) dict_keys(['tutorial_etl_dag']) retrieved from /home/airflow/.local/lib/python3.7/site-packages/airflow/example_dags/tutorial_etl_dag.py
[2022-09-02T12:03:48.704+0000] {logging_mixin.py:115} INFO - [2022-09-02T12:03:48.704+0000] {dag.py:2429} INFO - Sync 1 DAGs
[2022-09-02T12:03:48.719+0000] {logging_mixin.py:115} INFO - [2022-09-02T12:03:48.719+0000] {dag.py:2981} INFO - Setting next_dagrun for tutorial_etl_dag to None, run_after=None
[2022-09-02T12:03:48.726+0000] {processor.py:161} INFO - Processing /home/airflow/.local/lib/python3.7/site-packages/airflow/example_dags/tutorial_etl_dag.py took 0.050 seconds
[2022-09-02T12:04:19.403+0000] {processor.py:153} INFO - Started process (PID=6666) to work on /home/airflow/.local/lib/python3.7/site-packages/airflow/example_dags/tutorial_etl_dag.py
[2022-09-02T12:04:19.405+0000] {processor.py:640} INFO - Processing file /home/airflow/.local/lib/python3.7/site-packages/airflow/example_dags/tutorial_etl_dag.py for tasks to queue
[2022-09-02T12:04:19.406+0000] {logging_mixin.py:115} INFO - [2022-09-02T12:04:19.406+0000] {dagbag.py:508} INFO - Filling up the DagBag from /home/airflow/.local/lib/python3.7/site-packages/airflow/example_dags/tutorial_etl_dag.py
[2022-09-02T12:04:19.412+0000] {processor.py:650} INFO - DAG(s) dict_keys(['tutorial_etl_dag']) retrieved from /home/airflow/.local/lib/python3.7/site-packages/airflow/example_dags/tutorial_etl_dag.py
[2022-09-02T12:04:19.432+0000] {logging_mixin.py:115} INFO - [2022-09-02T12:04:19.432+0000] {dag.py:2429} INFO - Sync 1 DAGs
[2022-09-02T12:04:19.448+0000] {logging_mixin.py:115} INFO - [2022-09-02T12:04:19.448+0000] {dag.py:2981} INFO - Setting next_dagrun for tutorial_etl_dag to None, run_after=None
[2022-09-02T12:04:19.456+0000] {processor.py:161} INFO - Processing /home/airflow/.local/lib/python3.7/site-packages/airflow/example_dags/tutorial_etl_dag.py took 0.055 seconds
[2022-09-02T12:04:50.190+0000] {processor.py:153} INFO - Started process (PID=6863) to work on /home/airflow/.local/lib/python3.7/site-packages/airflow/example_dags/tutorial_etl_dag.py
[2022-09-02T12:04:50.193+0000] {processor.py:640} INFO - Processing file /home/airflow/.local/lib/python3.7/site-packages/airflow/example_dags/tutorial_etl_dag.py for tasks to queue
[2022-09-02T12:04:50.194+0000] {logging_mixin.py:115} INFO - [2022-09-02T12:04:50.194+0000] {dagbag.py:508} INFO - Filling up the DagBag from /home/airflow/.local/lib/python3.7/site-packages/airflow/example_dags/tutorial_etl_dag.py
[2022-09-02T12:04:50.200+0000] {processor.py:650} INFO - DAG(s) dict_keys(['tutorial_etl_dag']) retrieved from /home/airflow/.local/lib/python3.7/site-packages/airflow/example_dags/tutorial_etl_dag.py
[2022-09-02T12:04:50.220+0000] {logging_mixin.py:115} INFO - [2022-09-02T12:04:50.220+0000] {dag.py:2429} INFO - Sync 1 DAGs
[2022-09-02T12:04:50.239+0000] {logging_mixin.py:115} INFO - [2022-09-02T12:04:50.239+0000] {dag.py:2981} INFO - Setting next_dagrun for tutorial_etl_dag to None, run_after=None
[2022-09-02T12:04:50.247+0000] {processor.py:161} INFO - Processing /home/airflow/.local/lib/python3.7/site-packages/airflow/example_dags/tutorial_etl_dag.py took 0.059 seconds
[2022-09-02T12:05:21.052+0000] {processor.py:153} INFO - Started process (PID=7063) to work on /home/airflow/.local/lib/python3.7/site-packages/airflow/example_dags/tutorial_etl_dag.py
[2022-09-02T12:05:21.054+0000] {processor.py:640} INFO - Processing file /home/airflow/.local/lib/python3.7/site-packages/airflow/example_dags/tutorial_etl_dag.py for tasks to queue
[2022-09-02T12:05:21.055+0000] {logging_mixin.py:115} INFO - [2022-09-02T12:05:21.055+0000] {dagbag.py:508} INFO - Filling up the DagBag from /home/airflow/.local/lib/python3.7/site-packages/airflow/example_dags/tutorial_etl_dag.py
[2022-09-02T12:05:21.063+0000] {processor.py:650} INFO - DAG(s) dict_keys(['tutorial_etl_dag']) retrieved from /home/airflow/.local/lib/python3.7/site-packages/airflow/example_dags/tutorial_etl_dag.py
[2022-09-02T12:05:21.093+0000] {logging_mixin.py:115} INFO - [2022-09-02T12:05:21.093+0000] {dag.py:2429} INFO - Sync 1 DAGs
[2022-09-02T12:05:21.115+0000] {logging_mixin.py:115} INFO - [2022-09-02T12:05:21.115+0000] {dag.py:2981} INFO - Setting next_dagrun for tutorial_etl_dag to None, run_after=None
[2022-09-02T12:05:21.125+0000] {processor.py:161} INFO - Processing /home/airflow/.local/lib/python3.7/site-packages/airflow/example_dags/tutorial_etl_dag.py took 0.076 seconds
[2022-09-02T12:05:51.801+0000] {processor.py:153} INFO - Started process (PID=7249) to work on /home/airflow/.local/lib/python3.7/site-packages/airflow/example_dags/tutorial_etl_dag.py
[2022-09-02T12:05:51.803+0000] {processor.py:640} INFO - Processing file /home/airflow/.local/lib/python3.7/site-packages/airflow/example_dags/tutorial_etl_dag.py for tasks to queue
[2022-09-02T12:05:51.804+0000] {logging_mixin.py:115} INFO - [2022-09-02T12:05:51.804+0000] {dagbag.py:508} INFO - Filling up the DagBag from /home/airflow/.local/lib/python3.7/site-packages/airflow/example_dags/tutorial_etl_dag.py
[2022-09-02T12:05:51.810+0000] {processor.py:650} INFO - DAG(s) dict_keys(['tutorial_etl_dag']) retrieved from /home/airflow/.local/lib/python3.7/site-packages/airflow/example_dags/tutorial_etl_dag.py
[2022-09-02T12:05:51.832+0000] {logging_mixin.py:115} INFO - [2022-09-02T12:05:51.832+0000] {dag.py:2429} INFO - Sync 1 DAGs
[2022-09-02T12:05:51.854+0000] {logging_mixin.py:115} INFO - [2022-09-02T12:05:51.854+0000] {dag.py:2981} INFO - Setting next_dagrun for tutorial_etl_dag to None, run_after=None
[2022-09-02T12:05:51.862+0000] {processor.py:161} INFO - Processing /home/airflow/.local/lib/python3.7/site-packages/airflow/example_dags/tutorial_etl_dag.py took 0.064 seconds
[2022-09-02T12:06:22.670+0000] {processor.py:153} INFO - Started process (PID=7447) to work on /home/airflow/.local/lib/python3.7/site-packages/airflow/example_dags/tutorial_etl_dag.py
[2022-09-02T12:06:22.672+0000] {processor.py:640} INFO - Processing file /home/airflow/.local/lib/python3.7/site-packages/airflow/example_dags/tutorial_etl_dag.py for tasks to queue
[2022-09-02T12:06:22.673+0000] {logging_mixin.py:115} INFO - [2022-09-02T12:06:22.673+0000] {dagbag.py:508} INFO - Filling up the DagBag from /home/airflow/.local/lib/python3.7/site-packages/airflow/example_dags/tutorial_etl_dag.py
[2022-09-02T12:06:22.678+0000] {processor.py:650} INFO - DAG(s) dict_keys(['tutorial_etl_dag']) retrieved from /home/airflow/.local/lib/python3.7/site-packages/airflow/example_dags/tutorial_etl_dag.py
[2022-09-02T12:06:22.697+0000] {logging_mixin.py:115} INFO - [2022-09-02T12:06:22.697+0000] {dag.py:2429} INFO - Sync 1 DAGs
[2022-09-02T12:06:22.713+0000] {logging_mixin.py:115} INFO - [2022-09-02T12:06:22.713+0000] {dag.py:2981} INFO - Setting next_dagrun for tutorial_etl_dag to None, run_after=None
[2022-09-02T12:06:22.721+0000] {processor.py:161} INFO - Processing /home/airflow/.local/lib/python3.7/site-packages/airflow/example_dags/tutorial_etl_dag.py took 0.054 seconds
[2022-09-02T12:06:53.464+0000] {processor.py:153} INFO - Started process (PID=7643) to work on /home/airflow/.local/lib/python3.7/site-packages/airflow/example_dags/tutorial_etl_dag.py
[2022-09-02T12:06:53.466+0000] {processor.py:640} INFO - Processing file /home/airflow/.local/lib/python3.7/site-packages/airflow/example_dags/tutorial_etl_dag.py for tasks to queue
[2022-09-02T12:06:53.468+0000] {logging_mixin.py:115} INFO - [2022-09-02T12:06:53.468+0000] {dagbag.py:508} INFO - Filling up the DagBag from /home/airflow/.local/lib/python3.7/site-packages/airflow/example_dags/tutorial_etl_dag.py
[2022-09-02T12:06:53.473+0000] {processor.py:650} INFO - DAG(s) dict_keys(['tutorial_etl_dag']) retrieved from /home/airflow/.local/lib/python3.7/site-packages/airflow/example_dags/tutorial_etl_dag.py
[2022-09-02T12:06:53.492+0000] {logging_mixin.py:115} INFO - [2022-09-02T12:06:53.492+0000] {dag.py:2429} INFO - Sync 1 DAGs
[2022-09-02T12:06:53.507+0000] {logging_mixin.py:115} INFO - [2022-09-02T12:06:53.507+0000] {dag.py:2981} INFO - Setting next_dagrun for tutorial_etl_dag to None, run_after=None
[2022-09-02T12:06:53.516+0000] {processor.py:161} INFO - Processing /home/airflow/.local/lib/python3.7/site-packages/airflow/example_dags/tutorial_etl_dag.py took 0.054 seconds
[2022-09-02T12:07:24.341+0000] {processor.py:153} INFO - Started process (PID=7840) to work on /home/airflow/.local/lib/python3.7/site-packages/airflow/example_dags/tutorial_etl_dag.py
[2022-09-02T12:07:24.343+0000] {processor.py:640} INFO - Processing file /home/airflow/.local/lib/python3.7/site-packages/airflow/example_dags/tutorial_etl_dag.py for tasks to queue
[2022-09-02T12:07:24.345+0000] {logging_mixin.py:115} INFO - [2022-09-02T12:07:24.344+0000] {dagbag.py:508} INFO - Filling up the DagBag from /home/airflow/.local/lib/python3.7/site-packages/airflow/example_dags/tutorial_etl_dag.py
[2022-09-02T12:07:24.350+0000] {processor.py:650} INFO - DAG(s) dict_keys(['tutorial_etl_dag']) retrieved from /home/airflow/.local/lib/python3.7/site-packages/airflow/example_dags/tutorial_etl_dag.py
[2022-09-02T12:07:24.371+0000] {logging_mixin.py:115} INFO - [2022-09-02T12:07:24.371+0000] {dag.py:2429} INFO - Sync 1 DAGs
[2022-09-02T12:07:24.389+0000] {logging_mixin.py:115} INFO - [2022-09-02T12:07:24.389+0000] {dag.py:2981} INFO - Setting next_dagrun for tutorial_etl_dag to None, run_after=None
[2022-09-02T12:07:24.433+0000] {processor.py:161} INFO - Processing /home/airflow/.local/lib/python3.7/site-packages/airflow/example_dags/tutorial_etl_dag.py took 0.095 seconds
[2022-09-02T12:07:55.362+0000] {processor.py:153} INFO - Started process (PID=8037) to work on /home/airflow/.local/lib/python3.7/site-packages/airflow/example_dags/tutorial_etl_dag.py
[2022-09-02T12:07:55.363+0000] {processor.py:640} INFO - Processing file /home/airflow/.local/lib/python3.7/site-packages/airflow/example_dags/tutorial_etl_dag.py for tasks to queue
[2022-09-02T12:07:55.365+0000] {logging_mixin.py:115} INFO - [2022-09-02T12:07:55.365+0000] {dagbag.py:508} INFO - Filling up the DagBag from /home/airflow/.local/lib/python3.7/site-packages/airflow/example_dags/tutorial_etl_dag.py
[2022-09-02T12:07:55.371+0000] {processor.py:650} INFO - DAG(s) dict_keys(['tutorial_etl_dag']) retrieved from /home/airflow/.local/lib/python3.7/site-packages/airflow/example_dags/tutorial_etl_dag.py
[2022-09-02T12:07:55.392+0000] {logging_mixin.py:115} INFO - [2022-09-02T12:07:55.392+0000] {dag.py:2429} INFO - Sync 1 DAGs
[2022-09-02T12:07:55.409+0000] {logging_mixin.py:115} INFO - [2022-09-02T12:07:55.409+0000] {dag.py:2981} INFO - Setting next_dagrun for tutorial_etl_dag to None, run_after=None
[2022-09-02T12:07:55.417+0000] {processor.py:161} INFO - Processing /home/airflow/.local/lib/python3.7/site-packages/airflow/example_dags/tutorial_etl_dag.py took 0.058 seconds
