[2022-09-02T11:47:25.244+0000] {processor.py:153} INFO - Started process (PID=265) to work on /home/airflow/.local/lib/python3.7/site-packages/airflow/example_dags/tutorial_taskflow_api_etl_virtualenv.py
[2022-09-02T11:47:25.246+0000] {processor.py:640} INFO - Processing file /home/airflow/.local/lib/python3.7/site-packages/airflow/example_dags/tutorial_taskflow_api_etl_virtualenv.py for tasks to queue
[2022-09-02T11:47:25.247+0000] {logging_mixin.py:115} INFO - [2022-09-02T11:47:25.247+0000] {dagbag.py:508} INFO - Filling up the DagBag from /home/airflow/.local/lib/python3.7/site-packages/airflow/example_dags/tutorial_taskflow_api_etl_virtualenv.py
[2022-09-02T11:47:25.258+0000] {processor.py:650} INFO - DAG(s) dict_keys(['tutorial_taskflow_api_etl_virtualenv']) retrieved from /home/airflow/.local/lib/python3.7/site-packages/airflow/example_dags/tutorial_taskflow_api_etl_virtualenv.py
[2022-09-02T11:47:25.315+0000] {logging_mixin.py:115} INFO - [2022-09-02T11:47:25.315+0000] {manager.py:508} INFO - Created Permission View: can edit on DAG:tutorial_taskflow_api_etl_virtualenv
[2022-09-02T11:47:25.323+0000] {logging_mixin.py:115} INFO - [2022-09-02T11:47:25.322+0000] {manager.py:508} INFO - Created Permission View: can delete on DAG:tutorial_taskflow_api_etl_virtualenv
[2022-09-02T11:47:25.328+0000] {logging_mixin.py:115} INFO - [2022-09-02T11:47:25.328+0000] {manager.py:508} INFO - Created Permission View: can read on DAG:tutorial_taskflow_api_etl_virtualenv
[2022-09-02T11:47:25.329+0000] {logging_mixin.py:115} INFO - [2022-09-02T11:47:25.329+0000] {dag.py:2429} INFO - Sync 1 DAGs
[2022-09-02T11:47:25.335+0000] {logging_mixin.py:115} INFO - [2022-09-02T11:47:25.335+0000] {dag.py:2448} INFO - Creating ORM DAG for tutorial_taskflow_api_etl_virtualenv
[2022-09-02T11:47:25.344+0000] {logging_mixin.py:115} INFO - [2022-09-02T11:47:25.344+0000] {dag.py:2981} INFO - Setting next_dagrun for tutorial_taskflow_api_etl_virtualenv to None, run_after=None
[2022-09-02T11:47:25.354+0000] {processor.py:161} INFO - Processing /home/airflow/.local/lib/python3.7/site-packages/airflow/example_dags/tutorial_taskflow_api_etl_virtualenv.py took 0.113 seconds
[2022-09-02T11:47:55.543+0000] {processor.py:153} INFO - Started process (PID=462) to work on /home/airflow/.local/lib/python3.7/site-packages/airflow/example_dags/tutorial_taskflow_api_etl_virtualenv.py
[2022-09-02T11:47:55.545+0000] {processor.py:640} INFO - Processing file /home/airflow/.local/lib/python3.7/site-packages/airflow/example_dags/tutorial_taskflow_api_etl_virtualenv.py for tasks to queue
[2022-09-02T11:47:55.547+0000] {logging_mixin.py:115} INFO - [2022-09-02T11:47:55.547+0000] {dagbag.py:508} INFO - Filling up the DagBag from /home/airflow/.local/lib/python3.7/site-packages/airflow/example_dags/tutorial_taskflow_api_etl_virtualenv.py
[2022-09-02T11:47:55.560+0000] {processor.py:650} INFO - DAG(s) dict_keys(['tutorial_taskflow_api_etl_virtualenv']) retrieved from /home/airflow/.local/lib/python3.7/site-packages/airflow/example_dags/tutorial_taskflow_api_etl_virtualenv.py
[2022-09-02T11:47:55.608+0000] {logging_mixin.py:115} INFO - [2022-09-02T11:47:55.608+0000] {dag.py:2429} INFO - Sync 1 DAGs
[2022-09-02T11:47:55.622+0000] {logging_mixin.py:115} INFO - [2022-09-02T11:47:55.622+0000] {dag.py:2981} INFO - Setting next_dagrun for tutorial_taskflow_api_etl_virtualenv to None, run_after=None
[2022-09-02T11:47:55.633+0000] {processor.py:161} INFO - Processing /home/airflow/.local/lib/python3.7/site-packages/airflow/example_dags/tutorial_taskflow_api_etl_virtualenv.py took 0.093 seconds
[2022-09-02T11:48:25.765+0000] {processor.py:153} INFO - Started process (PID=662) to work on /home/airflow/.local/lib/python3.7/site-packages/airflow/example_dags/tutorial_taskflow_api_etl_virtualenv.py
[2022-09-02T11:48:25.767+0000] {processor.py:640} INFO - Processing file /home/airflow/.local/lib/python3.7/site-packages/airflow/example_dags/tutorial_taskflow_api_etl_virtualenv.py for tasks to queue
[2022-09-02T11:48:25.768+0000] {logging_mixin.py:115} INFO - [2022-09-02T11:48:25.768+0000] {dagbag.py:508} INFO - Filling up the DagBag from /home/airflow/.local/lib/python3.7/site-packages/airflow/example_dags/tutorial_taskflow_api_etl_virtualenv.py
[2022-09-02T11:48:25.778+0000] {processor.py:650} INFO - DAG(s) dict_keys(['tutorial_taskflow_api_etl_virtualenv']) retrieved from /home/airflow/.local/lib/python3.7/site-packages/airflow/example_dags/tutorial_taskflow_api_etl_virtualenv.py
[2022-09-02T11:48:25.814+0000] {logging_mixin.py:115} INFO - [2022-09-02T11:48:25.814+0000] {dag.py:2429} INFO - Sync 1 DAGs
[2022-09-02T11:48:25.824+0000] {logging_mixin.py:115} INFO - [2022-09-02T11:48:25.824+0000] {dag.py:2981} INFO - Setting next_dagrun for tutorial_taskflow_api_etl_virtualenv to None, run_after=None
[2022-09-02T11:48:25.832+0000] {processor.py:161} INFO - Processing /home/airflow/.local/lib/python3.7/site-packages/airflow/example_dags/tutorial_taskflow_api_etl_virtualenv.py took 0.069 seconds
[2022-09-02T11:48:56.731+0000] {processor.py:153} INFO - Started process (PID=856) to work on /home/airflow/.local/lib/python3.7/site-packages/airflow/example_dags/tutorial_taskflow_api_etl_virtualenv.py
[2022-09-02T11:48:56.732+0000] {processor.py:640} INFO - Processing file /home/airflow/.local/lib/python3.7/site-packages/airflow/example_dags/tutorial_taskflow_api_etl_virtualenv.py for tasks to queue
[2022-09-02T11:48:56.733+0000] {logging_mixin.py:115} INFO - [2022-09-02T11:48:56.733+0000] {dagbag.py:508} INFO - Filling up the DagBag from /home/airflow/.local/lib/python3.7/site-packages/airflow/example_dags/tutorial_taskflow_api_etl_virtualenv.py
[2022-09-02T11:48:56.744+0000] {processor.py:650} INFO - DAG(s) dict_keys(['tutorial_taskflow_api_etl_virtualenv']) retrieved from /home/airflow/.local/lib/python3.7/site-packages/airflow/example_dags/tutorial_taskflow_api_etl_virtualenv.py
[2022-09-02T11:48:56.789+0000] {logging_mixin.py:115} INFO - [2022-09-02T11:48:56.789+0000] {dag.py:2429} INFO - Sync 1 DAGs
[2022-09-02T11:48:56.802+0000] {logging_mixin.py:115} INFO - [2022-09-02T11:48:56.802+0000] {dag.py:2981} INFO - Setting next_dagrun for tutorial_taskflow_api_etl_virtualenv to None, run_after=None
[2022-09-02T11:48:56.811+0000] {processor.py:161} INFO - Processing /home/airflow/.local/lib/python3.7/site-packages/airflow/example_dags/tutorial_taskflow_api_etl_virtualenv.py took 0.083 seconds
[2022-09-02T11:49:27.591+0000] {processor.py:153} INFO - Started process (PID=1053) to work on /home/airflow/.local/lib/python3.7/site-packages/airflow/example_dags/tutorial_taskflow_api_etl_virtualenv.py
[2022-09-02T11:49:27.593+0000] {processor.py:640} INFO - Processing file /home/airflow/.local/lib/python3.7/site-packages/airflow/example_dags/tutorial_taskflow_api_etl_virtualenv.py for tasks to queue
[2022-09-02T11:49:27.594+0000] {logging_mixin.py:115} INFO - [2022-09-02T11:49:27.594+0000] {dagbag.py:508} INFO - Filling up the DagBag from /home/airflow/.local/lib/python3.7/site-packages/airflow/example_dags/tutorial_taskflow_api_etl_virtualenv.py
[2022-09-02T11:49:27.604+0000] {processor.py:650} INFO - DAG(s) dict_keys(['tutorial_taskflow_api_etl_virtualenv']) retrieved from /home/airflow/.local/lib/python3.7/site-packages/airflow/example_dags/tutorial_taskflow_api_etl_virtualenv.py
[2022-09-02T11:49:27.622+0000] {logging_mixin.py:115} INFO - [2022-09-02T11:49:27.622+0000] {dag.py:2429} INFO - Sync 1 DAGs
[2022-09-02T11:49:27.640+0000] {logging_mixin.py:115} INFO - [2022-09-02T11:49:27.640+0000] {dag.py:2981} INFO - Setting next_dagrun for tutorial_taskflow_api_etl_virtualenv to None, run_after=None
[2022-09-02T11:49:27.651+0000] {processor.py:161} INFO - Processing /home/airflow/.local/lib/python3.7/site-packages/airflow/example_dags/tutorial_taskflow_api_etl_virtualenv.py took 0.062 seconds
[2022-09-02T11:49:58.439+0000] {processor.py:153} INFO - Started process (PID=1241) to work on /home/airflow/.local/lib/python3.7/site-packages/airflow/example_dags/tutorial_taskflow_api_etl_virtualenv.py
[2022-09-02T11:49:58.440+0000] {processor.py:640} INFO - Processing file /home/airflow/.local/lib/python3.7/site-packages/airflow/example_dags/tutorial_taskflow_api_etl_virtualenv.py for tasks to queue
[2022-09-02T11:49:58.443+0000] {logging_mixin.py:115} INFO - [2022-09-02T11:49:58.442+0000] {dagbag.py:508} INFO - Filling up the DagBag from /home/airflow/.local/lib/python3.7/site-packages/airflow/example_dags/tutorial_taskflow_api_etl_virtualenv.py
[2022-09-02T11:49:58.452+0000] {processor.py:650} INFO - DAG(s) dict_keys(['tutorial_taskflow_api_etl_virtualenv']) retrieved from /home/airflow/.local/lib/python3.7/site-packages/airflow/example_dags/tutorial_taskflow_api_etl_virtualenv.py
[2022-09-02T11:49:58.492+0000] {logging_mixin.py:115} INFO - [2022-09-02T11:49:58.492+0000] {dag.py:2429} INFO - Sync 1 DAGs
[2022-09-02T11:49:58.504+0000] {logging_mixin.py:115} INFO - [2022-09-02T11:49:58.504+0000] {dag.py:2981} INFO - Setting next_dagrun for tutorial_taskflow_api_etl_virtualenv to None, run_after=None
[2022-09-02T11:49:58.513+0000] {processor.py:161} INFO - Processing /home/airflow/.local/lib/python3.7/site-packages/airflow/example_dags/tutorial_taskflow_api_etl_virtualenv.py took 0.077 seconds
[2022-09-02T11:50:29.270+0000] {processor.py:153} INFO - Started process (PID=1438) to work on /home/airflow/.local/lib/python3.7/site-packages/airflow/example_dags/tutorial_taskflow_api_etl_virtualenv.py
[2022-09-02T11:50:29.272+0000] {processor.py:640} INFO - Processing file /home/airflow/.local/lib/python3.7/site-packages/airflow/example_dags/tutorial_taskflow_api_etl_virtualenv.py for tasks to queue
[2022-09-02T11:50:29.273+0000] {logging_mixin.py:115} INFO - [2022-09-02T11:50:29.273+0000] {dagbag.py:508} INFO - Filling up the DagBag from /home/airflow/.local/lib/python3.7/site-packages/airflow/example_dags/tutorial_taskflow_api_etl_virtualenv.py
[2022-09-02T11:50:29.282+0000] {processor.py:650} INFO - DAG(s) dict_keys(['tutorial_taskflow_api_etl_virtualenv']) retrieved from /home/airflow/.local/lib/python3.7/site-packages/airflow/example_dags/tutorial_taskflow_api_etl_virtualenv.py
[2022-09-02T11:50:29.323+0000] {logging_mixin.py:115} INFO - [2022-09-02T11:50:29.323+0000] {dag.py:2429} INFO - Sync 1 DAGs
[2022-09-02T11:50:29.334+0000] {logging_mixin.py:115} INFO - [2022-09-02T11:50:29.334+0000] {dag.py:2981} INFO - Setting next_dagrun for tutorial_taskflow_api_etl_virtualenv to None, run_after=None
[2022-09-02T11:50:29.344+0000] {processor.py:161} INFO - Processing /home/airflow/.local/lib/python3.7/site-packages/airflow/example_dags/tutorial_taskflow_api_etl_virtualenv.py took 0.075 seconds
[2022-09-02T11:50:59.982+0000] {processor.py:153} INFO - Started process (PID=1637) to work on /home/airflow/.local/lib/python3.7/site-packages/airflow/example_dags/tutorial_taskflow_api_etl_virtualenv.py
[2022-09-02T11:50:59.984+0000] {processor.py:640} INFO - Processing file /home/airflow/.local/lib/python3.7/site-packages/airflow/example_dags/tutorial_taskflow_api_etl_virtualenv.py for tasks to queue
[2022-09-02T11:50:59.985+0000] {logging_mixin.py:115} INFO - [2022-09-02T11:50:59.985+0000] {dagbag.py:508} INFO - Filling up the DagBag from /home/airflow/.local/lib/python3.7/site-packages/airflow/example_dags/tutorial_taskflow_api_etl_virtualenv.py
[2022-09-02T11:50:59.996+0000] {processor.py:650} INFO - DAG(s) dict_keys(['tutorial_taskflow_api_etl_virtualenv']) retrieved from /home/airflow/.local/lib/python3.7/site-packages/airflow/example_dags/tutorial_taskflow_api_etl_virtualenv.py
[2022-09-02T11:51:00.018+0000] {logging_mixin.py:115} INFO - [2022-09-02T11:51:00.018+0000] {dag.py:2429} INFO - Sync 1 DAGs
[2022-09-02T11:51:00.033+0000] {logging_mixin.py:115} INFO - [2022-09-02T11:51:00.033+0000] {dag.py:2981} INFO - Setting next_dagrun for tutorial_taskflow_api_etl_virtualenv to None, run_after=None
[2022-09-02T11:51:00.043+0000] {processor.py:161} INFO - Processing /home/airflow/.local/lib/python3.7/site-packages/airflow/example_dags/tutorial_taskflow_api_etl_virtualenv.py took 0.063 seconds
[2022-09-02T11:51:30.760+0000] {processor.py:153} INFO - Started process (PID=1835) to work on /home/airflow/.local/lib/python3.7/site-packages/airflow/example_dags/tutorial_taskflow_api_etl_virtualenv.py
[2022-09-02T11:51:30.764+0000] {processor.py:640} INFO - Processing file /home/airflow/.local/lib/python3.7/site-packages/airflow/example_dags/tutorial_taskflow_api_etl_virtualenv.py for tasks to queue
[2022-09-02T11:51:30.765+0000] {logging_mixin.py:115} INFO - [2022-09-02T11:51:30.765+0000] {dagbag.py:508} INFO - Filling up the DagBag from /home/airflow/.local/lib/python3.7/site-packages/airflow/example_dags/tutorial_taskflow_api_etl_virtualenv.py
[2022-09-02T11:51:30.775+0000] {processor.py:650} INFO - DAG(s) dict_keys(['tutorial_taskflow_api_etl_virtualenv']) retrieved from /home/airflow/.local/lib/python3.7/site-packages/airflow/example_dags/tutorial_taskflow_api_etl_virtualenv.py
[2022-09-02T11:51:30.815+0000] {logging_mixin.py:115} INFO - [2022-09-02T11:51:30.815+0000] {dag.py:2429} INFO - Sync 1 DAGs
[2022-09-02T11:51:30.827+0000] {logging_mixin.py:115} INFO - [2022-09-02T11:51:30.827+0000] {dag.py:2981} INFO - Setting next_dagrun for tutorial_taskflow_api_etl_virtualenv to None, run_after=None
[2022-09-02T11:51:30.838+0000] {processor.py:161} INFO - Processing /home/airflow/.local/lib/python3.7/site-packages/airflow/example_dags/tutorial_taskflow_api_etl_virtualenv.py took 0.080 seconds
[2022-09-02T11:52:01.651+0000] {processor.py:153} INFO - Started process (PID=2032) to work on /home/airflow/.local/lib/python3.7/site-packages/airflow/example_dags/tutorial_taskflow_api_etl_virtualenv.py
[2022-09-02T11:52:01.653+0000] {processor.py:640} INFO - Processing file /home/airflow/.local/lib/python3.7/site-packages/airflow/example_dags/tutorial_taskflow_api_etl_virtualenv.py for tasks to queue
[2022-09-02T11:52:01.654+0000] {logging_mixin.py:115} INFO - [2022-09-02T11:52:01.654+0000] {dagbag.py:508} INFO - Filling up the DagBag from /home/airflow/.local/lib/python3.7/site-packages/airflow/example_dags/tutorial_taskflow_api_etl_virtualenv.py
[2022-09-02T11:52:01.668+0000] {processor.py:650} INFO - DAG(s) dict_keys(['tutorial_taskflow_api_etl_virtualenv']) retrieved from /home/airflow/.local/lib/python3.7/site-packages/airflow/example_dags/tutorial_taskflow_api_etl_virtualenv.py
[2022-09-02T11:52:01.694+0000] {logging_mixin.py:115} INFO - [2022-09-02T11:52:01.694+0000] {dag.py:2429} INFO - Sync 1 DAGs
[2022-09-02T11:52:01.712+0000] {logging_mixin.py:115} INFO - [2022-09-02T11:52:01.712+0000] {dag.py:2981} INFO - Setting next_dagrun for tutorial_taskflow_api_etl_virtualenv to None, run_after=None
[2022-09-02T11:52:01.723+0000] {processor.py:161} INFO - Processing /home/airflow/.local/lib/python3.7/site-packages/airflow/example_dags/tutorial_taskflow_api_etl_virtualenv.py took 0.075 seconds
[2022-09-02T11:52:32.576+0000] {processor.py:153} INFO - Started process (PID=2229) to work on /home/airflow/.local/lib/python3.7/site-packages/airflow/example_dags/tutorial_taskflow_api_etl_virtualenv.py
[2022-09-02T11:52:32.578+0000] {processor.py:640} INFO - Processing file /home/airflow/.local/lib/python3.7/site-packages/airflow/example_dags/tutorial_taskflow_api_etl_virtualenv.py for tasks to queue
[2022-09-02T11:52:32.579+0000] {logging_mixin.py:115} INFO - [2022-09-02T11:52:32.579+0000] {dagbag.py:508} INFO - Filling up the DagBag from /home/airflow/.local/lib/python3.7/site-packages/airflow/example_dags/tutorial_taskflow_api_etl_virtualenv.py
[2022-09-02T11:52:32.591+0000] {processor.py:650} INFO - DAG(s) dict_keys(['tutorial_taskflow_api_etl_virtualenv']) retrieved from /home/airflow/.local/lib/python3.7/site-packages/airflow/example_dags/tutorial_taskflow_api_etl_virtualenv.py
[2022-09-02T11:52:32.638+0000] {logging_mixin.py:115} INFO - [2022-09-02T11:52:32.638+0000] {dag.py:2429} INFO - Sync 1 DAGs
[2022-09-02T11:52:32.650+0000] {logging_mixin.py:115} INFO - [2022-09-02T11:52:32.650+0000] {dag.py:2981} INFO - Setting next_dagrun for tutorial_taskflow_api_etl_virtualenv to None, run_after=None
[2022-09-02T11:52:32.659+0000] {processor.py:161} INFO - Processing /home/airflow/.local/lib/python3.7/site-packages/airflow/example_dags/tutorial_taskflow_api_etl_virtualenv.py took 0.086 seconds
[2022-09-02T11:53:03.256+0000] {processor.py:153} INFO - Started process (PID=2420) to work on /home/airflow/.local/lib/python3.7/site-packages/airflow/example_dags/tutorial_taskflow_api_etl_virtualenv.py
[2022-09-02T11:53:03.259+0000] {processor.py:640} INFO - Processing file /home/airflow/.local/lib/python3.7/site-packages/airflow/example_dags/tutorial_taskflow_api_etl_virtualenv.py for tasks to queue
[2022-09-02T11:53:03.263+0000] {logging_mixin.py:115} INFO - [2022-09-02T11:53:03.262+0000] {dagbag.py:508} INFO - Filling up the DagBag from /home/airflow/.local/lib/python3.7/site-packages/airflow/example_dags/tutorial_taskflow_api_etl_virtualenv.py
[2022-09-02T11:53:03.273+0000] {processor.py:650} INFO - DAG(s) dict_keys(['tutorial_taskflow_api_etl_virtualenv']) retrieved from /home/airflow/.local/lib/python3.7/site-packages/airflow/example_dags/tutorial_taskflow_api_etl_virtualenv.py
[2022-09-02T11:53:03.317+0000] {logging_mixin.py:115} INFO - [2022-09-02T11:53:03.317+0000] {dag.py:2429} INFO - Sync 1 DAGs
[2022-09-02T11:53:03.330+0000] {logging_mixin.py:115} INFO - [2022-09-02T11:53:03.330+0000] {dag.py:2981} INFO - Setting next_dagrun for tutorial_taskflow_api_etl_virtualenv to None, run_after=None
[2022-09-02T11:53:03.341+0000] {processor.py:161} INFO - Processing /home/airflow/.local/lib/python3.7/site-packages/airflow/example_dags/tutorial_taskflow_api_etl_virtualenv.py took 0.088 seconds
[2022-09-02T11:53:34.075+0000] {processor.py:153} INFO - Started process (PID=2616) to work on /home/airflow/.local/lib/python3.7/site-packages/airflow/example_dags/tutorial_taskflow_api_etl_virtualenv.py
[2022-09-02T11:53:34.077+0000] {processor.py:640} INFO - Processing file /home/airflow/.local/lib/python3.7/site-packages/airflow/example_dags/tutorial_taskflow_api_etl_virtualenv.py for tasks to queue
[2022-09-02T11:53:34.079+0000] {logging_mixin.py:115} INFO - [2022-09-02T11:53:34.078+0000] {dagbag.py:508} INFO - Filling up the DagBag from /home/airflow/.local/lib/python3.7/site-packages/airflow/example_dags/tutorial_taskflow_api_etl_virtualenv.py
[2022-09-02T11:53:34.089+0000] {processor.py:650} INFO - DAG(s) dict_keys(['tutorial_taskflow_api_etl_virtualenv']) retrieved from /home/airflow/.local/lib/python3.7/site-packages/airflow/example_dags/tutorial_taskflow_api_etl_virtualenv.py
[2022-09-02T11:53:34.108+0000] {logging_mixin.py:115} INFO - [2022-09-02T11:53:34.108+0000] {dag.py:2429} INFO - Sync 1 DAGs
[2022-09-02T11:53:34.125+0000] {logging_mixin.py:115} INFO - [2022-09-02T11:53:34.125+0000] {dag.py:2981} INFO - Setting next_dagrun for tutorial_taskflow_api_etl_virtualenv to None, run_after=None
[2022-09-02T11:53:34.138+0000] {processor.py:161} INFO - Processing /home/airflow/.local/lib/python3.7/site-packages/airflow/example_dags/tutorial_taskflow_api_etl_virtualenv.py took 0.065 seconds
[2022-09-02T11:54:04.843+0000] {processor.py:153} INFO - Started process (PID=2813) to work on /home/airflow/.local/lib/python3.7/site-packages/airflow/example_dags/tutorial_taskflow_api_etl_virtualenv.py
[2022-09-02T11:54:04.845+0000] {processor.py:640} INFO - Processing file /home/airflow/.local/lib/python3.7/site-packages/airflow/example_dags/tutorial_taskflow_api_etl_virtualenv.py for tasks to queue
[2022-09-02T11:54:04.847+0000] {logging_mixin.py:115} INFO - [2022-09-02T11:54:04.847+0000] {dagbag.py:508} INFO - Filling up the DagBag from /home/airflow/.local/lib/python3.7/site-packages/airflow/example_dags/tutorial_taskflow_api_etl_virtualenv.py
[2022-09-02T11:54:04.859+0000] {processor.py:650} INFO - DAG(s) dict_keys(['tutorial_taskflow_api_etl_virtualenv']) retrieved from /home/airflow/.local/lib/python3.7/site-packages/airflow/example_dags/tutorial_taskflow_api_etl_virtualenv.py
[2022-09-02T11:54:04.920+0000] {logging_mixin.py:115} INFO - [2022-09-02T11:54:04.920+0000] {dag.py:2429} INFO - Sync 1 DAGs
[2022-09-02T11:54:04.933+0000] {logging_mixin.py:115} INFO - [2022-09-02T11:54:04.933+0000] {dag.py:2981} INFO - Setting next_dagrun for tutorial_taskflow_api_etl_virtualenv to None, run_after=None
[2022-09-02T11:54:04.942+0000] {processor.py:161} INFO - Processing /home/airflow/.local/lib/python3.7/site-packages/airflow/example_dags/tutorial_taskflow_api_etl_virtualenv.py took 0.101 seconds
[2022-09-02T11:54:35.633+0000] {processor.py:153} INFO - Started process (PID=3009) to work on /home/airflow/.local/lib/python3.7/site-packages/airflow/example_dags/tutorial_taskflow_api_etl_virtualenv.py
[2022-09-02T11:54:35.634+0000] {processor.py:640} INFO - Processing file /home/airflow/.local/lib/python3.7/site-packages/airflow/example_dags/tutorial_taskflow_api_etl_virtualenv.py for tasks to queue
[2022-09-02T11:54:35.635+0000] {logging_mixin.py:115} INFO - [2022-09-02T11:54:35.635+0000] {dagbag.py:508} INFO - Filling up the DagBag from /home/airflow/.local/lib/python3.7/site-packages/airflow/example_dags/tutorial_taskflow_api_etl_virtualenv.py
[2022-09-02T11:54:35.645+0000] {processor.py:650} INFO - DAG(s) dict_keys(['tutorial_taskflow_api_etl_virtualenv']) retrieved from /home/airflow/.local/lib/python3.7/site-packages/airflow/example_dags/tutorial_taskflow_api_etl_virtualenv.py
[2022-09-02T11:54:35.685+0000] {logging_mixin.py:115} INFO - [2022-09-02T11:54:35.685+0000] {dag.py:2429} INFO - Sync 1 DAGs
[2022-09-02T11:54:35.698+0000] {logging_mixin.py:115} INFO - [2022-09-02T11:54:35.698+0000] {dag.py:2981} INFO - Setting next_dagrun for tutorial_taskflow_api_etl_virtualenv to None, run_after=None
[2022-09-02T11:54:35.709+0000] {processor.py:161} INFO - Processing /home/airflow/.local/lib/python3.7/site-packages/airflow/example_dags/tutorial_taskflow_api_etl_virtualenv.py took 0.078 seconds
[2022-09-02T11:55:06.422+0000] {processor.py:153} INFO - Started process (PID=3207) to work on /home/airflow/.local/lib/python3.7/site-packages/airflow/example_dags/tutorial_taskflow_api_etl_virtualenv.py
[2022-09-02T11:55:06.423+0000] {processor.py:640} INFO - Processing file /home/airflow/.local/lib/python3.7/site-packages/airflow/example_dags/tutorial_taskflow_api_etl_virtualenv.py for tasks to queue
[2022-09-02T11:55:06.425+0000] {logging_mixin.py:115} INFO - [2022-09-02T11:55:06.425+0000] {dagbag.py:508} INFO - Filling up the DagBag from /home/airflow/.local/lib/python3.7/site-packages/airflow/example_dags/tutorial_taskflow_api_etl_virtualenv.py
[2022-09-02T11:55:06.435+0000] {processor.py:650} INFO - DAG(s) dict_keys(['tutorial_taskflow_api_etl_virtualenv']) retrieved from /home/airflow/.local/lib/python3.7/site-packages/airflow/example_dags/tutorial_taskflow_api_etl_virtualenv.py
[2022-09-02T11:55:06.483+0000] {logging_mixin.py:115} INFO - [2022-09-02T11:55:06.483+0000] {dag.py:2429} INFO - Sync 1 DAGs
[2022-09-02T11:55:06.496+0000] {logging_mixin.py:115} INFO - [2022-09-02T11:55:06.496+0000] {dag.py:2981} INFO - Setting next_dagrun for tutorial_taskflow_api_etl_virtualenv to None, run_after=None
[2022-09-02T11:55:06.505+0000] {processor.py:161} INFO - Processing /home/airflow/.local/lib/python3.7/site-packages/airflow/example_dags/tutorial_taskflow_api_etl_virtualenv.py took 0.085 seconds
[2022-09-02T11:55:37.222+0000] {processor.py:153} INFO - Started process (PID=3405) to work on /home/airflow/.local/lib/python3.7/site-packages/airflow/example_dags/tutorial_taskflow_api_etl_virtualenv.py
[2022-09-02T11:55:37.224+0000] {processor.py:640} INFO - Processing file /home/airflow/.local/lib/python3.7/site-packages/airflow/example_dags/tutorial_taskflow_api_etl_virtualenv.py for tasks to queue
[2022-09-02T11:55:37.225+0000] {logging_mixin.py:115} INFO - [2022-09-02T11:55:37.225+0000] {dagbag.py:508} INFO - Filling up the DagBag from /home/airflow/.local/lib/python3.7/site-packages/airflow/example_dags/tutorial_taskflow_api_etl_virtualenv.py
[2022-09-02T11:55:37.236+0000] {processor.py:650} INFO - DAG(s) dict_keys(['tutorial_taskflow_api_etl_virtualenv']) retrieved from /home/airflow/.local/lib/python3.7/site-packages/airflow/example_dags/tutorial_taskflow_api_etl_virtualenv.py
[2022-09-02T11:55:37.278+0000] {logging_mixin.py:115} INFO - [2022-09-02T11:55:37.278+0000] {dag.py:2429} INFO - Sync 1 DAGs
[2022-09-02T11:55:37.291+0000] {logging_mixin.py:115} INFO - [2022-09-02T11:55:37.291+0000] {dag.py:2981} INFO - Setting next_dagrun for tutorial_taskflow_api_etl_virtualenv to None, run_after=None
[2022-09-02T11:55:37.299+0000] {processor.py:161} INFO - Processing /home/airflow/.local/lib/python3.7/site-packages/airflow/example_dags/tutorial_taskflow_api_etl_virtualenv.py took 0.079 seconds
[2022-09-02T11:56:08.034+0000] {processor.py:153} INFO - Started process (PID=3601) to work on /home/airflow/.local/lib/python3.7/site-packages/airflow/example_dags/tutorial_taskflow_api_etl_virtualenv.py
[2022-09-02T11:56:08.036+0000] {processor.py:640} INFO - Processing file /home/airflow/.local/lib/python3.7/site-packages/airflow/example_dags/tutorial_taskflow_api_etl_virtualenv.py for tasks to queue
[2022-09-02T11:56:08.038+0000] {logging_mixin.py:115} INFO - [2022-09-02T11:56:08.037+0000] {dagbag.py:508} INFO - Filling up the DagBag from /home/airflow/.local/lib/python3.7/site-packages/airflow/example_dags/tutorial_taskflow_api_etl_virtualenv.py
[2022-09-02T11:56:08.054+0000] {processor.py:650} INFO - DAG(s) dict_keys(['tutorial_taskflow_api_etl_virtualenv']) retrieved from /home/airflow/.local/lib/python3.7/site-packages/airflow/example_dags/tutorial_taskflow_api_etl_virtualenv.py
[2022-09-02T11:56:08.119+0000] {logging_mixin.py:115} INFO - [2022-09-02T11:56:08.118+0000] {dag.py:2429} INFO - Sync 1 DAGs
[2022-09-02T11:56:08.134+0000] {logging_mixin.py:115} INFO - [2022-09-02T11:56:08.134+0000] {dag.py:2981} INFO - Setting next_dagrun for tutorial_taskflow_api_etl_virtualenv to None, run_after=None
[2022-09-02T11:56:08.144+0000] {processor.py:161} INFO - Processing /home/airflow/.local/lib/python3.7/site-packages/airflow/example_dags/tutorial_taskflow_api_etl_virtualenv.py took 0.113 seconds
[2022-09-02T11:56:38.919+0000] {processor.py:153} INFO - Started process (PID=3788) to work on /home/airflow/.local/lib/python3.7/site-packages/airflow/example_dags/tutorial_taskflow_api_etl_virtualenv.py
[2022-09-02T11:56:38.921+0000] {processor.py:640} INFO - Processing file /home/airflow/.local/lib/python3.7/site-packages/airflow/example_dags/tutorial_taskflow_api_etl_virtualenv.py for tasks to queue
[2022-09-02T11:56:38.922+0000] {logging_mixin.py:115} INFO - [2022-09-02T11:56:38.922+0000] {dagbag.py:508} INFO - Filling up the DagBag from /home/airflow/.local/lib/python3.7/site-packages/airflow/example_dags/tutorial_taskflow_api_etl_virtualenv.py
[2022-09-02T11:56:38.933+0000] {processor.py:650} INFO - DAG(s) dict_keys(['tutorial_taskflow_api_etl_virtualenv']) retrieved from /home/airflow/.local/lib/python3.7/site-packages/airflow/example_dags/tutorial_taskflow_api_etl_virtualenv.py
[2022-09-02T11:56:38.974+0000] {logging_mixin.py:115} INFO - [2022-09-02T11:56:38.974+0000] {dag.py:2429} INFO - Sync 1 DAGs
[2022-09-02T11:56:38.986+0000] {logging_mixin.py:115} INFO - [2022-09-02T11:56:38.986+0000] {dag.py:2981} INFO - Setting next_dagrun for tutorial_taskflow_api_etl_virtualenv to None, run_after=None
[2022-09-02T11:56:38.996+0000] {processor.py:161} INFO - Processing /home/airflow/.local/lib/python3.7/site-packages/airflow/example_dags/tutorial_taskflow_api_etl_virtualenv.py took 0.080 seconds
[2022-09-02T11:57:09.668+0000] {processor.py:153} INFO - Started process (PID=3985) to work on /home/airflow/.local/lib/python3.7/site-packages/airflow/example_dags/tutorial_taskflow_api_etl_virtualenv.py
[2022-09-02T11:57:09.671+0000] {processor.py:640} INFO - Processing file /home/airflow/.local/lib/python3.7/site-packages/airflow/example_dags/tutorial_taskflow_api_etl_virtualenv.py for tasks to queue
[2022-09-02T11:57:09.672+0000] {logging_mixin.py:115} INFO - [2022-09-02T11:57:09.672+0000] {dagbag.py:508} INFO - Filling up the DagBag from /home/airflow/.local/lib/python3.7/site-packages/airflow/example_dags/tutorial_taskflow_api_etl_virtualenv.py
[2022-09-02T11:57:09.682+0000] {processor.py:650} INFO - DAG(s) dict_keys(['tutorial_taskflow_api_etl_virtualenv']) retrieved from /home/airflow/.local/lib/python3.7/site-packages/airflow/example_dags/tutorial_taskflow_api_etl_virtualenv.py
[2022-09-02T11:57:09.725+0000] {logging_mixin.py:115} INFO - [2022-09-02T11:57:09.724+0000] {dag.py:2429} INFO - Sync 1 DAGs
[2022-09-02T11:57:09.738+0000] {logging_mixin.py:115} INFO - [2022-09-02T11:57:09.738+0000] {dag.py:2981} INFO - Setting next_dagrun for tutorial_taskflow_api_etl_virtualenv to None, run_after=None
[2022-09-02T11:57:09.748+0000] {processor.py:161} INFO - Processing /home/airflow/.local/lib/python3.7/site-packages/airflow/example_dags/tutorial_taskflow_api_etl_virtualenv.py took 0.081 seconds
[2022-09-02T11:57:40.582+0000] {processor.py:153} INFO - Started process (PID=4180) to work on /home/airflow/.local/lib/python3.7/site-packages/airflow/example_dags/tutorial_taskflow_api_etl_virtualenv.py
[2022-09-02T11:57:40.584+0000] {processor.py:640} INFO - Processing file /home/airflow/.local/lib/python3.7/site-packages/airflow/example_dags/tutorial_taskflow_api_etl_virtualenv.py for tasks to queue
[2022-09-02T11:57:40.585+0000] {logging_mixin.py:115} INFO - [2022-09-02T11:57:40.585+0000] {dagbag.py:508} INFO - Filling up the DagBag from /home/airflow/.local/lib/python3.7/site-packages/airflow/example_dags/tutorial_taskflow_api_etl_virtualenv.py
[2022-09-02T11:57:40.595+0000] {processor.py:650} INFO - DAG(s) dict_keys(['tutorial_taskflow_api_etl_virtualenv']) retrieved from /home/airflow/.local/lib/python3.7/site-packages/airflow/example_dags/tutorial_taskflow_api_etl_virtualenv.py
[2022-09-02T11:57:40.637+0000] {logging_mixin.py:115} INFO - [2022-09-02T11:57:40.637+0000] {dag.py:2429} INFO - Sync 1 DAGs
[2022-09-02T11:57:40.649+0000] {logging_mixin.py:115} INFO - [2022-09-02T11:57:40.649+0000] {dag.py:2981} INFO - Setting next_dagrun for tutorial_taskflow_api_etl_virtualenv to None, run_after=None
[2022-09-02T11:57:40.657+0000] {processor.py:161} INFO - Processing /home/airflow/.local/lib/python3.7/site-packages/airflow/example_dags/tutorial_taskflow_api_etl_virtualenv.py took 0.077 seconds
[2022-09-02T11:58:11.471+0000] {processor.py:153} INFO - Started process (PID=4379) to work on /home/airflow/.local/lib/python3.7/site-packages/airflow/example_dags/tutorial_taskflow_api_etl_virtualenv.py
[2022-09-02T11:58:11.473+0000] {processor.py:640} INFO - Processing file /home/airflow/.local/lib/python3.7/site-packages/airflow/example_dags/tutorial_taskflow_api_etl_virtualenv.py for tasks to queue
[2022-09-02T11:58:11.475+0000] {logging_mixin.py:115} INFO - [2022-09-02T11:58:11.475+0000] {dagbag.py:508} INFO - Filling up the DagBag from /home/airflow/.local/lib/python3.7/site-packages/airflow/example_dags/tutorial_taskflow_api_etl_virtualenv.py
[2022-09-02T11:58:11.491+0000] {processor.py:650} INFO - DAG(s) dict_keys(['tutorial_taskflow_api_etl_virtualenv']) retrieved from /home/airflow/.local/lib/python3.7/site-packages/airflow/example_dags/tutorial_taskflow_api_etl_virtualenv.py
[2022-09-02T11:58:11.534+0000] {logging_mixin.py:115} INFO - [2022-09-02T11:58:11.534+0000] {dag.py:2429} INFO - Sync 1 DAGs
[2022-09-02T11:58:11.547+0000] {logging_mixin.py:115} INFO - [2022-09-02T11:58:11.547+0000] {dag.py:2981} INFO - Setting next_dagrun for tutorial_taskflow_api_etl_virtualenv to None, run_after=None
[2022-09-02T11:58:11.557+0000] {processor.py:161} INFO - Processing /home/airflow/.local/lib/python3.7/site-packages/airflow/example_dags/tutorial_taskflow_api_etl_virtualenv.py took 0.088 seconds
[2022-09-02T11:58:42.213+0000] {processor.py:153} INFO - Started process (PID=4574) to work on /home/airflow/.local/lib/python3.7/site-packages/airflow/example_dags/tutorial_taskflow_api_etl_virtualenv.py
[2022-09-02T11:58:42.215+0000] {processor.py:640} INFO - Processing file /home/airflow/.local/lib/python3.7/site-packages/airflow/example_dags/tutorial_taskflow_api_etl_virtualenv.py for tasks to queue
[2022-09-02T11:58:42.216+0000] {logging_mixin.py:115} INFO - [2022-09-02T11:58:42.216+0000] {dagbag.py:508} INFO - Filling up the DagBag from /home/airflow/.local/lib/python3.7/site-packages/airflow/example_dags/tutorial_taskflow_api_etl_virtualenv.py
[2022-09-02T11:58:42.226+0000] {processor.py:650} INFO - DAG(s) dict_keys(['tutorial_taskflow_api_etl_virtualenv']) retrieved from /home/airflow/.local/lib/python3.7/site-packages/airflow/example_dags/tutorial_taskflow_api_etl_virtualenv.py
[2022-09-02T11:58:42.270+0000] {logging_mixin.py:115} INFO - [2022-09-02T11:58:42.270+0000] {dag.py:2429} INFO - Sync 1 DAGs
[2022-09-02T11:58:42.284+0000] {logging_mixin.py:115} INFO - [2022-09-02T11:58:42.284+0000] {dag.py:2981} INFO - Setting next_dagrun for tutorial_taskflow_api_etl_virtualenv to None, run_after=None
[2022-09-02T11:58:42.294+0000] {processor.py:161} INFO - Processing /home/airflow/.local/lib/python3.7/site-packages/airflow/example_dags/tutorial_taskflow_api_etl_virtualenv.py took 0.084 seconds
[2022-09-02T11:59:13.178+0000] {processor.py:153} INFO - Started process (PID=4771) to work on /home/airflow/.local/lib/python3.7/site-packages/airflow/example_dags/tutorial_taskflow_api_etl_virtualenv.py
[2022-09-02T11:59:13.180+0000] {processor.py:640} INFO - Processing file /home/airflow/.local/lib/python3.7/site-packages/airflow/example_dags/tutorial_taskflow_api_etl_virtualenv.py for tasks to queue
[2022-09-02T11:59:13.181+0000] {logging_mixin.py:115} INFO - [2022-09-02T11:59:13.181+0000] {dagbag.py:508} INFO - Filling up the DagBag from /home/airflow/.local/lib/python3.7/site-packages/airflow/example_dags/tutorial_taskflow_api_etl_virtualenv.py
[2022-09-02T11:59:13.191+0000] {processor.py:650} INFO - DAG(s) dict_keys(['tutorial_taskflow_api_etl_virtualenv']) retrieved from /home/airflow/.local/lib/python3.7/site-packages/airflow/example_dags/tutorial_taskflow_api_etl_virtualenv.py
[2022-09-02T11:59:13.233+0000] {logging_mixin.py:115} INFO - [2022-09-02T11:59:13.233+0000] {dag.py:2429} INFO - Sync 1 DAGs
[2022-09-02T11:59:13.247+0000] {logging_mixin.py:115} INFO - [2022-09-02T11:59:13.247+0000] {dag.py:2981} INFO - Setting next_dagrun for tutorial_taskflow_api_etl_virtualenv to None, run_after=None
[2022-09-02T11:59:13.257+0000] {processor.py:161} INFO - Processing /home/airflow/.local/lib/python3.7/site-packages/airflow/example_dags/tutorial_taskflow_api_etl_virtualenv.py took 0.081 seconds
[2022-09-02T11:59:43.980+0000] {processor.py:153} INFO - Started process (PID=4959) to work on /home/airflow/.local/lib/python3.7/site-packages/airflow/example_dags/tutorial_taskflow_api_etl_virtualenv.py
[2022-09-02T11:59:43.982+0000] {processor.py:640} INFO - Processing file /home/airflow/.local/lib/python3.7/site-packages/airflow/example_dags/tutorial_taskflow_api_etl_virtualenv.py for tasks to queue
[2022-09-02T11:59:43.983+0000] {logging_mixin.py:115} INFO - [2022-09-02T11:59:43.983+0000] {dagbag.py:508} INFO - Filling up the DagBag from /home/airflow/.local/lib/python3.7/site-packages/airflow/example_dags/tutorial_taskflow_api_etl_virtualenv.py
[2022-09-02T11:59:43.995+0000] {processor.py:650} INFO - DAG(s) dict_keys(['tutorial_taskflow_api_etl_virtualenv']) retrieved from /home/airflow/.local/lib/python3.7/site-packages/airflow/example_dags/tutorial_taskflow_api_etl_virtualenv.py
[2022-09-02T11:59:44.013+0000] {logging_mixin.py:115} INFO - [2022-09-02T11:59:44.013+0000] {dag.py:2429} INFO - Sync 1 DAGs
[2022-09-02T11:59:44.029+0000] {logging_mixin.py:115} INFO - [2022-09-02T11:59:44.029+0000] {dag.py:2981} INFO - Setting next_dagrun for tutorial_taskflow_api_etl_virtualenv to None, run_after=None
[2022-09-02T11:59:44.038+0000] {processor.py:161} INFO - Processing /home/airflow/.local/lib/python3.7/site-packages/airflow/example_dags/tutorial_taskflow_api_etl_virtualenv.py took 0.059 seconds
[2022-09-02T12:00:14.834+0000] {processor.py:153} INFO - Started process (PID=5156) to work on /home/airflow/.local/lib/python3.7/site-packages/airflow/example_dags/tutorial_taskflow_api_etl_virtualenv.py
[2022-09-02T12:00:14.836+0000] {processor.py:640} INFO - Processing file /home/airflow/.local/lib/python3.7/site-packages/airflow/example_dags/tutorial_taskflow_api_etl_virtualenv.py for tasks to queue
[2022-09-02T12:00:14.837+0000] {logging_mixin.py:115} INFO - [2022-09-02T12:00:14.837+0000] {dagbag.py:508} INFO - Filling up the DagBag from /home/airflow/.local/lib/python3.7/site-packages/airflow/example_dags/tutorial_taskflow_api_etl_virtualenv.py
[2022-09-02T12:00:14.848+0000] {processor.py:650} INFO - DAG(s) dict_keys(['tutorial_taskflow_api_etl_virtualenv']) retrieved from /home/airflow/.local/lib/python3.7/site-packages/airflow/example_dags/tutorial_taskflow_api_etl_virtualenv.py
[2022-09-02T12:00:14.888+0000] {logging_mixin.py:115} INFO - [2022-09-02T12:00:14.888+0000] {dag.py:2429} INFO - Sync 1 DAGs
[2022-09-02T12:00:14.899+0000] {logging_mixin.py:115} INFO - [2022-09-02T12:00:14.899+0000] {dag.py:2981} INFO - Setting next_dagrun for tutorial_taskflow_api_etl_virtualenv to None, run_after=None
[2022-09-02T12:00:14.908+0000] {processor.py:161} INFO - Processing /home/airflow/.local/lib/python3.7/site-packages/airflow/example_dags/tutorial_taskflow_api_etl_virtualenv.py took 0.076 seconds
[2022-09-02T12:00:45.685+0000] {processor.py:153} INFO - Started process (PID=5353) to work on /home/airflow/.local/lib/python3.7/site-packages/airflow/example_dags/tutorial_taskflow_api_etl_virtualenv.py
[2022-09-02T12:00:45.687+0000] {processor.py:640} INFO - Processing file /home/airflow/.local/lib/python3.7/site-packages/airflow/example_dags/tutorial_taskflow_api_etl_virtualenv.py for tasks to queue
[2022-09-02T12:00:45.688+0000] {logging_mixin.py:115} INFO - [2022-09-02T12:00:45.688+0000] {dagbag.py:508} INFO - Filling up the DagBag from /home/airflow/.local/lib/python3.7/site-packages/airflow/example_dags/tutorial_taskflow_api_etl_virtualenv.py
[2022-09-02T12:00:45.698+0000] {processor.py:650} INFO - DAG(s) dict_keys(['tutorial_taskflow_api_etl_virtualenv']) retrieved from /home/airflow/.local/lib/python3.7/site-packages/airflow/example_dags/tutorial_taskflow_api_etl_virtualenv.py
[2022-09-02T12:00:45.746+0000] {logging_mixin.py:115} INFO - [2022-09-02T12:00:45.746+0000] {dag.py:2429} INFO - Sync 1 DAGs
[2022-09-02T12:00:45.759+0000] {logging_mixin.py:115} INFO - [2022-09-02T12:00:45.759+0000] {dag.py:2981} INFO - Setting next_dagrun for tutorial_taskflow_api_etl_virtualenv to None, run_after=None
[2022-09-02T12:00:45.768+0000] {processor.py:161} INFO - Processing /home/airflow/.local/lib/python3.7/site-packages/airflow/example_dags/tutorial_taskflow_api_etl_virtualenv.py took 0.085 seconds
[2022-09-02T12:01:16.316+0000] {processor.py:153} INFO - Started process (PID=5550) to work on /home/airflow/.local/lib/python3.7/site-packages/airflow/example_dags/tutorial_taskflow_api_etl_virtualenv.py
[2022-09-02T12:01:16.317+0000] {processor.py:640} INFO - Processing file /home/airflow/.local/lib/python3.7/site-packages/airflow/example_dags/tutorial_taskflow_api_etl_virtualenv.py for tasks to queue
[2022-09-02T12:01:16.318+0000] {logging_mixin.py:115} INFO - [2022-09-02T12:01:16.318+0000] {dagbag.py:508} INFO - Filling up the DagBag from /home/airflow/.local/lib/python3.7/site-packages/airflow/example_dags/tutorial_taskflow_api_etl_virtualenv.py
[2022-09-02T12:01:16.329+0000] {processor.py:650} INFO - DAG(s) dict_keys(['tutorial_taskflow_api_etl_virtualenv']) retrieved from /home/airflow/.local/lib/python3.7/site-packages/airflow/example_dags/tutorial_taskflow_api_etl_virtualenv.py
[2022-09-02T12:01:16.368+0000] {logging_mixin.py:115} INFO - [2022-09-02T12:01:16.368+0000] {dag.py:2429} INFO - Sync 1 DAGs
[2022-09-02T12:01:16.379+0000] {logging_mixin.py:115} INFO - [2022-09-02T12:01:16.379+0000] {dag.py:2981} INFO - Setting next_dagrun for tutorial_taskflow_api_etl_virtualenv to None, run_after=None
[2022-09-02T12:01:16.388+0000] {processor.py:161} INFO - Processing /home/airflow/.local/lib/python3.7/site-packages/airflow/example_dags/tutorial_taskflow_api_etl_virtualenv.py took 0.074 seconds
[2022-09-02T12:01:47.074+0000] {processor.py:153} INFO - Started process (PID=5747) to work on /home/airflow/.local/lib/python3.7/site-packages/airflow/example_dags/tutorial_taskflow_api_etl_virtualenv.py
[2022-09-02T12:01:47.075+0000] {processor.py:640} INFO - Processing file /home/airflow/.local/lib/python3.7/site-packages/airflow/example_dags/tutorial_taskflow_api_etl_virtualenv.py for tasks to queue
[2022-09-02T12:01:47.076+0000] {logging_mixin.py:115} INFO - [2022-09-02T12:01:47.076+0000] {dagbag.py:508} INFO - Filling up the DagBag from /home/airflow/.local/lib/python3.7/site-packages/airflow/example_dags/tutorial_taskflow_api_etl_virtualenv.py
[2022-09-02T12:01:47.087+0000] {processor.py:650} INFO - DAG(s) dict_keys(['tutorial_taskflow_api_etl_virtualenv']) retrieved from /home/airflow/.local/lib/python3.7/site-packages/airflow/example_dags/tutorial_taskflow_api_etl_virtualenv.py
[2022-09-02T12:01:47.108+0000] {logging_mixin.py:115} INFO - [2022-09-02T12:01:47.107+0000] {dag.py:2429} INFO - Sync 1 DAGs
[2022-09-02T12:01:47.122+0000] {logging_mixin.py:115} INFO - [2022-09-02T12:01:47.122+0000] {dag.py:2981} INFO - Setting next_dagrun for tutorial_taskflow_api_etl_virtualenv to None, run_after=None
[2022-09-02T12:01:47.129+0000] {processor.py:161} INFO - Processing /home/airflow/.local/lib/python3.7/site-packages/airflow/example_dags/tutorial_taskflow_api_etl_virtualenv.py took 0.058 seconds
[2022-09-02T12:02:17.905+0000] {processor.py:153} INFO - Started process (PID=5962) to work on /home/airflow/.local/lib/python3.7/site-packages/airflow/example_dags/tutorial_taskflow_api_etl_virtualenv.py
[2022-09-02T12:02:17.907+0000] {processor.py:640} INFO - Processing file /home/airflow/.local/lib/python3.7/site-packages/airflow/example_dags/tutorial_taskflow_api_etl_virtualenv.py for tasks to queue
[2022-09-02T12:02:17.908+0000] {logging_mixin.py:115} INFO - [2022-09-02T12:02:17.908+0000] {dagbag.py:508} INFO - Filling up the DagBag from /home/airflow/.local/lib/python3.7/site-packages/airflow/example_dags/tutorial_taskflow_api_etl_virtualenv.py
[2022-09-02T12:02:17.920+0000] {processor.py:650} INFO - DAG(s) dict_keys(['tutorial_taskflow_api_etl_virtualenv']) retrieved from /home/airflow/.local/lib/python3.7/site-packages/airflow/example_dags/tutorial_taskflow_api_etl_virtualenv.py
[2022-09-02T12:02:17.965+0000] {logging_mixin.py:115} INFO - [2022-09-02T12:02:17.964+0000] {dag.py:2429} INFO - Sync 1 DAGs
[2022-09-02T12:02:17.976+0000] {logging_mixin.py:115} INFO - [2022-09-02T12:02:17.976+0000] {dag.py:2981} INFO - Setting next_dagrun for tutorial_taskflow_api_etl_virtualenv to None, run_after=None
[2022-09-02T12:02:17.984+0000] {processor.py:161} INFO - Processing /home/airflow/.local/lib/python3.7/site-packages/airflow/example_dags/tutorial_taskflow_api_etl_virtualenv.py took 0.081 seconds
[2022-09-02T12:02:48.838+0000] {processor.py:153} INFO - Started process (PID=6159) to work on /home/airflow/.local/lib/python3.7/site-packages/airflow/example_dags/tutorial_taskflow_api_etl_virtualenv.py
[2022-09-02T12:02:48.840+0000] {processor.py:640} INFO - Processing file /home/airflow/.local/lib/python3.7/site-packages/airflow/example_dags/tutorial_taskflow_api_etl_virtualenv.py for tasks to queue
[2022-09-02T12:02:48.841+0000] {logging_mixin.py:115} INFO - [2022-09-02T12:02:48.841+0000] {dagbag.py:508} INFO - Filling up the DagBag from /home/airflow/.local/lib/python3.7/site-packages/airflow/example_dags/tutorial_taskflow_api_etl_virtualenv.py
[2022-09-02T12:02:48.852+0000] {processor.py:650} INFO - DAG(s) dict_keys(['tutorial_taskflow_api_etl_virtualenv']) retrieved from /home/airflow/.local/lib/python3.7/site-packages/airflow/example_dags/tutorial_taskflow_api_etl_virtualenv.py
[2022-09-02T12:02:48.901+0000] {logging_mixin.py:115} INFO - [2022-09-02T12:02:48.901+0000] {dag.py:2429} INFO - Sync 1 DAGs
[2022-09-02T12:02:48.914+0000] {logging_mixin.py:115} INFO - [2022-09-02T12:02:48.914+0000] {dag.py:2981} INFO - Setting next_dagrun for tutorial_taskflow_api_etl_virtualenv to None, run_after=None
[2022-09-02T12:02:48.924+0000] {processor.py:161} INFO - Processing /home/airflow/.local/lib/python3.7/site-packages/airflow/example_dags/tutorial_taskflow_api_etl_virtualenv.py took 0.088 seconds
[2022-09-02T12:03:19.599+0000] {processor.py:153} INFO - Started process (PID=6347) to work on /home/airflow/.local/lib/python3.7/site-packages/airflow/example_dags/tutorial_taskflow_api_etl_virtualenv.py
[2022-09-02T12:03:19.600+0000] {processor.py:640} INFO - Processing file /home/airflow/.local/lib/python3.7/site-packages/airflow/example_dags/tutorial_taskflow_api_etl_virtualenv.py for tasks to queue
[2022-09-02T12:03:19.603+0000] {logging_mixin.py:115} INFO - [2022-09-02T12:03:19.602+0000] {dagbag.py:508} INFO - Filling up the DagBag from /home/airflow/.local/lib/python3.7/site-packages/airflow/example_dags/tutorial_taskflow_api_etl_virtualenv.py
[2022-09-02T12:03:19.613+0000] {processor.py:650} INFO - DAG(s) dict_keys(['tutorial_taskflow_api_etl_virtualenv']) retrieved from /home/airflow/.local/lib/python3.7/site-packages/airflow/example_dags/tutorial_taskflow_api_etl_virtualenv.py
[2022-09-02T12:03:19.658+0000] {logging_mixin.py:115} INFO - [2022-09-02T12:03:19.658+0000] {dag.py:2429} INFO - Sync 1 DAGs
[2022-09-02T12:03:19.670+0000] {logging_mixin.py:115} INFO - [2022-09-02T12:03:19.670+0000] {dag.py:2981} INFO - Setting next_dagrun for tutorial_taskflow_api_etl_virtualenv to None, run_after=None
[2022-09-02T12:03:19.680+0000] {processor.py:161} INFO - Processing /home/airflow/.local/lib/python3.7/site-packages/airflow/example_dags/tutorial_taskflow_api_etl_virtualenv.py took 0.083 seconds
[2022-09-02T12:03:50.383+0000] {processor.py:153} INFO - Started process (PID=6543) to work on /home/airflow/.local/lib/python3.7/site-packages/airflow/example_dags/tutorial_taskflow_api_etl_virtualenv.py
[2022-09-02T12:03:50.385+0000] {processor.py:640} INFO - Processing file /home/airflow/.local/lib/python3.7/site-packages/airflow/example_dags/tutorial_taskflow_api_etl_virtualenv.py for tasks to queue
[2022-09-02T12:03:50.386+0000] {logging_mixin.py:115} INFO - [2022-09-02T12:03:50.386+0000] {dagbag.py:508} INFO - Filling up the DagBag from /home/airflow/.local/lib/python3.7/site-packages/airflow/example_dags/tutorial_taskflow_api_etl_virtualenv.py
[2022-09-02T12:03:50.398+0000] {processor.py:650} INFO - DAG(s) dict_keys(['tutorial_taskflow_api_etl_virtualenv']) retrieved from /home/airflow/.local/lib/python3.7/site-packages/airflow/example_dags/tutorial_taskflow_api_etl_virtualenv.py
[2022-09-02T12:03:50.437+0000] {logging_mixin.py:115} INFO - [2022-09-02T12:03:50.437+0000] {dag.py:2429} INFO - Sync 1 DAGs
[2022-09-02T12:03:50.450+0000] {logging_mixin.py:115} INFO - [2022-09-02T12:03:50.450+0000] {dag.py:2981} INFO - Setting next_dagrun for tutorial_taskflow_api_etl_virtualenv to None, run_after=None
[2022-09-02T12:03:50.458+0000] {processor.py:161} INFO - Processing /home/airflow/.local/lib/python3.7/site-packages/airflow/example_dags/tutorial_taskflow_api_etl_virtualenv.py took 0.077 seconds
[2022-09-02T12:04:21.123+0000] {processor.py:153} INFO - Started process (PID=6741) to work on /home/airflow/.local/lib/python3.7/site-packages/airflow/example_dags/tutorial_taskflow_api_etl_virtualenv.py
[2022-09-02T12:04:21.126+0000] {processor.py:640} INFO - Processing file /home/airflow/.local/lib/python3.7/site-packages/airflow/example_dags/tutorial_taskflow_api_etl_virtualenv.py for tasks to queue
[2022-09-02T12:04:21.127+0000] {logging_mixin.py:115} INFO - [2022-09-02T12:04:21.127+0000] {dagbag.py:508} INFO - Filling up the DagBag from /home/airflow/.local/lib/python3.7/site-packages/airflow/example_dags/tutorial_taskflow_api_etl_virtualenv.py
[2022-09-02T12:04:21.139+0000] {processor.py:650} INFO - DAG(s) dict_keys(['tutorial_taskflow_api_etl_virtualenv']) retrieved from /home/airflow/.local/lib/python3.7/site-packages/airflow/example_dags/tutorial_taskflow_api_etl_virtualenv.py
[2022-09-02T12:04:21.187+0000] {logging_mixin.py:115} INFO - [2022-09-02T12:04:21.187+0000] {dag.py:2429} INFO - Sync 1 DAGs
[2022-09-02T12:04:21.202+0000] {logging_mixin.py:115} INFO - [2022-09-02T12:04:21.202+0000] {dag.py:2981} INFO - Setting next_dagrun for tutorial_taskflow_api_etl_virtualenv to None, run_after=None
[2022-09-02T12:04:21.212+0000] {processor.py:161} INFO - Processing /home/airflow/.local/lib/python3.7/site-packages/airflow/example_dags/tutorial_taskflow_api_etl_virtualenv.py took 0.091 seconds
[2022-09-02T12:04:51.992+0000] {processor.py:153} INFO - Started process (PID=6938) to work on /home/airflow/.local/lib/python3.7/site-packages/airflow/example_dags/tutorial_taskflow_api_etl_virtualenv.py
[2022-09-02T12:04:51.995+0000] {processor.py:640} INFO - Processing file /home/airflow/.local/lib/python3.7/site-packages/airflow/example_dags/tutorial_taskflow_api_etl_virtualenv.py for tasks to queue
[2022-09-02T12:04:51.996+0000] {logging_mixin.py:115} INFO - [2022-09-02T12:04:51.996+0000] {dagbag.py:508} INFO - Filling up the DagBag from /home/airflow/.local/lib/python3.7/site-packages/airflow/example_dags/tutorial_taskflow_api_etl_virtualenv.py
[2022-09-02T12:04:52.005+0000] {processor.py:650} INFO - DAG(s) dict_keys(['tutorial_taskflow_api_etl_virtualenv']) retrieved from /home/airflow/.local/lib/python3.7/site-packages/airflow/example_dags/tutorial_taskflow_api_etl_virtualenv.py
[2022-09-02T12:04:52.023+0000] {logging_mixin.py:115} INFO - [2022-09-02T12:04:52.022+0000] {dag.py:2429} INFO - Sync 1 DAGs
[2022-09-02T12:04:52.040+0000] {logging_mixin.py:115} INFO - [2022-09-02T12:04:52.040+0000] {dag.py:2981} INFO - Setting next_dagrun for tutorial_taskflow_api_etl_virtualenv to None, run_after=None
[2022-09-02T12:04:52.049+0000] {processor.py:161} INFO - Processing /home/airflow/.local/lib/python3.7/site-packages/airflow/example_dags/tutorial_taskflow_api_etl_virtualenv.py took 0.060 seconds
[2022-09-02T12:05:22.798+0000] {processor.py:153} INFO - Started process (PID=7136) to work on /home/airflow/.local/lib/python3.7/site-packages/airflow/example_dags/tutorial_taskflow_api_etl_virtualenv.py
[2022-09-02T12:05:22.800+0000] {processor.py:640} INFO - Processing file /home/airflow/.local/lib/python3.7/site-packages/airflow/example_dags/tutorial_taskflow_api_etl_virtualenv.py for tasks to queue
[2022-09-02T12:05:22.801+0000] {logging_mixin.py:115} INFO - [2022-09-02T12:05:22.801+0000] {dagbag.py:508} INFO - Filling up the DagBag from /home/airflow/.local/lib/python3.7/site-packages/airflow/example_dags/tutorial_taskflow_api_etl_virtualenv.py
[2022-09-02T12:05:22.812+0000] {processor.py:650} INFO - DAG(s) dict_keys(['tutorial_taskflow_api_etl_virtualenv']) retrieved from /home/airflow/.local/lib/python3.7/site-packages/airflow/example_dags/tutorial_taskflow_api_etl_virtualenv.py
[2022-09-02T12:05:22.863+0000] {logging_mixin.py:115} INFO - [2022-09-02T12:05:22.862+0000] {dag.py:2429} INFO - Sync 1 DAGs
[2022-09-02T12:05:22.875+0000] {logging_mixin.py:115} INFO - [2022-09-02T12:05:22.875+0000] {dag.py:2981} INFO - Setting next_dagrun for tutorial_taskflow_api_etl_virtualenv to None, run_after=None
[2022-09-02T12:05:22.884+0000] {processor.py:161} INFO - Processing /home/airflow/.local/lib/python3.7/site-packages/airflow/example_dags/tutorial_taskflow_api_etl_virtualenv.py took 0.089 seconds
[2022-09-02T12:05:53.584+0000] {processor.py:153} INFO - Started process (PID=7333) to work on /home/airflow/.local/lib/python3.7/site-packages/airflow/example_dags/tutorial_taskflow_api_etl_virtualenv.py
[2022-09-02T12:05:53.586+0000] {processor.py:640} INFO - Processing file /home/airflow/.local/lib/python3.7/site-packages/airflow/example_dags/tutorial_taskflow_api_etl_virtualenv.py for tasks to queue
[2022-09-02T12:05:53.588+0000] {logging_mixin.py:115} INFO - [2022-09-02T12:05:53.588+0000] {dagbag.py:508} INFO - Filling up the DagBag from /home/airflow/.local/lib/python3.7/site-packages/airflow/example_dags/tutorial_taskflow_api_etl_virtualenv.py
[2022-09-02T12:05:53.600+0000] {processor.py:650} INFO - DAG(s) dict_keys(['tutorial_taskflow_api_etl_virtualenv']) retrieved from /home/airflow/.local/lib/python3.7/site-packages/airflow/example_dags/tutorial_taskflow_api_etl_virtualenv.py
[2022-09-02T12:05:53.624+0000] {logging_mixin.py:115} INFO - [2022-09-02T12:05:53.624+0000] {dag.py:2429} INFO - Sync 1 DAGs
[2022-09-02T12:05:53.642+0000] {logging_mixin.py:115} INFO - [2022-09-02T12:05:53.641+0000] {dag.py:2981} INFO - Setting next_dagrun for tutorial_taskflow_api_etl_virtualenv to None, run_after=None
[2022-09-02T12:05:53.653+0000] {processor.py:161} INFO - Processing /home/airflow/.local/lib/python3.7/site-packages/airflow/example_dags/tutorial_taskflow_api_etl_virtualenv.py took 0.075 seconds
[2022-09-02T12:06:24.456+0000] {processor.py:153} INFO - Started process (PID=7522) to work on /home/airflow/.local/lib/python3.7/site-packages/airflow/example_dags/tutorial_taskflow_api_etl_virtualenv.py
[2022-09-02T12:06:24.457+0000] {processor.py:640} INFO - Processing file /home/airflow/.local/lib/python3.7/site-packages/airflow/example_dags/tutorial_taskflow_api_etl_virtualenv.py for tasks to queue
[2022-09-02T12:06:24.458+0000] {logging_mixin.py:115} INFO - [2022-09-02T12:06:24.458+0000] {dagbag.py:508} INFO - Filling up the DagBag from /home/airflow/.local/lib/python3.7/site-packages/airflow/example_dags/tutorial_taskflow_api_etl_virtualenv.py
[2022-09-02T12:06:24.469+0000] {processor.py:650} INFO - DAG(s) dict_keys(['tutorial_taskflow_api_etl_virtualenv']) retrieved from /home/airflow/.local/lib/python3.7/site-packages/airflow/example_dags/tutorial_taskflow_api_etl_virtualenv.py
[2022-09-02T12:06:24.510+0000] {logging_mixin.py:115} INFO - [2022-09-02T12:06:24.510+0000] {dag.py:2429} INFO - Sync 1 DAGs
[2022-09-02T12:06:24.524+0000] {logging_mixin.py:115} INFO - [2022-09-02T12:06:24.523+0000] {dag.py:2981} INFO - Setting next_dagrun for tutorial_taskflow_api_etl_virtualenv to None, run_after=None
[2022-09-02T12:06:24.534+0000] {processor.py:161} INFO - Processing /home/airflow/.local/lib/python3.7/site-packages/airflow/example_dags/tutorial_taskflow_api_etl_virtualenv.py took 0.081 seconds
[2022-09-02T12:06:55.289+0000] {processor.py:153} INFO - Started process (PID=7718) to work on /home/airflow/.local/lib/python3.7/site-packages/airflow/example_dags/tutorial_taskflow_api_etl_virtualenv.py
[2022-09-02T12:06:55.291+0000] {processor.py:640} INFO - Processing file /home/airflow/.local/lib/python3.7/site-packages/airflow/example_dags/tutorial_taskflow_api_etl_virtualenv.py for tasks to queue
[2022-09-02T12:06:55.293+0000] {logging_mixin.py:115} INFO - [2022-09-02T12:06:55.293+0000] {dagbag.py:508} INFO - Filling up the DagBag from /home/airflow/.local/lib/python3.7/site-packages/airflow/example_dags/tutorial_taskflow_api_etl_virtualenv.py
[2022-09-02T12:06:55.305+0000] {processor.py:650} INFO - DAG(s) dict_keys(['tutorial_taskflow_api_etl_virtualenv']) retrieved from /home/airflow/.local/lib/python3.7/site-packages/airflow/example_dags/tutorial_taskflow_api_etl_virtualenv.py
[2022-09-02T12:06:55.356+0000] {logging_mixin.py:115} INFO - [2022-09-02T12:06:55.356+0000] {dag.py:2429} INFO - Sync 1 DAGs
[2022-09-02T12:06:55.370+0000] {logging_mixin.py:115} INFO - [2022-09-02T12:06:55.370+0000] {dag.py:2981} INFO - Setting next_dagrun for tutorial_taskflow_api_etl_virtualenv to None, run_after=None
[2022-09-02T12:06:55.380+0000] {processor.py:161} INFO - Processing /home/airflow/.local/lib/python3.7/site-packages/airflow/example_dags/tutorial_taskflow_api_etl_virtualenv.py took 0.093 seconds
[2022-09-02T12:07:26.212+0000] {processor.py:153} INFO - Started process (PID=7917) to work on /home/airflow/.local/lib/python3.7/site-packages/airflow/example_dags/tutorial_taskflow_api_etl_virtualenv.py
[2022-09-02T12:07:26.214+0000] {processor.py:640} INFO - Processing file /home/airflow/.local/lib/python3.7/site-packages/airflow/example_dags/tutorial_taskflow_api_etl_virtualenv.py for tasks to queue
[2022-09-02T12:07:26.215+0000] {logging_mixin.py:115} INFO - [2022-09-02T12:07:26.215+0000] {dagbag.py:508} INFO - Filling up the DagBag from /home/airflow/.local/lib/python3.7/site-packages/airflow/example_dags/tutorial_taskflow_api_etl_virtualenv.py
[2022-09-02T12:07:26.224+0000] {processor.py:650} INFO - DAG(s) dict_keys(['tutorial_taskflow_api_etl_virtualenv']) retrieved from /home/airflow/.local/lib/python3.7/site-packages/airflow/example_dags/tutorial_taskflow_api_etl_virtualenv.py
[2022-09-02T12:07:26.262+0000] {logging_mixin.py:115} INFO - [2022-09-02T12:07:26.262+0000] {dag.py:2429} INFO - Sync 1 DAGs
[2022-09-02T12:07:26.275+0000] {logging_mixin.py:115} INFO - [2022-09-02T12:07:26.275+0000] {dag.py:2981} INFO - Setting next_dagrun for tutorial_taskflow_api_etl_virtualenv to None, run_after=None
[2022-09-02T12:07:26.284+0000] {processor.py:161} INFO - Processing /home/airflow/.local/lib/python3.7/site-packages/airflow/example_dags/tutorial_taskflow_api_etl_virtualenv.py took 0.075 seconds
[2022-09-02T12:07:57.172+0000] {processor.py:153} INFO - Started process (PID=8112) to work on /home/airflow/.local/lib/python3.7/site-packages/airflow/example_dags/tutorial_taskflow_api_etl_virtualenv.py
[2022-09-02T12:07:57.174+0000] {processor.py:640} INFO - Processing file /home/airflow/.local/lib/python3.7/site-packages/airflow/example_dags/tutorial_taskflow_api_etl_virtualenv.py for tasks to queue
[2022-09-02T12:07:57.175+0000] {logging_mixin.py:115} INFO - [2022-09-02T12:07:57.175+0000] {dagbag.py:508} INFO - Filling up the DagBag from /home/airflow/.local/lib/python3.7/site-packages/airflow/example_dags/tutorial_taskflow_api_etl_virtualenv.py
[2022-09-02T12:07:57.188+0000] {processor.py:650} INFO - DAG(s) dict_keys(['tutorial_taskflow_api_etl_virtualenv']) retrieved from /home/airflow/.local/lib/python3.7/site-packages/airflow/example_dags/tutorial_taskflow_api_etl_virtualenv.py
[2022-09-02T12:07:57.213+0000] {logging_mixin.py:115} INFO - [2022-09-02T12:07:57.212+0000] {dag.py:2429} INFO - Sync 1 DAGs
[2022-09-02T12:07:57.233+0000] {logging_mixin.py:115} INFO - [2022-09-02T12:07:57.233+0000] {dag.py:2981} INFO - Setting next_dagrun for tutorial_taskflow_api_etl_virtualenv to None, run_after=None
[2022-09-02T12:07:57.242+0000] {processor.py:161} INFO - Processing /home/airflow/.local/lib/python3.7/site-packages/airflow/example_dags/tutorial_taskflow_api_etl_virtualenv.py took 0.073 seconds
