[2022-09-02T11:47:23.512+0000] {processor.py:153} INFO - Started process (PID=185) to work on /home/airflow/.local/lib/python3.7/site-packages/airflow/example_dags/tutorial_taskflow_api_etl.py
[2022-09-02T11:47:23.513+0000] {processor.py:640} INFO - Processing file /home/airflow/.local/lib/python3.7/site-packages/airflow/example_dags/tutorial_taskflow_api_etl.py for tasks to queue
[2022-09-02T11:47:23.514+0000] {logging_mixin.py:115} INFO - [2022-09-02T11:47:23.514+0000] {dagbag.py:508} INFO - Filling up the DagBag from /home/airflow/.local/lib/python3.7/site-packages/airflow/example_dags/tutorial_taskflow_api_etl.py
[2022-09-02T11:47:23.525+0000] {processor.py:650} INFO - DAG(s) dict_keys(['tutorial_taskflow_api_etl']) retrieved from /home/airflow/.local/lib/python3.7/site-packages/airflow/example_dags/tutorial_taskflow_api_etl.py
[2022-09-02T11:47:23.580+0000] {logging_mixin.py:115} INFO - [2022-09-02T11:47:23.579+0000] {manager.py:508} INFO - Created Permission View: can edit on DAG:tutorial_taskflow_api_etl
[2022-09-02T11:47:23.587+0000] {logging_mixin.py:115} INFO - [2022-09-02T11:47:23.587+0000] {manager.py:508} INFO - Created Permission View: can delete on DAG:tutorial_taskflow_api_etl
[2022-09-02T11:47:23.592+0000] {logging_mixin.py:115} INFO - [2022-09-02T11:47:23.592+0000] {manager.py:508} INFO - Created Permission View: can read on DAG:tutorial_taskflow_api_etl
[2022-09-02T11:47:23.593+0000] {logging_mixin.py:115} INFO - [2022-09-02T11:47:23.593+0000] {dag.py:2429} INFO - Sync 1 DAGs
[2022-09-02T11:47:23.599+0000] {logging_mixin.py:115} INFO - [2022-09-02T11:47:23.599+0000] {dag.py:2448} INFO - Creating ORM DAG for tutorial_taskflow_api_etl
[2022-09-02T11:47:23.608+0000] {logging_mixin.py:115} INFO - [2022-09-02T11:47:23.608+0000] {dag.py:2981} INFO - Setting next_dagrun for tutorial_taskflow_api_etl to None, run_after=None
[2022-09-02T11:47:23.620+0000] {processor.py:161} INFO - Processing /home/airflow/.local/lib/python3.7/site-packages/airflow/example_dags/tutorial_taskflow_api_etl.py took 0.111 seconds
[2022-09-02T11:47:54.610+0000] {processor.py:153} INFO - Started process (PID=382) to work on /home/airflow/.local/lib/python3.7/site-packages/airflow/example_dags/tutorial_taskflow_api_etl.py
[2022-09-02T11:47:54.612+0000] {processor.py:640} INFO - Processing file /home/airflow/.local/lib/python3.7/site-packages/airflow/example_dags/tutorial_taskflow_api_etl.py for tasks to queue
[2022-09-02T11:47:54.614+0000] {logging_mixin.py:115} INFO - [2022-09-02T11:47:54.614+0000] {dagbag.py:508} INFO - Filling up the DagBag from /home/airflow/.local/lib/python3.7/site-packages/airflow/example_dags/tutorial_taskflow_api_etl.py
[2022-09-02T11:47:54.631+0000] {processor.py:650} INFO - DAG(s) dict_keys(['tutorial_taskflow_api_etl']) retrieved from /home/airflow/.local/lib/python3.7/site-packages/airflow/example_dags/tutorial_taskflow_api_etl.py
[2022-09-02T11:47:54.690+0000] {logging_mixin.py:115} INFO - [2022-09-02T11:47:54.690+0000] {dag.py:2429} INFO - Sync 1 DAGs
[2022-09-02T11:47:54.707+0000] {logging_mixin.py:115} INFO - [2022-09-02T11:47:54.707+0000] {dag.py:2981} INFO - Setting next_dagrun for tutorial_taskflow_api_etl to None, run_after=None
[2022-09-02T11:47:54.721+0000] {processor.py:161} INFO - Processing /home/airflow/.local/lib/python3.7/site-packages/airflow/example_dags/tutorial_taskflow_api_etl.py took 0.114 seconds
[2022-09-02T11:48:24.773+0000] {processor.py:153} INFO - Started process (PID=579) to work on /home/airflow/.local/lib/python3.7/site-packages/airflow/example_dags/tutorial_taskflow_api_etl.py
[2022-09-02T11:48:24.777+0000] {processor.py:640} INFO - Processing file /home/airflow/.local/lib/python3.7/site-packages/airflow/example_dags/tutorial_taskflow_api_etl.py for tasks to queue
[2022-09-02T11:48:24.779+0000] {logging_mixin.py:115} INFO - [2022-09-02T11:48:24.779+0000] {dagbag.py:508} INFO - Filling up the DagBag from /home/airflow/.local/lib/python3.7/site-packages/airflow/example_dags/tutorial_taskflow_api_etl.py
[2022-09-02T11:48:24.796+0000] {processor.py:650} INFO - DAG(s) dict_keys(['tutorial_taskflow_api_etl']) retrieved from /home/airflow/.local/lib/python3.7/site-packages/airflow/example_dags/tutorial_taskflow_api_etl.py
[2022-09-02T11:48:24.858+0000] {logging_mixin.py:115} INFO - [2022-09-02T11:48:24.857+0000] {dag.py:2429} INFO - Sync 1 DAGs
[2022-09-02T11:48:24.874+0000] {logging_mixin.py:115} INFO - [2022-09-02T11:48:24.874+0000] {dag.py:2981} INFO - Setting next_dagrun for tutorial_taskflow_api_etl to None, run_after=None
[2022-09-02T11:48:24.886+0000] {processor.py:161} INFO - Processing /home/airflow/.local/lib/python3.7/site-packages/airflow/example_dags/tutorial_taskflow_api_etl.py took 0.116 seconds
[2022-09-02T11:48:54.935+0000] {processor.py:153} INFO - Started process (PID=774) to work on /home/airflow/.local/lib/python3.7/site-packages/airflow/example_dags/tutorial_taskflow_api_etl.py
[2022-09-02T11:48:54.936+0000] {processor.py:640} INFO - Processing file /home/airflow/.local/lib/python3.7/site-packages/airflow/example_dags/tutorial_taskflow_api_etl.py for tasks to queue
[2022-09-02T11:48:54.937+0000] {logging_mixin.py:115} INFO - [2022-09-02T11:48:54.937+0000] {dagbag.py:508} INFO - Filling up the DagBag from /home/airflow/.local/lib/python3.7/site-packages/airflow/example_dags/tutorial_taskflow_api_etl.py
[2022-09-02T11:48:54.949+0000] {processor.py:650} INFO - DAG(s) dict_keys(['tutorial_taskflow_api_etl']) retrieved from /home/airflow/.local/lib/python3.7/site-packages/airflow/example_dags/tutorial_taskflow_api_etl.py
[2022-09-02T11:48:54.992+0000] {logging_mixin.py:115} INFO - [2022-09-02T11:48:54.991+0000] {dag.py:2429} INFO - Sync 1 DAGs
[2022-09-02T11:48:55.007+0000] {logging_mixin.py:115} INFO - [2022-09-02T11:48:55.007+0000] {dag.py:2981} INFO - Setting next_dagrun for tutorial_taskflow_api_etl to None, run_after=None
[2022-09-02T11:48:55.017+0000] {processor.py:161} INFO - Processing /home/airflow/.local/lib/python3.7/site-packages/airflow/example_dags/tutorial_taskflow_api_etl.py took 0.084 seconds
[2022-09-02T11:49:25.753+0000] {processor.py:153} INFO - Started process (PID=964) to work on /home/airflow/.local/lib/python3.7/site-packages/airflow/example_dags/tutorial_taskflow_api_etl.py
[2022-09-02T11:49:25.756+0000] {processor.py:640} INFO - Processing file /home/airflow/.local/lib/python3.7/site-packages/airflow/example_dags/tutorial_taskflow_api_etl.py for tasks to queue
[2022-09-02T11:49:25.757+0000] {logging_mixin.py:115} INFO - [2022-09-02T11:49:25.757+0000] {dagbag.py:508} INFO - Filling up the DagBag from /home/airflow/.local/lib/python3.7/site-packages/airflow/example_dags/tutorial_taskflow_api_etl.py
[2022-09-02T11:49:25.771+0000] {processor.py:650} INFO - DAG(s) dict_keys(['tutorial_taskflow_api_etl']) retrieved from /home/airflow/.local/lib/python3.7/site-packages/airflow/example_dags/tutorial_taskflow_api_etl.py
[2022-09-02T11:49:25.814+0000] {logging_mixin.py:115} INFO - [2022-09-02T11:49:25.814+0000] {dag.py:2429} INFO - Sync 1 DAGs
[2022-09-02T11:49:25.827+0000] {logging_mixin.py:115} INFO - [2022-09-02T11:49:25.827+0000] {dag.py:2981} INFO - Setting next_dagrun for tutorial_taskflow_api_etl to None, run_after=None
[2022-09-02T11:49:25.837+0000] {processor.py:161} INFO - Processing /home/airflow/.local/lib/python3.7/site-packages/airflow/example_dags/tutorial_taskflow_api_etl.py took 0.088 seconds
[2022-09-02T11:49:56.649+0000] {processor.py:153} INFO - Started process (PID=1161) to work on /home/airflow/.local/lib/python3.7/site-packages/airflow/example_dags/tutorial_taskflow_api_etl.py
[2022-09-02T11:49:56.651+0000] {processor.py:640} INFO - Processing file /home/airflow/.local/lib/python3.7/site-packages/airflow/example_dags/tutorial_taskflow_api_etl.py for tasks to queue
[2022-09-02T11:49:56.652+0000] {logging_mixin.py:115} INFO - [2022-09-02T11:49:56.652+0000] {dagbag.py:508} INFO - Filling up the DagBag from /home/airflow/.local/lib/python3.7/site-packages/airflow/example_dags/tutorial_taskflow_api_etl.py
[2022-09-02T11:49:56.663+0000] {processor.py:650} INFO - DAG(s) dict_keys(['tutorial_taskflow_api_etl']) retrieved from /home/airflow/.local/lib/python3.7/site-packages/airflow/example_dags/tutorial_taskflow_api_etl.py
[2022-09-02T11:49:56.707+0000] {logging_mixin.py:115} INFO - [2022-09-02T11:49:56.706+0000] {dag.py:2429} INFO - Sync 1 DAGs
[2022-09-02T11:49:56.720+0000] {logging_mixin.py:115} INFO - [2022-09-02T11:49:56.720+0000] {dag.py:2981} INFO - Setting next_dagrun for tutorial_taskflow_api_etl to None, run_after=None
[2022-09-02T11:49:56.728+0000] {processor.py:161} INFO - Processing /home/airflow/.local/lib/python3.7/site-packages/airflow/example_dags/tutorial_taskflow_api_etl.py took 0.082 seconds
[2022-09-02T11:50:27.432+0000] {processor.py:153} INFO - Started process (PID=1358) to work on /home/airflow/.local/lib/python3.7/site-packages/airflow/example_dags/tutorial_taskflow_api_etl.py
[2022-09-02T11:50:27.436+0000] {processor.py:640} INFO - Processing file /home/airflow/.local/lib/python3.7/site-packages/airflow/example_dags/tutorial_taskflow_api_etl.py for tasks to queue
[2022-09-02T11:50:27.437+0000] {logging_mixin.py:115} INFO - [2022-09-02T11:50:27.437+0000] {dagbag.py:508} INFO - Filling up the DagBag from /home/airflow/.local/lib/python3.7/site-packages/airflow/example_dags/tutorial_taskflow_api_etl.py
[2022-09-02T11:50:27.449+0000] {processor.py:650} INFO - DAG(s) dict_keys(['tutorial_taskflow_api_etl']) retrieved from /home/airflow/.local/lib/python3.7/site-packages/airflow/example_dags/tutorial_taskflow_api_etl.py
[2022-09-02T11:50:27.486+0000] {logging_mixin.py:115} INFO - [2022-09-02T11:50:27.486+0000] {dag.py:2429} INFO - Sync 1 DAGs
[2022-09-02T11:50:27.498+0000] {logging_mixin.py:115} INFO - [2022-09-02T11:50:27.498+0000] {dag.py:2981} INFO - Setting next_dagrun for tutorial_taskflow_api_etl to None, run_after=None
[2022-09-02T11:50:27.508+0000] {processor.py:161} INFO - Processing /home/airflow/.local/lib/python3.7/site-packages/airflow/example_dags/tutorial_taskflow_api_etl.py took 0.080 seconds
[2022-09-02T11:50:58.194+0000] {processor.py:153} INFO - Started process (PID=1557) to work on /home/airflow/.local/lib/python3.7/site-packages/airflow/example_dags/tutorial_taskflow_api_etl.py
[2022-09-02T11:50:58.196+0000] {processor.py:640} INFO - Processing file /home/airflow/.local/lib/python3.7/site-packages/airflow/example_dags/tutorial_taskflow_api_etl.py for tasks to queue
[2022-09-02T11:50:58.197+0000] {logging_mixin.py:115} INFO - [2022-09-02T11:50:58.197+0000] {dagbag.py:508} INFO - Filling up the DagBag from /home/airflow/.local/lib/python3.7/site-packages/airflow/example_dags/tutorial_taskflow_api_etl.py
[2022-09-02T11:50:58.206+0000] {processor.py:650} INFO - DAG(s) dict_keys(['tutorial_taskflow_api_etl']) retrieved from /home/airflow/.local/lib/python3.7/site-packages/airflow/example_dags/tutorial_taskflow_api_etl.py
[2022-09-02T11:50:58.244+0000] {logging_mixin.py:115} INFO - [2022-09-02T11:50:58.244+0000] {dag.py:2429} INFO - Sync 1 DAGs
[2022-09-02T11:50:58.256+0000] {logging_mixin.py:115} INFO - [2022-09-02T11:50:58.256+0000] {dag.py:2981} INFO - Setting next_dagrun for tutorial_taskflow_api_etl to None, run_after=None
[2022-09-02T11:50:58.265+0000] {processor.py:161} INFO - Processing /home/airflow/.local/lib/python3.7/site-packages/airflow/example_dags/tutorial_taskflow_api_etl.py took 0.073 seconds
[2022-09-02T11:51:28.943+0000] {processor.py:153} INFO - Started process (PID=1755) to work on /home/airflow/.local/lib/python3.7/site-packages/airflow/example_dags/tutorial_taskflow_api_etl.py
[2022-09-02T11:51:28.945+0000] {processor.py:640} INFO - Processing file /home/airflow/.local/lib/python3.7/site-packages/airflow/example_dags/tutorial_taskflow_api_etl.py for tasks to queue
[2022-09-02T11:51:28.946+0000] {logging_mixin.py:115} INFO - [2022-09-02T11:51:28.946+0000] {dagbag.py:508} INFO - Filling up the DagBag from /home/airflow/.local/lib/python3.7/site-packages/airflow/example_dags/tutorial_taskflow_api_etl.py
[2022-09-02T11:51:28.957+0000] {processor.py:650} INFO - DAG(s) dict_keys(['tutorial_taskflow_api_etl']) retrieved from /home/airflow/.local/lib/python3.7/site-packages/airflow/example_dags/tutorial_taskflow_api_etl.py
[2022-09-02T11:51:28.997+0000] {logging_mixin.py:115} INFO - [2022-09-02T11:51:28.997+0000] {dag.py:2429} INFO - Sync 1 DAGs
[2022-09-02T11:51:29.009+0000] {logging_mixin.py:115} INFO - [2022-09-02T11:51:29.009+0000] {dag.py:2981} INFO - Setting next_dagrun for tutorial_taskflow_api_etl to None, run_after=None
[2022-09-02T11:51:29.020+0000] {processor.py:161} INFO - Processing /home/airflow/.local/lib/python3.7/site-packages/airflow/example_dags/tutorial_taskflow_api_etl.py took 0.080 seconds
[2022-09-02T11:51:59.707+0000] {processor.py:153} INFO - Started process (PID=1952) to work on /home/airflow/.local/lib/python3.7/site-packages/airflow/example_dags/tutorial_taskflow_api_etl.py
[2022-09-02T11:51:59.708+0000] {processor.py:640} INFO - Processing file /home/airflow/.local/lib/python3.7/site-packages/airflow/example_dags/tutorial_taskflow_api_etl.py for tasks to queue
[2022-09-02T11:51:59.709+0000] {logging_mixin.py:115} INFO - [2022-09-02T11:51:59.709+0000] {dagbag.py:508} INFO - Filling up the DagBag from /home/airflow/.local/lib/python3.7/site-packages/airflow/example_dags/tutorial_taskflow_api_etl.py
[2022-09-02T11:51:59.723+0000] {processor.py:650} INFO - DAG(s) dict_keys(['tutorial_taskflow_api_etl']) retrieved from /home/airflow/.local/lib/python3.7/site-packages/airflow/example_dags/tutorial_taskflow_api_etl.py
[2022-09-02T11:51:59.774+0000] {logging_mixin.py:115} INFO - [2022-09-02T11:51:59.774+0000] {dag.py:2429} INFO - Sync 1 DAGs
[2022-09-02T11:51:59.792+0000] {logging_mixin.py:115} INFO - [2022-09-02T11:51:59.792+0000] {dag.py:2981} INFO - Setting next_dagrun for tutorial_taskflow_api_etl to None, run_after=None
[2022-09-02T11:51:59.802+0000] {processor.py:161} INFO - Processing /home/airflow/.local/lib/python3.7/site-packages/airflow/example_dags/tutorial_taskflow_api_etl.py took 0.098 seconds
[2022-09-02T11:52:30.740+0000] {processor.py:153} INFO - Started process (PID=2140) to work on /home/airflow/.local/lib/python3.7/site-packages/airflow/example_dags/tutorial_taskflow_api_etl.py
[2022-09-02T11:52:30.742+0000] {processor.py:640} INFO - Processing file /home/airflow/.local/lib/python3.7/site-packages/airflow/example_dags/tutorial_taskflow_api_etl.py for tasks to queue
[2022-09-02T11:52:30.744+0000] {logging_mixin.py:115} INFO - [2022-09-02T11:52:30.744+0000] {dagbag.py:508} INFO - Filling up the DagBag from /home/airflow/.local/lib/python3.7/site-packages/airflow/example_dags/tutorial_taskflow_api_etl.py
[2022-09-02T11:52:30.758+0000] {processor.py:650} INFO - DAG(s) dict_keys(['tutorial_taskflow_api_etl']) retrieved from /home/airflow/.local/lib/python3.7/site-packages/airflow/example_dags/tutorial_taskflow_api_etl.py
[2022-09-02T11:52:30.800+0000] {logging_mixin.py:115} INFO - [2022-09-02T11:52:30.800+0000] {dag.py:2429} INFO - Sync 1 DAGs
[2022-09-02T11:52:30.814+0000] {logging_mixin.py:115} INFO - [2022-09-02T11:52:30.814+0000] {dag.py:2981} INFO - Setting next_dagrun for tutorial_taskflow_api_etl to None, run_after=None
[2022-09-02T11:52:30.823+0000] {processor.py:161} INFO - Processing /home/airflow/.local/lib/python3.7/site-packages/airflow/example_dags/tutorial_taskflow_api_etl.py took 0.087 seconds
[2022-09-02T11:53:01.426+0000] {processor.py:153} INFO - Started process (PID=2338) to work on /home/airflow/.local/lib/python3.7/site-packages/airflow/example_dags/tutorial_taskflow_api_etl.py
[2022-09-02T11:53:01.428+0000] {processor.py:640} INFO - Processing file /home/airflow/.local/lib/python3.7/site-packages/airflow/example_dags/tutorial_taskflow_api_etl.py for tasks to queue
[2022-09-02T11:53:01.429+0000] {logging_mixin.py:115} INFO - [2022-09-02T11:53:01.429+0000] {dagbag.py:508} INFO - Filling up the DagBag from /home/airflow/.local/lib/python3.7/site-packages/airflow/example_dags/tutorial_taskflow_api_etl.py
[2022-09-02T11:53:01.440+0000] {processor.py:650} INFO - DAG(s) dict_keys(['tutorial_taskflow_api_etl']) retrieved from /home/airflow/.local/lib/python3.7/site-packages/airflow/example_dags/tutorial_taskflow_api_etl.py
[2022-09-02T11:53:01.456+0000] {logging_mixin.py:115} INFO - [2022-09-02T11:53:01.456+0000] {dag.py:2429} INFO - Sync 1 DAGs
[2022-09-02T11:53:01.473+0000] {logging_mixin.py:115} INFO - [2022-09-02T11:53:01.473+0000] {dag.py:2981} INFO - Setting next_dagrun for tutorial_taskflow_api_etl to None, run_after=None
[2022-09-02T11:53:01.482+0000] {processor.py:161} INFO - Processing /home/airflow/.local/lib/python3.7/site-packages/airflow/example_dags/tutorial_taskflow_api_etl.py took 0.058 seconds
[2022-09-02T11:53:32.201+0000] {processor.py:153} INFO - Started process (PID=2536) to work on /home/airflow/.local/lib/python3.7/site-packages/airflow/example_dags/tutorial_taskflow_api_etl.py
[2022-09-02T11:53:32.204+0000] {processor.py:640} INFO - Processing file /home/airflow/.local/lib/python3.7/site-packages/airflow/example_dags/tutorial_taskflow_api_etl.py for tasks to queue
[2022-09-02T11:53:32.205+0000] {logging_mixin.py:115} INFO - [2022-09-02T11:53:32.205+0000] {dagbag.py:508} INFO - Filling up the DagBag from /home/airflow/.local/lib/python3.7/site-packages/airflow/example_dags/tutorial_taskflow_api_etl.py
[2022-09-02T11:53:32.218+0000] {processor.py:650} INFO - DAG(s) dict_keys(['tutorial_taskflow_api_etl']) retrieved from /home/airflow/.local/lib/python3.7/site-packages/airflow/example_dags/tutorial_taskflow_api_etl.py
[2022-09-02T11:53:32.236+0000] {logging_mixin.py:115} INFO - [2022-09-02T11:53:32.236+0000] {dag.py:2429} INFO - Sync 1 DAGs
[2022-09-02T11:53:32.249+0000] {logging_mixin.py:115} INFO - [2022-09-02T11:53:32.249+0000] {dag.py:2981} INFO - Setting next_dagrun for tutorial_taskflow_api_etl to None, run_after=None
[2022-09-02T11:53:32.256+0000] {processor.py:161} INFO - Processing /home/airflow/.local/lib/python3.7/site-packages/airflow/example_dags/tutorial_taskflow_api_etl.py took 0.060 seconds
[2022-09-02T11:54:03.026+0000] {processor.py:153} INFO - Started process (PID=2733) to work on /home/airflow/.local/lib/python3.7/site-packages/airflow/example_dags/tutorial_taskflow_api_etl.py
[2022-09-02T11:54:03.028+0000] {processor.py:640} INFO - Processing file /home/airflow/.local/lib/python3.7/site-packages/airflow/example_dags/tutorial_taskflow_api_etl.py for tasks to queue
[2022-09-02T11:54:03.030+0000] {logging_mixin.py:115} INFO - [2022-09-02T11:54:03.029+0000] {dagbag.py:508} INFO - Filling up the DagBag from /home/airflow/.local/lib/python3.7/site-packages/airflow/example_dags/tutorial_taskflow_api_etl.py
[2022-09-02T11:54:03.042+0000] {processor.py:650} INFO - DAG(s) dict_keys(['tutorial_taskflow_api_etl']) retrieved from /home/airflow/.local/lib/python3.7/site-packages/airflow/example_dags/tutorial_taskflow_api_etl.py
[2022-09-02T11:54:03.093+0000] {logging_mixin.py:115} INFO - [2022-09-02T11:54:03.093+0000] {dag.py:2429} INFO - Sync 1 DAGs
[2022-09-02T11:54:03.113+0000] {logging_mixin.py:115} INFO - [2022-09-02T11:54:03.113+0000] {dag.py:2981} INFO - Setting next_dagrun for tutorial_taskflow_api_etl to None, run_after=None
[2022-09-02T11:54:03.123+0000] {processor.py:161} INFO - Processing /home/airflow/.local/lib/python3.7/site-packages/airflow/example_dags/tutorial_taskflow_api_etl.py took 0.099 seconds
[2022-09-02T11:54:33.821+0000] {processor.py:153} INFO - Started process (PID=2929) to work on /home/airflow/.local/lib/python3.7/site-packages/airflow/example_dags/tutorial_taskflow_api_etl.py
[2022-09-02T11:54:33.823+0000] {processor.py:640} INFO - Processing file /home/airflow/.local/lib/python3.7/site-packages/airflow/example_dags/tutorial_taskflow_api_etl.py for tasks to queue
[2022-09-02T11:54:33.825+0000] {logging_mixin.py:115} INFO - [2022-09-02T11:54:33.825+0000] {dagbag.py:508} INFO - Filling up the DagBag from /home/airflow/.local/lib/python3.7/site-packages/airflow/example_dags/tutorial_taskflow_api_etl.py
[2022-09-02T11:54:33.837+0000] {processor.py:650} INFO - DAG(s) dict_keys(['tutorial_taskflow_api_etl']) retrieved from /home/airflow/.local/lib/python3.7/site-packages/airflow/example_dags/tutorial_taskflow_api_etl.py
[2022-09-02T11:54:33.878+0000] {logging_mixin.py:115} INFO - [2022-09-02T11:54:33.878+0000] {dag.py:2429} INFO - Sync 1 DAGs
[2022-09-02T11:54:33.890+0000] {logging_mixin.py:115} INFO - [2022-09-02T11:54:33.890+0000] {dag.py:2981} INFO - Setting next_dagrun for tutorial_taskflow_api_etl to None, run_after=None
[2022-09-02T11:54:33.900+0000] {processor.py:161} INFO - Processing /home/airflow/.local/lib/python3.7/site-packages/airflow/example_dags/tutorial_taskflow_api_etl.py took 0.081 seconds
[2022-09-02T11:55:04.546+0000] {processor.py:153} INFO - Started process (PID=3127) to work on /home/airflow/.local/lib/python3.7/site-packages/airflow/example_dags/tutorial_taskflow_api_etl.py
[2022-09-02T11:55:04.548+0000] {processor.py:640} INFO - Processing file /home/airflow/.local/lib/python3.7/site-packages/airflow/example_dags/tutorial_taskflow_api_etl.py for tasks to queue
[2022-09-02T11:55:04.550+0000] {logging_mixin.py:115} INFO - [2022-09-02T11:55:04.550+0000] {dagbag.py:508} INFO - Filling up the DagBag from /home/airflow/.local/lib/python3.7/site-packages/airflow/example_dags/tutorial_taskflow_api_etl.py
[2022-09-02T11:55:04.561+0000] {processor.py:650} INFO - DAG(s) dict_keys(['tutorial_taskflow_api_etl']) retrieved from /home/airflow/.local/lib/python3.7/site-packages/airflow/example_dags/tutorial_taskflow_api_etl.py
[2022-09-02T11:55:04.605+0000] {logging_mixin.py:115} INFO - [2022-09-02T11:55:04.605+0000] {dag.py:2429} INFO - Sync 1 DAGs
[2022-09-02T11:55:04.618+0000] {logging_mixin.py:115} INFO - [2022-09-02T11:55:04.618+0000] {dag.py:2981} INFO - Setting next_dagrun for tutorial_taskflow_api_etl to None, run_after=None
[2022-09-02T11:55:04.627+0000] {processor.py:161} INFO - Processing /home/airflow/.local/lib/python3.7/site-packages/airflow/example_dags/tutorial_taskflow_api_etl.py took 0.085 seconds
[2022-09-02T11:55:35.357+0000] {processor.py:153} INFO - Started process (PID=3325) to work on /home/airflow/.local/lib/python3.7/site-packages/airflow/example_dags/tutorial_taskflow_api_etl.py
[2022-09-02T11:55:35.376+0000] {processor.py:640} INFO - Processing file /home/airflow/.local/lib/python3.7/site-packages/airflow/example_dags/tutorial_taskflow_api_etl.py for tasks to queue
[2022-09-02T11:55:35.398+0000] {logging_mixin.py:115} INFO - [2022-09-02T11:55:35.398+0000] {dagbag.py:508} INFO - Filling up the DagBag from /home/airflow/.local/lib/python3.7/site-packages/airflow/example_dags/tutorial_taskflow_api_etl.py
[2022-09-02T11:55:35.409+0000] {processor.py:650} INFO - DAG(s) dict_keys(['tutorial_taskflow_api_etl']) retrieved from /home/airflow/.local/lib/python3.7/site-packages/airflow/example_dags/tutorial_taskflow_api_etl.py
[2022-09-02T11:55:35.466+0000] {logging_mixin.py:115} INFO - [2022-09-02T11:55:35.466+0000] {dag.py:2429} INFO - Sync 1 DAGs
[2022-09-02T11:55:35.480+0000] {logging_mixin.py:115} INFO - [2022-09-02T11:55:35.480+0000] {dag.py:2981} INFO - Setting next_dagrun for tutorial_taskflow_api_etl to None, run_after=None
[2022-09-02T11:55:35.489+0000] {processor.py:161} INFO - Processing /home/airflow/.local/lib/python3.7/site-packages/airflow/example_dags/tutorial_taskflow_api_etl.py took 0.134 seconds
[2022-09-02T11:56:06.162+0000] {processor.py:153} INFO - Started process (PID=3512) to work on /home/airflow/.local/lib/python3.7/site-packages/airflow/example_dags/tutorial_taskflow_api_etl.py
[2022-09-02T11:56:06.164+0000] {processor.py:640} INFO - Processing file /home/airflow/.local/lib/python3.7/site-packages/airflow/example_dags/tutorial_taskflow_api_etl.py for tasks to queue
[2022-09-02T11:56:06.165+0000] {logging_mixin.py:115} INFO - [2022-09-02T11:56:06.165+0000] {dagbag.py:508} INFO - Filling up the DagBag from /home/airflow/.local/lib/python3.7/site-packages/airflow/example_dags/tutorial_taskflow_api_etl.py
[2022-09-02T11:56:06.181+0000] {processor.py:650} INFO - DAG(s) dict_keys(['tutorial_taskflow_api_etl']) retrieved from /home/airflow/.local/lib/python3.7/site-packages/airflow/example_dags/tutorial_taskflow_api_etl.py
[2022-09-02T11:56:06.225+0000] {logging_mixin.py:115} INFO - [2022-09-02T11:56:06.225+0000] {dag.py:2429} INFO - Sync 1 DAGs
[2022-09-02T11:56:06.241+0000] {logging_mixin.py:115} INFO - [2022-09-02T11:56:06.241+0000] {dag.py:2981} INFO - Setting next_dagrun for tutorial_taskflow_api_etl to None, run_after=None
[2022-09-02T11:56:06.251+0000] {processor.py:161} INFO - Processing /home/airflow/.local/lib/python3.7/site-packages/airflow/example_dags/tutorial_taskflow_api_etl.py took 0.094 seconds
[2022-09-02T11:56:37.104+0000] {processor.py:153} INFO - Started process (PID=3708) to work on /home/airflow/.local/lib/python3.7/site-packages/airflow/example_dags/tutorial_taskflow_api_etl.py
[2022-09-02T11:56:37.106+0000] {processor.py:640} INFO - Processing file /home/airflow/.local/lib/python3.7/site-packages/airflow/example_dags/tutorial_taskflow_api_etl.py for tasks to queue
[2022-09-02T11:56:37.107+0000] {logging_mixin.py:115} INFO - [2022-09-02T11:56:37.107+0000] {dagbag.py:508} INFO - Filling up the DagBag from /home/airflow/.local/lib/python3.7/site-packages/airflow/example_dags/tutorial_taskflow_api_etl.py
[2022-09-02T11:56:37.119+0000] {processor.py:650} INFO - DAG(s) dict_keys(['tutorial_taskflow_api_etl']) retrieved from /home/airflow/.local/lib/python3.7/site-packages/airflow/example_dags/tutorial_taskflow_api_etl.py
[2022-09-02T11:56:37.162+0000] {logging_mixin.py:115} INFO - [2022-09-02T11:56:37.162+0000] {dag.py:2429} INFO - Sync 1 DAGs
[2022-09-02T11:56:37.178+0000] {logging_mixin.py:115} INFO - [2022-09-02T11:56:37.178+0000] {dag.py:2981} INFO - Setting next_dagrun for tutorial_taskflow_api_etl to None, run_after=None
[2022-09-02T11:56:37.187+0000] {processor.py:161} INFO - Processing /home/airflow/.local/lib/python3.7/site-packages/airflow/example_dags/tutorial_taskflow_api_etl.py took 0.088 seconds
[2022-09-02T11:57:07.874+0000] {processor.py:153} INFO - Started process (PID=3905) to work on /home/airflow/.local/lib/python3.7/site-packages/airflow/example_dags/tutorial_taskflow_api_etl.py
[2022-09-02T11:57:07.876+0000] {processor.py:640} INFO - Processing file /home/airflow/.local/lib/python3.7/site-packages/airflow/example_dags/tutorial_taskflow_api_etl.py for tasks to queue
[2022-09-02T11:57:07.877+0000] {logging_mixin.py:115} INFO - [2022-09-02T11:57:07.877+0000] {dagbag.py:508} INFO - Filling up the DagBag from /home/airflow/.local/lib/python3.7/site-packages/airflow/example_dags/tutorial_taskflow_api_etl.py
[2022-09-02T11:57:07.892+0000] {processor.py:650} INFO - DAG(s) dict_keys(['tutorial_taskflow_api_etl']) retrieved from /home/airflow/.local/lib/python3.7/site-packages/airflow/example_dags/tutorial_taskflow_api_etl.py
[2022-09-02T11:57:07.935+0000] {logging_mixin.py:115} INFO - [2022-09-02T11:57:07.934+0000] {dag.py:2429} INFO - Sync 1 DAGs
[2022-09-02T11:57:07.949+0000] {logging_mixin.py:115} INFO - [2022-09-02T11:57:07.948+0000] {dag.py:2981} INFO - Setting next_dagrun for tutorial_taskflow_api_etl to None, run_after=None
[2022-09-02T11:57:07.958+0000] {processor.py:161} INFO - Processing /home/airflow/.local/lib/python3.7/site-packages/airflow/example_dags/tutorial_taskflow_api_etl.py took 0.089 seconds
[2022-09-02T11:57:38.743+0000] {processor.py:153} INFO - Started process (PID=4100) to work on /home/airflow/.local/lib/python3.7/site-packages/airflow/example_dags/tutorial_taskflow_api_etl.py
[2022-09-02T11:57:38.745+0000] {processor.py:640} INFO - Processing file /home/airflow/.local/lib/python3.7/site-packages/airflow/example_dags/tutorial_taskflow_api_etl.py for tasks to queue
[2022-09-02T11:57:38.746+0000] {logging_mixin.py:115} INFO - [2022-09-02T11:57:38.746+0000] {dagbag.py:508} INFO - Filling up the DagBag from /home/airflow/.local/lib/python3.7/site-packages/airflow/example_dags/tutorial_taskflow_api_etl.py
[2022-09-02T11:57:38.758+0000] {processor.py:650} INFO - DAG(s) dict_keys(['tutorial_taskflow_api_etl']) retrieved from /home/airflow/.local/lib/python3.7/site-packages/airflow/example_dags/tutorial_taskflow_api_etl.py
[2022-09-02T11:57:38.799+0000] {logging_mixin.py:115} INFO - [2022-09-02T11:57:38.799+0000] {dag.py:2429} INFO - Sync 1 DAGs
[2022-09-02T11:57:38.812+0000] {logging_mixin.py:115} INFO - [2022-09-02T11:57:38.812+0000] {dag.py:2981} INFO - Setting next_dagrun for tutorial_taskflow_api_etl to None, run_after=None
[2022-09-02T11:57:38.822+0000] {processor.py:161} INFO - Processing /home/airflow/.local/lib/python3.7/site-packages/airflow/example_dags/tutorial_taskflow_api_etl.py took 0.084 seconds
[2022-09-02T11:58:09.557+0000] {processor.py:153} INFO - Started process (PID=4297) to work on /home/airflow/.local/lib/python3.7/site-packages/airflow/example_dags/tutorial_taskflow_api_etl.py
[2022-09-02T11:58:09.560+0000] {processor.py:640} INFO - Processing file /home/airflow/.local/lib/python3.7/site-packages/airflow/example_dags/tutorial_taskflow_api_etl.py for tasks to queue
[2022-09-02T11:58:09.561+0000] {logging_mixin.py:115} INFO - [2022-09-02T11:58:09.561+0000] {dagbag.py:508} INFO - Filling up the DagBag from /home/airflow/.local/lib/python3.7/site-packages/airflow/example_dags/tutorial_taskflow_api_etl.py
[2022-09-02T11:58:09.574+0000] {processor.py:650} INFO - DAG(s) dict_keys(['tutorial_taskflow_api_etl']) retrieved from /home/airflow/.local/lib/python3.7/site-packages/airflow/example_dags/tutorial_taskflow_api_etl.py
[2022-09-02T11:58:09.591+0000] {logging_mixin.py:115} INFO - [2022-09-02T11:58:09.591+0000] {dag.py:2429} INFO - Sync 1 DAGs
[2022-09-02T11:58:09.606+0000] {logging_mixin.py:115} INFO - [2022-09-02T11:58:09.606+0000] {dag.py:2981} INFO - Setting next_dagrun for tutorial_taskflow_api_etl to None, run_after=None
[2022-09-02T11:58:09.625+0000] {processor.py:161} INFO - Processing /home/airflow/.local/lib/python3.7/site-packages/airflow/example_dags/tutorial_taskflow_api_etl.py took 0.071 seconds
[2022-09-02T11:58:40.417+0000] {processor.py:153} INFO - Started process (PID=4494) to work on /home/airflow/.local/lib/python3.7/site-packages/airflow/example_dags/tutorial_taskflow_api_etl.py
[2022-09-02T11:58:40.419+0000] {processor.py:640} INFO - Processing file /home/airflow/.local/lib/python3.7/site-packages/airflow/example_dags/tutorial_taskflow_api_etl.py for tasks to queue
[2022-09-02T11:58:40.420+0000] {logging_mixin.py:115} INFO - [2022-09-02T11:58:40.420+0000] {dagbag.py:508} INFO - Filling up the DagBag from /home/airflow/.local/lib/python3.7/site-packages/airflow/example_dags/tutorial_taskflow_api_etl.py
[2022-09-02T11:58:40.432+0000] {processor.py:650} INFO - DAG(s) dict_keys(['tutorial_taskflow_api_etl']) retrieved from /home/airflow/.local/lib/python3.7/site-packages/airflow/example_dags/tutorial_taskflow_api_etl.py
[2022-09-02T11:58:40.477+0000] {logging_mixin.py:115} INFO - [2022-09-02T11:58:40.476+0000] {dag.py:2429} INFO - Sync 1 DAGs
[2022-09-02T11:58:40.490+0000] {logging_mixin.py:115} INFO - [2022-09-02T11:58:40.490+0000] {dag.py:2981} INFO - Setting next_dagrun for tutorial_taskflow_api_etl to None, run_after=None
[2022-09-02T11:58:40.498+0000] {processor.py:161} INFO - Processing /home/airflow/.local/lib/python3.7/site-packages/airflow/example_dags/tutorial_taskflow_api_etl.py took 0.084 seconds
[2022-09-02T11:59:11.349+0000] {processor.py:153} INFO - Started process (PID=4681) to work on /home/airflow/.local/lib/python3.7/site-packages/airflow/example_dags/tutorial_taskflow_api_etl.py
[2022-09-02T11:59:11.351+0000] {processor.py:640} INFO - Processing file /home/airflow/.local/lib/python3.7/site-packages/airflow/example_dags/tutorial_taskflow_api_etl.py for tasks to queue
[2022-09-02T11:59:11.353+0000] {logging_mixin.py:115} INFO - [2022-09-02T11:59:11.353+0000] {dagbag.py:508} INFO - Filling up the DagBag from /home/airflow/.local/lib/python3.7/site-packages/airflow/example_dags/tutorial_taskflow_api_etl.py
[2022-09-02T11:59:11.366+0000] {processor.py:650} INFO - DAG(s) dict_keys(['tutorial_taskflow_api_etl']) retrieved from /home/airflow/.local/lib/python3.7/site-packages/airflow/example_dags/tutorial_taskflow_api_etl.py
[2022-09-02T11:59:11.411+0000] {logging_mixin.py:115} INFO - [2022-09-02T11:59:11.411+0000] {dag.py:2429} INFO - Sync 1 DAGs
[2022-09-02T11:59:11.425+0000] {logging_mixin.py:115} INFO - [2022-09-02T11:59:11.425+0000] {dag.py:2981} INFO - Setting next_dagrun for tutorial_taskflow_api_etl to None, run_after=None
[2022-09-02T11:59:11.437+0000] {processor.py:161} INFO - Processing /home/airflow/.local/lib/python3.7/site-packages/airflow/example_dags/tutorial_taskflow_api_etl.py took 0.093 seconds
[2022-09-02T11:59:42.108+0000] {processor.py:153} INFO - Started process (PID=4879) to work on /home/airflow/.local/lib/python3.7/site-packages/airflow/example_dags/tutorial_taskflow_api_etl.py
[2022-09-02T11:59:42.111+0000] {processor.py:640} INFO - Processing file /home/airflow/.local/lib/python3.7/site-packages/airflow/example_dags/tutorial_taskflow_api_etl.py for tasks to queue
[2022-09-02T11:59:42.113+0000] {logging_mixin.py:115} INFO - [2022-09-02T11:59:42.113+0000] {dagbag.py:508} INFO - Filling up the DagBag from /home/airflow/.local/lib/python3.7/site-packages/airflow/example_dags/tutorial_taskflow_api_etl.py
[2022-09-02T11:59:42.125+0000] {processor.py:650} INFO - DAG(s) dict_keys(['tutorial_taskflow_api_etl']) retrieved from /home/airflow/.local/lib/python3.7/site-packages/airflow/example_dags/tutorial_taskflow_api_etl.py
[2022-09-02T11:59:42.172+0000] {logging_mixin.py:115} INFO - [2022-09-02T11:59:42.172+0000] {dag.py:2429} INFO - Sync 1 DAGs
[2022-09-02T11:59:42.187+0000] {logging_mixin.py:115} INFO - [2022-09-02T11:59:42.187+0000] {dag.py:2981} INFO - Setting next_dagrun for tutorial_taskflow_api_etl to None, run_after=None
[2022-09-02T11:59:42.199+0000] {processor.py:161} INFO - Processing /home/airflow/.local/lib/python3.7/site-packages/airflow/example_dags/tutorial_taskflow_api_etl.py took 0.093 seconds
[2022-09-02T12:00:13.056+0000] {processor.py:153} INFO - Started process (PID=5076) to work on /home/airflow/.local/lib/python3.7/site-packages/airflow/example_dags/tutorial_taskflow_api_etl.py
[2022-09-02T12:00:13.058+0000] {processor.py:640} INFO - Processing file /home/airflow/.local/lib/python3.7/site-packages/airflow/example_dags/tutorial_taskflow_api_etl.py for tasks to queue
[2022-09-02T12:00:13.059+0000] {logging_mixin.py:115} INFO - [2022-09-02T12:00:13.059+0000] {dagbag.py:508} INFO - Filling up the DagBag from /home/airflow/.local/lib/python3.7/site-packages/airflow/example_dags/tutorial_taskflow_api_etl.py
[2022-09-02T12:00:13.070+0000] {processor.py:650} INFO - DAG(s) dict_keys(['tutorial_taskflow_api_etl']) retrieved from /home/airflow/.local/lib/python3.7/site-packages/airflow/example_dags/tutorial_taskflow_api_etl.py
[2022-09-02T12:00:13.113+0000] {logging_mixin.py:115} INFO - [2022-09-02T12:00:13.113+0000] {dag.py:2429} INFO - Sync 1 DAGs
[2022-09-02T12:00:13.127+0000] {logging_mixin.py:115} INFO - [2022-09-02T12:00:13.127+0000] {dag.py:2981} INFO - Setting next_dagrun for tutorial_taskflow_api_etl to None, run_after=None
[2022-09-02T12:00:13.138+0000] {processor.py:161} INFO - Processing /home/airflow/.local/lib/python3.7/site-packages/airflow/example_dags/tutorial_taskflow_api_etl.py took 0.084 seconds
[2022-09-02T12:00:43.844+0000] {processor.py:153} INFO - Started process (PID=5273) to work on /home/airflow/.local/lib/python3.7/site-packages/airflow/example_dags/tutorial_taskflow_api_etl.py
[2022-09-02T12:00:43.847+0000] {processor.py:640} INFO - Processing file /home/airflow/.local/lib/python3.7/site-packages/airflow/example_dags/tutorial_taskflow_api_etl.py for tasks to queue
[2022-09-02T12:00:43.848+0000] {logging_mixin.py:115} INFO - [2022-09-02T12:00:43.848+0000] {dagbag.py:508} INFO - Filling up the DagBag from /home/airflow/.local/lib/python3.7/site-packages/airflow/example_dags/tutorial_taskflow_api_etl.py
[2022-09-02T12:00:43.862+0000] {processor.py:650} INFO - DAG(s) dict_keys(['tutorial_taskflow_api_etl']) retrieved from /home/airflow/.local/lib/python3.7/site-packages/airflow/example_dags/tutorial_taskflow_api_etl.py
[2022-09-02T12:00:43.907+0000] {logging_mixin.py:115} INFO - [2022-09-02T12:00:43.907+0000] {dag.py:2429} INFO - Sync 1 DAGs
[2022-09-02T12:00:43.919+0000] {logging_mixin.py:115} INFO - [2022-09-02T12:00:43.919+0000] {dag.py:2981} INFO - Setting next_dagrun for tutorial_taskflow_api_etl to None, run_after=None
[2022-09-02T12:00:43.931+0000] {processor.py:161} INFO - Processing /home/airflow/.local/lib/python3.7/site-packages/airflow/example_dags/tutorial_taskflow_api_etl.py took 0.091 seconds
[2022-09-02T12:01:14.537+0000] {processor.py:153} INFO - Started process (PID=5470) to work on /home/airflow/.local/lib/python3.7/site-packages/airflow/example_dags/tutorial_taskflow_api_etl.py
[2022-09-02T12:01:14.539+0000] {processor.py:640} INFO - Processing file /home/airflow/.local/lib/python3.7/site-packages/airflow/example_dags/tutorial_taskflow_api_etl.py for tasks to queue
[2022-09-02T12:01:14.540+0000] {logging_mixin.py:115} INFO - [2022-09-02T12:01:14.540+0000] {dagbag.py:508} INFO - Filling up the DagBag from /home/airflow/.local/lib/python3.7/site-packages/airflow/example_dags/tutorial_taskflow_api_etl.py
[2022-09-02T12:01:14.551+0000] {processor.py:650} INFO - DAG(s) dict_keys(['tutorial_taskflow_api_etl']) retrieved from /home/airflow/.local/lib/python3.7/site-packages/airflow/example_dags/tutorial_taskflow_api_etl.py
[2022-09-02T12:01:14.590+0000] {logging_mixin.py:115} INFO - [2022-09-02T12:01:14.590+0000] {dag.py:2429} INFO - Sync 1 DAGs
[2022-09-02T12:01:14.603+0000] {logging_mixin.py:115} INFO - [2022-09-02T12:01:14.603+0000] {dag.py:2981} INFO - Setting next_dagrun for tutorial_taskflow_api_etl to None, run_after=None
[2022-09-02T12:01:14.613+0000] {processor.py:161} INFO - Processing /home/airflow/.local/lib/python3.7/site-packages/airflow/example_dags/tutorial_taskflow_api_etl.py took 0.078 seconds
[2022-09-02T12:01:45.238+0000] {processor.py:153} INFO - Started process (PID=5667) to work on /home/airflow/.local/lib/python3.7/site-packages/airflow/example_dags/tutorial_taskflow_api_etl.py
[2022-09-02T12:01:45.242+0000] {processor.py:640} INFO - Processing file /home/airflow/.local/lib/python3.7/site-packages/airflow/example_dags/tutorial_taskflow_api_etl.py for tasks to queue
[2022-09-02T12:01:45.243+0000] {logging_mixin.py:115} INFO - [2022-09-02T12:01:45.243+0000] {dagbag.py:508} INFO - Filling up the DagBag from /home/airflow/.local/lib/python3.7/site-packages/airflow/example_dags/tutorial_taskflow_api_etl.py
[2022-09-02T12:01:45.256+0000] {processor.py:650} INFO - DAG(s) dict_keys(['tutorial_taskflow_api_etl']) retrieved from /home/airflow/.local/lib/python3.7/site-packages/airflow/example_dags/tutorial_taskflow_api_etl.py
[2022-09-02T12:01:45.274+0000] {logging_mixin.py:115} INFO - [2022-09-02T12:01:45.274+0000] {dag.py:2429} INFO - Sync 1 DAGs
[2022-09-02T12:01:45.288+0000] {logging_mixin.py:115} INFO - [2022-09-02T12:01:45.288+0000] {dag.py:2981} INFO - Setting next_dagrun for tutorial_taskflow_api_etl to None, run_after=None
[2022-09-02T12:01:45.296+0000] {processor.py:161} INFO - Processing /home/airflow/.local/lib/python3.7/site-packages/airflow/example_dags/tutorial_taskflow_api_etl.py took 0.062 seconds
[2022-09-02T12:02:16.011+0000] {processor.py:153} INFO - Started process (PID=5882) to work on /home/airflow/.local/lib/python3.7/site-packages/airflow/example_dags/tutorial_taskflow_api_etl.py
[2022-09-02T12:02:16.013+0000] {processor.py:640} INFO - Processing file /home/airflow/.local/lib/python3.7/site-packages/airflow/example_dags/tutorial_taskflow_api_etl.py for tasks to queue
[2022-09-02T12:02:16.014+0000] {logging_mixin.py:115} INFO - [2022-09-02T12:02:16.014+0000] {dagbag.py:508} INFO - Filling up the DagBag from /home/airflow/.local/lib/python3.7/site-packages/airflow/example_dags/tutorial_taskflow_api_etl.py
[2022-09-02T12:02:16.026+0000] {processor.py:650} INFO - DAG(s) dict_keys(['tutorial_taskflow_api_etl']) retrieved from /home/airflow/.local/lib/python3.7/site-packages/airflow/example_dags/tutorial_taskflow_api_etl.py
[2022-09-02T12:02:16.047+0000] {logging_mixin.py:115} INFO - [2022-09-02T12:02:16.047+0000] {dag.py:2429} INFO - Sync 1 DAGs
[2022-09-02T12:02:16.065+0000] {logging_mixin.py:115} INFO - [2022-09-02T12:02:16.065+0000] {dag.py:2981} INFO - Setting next_dagrun for tutorial_taskflow_api_etl to None, run_after=None
[2022-09-02T12:02:16.074+0000] {processor.py:161} INFO - Processing /home/airflow/.local/lib/python3.7/site-packages/airflow/example_dags/tutorial_taskflow_api_etl.py took 0.065 seconds
[2022-09-02T12:02:47.029+0000] {processor.py:153} INFO - Started process (PID=6070) to work on /home/airflow/.local/lib/python3.7/site-packages/airflow/example_dags/tutorial_taskflow_api_etl.py
[2022-09-02T12:02:47.032+0000] {processor.py:640} INFO - Processing file /home/airflow/.local/lib/python3.7/site-packages/airflow/example_dags/tutorial_taskflow_api_etl.py for tasks to queue
[2022-09-02T12:02:47.033+0000] {logging_mixin.py:115} INFO - [2022-09-02T12:02:47.033+0000] {dagbag.py:508} INFO - Filling up the DagBag from /home/airflow/.local/lib/python3.7/site-packages/airflow/example_dags/tutorial_taskflow_api_etl.py
[2022-09-02T12:02:47.049+0000] {processor.py:650} INFO - DAG(s) dict_keys(['tutorial_taskflow_api_etl']) retrieved from /home/airflow/.local/lib/python3.7/site-packages/airflow/example_dags/tutorial_taskflow_api_etl.py
[2022-09-02T12:02:47.096+0000] {logging_mixin.py:115} INFO - [2022-09-02T12:02:47.096+0000] {dag.py:2429} INFO - Sync 1 DAGs
[2022-09-02T12:02:47.111+0000] {logging_mixin.py:115} INFO - [2022-09-02T12:02:47.111+0000] {dag.py:2981} INFO - Setting next_dagrun for tutorial_taskflow_api_etl to None, run_after=None
[2022-09-02T12:02:47.119+0000] {processor.py:161} INFO - Processing /home/airflow/.local/lib/python3.7/site-packages/airflow/example_dags/tutorial_taskflow_api_etl.py took 0.094 seconds
[2022-09-02T12:03:17.819+0000] {processor.py:153} INFO - Started process (PID=6267) to work on /home/airflow/.local/lib/python3.7/site-packages/airflow/example_dags/tutorial_taskflow_api_etl.py
[2022-09-02T12:03:17.821+0000] {processor.py:640} INFO - Processing file /home/airflow/.local/lib/python3.7/site-packages/airflow/example_dags/tutorial_taskflow_api_etl.py for tasks to queue
[2022-09-02T12:03:17.824+0000] {logging_mixin.py:115} INFO - [2022-09-02T12:03:17.824+0000] {dagbag.py:508} INFO - Filling up the DagBag from /home/airflow/.local/lib/python3.7/site-packages/airflow/example_dags/tutorial_taskflow_api_etl.py
[2022-09-02T12:03:17.837+0000] {processor.py:650} INFO - DAG(s) dict_keys(['tutorial_taskflow_api_etl']) retrieved from /home/airflow/.local/lib/python3.7/site-packages/airflow/example_dags/tutorial_taskflow_api_etl.py
[2022-09-02T12:03:17.877+0000] {logging_mixin.py:115} INFO - [2022-09-02T12:03:17.877+0000] {dag.py:2429} INFO - Sync 1 DAGs
[2022-09-02T12:03:17.890+0000] {logging_mixin.py:115} INFO - [2022-09-02T12:03:17.890+0000] {dag.py:2981} INFO - Setting next_dagrun for tutorial_taskflow_api_etl to None, run_after=None
[2022-09-02T12:03:17.899+0000] {processor.py:161} INFO - Processing /home/airflow/.local/lib/python3.7/site-packages/airflow/example_dags/tutorial_taskflow_api_etl.py took 0.082 seconds
[2022-09-02T12:03:48.600+0000] {processor.py:153} INFO - Started process (PID=6463) to work on /home/airflow/.local/lib/python3.7/site-packages/airflow/example_dags/tutorial_taskflow_api_etl.py
[2022-09-02T12:03:48.603+0000] {processor.py:640} INFO - Processing file /home/airflow/.local/lib/python3.7/site-packages/airflow/example_dags/tutorial_taskflow_api_etl.py for tasks to queue
[2022-09-02T12:03:48.606+0000] {logging_mixin.py:115} INFO - [2022-09-02T12:03:48.606+0000] {dagbag.py:508} INFO - Filling up the DagBag from /home/airflow/.local/lib/python3.7/site-packages/airflow/example_dags/tutorial_taskflow_api_etl.py
[2022-09-02T12:03:48.619+0000] {processor.py:650} INFO - DAG(s) dict_keys(['tutorial_taskflow_api_etl']) retrieved from /home/airflow/.local/lib/python3.7/site-packages/airflow/example_dags/tutorial_taskflow_api_etl.py
[2022-09-02T12:03:48.661+0000] {logging_mixin.py:115} INFO - [2022-09-02T12:03:48.661+0000] {dag.py:2429} INFO - Sync 1 DAGs
[2022-09-02T12:03:48.676+0000] {logging_mixin.py:115} INFO - [2022-09-02T12:03:48.676+0000] {dag.py:2981} INFO - Setting next_dagrun for tutorial_taskflow_api_etl to None, run_after=None
[2022-09-02T12:03:48.686+0000] {processor.py:161} INFO - Processing /home/airflow/.local/lib/python3.7/site-packages/airflow/example_dags/tutorial_taskflow_api_etl.py took 0.091 seconds
[2022-09-02T12:04:19.321+0000] {processor.py:153} INFO - Started process (PID=6660) to work on /home/airflow/.local/lib/python3.7/site-packages/airflow/example_dags/tutorial_taskflow_api_etl.py
[2022-09-02T12:04:19.325+0000] {processor.py:640} INFO - Processing file /home/airflow/.local/lib/python3.7/site-packages/airflow/example_dags/tutorial_taskflow_api_etl.py for tasks to queue
[2022-09-02T12:04:19.326+0000] {logging_mixin.py:115} INFO - [2022-09-02T12:04:19.326+0000] {dagbag.py:508} INFO - Filling up the DagBag from /home/airflow/.local/lib/python3.7/site-packages/airflow/example_dags/tutorial_taskflow_api_etl.py
[2022-09-02T12:04:19.339+0000] {processor.py:650} INFO - DAG(s) dict_keys(['tutorial_taskflow_api_etl']) retrieved from /home/airflow/.local/lib/python3.7/site-packages/airflow/example_dags/tutorial_taskflow_api_etl.py
[2022-09-02T12:04:19.381+0000] {logging_mixin.py:115} INFO - [2022-09-02T12:04:19.381+0000] {dag.py:2429} INFO - Sync 1 DAGs
[2022-09-02T12:04:19.394+0000] {logging_mixin.py:115} INFO - [2022-09-02T12:04:19.394+0000] {dag.py:2981} INFO - Setting next_dagrun for tutorial_taskflow_api_etl to None, run_after=None
[2022-09-02T12:04:19.406+0000] {processor.py:161} INFO - Processing /home/airflow/.local/lib/python3.7/site-packages/airflow/example_dags/tutorial_taskflow_api_etl.py took 0.089 seconds
[2022-09-02T12:04:50.118+0000] {processor.py:153} INFO - Started process (PID=6858) to work on /home/airflow/.local/lib/python3.7/site-packages/airflow/example_dags/tutorial_taskflow_api_etl.py
[2022-09-02T12:04:50.120+0000] {processor.py:640} INFO - Processing file /home/airflow/.local/lib/python3.7/site-packages/airflow/example_dags/tutorial_taskflow_api_etl.py for tasks to queue
[2022-09-02T12:04:50.122+0000] {logging_mixin.py:115} INFO - [2022-09-02T12:04:50.122+0000] {dagbag.py:508} INFO - Filling up the DagBag from /home/airflow/.local/lib/python3.7/site-packages/airflow/example_dags/tutorial_taskflow_api_etl.py
[2022-09-02T12:04:50.135+0000] {processor.py:650} INFO - DAG(s) dict_keys(['tutorial_taskflow_api_etl']) retrieved from /home/airflow/.local/lib/python3.7/site-packages/airflow/example_dags/tutorial_taskflow_api_etl.py
[2022-09-02T12:04:50.180+0000] {logging_mixin.py:115} INFO - [2022-09-02T12:04:50.180+0000] {dag.py:2429} INFO - Sync 1 DAGs
[2022-09-02T12:04:50.194+0000] {logging_mixin.py:115} INFO - [2022-09-02T12:04:50.194+0000] {dag.py:2981} INFO - Setting next_dagrun for tutorial_taskflow_api_etl to None, run_after=None
[2022-09-02T12:04:50.204+0000] {processor.py:161} INFO - Processing /home/airflow/.local/lib/python3.7/site-packages/airflow/example_dags/tutorial_taskflow_api_etl.py took 0.089 seconds
[2022-09-02T12:05:20.950+0000] {processor.py:153} INFO - Started process (PID=7056) to work on /home/airflow/.local/lib/python3.7/site-packages/airflow/example_dags/tutorial_taskflow_api_etl.py
[2022-09-02T12:05:20.952+0000] {processor.py:640} INFO - Processing file /home/airflow/.local/lib/python3.7/site-packages/airflow/example_dags/tutorial_taskflow_api_etl.py for tasks to queue
[2022-09-02T12:05:20.954+0000] {logging_mixin.py:115} INFO - [2022-09-02T12:05:20.954+0000] {dagbag.py:508} INFO - Filling up the DagBag from /home/airflow/.local/lib/python3.7/site-packages/airflow/example_dags/tutorial_taskflow_api_etl.py
[2022-09-02T12:05:20.969+0000] {processor.py:650} INFO - DAG(s) dict_keys(['tutorial_taskflow_api_etl']) retrieved from /home/airflow/.local/lib/python3.7/site-packages/airflow/example_dags/tutorial_taskflow_api_etl.py
[2022-09-02T12:05:20.995+0000] {logging_mixin.py:115} INFO - [2022-09-02T12:05:20.995+0000] {dag.py:2429} INFO - Sync 1 DAGs
[2022-09-02T12:05:21.018+0000] {logging_mixin.py:115} INFO - [2022-09-02T12:05:21.018+0000] {dag.py:2981} INFO - Setting next_dagrun for tutorial_taskflow_api_etl to None, run_after=None
[2022-09-02T12:05:21.030+0000] {processor.py:161} INFO - Processing /home/airflow/.local/lib/python3.7/site-packages/airflow/example_dags/tutorial_taskflow_api_etl.py took 0.083 seconds
[2022-09-02T12:05:51.727+0000] {processor.py:153} INFO - Started process (PID=7244) to work on /home/airflow/.local/lib/python3.7/site-packages/airflow/example_dags/tutorial_taskflow_api_etl.py
[2022-09-02T12:05:51.730+0000] {processor.py:640} INFO - Processing file /home/airflow/.local/lib/python3.7/site-packages/airflow/example_dags/tutorial_taskflow_api_etl.py for tasks to queue
[2022-09-02T12:05:51.731+0000] {logging_mixin.py:115} INFO - [2022-09-02T12:05:51.731+0000] {dagbag.py:508} INFO - Filling up the DagBag from /home/airflow/.local/lib/python3.7/site-packages/airflow/example_dags/tutorial_taskflow_api_etl.py
[2022-09-02T12:05:51.742+0000] {processor.py:650} INFO - DAG(s) dict_keys(['tutorial_taskflow_api_etl']) retrieved from /home/airflow/.local/lib/python3.7/site-packages/airflow/example_dags/tutorial_taskflow_api_etl.py
[2022-09-02T12:05:51.790+0000] {logging_mixin.py:115} INFO - [2022-09-02T12:05:51.789+0000] {dag.py:2429} INFO - Sync 1 DAGs
[2022-09-02T12:05:51.805+0000] {logging_mixin.py:115} INFO - [2022-09-02T12:05:51.805+0000] {dag.py:2981} INFO - Setting next_dagrun for tutorial_taskflow_api_etl to None, run_after=None
[2022-09-02T12:05:51.815+0000] {processor.py:161} INFO - Processing /home/airflow/.local/lib/python3.7/site-packages/airflow/example_dags/tutorial_taskflow_api_etl.py took 0.091 seconds
[2022-09-02T12:06:22.596+0000] {processor.py:153} INFO - Started process (PID=7442) to work on /home/airflow/.local/lib/python3.7/site-packages/airflow/example_dags/tutorial_taskflow_api_etl.py
[2022-09-02T12:06:22.598+0000] {processor.py:640} INFO - Processing file /home/airflow/.local/lib/python3.7/site-packages/airflow/example_dags/tutorial_taskflow_api_etl.py for tasks to queue
[2022-09-02T12:06:22.600+0000] {logging_mixin.py:115} INFO - [2022-09-02T12:06:22.600+0000] {dagbag.py:508} INFO - Filling up the DagBag from /home/airflow/.local/lib/python3.7/site-packages/airflow/example_dags/tutorial_taskflow_api_etl.py
[2022-09-02T12:06:22.613+0000] {processor.py:650} INFO - DAG(s) dict_keys(['tutorial_taskflow_api_etl']) retrieved from /home/airflow/.local/lib/python3.7/site-packages/airflow/example_dags/tutorial_taskflow_api_etl.py
[2022-09-02T12:06:22.653+0000] {logging_mixin.py:115} INFO - [2022-09-02T12:06:22.653+0000] {dag.py:2429} INFO - Sync 1 DAGs
[2022-09-02T12:06:22.665+0000] {logging_mixin.py:115} INFO - [2022-09-02T12:06:22.665+0000] {dag.py:2981} INFO - Setting next_dagrun for tutorial_taskflow_api_etl to None, run_after=None
[2022-09-02T12:06:22.675+0000] {processor.py:161} INFO - Processing /home/airflow/.local/lib/python3.7/site-packages/airflow/example_dags/tutorial_taskflow_api_etl.py took 0.084 seconds
[2022-09-02T12:06:53.384+0000] {processor.py:153} INFO - Started process (PID=7638) to work on /home/airflow/.local/lib/python3.7/site-packages/airflow/example_dags/tutorial_taskflow_api_etl.py
[2022-09-02T12:06:53.386+0000] {processor.py:640} INFO - Processing file /home/airflow/.local/lib/python3.7/site-packages/airflow/example_dags/tutorial_taskflow_api_etl.py for tasks to queue
[2022-09-02T12:06:53.387+0000] {logging_mixin.py:115} INFO - [2022-09-02T12:06:53.387+0000] {dagbag.py:508} INFO - Filling up the DagBag from /home/airflow/.local/lib/python3.7/site-packages/airflow/example_dags/tutorial_taskflow_api_etl.py
[2022-09-02T12:06:53.398+0000] {processor.py:650} INFO - DAG(s) dict_keys(['tutorial_taskflow_api_etl']) retrieved from /home/airflow/.local/lib/python3.7/site-packages/airflow/example_dags/tutorial_taskflow_api_etl.py
[2022-09-02T12:06:53.440+0000] {logging_mixin.py:115} INFO - [2022-09-02T12:06:53.440+0000] {dag.py:2429} INFO - Sync 1 DAGs
[2022-09-02T12:06:53.453+0000] {logging_mixin.py:115} INFO - [2022-09-02T12:06:53.453+0000] {dag.py:2981} INFO - Setting next_dagrun for tutorial_taskflow_api_etl to None, run_after=None
[2022-09-02T12:06:53.464+0000] {processor.py:161} INFO - Processing /home/airflow/.local/lib/python3.7/site-packages/airflow/example_dags/tutorial_taskflow_api_etl.py took 0.084 seconds
[2022-09-02T12:07:24.239+0000] {processor.py:153} INFO - Started process (PID=7834) to work on /home/airflow/.local/lib/python3.7/site-packages/airflow/example_dags/tutorial_taskflow_api_etl.py
[2022-09-02T12:07:24.242+0000] {processor.py:640} INFO - Processing file /home/airflow/.local/lib/python3.7/site-packages/airflow/example_dags/tutorial_taskflow_api_etl.py for tasks to queue
[2022-09-02T12:07:24.243+0000] {logging_mixin.py:115} INFO - [2022-09-02T12:07:24.243+0000] {dagbag.py:508} INFO - Filling up the DagBag from /home/airflow/.local/lib/python3.7/site-packages/airflow/example_dags/tutorial_taskflow_api_etl.py
[2022-09-02T12:07:24.259+0000] {processor.py:650} INFO - DAG(s) dict_keys(['tutorial_taskflow_api_etl']) retrieved from /home/airflow/.local/lib/python3.7/site-packages/airflow/example_dags/tutorial_taskflow_api_etl.py
[2022-09-02T12:07:24.312+0000] {logging_mixin.py:115} INFO - [2022-09-02T12:07:24.311+0000] {dag.py:2429} INFO - Sync 1 DAGs
[2022-09-02T12:07:24.326+0000] {logging_mixin.py:115} INFO - [2022-09-02T12:07:24.326+0000] {dag.py:2981} INFO - Setting next_dagrun for tutorial_taskflow_api_etl to None, run_after=None
[2022-09-02T12:07:24.337+0000] {processor.py:161} INFO - Processing /home/airflow/.local/lib/python3.7/site-packages/airflow/example_dags/tutorial_taskflow_api_etl.py took 0.102 seconds
[2022-09-02T12:07:55.278+0000] {processor.py:153} INFO - Started process (PID=8032) to work on /home/airflow/.local/lib/python3.7/site-packages/airflow/example_dags/tutorial_taskflow_api_etl.py
[2022-09-02T12:07:55.280+0000] {processor.py:640} INFO - Processing file /home/airflow/.local/lib/python3.7/site-packages/airflow/example_dags/tutorial_taskflow_api_etl.py for tasks to queue
[2022-09-02T12:07:55.281+0000] {logging_mixin.py:115} INFO - [2022-09-02T12:07:55.281+0000] {dagbag.py:508} INFO - Filling up the DagBag from /home/airflow/.local/lib/python3.7/site-packages/airflow/example_dags/tutorial_taskflow_api_etl.py
[2022-09-02T12:07:55.293+0000] {processor.py:650} INFO - DAG(s) dict_keys(['tutorial_taskflow_api_etl']) retrieved from /home/airflow/.local/lib/python3.7/site-packages/airflow/example_dags/tutorial_taskflow_api_etl.py
[2022-09-02T12:07:55.336+0000] {logging_mixin.py:115} INFO - [2022-09-02T12:07:55.336+0000] {dag.py:2429} INFO - Sync 1 DAGs
[2022-09-02T12:07:55.350+0000] {logging_mixin.py:115} INFO - [2022-09-02T12:07:55.349+0000] {dag.py:2981} INFO - Setting next_dagrun for tutorial_taskflow_api_etl to None, run_after=None
[2022-09-02T12:07:55.361+0000] {processor.py:161} INFO - Processing /home/airflow/.local/lib/python3.7/site-packages/airflow/example_dags/tutorial_taskflow_api_etl.py took 0.087 seconds
