[2022-09-02T12:02:11.714+0000] {taskinstance.py:1171} INFO - Dependencies all met for <TaskInstance: example_bash_operator.runme_2 scheduled__2022-09-01T00:00:00+00:00 [queued]>
[2022-09-02T12:02:11.724+0000] {taskinstance.py:1171} INFO - Dependencies all met for <TaskInstance: example_bash_operator.runme_2 scheduled__2022-09-01T00:00:00+00:00 [queued]>
[2022-09-02T12:02:11.725+0000] {taskinstance.py:1368} INFO - 
--------------------------------------------------------------------------------
[2022-09-02T12:02:11.726+0000] {taskinstance.py:1369} INFO - Starting attempt 1 of 1
[2022-09-02T12:02:11.727+0000] {taskinstance.py:1370} INFO - 
--------------------------------------------------------------------------------
[2022-09-02T12:02:11.738+0000] {taskinstance.py:1389} INFO - Executing <Task(BashOperator): runme_2> on 2022-09-01 00:00:00+00:00
[2022-09-02T12:02:11.743+0000] {standard_task_runner.py:52} INFO - Started process 5844 to run task
[2022-09-02T12:02:11.747+0000] {standard_task_runner.py:79} INFO - Running: ['***', 'tasks', 'run', 'example_bash_operator', 'runme_2', 'scheduled__2022-09-01T00:00:00+00:00', '--job-id', '6', '--raw', '--subdir', '/home/***/.local/lib/python3.7/site-packages/***/example_dags/example_bash_operator.py', '--cfg-path', '/tmp/tmp3h1dkv03', '--error-file', '/tmp/tmph2iphi9u']
[2022-09-02T12:02:11.750+0000] {standard_task_runner.py:80} INFO - Job 6: Subtask runme_2
[2022-09-02T12:02:11.839+0000] {task_command.py:371} INFO - Running <TaskInstance: example_bash_operator.runme_2 scheduled__2022-09-01T00:00:00+00:00 [running]> on host f26703840679
[2022-09-02T12:02:11.919+0000] {taskinstance.py:1583} INFO - Exporting the following env vars:
AIRFLOW_CTX_DAG_OWNER=***
AIRFLOW_CTX_DAG_ID=example_bash_operator
AIRFLOW_CTX_TASK_ID=runme_2
AIRFLOW_CTX_EXECUTION_DATE=2022-09-01T00:00:00+00:00
AIRFLOW_CTX_TRY_NUMBER=1
AIRFLOW_CTX_DAG_RUN_ID=scheduled__2022-09-01T00:00:00+00:00
[2022-09-02T12:02:11.921+0000] {subprocess.py:62} INFO - Tmp dir root location: 
 /tmp
[2022-09-02T12:02:11.925+0000] {subprocess.py:74} INFO - Running command: ['/bin/bash', '-c', 'echo "example_bash_operator__runme_2__20220901" && sleep 1']
[2022-09-02T12:02:11.937+0000] {subprocess.py:85} INFO - Output:
[2022-09-02T12:02:11.938+0000] {subprocess.py:92} INFO - example_bash_operator__runme_2__20220901
[2022-09-02T12:02:12.938+0000] {subprocess.py:96} INFO - Command exited with return code 0
[2022-09-02T12:02:12.968+0000] {taskinstance.py:1412} INFO - Marking task as SUCCESS. dag_id=example_bash_operator, task_id=runme_2, execution_date=20220901T000000, start_date=20220902T120211, end_date=20220902T120212
[2022-09-02T12:02:13.018+0000] {local_task_job.py:156} INFO - Task exited with return code 0
[2022-09-02T12:02:13.047+0000] {local_task_job.py:279} INFO - 1 downstream tasks scheduled from follow-on schedule check
