[2022-09-02T12:02:11.660+0000] {taskinstance.py:1171} INFO - Dependencies all met for <TaskInstance: example_bash_operator.also_run_this scheduled__2022-09-01T00:00:00+00:00 [queued]>
[2022-09-02T12:02:11.667+0000] {taskinstance.py:1171} INFO - Dependencies all met for <TaskInstance: example_bash_operator.also_run_this scheduled__2022-09-01T00:00:00+00:00 [queued]>
[2022-09-02T12:02:11.668+0000] {taskinstance.py:1368} INFO - 
--------------------------------------------------------------------------------
[2022-09-02T12:02:11.669+0000] {taskinstance.py:1369} INFO - Starting attempt 1 of 1
[2022-09-02T12:02:11.670+0000] {taskinstance.py:1370} INFO - 
--------------------------------------------------------------------------------
[2022-09-02T12:02:11.678+0000] {taskinstance.py:1389} INFO - Executing <Task(BashOperator): also_run_this> on 2022-09-01 00:00:00+00:00
[2022-09-02T12:02:11.683+0000] {standard_task_runner.py:52} INFO - Started process 5842 to run task
[2022-09-02T12:02:11.687+0000] {standard_task_runner.py:79} INFO - Running: ['***', 'tasks', 'run', 'example_bash_operator', 'also_run_this', 'scheduled__2022-09-01T00:00:00+00:00', '--job-id', '5', '--raw', '--subdir', '/home/***/.local/lib/python3.7/site-packages/***/example_dags/example_bash_operator.py', '--cfg-path', '/tmp/tmpvwfx63ga', '--error-file', '/tmp/tmpm_dh29_r']
[2022-09-02T12:02:11.689+0000] {standard_task_runner.py:80} INFO - Job 5: Subtask also_run_this
[2022-09-02T12:02:11.768+0000] {task_command.py:371} INFO - Running <TaskInstance: example_bash_operator.also_run_this scheduled__2022-09-01T00:00:00+00:00 [running]> on host f26703840679
[2022-09-02T12:02:11.847+0000] {taskinstance.py:1583} INFO - Exporting the following env vars:
AIRFLOW_CTX_DAG_OWNER=***
AIRFLOW_CTX_DAG_ID=example_bash_operator
AIRFLOW_CTX_TASK_ID=also_run_this
AIRFLOW_CTX_EXECUTION_DATE=2022-09-01T00:00:00+00:00
AIRFLOW_CTX_TRY_NUMBER=1
AIRFLOW_CTX_DAG_RUN_ID=scheduled__2022-09-01T00:00:00+00:00
[2022-09-02T12:02:11.849+0000] {subprocess.py:62} INFO - Tmp dir root location: 
 /tmp
[2022-09-02T12:02:11.850+0000] {subprocess.py:74} INFO - Running command: ['/bin/bash', '-c', 'echo "run_id=scheduled__2022-09-01T00:00:00+00:00 | dag_run=<DagRun example_bash_operator @ 2022-09-01 00:00:00+00:00: scheduled__2022-09-01T00:00:00+00:00, state:running, queued_at: 2022-09-02 12:02:10.991321+00:00. externally triggered: False>"']
[2022-09-02T12:02:11.862+0000] {subprocess.py:85} INFO - Output:
[2022-09-02T12:02:11.866+0000] {subprocess.py:92} INFO - run_id=scheduled__2022-09-01T00:00:00+00:00 | dag_run=<DagRun example_bash_operator @ 2022-09-01 00:00:00+00:00: scheduled__2022-09-01T00:00:00+00:00, state:running, queued_at: 2022-09-02 12:02:10.991321+00:00. externally triggered: False>
[2022-09-02T12:02:11.867+0000] {subprocess.py:96} INFO - Command exited with return code 0
[2022-09-02T12:02:11.901+0000] {taskinstance.py:1412} INFO - Marking task as SUCCESS. dag_id=example_bash_operator, task_id=also_run_this, execution_date=20220901T000000, start_date=20220902T120211, end_date=20220902T120211
[2022-09-02T12:02:11.942+0000] {local_task_job.py:156} INFO - Task exited with return code 0
[2022-09-02T12:02:11.975+0000] {local_task_job.py:279} INFO - 0 downstream tasks scheduled from follow-on schedule check
